[2022-11-24 22:35:31,674] [INFO] [optimize] Starting learning
[2022-11-24 22:35:31,685] [INFO] [optimize] Starting learning process..
[2022-11-24 22:35:31,775] [INFO] [runner_train_mujoco] Starting simulation batch with mujoco.
[2022-11-24 22:35:31,776] [INFO] [runner_train_mujoco] Environment 0
[2022-11-24 22:35:40,939] [INFO] [runner_train_mujoco] Environment 1
[2022-11-24 22:35:48,722] [INFO] [runner_train_mujoco] Environment 2
[2022-11-24 22:35:56,822] [INFO] [runner_train_mujoco] Environment 3
[2022-11-24 22:36:04,565] [INFO] [runner_train_mujoco] Environment 4
[2022-11-24 22:36:12,364] [INFO] [runner_train_mujoco] Environment 5
[2022-11-24 22:36:19,675] [INFO] [runner_train_mujoco] Environment 6
[2022-11-24 22:36:26,950] [INFO] [runner_train_mujoco] Environment 7
[2022-11-24 22:36:34,201] [INFO] [runner_train_mujoco] Environment 8
[2022-11-24 22:36:41,887] [INFO] [runner_train_mujoco] Environment 9
[2022-11-24 22:36:49,008] [INFO] [runner_train_mujoco] Average cumulative reward after 150 steps: 0.43591892217832207
[2022-11-24 22:36:49,008] [INFO] [runner_train_mujoco] Average state value: -0.006662860958526531
[2022-11-24 22:36:49,009] [INFO] [controller] ITERATION NUM: 1
[2022-11-24 22:36:49,073] [INFO] [controller] EPOCH 1 loss ppo:  -0.01099, loss val: 0.38654
[2022-11-24 22:36:49,122] [INFO] [controller] EPOCH 2 loss ppo:  -0.04051, loss val: 0.35024
[2022-11-24 22:36:49,174] [INFO] [controller] EPOCH 3 loss ppo:  -0.05342, loss val: 0.29452
[2022-11-24 22:36:49,226] [INFO] [controller] EPOCH 4 loss ppo:  -0.06110, loss val: 0.26722
[2022-11-24 22:36:49,238] [INFO] [runner_train_mujoco] Finished batch.
[2022-11-24 22:36:49,309] [INFO] [runner_train_mujoco] Starting simulation batch with mujoco.
[2022-11-24 22:36:49,310] [INFO] [runner_train_mujoco] Environment 0
[2022-11-24 22:36:56,499] [INFO] [runner_train_mujoco] Environment 1
[2022-11-24 22:37:03,868] [INFO] [runner_train_mujoco] Environment 2
[2022-11-24 22:37:10,612] [INFO] [runner_train_mujoco] Environment 3
[2022-11-24 22:37:17,709] [INFO] [runner_train_mujoco] Environment 4
[2022-11-24 22:37:24,543] [INFO] [runner_train_mujoco] Environment 5
[2022-11-24 22:37:31,407] [INFO] [runner_train_mujoco] Environment 6
[2022-11-24 22:37:39,103] [INFO] [runner_train_mujoco] Environment 7
[2022-11-24 22:37:45,996] [INFO] [runner_train_mujoco] Environment 8
[2022-11-24 22:37:52,863] [INFO] [runner_train_mujoco] Environment 9
[2022-11-24 22:38:00,199] [INFO] [runner_train_mujoco] Average cumulative reward after 150 steps: 0.546863506556664
[2022-11-24 22:38:00,200] [INFO] [runner_train_mujoco] Average state value: 0.18686660452311238
[2022-11-24 22:38:00,200] [INFO] [controller] ITERATION NUM: 2
[2022-11-24 22:38:00,299] [INFO] [controller] EPOCH 1 loss ppo:  -0.01520, loss val: 0.20711
[2022-11-24 22:38:00,359] [INFO] [controller] EPOCH 2 loss ppo:  -0.04039, loss val: 0.18473
[2022-11-24 22:38:00,414] [INFO] [controller] EPOCH 3 loss ppo:  -0.05280, loss val: 0.17047
[2022-11-24 22:38:00,469] [INFO] [controller] EPOCH 4 loss ppo:  -0.06134, loss val: 0.15257
[2022-11-24 22:38:00,480] [INFO] [runner_train_mujoco] Finished batch.
[2022-11-24 22:38:00,554] [INFO] [runner_train_mujoco] Starting simulation batch with mujoco.
[2022-11-24 22:38:00,554] [INFO] [runner_train_mujoco] Environment 0
[2022-11-24 22:38:08,386] [INFO] [runner_train_mujoco] Environment 1
[2022-11-24 22:38:15,435] [INFO] [runner_train_mujoco] Environment 2
[2022-11-24 22:38:21,980] [INFO] [runner_train_mujoco] Environment 3
[2022-11-24 22:38:28,883] [INFO] [runner_train_mujoco] Environment 4
[2022-11-24 22:38:35,570] [INFO] [runner_train_mujoco] Environment 5
[2022-11-24 22:38:42,519] [INFO] [runner_train_mujoco] Environment 6
[2022-11-24 22:38:50,018] [INFO] [runner_train_mujoco] Environment 7
[2022-11-24 22:38:56,779] [INFO] [runner_train_mujoco] Environment 8
[2022-11-24 22:39:03,580] [INFO] [runner_train_mujoco] Environment 9
[2022-11-24 22:39:10,241] [INFO] [runner_train_mujoco] Average cumulative reward after 150 steps: 0.45182831907877113
[2022-11-24 22:39:10,241] [INFO] [runner_train_mujoco] Average state value: 0.3467386221569031
[2022-11-24 22:39:10,241] [INFO] [controller] ITERATION NUM: 3
[2022-11-24 22:39:10,298] [INFO] [controller] EPOCH 1 loss ppo:  -0.01282, loss val: 0.15448
[2022-11-24 22:39:10,349] [INFO] [controller] EPOCH 2 loss ppo:  -0.03462, loss val: 0.13765
[2022-11-24 22:39:10,401] [INFO] [controller] EPOCH 3 loss ppo:  -0.04688, loss val: 0.12721
[2022-11-24 22:39:10,450] [INFO] [controller] EPOCH 4 loss ppo:  -0.05659, loss val: 0.11564
[2022-11-24 22:39:10,459] [INFO] [runner_train_mujoco] Finished batch.
[2022-11-24 22:39:10,531] [INFO] [runner_train_mujoco] Starting simulation batch with mujoco.
[2022-11-24 22:39:10,532] [INFO] [runner_train_mujoco] Environment 0
[2022-11-24 22:39:17,153] [INFO] [runner_train_mujoco] Environment 1
[2022-11-24 22:39:24,057] [INFO] [runner_train_mujoco] Environment 2
[2022-11-24 22:39:33,131] [INFO] [runner_train_mujoco] Environment 3
[2022-11-24 22:39:42,118] [INFO] [runner_train_mujoco] Environment 4
[2022-11-24 22:39:50,588] [INFO] [runner_train_mujoco] Environment 5
[2022-11-24 22:39:59,389] [INFO] [runner_train_mujoco] Environment 6
[2022-11-24 22:40:08,568] [INFO] [runner_train_mujoco] Environment 7
[2022-11-24 22:40:17,578] [INFO] [runner_train_mujoco] Environment 8
[2022-11-24 22:40:26,456] [INFO] [runner_train_mujoco] Environment 9
[2022-11-24 22:40:35,585] [INFO] [runner_train_mujoco] Average cumulative reward after 150 steps: 0.35006438788589495
[2022-11-24 22:40:35,585] [INFO] [runner_train_mujoco] Average state value: 0.4553492159595091
[2022-11-24 22:40:35,585] [INFO] [controller] ITERATION NUM: 4
[2022-11-24 22:40:35,675] [INFO] [controller] EPOCH 1 loss ppo:  -0.01244, loss val: 0.12723
[2022-11-24 22:40:35,750] [INFO] [controller] EPOCH 2 loss ppo:  -0.03633, loss val: 0.11601
[2022-11-24 22:40:35,823] [INFO] [controller] EPOCH 3 loss ppo:  -0.04908, loss val: 0.10558
[2022-11-24 22:40:35,893] [INFO] [controller] EPOCH 4 loss ppo:  -0.05516, loss val: 0.09584
[2022-11-24 22:40:35,906] [INFO] [runner_train_mujoco] Finished batch.
[2022-11-24 22:40:36,012] [INFO] [runner_train_mujoco] Starting simulation batch with mujoco.
[2022-11-24 22:40:36,013] [INFO] [runner_train_mujoco] Environment 0
[2022-11-24 22:40:45,501] [INFO] [runner_train_mujoco] Environment 1
[2022-11-24 22:40:54,474] [INFO] [runner_train_mujoco] Environment 2
[2022-11-24 22:41:03,351] [INFO] [runner_train_mujoco] Environment 3
[2022-11-24 22:41:12,903] [INFO] [runner_train_mujoco] Environment 4
[2022-11-24 22:41:21,733] [INFO] [runner_train_mujoco] Environment 5
[2022-11-24 22:41:30,221] [INFO] [runner_train_mujoco] Environment 6
[2022-11-24 22:41:38,951] [INFO] [runner_train_mujoco] Environment 7
[2022-11-24 22:41:48,439] [INFO] [runner_train_mujoco] Environment 8
[2022-11-24 22:41:57,611] [INFO] [runner_train_mujoco] Environment 9
[2022-11-24 22:42:06,268] [INFO] [runner_train_mujoco] Average cumulative reward after 150 steps: 0.5017476048722795
[2022-11-24 22:42:06,269] [INFO] [runner_train_mujoco] Average state value: 0.5993790969687203
[2022-11-24 22:42:06,269] [INFO] [controller] ITERATION NUM: 5
[2022-11-24 22:42:06,362] [INFO] [controller] EPOCH 1 loss ppo:  -0.01168, loss val: 0.08400
[2022-11-24 22:42:06,427] [INFO] [controller] EPOCH 2 loss ppo:  -0.03611, loss val: 0.08352
[2022-11-24 22:42:06,491] [INFO] [controller] EPOCH 3 loss ppo:  -0.04858, loss val: 0.07837
[2022-11-24 22:42:06,559] [INFO] [controller] EPOCH 4 loss ppo:  -0.05471, loss val: 0.07962
[2022-11-24 22:42:06,571] [INFO] [runner_train_mujoco] Finished batch.
[2022-11-24 22:42:06,665] [INFO] [runner_train_mujoco] Starting simulation batch with mujoco.
[2022-11-24 22:42:06,666] [INFO] [runner_train_mujoco] Environment 0
[2022-11-24 22:42:15,691] [INFO] [runner_train_mujoco] Environment 1
[2022-11-24 22:42:24,179] [INFO] [runner_train_mujoco] Environment 2
[2022-11-24 22:42:33,660] [INFO] [runner_train_mujoco] Environment 3
[2022-11-24 22:42:42,226] [INFO] [runner_train_mujoco] Environment 4
[2022-11-24 22:42:50,965] [INFO] [runner_train_mujoco] Environment 5
[2022-11-24 22:43:00,174] [INFO] [runner_train_mujoco] Environment 6
[2022-11-24 22:43:09,472] [INFO] [runner_train_mujoco] Environment 7
[2022-11-24 22:43:18,452] [INFO] [runner_train_mujoco] Environment 8
[2022-11-24 22:43:26,996] [INFO] [runner_train_mujoco] Environment 9
[2022-11-24 22:43:35,718] [INFO] [runner_train_mujoco] Average cumulative reward after 150 steps: 0.4464315191434195
[2022-11-24 22:43:35,718] [INFO] [runner_train_mujoco] Average state value: 0.6429683307744563
[2022-11-24 22:43:35,719] [INFO] [controller] ITERATION NUM: 6
[2022-11-24 22:43:35,798] [INFO] [controller] EPOCH 1 loss ppo:  -0.01060, loss val: 0.08218
[2022-11-24 22:43:35,860] [INFO] [controller] EPOCH 2 loss ppo:  -0.03398, loss val: 0.07811
[2022-11-24 22:43:35,935] [INFO] [controller] EPOCH 3 loss ppo:  -0.04528, loss val: 0.07299
[2022-11-24 22:43:36,011] [INFO] [controller] EPOCH 4 loss ppo:  -0.05448, loss val: 0.06891
[2022-11-24 22:43:36,024] [INFO] [runner_train_mujoco] Finished batch.
[2022-11-24 22:43:36,124] [INFO] [runner_train_mujoco] Starting simulation batch with mujoco.
[2022-11-24 22:43:36,125] [INFO] [runner_train_mujoco] Environment 0
[2022-11-24 22:43:45,190] [INFO] [runner_train_mujoco] Environment 1
[2022-11-24 22:43:54,177] [INFO] [runner_train_mujoco] Environment 2
[2022-11-24 22:44:03,811] [INFO] [runner_train_mujoco] Environment 3
[2022-11-24 22:44:13,399] [INFO] [runner_train_mujoco] Environment 4
[2022-11-24 22:44:24,368] [INFO] [runner_train_mujoco] Environment 5
[2022-11-24 22:44:34,049] [INFO] [runner_train_mujoco] Environment 6
[2022-11-24 22:44:43,978] [INFO] [runner_train_mujoco] Environment 7
[2022-11-24 22:44:57,418] [INFO] [runner_train_mujoco] Environment 8
[2022-11-24 22:45:08,350] [INFO] [runner_train_mujoco] Environment 9
[2022-11-24 22:45:19,425] [INFO] [runner_train_mujoco] Average cumulative reward after 150 steps: 0.5091972761302435
[2022-11-24 22:45:19,426] [INFO] [runner_train_mujoco] Average state value: 0.593757445304344
[2022-11-24 22:45:19,426] [INFO] [controller] ITERATION NUM: 7
[2022-11-24 22:45:19,523] [INFO] [controller] EPOCH 1 loss ppo:  -0.01171, loss val: 0.06749
[2022-11-24 22:45:19,606] [INFO] [controller] EPOCH 2 loss ppo:  -0.03195, loss val: 0.06450
[2022-11-24 22:45:19,682] [INFO] [controller] EPOCH 3 loss ppo:  -0.04415, loss val: 0.06351
[2022-11-24 22:45:19,765] [INFO] [controller] EPOCH 4 loss ppo:  -0.05093, loss val: 0.06081
[2022-11-24 22:45:19,779] [INFO] [runner_train_mujoco] Finished batch.
[2022-11-24 22:45:19,883] [INFO] [runner_train_mujoco] Starting simulation batch with mujoco.
[2022-11-24 22:45:19,884] [INFO] [runner_train_mujoco] Environment 0
[2022-11-24 22:45:31,055] [INFO] [runner_train_mujoco] Environment 1
[2022-11-24 22:45:41,834] [INFO] [runner_train_mujoco] Environment 2
[2022-11-24 22:45:51,761] [INFO] [runner_train_mujoco] Environment 3
[2022-11-24 22:46:01,440] [INFO] [runner_train_mujoco] Environment 4
[2022-11-24 22:46:10,616] [INFO] [runner_train_mujoco] Environment 5
[2022-11-24 22:46:20,083] [INFO] [runner_train_mujoco] Environment 6
[2022-11-24 22:46:29,776] [INFO] [runner_train_mujoco] Environment 7
[2022-11-24 22:46:39,781] [INFO] [runner_train_mujoco] Environment 8
[2022-11-24 22:46:49,358] [INFO] [runner_train_mujoco] Environment 9
[2022-11-24 22:46:58,940] [INFO] [runner_train_mujoco] Average cumulative reward after 150 steps: 0.5139911718563808
[2022-11-24 22:46:58,941] [INFO] [runner_train_mujoco] Average state value: 0.5299212717612584
[2022-11-24 22:46:58,942] [INFO] [controller] ITERATION NUM: 8
[2022-11-24 22:46:59,144] [INFO] [controller] EPOCH 1 loss ppo:  -0.01074, loss val: 0.05807
[2022-11-24 22:46:59,274] [INFO] [controller] EPOCH 2 loss ppo:  -0.03902, loss val: 0.05430
[2022-11-24 22:46:59,383] [INFO] [controller] EPOCH 3 loss ppo:  -0.05180, loss val: 0.05359
[2022-11-24 22:46:59,488] [INFO] [controller] EPOCH 4 loss ppo:  -0.05900, loss val: 0.05156
[2022-11-24 22:46:59,503] [INFO] [runner_train_mujoco] Finished batch.
[2022-11-24 22:46:59,618] [INFO] [runner_train_mujoco] Starting simulation batch with mujoco.
[2022-11-24 22:46:59,625] [INFO] [runner_train_mujoco] Environment 0
[2022-11-24 22:47:08,838] [INFO] [runner_train_mujoco] Environment 1
[2022-11-24 22:47:17,568] [INFO] [runner_train_mujoco] Environment 2
[2022-11-24 22:47:25,108] [INFO] [runner_train_mujoco] Environment 3
[2022-11-24 22:47:33,119] [INFO] [runner_train_mujoco] Environment 4
[2022-11-24 22:47:41,566] [INFO] [runner_train_mujoco] Environment 5
[2022-11-24 22:47:49,465] [INFO] [runner_train_mujoco] Environment 6
[2022-11-24 22:47:57,799] [INFO] [runner_train_mujoco] Environment 7
[2022-11-24 22:48:05,876] [INFO] [runner_train_mujoco] Environment 8
[2022-11-24 22:48:14,276] [INFO] [runner_train_mujoco] Environment 9
[2022-11-24 22:48:22,997] [INFO] [runner_train_mujoco] Average cumulative reward after 150 steps: 0.49430400269332003
[2022-11-24 22:48:22,997] [INFO] [runner_train_mujoco] Average state value: 0.5000749189803998
[2022-11-24 22:48:22,998] [INFO] [controller] ITERATION NUM: 9
[2022-11-24 22:48:23,096] [INFO] [controller] EPOCH 1 loss ppo:  -0.01124, loss val: 0.05592
[2022-11-24 22:48:23,174] [INFO] [controller] EPOCH 2 loss ppo:  -0.03352, loss val: 0.05641
[2022-11-24 22:48:23,248] [INFO] [controller] EPOCH 3 loss ppo:  -0.04619, loss val: 0.05250
[2022-11-24 22:48:23,334] [INFO] [controller] EPOCH 4 loss ppo:  -0.05644, loss val: 0.05156
[2022-11-24 22:48:23,357] [INFO] [runner_train_mujoco] Finished batch.
[2022-11-24 22:48:23,466] [INFO] [runner_train_mujoco] Starting simulation batch with mujoco.
[2022-11-24 22:48:23,467] [INFO] [runner_train_mujoco] Environment 0
[2022-11-24 22:48:33,821] [INFO] [runner_train_mujoco] Environment 1
[2022-11-24 22:48:42,810] [INFO] [runner_train_mujoco] Environment 2
[2022-11-24 22:48:51,893] [INFO] [runner_train_mujoco] Environment 3
[2022-11-24 22:49:01,943] [INFO] [runner_train_mujoco] Environment 4
[2022-11-24 22:49:12,041] [INFO] [runner_train_mujoco] Environment 5
[2022-11-24 22:49:21,231] [INFO] [runner_train_mujoco] Environment 6
[2022-11-24 22:49:30,500] [INFO] [runner_train_mujoco] Environment 7
[2022-11-24 22:49:40,138] [INFO] [runner_train_mujoco] Environment 8
[2022-11-24 22:49:50,008] [INFO] [runner_train_mujoco] Environment 9
[2022-11-24 22:50:00,189] [INFO] [runner_train_mujoco] Average cumulative reward after 150 steps: 0.8462018725832673
[2022-11-24 22:50:00,190] [INFO] [runner_train_mujoco] Average state value: 0.5308472269997001
[2022-11-24 22:50:00,190] [INFO] [controller] ITERATION NUM: 10
[2022-11-24 22:50:00,352] [INFO] [controller] EPOCH 1 loss ppo:  -0.01343, loss val: 0.05025
[2022-11-24 22:50:00,429] [INFO] [controller] EPOCH 2 loss ppo:  -0.03422, loss val: 0.05008
[2022-11-24 22:50:00,521] [INFO] [controller] EPOCH 3 loss ppo:  -0.04560, loss val: 0.04773
[2022-11-24 22:50:00,631] [INFO] [controller] EPOCH 4 loss ppo:  -0.05681, loss val: 0.04694
[2022-11-24 22:50:00,647] [INFO] [runner_train_mujoco] Finished batch.
[2022-11-24 22:50:00,744] [INFO] [runner_train_mujoco] Starting simulation batch with mujoco.
[2022-11-24 22:50:00,745] [INFO] [runner_train_mujoco] Environment 0
[2022-11-24 22:50:08,827] [INFO] [runner_train_mujoco] Environment 1
[2022-11-24 22:50:17,232] [INFO] [runner_train_mujoco] Environment 2
[2022-11-24 22:50:24,951] [INFO] [runner_train_mujoco] Environment 3
[2022-11-24 22:50:32,425] [INFO] [runner_train_mujoco] Environment 4
[2022-11-24 22:50:40,419] [INFO] [runner_train_mujoco] Environment 5
[2022-11-24 22:50:52,261] [INFO] [runner_train_mujoco] Environment 6
[2022-11-24 22:51:02,234] [INFO] [runner_train_mujoco] Environment 7
[2022-11-24 22:51:11,761] [INFO] [runner_train_mujoco] Environment 8
[2022-11-24 22:51:21,597] [INFO] [runner_train_mujoco] Environment 9
[2022-11-24 22:51:30,939] [INFO] [runner_train_mujoco] Average cumulative reward after 150 steps: 0.7361395153048068
[2022-11-24 22:51:30,939] [INFO] [runner_train_mujoco] Average state value: 0.5748621163368226
[2022-11-24 22:51:30,939] [INFO] [controller] ITERATION NUM: 11
[2022-11-24 22:51:31,035] [INFO] [controller] EPOCH 1 loss ppo:  -0.01107, loss val: 0.04922
[2022-11-24 22:51:31,096] [INFO] [controller] EPOCH 2 loss ppo:  -0.03261, loss val: 0.04879
[2022-11-24 22:51:31,179] [INFO] [controller] EPOCH 3 loss ppo:  -0.04739, loss val: 0.04823
[2022-11-24 22:51:31,247] [INFO] [controller] EPOCH 4 loss ppo:  -0.05489, loss val: 0.04711
[2022-11-24 22:51:31,266] [INFO] [runner_train_mujoco] Finished batch.
[2022-11-24 22:51:31,377] [INFO] [runner_train_mujoco] Starting simulation batch with mujoco.
[2022-11-24 22:51:31,378] [INFO] [runner_train_mujoco] Environment 0
[2022-11-24 22:51:42,136] [INFO] [runner_train_mujoco] Environment 1
[2022-11-24 22:51:52,997] [INFO] [runner_train_mujoco] Environment 2
[2022-11-24 22:52:03,125] [INFO] [runner_train_mujoco] Environment 3
[2022-11-24 22:52:12,608] [INFO] [runner_train_mujoco] Environment 4
[2022-11-24 22:52:22,112] [INFO] [runner_train_mujoco] Environment 5
[2022-11-24 22:52:32,264] [INFO] [runner_train_mujoco] Environment 6
[2022-11-24 22:52:42,638] [INFO] [runner_train_mujoco] Environment 7
[2022-11-24 22:52:51,775] [INFO] [runner_train_mujoco] Environment 8
[2022-11-24 22:53:01,956] [INFO] [runner_train_mujoco] Environment 9
[2022-11-24 22:53:12,456] [INFO] [runner_train_mujoco] Average cumulative reward after 150 steps: 0.7999113369616911
[2022-11-24 22:53:12,456] [INFO] [runner_train_mujoco] Average state value: 0.5763355633517107
[2022-11-24 22:53:12,456] [INFO] [controller] ITERATION NUM: 12
[2022-11-24 22:53:12,575] [INFO] [controller] EPOCH 1 loss ppo:  -0.01170, loss val: 0.04701
[2022-11-24 22:53:12,686] [INFO] [controller] EPOCH 2 loss ppo:  -0.03328, loss val: 0.04418
[2022-11-24 22:53:12,873] [INFO] [controller] EPOCH 3 loss ppo:  -0.04468, loss val: 0.04106
[2022-11-24 22:53:12,957] [INFO] [controller] EPOCH 4 loss ppo:  -0.05169, loss val: 0.03912
[2022-11-24 22:53:12,973] [INFO] [runner_train_mujoco] Finished batch.
[2022-11-24 22:53:13,078] [INFO] [runner_train_mujoco] Starting simulation batch with mujoco.
[2022-11-24 22:53:13,079] [INFO] [runner_train_mujoco] Environment 0
[2022-11-24 22:53:23,875] [INFO] [runner_train_mujoco] Environment 1
[2022-11-24 22:53:35,717] [INFO] [runner_train_mujoco] Environment 2
[2022-11-24 22:53:46,216] [INFO] [runner_train_mujoco] Environment 3
[2022-11-24 22:53:57,127] [INFO] [runner_train_mujoco] Environment 4
[2022-11-24 22:54:06,581] [INFO] [runner_train_mujoco] Environment 5
[2022-11-24 22:54:15,762] [INFO] [runner_train_mujoco] Environment 6
[2022-11-24 22:54:25,224] [INFO] [runner_train_mujoco] Environment 7
[2022-11-24 22:54:34,102] [INFO] [runner_train_mujoco] Environment 8
[2022-11-24 22:54:42,495] [INFO] [runner_train_mujoco] Environment 9
[2022-11-24 22:54:51,282] [INFO] [runner_train_mujoco] Average cumulative reward after 150 steps: 0.7183837031439554
[2022-11-24 22:54:51,282] [INFO] [runner_train_mujoco] Average state value: 0.5078596318165461
[2022-11-24 22:54:51,283] [INFO] [controller] ITERATION NUM: 13
[2022-11-24 22:54:51,385] [INFO] [controller] EPOCH 1 loss ppo:  -0.01076, loss val: 0.03602
[2022-11-24 22:54:51,475] [INFO] [controller] EPOCH 2 loss ppo:  -0.03859, loss val: 0.03479
[2022-11-24 22:54:51,548] [INFO] [controller] EPOCH 3 loss ppo:  -0.05166, loss val: 0.03470
[2022-11-24 22:54:51,624] [INFO] [controller] EPOCH 4 loss ppo:  -0.05839, loss val: 0.03785
[2022-11-24 22:54:51,637] [INFO] [runner_train_mujoco] Finished batch.
[2022-11-24 22:54:51,739] [INFO] [runner_train_mujoco] Starting simulation batch with mujoco.
[2022-11-24 22:54:51,739] [INFO] [runner_train_mujoco] Environment 0
[2022-11-24 22:55:01,753] [INFO] [runner_train_mujoco] Environment 1
[2022-11-24 22:55:10,818] [INFO] [runner_train_mujoco] Environment 2
[2022-11-24 22:55:19,635] [INFO] [runner_train_mujoco] Environment 3
[2022-11-24 22:55:28,241] [INFO] [runner_train_mujoco] Environment 4
[2022-11-24 22:55:39,296] [INFO] [runner_train_mujoco] Environment 5
[2022-11-24 22:55:49,803] [INFO] [runner_train_mujoco] Environment 6
[2022-11-24 22:56:00,811] [INFO] [runner_train_mujoco] Environment 7
[2022-11-24 22:56:10,170] [INFO] [runner_train_mujoco] Environment 8
[2022-11-24 22:56:19,484] [INFO] [runner_train_mujoco] Environment 9
[2022-11-24 22:56:29,004] [INFO] [runner_train_mujoco] Average cumulative reward after 150 steps: 0.9383727870477786
[2022-11-24 22:56:29,004] [INFO] [runner_train_mujoco] Average state value: 0.4648639327138662
[2022-11-24 22:56:29,004] [INFO] [controller] ITERATION NUM: 14
[2022-11-24 22:56:29,086] [INFO] [controller] EPOCH 1 loss ppo:  -0.01085, loss val: 0.03555
[2022-11-24 22:56:29,171] [INFO] [controller] EPOCH 2 loss ppo:  -0.03463, loss val: 0.03332
[2022-11-24 22:56:29,259] [INFO] [controller] EPOCH 3 loss ppo:  -0.05014, loss val: 0.03255
[2022-11-24 22:56:29,349] [INFO] [controller] EPOCH 4 loss ppo:  -0.05972, loss val: 0.03287
[2022-11-24 22:56:29,361] [INFO] [runner_train_mujoco] Finished batch.
[2022-11-24 22:56:29,453] [INFO] [runner_train_mujoco] Starting simulation batch with mujoco.
[2022-11-24 22:56:29,454] [INFO] [runner_train_mujoco] Environment 0
[2022-11-24 22:56:37,181] [INFO] [runner_train_mujoco] Environment 1
[2022-11-24 22:56:45,730] [INFO] [runner_train_mujoco] Environment 2
[2022-11-24 22:56:53,788] [INFO] [runner_train_mujoco] Environment 3
[2022-11-24 22:57:02,540] [INFO] [runner_train_mujoco] Environment 4
[2022-11-24 22:57:10,387] [INFO] [runner_train_mujoco] Environment 5
[2022-11-24 22:57:17,811] [INFO] [runner_train_mujoco] Environment 6
[2022-11-24 22:57:25,892] [INFO] [runner_train_mujoco] Environment 7
[2022-11-24 22:57:33,740] [INFO] [runner_train_mujoco] Environment 8
[2022-11-24 22:57:42,670] [INFO] [runner_train_mujoco] Environment 9
[2022-11-24 22:57:50,623] [INFO] [runner_train_mujoco] Average cumulative reward after 150 steps: 1.0178903355435118
[2022-11-24 22:57:50,624] [INFO] [runner_train_mujoco] Average state value: 0.4460221714476744
[2022-11-24 22:57:50,624] [INFO] [controller] ITERATION NUM: 15
[2022-11-24 22:57:50,692] [INFO] [controller] EPOCH 1 loss ppo:  -0.01440, loss val: 0.03758
[2022-11-24 22:57:50,748] [INFO] [controller] EPOCH 2 loss ppo:  -0.03683, loss val: 0.03693
[2022-11-24 22:57:50,805] [INFO] [controller] EPOCH 3 loss ppo:  -0.04528, loss val: 0.03676
[2022-11-24 22:57:50,863] [INFO] [controller] EPOCH 4 loss ppo:  -0.05726, loss val: 0.03687
[2022-11-24 22:57:50,875] [INFO] [runner_train_mujoco] Finished batch.
[2022-11-24 22:57:50,959] [INFO] [runner_train_mujoco] Starting simulation batch with mujoco.
[2022-11-24 22:57:50,960] [INFO] [runner_train_mujoco] Environment 0
[2022-11-24 22:57:59,341] [INFO] [runner_train_mujoco] Environment 1
[2022-11-24 22:58:07,109] [INFO] [runner_train_mujoco] Environment 2
[2022-11-24 22:58:14,669] [INFO] [runner_train_mujoco] Environment 3
[2022-11-24 22:58:22,773] [INFO] [runner_train_mujoco] Environment 4
[2022-11-24 22:58:30,941] [INFO] [runner_train_mujoco] Environment 5
[2022-11-24 22:58:38,735] [INFO] [runner_train_mujoco] Environment 6
[2022-11-24 22:58:46,649] [INFO] [runner_train_mujoco] Environment 7
[2022-11-24 22:58:54,194] [INFO] [runner_train_mujoco] Environment 8
[2022-11-24 22:59:02,258] [INFO] [runner_train_mujoco] Environment 9
[2022-11-24 22:59:09,766] [INFO] [runner_train_mujoco] Average cumulative reward after 150 steps: 1.4358273414312
[2022-11-24 22:59:09,766] [INFO] [runner_train_mujoco] Average state value: 0.43110037282109265
[2022-11-24 22:59:09,766] [INFO] [controller] ITERATION NUM: 16
[2022-11-24 22:59:09,835] [INFO] [controller] EPOCH 1 loss ppo:  -0.01556, loss val: 0.03292
[2022-11-24 22:59:09,883] [INFO] [controller] EPOCH 2 loss ppo:  -0.03803, loss val: 0.03201
[2022-11-24 22:59:09,936] [INFO] [controller] EPOCH 3 loss ppo:  -0.04950, loss val: 0.03239
[2022-11-24 22:59:09,990] [INFO] [controller] EPOCH 4 loss ppo:  -0.05665, loss val: 0.02910
[2022-11-24 22:59:10,001] [INFO] [runner_train_mujoco] Finished batch.
[2022-11-24 22:59:10,086] [INFO] [runner_train_mujoco] Starting simulation batch with mujoco.
[2022-11-24 22:59:10,087] [INFO] [runner_train_mujoco] Environment 0
[2022-11-24 22:59:17,667] [INFO] [runner_train_mujoco] Environment 1
[2022-11-24 22:59:25,690] [INFO] [runner_train_mujoco] Environment 2
[2022-11-24 22:59:34,504] [INFO] [runner_train_mujoco] Environment 3
[2022-11-24 22:59:42,378] [INFO] [runner_train_mujoco] Environment 4
[2022-11-24 22:59:50,207] [INFO] [runner_train_mujoco] Environment 5
[2022-11-24 22:59:57,645] [INFO] [runner_train_mujoco] Environment 6
[2022-11-24 23:00:05,814] [INFO] [runner_train_mujoco] Environment 7
[2022-11-24 23:00:13,740] [INFO] [runner_train_mujoco] Environment 8
[2022-11-24 23:00:21,733] [INFO] [runner_train_mujoco] Environment 9
[2022-11-24 23:00:29,144] [INFO] [runner_train_mujoco] Average cumulative reward after 150 steps: 1.3081994371802348
[2022-11-24 23:00:29,144] [INFO] [runner_train_mujoco] Average state value: 0.38576637907822925
[2022-11-24 23:00:29,144] [INFO] [controller] ITERATION NUM: 17
[2022-11-24 23:00:29,218] [INFO] [controller] EPOCH 1 loss ppo:  -0.01654, loss val: 0.04927
[2022-11-24 23:00:29,278] [INFO] [controller] EPOCH 2 loss ppo:  -0.03654, loss val: 0.04673
[2022-11-24 23:00:29,334] [INFO] [controller] EPOCH 3 loss ppo:  -0.04593, loss val: 0.04327
[2022-11-24 23:00:29,394] [INFO] [controller] EPOCH 4 loss ppo:  -0.05513, loss val: 0.04191
[2022-11-24 23:00:29,406] [INFO] [runner_train_mujoco] Finished batch.
[2022-11-24 23:00:29,497] [INFO] [runner_train_mujoco] Starting simulation batch with mujoco.
[2022-11-24 23:00:29,498] [INFO] [runner_train_mujoco] Environment 0
[2022-11-24 23:00:37,325] [INFO] [runner_train_mujoco] Environment 1
[2022-11-24 23:00:44,855] [INFO] [runner_train_mujoco] Environment 2
[2022-11-24 23:00:52,631] [INFO] [runner_train_mujoco] Environment 3
[2022-11-24 23:01:00,314] [INFO] [runner_train_mujoco] Environment 4
[2022-11-24 23:01:08,109] [INFO] [runner_train_mujoco] Environment 5
[2022-11-24 23:01:15,733] [INFO] [runner_train_mujoco] Environment 6
[2022-11-24 23:01:23,917] [INFO] [runner_train_mujoco] Environment 7
[2022-11-24 23:01:32,052] [INFO] [runner_train_mujoco] Environment 8
[2022-11-24 23:01:41,294] [INFO] [runner_train_mujoco] Environment 9
[2022-11-24 23:01:50,740] [INFO] [runner_train_mujoco] Average cumulative reward after 150 steps: 1.6989480895535252
[2022-11-24 23:01:50,741] [INFO] [runner_train_mujoco] Average state value: 0.4181462782820066
[2022-11-24 23:01:50,741] [INFO] [controller] ITERATION NUM: 18
[2022-11-24 23:01:50,810] [INFO] [controller] EPOCH 1 loss ppo:  -0.01487, loss val: 0.04046
[2022-11-24 23:01:50,869] [INFO] [controller] EPOCH 2 loss ppo:  -0.04070, loss val: 0.03844
[2022-11-24 23:01:50,938] [INFO] [controller] EPOCH 3 loss ppo:  -0.05233, loss val: 0.03667
[2022-11-24 23:01:51,030] [INFO] [controller] EPOCH 4 loss ppo:  -0.06271, loss val: 0.03686
[2022-11-24 23:01:51,042] [INFO] [runner_train_mujoco] Finished batch.
[2022-11-24 23:01:51,138] [INFO] [runner_train_mujoco] Starting simulation batch with mujoco.
[2022-11-24 23:01:51,138] [INFO] [runner_train_mujoco] Environment 0
[2022-11-24 23:01:59,004] [INFO] [runner_train_mujoco] Environment 1
[2022-11-24 23:02:07,273] [INFO] [runner_train_mujoco] Environment 2
[2022-11-24 23:02:14,802] [INFO] [runner_train_mujoco] Environment 3
[2022-11-24 23:02:22,243] [INFO] [runner_train_mujoco] Environment 4
[2022-11-24 23:02:29,799] [INFO] [runner_train_mujoco] Environment 5
[2022-11-24 23:02:37,593] [INFO] [runner_train_mujoco] Environment 6
[2022-11-24 23:02:46,617] [INFO] [runner_train_mujoco] Environment 7
[2022-11-24 23:02:54,337] [INFO] [runner_train_mujoco] Environment 8
[2022-11-24 23:03:01,916] [INFO] [runner_train_mujoco] Environment 9
[2022-11-24 23:03:09,723] [INFO] [runner_train_mujoco] Average cumulative reward after 150 steps: 1.9310377021300877
[2022-11-24 23:03:09,724] [INFO] [runner_train_mujoco] Average state value: 0.4876863186309735
[2022-11-24 23:03:09,724] [INFO] [controller] ITERATION NUM: 19
[2022-11-24 23:03:09,803] [INFO] [controller] EPOCH 1 loss ppo:  -0.01486, loss val: 0.03491
[2022-11-24 23:03:09,865] [INFO] [controller] EPOCH 2 loss ppo:  -0.03204, loss val: 0.03509
[2022-11-24 23:03:09,928] [INFO] [controller] EPOCH 3 loss ppo:  -0.04766, loss val: 0.03527
[2022-11-24 23:03:09,987] [INFO] [controller] EPOCH 4 loss ppo:  -0.05966, loss val: 0.03464
[2022-11-24 23:03:09,999] [INFO] [runner_train_mujoco] Finished batch.
[2022-11-24 23:03:10,072] [INFO] [runner_train_mujoco] Starting simulation batch with mujoco.
[2022-11-24 23:03:10,073] [INFO] [runner_train_mujoco] Environment 0
[2022-11-24 23:03:17,712] [INFO] [runner_train_mujoco] Environment 1
[2022-11-24 23:03:25,765] [INFO] [runner_train_mujoco] Environment 2
[2022-11-24 23:03:35,348] [INFO] [runner_train_mujoco] Environment 3
[2022-11-24 23:03:45,363] [INFO] [runner_train_mujoco] Environment 4
[2022-11-24 23:03:54,754] [INFO] [runner_train_mujoco] Environment 5
[2022-11-24 23:04:03,289] [INFO] [runner_train_mujoco] Environment 6
[2022-11-24 23:04:11,658] [INFO] [runner_train_mujoco] Environment 7
[2022-11-24 23:04:19,995] [INFO] [runner_train_mujoco] Environment 8
[2022-11-24 23:04:28,206] [INFO] [runner_train_mujoco] Environment 9
[2022-11-24 23:04:37,075] [INFO] [runner_train_mujoco] Average cumulative reward after 150 steps: 1.7677099243535732
[2022-11-24 23:04:37,075] [INFO] [runner_train_mujoco] Average state value: 0.49278932872414594
[2022-11-24 23:04:37,075] [INFO] [controller] ITERATION NUM: 20
[2022-11-24 23:04:37,146] [INFO] [controller] EPOCH 1 loss ppo:  -0.01526, loss val: 0.03561
[2022-11-24 23:04:37,207] [INFO] [controller] EPOCH 2 loss ppo:  -0.04173, loss val: 0.03632
[2022-11-24 23:04:37,261] [INFO] [controller] EPOCH 3 loss ppo:  -0.05346, loss val: 0.03611
[2022-11-24 23:04:37,332] [INFO] [controller] EPOCH 4 loss ppo:  -0.06541, loss val: 0.03672
[2022-11-24 23:04:37,347] [INFO] [runner_train_mujoco] Finished batch.
[2022-11-24 23:04:37,439] [INFO] [runner_train_mujoco] Starting simulation batch with mujoco.
[2022-11-24 23:04:37,440] [INFO] [runner_train_mujoco] Environment 0
[2022-11-24 23:04:45,395] [INFO] [runner_train_mujoco] Environment 1
[2022-11-24 23:04:53,026] [INFO] [runner_train_mujoco] Environment 2
[2022-11-24 23:05:00,824] [INFO] [runner_train_mujoco] Environment 3
[2022-11-24 23:05:09,320] [INFO] [runner_train_mujoco] Environment 4
[2022-11-24 23:05:16,855] [INFO] [runner_train_mujoco] Environment 5
[2022-11-24 23:05:24,243] [INFO] [runner_train_mujoco] Environment 6
[2022-11-24 23:05:32,158] [INFO] [runner_train_mujoco] Environment 7
[2022-11-24 23:05:40,011] [INFO] [runner_train_mujoco] Environment 8
[2022-11-24 23:05:47,967] [INFO] [runner_train_mujoco] Environment 9
[2022-11-24 23:05:56,741] [INFO] [runner_train_mujoco] Average cumulative reward after 150 steps: 2.2478779967290143
[2022-11-24 23:05:56,741] [INFO] [runner_train_mujoco] Average state value: 0.47991284996271133
[2022-11-24 23:05:56,742] [INFO] [controller] ITERATION NUM: 21
[2022-11-24 23:05:56,822] [INFO] [controller] EPOCH 1 loss ppo:  -0.01613, loss val: 0.03711
[2022-11-24 23:05:56,884] [INFO] [controller] EPOCH 2 loss ppo:  -0.03266, loss val: 0.03711
[2022-11-24 23:05:56,949] [INFO] [controller] EPOCH 3 loss ppo:  -0.04293, loss val: 0.03750
[2022-11-24 23:05:57,016] [INFO] [controller] EPOCH 4 loss ppo:  -0.05397, loss val: 0.03640
[2022-11-24 23:05:57,030] [INFO] [runner_train_mujoco] Finished batch.
[2022-11-24 23:05:57,120] [INFO] [runner_train_mujoco] Starting simulation batch with mujoco.
[2022-11-24 23:05:57,121] [INFO] [runner_train_mujoco] Environment 0
[2022-11-24 23:06:05,132] [INFO] [runner_train_mujoco] Environment 1
[2022-11-24 23:06:12,488] [INFO] [runner_train_mujoco] Environment 2
[2022-11-24 23:06:20,260] [INFO] [runner_train_mujoco] Environment 3
[2022-11-24 23:06:27,847] [INFO] [runner_train_mujoco] Environment 4
[2022-11-24 23:06:35,126] [INFO] [runner_train_mujoco] Environment 5
[2022-11-24 23:06:42,932] [INFO] [runner_train_mujoco] Environment 6
[2022-11-24 23:06:50,845] [INFO] [runner_train_mujoco] Environment 7
[2022-11-24 23:06:58,624] [INFO] [runner_train_mujoco] Environment 8
[2022-11-24 23:07:06,904] [INFO] [runner_train_mujoco] Environment 9
[2022-11-24 23:07:14,445] [INFO] [runner_train_mujoco] Average cumulative reward after 150 steps: 2.2090513558932985
[2022-11-24 23:07:14,446] [INFO] [runner_train_mujoco] Average state value: 0.4646166501939296
[2022-11-24 23:07:14,446] [INFO] [controller] ITERATION NUM: 22
[2022-11-24 23:07:14,553] [INFO] [controller] EPOCH 1 loss ppo:  -0.01750, loss val: 0.03568
[2022-11-24 23:07:14,615] [INFO] [controller] EPOCH 2 loss ppo:  -0.03979, loss val: 0.03788
[2022-11-24 23:07:14,673] [INFO] [controller] EPOCH 3 loss ppo:  -0.05097, loss val: 0.03678
[2022-11-24 23:07:14,737] [INFO] [controller] EPOCH 4 loss ppo:  -0.05986, loss val: 0.03397
[2022-11-24 23:07:14,750] [INFO] [runner_train_mujoco] Finished batch.
[2022-11-24 23:07:14,842] [INFO] [runner_train_mujoco] Starting simulation batch with mujoco.
[2022-11-24 23:07:14,843] [INFO] [runner_train_mujoco] Environment 0
[2022-11-24 23:07:22,483] [INFO] [runner_train_mujoco] Environment 1
[2022-11-24 23:07:30,568] [INFO] [runner_train_mujoco] Environment 2
[2022-11-24 23:07:39,671] [INFO] [runner_train_mujoco] Environment 3
[2022-11-24 23:07:48,625] [INFO] [runner_train_mujoco] Environment 4
[2022-11-24 23:07:57,369] [INFO] [runner_train_mujoco] Environment 5
[2022-11-24 23:08:04,731] [INFO] [runner_train_mujoco] Environment 6
[2022-11-24 23:08:12,083] [INFO] [runner_train_mujoco] Environment 7
[2022-11-24 23:08:19,609] [INFO] [runner_train_mujoco] Environment 8
[2022-11-24 23:08:27,642] [INFO] [runner_train_mujoco] Environment 9
[2022-11-24 23:08:34,872] [INFO] [runner_train_mujoco] Average cumulative reward after 150 steps: 2.33809840181421
[2022-11-24 23:08:34,873] [INFO] [runner_train_mujoco] Average state value: 0.4888489390015602
[2022-11-24 23:08:34,873] [INFO] [controller] ITERATION NUM: 23
[2022-11-24 23:08:34,944] [INFO] [controller] EPOCH 1 loss ppo:  -0.01441, loss val: 0.03798
[2022-11-24 23:08:35,004] [INFO] [controller] EPOCH 2 loss ppo:  -0.03484, loss val: 0.03639
[2022-11-24 23:08:35,066] [INFO] [controller] EPOCH 3 loss ppo:  -0.04782, loss val: 0.03609
[2022-11-24 23:08:35,122] [INFO] [controller] EPOCH 4 loss ppo:  -0.06116, loss val: 0.03682
[2022-11-24 23:08:35,134] [INFO] [runner_train_mujoco] Finished batch.
[2022-11-24 23:08:35,230] [INFO] [runner_train_mujoco] Starting simulation batch with mujoco.
[2022-11-24 23:08:35,231] [INFO] [runner_train_mujoco] Environment 0
[2022-11-24 23:08:43,106] [INFO] [runner_train_mujoco] Environment 1
[2022-11-24 23:08:51,250] [INFO] [runner_train_mujoco] Environment 2
[2022-11-24 23:08:58,848] [INFO] [runner_train_mujoco] Environment 3
[2022-11-24 23:09:06,194] [INFO] [runner_train_mujoco] Environment 4
[2022-11-24 23:09:13,560] [INFO] [runner_train_mujoco] Environment 5
[2022-11-24 23:09:20,871] [INFO] [runner_train_mujoco] Environment 6
[2022-11-24 23:09:28,880] [INFO] [runner_train_mujoco] Environment 7
[2022-11-24 23:09:36,746] [INFO] [runner_train_mujoco] Environment 8
[2022-11-24 23:09:44,049] [INFO] [runner_train_mujoco] Environment 9
[2022-11-24 23:09:51,461] [INFO] [runner_train_mujoco] Average cumulative reward after 150 steps: 2.643510525543944
[2022-11-24 23:09:51,462] [INFO] [runner_train_mujoco] Average state value: 0.5284523522853852
[2022-11-24 23:09:51,462] [INFO] [controller] ITERATION NUM: 24
[2022-11-24 23:09:51,533] [INFO] [controller] EPOCH 1 loss ppo:  -0.01588, loss val: 0.04339
[2022-11-24 23:09:51,591] [INFO] [controller] EPOCH 2 loss ppo:  -0.03534, loss val: 0.04506
[2022-11-24 23:09:51,653] [INFO] [controller] EPOCH 3 loss ppo:  -0.04596, loss val: 0.04361
[2022-11-24 23:09:51,718] [INFO] [controller] EPOCH 4 loss ppo:  -0.05655, loss val: 0.04114
[2022-11-24 23:09:51,730] [INFO] [runner_train_mujoco] Finished batch.
[2022-11-24 23:09:51,822] [INFO] [runner_train_mujoco] Starting simulation batch with mujoco.
[2022-11-24 23:09:51,823] [INFO] [runner_train_mujoco] Environment 0
[2022-11-24 23:09:59,526] [INFO] [runner_train_mujoco] Environment 1
[2022-11-24 23:10:06,966] [INFO] [runner_train_mujoco] Environment 2
[2022-11-24 23:10:14,517] [INFO] [runner_train_mujoco] Environment 3
[2022-11-24 23:10:22,108] [INFO] [runner_train_mujoco] Environment 4
[2022-11-24 23:10:30,941] [INFO] [runner_train_mujoco] Environment 5
[2022-11-24 23:10:39,751] [INFO] [runner_train_mujoco] Environment 6
[2022-11-24 23:10:48,120] [INFO] [runner_train_mujoco] Environment 7
[2022-11-24 23:10:56,509] [INFO] [runner_train_mujoco] Environment 8
[2022-11-24 23:11:04,737] [INFO] [runner_train_mujoco] Environment 9
[2022-11-24 23:11:12,207] [INFO] [runner_train_mujoco] Average cumulative reward after 150 steps: 2.3318773284652443
[2022-11-24 23:11:12,208] [INFO] [runner_train_mujoco] Average state value: 0.49780336013436316
[2022-11-24 23:11:12,208] [INFO] [controller] ITERATION NUM: 25
[2022-11-24 23:11:12,272] [INFO] [controller] EPOCH 1 loss ppo:  -0.01553, loss val: 0.04402
[2022-11-24 23:11:12,326] [INFO] [controller] EPOCH 2 loss ppo:  -0.03843, loss val: 0.04468
[2022-11-24 23:11:12,455] [INFO] [controller] EPOCH 3 loss ppo:  -0.05212, loss val: 0.04428
[2022-11-24 23:11:12,512] [INFO] [controller] EPOCH 4 loss ppo:  -0.06384, loss val: 0.04492
[2022-11-24 23:11:12,524] [INFO] [runner_train_mujoco] Finished batch.
[2022-11-24 23:11:12,607] [INFO] [runner_train_mujoco] Starting simulation batch with mujoco.
[2022-11-24 23:11:12,607] [INFO] [runner_train_mujoco] Environment 0
[2022-11-24 23:11:20,569] [INFO] [runner_train_mujoco] Environment 1
[2022-11-24 23:11:28,930] [INFO] [runner_train_mujoco] Environment 2
[2022-11-24 23:11:38,539] [INFO] [runner_train_mujoco] Environment 3
[2022-11-24 23:11:46,607] [INFO] [runner_train_mujoco] Environment 4
[2022-11-24 23:11:54,654] [INFO] [runner_train_mujoco] Environment 5
[2022-11-24 23:12:02,745] [INFO] [runner_train_mujoco] Environment 6
[2022-11-24 23:12:10,447] [INFO] [runner_train_mujoco] Environment 7
[2022-11-24 23:12:17,795] [INFO] [runner_train_mujoco] Environment 8
[2022-11-24 23:12:25,626] [INFO] [runner_train_mujoco] Environment 9
[2022-11-24 23:12:33,807] [INFO] [runner_train_mujoco] Average cumulative reward after 150 steps: 2.818523152217936
[2022-11-24 23:12:33,807] [INFO] [runner_train_mujoco] Average state value: 0.48634274961551033
[2022-11-24 23:12:33,807] [INFO] [controller] ITERATION NUM: 26
[2022-11-24 23:12:33,903] [INFO] [controller] EPOCH 1 loss ppo:  -0.01528, loss val: 0.05055
[2022-11-24 23:12:33,995] [INFO] [controller] EPOCH 2 loss ppo:  -0.02887, loss val: 0.04828
[2022-11-24 23:12:34,056] [INFO] [controller] EPOCH 3 loss ppo:  -0.03771, loss val: 0.04552
[2022-11-24 23:12:34,115] [INFO] [controller] EPOCH 4 loss ppo:  -0.05040, loss val: 0.04060
[2022-11-24 23:12:34,129] [INFO] [runner_train_mujoco] Finished batch.
[2022-11-24 23:12:34,227] [INFO] [runner_train_mujoco] Starting simulation batch with mujoco.
[2022-11-24 23:12:34,228] [INFO] [runner_train_mujoco] Environment 0
[2022-11-24 23:12:43,026] [INFO] [runner_train_mujoco] Environment 1
[2022-11-24 23:12:50,830] [INFO] [runner_train_mujoco] Environment 2
[2022-11-24 23:12:58,791] [INFO] [runner_train_mujoco] Environment 3
[2022-11-24 23:13:06,431] [INFO] [runner_train_mujoco] Environment 4
[2022-11-24 23:13:14,221] [INFO] [runner_train_mujoco] Environment 5
[2022-11-24 23:13:21,463] [INFO] [runner_train_mujoco] Environment 6
[2022-11-24 23:13:29,193] [INFO] [runner_train_mujoco] Environment 7
[2022-11-24 23:13:36,721] [INFO] [runner_train_mujoco] Environment 8
[2022-11-24 23:13:44,809] [INFO] [runner_train_mujoco] Environment 9
[2022-11-24 23:13:53,080] [INFO] [runner_train_mujoco] Average cumulative reward after 150 steps: 2.9466796949681813
[2022-11-24 23:13:53,080] [INFO] [runner_train_mujoco] Average state value: 0.5458843545019627
[2022-11-24 23:13:53,081] [INFO] [controller] ITERATION NUM: 27
[2022-11-24 23:13:53,158] [INFO] [controller] EPOCH 1 loss ppo:  -0.01704, loss val: 0.05339
[2022-11-24 23:13:53,220] [INFO] [controller] EPOCH 2 loss ppo:  -0.03388, loss val: 0.05383
[2022-11-24 23:13:53,297] [INFO] [controller] EPOCH 3 loss ppo:  -0.04344, loss val: 0.05505
[2022-11-24 23:13:53,372] [INFO] [controller] EPOCH 4 loss ppo:  -0.05324, loss val: 0.05350
[2022-11-24 23:13:53,388] [INFO] [runner_train_mujoco] Finished batch.
[2022-11-24 23:13:53,479] [INFO] [runner_train_mujoco] Starting simulation batch with mujoco.
[2022-11-24 23:13:53,479] [INFO] [runner_train_mujoco] Environment 0
[2022-11-24 23:14:01,243] [INFO] [runner_train_mujoco] Environment 1
[2022-11-24 23:14:09,336] [INFO] [runner_train_mujoco] Environment 2
[2022-11-24 23:14:16,786] [INFO] [runner_train_mujoco] Environment 3
[2022-11-24 23:14:25,153] [INFO] [runner_train_mujoco] Environment 4
[2022-11-24 23:14:35,174] [INFO] [runner_train_mujoco] Environment 5
[2022-11-24 23:14:43,274] [INFO] [runner_train_mujoco] Environment 6
[2022-11-24 23:14:50,947] [INFO] [runner_train_mujoco] Environment 7
[2022-11-24 23:14:59,491] [INFO] [runner_train_mujoco] Environment 8
[2022-11-24 23:15:07,496] [INFO] [runner_train_mujoco] Environment 9
[2022-11-24 23:15:15,995] [INFO] [runner_train_mujoco] Average cumulative reward after 150 steps: 3.063250204155866
[2022-11-24 23:15:15,995] [INFO] [runner_train_mujoco] Average state value: 0.5118707003494103
[2022-11-24 23:15:15,995] [INFO] [controller] ITERATION NUM: 28
[2022-11-24 23:15:16,095] [INFO] [controller] EPOCH 1 loss ppo:  -0.01498, loss val: 0.07546
[2022-11-24 23:15:16,196] [INFO] [controller] EPOCH 2 loss ppo:  -0.03545, loss val: 0.07532
[2022-11-24 23:15:16,274] [INFO] [controller] EPOCH 3 loss ppo:  -0.04806, loss val: 0.07491
[2022-11-24 23:15:16,342] [INFO] [controller] EPOCH 4 loss ppo:  -0.05858, loss val: 0.07385
[2022-11-24 23:15:16,355] [INFO] [runner_train_mujoco] Finished batch.
[2022-11-24 23:15:16,442] [INFO] [runner_train_mujoco] Starting simulation batch with mujoco.
[2022-11-24 23:15:16,443] [INFO] [runner_train_mujoco] Environment 0
[2022-11-24 23:15:24,139] [INFO] [runner_train_mujoco] Environment 1
[2022-11-24 23:15:31,902] [INFO] [runner_train_mujoco] Environment 2
[2022-11-24 23:15:39,404] [INFO] [runner_train_mujoco] Environment 3
[2022-11-24 23:15:47,268] [INFO] [runner_train_mujoco] Environment 4
[2022-11-24 23:15:55,137] [INFO] [runner_train_mujoco] Environment 5
[2022-11-24 23:16:03,028] [INFO] [runner_train_mujoco] Environment 6
[2022-11-24 23:16:10,705] [INFO] [runner_train_mujoco] Environment 7
[2022-11-24 23:16:19,325] [INFO] [runner_train_mujoco] Environment 8
[2022-11-24 23:16:28,387] [INFO] [runner_train_mujoco] Environment 9
[2022-11-24 23:16:37,388] [INFO] [runner_train_mujoco] Average cumulative reward after 150 steps: 3.065027737139384
[2022-11-24 23:16:37,389] [INFO] [runner_train_mujoco] Average state value: 0.5512072152892749
[2022-11-24 23:16:37,389] [INFO] [controller] ITERATION NUM: 29
[2022-11-24 23:16:37,468] [INFO] [controller] EPOCH 1 loss ppo:  -0.01342, loss val: 0.04968
[2022-11-24 23:16:37,528] [INFO] [controller] EPOCH 2 loss ppo:  -0.02904, loss val: 0.05092
[2022-11-24 23:16:37,590] [INFO] [controller] EPOCH 3 loss ppo:  -0.04253, loss val: 0.04770
[2022-11-24 23:16:37,663] [INFO] [controller] EPOCH 4 loss ppo:  -0.05536, loss val: 0.04547
[2022-11-24 23:16:37,681] [INFO] [runner_train_mujoco] Finished batch.
[2022-11-24 23:16:37,773] [INFO] [runner_train_mujoco] Starting simulation batch with mujoco.
[2022-11-24 23:16:37,774] [INFO] [runner_train_mujoco] Environment 0
[2022-11-24 23:16:45,260] [INFO] [runner_train_mujoco] Environment 1
[2022-11-24 23:16:53,123] [INFO] [runner_train_mujoco] Environment 2
[2022-11-24 23:17:01,046] [INFO] [runner_train_mujoco] Environment 3
[2022-11-24 23:17:08,788] [INFO] [runner_train_mujoco] Environment 4
[2022-11-24 23:17:17,088] [INFO] [runner_train_mujoco] Environment 5
[2022-11-24 23:17:26,632] [INFO] [runner_train_mujoco] Environment 6
[2022-11-24 23:17:39,096] [INFO] [runner_train_mujoco] Environment 7
[2022-11-24 23:17:48,010] [INFO] [runner_train_mujoco] Environment 8
[2022-11-24 23:17:55,946] [INFO] [runner_train_mujoco] Environment 9
[2022-11-24 23:18:03,823] [INFO] [runner_train_mujoco] Average cumulative reward after 150 steps: 3.433184303008754
[2022-11-24 23:18:03,823] [INFO] [runner_train_mujoco] Average state value: 0.5142155149877071
[2022-11-24 23:18:03,823] [INFO] [controller] ITERATION NUM: 30
[2022-11-24 23:18:03,927] [INFO] [controller] EPOCH 1 loss ppo:  -0.01383, loss val: 0.03398
[2022-11-24 23:18:03,983] [INFO] [controller] EPOCH 2 loss ppo:  -0.03017, loss val: 0.03532
[2022-11-24 23:18:04,076] [INFO] [controller] EPOCH 3 loss ppo:  -0.04120, loss val: 0.03559
[2022-11-24 23:18:04,126] [INFO] [controller] EPOCH 4 loss ppo:  -0.05235, loss val: 0.03522
[2022-11-24 23:18:04,139] [INFO] [runner_train_mujoco] Finished batch.
[2022-11-24 23:18:04,227] [INFO] [runner_train_mujoco] Starting simulation batch with mujoco.
[2022-11-24 23:18:04,227] [INFO] [runner_train_mujoco] Environment 0
[2022-11-24 23:18:13,705] [INFO] [runner_train_mujoco] Environment 1
[2022-11-24 23:18:22,256] [INFO] [runner_train_mujoco] Environment 2
[2022-11-24 23:18:29,921] [INFO] [runner_train_mujoco] Environment 3
[2022-11-24 23:18:37,318] [INFO] [runner_train_mujoco] Environment 4
[2022-11-24 23:18:44,957] [INFO] [runner_train_mujoco] Environment 5
[2022-11-24 23:18:52,841] [INFO] [runner_train_mujoco] Environment 6
[2022-11-24 23:19:03,368] [INFO] [runner_train_mujoco] Environment 7
[2022-11-24 23:19:12,866] [INFO] [runner_train_mujoco] Environment 8
[2022-11-24 23:19:21,863] [INFO] [runner_train_mujoco] Environment 9
[2022-11-24 23:19:30,910] [INFO] [runner_train_mujoco] Average cumulative reward after 150 steps: 3.320194292558855
[2022-11-24 23:19:30,910] [INFO] [runner_train_mujoco] Average state value: 0.4532865246720612
[2022-11-24 23:19:30,910] [INFO] [controller] ITERATION NUM: 31
[2022-11-24 23:19:30,987] [INFO] [controller] EPOCH 1 loss ppo:  -0.01593, loss val: 0.07929
[2022-11-24 23:19:31,062] [INFO] [controller] EPOCH 2 loss ppo:  -0.03264, loss val: 0.07930
[2022-11-24 23:19:31,132] [INFO] [controller] EPOCH 3 loss ppo:  -0.04699, loss val: 0.07784
[2022-11-24 23:19:31,198] [INFO] [controller] EPOCH 4 loss ppo:  -0.06153, loss val: 0.07796
[2022-11-24 23:19:31,210] [INFO] [runner_train_mujoco] Finished batch.
[2022-11-24 23:19:31,316] [INFO] [runner_train_mujoco] Starting simulation batch with mujoco.
[2022-11-24 23:19:31,317] [INFO] [runner_train_mujoco] Environment 0
[2022-11-24 23:19:40,035] [INFO] [runner_train_mujoco] Environment 1
[2022-11-24 23:19:48,856] [INFO] [runner_train_mujoco] Environment 2
[2022-11-24 23:19:57,572] [INFO] [runner_train_mujoco] Environment 3
[2022-11-24 23:20:06,374] [INFO] [runner_train_mujoco] Environment 4
[2022-11-24 23:20:15,402] [INFO] [runner_train_mujoco] Environment 5
[2022-11-24 23:20:24,408] [INFO] [runner_train_mujoco] Environment 6
[2022-11-24 23:20:33,746] [INFO] [runner_train_mujoco] Environment 7
[2022-11-24 23:20:43,440] [INFO] [runner_train_mujoco] Environment 8
[2022-11-24 23:20:52,767] [INFO] [runner_train_mujoco] Environment 9
[2022-11-24 23:21:02,525] [INFO] [runner_train_mujoco] Average cumulative reward after 150 steps: 3.303633956048383
[2022-11-24 23:21:02,525] [INFO] [runner_train_mujoco] Average state value: 0.5194259925882021
[2022-11-24 23:21:02,526] [INFO] [controller] ITERATION NUM: 32
[2022-11-24 23:21:02,619] [INFO] [controller] EPOCH 1 loss ppo:  -0.01296, loss val: 0.03333
[2022-11-24 23:21:02,680] [INFO] [controller] EPOCH 2 loss ppo:  -0.03074, loss val: 0.03283
[2022-11-24 23:21:02,743] [INFO] [controller] EPOCH 3 loss ppo:  -0.04412, loss val: 0.03291
[2022-11-24 23:21:02,804] [INFO] [controller] EPOCH 4 loss ppo:  -0.05376, loss val: 0.03237
[2022-11-24 23:21:02,817] [INFO] [runner_train_mujoco] Finished batch.
[2022-11-24 23:21:02,914] [INFO] [runner_train_mujoco] Starting simulation batch with mujoco.
[2022-11-24 23:21:02,914] [INFO] [runner_train_mujoco] Environment 0
[2022-11-24 23:21:12,995] [INFO] [runner_train_mujoco] Environment 1
[2022-11-24 23:21:22,539] [INFO] [runner_train_mujoco] Environment 2
[2022-11-24 23:21:32,818] [INFO] [runner_train_mujoco] Environment 3
[2022-11-24 23:21:43,367] [INFO] [runner_train_mujoco] Environment 4
[2022-11-24 23:21:53,737] [INFO] [runner_train_mujoco] Environment 5
[2022-11-24 23:22:03,637] [INFO] [runner_train_mujoco] Environment 6
[2022-11-24 23:22:11,999] [INFO] [runner_train_mujoco] Environment 7
[2022-11-24 23:22:19,960] [INFO] [runner_train_mujoco] Environment 8
[2022-11-24 23:22:28,057] [INFO] [runner_train_mujoco] Environment 9
[2022-11-24 23:22:37,171] [INFO] [runner_train_mujoco] Average cumulative reward after 150 steps: 3.5675510892424276
[2022-11-24 23:22:37,172] [INFO] [runner_train_mujoco] Average state value: 0.5464662230809529
[2022-11-24 23:22:37,172] [INFO] [controller] ITERATION NUM: 33
[2022-11-24 23:22:37,417] [INFO] [controller] EPOCH 1 loss ppo:  -0.01530, loss val: 0.03997
[2022-11-24 23:22:37,553] [INFO] [controller] EPOCH 2 loss ppo:  -0.03085, loss val: 0.03972
[2022-11-24 23:22:37,664] [INFO] [controller] EPOCH 3 loss ppo:  -0.04109, loss val: 0.03920
[2022-11-24 23:22:37,758] [INFO] [controller] EPOCH 4 loss ppo:  -0.05593, loss val: 0.03865
[2022-11-24 23:22:37,774] [INFO] [runner_train_mujoco] Finished batch.
[2022-11-24 23:22:37,868] [INFO] [runner_train_mujoco] Starting simulation batch with mujoco.
[2022-11-24 23:22:37,869] [INFO] [runner_train_mujoco] Environment 0
[2022-11-24 23:22:46,098] [INFO] [runner_train_mujoco] Environment 1
[2022-11-24 23:22:54,027] [INFO] [runner_train_mujoco] Environment 2
[2022-11-24 23:23:01,709] [INFO] [runner_train_mujoco] Environment 3
[2022-11-24 23:23:09,498] [INFO] [runner_train_mujoco] Environment 4
[2022-11-24 23:23:17,067] [INFO] [runner_train_mujoco] Environment 5
[2022-11-24 23:23:25,146] [INFO] [runner_train_mujoco] Environment 6
[2022-11-24 23:23:33,551] [INFO] [runner_train_mujoco] Environment 7
[2022-11-24 23:23:41,470] [INFO] [runner_train_mujoco] Environment 8
[2022-11-24 23:23:48,865] [INFO] [runner_train_mujoco] Environment 9
[2022-11-24 23:23:56,624] [INFO] [runner_train_mujoco] Average cumulative reward after 150 steps: 3.7141759070471663
[2022-11-24 23:23:56,624] [INFO] [runner_train_mujoco] Average state value: 0.5237745306690533
[2022-11-24 23:23:56,624] [INFO] [controller] ITERATION NUM: 34
[2022-11-24 23:23:56,691] [INFO] [controller] EPOCH 1 loss ppo:  -0.01391, loss val: 0.04284
[2022-11-24 23:23:56,746] [INFO] [controller] EPOCH 2 loss ppo:  -0.02921, loss val: 0.04202
[2022-11-24 23:23:56,820] [INFO] [controller] EPOCH 3 loss ppo:  -0.04340, loss val: 0.04007
[2022-11-24 23:23:56,886] [INFO] [controller] EPOCH 4 loss ppo:  -0.05267, loss val: 0.04328
[2022-11-24 23:23:56,898] [INFO] [runner_train_mujoco] Finished batch.
[2022-11-24 23:23:56,987] [INFO] [runner_train_mujoco] Starting simulation batch with mujoco.
[2022-11-24 23:23:56,987] [INFO] [runner_train_mujoco] Environment 0
[2022-11-24 23:24:04,882] [INFO] [runner_train_mujoco] Environment 1
[2022-11-24 23:24:12,842] [INFO] [runner_train_mujoco] Environment 2
[2022-11-24 23:24:20,405] [INFO] [runner_train_mujoco] Environment 3
[2022-11-24 23:24:28,524] [INFO] [runner_train_mujoco] Environment 4
[2022-11-24 23:24:36,427] [INFO] [runner_train_mujoco] Environment 5
[2022-11-24 23:24:44,410] [INFO] [runner_train_mujoco] Environment 6
[2022-11-24 23:24:51,825] [INFO] [runner_train_mujoco] Environment 7
[2022-11-24 23:24:59,769] [INFO] [runner_train_mujoco] Environment 8
[2022-11-24 23:25:07,141] [INFO] [runner_train_mujoco] Environment 9
[2022-11-24 23:25:14,756] [INFO] [runner_train_mujoco] Average cumulative reward after 150 steps: 3.4007797773887005
[2022-11-24 23:25:14,756] [INFO] [runner_train_mujoco] Average state value: 0.5403913547694683
[2022-11-24 23:25:14,756] [INFO] [controller] ITERATION NUM: 35
[2022-11-24 23:25:14,828] [INFO] [controller] EPOCH 1 loss ppo:  -0.01524, loss val: 0.05014
[2022-11-24 23:25:14,888] [INFO] [controller] EPOCH 2 loss ppo:  -0.02967, loss val: 0.05100
[2022-11-24 23:25:14,949] [INFO] [controller] EPOCH 3 loss ppo:  -0.03790, loss val: 0.05295
[2022-11-24 23:25:15,042] [INFO] [controller] EPOCH 4 loss ppo:  -0.04633, loss val: 0.05167
[2022-11-24 23:25:15,055] [INFO] [runner_train_mujoco] Finished batch.
[2022-11-24 23:25:15,151] [INFO] [runner_train_mujoco] Starting simulation batch with mujoco.
[2022-11-24 23:25:15,151] [INFO] [runner_train_mujoco] Environment 0
[2022-11-24 23:25:23,140] [INFO] [runner_train_mujoco] Environment 1
[2022-11-24 23:25:31,157] [INFO] [runner_train_mujoco] Environment 2
[2022-11-24 23:25:38,485] [INFO] [runner_train_mujoco] Environment 3
[2022-11-24 23:25:45,886] [INFO] [runner_train_mujoco] Environment 4
[2022-11-24 23:25:53,586] [INFO] [runner_train_mujoco] Environment 5
[2022-11-24 23:26:01,000] [INFO] [runner_train_mujoco] Environment 6
[2022-11-24 23:26:08,299] [INFO] [runner_train_mujoco] Environment 7
[2022-11-24 23:26:16,399] [INFO] [runner_train_mujoco] Environment 8
[2022-11-24 23:26:25,784] [INFO] [runner_train_mujoco] Environment 9
[2022-11-24 23:26:33,732] [INFO] [runner_train_mujoco] Average cumulative reward after 150 steps: 3.739794267342669
[2022-11-24 23:26:33,732] [INFO] [runner_train_mujoco] Average state value: 0.5325318153301875
[2022-11-24 23:26:33,733] [INFO] [controller] ITERATION NUM: 36
[2022-11-24 23:26:33,806] [INFO] [controller] EPOCH 1 loss ppo:  -0.01432, loss val: 0.05177
[2022-11-24 23:26:33,865] [INFO] [controller] EPOCH 2 loss ppo:  -0.02721, loss val: 0.04859
[2022-11-24 23:26:33,922] [INFO] [controller] EPOCH 3 loss ppo:  -0.03775, loss val: 0.04617
[2022-11-24 23:26:33,981] [INFO] [controller] EPOCH 4 loss ppo:  -0.04910, loss val: 0.04465
[2022-11-24 23:26:33,993] [INFO] [runner_train_mujoco] Finished batch.
[2022-11-24 23:26:34,085] [INFO] [runner_train_mujoco] Starting simulation batch with mujoco.
[2022-11-24 23:26:34,086] [INFO] [runner_train_mujoco] Environment 0
[2022-11-24 23:26:42,038] [INFO] [runner_train_mujoco] Environment 1
[2022-11-24 23:26:49,870] [INFO] [runner_train_mujoco] Environment 2
[2022-11-24 23:26:57,303] [INFO] [runner_train_mujoco] Environment 3
[2022-11-24 23:27:04,825] [INFO] [runner_train_mujoco] Environment 4
[2022-11-24 23:27:12,268] [INFO] [runner_train_mujoco] Environment 5
[2022-11-24 23:27:20,323] [INFO] [runner_train_mujoco] Environment 6
[2022-11-24 23:27:28,751] [INFO] [runner_train_mujoco] Environment 7
[2022-11-24 23:27:36,402] [INFO] [runner_train_mujoco] Environment 8
[2022-11-24 23:27:43,933] [INFO] [runner_train_mujoco] Environment 9
[2022-11-24 23:27:52,008] [INFO] [runner_train_mujoco] Average cumulative reward after 150 steps: 3.722822149724292
[2022-11-24 23:27:52,008] [INFO] [runner_train_mujoco] Average state value: 0.46633790078759196
[2022-11-24 23:27:52,008] [INFO] [controller] ITERATION NUM: 37
[2022-11-24 23:27:52,109] [INFO] [controller] EPOCH 1 loss ppo:  -0.01293, loss val: 0.05297
[2022-11-24 23:27:52,190] [INFO] [controller] EPOCH 2 loss ppo:  -0.02409, loss val: 0.05293
[2022-11-24 23:27:52,262] [INFO] [controller] EPOCH 3 loss ppo:  -0.03184, loss val: 0.05455
[2022-11-24 23:27:52,334] [INFO] [controller] EPOCH 4 loss ppo:  -0.04151, loss val: 0.05256
[2022-11-24 23:27:52,347] [INFO] [runner_train_mujoco] Finished batch.
[2022-11-24 23:27:52,452] [INFO] [runner_train_mujoco] Starting simulation batch with mujoco.
[2022-11-24 23:27:52,452] [INFO] [runner_train_mujoco] Environment 0
[2022-11-24 23:28:00,588] [INFO] [runner_train_mujoco] Environment 1
[2022-11-24 23:28:08,296] [INFO] [runner_train_mujoco] Environment 2
[2022-11-24 23:28:16,388] [INFO] [runner_train_mujoco] Environment 3
[2022-11-24 23:28:24,424] [INFO] [runner_train_mujoco] Environment 4
[2022-11-24 23:28:32,473] [INFO] [runner_train_mujoco] Environment 5
[2022-11-24 23:28:40,252] [INFO] [runner_train_mujoco] Environment 6
[2022-11-24 23:28:48,694] [INFO] [runner_train_mujoco] Environment 7
[2022-11-24 23:28:57,957] [INFO] [runner_train_mujoco] Environment 8
[2022-11-24 23:29:08,210] [INFO] [runner_train_mujoco] Environment 9
[2022-11-24 23:29:17,102] [INFO] [runner_train_mujoco] Average cumulative reward after 150 steps: 3.641144537482546
[2022-11-24 23:29:17,102] [INFO] [runner_train_mujoco] Average state value: 0.46849539952476826
[2022-11-24 23:29:17,102] [INFO] [controller] ITERATION NUM: 38
[2022-11-24 23:29:17,193] [INFO] [controller] EPOCH 1 loss ppo:  -0.01373, loss val: 0.04226
[2022-11-24 23:29:17,263] [INFO] [controller] EPOCH 2 loss ppo:  -0.02766, loss val: 0.04138
[2022-11-24 23:29:17,333] [INFO] [controller] EPOCH 3 loss ppo:  -0.04330, loss val: 0.04126
[2022-11-24 23:29:17,414] [INFO] [controller] EPOCH 4 loss ppo:  -0.05505, loss val: 0.04122
[2022-11-24 23:29:17,427] [INFO] [runner_train_mujoco] Finished batch.
[2022-11-24 23:29:17,525] [INFO] [runner_train_mujoco] Starting simulation batch with mujoco.
[2022-11-24 23:29:17,526] [INFO] [runner_train_mujoco] Environment 0
[2022-11-24 23:29:28,269] [INFO] [runner_train_mujoco] Environment 1
[2022-11-24 23:29:36,830] [INFO] [runner_train_mujoco] Environment 2
[2022-11-24 23:29:45,341] [INFO] [runner_train_mujoco] Environment 3
[2022-11-24 23:29:52,897] [INFO] [runner_train_mujoco] Environment 4
[2022-11-24 23:30:00,843] [INFO] [runner_train_mujoco] Environment 5
[2022-11-24 23:30:10,244] [INFO] [runner_train_mujoco] Environment 6
[2022-11-24 23:30:18,682] [INFO] [runner_train_mujoco] Environment 7
[2022-11-24 23:30:27,233] [INFO] [runner_train_mujoco] Environment 8
[2022-11-24 23:30:34,595] [INFO] [runner_train_mujoco] Environment 9
[2022-11-24 23:30:41,798] [INFO] [runner_train_mujoco] Average cumulative reward after 150 steps: 3.7932644920919367
[2022-11-24 23:30:41,799] [INFO] [runner_train_mujoco] Average state value: 0.5008167903224627
[2022-11-24 23:30:41,799] [INFO] [controller] ITERATION NUM: 39
[2022-11-24 23:30:41,864] [INFO] [controller] EPOCH 1 loss ppo:  -0.01540, loss val: 0.04438
[2022-11-24 23:30:41,917] [INFO] [controller] EPOCH 2 loss ppo:  -0.02945, loss val: 0.04479
[2022-11-24 23:30:41,976] [INFO] [controller] EPOCH 3 loss ppo:  -0.03759, loss val: 0.04541
[2022-11-24 23:30:42,037] [INFO] [controller] EPOCH 4 loss ppo:  -0.04928, loss val: 0.04468
[2022-11-24 23:30:42,052] [INFO] [runner_train_mujoco] Finished batch.
[2022-11-24 23:30:42,143] [INFO] [runner_train_mujoco] Starting simulation batch with mujoco.
[2022-11-24 23:30:42,144] [INFO] [runner_train_mujoco] Environment 0
[2022-11-24 23:30:50,056] [INFO] [runner_train_mujoco] Environment 1
[2022-11-24 23:30:57,927] [INFO] [runner_train_mujoco] Environment 2
[2022-11-24 23:31:05,287] [INFO] [runner_train_mujoco] Environment 3
[2022-11-24 23:31:14,102] [INFO] [runner_train_mujoco] Environment 4
[2022-11-24 23:31:24,573] [INFO] [runner_train_mujoco] Environment 5
[2022-11-24 23:31:32,475] [INFO] [runner_train_mujoco] Environment 6
[2022-11-24 23:31:40,224] [INFO] [runner_train_mujoco] Environment 7
[2022-11-24 23:31:49,564] [INFO] [runner_train_mujoco] Environment 8
[2022-11-24 23:31:58,342] [INFO] [runner_train_mujoco] Environment 9
[2022-11-24 23:32:05,833] [INFO] [runner_train_mujoco] Average cumulative reward after 150 steps: 3.9859847568161237
[2022-11-24 23:32:05,833] [INFO] [runner_train_mujoco] Average state value: 0.5050738254586855
[2022-11-24 23:32:05,834] [INFO] [controller] ITERATION NUM: 40
[2022-11-24 23:32:05,920] [INFO] [controller] EPOCH 1 loss ppo:  -0.01437, loss val: 0.04048
[2022-11-24 23:32:05,988] [INFO] [controller] EPOCH 2 loss ppo:  -0.02769, loss val: 0.04064
[2022-11-24 23:32:06,058] [INFO] [controller] EPOCH 3 loss ppo:  -0.04042, loss val: 0.03710
[2022-11-24 23:32:06,134] [INFO] [controller] EPOCH 4 loss ppo:  -0.05107, loss val: 0.03696
[2022-11-24 23:32:06,146] [INFO] [runner_train_mujoco] Finished batch.
[2022-11-24 23:32:06,254] [INFO] [runner_train_mujoco] Starting simulation batch with mujoco.
[2022-11-24 23:32:06,255] [INFO] [runner_train_mujoco] Environment 0
[2022-11-24 23:32:13,962] [INFO] [runner_train_mujoco] Environment 1
[2022-11-24 23:32:22,161] [INFO] [runner_train_mujoco] Environment 2
[2022-11-24 23:32:32,164] [INFO] [runner_train_mujoco] Environment 3
[2022-11-24 23:32:40,301] [INFO] [runner_train_mujoco] Environment 4
[2022-11-24 23:32:48,022] [INFO] [runner_train_mujoco] Environment 5
[2022-11-24 23:32:56,144] [INFO] [runner_train_mujoco] Environment 6
[2022-11-24 23:33:03,618] [INFO] [runner_train_mujoco] Environment 7
[2022-11-24 23:33:10,891] [INFO] [runner_train_mujoco] Environment 8
[2022-11-24 23:33:18,600] [INFO] [runner_train_mujoco] Environment 9
[2022-11-24 23:33:26,285] [INFO] [runner_train_mujoco] Average cumulative reward after 150 steps: 3.9222313821170554
[2022-11-24 23:33:26,286] [INFO] [runner_train_mujoco] Average state value: 0.5039514389038086
[2022-11-24 23:33:26,286] [INFO] [controller] ITERATION NUM: 41
[2022-11-24 23:33:26,351] [INFO] [controller] EPOCH 1 loss ppo:  -0.01567, loss val: 0.04840
[2022-11-24 23:33:26,409] [INFO] [controller] EPOCH 2 loss ppo:  -0.03015, loss val: 0.04673
[2022-11-24 23:33:26,462] [INFO] [controller] EPOCH 3 loss ppo:  -0.03837, loss val: 0.04663
[2022-11-24 23:33:26,523] [INFO] [controller] EPOCH 4 loss ppo:  -0.05318, loss val: 0.04555
[2022-11-24 23:33:26,535] [INFO] [runner_train_mujoco] Finished batch.
[2022-11-24 23:33:26,614] [INFO] [runner_train_mujoco] Starting simulation batch with mujoco.
[2022-11-24 23:33:26,614] [INFO] [runner_train_mujoco] Environment 0
[2022-11-24 23:33:33,684] [INFO] [runner_train_mujoco] Environment 1
[2022-11-24 23:33:41,008] [INFO] [runner_train_mujoco] Environment 2
[2022-11-24 23:33:48,403] [INFO] [runner_train_mujoco] Environment 3
[2022-11-24 23:33:55,496] [INFO] [runner_train_mujoco] Environment 4
[2022-11-24 23:34:03,151] [INFO] [runner_train_mujoco] Environment 5
[2022-11-24 23:34:11,278] [INFO] [runner_train_mujoco] Environment 6
[2022-11-24 23:34:19,535] [INFO] [runner_train_mujoco] Environment 7
[2022-11-24 23:34:26,670] [INFO] [runner_train_mujoco] Environment 8
[2022-11-24 23:34:34,069] [INFO] [runner_train_mujoco] Environment 9
[2022-11-24 23:34:41,554] [INFO] [runner_train_mujoco] Average cumulative reward after 150 steps: 3.9951023925283264
[2022-11-24 23:34:41,554] [INFO] [runner_train_mujoco] Average state value: 0.4839393148223559
[2022-11-24 23:34:41,554] [INFO] [controller] ITERATION NUM: 42
[2022-11-24 23:34:41,627] [INFO] [controller] EPOCH 1 loss ppo:  -0.01280, loss val: 0.04001
[2022-11-24 23:34:41,685] [INFO] [controller] EPOCH 2 loss ppo:  -0.02290, loss val: 0.04009
[2022-11-24 23:34:41,739] [INFO] [controller] EPOCH 3 loss ppo:  -0.03374, loss val: 0.04009
[2022-11-24 23:34:41,794] [INFO] [controller] EPOCH 4 loss ppo:  -0.04767, loss val: 0.03895
[2022-11-24 23:34:41,806] [INFO] [runner_train_mujoco] Finished batch.
[2022-11-24 23:34:41,894] [INFO] [runner_train_mujoco] Starting simulation batch with mujoco.
[2022-11-24 23:34:41,894] [INFO] [runner_train_mujoco] Environment 0
[2022-11-24 23:34:49,099] [INFO] [runner_train_mujoco] Environment 1
[2022-11-24 23:34:58,457] [INFO] [runner_train_mujoco] Environment 2
[2022-11-24 23:35:08,455] [INFO] [runner_train_mujoco] Environment 3
[2022-11-24 23:35:18,758] [INFO] [runner_train_mujoco] Environment 4
[2022-11-24 23:35:28,347] [INFO] [runner_train_mujoco] Environment 5
[2022-11-24 23:35:36,798] [INFO] [runner_train_mujoco] Environment 6
[2022-11-24 23:35:44,903] [INFO] [runner_train_mujoco] Environment 7
[2022-11-24 23:35:53,424] [INFO] [runner_train_mujoco] Environment 8
[2022-11-24 23:36:01,481] [INFO] [runner_train_mujoco] Environment 9
[2022-11-24 23:36:10,027] [INFO] [runner_train_mujoco] Average cumulative reward after 150 steps: 3.6966036278284387
[2022-11-24 23:36:10,028] [INFO] [runner_train_mujoco] Average state value: 0.4984952372511229
[2022-11-24 23:36:10,028] [INFO] [controller] ITERATION NUM: 43
[2022-11-24 23:36:10,108] [INFO] [controller] EPOCH 1 loss ppo:  -0.01457, loss val: 0.04890
[2022-11-24 23:36:10,172] [INFO] [controller] EPOCH 2 loss ppo:  -0.02296, loss val: 0.04734
[2022-11-24 23:36:10,270] [INFO] [controller] EPOCH 3 loss ppo:  -0.02884, loss val: 0.04583
[2022-11-24 23:36:10,332] [INFO] [controller] EPOCH 4 loss ppo:  -0.04250, loss val: 0.04673
[2022-11-24 23:36:10,345] [INFO] [runner_train_mujoco] Finished batch.
[2022-11-24 23:36:10,439] [INFO] [runner_train_mujoco] Starting simulation batch with mujoco.
[2022-11-24 23:36:10,439] [INFO] [runner_train_mujoco] Environment 0
[2022-11-24 23:36:21,563] [INFO] [runner_train_mujoco] Environment 1
[2022-11-24 23:36:31,431] [INFO] [runner_train_mujoco] Environment 2
[2022-11-24 23:36:41,814] [INFO] [runner_train_mujoco] Environment 3
[2022-11-24 23:36:50,524] [INFO] [runner_train_mujoco] Environment 4
[2022-11-24 23:36:58,848] [INFO] [runner_train_mujoco] Environment 5
[2022-11-24 23:37:07,884] [INFO] [runner_train_mujoco] Environment 6
[2022-11-24 23:37:16,621] [INFO] [runner_train_mujoco] Environment 7
[2022-11-24 23:37:25,468] [INFO] [runner_train_mujoco] Environment 8
[2022-11-24 23:37:33,775] [INFO] [runner_train_mujoco] Environment 9
[2022-11-24 23:37:41,598] [INFO] [runner_train_mujoco] Average cumulative reward after 150 steps: 3.653683060093931
[2022-11-24 23:37:41,598] [INFO] [runner_train_mujoco] Average state value: 0.5301015532811483
[2022-11-24 23:37:41,598] [INFO] [controller] ITERATION NUM: 44
[2022-11-24 23:37:41,673] [INFO] [controller] EPOCH 1 loss ppo:  -0.01609, loss val: 0.03488
[2022-11-24 23:37:41,734] [INFO] [controller] EPOCH 2 loss ppo:  -0.02724, loss val: 0.03755
[2022-11-24 23:37:41,796] [INFO] [controller] EPOCH 3 loss ppo:  -0.03214, loss val: 0.03850
[2022-11-24 23:37:41,859] [INFO] [controller] EPOCH 4 loss ppo:  -0.04035, loss val: 0.03609
[2022-11-24 23:37:41,876] [INFO] [runner_train_mujoco] Finished batch.
[2022-11-24 23:37:41,972] [INFO] [runner_train_mujoco] Starting simulation batch with mujoco.
[2022-11-24 23:37:41,973] [INFO] [runner_train_mujoco] Environment 0
[2022-11-24 23:37:50,155] [INFO] [runner_train_mujoco] Environment 1
[2022-11-24 23:38:00,407] [INFO] [runner_train_mujoco] Environment 2
[2022-11-24 23:38:10,525] [INFO] [runner_train_mujoco] Environment 3
[2022-11-24 23:38:19,655] [INFO] [runner_train_mujoco] Environment 4
[2022-11-24 23:38:28,100] [INFO] [runner_train_mujoco] Environment 5
[2022-11-24 23:38:36,141] [INFO] [runner_train_mujoco] Environment 6
[2022-11-24 23:38:43,910] [INFO] [runner_train_mujoco] Environment 7
[2022-11-24 23:38:51,758] [INFO] [runner_train_mujoco] Environment 8
[2022-11-24 23:38:59,965] [INFO] [runner_train_mujoco] Environment 9
[2022-11-24 23:39:07,733] [INFO] [runner_train_mujoco] Average cumulative reward after 150 steps: 4.40003302807434
[2022-11-24 23:39:07,733] [INFO] [runner_train_mujoco] Average state value: 0.5420163568556309
[2022-11-24 23:39:07,733] [INFO] [controller] ITERATION NUM: 45
[2022-11-24 23:39:07,803] [INFO] [controller] EPOCH 1 loss ppo:  -0.01370, loss val: 0.05065
[2022-11-24 23:39:07,863] [INFO] [controller] EPOCH 2 loss ppo:  -0.02443, loss val: 0.05090
[2022-11-24 23:39:07,935] [INFO] [controller] EPOCH 3 loss ppo:  -0.03516, loss val: 0.05096
[2022-11-24 23:39:07,995] [INFO] [controller] EPOCH 4 loss ppo:  -0.04254, loss val: 0.04966
[2022-11-24 23:39:08,008] [INFO] [runner_train_mujoco] Finished batch.
[2022-11-24 23:39:08,099] [INFO] [runner_train_mujoco] Starting simulation batch with mujoco.
[2022-11-24 23:39:08,099] [INFO] [runner_train_mujoco] Environment 0
[2022-11-24 23:39:15,801] [INFO] [runner_train_mujoco] Environment 1
[2022-11-24 23:39:23,943] [INFO] [runner_train_mujoco] Environment 2
[2022-11-24 23:39:31,671] [INFO] [runner_train_mujoco] Environment 3
[2022-11-24 23:39:39,704] [INFO] [runner_train_mujoco] Environment 4
[2022-11-24 23:39:47,367] [INFO] [runner_train_mujoco] Environment 5
[2022-11-24 23:39:55,529] [INFO] [runner_train_mujoco] Environment 6
[2022-11-24 23:40:03,078] [INFO] [runner_train_mujoco] Environment 7
[2022-11-24 23:40:10,906] [INFO] [runner_train_mujoco] Environment 8
[2022-11-24 23:40:18,392] [INFO] [runner_train_mujoco] Environment 9
[2022-11-24 23:40:26,902] [INFO] [runner_train_mujoco] Average cumulative reward after 150 steps: 4.145759577414901
[2022-11-24 23:40:26,902] [INFO] [runner_train_mujoco] Average state value: 0.4954467424203951
[2022-11-24 23:40:26,902] [INFO] [controller] ITERATION NUM: 46
[2022-11-24 23:40:26,974] [INFO] [controller] EPOCH 1 loss ppo:  -0.01535, loss val: 0.06049
[2022-11-24 23:40:27,037] [INFO] [controller] EPOCH 2 loss ppo:  -0.02662, loss val: 0.05915
[2022-11-24 23:40:27,176] [INFO] [controller] EPOCH 3 loss ppo:  -0.03569, loss val: 0.05817
[2022-11-24 23:40:27,238] [INFO] [controller] EPOCH 4 loss ppo:  -0.04414, loss val: 0.05872
[2022-11-24 23:40:27,251] [INFO] [runner_train_mujoco] Finished batch.
[2022-11-24 23:40:27,354] [INFO] [runner_train_mujoco] Starting simulation batch with mujoco.
[2022-11-24 23:40:27,354] [INFO] [runner_train_mujoco] Environment 0
[2022-11-24 23:40:34,835] [INFO] [runner_train_mujoco] Environment 1
[2022-11-24 23:40:42,488] [INFO] [runner_train_mujoco] Environment 2
[2022-11-24 23:40:50,344] [INFO] [runner_train_mujoco] Environment 3
[2022-11-24 23:40:58,563] [INFO] [runner_train_mujoco] Environment 4
[2022-11-24 23:41:06,853] [INFO] [runner_train_mujoco] Environment 5
[2022-11-24 23:41:14,778] [INFO] [runner_train_mujoco] Environment 6
[2022-11-24 23:41:22,962] [INFO] [runner_train_mujoco] Environment 7
[2022-11-24 23:41:30,310] [INFO] [runner_train_mujoco] Environment 8
[2022-11-24 23:41:37,836] [INFO] [runner_train_mujoco] Environment 9
[2022-11-24 23:41:45,580] [INFO] [runner_train_mujoco] Average cumulative reward after 150 steps: 4.315560002253681
[2022-11-24 23:41:45,580] [INFO] [runner_train_mujoco] Average state value: 0.5009700978919863
[2022-11-24 23:41:45,580] [INFO] [controller] ITERATION NUM: 47
[2022-11-24 23:41:45,654] [INFO] [controller] EPOCH 1 loss ppo:  -0.01374, loss val: 0.04347
[2022-11-24 23:41:45,723] [INFO] [controller] EPOCH 2 loss ppo:  -0.02504, loss val: 0.04254
[2022-11-24 23:41:45,781] [INFO] [controller] EPOCH 3 loss ppo:  -0.03855, loss val: 0.04433
[2022-11-24 23:41:45,838] [INFO] [controller] EPOCH 4 loss ppo:  -0.04652, loss val: 0.04265
[2022-11-24 23:41:45,850] [INFO] [runner_train_mujoco] Finished batch.
[2022-11-24 23:41:45,941] [INFO] [runner_train_mujoco] Starting simulation batch with mujoco.
[2022-11-24 23:41:45,942] [INFO] [runner_train_mujoco] Environment 0
[2022-11-24 23:41:54,343] [INFO] [runner_train_mujoco] Environment 1
[2022-11-24 23:42:02,711] [INFO] [runner_train_mujoco] Environment 2
[2022-11-24 23:42:10,703] [INFO] [runner_train_mujoco] Environment 3
[2022-11-24 23:42:19,164] [INFO] [runner_train_mujoco] Environment 4
[2022-11-24 23:42:27,075] [INFO] [runner_train_mujoco] Environment 5
[2022-11-24 23:42:34,849] [INFO] [runner_train_mujoco] Environment 6
[2022-11-24 23:42:42,698] [INFO] [runner_train_mujoco] Environment 7
[2022-11-24 23:42:51,456] [INFO] [runner_train_mujoco] Environment 8
[2022-11-24 23:43:00,751] [INFO] [runner_train_mujoco] Environment 9
[2022-11-24 23:43:10,589] [INFO] [runner_train_mujoco] Average cumulative reward after 150 steps: 4.2275264202672345
[2022-11-24 23:43:10,590] [INFO] [runner_train_mujoco] Average state value: 0.4928913327852885
[2022-11-24 23:43:10,590] [INFO] [controller] ITERATION NUM: 48
[2022-11-24 23:43:10,699] [INFO] [controller] EPOCH 1 loss ppo:  -0.01520, loss val: 0.04262
[2022-11-24 23:43:10,886] [INFO] [controller] EPOCH 2 loss ppo:  -0.02666, loss val: 0.04226
[2022-11-24 23:43:11,001] [INFO] [controller] EPOCH 3 loss ppo:  -0.03656, loss val: 0.04199
[2022-11-24 23:43:11,254] [INFO] [controller] EPOCH 4 loss ppo:  -0.04208, loss val: 0.04212
[2022-11-24 23:43:11,267] [INFO] [runner_train_mujoco] Finished batch.
[2022-11-24 23:43:11,382] [INFO] [runner_train_mujoco] Starting simulation batch with mujoco.
[2022-11-24 23:43:11,383] [INFO] [runner_train_mujoco] Environment 0
[2022-11-24 23:43:20,560] [INFO] [runner_train_mujoco] Environment 1
[2022-11-24 23:43:29,655] [INFO] [runner_train_mujoco] Environment 2
[2022-11-24 23:43:37,809] [INFO] [runner_train_mujoco] Environment 3
[2022-11-24 23:43:45,690] [INFO] [runner_train_mujoco] Environment 4
[2022-11-24 23:43:54,752] [INFO] [runner_train_mujoco] Environment 5
[2022-11-24 23:44:02,774] [INFO] [runner_train_mujoco] Environment 6
[2022-11-24 23:44:10,490] [INFO] [runner_train_mujoco] Environment 7
[2022-11-24 23:44:18,509] [INFO] [runner_train_mujoco] Environment 8
[2022-11-24 23:44:25,600] [INFO] [runner_train_mujoco] Environment 9
[2022-11-24 23:44:32,774] [INFO] [runner_train_mujoco] Average cumulative reward after 150 steps: 4.259997493040249
[2022-11-24 23:44:32,774] [INFO] [runner_train_mujoco] Average state value: 0.5077737295230229
[2022-11-24 23:44:32,774] [INFO] [controller] ITERATION NUM: 49
[2022-11-24 23:44:32,851] [INFO] [controller] EPOCH 1 loss ppo:  -0.01427, loss val: 0.04173
[2022-11-24 23:44:32,927] [INFO] [controller] EPOCH 2 loss ppo:  -0.02367, loss val: 0.04099
[2022-11-24 23:44:33,000] [INFO] [controller] EPOCH 3 loss ppo:  -0.03291, loss val: 0.04182
[2022-11-24 23:44:33,067] [INFO] [controller] EPOCH 4 loss ppo:  -0.03912, loss val: 0.04106
[2022-11-24 23:44:33,081] [INFO] [runner_train_mujoco] Finished batch.
[2022-11-24 23:44:33,176] [INFO] [runner_train_mujoco] Starting simulation batch with mujoco.
[2022-11-24 23:44:33,177] [INFO] [runner_train_mujoco] Environment 0
[2022-11-24 23:44:40,621] [INFO] [runner_train_mujoco] Environment 1
[2022-11-24 23:44:48,261] [INFO] [runner_train_mujoco] Environment 2
[2022-11-24 23:44:57,011] [INFO] [runner_train_mujoco] Environment 3
[2022-11-24 23:45:04,330] [INFO] [runner_train_mujoco] Environment 4
[2022-11-24 23:45:11,901] [INFO] [runner_train_mujoco] Environment 5
[2022-11-24 23:45:19,549] [INFO] [runner_train_mujoco] Environment 6
[2022-11-24 23:45:26,175] [INFO] [runner_train_mujoco] Environment 7
[2022-11-24 23:45:32,503] [INFO] [runner_train_mujoco] Environment 8
[2022-11-24 23:45:40,317] [INFO] [runner_train_mujoco] Environment 9
[2022-11-24 23:45:47,113] [INFO] [runner_train_mujoco] Average cumulative reward after 150 steps: 4.662090633682455
[2022-11-24 23:45:47,113] [INFO] [runner_train_mujoco] Average state value: 0.5150262695153555
[2022-11-24 23:45:47,113] [INFO] [controller] ITERATION NUM: 50
[2022-11-24 23:45:47,179] [INFO] [controller] EPOCH 1 loss ppo:  -0.01458, loss val: 0.04991
[2022-11-24 23:45:47,235] [INFO] [controller] EPOCH 2 loss ppo:  -0.02264, loss val: 0.04998
[2022-11-24 23:45:47,296] [INFO] [controller] EPOCH 3 loss ppo:  -0.03058, loss val: 0.05001
[2022-11-24 23:45:47,357] [INFO] [controller] EPOCH 4 loss ppo:  -0.03610, loss val: 0.04952
[2022-11-24 23:45:47,369] [INFO] [runner_train_mujoco] Finished batch.
[2022-11-24 23:45:47,463] [INFO] [runner_train_mujoco] Starting simulation batch with mujoco.
[2022-11-24 23:45:47,464] [INFO] [runner_train_mujoco] Environment 0
[2022-11-24 23:45:54,621] [INFO] [runner_train_mujoco] Environment 1
[2022-11-24 23:46:02,072] [INFO] [runner_train_mujoco] Environment 2
[2022-11-24 23:46:09,735] [INFO] [runner_train_mujoco] Environment 3
[2022-11-24 23:46:18,488] [INFO] [runner_train_mujoco] Environment 4
[2022-11-24 23:46:24,878] [INFO] [runner_train_mujoco] Environment 5
[2022-11-24 23:46:31,559] [INFO] [runner_train_mujoco] Environment 6
[2022-11-24 23:46:38,348] [INFO] [runner_train_mujoco] Environment 7
[2022-11-24 23:46:45,173] [INFO] [runner_train_mujoco] Environment 8
[2022-11-24 23:46:51,837] [INFO] [runner_train_mujoco] Environment 9
[2022-11-24 23:46:59,828] [INFO] [runner_train_mujoco] Average cumulative reward after 150 steps: 4.537971308571245
[2022-11-24 23:46:59,829] [INFO] [runner_train_mujoco] Average state value: 0.5059220900535585
[2022-11-24 23:46:59,829] [INFO] [controller] ITERATION NUM: 51
[2022-11-24 23:46:59,908] [INFO] [controller] EPOCH 1 loss ppo:  -0.01431, loss val: 0.03898
[2022-11-24 23:46:59,969] [INFO] [controller] EPOCH 2 loss ppo:  -0.02182, loss val: 0.03989
[2022-11-24 23:47:00,039] [INFO] [controller] EPOCH 3 loss ppo:  -0.02917, loss val: 0.03827
[2022-11-24 23:47:00,101] [INFO] [controller] EPOCH 4 loss ppo:  -0.03436, loss val: 0.04105
[2022-11-24 23:47:00,113] [INFO] [runner_train_mujoco] Finished batch.
[2022-11-24 23:47:00,207] [INFO] [runner_train_mujoco] Starting simulation batch with mujoco.
[2022-11-24 23:47:00,207] [INFO] [runner_train_mujoco] Environment 0
[2022-11-24 23:47:08,819] [INFO] [runner_train_mujoco] Environment 1
[2022-11-24 23:47:17,947] [INFO] [runner_train_mujoco] Environment 2
[2022-11-24 23:47:25,434] [INFO] [runner_train_mujoco] Environment 3
[2022-11-24 23:47:33,387] [INFO] [runner_train_mujoco] Environment 4
[2022-11-24 23:47:41,721] [INFO] [runner_train_mujoco] Environment 5
[2022-11-24 23:47:49,102] [INFO] [runner_train_mujoco] Environment 6
[2022-11-24 23:47:56,878] [INFO] [runner_train_mujoco] Environment 7
[2022-11-24 23:48:03,975] [INFO] [runner_train_mujoco] Environment 8
[2022-11-24 23:48:10,663] [INFO] [runner_train_mujoco] Environment 9
[2022-11-24 23:48:18,183] [INFO] [runner_train_mujoco] Average cumulative reward after 150 steps: 4.466671233402041
[2022-11-24 23:48:18,184] [INFO] [runner_train_mujoco] Average state value: 0.5050497057636578
[2022-11-24 23:48:18,184] [INFO] [controller] ITERATION NUM: 52
[2022-11-24 23:48:18,303] [INFO] [controller] EPOCH 1 loss ppo:  -0.01417, loss val: 0.03889
[2022-11-24 23:48:18,413] [INFO] [controller] EPOCH 2 loss ppo:  -0.01908, loss val: 0.04095
[2022-11-24 23:48:18,490] [INFO] [controller] EPOCH 3 loss ppo:  -0.02678, loss val: 0.03913
[2022-11-24 23:48:18,555] [INFO] [controller] EPOCH 4 loss ppo:  -0.03411, loss val: 0.03813
[2022-11-24 23:48:18,567] [INFO] [runner_train_mujoco] Finished batch.
[2022-11-24 23:48:18,660] [INFO] [runner_train_mujoco] Starting simulation batch with mujoco.
[2022-11-24 23:48:18,661] [INFO] [runner_train_mujoco] Environment 0
[2022-11-24 23:48:27,722] [INFO] [runner_train_mujoco] Environment 1
[2022-11-24 23:48:37,804] [INFO] [runner_train_mujoco] Environment 2
[2022-11-24 23:48:46,190] [INFO] [runner_train_mujoco] Environment 3
[2022-11-24 23:48:55,364] [INFO] [runner_train_mujoco] Environment 4
[2022-11-24 23:49:04,576] [INFO] [runner_train_mujoco] Environment 5
[2022-11-24 23:49:11,436] [INFO] [runner_train_mujoco] Environment 6
[2022-11-24 23:49:18,585] [INFO] [runner_train_mujoco] Environment 7
[2022-11-24 23:49:25,777] [INFO] [runner_train_mujoco] Environment 8
[2022-11-24 23:49:32,772] [INFO] [runner_train_mujoco] Environment 9
[2022-11-24 23:49:40,223] [INFO] [runner_train_mujoco] Average cumulative reward after 150 steps: 4.2174448849509805
[2022-11-24 23:49:40,223] [INFO] [runner_train_mujoco] Average state value: 0.4997144129648804
[2022-11-24 23:49:40,223] [INFO] [controller] ITERATION NUM: 53
[2022-11-24 23:49:40,288] [INFO] [controller] EPOCH 1 loss ppo:  -0.01373, loss val: 0.04933
[2022-11-24 23:49:40,341] [INFO] [controller] EPOCH 2 loss ppo:  -0.01881, loss val: 0.04899
[2022-11-24 23:49:40,415] [INFO] [controller] EPOCH 3 loss ppo:  -0.02748, loss val: 0.04881
[2022-11-24 23:49:40,483] [INFO] [controller] EPOCH 4 loss ppo:  -0.03490, loss val: 0.04813
[2022-11-24 23:49:40,496] [INFO] [runner_train_mujoco] Finished batch.
[2022-11-24 23:49:40,589] [INFO] [runner_train_mujoco] Starting simulation batch with mujoco.
[2022-11-24 23:49:40,590] [INFO] [runner_train_mujoco] Environment 0
[2022-11-24 23:49:47,629] [INFO] [runner_train_mujoco] Environment 1
[2022-11-24 23:49:54,938] [INFO] [runner_train_mujoco] Environment 2
[2022-11-24 23:50:01,787] [INFO] [runner_train_mujoco] Environment 3
[2022-11-24 23:50:08,625] [INFO] [runner_train_mujoco] Environment 4
[2022-11-24 23:50:15,608] [INFO] [runner_train_mujoco] Environment 5
[2022-11-24 23:50:22,259] [INFO] [runner_train_mujoco] Environment 6
[2022-11-24 23:50:29,235] [INFO] [runner_train_mujoco] Environment 7
[2022-11-24 23:50:36,093] [INFO] [runner_train_mujoco] Environment 8
[2022-11-24 23:50:43,077] [INFO] [runner_train_mujoco] Environment 9
[2022-11-24 23:50:52,673] [INFO] [runner_train_mujoco] Average cumulative reward after 150 steps: 4.621943300978745
[2022-11-24 23:50:52,674] [INFO] [runner_train_mujoco] Average state value: 0.4848343888198336
[2022-11-24 23:50:52,674] [INFO] [controller] ITERATION NUM: 54
[2022-11-24 23:50:52,743] [INFO] [controller] EPOCH 1 loss ppo:  -0.01404, loss val: 0.05496
[2022-11-24 23:50:52,794] [INFO] [controller] EPOCH 2 loss ppo:  -0.01920, loss val: 0.05345
[2022-11-24 23:50:52,853] [INFO] [controller] EPOCH 3 loss ppo:  -0.02510, loss val: 0.05462
[2022-11-24 23:50:52,910] [INFO] [controller] EPOCH 4 loss ppo:  -0.03163, loss val: 0.05344
[2022-11-24 23:50:52,922] [INFO] [runner_train_mujoco] Finished batch.
[2022-11-24 23:50:53,015] [INFO] [runner_train_mujoco] Starting simulation batch with mujoco.
[2022-11-24 23:50:53,015] [INFO] [runner_train_mujoco] Environment 0
[2022-11-24 23:51:00,306] [INFO] [runner_train_mujoco] Environment 1
[2022-11-24 23:51:09,049] [INFO] [runner_train_mujoco] Environment 2
[2022-11-24 23:51:18,142] [INFO] [runner_train_mujoco] Environment 3
[2022-11-24 23:51:25,225] [INFO] [runner_train_mujoco] Environment 4
[2022-11-24 23:51:32,153] [INFO] [runner_train_mujoco] Environment 5
[2022-11-24 23:51:39,399] [INFO] [runner_train_mujoco] Environment 6
[2022-11-24 23:51:46,178] [INFO] [runner_train_mujoco] Environment 7
[2022-11-24 23:51:53,059] [INFO] [runner_train_mujoco] Environment 8
[2022-11-24 23:52:00,195] [INFO] [runner_train_mujoco] Environment 9
[2022-11-24 23:52:07,006] [INFO] [runner_train_mujoco] Average cumulative reward after 150 steps: 4.537294673303039
[2022-11-24 23:52:07,006] [INFO] [runner_train_mujoco] Average state value: 0.5248454917271932
[2022-11-24 23:52:07,006] [INFO] [controller] ITERATION NUM: 55
[2022-11-24 23:52:07,061] [INFO] [controller] EPOCH 1 loss ppo:  -0.01455, loss val: 0.04477
[2022-11-24 23:52:07,111] [INFO] [controller] EPOCH 2 loss ppo:  -0.01913, loss val: 0.04492
[2022-11-24 23:52:07,165] [INFO] [controller] EPOCH 3 loss ppo:  -0.02752, loss val: 0.04495
[2022-11-24 23:52:07,228] [INFO] [controller] EPOCH 4 loss ppo:  -0.03425, loss val: 0.04546
[2022-11-24 23:52:07,240] [INFO] [runner_train_mujoco] Finished batch.
[2022-11-24 23:52:07,323] [INFO] [runner_train_mujoco] Starting simulation batch with mujoco.
[2022-11-24 23:52:07,323] [INFO] [runner_train_mujoco] Environment 0
[2022-11-24 23:52:14,257] [INFO] [runner_train_mujoco] Environment 1
[2022-11-24 23:52:21,107] [INFO] [runner_train_mujoco] Environment 2
[2022-11-24 23:52:28,203] [INFO] [runner_train_mujoco] Environment 3
[2022-11-24 23:52:35,800] [INFO] [runner_train_mujoco] Environment 4
[2022-11-24 23:52:42,498] [INFO] [runner_train_mujoco] Environment 5
[2022-11-24 23:52:49,230] [INFO] [runner_train_mujoco] Environment 6
[2022-11-24 23:52:55,991] [INFO] [runner_train_mujoco] Environment 7
[2022-11-24 23:53:02,884] [INFO] [runner_train_mujoco] Environment 8
[2022-11-24 23:53:09,414] [INFO] [runner_train_mujoco] Environment 9
[2022-11-24 23:53:16,789] [INFO] [runner_train_mujoco] Average cumulative reward after 150 steps: 4.7740265629780385
[2022-11-24 23:53:16,789] [INFO] [runner_train_mujoco] Average state value: 0.5266679836610952
[2022-11-24 23:53:16,790] [INFO] [controller] ITERATION NUM: 56
[2022-11-24 23:53:16,854] [INFO] [controller] EPOCH 1 loss ppo:  -0.01456, loss val: 0.04123
[2022-11-24 23:53:16,908] [INFO] [controller] EPOCH 2 loss ppo:  -0.01864, loss val: 0.04421
[2022-11-24 23:53:16,962] [INFO] [controller] EPOCH 3 loss ppo:  -0.02390, loss val: 0.04762
[2022-11-24 23:53:17,012] [INFO] [controller] EPOCH 4 loss ppo:  -0.02777, loss val: 0.04107
[2022-11-24 23:53:17,023] [INFO] [runner_train_mujoco] Finished batch.
[2022-11-24 23:53:17,110] [INFO] [runner_train_mujoco] Starting simulation batch with mujoco.
[2022-11-24 23:53:17,110] [INFO] [runner_train_mujoco] Environment 0
[2022-11-24 23:53:23,680] [INFO] [runner_train_mujoco] Environment 1
[2022-11-24 23:53:30,805] [INFO] [runner_train_mujoco] Environment 2
[2022-11-24 23:53:37,948] [INFO] [runner_train_mujoco] Environment 3
[2022-11-24 23:53:44,524] [INFO] [runner_train_mujoco] Environment 4
[2022-11-24 23:53:51,166] [INFO] [runner_train_mujoco] Environment 5
[2022-11-24 23:53:58,268] [INFO] [runner_train_mujoco] Environment 6
[2022-11-24 23:54:04,992] [INFO] [runner_train_mujoco] Environment 7
[2022-11-24 23:54:11,775] [INFO] [runner_train_mujoco] Environment 8
[2022-11-24 23:54:18,535] [INFO] [runner_train_mujoco] Environment 9
[2022-11-24 23:54:25,129] [INFO] [runner_train_mujoco] Average cumulative reward after 150 steps: 4.748136717844178
[2022-11-24 23:54:25,129] [INFO] [runner_train_mujoco] Average state value: 0.5176507861328622
[2022-11-24 23:54:25,129] [INFO] [controller] ITERATION NUM: 57
[2022-11-24 23:54:25,194] [INFO] [controller] EPOCH 1 loss ppo:  -0.01406, loss val: 0.03132
[2022-11-24 23:54:25,244] [INFO] [controller] EPOCH 2 loss ppo:  -0.01618, loss val: 0.03247
[2022-11-24 23:54:25,301] [INFO] [controller] EPOCH 3 loss ppo:  -0.01946, loss val: 0.03178
[2022-11-24 23:54:25,360] [INFO] [controller] EPOCH 4 loss ppo:  -0.02485, loss val: 0.03153
[2022-11-24 23:54:25,368] [INFO] [runner_train_mujoco] Finished batch.
[2022-11-24 23:54:25,444] [INFO] [runner_train_mujoco] Starting simulation batch with mujoco.
[2022-11-24 23:54:25,445] [INFO] [runner_train_mujoco] Environment 0
[2022-11-24 23:54:31,926] [INFO] [runner_train_mujoco] Environment 1
[2022-11-24 23:54:39,236] [INFO] [runner_train_mujoco] Environment 2
[2022-11-24 23:54:45,714] [INFO] [runner_train_mujoco] Environment 3
[2022-11-24 23:54:52,611] [INFO] [runner_train_mujoco] Environment 4
[2022-11-24 23:54:59,207] [INFO] [runner_train_mujoco] Environment 5
[2022-11-24 23:55:06,336] [INFO] [runner_train_mujoco] Environment 6
[2022-11-24 23:55:13,040] [INFO] [runner_train_mujoco] Environment 7
[2022-11-24 23:55:19,715] [INFO] [runner_train_mujoco] Environment 8
[2022-11-24 23:55:26,679] [INFO] [runner_train_mujoco] Environment 9
[2022-11-24 23:55:33,429] [INFO] [runner_train_mujoco] Average cumulative reward after 150 steps: 4.638663847551103
[2022-11-24 23:55:33,429] [INFO] [runner_train_mujoco] Average state value: 0.4719449831098318
[2022-11-24 23:55:33,430] [INFO] [controller] ITERATION NUM: 58
[2022-11-24 23:55:33,494] [INFO] [controller] EPOCH 1 loss ppo:  -0.01410, loss val: 0.07352
[2022-11-24 23:55:33,575] [INFO] [controller] EPOCH 2 loss ppo:  -0.01474, loss val: 0.07332
[2022-11-24 23:55:33,642] [INFO] [controller] EPOCH 3 loss ppo:  -0.01587, loss val: 0.07454
[2022-11-24 23:55:33,698] [INFO] [controller] EPOCH 4 loss ppo:  -0.01751, loss val: 0.07352
[2022-11-24 23:55:33,710] [INFO] [runner_train_mujoco] Finished batch.
[2022-11-24 23:55:33,717] [INFO] [optimize] Finished learning.
