[2022-11-24 04:51:09,252] [INFO] [optimize] Starting learning
[2022-11-24 04:51:09,267] [INFO] [optimize] Starting learning process..
[2022-11-24 04:51:09,414] [INFO] [runner_train_mujoco] Starting simulation batch with mujoco.
[2022-11-24 04:51:09,415] [INFO] [runner_train_mujoco] Environment 0
[2022-11-24 04:51:19,006] [INFO] [runner_train_mujoco] Environment 1
[2022-11-24 04:51:30,061] [INFO] [runner_train_mujoco] Environment 2
[2022-11-24 04:51:39,843] [INFO] [runner_train_mujoco] Environment 3
[2022-11-24 04:51:49,212] [INFO] [runner_train_mujoco] Environment 4
[2022-11-24 04:51:58,544] [INFO] [runner_train_mujoco] Environment 5
[2022-11-24 04:52:09,300] [INFO] [runner_train_mujoco] Environment 6
[2022-11-24 04:52:19,183] [INFO] [runner_train_mujoco] Environment 7
[2022-11-24 04:52:28,953] [INFO] [runner_train_mujoco] Environment 8
[2022-11-24 04:52:39,189] [INFO] [runner_train_mujoco] Environment 9
[2022-11-24 04:52:49,034] [INFO] [runner_train_mujoco] Average cumulative reward after 150 steps: 1.6613972682118436
[2022-11-24 04:52:49,034] [INFO] [runner_train_mujoco] Average state value: -0.17736935599520803
[2022-11-24 04:52:49,034] [INFO] [controller] ITERATION NUM: 1
[2022-11-24 04:52:49,098] [INFO] [controller] EPOCH 1 loss ppo:  -0.00882, loss val: 0.63135
[2022-11-24 04:52:49,161] [INFO] [controller] EPOCH 2 loss ppo:  -0.05924, loss val: 0.57554
[2022-11-24 04:52:49,228] [INFO] [controller] EPOCH 3 loss ppo:  -0.07946, loss val: 0.50904
[2022-11-24 04:52:49,286] [INFO] [controller] EPOCH 4 loss ppo:  -0.09175, loss val: 0.47597
[2022-11-24 04:52:49,300] [INFO] [runner_train_mujoco] Finished batch.
[2022-11-24 04:52:49,408] [INFO] [runner_train_mujoco] Starting simulation batch with mujoco.
[2022-11-24 04:52:49,408] [INFO] [runner_train_mujoco] Environment 0
[2022-11-24 04:52:58,952] [INFO] [runner_train_mujoco] Environment 1
[2022-11-24 04:53:08,734] [INFO] [runner_train_mujoco] Environment 2
[2022-11-24 04:53:18,370] [INFO] [runner_train_mujoco] Environment 3
[2022-11-24 04:53:28,190] [INFO] [runner_train_mujoco] Environment 4
[2022-11-24 04:53:37,924] [INFO] [runner_train_mujoco] Environment 5
[2022-11-24 04:53:47,505] [INFO] [runner_train_mujoco] Environment 6
[2022-11-24 04:53:56,831] [INFO] [runner_train_mujoco] Environment 7
[2022-11-24 04:54:06,635] [INFO] [runner_train_mujoco] Environment 8
[2022-11-24 04:54:15,836] [INFO] [runner_train_mujoco] Environment 9
[2022-11-24 04:54:24,969] [INFO] [runner_train_mujoco] Average cumulative reward after 150 steps: 1.5252586118790175
[2022-11-24 04:54:24,969] [INFO] [runner_train_mujoco] Average state value: -0.04340787270789345
[2022-11-24 04:54:24,969] [INFO] [controller] ITERATION NUM: 2
[2022-11-24 04:54:25,023] [INFO] [controller] EPOCH 1 loss ppo:  -0.01581, loss val: 0.52712
[2022-11-24 04:54:25,070] [INFO] [controller] EPOCH 2 loss ppo:  -0.05327, loss val: 0.48734
[2022-11-24 04:54:25,129] [INFO] [controller] EPOCH 3 loss ppo:  -0.07260, loss val: 0.44973
[2022-11-24 04:54:25,174] [INFO] [controller] EPOCH 4 loss ppo:  -0.08242, loss val: 0.41341
[2022-11-24 04:54:25,184] [INFO] [runner_train_mujoco] Finished batch.
[2022-11-24 04:54:25,295] [INFO] [runner_train_mujoco] Starting simulation batch with mujoco.
[2022-11-24 04:54:25,296] [INFO] [runner_train_mujoco] Environment 0
[2022-11-24 04:54:35,078] [INFO] [runner_train_mujoco] Environment 1
[2022-11-24 04:54:45,067] [INFO] [runner_train_mujoco] Environment 2
[2022-11-24 04:54:54,306] [INFO] [runner_train_mujoco] Environment 3
[2022-11-24 04:55:04,117] [INFO] [runner_train_mujoco] Environment 4
[2022-11-24 04:55:13,478] [INFO] [runner_train_mujoco] Environment 5
[2022-11-24 04:55:23,040] [INFO] [runner_train_mujoco] Environment 6
[2022-11-24 04:55:32,302] [INFO] [runner_train_mujoco] Environment 7
[2022-11-24 04:55:41,472] [INFO] [runner_train_mujoco] Environment 8
[2022-11-24 04:55:51,423] [INFO] [runner_train_mujoco] Environment 9
[2022-11-24 04:56:01,021] [INFO] [runner_train_mujoco] Average cumulative reward after 150 steps: 1.71205413970585
[2022-11-24 04:56:01,021] [INFO] [runner_train_mujoco] Average state value: 0.06003634054462115
[2022-11-24 04:56:01,021] [INFO] [controller] ITERATION NUM: 3
[2022-11-24 04:56:01,147] [INFO] [controller] EPOCH 1 loss ppo:  -0.01432, loss val: 0.37657
[2022-11-24 04:56:01,310] [INFO] [controller] EPOCH 2 loss ppo:  -0.05001, loss val: 0.33442
[2022-11-24 04:56:01,369] [INFO] [controller] EPOCH 3 loss ppo:  -0.06735, loss val: 0.31464
[2022-11-24 04:56:01,424] [INFO] [controller] EPOCH 4 loss ppo:  -0.07849, loss val: 0.27939
[2022-11-24 04:56:01,433] [INFO] [runner_train_mujoco] Finished batch.
[2022-11-24 04:56:01,547] [INFO] [runner_train_mujoco] Starting simulation batch with mujoco.
[2022-11-24 04:56:01,547] [INFO] [runner_train_mujoco] Environment 0
[2022-11-24 04:56:11,297] [INFO] [runner_train_mujoco] Environment 1
[2022-11-24 04:56:20,879] [INFO] [runner_train_mujoco] Environment 2
[2022-11-24 04:56:30,268] [INFO] [runner_train_mujoco] Environment 3
[2022-11-24 04:56:39,606] [INFO] [runner_train_mujoco] Environment 4
[2022-11-24 04:56:49,181] [INFO] [runner_train_mujoco] Environment 5
[2022-11-24 04:56:59,220] [INFO] [runner_train_mujoco] Environment 6
[2022-11-24 04:57:08,875] [INFO] [runner_train_mujoco] Environment 7
[2022-11-24 04:57:18,146] [INFO] [runner_train_mujoco] Environment 8
[2022-11-24 04:57:27,507] [INFO] [runner_train_mujoco] Environment 9
[2022-11-24 04:57:36,972] [INFO] [runner_train_mujoco] Average cumulative reward after 150 steps: 1.6650896462856566
[2022-11-24 04:57:36,973] [INFO] [runner_train_mujoco] Average state value: 0.2026412803630034
[2022-11-24 04:57:36,973] [INFO] [controller] ITERATION NUM: 4
[2022-11-24 04:57:37,117] [INFO] [controller] EPOCH 1 loss ppo:  -0.01359, loss val: 0.24034
[2022-11-24 04:57:37,169] [INFO] [controller] EPOCH 2 loss ppo:  -0.05186, loss val: 0.21870
[2022-11-24 04:57:37,236] [INFO] [controller] EPOCH 3 loss ppo:  -0.07052, loss val: 0.19617
[2022-11-24 04:57:37,291] [INFO] [controller] EPOCH 4 loss ppo:  -0.08224, loss val: 0.17304
[2022-11-24 04:57:37,304] [INFO] [runner_train_mujoco] Finished batch.
[2022-11-24 04:57:37,419] [INFO] [runner_train_mujoco] Starting simulation batch with mujoco.
[2022-11-24 04:57:37,420] [INFO] [runner_train_mujoco] Environment 0
[2022-11-24 04:57:47,380] [INFO] [runner_train_mujoco] Environment 1
[2022-11-24 04:57:56,989] [INFO] [runner_train_mujoco] Environment 2
[2022-11-24 04:58:06,923] [INFO] [runner_train_mujoco] Environment 3
[2022-11-24 04:58:16,547] [INFO] [runner_train_mujoco] Environment 4
[2022-11-24 04:58:26,817] [INFO] [runner_train_mujoco] Environment 5
[2022-11-24 04:58:36,611] [INFO] [runner_train_mujoco] Environment 6
[2022-11-24 04:58:46,271] [INFO] [runner_train_mujoco] Environment 7
[2022-11-24 04:58:55,417] [INFO] [runner_train_mujoco] Environment 8
[2022-11-24 04:59:04,985] [INFO] [runner_train_mujoco] Environment 9
[2022-11-24 04:59:14,797] [INFO] [runner_train_mujoco] Average cumulative reward after 150 steps: 1.645968531457361
[2022-11-24 04:59:14,797] [INFO] [runner_train_mujoco] Average state value: 0.31056013746435446
[2022-11-24 04:59:14,797] [INFO] [controller] ITERATION NUM: 5
[2022-11-24 04:59:14,857] [INFO] [controller] EPOCH 1 loss ppo:  -0.01671, loss val: 0.11979
[2022-11-24 04:59:14,907] [INFO] [controller] EPOCH 2 loss ppo:  -0.05760, loss val: 0.11106
[2022-11-24 04:59:14,963] [INFO] [controller] EPOCH 3 loss ppo:  -0.07332, loss val: 0.11612
[2022-11-24 04:59:15,023] [INFO] [controller] EPOCH 4 loss ppo:  -0.08577, loss val: 0.10653
[2022-11-24 04:59:15,034] [INFO] [runner_train_mujoco] Finished batch.
[2022-11-24 04:59:15,140] [INFO] [runner_train_mujoco] Starting simulation batch with mujoco.
[2022-11-24 04:59:15,140] [INFO] [runner_train_mujoco] Environment 0
[2022-11-24 04:59:25,027] [INFO] [runner_train_mujoco] Environment 1
[2022-11-24 04:59:34,958] [INFO] [runner_train_mujoco] Environment 2
[2022-11-24 04:59:44,421] [INFO] [runner_train_mujoco] Environment 3
[2022-11-24 04:59:53,411] [INFO] [runner_train_mujoco] Environment 4
[2022-11-24 05:00:03,633] [INFO] [runner_train_mujoco] Environment 5
[2022-11-24 05:00:13,211] [INFO] [runner_train_mujoco] Environment 6
[2022-11-24 05:00:23,069] [INFO] [runner_train_mujoco] Environment 7
[2022-11-24 05:00:32,772] [INFO] [runner_train_mujoco] Environment 8
[2022-11-24 05:00:42,759] [INFO] [runner_train_mujoco] Environment 9
[2022-11-24 05:00:52,040] [INFO] [runner_train_mujoco] Average cumulative reward after 150 steps: 1.5739587775345114
[2022-11-24 05:00:52,041] [INFO] [runner_train_mujoco] Average state value: 0.449913377970457
[2022-11-24 05:00:52,041] [INFO] [controller] ITERATION NUM: 6
[2022-11-24 05:00:52,097] [INFO] [controller] EPOCH 1 loss ppo:  -0.01536, loss val: 0.08736
[2022-11-24 05:00:52,161] [INFO] [controller] EPOCH 2 loss ppo:  -0.05522, loss val: 0.07793
[2022-11-24 05:00:52,206] [INFO] [controller] EPOCH 3 loss ppo:  -0.07458, loss val: 0.07494
[2022-11-24 05:00:52,253] [INFO] [controller] EPOCH 4 loss ppo:  -0.08966, loss val: 0.07319
[2022-11-24 05:00:52,265] [INFO] [runner_train_mujoco] Finished batch.
[2022-11-24 05:00:52,376] [INFO] [runner_train_mujoco] Starting simulation batch with mujoco.
[2022-11-24 05:00:52,377] [INFO] [runner_train_mujoco] Environment 0
[2022-11-24 05:01:02,257] [INFO] [runner_train_mujoco] Environment 1
[2022-11-24 05:01:12,102] [INFO] [runner_train_mujoco] Environment 2
[2022-11-24 05:01:21,972] [INFO] [runner_train_mujoco] Environment 3
[2022-11-24 05:01:31,412] [INFO] [runner_train_mujoco] Environment 4
[2022-11-24 05:01:41,060] [INFO] [runner_train_mujoco] Environment 5
[2022-11-24 05:01:50,611] [INFO] [runner_train_mujoco] Environment 6
[2022-11-24 05:01:59,463] [INFO] [runner_train_mujoco] Environment 7
[2022-11-24 05:02:09,151] [INFO] [runner_train_mujoco] Environment 8
[2022-11-24 05:02:18,706] [INFO] [runner_train_mujoco] Environment 9
[2022-11-24 05:02:27,911] [INFO] [runner_train_mujoco] Average cumulative reward after 150 steps: 1.6332231725665007
[2022-11-24 05:02:27,911] [INFO] [runner_train_mujoco] Average state value: 0.5147410414988796
[2022-11-24 05:02:27,911] [INFO] [controller] ITERATION NUM: 7
[2022-11-24 05:02:27,965] [INFO] [controller] EPOCH 1 loss ppo:  -0.01399, loss val: 0.07110
[2022-11-24 05:02:28,018] [INFO] [controller] EPOCH 2 loss ppo:  -0.05520, loss val: 0.06832
[2022-11-24 05:02:28,065] [INFO] [controller] EPOCH 3 loss ppo:  -0.06949, loss val: 0.06400
[2022-11-24 05:02:28,142] [INFO] [controller] EPOCH 4 loss ppo:  -0.07932, loss val: 0.06201
[2022-11-24 05:02:28,152] [INFO] [runner_train_mujoco] Finished batch.
[2022-11-24 05:02:28,259] [INFO] [runner_train_mujoco] Starting simulation batch with mujoco.
[2022-11-24 05:02:28,259] [INFO] [runner_train_mujoco] Environment 0
[2022-11-24 05:02:38,160] [INFO] [runner_train_mujoco] Environment 1
[2022-11-24 05:02:47,937] [INFO] [runner_train_mujoco] Environment 2
[2022-11-24 05:02:56,945] [INFO] [runner_train_mujoco] Environment 3
[2022-11-24 05:03:06,532] [INFO] [runner_train_mujoco] Environment 4
[2022-11-24 05:03:16,599] [INFO] [runner_train_mujoco] Environment 5
[2022-11-24 05:03:26,037] [INFO] [runner_train_mujoco] Environment 6
[2022-11-24 05:03:35,415] [INFO] [runner_train_mujoco] Environment 7
[2022-11-24 05:03:44,911] [INFO] [runner_train_mujoco] Environment 8
[2022-11-24 05:03:54,412] [INFO] [runner_train_mujoco] Environment 9
[2022-11-24 05:04:04,255] [INFO] [runner_train_mujoco] Average cumulative reward after 150 steps: 1.546909135750989
[2022-11-24 05:04:04,256] [INFO] [runner_train_mujoco] Average state value: 0.5180864199350278
[2022-11-24 05:04:04,256] [INFO] [controller] ITERATION NUM: 8
[2022-11-24 05:04:04,317] [INFO] [controller] EPOCH 1 loss ppo:  -0.01406, loss val: 0.07275
[2022-11-24 05:04:04,364] [INFO] [controller] EPOCH 2 loss ppo:  -0.04771, loss val: 0.07166
[2022-11-24 05:04:04,425] [INFO] [controller] EPOCH 3 loss ppo:  -0.06683, loss val: 0.06781
[2022-11-24 05:04:04,470] [INFO] [controller] EPOCH 4 loss ppo:  -0.07865, loss val: 0.06566
[2022-11-24 05:04:04,481] [INFO] [runner_train_mujoco] Finished batch.
[2022-11-24 05:04:04,586] [INFO] [runner_train_mujoco] Starting simulation batch with mujoco.
[2022-11-24 05:04:04,586] [INFO] [runner_train_mujoco] Environment 0
[2022-11-24 05:04:14,602] [INFO] [runner_train_mujoco] Environment 1
[2022-11-24 05:04:24,632] [INFO] [runner_train_mujoco] Environment 2
[2022-11-24 05:04:34,398] [INFO] [runner_train_mujoco] Environment 3
[2022-11-24 05:04:43,947] [INFO] [runner_train_mujoco] Environment 4
[2022-11-24 05:04:53,219] [INFO] [runner_train_mujoco] Environment 5
[2022-11-24 05:05:02,915] [INFO] [runner_train_mujoco] Environment 6
[2022-11-24 05:05:12,549] [INFO] [runner_train_mujoco] Environment 7
[2022-11-24 05:05:21,610] [INFO] [runner_train_mujoco] Environment 8
[2022-11-24 05:05:31,421] [INFO] [runner_train_mujoco] Environment 9
[2022-11-24 05:05:40,465] [INFO] [runner_train_mujoco] Average cumulative reward after 150 steps: 1.7597318894543588
[2022-11-24 05:05:40,466] [INFO] [runner_train_mujoco] Average state value: 0.5305893805027008
[2022-11-24 05:05:40,466] [INFO] [controller] ITERATION NUM: 9
[2022-11-24 05:05:40,543] [INFO] [controller] EPOCH 1 loss ppo:  -0.01600, loss val: 0.07616
[2022-11-24 05:05:40,591] [INFO] [controller] EPOCH 2 loss ppo:  -0.05134, loss val: 0.07303
[2022-11-24 05:05:40,640] [INFO] [controller] EPOCH 3 loss ppo:  -0.06586, loss val: 0.07400
[2022-11-24 05:05:40,701] [INFO] [controller] EPOCH 4 loss ppo:  -0.07862, loss val: 0.07068
[2022-11-24 05:05:40,711] [INFO] [runner_train_mujoco] Finished batch.
[2022-11-24 05:05:40,823] [INFO] [runner_train_mujoco] Starting simulation batch with mujoco.
[2022-11-24 05:05:40,824] [INFO] [runner_train_mujoco] Environment 0
[2022-11-24 05:05:50,584] [INFO] [runner_train_mujoco] Environment 1
[2022-11-24 05:06:00,174] [INFO] [runner_train_mujoco] Environment 2
[2022-11-24 05:06:11,481] [INFO] [runner_train_mujoco] Environment 3
[2022-11-24 05:06:22,447] [INFO] [runner_train_mujoco] Environment 4
[2022-11-24 05:06:32,163] [INFO] [runner_train_mujoco] Environment 5
[2022-11-24 05:06:41,920] [INFO] [runner_train_mujoco] Environment 6
[2022-11-24 05:06:51,328] [INFO] [runner_train_mujoco] Environment 7
[2022-11-24 05:07:00,804] [INFO] [runner_train_mujoco] Environment 8
[2022-11-24 05:07:09,976] [INFO] [runner_train_mujoco] Environment 9
[2022-11-24 05:07:19,731] [INFO] [runner_train_mujoco] Average cumulative reward after 150 steps: 1.7101666785008451
[2022-11-24 05:07:19,732] [INFO] [runner_train_mujoco] Average state value: 0.5559794388562441
[2022-11-24 05:07:19,732] [INFO] [controller] ITERATION NUM: 10
[2022-11-24 05:07:19,799] [INFO] [controller] EPOCH 1 loss ppo:  -0.01378, loss val: 0.05382
[2022-11-24 05:07:19,870] [INFO] [controller] EPOCH 2 loss ppo:  -0.04786, loss val: 0.05478
[2022-11-24 05:07:19,918] [INFO] [controller] EPOCH 3 loss ppo:  -0.06463, loss val: 0.05059
[2022-11-24 05:07:19,971] [INFO] [controller] EPOCH 4 loss ppo:  -0.07490, loss val: 0.05011
[2022-11-24 05:07:19,985] [INFO] [runner_train_mujoco] Finished batch.
[2022-11-24 05:07:20,126] [INFO] [runner_train_mujoco] Starting simulation batch with mujoco.
[2022-11-24 05:07:20,132] [INFO] [runner_train_mujoco] Environment 0
[2022-11-24 05:07:29,787] [INFO] [runner_train_mujoco] Environment 1
[2022-11-24 05:07:39,462] [INFO] [runner_train_mujoco] Environment 2
[2022-11-24 05:07:48,821] [INFO] [runner_train_mujoco] Environment 3
[2022-11-24 05:07:58,476] [INFO] [runner_train_mujoco] Environment 4
[2022-11-24 05:08:07,827] [INFO] [runner_train_mujoco] Environment 5
[2022-11-24 05:08:17,760] [INFO] [runner_train_mujoco] Environment 6
[2022-11-24 05:08:27,121] [INFO] [runner_train_mujoco] Environment 7
[2022-11-24 05:08:36,849] [INFO] [runner_train_mujoco] Environment 8
[2022-11-24 05:08:46,822] [INFO] [runner_train_mujoco] Environment 9
[2022-11-24 05:08:56,125] [INFO] [runner_train_mujoco] Average cumulative reward after 150 steps: 1.51625512090388
[2022-11-24 05:08:56,125] [INFO] [runner_train_mujoco] Average state value: 0.5071869725038607
[2022-11-24 05:08:56,125] [INFO] [controller] ITERATION NUM: 11
[2022-11-24 05:08:56,188] [INFO] [controller] EPOCH 1 loss ppo:  -0.01534, loss val: 0.06526
[2022-11-24 05:08:56,234] [INFO] [controller] EPOCH 2 loss ppo:  -0.04720, loss val: 0.06478
[2022-11-24 05:08:56,283] [INFO] [controller] EPOCH 3 loss ppo:  -0.06411, loss val: 0.06280
[2022-11-24 05:08:56,328] [INFO] [controller] EPOCH 4 loss ppo:  -0.07906, loss val: 0.06206
[2022-11-24 05:08:56,338] [INFO] [runner_train_mujoco] Finished batch.
[2022-11-24 05:08:56,445] [INFO] [runner_train_mujoco] Starting simulation batch with mujoco.
[2022-11-24 05:08:56,446] [INFO] [runner_train_mujoco] Environment 0
[2022-11-24 05:09:06,577] [INFO] [runner_train_mujoco] Environment 1
[2022-11-24 05:09:16,717] [INFO] [runner_train_mujoco] Environment 2
[2022-11-24 05:09:26,215] [INFO] [runner_train_mujoco] Environment 3
[2022-11-24 05:09:35,500] [INFO] [runner_train_mujoco] Environment 4
[2022-11-24 05:09:44,765] [INFO] [runner_train_mujoco] Environment 5
[2022-11-24 05:09:54,272] [INFO] [runner_train_mujoco] Environment 6
[2022-11-24 05:10:03,724] [INFO] [runner_train_mujoco] Environment 7
[2022-11-24 05:10:13,453] [INFO] [runner_train_mujoco] Environment 8
[2022-11-24 05:10:23,090] [INFO] [runner_train_mujoco] Environment 9
[2022-11-24 05:10:32,031] [INFO] [runner_train_mujoco] Average cumulative reward after 150 steps: 1.5489906484030291
[2022-11-24 05:10:32,031] [INFO] [runner_train_mujoco] Average state value: 0.5257588747342428
[2022-11-24 05:10:32,031] [INFO] [controller] ITERATION NUM: 12
[2022-11-24 05:10:32,114] [INFO] [controller] EPOCH 1 loss ppo:  -0.01448, loss val: 0.04601
[2022-11-24 05:10:32,190] [INFO] [controller] EPOCH 2 loss ppo:  -0.04870, loss val: 0.04477
[2022-11-24 05:10:32,247] [INFO] [controller] EPOCH 3 loss ppo:  -0.06797, loss val: 0.04262
[2022-11-24 05:10:32,309] [INFO] [controller] EPOCH 4 loss ppo:  -0.08156, loss val: 0.04240
[2022-11-24 05:10:32,320] [INFO] [runner_train_mujoco] Finished batch.
[2022-11-24 05:10:32,438] [INFO] [runner_train_mujoco] Starting simulation batch with mujoco.
[2022-11-24 05:10:32,439] [INFO] [runner_train_mujoco] Environment 0
[2022-11-24 05:10:41,837] [INFO] [runner_train_mujoco] Environment 1
[2022-11-24 05:10:50,344] [INFO] [runner_train_mujoco] Environment 2
[2022-11-24 05:10:59,579] [INFO] [runner_train_mujoco] Environment 3
[2022-11-24 05:11:08,444] [INFO] [runner_train_mujoco] Environment 4
[2022-11-24 05:11:17,278] [INFO] [runner_train_mujoco] Environment 5
[2022-11-24 05:11:25,345] [INFO] [runner_train_mujoco] Environment 6
[2022-11-24 05:11:33,593] [INFO] [runner_train_mujoco] Environment 7
[2022-11-24 05:11:41,942] [INFO] [runner_train_mujoco] Environment 8
[2022-11-24 05:11:51,493] [INFO] [runner_train_mujoco] Environment 9
[2022-11-24 05:12:00,595] [INFO] [runner_train_mujoco] Average cumulative reward after 150 steps: 1.7726117565638937
[2022-11-24 05:12:00,595] [INFO] [runner_train_mujoco] Average state value: 0.5537761331424117
[2022-11-24 05:12:00,595] [INFO] [controller] ITERATION NUM: 13
[2022-11-24 05:12:00,695] [INFO] [controller] EPOCH 1 loss ppo:  -0.01243, loss val: 0.06458
[2022-11-24 05:12:00,749] [INFO] [controller] EPOCH 2 loss ppo:  -0.04209, loss val: 0.06378
[2022-11-24 05:12:00,798] [INFO] [controller] EPOCH 3 loss ppo:  -0.05950, loss val: 0.06569
[2022-11-24 05:12:00,846] [INFO] [controller] EPOCH 4 loss ppo:  -0.07607, loss val: 0.06180
[2022-11-24 05:12:00,856] [INFO] [runner_train_mujoco] Finished batch.
[2022-11-24 05:12:00,970] [INFO] [runner_train_mujoco] Starting simulation batch with mujoco.
[2022-11-24 05:12:00,971] [INFO] [runner_train_mujoco] Environment 0
[2022-11-24 05:12:09,164] [INFO] [runner_train_mujoco] Environment 1
[2022-11-24 05:12:17,843] [INFO] [runner_train_mujoco] Environment 2
[2022-11-24 05:12:25,886] [INFO] [runner_train_mujoco] Environment 3
[2022-11-24 05:12:34,108] [INFO] [runner_train_mujoco] Environment 4
[2022-11-24 05:12:42,672] [INFO] [runner_train_mujoco] Environment 5
[2022-11-24 05:12:51,070] [INFO] [runner_train_mujoco] Environment 6
[2022-11-24 05:12:59,580] [INFO] [runner_train_mujoco] Environment 7
[2022-11-24 05:13:07,913] [INFO] [runner_train_mujoco] Environment 8
[2022-11-24 05:13:16,120] [INFO] [runner_train_mujoco] Environment 9
[2022-11-24 05:13:24,539] [INFO] [runner_train_mujoco] Average cumulative reward after 150 steps: 1.7268002091083396
[2022-11-24 05:13:24,540] [INFO] [runner_train_mujoco] Average state value: 0.5563191012938817
[2022-11-24 05:13:24,540] [INFO] [controller] ITERATION NUM: 14
[2022-11-24 05:13:24,605] [INFO] [controller] EPOCH 1 loss ppo:  -0.01506, loss val: 0.05692
[2022-11-24 05:13:24,645] [INFO] [controller] EPOCH 2 loss ppo:  -0.04773, loss val: 0.05408
[2022-11-24 05:13:24,688] [INFO] [controller] EPOCH 3 loss ppo:  -0.06699, loss val: 0.05385
[2022-11-24 05:13:24,729] [INFO] [controller] EPOCH 4 loss ppo:  -0.08243, loss val: 0.05364
[2022-11-24 05:13:24,742] [INFO] [runner_train_mujoco] Finished batch.
[2022-11-24 05:13:24,844] [INFO] [runner_train_mujoco] Starting simulation batch with mujoco.
[2022-11-24 05:13:24,845] [INFO] [runner_train_mujoco] Environment 0
[2022-11-24 05:13:33,720] [INFO] [runner_train_mujoco] Environment 1
[2022-11-24 05:13:42,308] [INFO] [runner_train_mujoco] Environment 2
[2022-11-24 05:13:50,179] [INFO] [runner_train_mujoco] Environment 3
[2022-11-24 05:13:58,479] [INFO] [runner_train_mujoco] Environment 4
[2022-11-24 05:14:07,307] [INFO] [runner_train_mujoco] Environment 5
[2022-11-24 05:14:15,999] [INFO] [runner_train_mujoco] Environment 6
[2022-11-24 05:14:24,988] [INFO] [runner_train_mujoco] Environment 7
[2022-11-24 05:14:33,762] [INFO] [runner_train_mujoco] Environment 8
[2022-11-24 05:14:41,773] [INFO] [runner_train_mujoco] Environment 9
[2022-11-24 05:14:50,256] [INFO] [runner_train_mujoco] Average cumulative reward after 150 steps: 1.7901042773468325
[2022-11-24 05:14:50,257] [INFO] [runner_train_mujoco] Average state value: 0.4970284150342147
[2022-11-24 05:14:50,257] [INFO] [controller] ITERATION NUM: 15
[2022-11-24 05:14:50,358] [INFO] [controller] EPOCH 1 loss ppo:  -0.01336, loss val: 0.02978
[2022-11-24 05:14:50,397] [INFO] [controller] EPOCH 2 loss ppo:  -0.05004, loss val: 0.03263
[2022-11-24 05:14:50,439] [INFO] [controller] EPOCH 3 loss ppo:  -0.07095, loss val: 0.02863
[2022-11-24 05:14:50,481] [INFO] [controller] EPOCH 4 loss ppo:  -0.07898, loss val: 0.02855
[2022-11-24 05:14:50,489] [INFO] [runner_train_mujoco] Finished batch.
[2022-11-24 05:14:50,581] [INFO] [runner_train_mujoco] Starting simulation batch with mujoco.
[2022-11-24 05:14:50,582] [INFO] [runner_train_mujoco] Environment 0
[2022-11-24 05:14:59,402] [INFO] [runner_train_mujoco] Environment 1
[2022-11-24 05:15:08,160] [INFO] [runner_train_mujoco] Environment 2
[2022-11-24 05:15:16,866] [INFO] [runner_train_mujoco] Environment 3
[2022-11-24 05:15:25,235] [INFO] [runner_train_mujoco] Environment 4
[2022-11-24 05:15:33,417] [INFO] [runner_train_mujoco] Environment 5
[2022-11-24 05:15:41,937] [INFO] [runner_train_mujoco] Environment 6
[2022-11-24 05:15:49,686] [INFO] [runner_train_mujoco] Environment 7
[2022-11-24 05:15:57,988] [INFO] [runner_train_mujoco] Environment 8
[2022-11-24 05:16:06,851] [INFO] [runner_train_mujoco] Environment 9
[2022-11-24 05:16:15,782] [INFO] [runner_train_mujoco] Average cumulative reward after 150 steps: 1.5352453227016005
[2022-11-24 05:16:15,782] [INFO] [runner_train_mujoco] Average state value: 0.43714404945944746
[2022-11-24 05:16:15,782] [INFO] [controller] ITERATION NUM: 16
[2022-11-24 05:16:15,834] [INFO] [controller] EPOCH 1 loss ppo:  -0.01566, loss val: 0.06946
[2022-11-24 05:16:15,886] [INFO] [controller] EPOCH 2 loss ppo:  -0.04335, loss val: 0.06867
[2022-11-24 05:16:15,928] [INFO] [controller] EPOCH 3 loss ppo:  -0.06234, loss val: 0.06890
[2022-11-24 05:16:15,968] [INFO] [controller] EPOCH 4 loss ppo:  -0.07565, loss val: 0.06427
[2022-11-24 05:16:15,977] [INFO] [runner_train_mujoco] Finished batch.
[2022-11-24 05:16:16,071] [INFO] [runner_train_mujoco] Starting simulation batch with mujoco.
[2022-11-24 05:16:16,072] [INFO] [runner_train_mujoco] Environment 0
[2022-11-24 05:16:24,848] [INFO] [runner_train_mujoco] Environment 1
[2022-11-24 05:16:33,296] [INFO] [runner_train_mujoco] Environment 2
[2022-11-24 05:16:41,605] [INFO] [runner_train_mujoco] Environment 3
[2022-11-24 05:16:49,460] [INFO] [runner_train_mujoco] Environment 4
[2022-11-24 05:16:57,602] [INFO] [runner_train_mujoco] Environment 5
[2022-11-24 05:17:06,465] [INFO] [runner_train_mujoco] Environment 6
[2022-11-24 05:17:15,523] [INFO] [runner_train_mujoco] Environment 7
[2022-11-24 05:17:23,861] [INFO] [runner_train_mujoco] Environment 8
[2022-11-24 05:17:32,140] [INFO] [runner_train_mujoco] Environment 9
[2022-11-24 05:17:40,336] [INFO] [runner_train_mujoco] Average cumulative reward after 150 steps: 1.498248615769073
[2022-11-24 05:17:40,336] [INFO] [runner_train_mujoco] Average state value: 0.457779314212501
[2022-11-24 05:17:40,336] [INFO] [controller] ITERATION NUM: 17
[2022-11-24 05:17:40,388] [INFO] [controller] EPOCH 1 loss ppo:  -0.01404, loss val: 0.06774
[2022-11-24 05:17:40,430] [INFO] [controller] EPOCH 2 loss ppo:  -0.04219, loss val: 0.05850
[2022-11-24 05:17:40,472] [INFO] [controller] EPOCH 3 loss ppo:  -0.06211, loss val: 0.05657
[2022-11-24 05:17:40,516] [INFO] [controller] EPOCH 4 loss ppo:  -0.07588, loss val: 0.05453
[2022-11-24 05:17:40,526] [INFO] [runner_train_mujoco] Finished batch.
[2022-11-24 05:17:40,642] [INFO] [runner_train_mujoco] Starting simulation batch with mujoco.
[2022-11-24 05:17:40,645] [INFO] [runner_train_mujoco] Environment 0
[2022-11-24 05:17:49,527] [INFO] [runner_train_mujoco] Environment 1
[2022-11-24 05:17:58,386] [INFO] [runner_train_mujoco] Environment 2
[2022-11-24 05:18:06,654] [INFO] [runner_train_mujoco] Environment 3
[2022-11-24 05:18:14,739] [INFO] [runner_train_mujoco] Environment 4
[2022-11-24 05:18:22,823] [INFO] [runner_train_mujoco] Environment 5
[2022-11-24 05:18:31,168] [INFO] [runner_train_mujoco] Environment 6
[2022-11-24 05:18:39,602] [INFO] [runner_train_mujoco] Environment 7
[2022-11-24 05:18:48,211] [INFO] [runner_train_mujoco] Environment 8
[2022-11-24 05:18:56,858] [INFO] [runner_train_mujoco] Environment 9
[2022-11-24 05:19:06,598] [INFO] [runner_train_mujoco] Average cumulative reward after 150 steps: 1.6379274350461448
[2022-11-24 05:19:06,598] [INFO] [runner_train_mujoco] Average state value: 0.5435166691839695
[2022-11-24 05:19:06,598] [INFO] [controller] ITERATION NUM: 18
[2022-11-24 05:19:06,658] [INFO] [controller] EPOCH 1 loss ppo:  -0.01462, loss val: 0.04837
[2022-11-24 05:19:06,706] [INFO] [controller] EPOCH 2 loss ppo:  -0.05054, loss val: 0.04965
[2022-11-24 05:19:06,758] [INFO] [controller] EPOCH 3 loss ppo:  -0.07204, loss val: 0.04847
[2022-11-24 05:19:06,806] [INFO] [controller] EPOCH 4 loss ppo:  -0.08253, loss val: 0.04798
[2022-11-24 05:19:06,819] [INFO] [runner_train_mujoco] Finished batch.
[2022-11-24 05:19:06,930] [INFO] [runner_train_mujoco] Starting simulation batch with mujoco.
[2022-11-24 05:19:06,931] [INFO] [runner_train_mujoco] Environment 0
[2022-11-24 05:19:16,580] [INFO] [runner_train_mujoco] Environment 1
[2022-11-24 05:19:26,529] [INFO] [runner_train_mujoco] Environment 2
[2022-11-24 05:19:36,446] [INFO] [runner_train_mujoco] Environment 3
[2022-11-24 05:19:45,964] [INFO] [runner_train_mujoco] Environment 4
[2022-11-24 05:19:55,195] [INFO] [runner_train_mujoco] Environment 5
[2022-11-24 05:20:04,416] [INFO] [runner_train_mujoco] Environment 6
[2022-11-24 05:20:13,800] [INFO] [runner_train_mujoco] Environment 7
[2022-11-24 05:20:23,463] [INFO] [runner_train_mujoco] Environment 8
[2022-11-24 05:20:33,831] [INFO] [runner_train_mujoco] Environment 9
[2022-11-24 05:20:43,764] [INFO] [runner_train_mujoco] Average cumulative reward after 150 steps: 1.8704992562746852
[2022-11-24 05:20:43,765] [INFO] [runner_train_mujoco] Average state value: 0.5038599262560407
[2022-11-24 05:20:43,765] [INFO] [controller] ITERATION NUM: 19
[2022-11-24 05:20:43,876] [INFO] [controller] EPOCH 1 loss ppo:  -0.01447, loss val: 0.06393
[2022-11-24 05:20:43,933] [INFO] [controller] EPOCH 2 loss ppo:  -0.04602, loss val: 0.06529
[2022-11-24 05:20:43,989] [INFO] [controller] EPOCH 3 loss ppo:  -0.06545, loss val: 0.06197
[2022-11-24 05:20:44,044] [INFO] [controller] EPOCH 4 loss ppo:  -0.07758, loss val: 0.06229
[2022-11-24 05:20:44,055] [INFO] [runner_train_mujoco] Finished batch.
[2022-11-24 05:20:44,167] [INFO] [runner_train_mujoco] Starting simulation batch with mujoco.
[2022-11-24 05:20:44,167] [INFO] [runner_train_mujoco] Environment 0
[2022-11-24 05:20:54,254] [INFO] [runner_train_mujoco] Environment 1
[2022-11-24 05:21:03,678] [INFO] [runner_train_mujoco] Environment 2
[2022-11-24 05:21:13,055] [INFO] [runner_train_mujoco] Environment 3
[2022-11-24 05:21:22,443] [INFO] [runner_train_mujoco] Environment 4
[2022-11-24 05:21:32,226] [INFO] [runner_train_mujoco] Environment 5
[2022-11-24 05:21:42,270] [INFO] [runner_train_mujoco] Environment 6
[2022-11-24 05:21:51,525] [INFO] [runner_train_mujoco] Environment 7
[2022-11-24 05:22:01,027] [INFO] [runner_train_mujoco] Environment 8
[2022-11-24 05:22:10,019] [INFO] [runner_train_mujoco] Environment 9
[2022-11-24 05:22:18,320] [INFO] [runner_train_mujoco] Average cumulative reward after 150 steps: 1.6128120889352222
[2022-11-24 05:22:18,321] [INFO] [runner_train_mujoco] Average state value: 0.5327751154303552
[2022-11-24 05:22:18,321] [INFO] [controller] ITERATION NUM: 20
[2022-11-24 05:22:18,375] [INFO] [controller] EPOCH 1 loss ppo:  -0.01449, loss val: 0.04872
[2022-11-24 05:22:18,419] [INFO] [controller] EPOCH 2 loss ppo:  -0.04100, loss val: 0.04710
[2022-11-24 05:22:18,465] [INFO] [controller] EPOCH 3 loss ppo:  -0.05830, loss val: 0.04602
[2022-11-24 05:22:18,509] [INFO] [controller] EPOCH 4 loss ppo:  -0.07141, loss val: 0.04461
[2022-11-24 05:22:18,516] [INFO] [runner_train_mujoco] Finished batch.
[2022-11-24 05:22:18,622] [INFO] [runner_train_mujoco] Starting simulation batch with mujoco.
[2022-11-24 05:22:18,623] [INFO] [runner_train_mujoco] Environment 0
[2022-11-24 05:22:27,405] [INFO] [runner_train_mujoco] Environment 1
[2022-11-24 05:22:36,125] [INFO] [runner_train_mujoco] Environment 2
[2022-11-24 05:22:43,988] [INFO] [runner_train_mujoco] Environment 3
[2022-11-24 05:22:52,358] [INFO] [runner_train_mujoco] Environment 4
[2022-11-24 05:23:00,826] [INFO] [runner_train_mujoco] Environment 5
[2022-11-24 05:23:08,914] [INFO] [runner_train_mujoco] Environment 6
[2022-11-24 05:23:17,604] [INFO] [runner_train_mujoco] Environment 7
[2022-11-24 05:23:25,963] [INFO] [runner_train_mujoco] Environment 8
[2022-11-24 05:23:34,288] [INFO] [runner_train_mujoco] Environment 9
[2022-11-24 05:23:42,995] [INFO] [runner_train_mujoco] Average cumulative reward after 150 steps: 1.7378329438713203
[2022-11-24 05:23:42,995] [INFO] [runner_train_mujoco] Average state value: 0.5005533979882796
[2022-11-24 05:23:42,995] [INFO] [controller] ITERATION NUM: 21
[2022-11-24 05:23:43,055] [INFO] [controller] EPOCH 1 loss ppo:  -0.01513, loss val: 0.06136
[2022-11-24 05:23:43,100] [INFO] [controller] EPOCH 2 loss ppo:  -0.04333, loss val: 0.06001
[2022-11-24 05:23:43,151] [INFO] [controller] EPOCH 3 loss ppo:  -0.06350, loss val: 0.06158
[2022-11-24 05:23:43,198] [INFO] [controller] EPOCH 4 loss ppo:  -0.07971, loss val: 0.05740
[2022-11-24 05:23:43,208] [INFO] [runner_train_mujoco] Finished batch.
[2022-11-24 05:23:43,319] [INFO] [runner_train_mujoco] Starting simulation batch with mujoco.
[2022-11-24 05:23:43,319] [INFO] [runner_train_mujoco] Environment 0
[2022-11-24 05:23:51,958] [INFO] [runner_train_mujoco] Environment 1
[2022-11-24 05:24:00,866] [INFO] [runner_train_mujoco] Environment 2
[2022-11-24 05:24:09,093] [INFO] [runner_train_mujoco] Environment 3
[2022-11-24 05:24:17,250] [INFO] [runner_train_mujoco] Environment 4
[2022-11-24 05:24:26,041] [INFO] [runner_train_mujoco] Environment 5
[2022-11-24 05:24:34,476] [INFO] [runner_train_mujoco] Environment 6
[2022-11-24 05:24:42,801] [INFO] [runner_train_mujoco] Environment 7
[2022-11-24 05:24:51,138] [INFO] [runner_train_mujoco] Environment 8
[2022-11-24 05:24:59,422] [INFO] [runner_train_mujoco] Environment 9
[2022-11-24 05:25:07,923] [INFO] [runner_train_mujoco] Average cumulative reward after 150 steps: 1.8677549142357814
[2022-11-24 05:25:07,923] [INFO] [runner_train_mujoco] Average state value: 0.5510795723199845
[2022-11-24 05:25:07,923] [INFO] [controller] ITERATION NUM: 22
[2022-11-24 05:25:07,971] [INFO] [controller] EPOCH 1 loss ppo:  -0.01374, loss val: 0.02981
[2022-11-24 05:25:08,013] [INFO] [controller] EPOCH 2 loss ppo:  -0.04130, loss val: 0.03008
[2022-11-24 05:25:08,055] [INFO] [controller] EPOCH 3 loss ppo:  -0.06447, loss val: 0.02998
[2022-11-24 05:25:08,096] [INFO] [controller] EPOCH 4 loss ppo:  -0.07652, loss val: 0.02981
[2022-11-24 05:25:08,103] [INFO] [runner_train_mujoco] Finished batch.
[2022-11-24 05:25:08,209] [INFO] [runner_train_mujoco] Starting simulation batch with mujoco.
[2022-11-24 05:25:08,212] [INFO] [runner_train_mujoco] Environment 0
[2022-11-24 05:25:16,511] [INFO] [runner_train_mujoco] Environment 1
[2022-11-24 05:25:25,280] [INFO] [runner_train_mujoco] Environment 2
[2022-11-24 05:25:33,050] [INFO] [runner_train_mujoco] Environment 3
[2022-11-24 05:25:41,767] [INFO] [runner_train_mujoco] Environment 4
[2022-11-24 05:25:50,350] [INFO] [runner_train_mujoco] Environment 5
[2022-11-24 05:25:59,063] [INFO] [runner_train_mujoco] Environment 6
[2022-11-24 05:26:07,352] [INFO] [runner_train_mujoco] Environment 7
[2022-11-24 05:26:15,991] [INFO] [runner_train_mujoco] Environment 8
[2022-11-24 05:26:24,530] [INFO] [runner_train_mujoco] Environment 9
[2022-11-24 05:26:33,082] [INFO] [runner_train_mujoco] Average cumulative reward after 150 steps: 1.7250529009433813
[2022-11-24 05:26:33,083] [INFO] [runner_train_mujoco] Average state value: 0.5275938445180655
[2022-11-24 05:26:33,083] [INFO] [controller] ITERATION NUM: 23
[2022-11-24 05:26:33,137] [INFO] [controller] EPOCH 1 loss ppo:  -0.01452, loss val: 0.05094
[2022-11-24 05:26:33,181] [INFO] [controller] EPOCH 2 loss ppo:  -0.04463, loss val: 0.05035
[2022-11-24 05:26:33,226] [INFO] [controller] EPOCH 3 loss ppo:  -0.06646, loss val: 0.05052
[2022-11-24 05:26:33,269] [INFO] [controller] EPOCH 4 loss ppo:  -0.08146, loss val: 0.04908
[2022-11-24 05:26:33,279] [INFO] [runner_train_mujoco] Finished batch.
[2022-11-24 05:26:33,383] [INFO] [runner_train_mujoco] Starting simulation batch with mujoco.
[2022-11-24 05:26:33,384] [INFO] [runner_train_mujoco] Environment 0
[2022-11-24 05:26:42,447] [INFO] [runner_train_mujoco] Environment 1
[2022-11-24 05:26:51,594] [INFO] [runner_train_mujoco] Environment 2
[2022-11-24 05:27:00,271] [INFO] [runner_train_mujoco] Environment 3
[2022-11-24 05:27:08,654] [INFO] [runner_train_mujoco] Environment 4
[2022-11-24 05:27:16,614] [INFO] [runner_train_mujoco] Environment 5
[2022-11-24 05:27:24,935] [INFO] [runner_train_mujoco] Environment 6
[2022-11-24 05:27:33,369] [INFO] [runner_train_mujoco] Environment 7
[2022-11-24 05:27:41,905] [INFO] [runner_train_mujoco] Environment 8
[2022-11-24 05:27:50,463] [INFO] [runner_train_mujoco] Environment 9
[2022-11-24 05:27:58,908] [INFO] [runner_train_mujoco] Average cumulative reward after 150 steps: 1.6275410614351853
[2022-11-24 05:27:58,908] [INFO] [runner_train_mujoco] Average state value: 0.5117951537867388
[2022-11-24 05:27:58,909] [INFO] [controller] ITERATION NUM: 24
[2022-11-24 05:27:58,965] [INFO] [controller] EPOCH 1 loss ppo:  -0.01336, loss val: 0.04063
[2022-11-24 05:27:59,007] [INFO] [controller] EPOCH 2 loss ppo:  -0.04249, loss val: 0.03980
[2022-11-24 05:27:59,049] [INFO] [controller] EPOCH 3 loss ppo:  -0.06230, loss val: 0.03807
[2022-11-24 05:27:59,092] [INFO] [controller] EPOCH 4 loss ppo:  -0.07553, loss val: 0.03673
[2022-11-24 05:27:59,109] [INFO] [runner_train_mujoco] Finished batch.
[2022-11-24 05:27:59,224] [INFO] [runner_train_mujoco] Starting simulation batch with mujoco.
[2022-11-24 05:27:59,225] [INFO] [runner_train_mujoco] Environment 0
[2022-11-24 05:28:07,900] [INFO] [runner_train_mujoco] Environment 1
[2022-11-24 05:28:16,534] [INFO] [runner_train_mujoco] Environment 2
[2022-11-24 05:28:24,931] [INFO] [runner_train_mujoco] Environment 3
[2022-11-24 05:28:33,093] [INFO] [runner_train_mujoco] Environment 4
[2022-11-24 05:28:40,949] [INFO] [runner_train_mujoco] Environment 5
[2022-11-24 05:28:49,621] [INFO] [runner_train_mujoco] Environment 6
[2022-11-24 05:28:57,942] [INFO] [runner_train_mujoco] Environment 7
[2022-11-24 05:29:06,573] [INFO] [runner_train_mujoco] Environment 8
[2022-11-24 05:29:15,572] [INFO] [runner_train_mujoco] Environment 9
[2022-11-24 05:29:24,123] [INFO] [runner_train_mujoco] Average cumulative reward after 150 steps: 1.7917719722485526
[2022-11-24 05:29:24,123] [INFO] [runner_train_mujoco] Average state value: 0.5266936827600002
[2022-11-24 05:29:24,123] [INFO] [controller] ITERATION NUM: 25
[2022-11-24 05:29:24,185] [INFO] [controller] EPOCH 1 loss ppo:  -0.01469, loss val: 0.03877
[2022-11-24 05:29:24,228] [INFO] [controller] EPOCH 2 loss ppo:  -0.04487, loss val: 0.04054
[2022-11-24 05:29:24,280] [INFO] [controller] EPOCH 3 loss ppo:  -0.06474, loss val: 0.03987
[2022-11-24 05:29:24,347] [INFO] [controller] EPOCH 4 loss ppo:  -0.07837, loss val: 0.03842
[2022-11-24 05:29:24,357] [INFO] [runner_train_mujoco] Finished batch.
[2022-11-24 05:29:24,457] [INFO] [runner_train_mujoco] Starting simulation batch with mujoco.
[2022-11-24 05:29:24,458] [INFO] [runner_train_mujoco] Environment 0
[2022-11-24 05:29:32,762] [INFO] [runner_train_mujoco] Environment 1
[2022-11-24 05:29:41,285] [INFO] [runner_train_mujoco] Environment 2
[2022-11-24 05:29:49,514] [INFO] [runner_train_mujoco] Environment 3
[2022-11-24 05:29:58,641] [INFO] [runner_train_mujoco] Environment 4
[2022-11-24 05:30:07,904] [INFO] [runner_train_mujoco] Environment 5
[2022-11-24 05:30:16,295] [INFO] [runner_train_mujoco] Environment 6
[2022-11-24 05:30:24,208] [INFO] [runner_train_mujoco] Environment 7
[2022-11-24 05:30:32,670] [INFO] [runner_train_mujoco] Environment 8
[2022-11-24 05:30:42,466] [INFO] [runner_train_mujoco] Environment 9
[2022-11-24 05:30:51,514] [INFO] [runner_train_mujoco] Average cumulative reward after 150 steps: 1.7250118496389155
[2022-11-24 05:30:51,514] [INFO] [runner_train_mujoco] Average state value: 0.537129377245903
[2022-11-24 05:30:51,515] [INFO] [controller] ITERATION NUM: 26
[2022-11-24 05:30:51,614] [INFO] [controller] EPOCH 1 loss ppo:  -0.01308, loss val: 0.04458
[2022-11-24 05:30:51,655] [INFO] [controller] EPOCH 2 loss ppo:  -0.03972, loss val: 0.04364
[2022-11-24 05:30:51,700] [INFO] [controller] EPOCH 3 loss ppo:  -0.06131, loss val: 0.04352
[2022-11-24 05:30:51,742] [INFO] [controller] EPOCH 4 loss ppo:  -0.07382, loss val: 0.04406
[2022-11-24 05:30:51,752] [INFO] [runner_train_mujoco] Finished batch.
[2022-11-24 05:30:51,854] [INFO] [runner_train_mujoco] Starting simulation batch with mujoco.
[2022-11-24 05:30:51,854] [INFO] [runner_train_mujoco] Environment 0
[2022-11-24 05:31:01,119] [INFO] [runner_train_mujoco] Environment 1
[2022-11-24 05:31:09,090] [INFO] [runner_train_mujoco] Environment 2
[2022-11-24 05:31:16,781] [INFO] [runner_train_mujoco] Environment 3
[2022-11-24 05:31:24,913] [INFO] [runner_train_mujoco] Environment 4
[2022-11-24 05:31:33,021] [INFO] [runner_train_mujoco] Environment 5
[2022-11-24 05:31:41,334] [INFO] [runner_train_mujoco] Environment 6
[2022-11-24 05:31:52,872] [INFO] [runner_train_mujoco] Environment 7
[2022-11-24 05:32:02,065] [INFO] [runner_train_mujoco] Environment 8
[2022-11-24 05:32:10,631] [INFO] [runner_train_mujoco] Environment 9
[2022-11-24 05:32:19,174] [INFO] [runner_train_mujoco] Average cumulative reward after 150 steps: 1.7565252212027012
[2022-11-24 05:32:19,174] [INFO] [runner_train_mujoco] Average state value: 0.5105613516941666
[2022-11-24 05:32:19,174] [INFO] [controller] ITERATION NUM: 27
[2022-11-24 05:32:19,240] [INFO] [controller] EPOCH 1 loss ppo:  -0.01518, loss val: 0.05025
[2022-11-24 05:32:19,288] [INFO] [controller] EPOCH 2 loss ppo:  -0.04430, loss val: 0.04937
[2022-11-24 05:32:19,338] [INFO] [controller] EPOCH 3 loss ppo:  -0.06019, loss val: 0.04870
[2022-11-24 05:32:19,380] [INFO] [controller] EPOCH 4 loss ppo:  -0.07477, loss val: 0.04821
[2022-11-24 05:32:19,388] [INFO] [runner_train_mujoco] Finished batch.
[2022-11-24 05:32:19,470] [INFO] [runner_train_mujoco] Starting simulation batch with mujoco.
[2022-11-24 05:32:19,471] [INFO] [runner_train_mujoco] Environment 0
[2022-11-24 05:32:28,408] [INFO] [runner_train_mujoco] Environment 1
[2022-11-24 05:32:37,134] [INFO] [runner_train_mujoco] Environment 2
[2022-11-24 05:32:44,767] [INFO] [runner_train_mujoco] Environment 3
[2022-11-24 05:32:53,356] [INFO] [runner_train_mujoco] Environment 4
[2022-11-24 05:33:01,859] [INFO] [runner_train_mujoco] Environment 5
[2022-11-24 05:33:10,299] [INFO] [runner_train_mujoco] Environment 6
[2022-11-24 05:33:18,641] [INFO] [runner_train_mujoco] Environment 7
[2022-11-24 05:33:27,344] [INFO] [runner_train_mujoco] Environment 8
[2022-11-24 05:33:35,735] [INFO] [runner_train_mujoco] Environment 9
[2022-11-24 05:33:43,755] [INFO] [runner_train_mujoco] Average cumulative reward after 150 steps: 1.7506133035436655
[2022-11-24 05:33:43,755] [INFO] [runner_train_mujoco] Average state value: 0.5322726691563924
[2022-11-24 05:33:43,755] [INFO] [controller] ITERATION NUM: 28
[2022-11-24 05:33:43,805] [INFO] [controller] EPOCH 1 loss ppo:  -0.01280, loss val: 0.03705
[2022-11-24 05:33:43,846] [INFO] [controller] EPOCH 2 loss ppo:  -0.03725, loss val: 0.03772
[2022-11-24 05:33:43,889] [INFO] [controller] EPOCH 3 loss ppo:  -0.05733, loss val: 0.03629
[2022-11-24 05:33:43,941] [INFO] [controller] EPOCH 4 loss ppo:  -0.07448, loss val: 0.03562
[2022-11-24 05:33:43,952] [INFO] [runner_train_mujoco] Finished batch.
[2022-11-24 05:33:44,048] [INFO] [runner_train_mujoco] Starting simulation batch with mujoco.
[2022-11-24 05:33:44,049] [INFO] [runner_train_mujoco] Environment 0
[2022-11-24 05:33:52,773] [INFO] [runner_train_mujoco] Environment 1
[2022-11-24 05:34:01,657] [INFO] [runner_train_mujoco] Environment 2
[2022-11-24 05:34:09,813] [INFO] [runner_train_mujoco] Environment 3
[2022-11-24 05:34:18,112] [INFO] [runner_train_mujoco] Environment 4
[2022-11-24 05:34:25,896] [INFO] [runner_train_mujoco] Environment 5
[2022-11-24 05:34:34,094] [INFO] [runner_train_mujoco] Environment 6
[2022-11-24 05:34:41,863] [INFO] [runner_train_mujoco] Environment 7
[2022-11-24 05:34:51,061] [INFO] [runner_train_mujoco] Environment 8
[2022-11-24 05:34:59,613] [INFO] [runner_train_mujoco] Environment 9
[2022-11-24 05:35:08,220] [INFO] [runner_train_mujoco] Average cumulative reward after 150 steps: 1.5947528942898561
[2022-11-24 05:35:08,220] [INFO] [runner_train_mujoco] Average state value: 0.49284393400450544
[2022-11-24 05:35:08,220] [INFO] [controller] ITERATION NUM: 29
[2022-11-24 05:35:08,272] [INFO] [controller] EPOCH 1 loss ppo:  -0.01359, loss val: 0.04705
[2022-11-24 05:35:08,314] [INFO] [controller] EPOCH 2 loss ppo:  -0.04029, loss val: 0.04593
[2022-11-24 05:35:08,357] [INFO] [controller] EPOCH 3 loss ppo:  -0.06105, loss val: 0.04847
[2022-11-24 05:35:08,400] [INFO] [controller] EPOCH 4 loss ppo:  -0.07674, loss val: 0.04452
[2022-11-24 05:35:08,409] [INFO] [runner_train_mujoco] Finished batch.
[2022-11-24 05:35:08,512] [INFO] [runner_train_mujoco] Starting simulation batch with mujoco.
[2022-11-24 05:35:08,512] [INFO] [runner_train_mujoco] Environment 0
[2022-11-24 05:35:16,883] [INFO] [runner_train_mujoco] Environment 1
[2022-11-24 05:35:25,274] [INFO] [runner_train_mujoco] Environment 2
[2022-11-24 05:35:33,336] [INFO] [runner_train_mujoco] Environment 3
[2022-11-24 05:35:41,731] [INFO] [runner_train_mujoco] Environment 4
[2022-11-24 05:35:50,124] [INFO] [runner_train_mujoco] Environment 5
[2022-11-24 05:35:58,217] [INFO] [runner_train_mujoco] Environment 6
[2022-11-24 05:36:06,185] [INFO] [runner_train_mujoco] Environment 7
[2022-11-24 05:36:14,313] [INFO] [runner_train_mujoco] Environment 8
[2022-11-24 05:36:22,981] [INFO] [runner_train_mujoco] Environment 9
[2022-11-24 05:36:30,928] [INFO] [runner_train_mujoco] Average cumulative reward after 150 steps: 1.7380503804466176
[2022-11-24 05:36:30,928] [INFO] [runner_train_mujoco] Average state value: 0.4884553460975488
[2022-11-24 05:36:30,928] [INFO] [controller] ITERATION NUM: 30
[2022-11-24 05:36:30,985] [INFO] [controller] EPOCH 1 loss ppo:  -0.01572, loss val: 0.04699
[2022-11-24 05:36:31,030] [INFO] [controller] EPOCH 2 loss ppo:  -0.03915, loss val: 0.04534
[2022-11-24 05:36:31,072] [INFO] [controller] EPOCH 3 loss ppo:  -0.05815, loss val: 0.04332
[2022-11-24 05:36:31,116] [INFO] [controller] EPOCH 4 loss ppo:  -0.07278, loss val: 0.04101
[2022-11-24 05:36:31,126] [INFO] [runner_train_mujoco] Finished batch.
[2022-11-24 05:36:31,231] [INFO] [runner_train_mujoco] Starting simulation batch with mujoco.
[2022-11-24 05:36:31,231] [INFO] [runner_train_mujoco] Environment 0
[2022-11-24 05:36:39,303] [INFO] [runner_train_mujoco] Environment 1
[2022-11-24 05:36:48,313] [INFO] [runner_train_mujoco] Environment 2
[2022-11-24 05:36:56,325] [INFO] [runner_train_mujoco] Environment 3
[2022-11-24 05:37:04,148] [INFO] [runner_train_mujoco] Environment 4
[2022-11-24 05:37:11,960] [INFO] [runner_train_mujoco] Environment 5
[2022-11-24 05:37:20,039] [INFO] [runner_train_mujoco] Environment 6
[2022-11-24 05:37:27,992] [INFO] [runner_train_mujoco] Environment 7
[2022-11-24 05:37:36,439] [INFO] [runner_train_mujoco] Environment 8
[2022-11-24 05:37:45,287] [INFO] [runner_train_mujoco] Environment 9
[2022-11-24 05:37:53,571] [INFO] [runner_train_mujoco] Average cumulative reward after 150 steps: 1.531192623875624
[2022-11-24 05:37:53,571] [INFO] [runner_train_mujoco] Average state value: 0.5267716498772302
[2022-11-24 05:37:53,571] [INFO] [controller] ITERATION NUM: 31
[2022-11-24 05:37:53,626] [INFO] [controller] EPOCH 1 loss ppo:  -0.01426, loss val: 0.06470
[2022-11-24 05:37:53,700] [INFO] [controller] EPOCH 2 loss ppo:  -0.03567, loss val: 0.06328
[2022-11-24 05:37:53,748] [INFO] [controller] EPOCH 3 loss ppo:  -0.05467, loss val: 0.05475
[2022-11-24 05:37:53,793] [INFO] [controller] EPOCH 4 loss ppo:  -0.06832, loss val: 0.04978
[2022-11-24 05:37:53,802] [INFO] [runner_train_mujoco] Finished batch.
[2022-11-24 05:37:53,916] [INFO] [runner_train_mujoco] Starting simulation batch with mujoco.
[2022-11-24 05:37:53,916] [INFO] [runner_train_mujoco] Environment 0
[2022-11-24 05:38:02,584] [INFO] [runner_train_mujoco] Environment 1
[2022-11-24 05:38:10,918] [INFO] [runner_train_mujoco] Environment 2
[2022-11-24 05:38:18,852] [INFO] [runner_train_mujoco] Environment 3
[2022-11-24 05:38:26,802] [INFO] [runner_train_mujoco] Environment 4
[2022-11-24 05:38:35,146] [INFO] [runner_train_mujoco] Environment 5
[2022-11-24 05:38:43,597] [INFO] [runner_train_mujoco] Environment 6
[2022-11-24 05:38:52,092] [INFO] [runner_train_mujoco] Environment 7
[2022-11-24 05:39:00,722] [INFO] [runner_train_mujoco] Environment 8
[2022-11-24 05:39:08,732] [INFO] [runner_train_mujoco] Environment 9
[2022-11-24 05:39:16,111] [INFO] [runner_train_mujoco] Average cumulative reward after 150 steps: 1.879518497151737
[2022-11-24 05:39:16,111] [INFO] [runner_train_mujoco] Average state value: 0.6296596903602283
[2022-11-24 05:39:16,112] [INFO] [controller] ITERATION NUM: 32
[2022-11-24 05:39:16,162] [INFO] [controller] EPOCH 1 loss ppo:  -0.01537, loss val: 0.04048
[2022-11-24 05:39:16,206] [INFO] [controller] EPOCH 2 loss ppo:  -0.04116, loss val: 0.04131
[2022-11-24 05:39:16,249] [INFO] [controller] EPOCH 3 loss ppo:  -0.05648, loss val: 0.04422
[2022-11-24 05:39:16,291] [INFO] [controller] EPOCH 4 loss ppo:  -0.07039, loss val: 0.04394
[2022-11-24 05:39:16,302] [INFO] [runner_train_mujoco] Finished batch.
[2022-11-24 05:39:16,405] [INFO] [runner_train_mujoco] Starting simulation batch with mujoco.
[2022-11-24 05:39:16,405] [INFO] [runner_train_mujoco] Environment 0
[2022-11-24 05:39:24,495] [INFO] [runner_train_mujoco] Environment 1
[2022-11-24 05:39:32,784] [INFO] [runner_train_mujoco] Environment 2
[2022-11-24 05:39:41,623] [INFO] [runner_train_mujoco] Environment 3
[2022-11-24 05:39:49,633] [INFO] [runner_train_mujoco] Environment 4
[2022-11-24 05:39:57,305] [INFO] [runner_train_mujoco] Environment 5
[2022-11-24 05:40:04,931] [INFO] [runner_train_mujoco] Environment 6
[2022-11-24 05:40:12,617] [INFO] [runner_train_mujoco] Environment 7
[2022-11-24 05:40:25,085] [INFO] [runner_train_mujoco] Environment 8
[2022-11-24 05:40:36,573] [INFO] [runner_train_mujoco] Environment 9
[2022-11-24 05:40:46,241] [INFO] [runner_train_mujoco] Average cumulative reward after 150 steps: 1.7528443402255303
[2022-11-24 05:40:46,242] [INFO] [runner_train_mujoco] Average state value: 0.6513556716839473
[2022-11-24 05:40:46,242] [INFO] [controller] ITERATION NUM: 33
[2022-11-24 05:40:46,311] [INFO] [controller] EPOCH 1 loss ppo:  -0.01289, loss val: 0.04756
[2022-11-24 05:40:46,369] [INFO] [controller] EPOCH 2 loss ppo:  -0.03335, loss val: 0.04670
[2022-11-24 05:40:46,424] [INFO] [controller] EPOCH 3 loss ppo:  -0.05287, loss val: 0.04316
[2022-11-24 05:40:46,488] [INFO] [controller] EPOCH 4 loss ppo:  -0.06913, loss val: 0.04211
[2022-11-24 05:40:46,498] [INFO] [runner_train_mujoco] Finished batch.
[2022-11-24 05:40:46,613] [INFO] [runner_train_mujoco] Starting simulation batch with mujoco.
[2022-11-24 05:40:46,619] [INFO] [runner_train_mujoco] Environment 0
[2022-11-24 05:40:56,399] [INFO] [runner_train_mujoco] Environment 1
[2022-11-24 05:41:05,689] [INFO] [runner_train_mujoco] Environment 2
[2022-11-24 05:41:14,714] [INFO] [runner_train_mujoco] Environment 3
[2022-11-24 05:41:24,295] [INFO] [runner_train_mujoco] Environment 4
[2022-11-24 05:41:33,635] [INFO] [runner_train_mujoco] Environment 5
[2022-11-24 05:41:43,146] [INFO] [runner_train_mujoco] Environment 6
[2022-11-24 05:41:52,983] [INFO] [runner_train_mujoco] Environment 7
[2022-11-24 05:42:02,341] [INFO] [runner_train_mujoco] Environment 8
[2022-11-24 05:42:11,347] [INFO] [runner_train_mujoco] Environment 9
[2022-11-24 05:42:20,077] [INFO] [runner_train_mujoco] Average cumulative reward after 150 steps: 1.6256641602814852
[2022-11-24 05:42:20,077] [INFO] [runner_train_mujoco] Average state value: 0.5976468957265217
[2022-11-24 05:42:20,077] [INFO] [controller] ITERATION NUM: 34
[2022-11-24 05:42:20,138] [INFO] [controller] EPOCH 1 loss ppo:  -0.01248, loss val: 0.03690
[2022-11-24 05:42:20,186] [INFO] [controller] EPOCH 2 loss ppo:  -0.03761, loss val: 0.03681
[2022-11-24 05:42:20,233] [INFO] [controller] EPOCH 3 loss ppo:  -0.05811, loss val: 0.03658
[2022-11-24 05:42:20,281] [INFO] [controller] EPOCH 4 loss ppo:  -0.07114, loss val: 0.03836
[2022-11-24 05:42:20,290] [INFO] [runner_train_mujoco] Finished batch.
[2022-11-24 05:42:20,405] [INFO] [runner_train_mujoco] Starting simulation batch with mujoco.
[2022-11-24 05:42:20,417] [INFO] [runner_train_mujoco] Environment 0
[2022-11-24 05:42:29,797] [INFO] [runner_train_mujoco] Environment 1
[2022-11-24 05:42:38,631] [INFO] [runner_train_mujoco] Environment 2
[2022-11-24 05:42:48,273] [INFO] [runner_train_mujoco] Environment 3
[2022-11-24 05:42:58,406] [INFO] [runner_train_mujoco] Environment 4
[2022-11-24 05:43:09,165] [INFO] [runner_train_mujoco] Environment 5
[2022-11-24 05:43:17,747] [INFO] [runner_train_mujoco] Environment 6
[2022-11-24 05:43:26,498] [INFO] [runner_train_mujoco] Environment 7
[2022-11-24 05:43:36,032] [INFO] [runner_train_mujoco] Environment 8
[2022-11-24 05:43:44,677] [INFO] [runner_train_mujoco] Environment 9
[2022-11-24 05:43:53,917] [INFO] [runner_train_mujoco] Average cumulative reward after 150 steps: 1.9047109362758143
[2022-11-24 05:43:53,918] [INFO] [runner_train_mujoco] Average state value: 0.5487373404105504
[2022-11-24 05:43:53,918] [INFO] [controller] ITERATION NUM: 35
[2022-11-24 05:43:53,980] [INFO] [controller] EPOCH 1 loss ppo:  -0.01485, loss val: 0.04013
[2022-11-24 05:43:54,024] [INFO] [controller] EPOCH 2 loss ppo:  -0.03618, loss val: 0.03898
[2022-11-24 05:43:54,065] [INFO] [controller] EPOCH 3 loss ppo:  -0.05380, loss val: 0.04010
[2022-11-24 05:43:54,113] [INFO] [controller] EPOCH 4 loss ppo:  -0.06844, loss val: 0.03919
[2022-11-24 05:43:54,124] [INFO] [runner_train_mujoco] Finished batch.
[2022-11-24 05:43:54,278] [INFO] [runner_train_mujoco] Starting simulation batch with mujoco.
[2022-11-24 05:43:54,283] [INFO] [runner_train_mujoco] Environment 0
[2022-11-24 05:44:03,855] [INFO] [runner_train_mujoco] Environment 1
[2022-11-24 05:44:13,535] [INFO] [runner_train_mujoco] Environment 2
[2022-11-24 05:44:22,353] [INFO] [runner_train_mujoco] Environment 3
[2022-11-24 05:44:31,511] [INFO] [runner_train_mujoco] Environment 4
[2022-11-24 05:44:40,930] [INFO] [runner_train_mujoco] Environment 5
[2022-11-24 05:44:49,560] [INFO] [runner_train_mujoco] Environment 6
[2022-11-24 05:44:58,162] [INFO] [runner_train_mujoco] Environment 7
[2022-11-24 05:45:06,949] [INFO] [runner_train_mujoco] Environment 8
[2022-11-24 05:45:15,376] [INFO] [runner_train_mujoco] Environment 9
[2022-11-24 05:45:23,481] [INFO] [runner_train_mujoco] Average cumulative reward after 150 steps: 1.6175170471707052
[2022-11-24 05:45:23,482] [INFO] [runner_train_mujoco] Average state value: 0.5408858910004298
[2022-11-24 05:45:23,482] [INFO] [controller] ITERATION NUM: 36
[2022-11-24 05:45:23,537] [INFO] [controller] EPOCH 1 loss ppo:  -0.01298, loss val: 0.03309
[2022-11-24 05:45:23,579] [INFO] [controller] EPOCH 2 loss ppo:  -0.03648, loss val: 0.03305
[2022-11-24 05:45:23,620] [INFO] [controller] EPOCH 3 loss ppo:  -0.05568, loss val: 0.03186
[2022-11-24 05:45:23,666] [INFO] [controller] EPOCH 4 loss ppo:  -0.07286, loss val: 0.03286
[2022-11-24 05:45:23,676] [INFO] [runner_train_mujoco] Finished batch.
[2022-11-24 05:45:23,778] [INFO] [runner_train_mujoco] Starting simulation batch with mujoco.
[2022-11-24 05:45:23,778] [INFO] [runner_train_mujoco] Environment 0
[2022-11-24 05:45:31,811] [INFO] [runner_train_mujoco] Environment 1
[2022-11-24 05:45:40,105] [INFO] [runner_train_mujoco] Environment 2
[2022-11-24 05:45:48,353] [INFO] [runner_train_mujoco] Environment 3
[2022-11-24 05:45:56,831] [INFO] [runner_train_mujoco] Environment 4
[2022-11-24 05:46:05,248] [INFO] [runner_train_mujoco] Environment 5
[2022-11-24 05:46:13,107] [INFO] [runner_train_mujoco] Environment 6
[2022-11-24 05:46:21,392] [INFO] [runner_train_mujoco] Environment 7
[2022-11-24 05:46:29,735] [INFO] [runner_train_mujoco] Environment 8
[2022-11-24 05:46:38,016] [INFO] [runner_train_mujoco] Environment 9
[2022-11-24 05:46:45,898] [INFO] [runner_train_mujoco] Average cumulative reward after 150 steps: 1.7722596681676404
[2022-11-24 05:46:45,898] [INFO] [runner_train_mujoco] Average state value: 0.5303693375488122
[2022-11-24 05:46:45,898] [INFO] [controller] ITERATION NUM: 37
[2022-11-24 05:46:46,001] [INFO] [controller] EPOCH 1 loss ppo:  -0.01352, loss val: 0.03966
[2022-11-24 05:46:46,042] [INFO] [controller] EPOCH 2 loss ppo:  -0.03387, loss val: 0.03946
[2022-11-24 05:46:46,086] [INFO] [controller] EPOCH 3 loss ppo:  -0.05240, loss val: 0.03924
[2022-11-24 05:46:46,127] [INFO] [controller] EPOCH 4 loss ppo:  -0.06907, loss val: 0.03868
[2022-11-24 05:46:46,136] [INFO] [runner_train_mujoco] Finished batch.
[2022-11-24 05:46:46,239] [INFO] [runner_train_mujoco] Starting simulation batch with mujoco.
[2022-11-24 05:46:46,239] [INFO] [runner_train_mujoco] Environment 0
[2022-11-24 05:46:54,745] [INFO] [runner_train_mujoco] Environment 1
[2022-11-24 05:47:02,953] [INFO] [runner_train_mujoco] Environment 2
[2022-11-24 05:47:10,880] [INFO] [runner_train_mujoco] Environment 3
[2022-11-24 05:47:19,076] [INFO] [runner_train_mujoco] Environment 4
[2022-11-24 05:47:27,483] [INFO] [runner_train_mujoco] Environment 5
[2022-11-24 05:47:35,623] [INFO] [runner_train_mujoco] Environment 6
[2022-11-24 05:47:44,255] [INFO] [runner_train_mujoco] Environment 7
[2022-11-24 05:47:52,531] [INFO] [runner_train_mujoco] Environment 8
[2022-11-24 05:48:00,471] [INFO] [runner_train_mujoco] Environment 9
[2022-11-24 05:48:08,287] [INFO] [runner_train_mujoco] Average cumulative reward after 150 steps: 1.5986783863220562
[2022-11-24 05:48:08,287] [INFO] [runner_train_mujoco] Average state value: 0.5544490782022476
[2022-11-24 05:48:08,287] [INFO] [controller] ITERATION NUM: 38
[2022-11-24 05:48:08,339] [INFO] [controller] EPOCH 1 loss ppo:  -0.01383, loss val: 0.04294
[2022-11-24 05:48:08,382] [INFO] [controller] EPOCH 2 loss ppo:  -0.03303, loss val: 0.04094
[2022-11-24 05:48:08,424] [INFO] [controller] EPOCH 3 loss ppo:  -0.05314, loss val: 0.04291
[2022-11-24 05:48:08,465] [INFO] [controller] EPOCH 4 loss ppo:  -0.07016, loss val: 0.04204
[2022-11-24 05:48:08,475] [INFO] [runner_train_mujoco] Finished batch.
[2022-11-24 05:48:08,580] [INFO] [runner_train_mujoco] Starting simulation batch with mujoco.
[2022-11-24 05:48:08,580] [INFO] [runner_train_mujoco] Environment 0
[2022-11-24 05:48:16,918] [INFO] [runner_train_mujoco] Environment 1
[2022-11-24 05:48:25,111] [INFO] [runner_train_mujoco] Environment 2
[2022-11-24 05:48:33,304] [INFO] [runner_train_mujoco] Environment 3
[2022-11-24 05:48:41,380] [INFO] [runner_train_mujoco] Environment 4
[2022-11-24 05:48:49,802] [INFO] [runner_train_mujoco] Environment 5
[2022-11-24 05:48:57,720] [INFO] [runner_train_mujoco] Environment 6
[2022-11-24 05:49:05,770] [INFO] [runner_train_mujoco] Environment 7
[2022-11-24 05:49:13,694] [INFO] [runner_train_mujoco] Environment 8
[2022-11-24 05:49:22,297] [INFO] [runner_train_mujoco] Environment 9
[2022-11-24 05:49:30,421] [INFO] [runner_train_mujoco] Average cumulative reward after 150 steps: 1.7597845284160012
[2022-11-24 05:49:30,421] [INFO] [runner_train_mujoco] Average state value: 0.565543476531903
[2022-11-24 05:49:30,422] [INFO] [controller] ITERATION NUM: 39
[2022-11-24 05:49:30,472] [INFO] [controller] EPOCH 1 loss ppo:  -0.01552, loss val: 0.03342
[2022-11-24 05:49:30,519] [INFO] [controller] EPOCH 2 loss ppo:  -0.03744, loss val: 0.03338
[2022-11-24 05:49:30,563] [INFO] [controller] EPOCH 3 loss ppo:  -0.05482, loss val: 0.03309
[2022-11-24 05:49:30,605] [INFO] [controller] EPOCH 4 loss ppo:  -0.07128, loss val: 0.03298
[2022-11-24 05:49:30,615] [INFO] [runner_train_mujoco] Finished batch.
[2022-11-24 05:49:30,718] [INFO] [runner_train_mujoco] Starting simulation batch with mujoco.
[2022-11-24 05:49:30,718] [INFO] [runner_train_mujoco] Environment 0
[2022-11-24 05:49:39,313] [INFO] [runner_train_mujoco] Environment 1
[2022-11-24 05:49:47,927] [INFO] [runner_train_mujoco] Environment 2
[2022-11-24 05:49:55,420] [INFO] [runner_train_mujoco] Environment 3
[2022-11-24 05:50:03,283] [INFO] [runner_train_mujoco] Environment 4
[2022-11-24 05:50:10,640] [INFO] [runner_train_mujoco] Environment 5
[2022-11-24 05:50:18,625] [INFO] [runner_train_mujoco] Environment 6
[2022-11-24 05:50:27,069] [INFO] [runner_train_mujoco] Environment 7
[2022-11-24 05:50:35,873] [INFO] [runner_train_mujoco] Environment 8
[2022-11-24 05:50:44,010] [INFO] [runner_train_mujoco] Environment 9
[2022-11-24 05:50:51,977] [INFO] [runner_train_mujoco] Average cumulative reward after 150 steps: 1.5840980047172142
[2022-11-24 05:50:51,978] [INFO] [runner_train_mujoco] Average state value: 0.5685922215183575
[2022-11-24 05:50:51,978] [INFO] [controller] ITERATION NUM: 40
[2022-11-24 05:50:52,027] [INFO] [controller] EPOCH 1 loss ppo:  -0.01373, loss val: 0.04277
[2022-11-24 05:50:52,068] [INFO] [controller] EPOCH 2 loss ppo:  -0.03115, loss val: 0.04243
[2022-11-24 05:50:52,124] [INFO] [controller] EPOCH 3 loss ppo:  -0.04672, loss val: 0.04268
[2022-11-24 05:50:52,168] [INFO] [controller] EPOCH 4 loss ppo:  -0.06452, loss val: 0.04189
[2022-11-24 05:50:52,180] [INFO] [runner_train_mujoco] Finished batch.
[2022-11-24 05:50:52,273] [INFO] [runner_train_mujoco] Starting simulation batch with mujoco.
[2022-11-24 05:50:52,273] [INFO] [runner_train_mujoco] Environment 0
[2022-11-24 05:51:00,394] [INFO] [runner_train_mujoco] Environment 1
[2022-11-24 05:51:08,484] [INFO] [runner_train_mujoco] Environment 2
[2022-11-24 05:51:16,592] [INFO] [runner_train_mujoco] Environment 3
[2022-11-24 05:51:24,459] [INFO] [runner_train_mujoco] Environment 4
[2022-11-24 05:51:31,975] [INFO] [runner_train_mujoco] Environment 5
[2022-11-24 05:51:40,696] [INFO] [runner_train_mujoco] Environment 6
[2022-11-24 05:51:48,929] [INFO] [runner_train_mujoco] Environment 7
[2022-11-24 05:51:56,816] [INFO] [runner_train_mujoco] Environment 8
[2022-11-24 05:52:05,396] [INFO] [runner_train_mujoco] Environment 9
[2022-11-24 05:52:13,419] [INFO] [runner_train_mujoco] Average cumulative reward after 150 steps: 1.7235899424728927
[2022-11-24 05:52:13,419] [INFO] [runner_train_mujoco] Average state value: 0.5591553491453329
[2022-11-24 05:52:13,420] [INFO] [controller] ITERATION NUM: 41
[2022-11-24 05:52:13,474] [INFO] [controller] EPOCH 1 loss ppo:  -0.01404, loss val: 0.04150
[2022-11-24 05:52:13,515] [INFO] [controller] EPOCH 2 loss ppo:  -0.03137, loss val: 0.04532
[2022-11-24 05:52:13,556] [INFO] [controller] EPOCH 3 loss ppo:  -0.04566, loss val: 0.03990
[2022-11-24 05:52:13,600] [INFO] [controller] EPOCH 4 loss ppo:  -0.06079, loss val: 0.03871
[2022-11-24 05:52:13,609] [INFO] [runner_train_mujoco] Finished batch.
[2022-11-24 05:52:13,711] [INFO] [runner_train_mujoco] Starting simulation batch with mujoco.
[2022-11-24 05:52:13,715] [INFO] [runner_train_mujoco] Environment 0
[2022-11-24 05:52:22,446] [INFO] [runner_train_mujoco] Environment 1
[2022-11-24 05:52:31,312] [INFO] [runner_train_mujoco] Environment 2
[2022-11-24 05:52:38,616] [INFO] [runner_train_mujoco] Environment 3
[2022-11-24 05:52:46,058] [INFO] [runner_train_mujoco] Environment 4
[2022-11-24 05:52:53,079] [INFO] [runner_train_mujoco] Environment 5
[2022-11-24 05:53:00,335] [INFO] [runner_train_mujoco] Environment 6
[2022-11-24 05:53:07,790] [INFO] [runner_train_mujoco] Environment 7
[2022-11-24 05:53:15,051] [INFO] [runner_train_mujoco] Environment 8
[2022-11-24 05:53:21,878] [INFO] [runner_train_mujoco] Environment 9
[2022-11-24 05:53:28,939] [INFO] [runner_train_mujoco] Average cumulative reward after 150 steps: 1.8121989668358793
[2022-11-24 05:53:28,940] [INFO] [runner_train_mujoco] Average state value: 0.538248031983773
[2022-11-24 05:53:28,940] [INFO] [controller] ITERATION NUM: 42
[2022-11-24 05:53:28,988] [INFO] [controller] EPOCH 1 loss ppo:  -0.01472, loss val: 0.04270
[2022-11-24 05:53:29,030] [INFO] [controller] EPOCH 2 loss ppo:  -0.03247, loss val: 0.04298
[2022-11-24 05:53:29,070] [INFO] [controller] EPOCH 3 loss ppo:  -0.05047, loss val: 0.04401
[2022-11-24 05:53:29,110] [INFO] [controller] EPOCH 4 loss ppo:  -0.06560, loss val: 0.04350
[2022-11-24 05:53:29,120] [INFO] [runner_train_mujoco] Finished batch.
[2022-11-24 05:53:29,213] [INFO] [runner_train_mujoco] Starting simulation batch with mujoco.
[2022-11-24 05:53:29,214] [INFO] [runner_train_mujoco] Environment 0
[2022-11-24 05:53:37,328] [INFO] [runner_train_mujoco] Environment 1
[2022-11-24 05:53:44,762] [INFO] [runner_train_mujoco] Environment 2
[2022-11-24 05:53:52,284] [INFO] [runner_train_mujoco] Environment 3
[2022-11-24 05:53:59,539] [INFO] [runner_train_mujoco] Environment 4
[2022-11-24 05:54:06,451] [INFO] [runner_train_mujoco] Environment 5
[2022-11-24 05:54:13,764] [INFO] [runner_train_mujoco] Environment 6
[2022-11-24 05:54:21,043] [INFO] [runner_train_mujoco] Environment 7
[2022-11-24 05:54:27,865] [INFO] [runner_train_mujoco] Environment 8
[2022-11-24 05:54:35,126] [INFO] [runner_train_mujoco] Environment 9
[2022-11-24 05:54:42,646] [INFO] [runner_train_mujoco] Average cumulative reward after 150 steps: 1.9861569506029202
[2022-11-24 05:54:42,646] [INFO] [runner_train_mujoco] Average state value: 0.5264607342680294
[2022-11-24 05:54:42,646] [INFO] [controller] ITERATION NUM: 43
[2022-11-24 05:54:42,700] [INFO] [controller] EPOCH 1 loss ppo:  -0.01486, loss val: 0.03752
[2022-11-24 05:54:42,741] [INFO] [controller] EPOCH 2 loss ppo:  -0.03378, loss val: 0.03654
[2022-11-24 05:54:42,782] [INFO] [controller] EPOCH 3 loss ppo:  -0.05066, loss val: 0.03608
[2022-11-24 05:54:42,824] [INFO] [controller] EPOCH 4 loss ppo:  -0.06561, loss val: 0.03567
[2022-11-24 05:54:42,833] [INFO] [runner_train_mujoco] Finished batch.
[2022-11-24 05:54:42,951] [INFO] [runner_train_mujoco] Starting simulation batch with mujoco.
[2022-11-24 05:54:42,951] [INFO] [runner_train_mujoco] Environment 0
[2022-11-24 05:54:50,484] [INFO] [runner_train_mujoco] Environment 1
[2022-11-24 05:54:57,637] [INFO] [runner_train_mujoco] Environment 2
[2022-11-24 05:55:04,680] [INFO] [runner_train_mujoco] Environment 3
[2022-11-24 05:55:11,367] [INFO] [runner_train_mujoco] Environment 4
[2022-11-24 05:55:18,054] [INFO] [runner_train_mujoco] Environment 5
[2022-11-24 05:55:25,163] [INFO] [runner_train_mujoco] Environment 6
[2022-11-24 05:55:32,928] [INFO] [runner_train_mujoco] Environment 7
[2022-11-24 05:55:40,344] [INFO] [runner_train_mujoco] Environment 8
[2022-11-24 05:55:47,369] [INFO] [runner_train_mujoco] Environment 9
[2022-11-24 05:55:54,574] [INFO] [runner_train_mujoco] Average cumulative reward after 150 steps: 1.66375815031743
[2022-11-24 05:55:54,574] [INFO] [runner_train_mujoco] Average state value: 0.5161374852061271
[2022-11-24 05:55:54,574] [INFO] [controller] ITERATION NUM: 44
[2022-11-24 05:55:54,626] [INFO] [controller] EPOCH 1 loss ppo:  -0.01387, loss val: 0.03652
[2022-11-24 05:55:54,668] [INFO] [controller] EPOCH 2 loss ppo:  -0.02987, loss val: 0.03597
[2022-11-24 05:55:54,707] [INFO] [controller] EPOCH 3 loss ppo:  -0.04886, loss val: 0.04030
[2022-11-24 05:55:54,751] [INFO] [controller] EPOCH 4 loss ppo:  -0.06096, loss val: 0.03618
[2022-11-24 05:55:54,760] [INFO] [runner_train_mujoco] Finished batch.
[2022-11-24 05:55:54,864] [INFO] [runner_train_mujoco] Starting simulation batch with mujoco.
[2022-11-24 05:55:54,864] [INFO] [runner_train_mujoco] Environment 0
[2022-11-24 05:56:02,610] [INFO] [runner_train_mujoco] Environment 1
[2022-11-24 05:56:09,630] [INFO] [runner_train_mujoco] Environment 2
[2022-11-24 05:56:17,108] [INFO] [runner_train_mujoco] Environment 3
[2022-11-24 05:56:24,740] [INFO] [runner_train_mujoco] Environment 4
[2022-11-24 05:56:31,698] [INFO] [runner_train_mujoco] Environment 5
[2022-11-24 05:56:39,424] [INFO] [runner_train_mujoco] Environment 6
[2022-11-24 05:56:46,644] [INFO] [runner_train_mujoco] Environment 7
[2022-11-24 05:56:53,395] [INFO] [runner_train_mujoco] Environment 8
[2022-11-24 05:57:00,345] [INFO] [runner_train_mujoco] Environment 9
[2022-11-24 05:57:07,770] [INFO] [runner_train_mujoco] Average cumulative reward after 150 steps: 1.7676978024474352
[2022-11-24 05:57:07,770] [INFO] [runner_train_mujoco] Average state value: 0.4986598709821701
[2022-11-24 05:57:07,770] [INFO] [controller] ITERATION NUM: 45
[2022-11-24 05:57:07,819] [INFO] [controller] EPOCH 1 loss ppo:  -0.01387, loss val: 0.03861
[2022-11-24 05:57:07,854] [INFO] [controller] EPOCH 2 loss ppo:  -0.02751, loss val: 0.03868
[2022-11-24 05:57:07,899] [INFO] [controller] EPOCH 3 loss ppo:  -0.04547, loss val: 0.03891
[2022-11-24 05:57:07,936] [INFO] [controller] EPOCH 4 loss ppo:  -0.06021, loss val: 0.04017
[2022-11-24 05:57:07,945] [INFO] [runner_train_mujoco] Finished batch.
[2022-11-24 05:57:08,034] [INFO] [runner_train_mujoco] Starting simulation batch with mujoco.
[2022-11-24 05:57:08,035] [INFO] [runner_train_mujoco] Environment 0
[2022-11-24 05:57:15,934] [INFO] [runner_train_mujoco] Environment 1
[2022-11-24 05:57:23,310] [INFO] [runner_train_mujoco] Environment 2
[2022-11-24 05:57:30,558] [INFO] [runner_train_mujoco] Environment 3
[2022-11-24 05:57:37,622] [INFO] [runner_train_mujoco] Environment 4
[2022-11-24 05:57:44,971] [INFO] [runner_train_mujoco] Environment 5
[2022-11-24 05:57:52,509] [INFO] [runner_train_mujoco] Environment 6
[2022-11-24 05:57:59,334] [INFO] [runner_train_mujoco] Environment 7
[2022-11-24 05:58:06,347] [INFO] [runner_train_mujoco] Environment 8
[2022-11-24 05:58:13,404] [INFO] [runner_train_mujoco] Environment 9
[2022-11-24 05:58:20,781] [INFO] [runner_train_mujoco] Average cumulative reward after 150 steps: 1.7372063638609265
[2022-11-24 05:58:20,781] [INFO] [runner_train_mujoco] Average state value: 0.5007820358574391
[2022-11-24 05:58:20,781] [INFO] [controller] ITERATION NUM: 46
[2022-11-24 05:58:20,834] [INFO] [controller] EPOCH 1 loss ppo:  -0.01483, loss val: 0.03281
[2022-11-24 05:58:20,879] [INFO] [controller] EPOCH 2 loss ppo:  -0.03029, loss val: 0.03267
[2022-11-24 05:58:20,922] [INFO] [controller] EPOCH 3 loss ppo:  -0.04384, loss val: 0.03689
[2022-11-24 05:58:20,968] [INFO] [controller] EPOCH 4 loss ppo:  -0.05568, loss val: 0.03208
[2022-11-24 05:58:20,979] [INFO] [runner_train_mujoco] Finished batch.
[2022-11-24 05:58:21,093] [INFO] [runner_train_mujoco] Starting simulation batch with mujoco.
[2022-11-24 05:58:21,094] [INFO] [runner_train_mujoco] Environment 0
[2022-11-24 05:58:28,718] [INFO] [runner_train_mujoco] Environment 1
[2022-11-24 05:58:35,970] [INFO] [runner_train_mujoco] Environment 2
[2022-11-24 05:58:43,351] [INFO] [runner_train_mujoco] Environment 3
[2022-11-24 05:58:50,541] [INFO] [runner_train_mujoco] Environment 4
[2022-11-24 05:58:57,760] [INFO] [runner_train_mujoco] Environment 5
[2022-11-24 05:59:05,199] [INFO] [runner_train_mujoco] Environment 6
[2022-11-24 05:59:12,626] [INFO] [runner_train_mujoco] Environment 7
[2022-11-24 05:59:19,715] [INFO] [runner_train_mujoco] Environment 8
[2022-11-24 05:59:27,041] [INFO] [runner_train_mujoco] Environment 9
[2022-11-24 05:59:34,508] [INFO] [runner_train_mujoco] Average cumulative reward after 150 steps: 1.8149752059023683
[2022-11-24 05:59:34,508] [INFO] [runner_train_mujoco] Average state value: 0.5180270188450813
[2022-11-24 05:59:34,508] [INFO] [controller] ITERATION NUM: 47
[2022-11-24 05:59:34,571] [INFO] [controller] EPOCH 1 loss ppo:  -0.01273, loss val: 0.03744
[2022-11-24 05:59:34,614] [INFO] [controller] EPOCH 2 loss ppo:  -0.02436, loss val: 0.03592
[2022-11-24 05:59:34,659] [INFO] [controller] EPOCH 3 loss ppo:  -0.04014, loss val: 0.03629
[2022-11-24 05:59:34,703] [INFO] [controller] EPOCH 4 loss ppo:  -0.05559, loss val: 0.03602
[2022-11-24 05:59:34,712] [INFO] [runner_train_mujoco] Finished batch.
[2022-11-24 05:59:34,812] [INFO] [runner_train_mujoco] Starting simulation batch with mujoco.
[2022-11-24 05:59:34,813] [INFO] [runner_train_mujoco] Environment 0
[2022-11-24 05:59:42,653] [INFO] [runner_train_mujoco] Environment 1
[2022-11-24 05:59:49,740] [INFO] [runner_train_mujoco] Environment 2
[2022-11-24 05:59:56,402] [INFO] [runner_train_mujoco] Environment 3
[2022-11-24 06:00:03,407] [INFO] [runner_train_mujoco] Environment 4
[2022-11-24 06:00:10,860] [INFO] [runner_train_mujoco] Environment 5
[2022-11-24 06:00:18,788] [INFO] [runner_train_mujoco] Environment 6
[2022-11-24 06:00:25,864] [INFO] [runner_train_mujoco] Environment 7
[2022-11-24 06:00:32,607] [INFO] [runner_train_mujoco] Environment 8
[2022-11-24 06:00:40,501] [INFO] [runner_train_mujoco] Environment 9
[2022-11-24 06:00:47,750] [INFO] [runner_train_mujoco] Average cumulative reward after 150 steps: 1.7054471704561727
[2022-11-24 06:00:47,750] [INFO] [runner_train_mujoco] Average state value: 0.5387906668583553
[2022-11-24 06:00:47,751] [INFO] [controller] ITERATION NUM: 48
[2022-11-24 06:00:47,849] [INFO] [controller] EPOCH 1 loss ppo:  -0.01393, loss val: 0.03502
[2022-11-24 06:00:47,891] [INFO] [controller] EPOCH 2 loss ppo:  -0.02524, loss val: 0.03471
[2022-11-24 06:00:47,930] [INFO] [controller] EPOCH 3 loss ppo:  -0.03998, loss val: 0.03346
[2022-11-24 06:00:47,970] [INFO] [controller] EPOCH 4 loss ppo:  -0.05467, loss val: 0.03573
[2022-11-24 06:00:47,979] [INFO] [runner_train_mujoco] Finished batch.
[2022-11-24 06:00:48,073] [INFO] [runner_train_mujoco] Starting simulation batch with mujoco.
[2022-11-24 06:00:48,073] [INFO] [runner_train_mujoco] Environment 0
[2022-11-24 06:00:55,302] [INFO] [runner_train_mujoco] Environment 1
[2022-11-24 06:01:03,067] [INFO] [runner_train_mujoco] Environment 2
[2022-11-24 06:01:10,446] [INFO] [runner_train_mujoco] Environment 3
[2022-11-24 06:01:17,513] [INFO] [runner_train_mujoco] Environment 4
[2022-11-24 06:01:24,747] [INFO] [runner_train_mujoco] Environment 5
[2022-11-24 06:01:32,063] [INFO] [runner_train_mujoco] Environment 6
[2022-11-24 06:01:39,322] [INFO] [runner_train_mujoco] Environment 7
[2022-11-24 06:01:46,605] [INFO] [runner_train_mujoco] Environment 8
[2022-11-24 06:01:54,309] [INFO] [runner_train_mujoco] Environment 9
[2022-11-24 06:02:01,989] [INFO] [runner_train_mujoco] Average cumulative reward after 150 steps: 1.8803834306174134
[2022-11-24 06:02:01,989] [INFO] [runner_train_mujoco] Average state value: 0.5451398949225744
[2022-11-24 06:02:01,989] [INFO] [controller] ITERATION NUM: 49
[2022-11-24 06:02:02,043] [INFO] [controller] EPOCH 1 loss ppo:  -0.01483, loss val: 0.03720
[2022-11-24 06:02:02,082] [INFO] [controller] EPOCH 2 loss ppo:  -0.02639, loss val: 0.03960
[2022-11-24 06:02:02,124] [INFO] [controller] EPOCH 3 loss ppo:  -0.04015, loss val: 0.03881
[2022-11-24 06:02:02,164] [INFO] [controller] EPOCH 4 loss ppo:  -0.05278, loss val: 0.03619
[2022-11-24 06:02:02,170] [INFO] [runner_train_mujoco] Finished batch.
[2022-11-24 06:02:02,283] [INFO] [runner_train_mujoco] Starting simulation batch with mujoco.
[2022-11-24 06:02:02,284] [INFO] [runner_train_mujoco] Environment 0
[2022-11-24 06:02:09,914] [INFO] [runner_train_mujoco] Environment 1
[2022-11-24 06:02:17,140] [INFO] [runner_train_mujoco] Environment 2
[2022-11-24 06:02:23,997] [INFO] [runner_train_mujoco] Environment 3
[2022-11-24 06:02:30,807] [INFO] [runner_train_mujoco] Environment 4
[2022-11-24 06:02:38,067] [INFO] [runner_train_mujoco] Environment 5
[2022-11-24 06:02:45,229] [INFO] [runner_train_mujoco] Environment 6
[2022-11-24 06:02:52,649] [INFO] [runner_train_mujoco] Environment 7
[2022-11-24 06:03:00,402] [INFO] [runner_train_mujoco] Environment 8
[2022-11-24 06:03:07,381] [INFO] [runner_train_mujoco] Environment 9
[2022-11-24 06:03:14,420] [INFO] [runner_train_mujoco] Average cumulative reward after 150 steps: 1.6421056181826703
[2022-11-24 06:03:14,420] [INFO] [runner_train_mujoco] Average state value: 0.5264770357509454
[2022-11-24 06:03:14,421] [INFO] [controller] ITERATION NUM: 50
[2022-11-24 06:03:14,463] [INFO] [controller] EPOCH 1 loss ppo:  -0.01351, loss val: 0.03247
[2022-11-24 06:03:14,503] [INFO] [controller] EPOCH 2 loss ppo:  -0.02137, loss val: 0.03294
[2022-11-24 06:03:14,539] [INFO] [controller] EPOCH 3 loss ppo:  -0.03510, loss val: 0.03228
[2022-11-24 06:03:14,580] [INFO] [controller] EPOCH 4 loss ppo:  -0.04741, loss val: 0.03219
[2022-11-24 06:03:14,589] [INFO] [runner_train_mujoco] Finished batch.
[2022-11-24 06:03:14,686] [INFO] [runner_train_mujoco] Starting simulation batch with mujoco.
[2022-11-24 06:03:14,686] [INFO] [runner_train_mujoco] Environment 0
[2022-11-24 06:03:21,747] [INFO] [runner_train_mujoco] Environment 1
[2022-11-24 06:03:29,245] [INFO] [runner_train_mujoco] Environment 2
[2022-11-24 06:03:36,492] [INFO] [runner_train_mujoco] Environment 3
[2022-11-24 06:03:43,621] [INFO] [runner_train_mujoco] Environment 4
[2022-11-24 06:03:51,130] [INFO] [runner_train_mujoco] Environment 5
[2022-11-24 06:03:58,564] [INFO] [runner_train_mujoco] Environment 6
[2022-11-24 06:04:06,031] [INFO] [runner_train_mujoco] Environment 7
[2022-11-24 06:04:13,411] [INFO] [runner_train_mujoco] Environment 8
[2022-11-24 06:04:20,904] [INFO] [runner_train_mujoco] Environment 9
[2022-11-24 06:04:27,992] [INFO] [runner_train_mujoco] Average cumulative reward after 150 steps: 1.8995596437289417
[2022-11-24 06:04:27,992] [INFO] [runner_train_mujoco] Average state value: 0.5245651206175487
[2022-11-24 06:04:27,992] [INFO] [controller] ITERATION NUM: 51
[2022-11-24 06:04:28,042] [INFO] [controller] EPOCH 1 loss ppo:  -0.01453, loss val: 0.03369
[2022-11-24 06:04:28,080] [INFO] [controller] EPOCH 2 loss ppo:  -0.02426, loss val: 0.03458
[2022-11-24 06:04:28,121] [INFO] [controller] EPOCH 3 loss ppo:  -0.03779, loss val: 0.03416
[2022-11-24 06:04:28,163] [INFO] [controller] EPOCH 4 loss ppo:  -0.05106, loss val: 0.03243
[2022-11-24 06:04:28,172] [INFO] [runner_train_mujoco] Finished batch.
[2022-11-24 06:04:28,272] [INFO] [runner_train_mujoco] Starting simulation batch with mujoco.
[2022-11-24 06:04:28,273] [INFO] [runner_train_mujoco] Environment 0
[2022-11-24 06:04:35,683] [INFO] [runner_train_mujoco] Environment 1
[2022-11-24 06:04:42,919] [INFO] [runner_train_mujoco] Environment 2
[2022-11-24 06:04:50,103] [INFO] [runner_train_mujoco] Environment 3
[2022-11-24 06:04:57,242] [INFO] [runner_train_mujoco] Environment 4
[2022-11-24 06:05:04,977] [INFO] [runner_train_mujoco] Environment 5
[2022-11-24 06:05:12,397] [INFO] [runner_train_mujoco] Environment 6
[2022-11-24 06:05:19,745] [INFO] [runner_train_mujoco] Environment 7
[2022-11-24 06:05:26,998] [INFO] [runner_train_mujoco] Environment 8
[2022-11-24 06:05:33,962] [INFO] [runner_train_mujoco] Environment 9
[2022-11-24 06:05:41,206] [INFO] [runner_train_mujoco] Average cumulative reward after 150 steps: 1.7333762156939934
[2022-11-24 06:05:41,206] [INFO] [runner_train_mujoco] Average state value: 0.5205877535541852
[2022-11-24 06:05:41,206] [INFO] [controller] ITERATION NUM: 52
[2022-11-24 06:05:41,254] [INFO] [controller] EPOCH 1 loss ppo:  -0.01422, loss val: 0.04406
[2022-11-24 06:05:41,297] [INFO] [controller] EPOCH 2 loss ppo:  -0.02121, loss val: 0.04493
[2022-11-24 06:05:41,342] [INFO] [controller] EPOCH 3 loss ppo:  -0.03357, loss val: 0.04333
[2022-11-24 06:05:41,378] [INFO] [controller] EPOCH 4 loss ppo:  -0.04458, loss val: 0.04282
[2022-11-24 06:05:41,388] [INFO] [runner_train_mujoco] Finished batch.
[2022-11-24 06:05:41,482] [INFO] [runner_train_mujoco] Starting simulation batch with mujoco.
[2022-11-24 06:05:41,483] [INFO] [runner_train_mujoco] Environment 0
[2022-11-24 06:05:49,529] [INFO] [runner_train_mujoco] Environment 1
[2022-11-24 06:05:56,912] [INFO] [runner_train_mujoco] Environment 2
[2022-11-24 06:06:03,748] [INFO] [runner_train_mujoco] Environment 3
[2022-11-24 06:06:10,627] [INFO] [runner_train_mujoco] Environment 4
[2022-11-24 06:06:17,610] [INFO] [runner_train_mujoco] Environment 5
[2022-11-24 06:06:24,554] [INFO] [runner_train_mujoco] Environment 6
[2022-11-24 06:06:32,094] [INFO] [runner_train_mujoco] Environment 7
[2022-11-24 06:06:39,769] [INFO] [runner_train_mujoco] Environment 8
[2022-11-24 06:06:47,384] [INFO] [runner_train_mujoco] Environment 9
[2022-11-24 06:06:54,266] [INFO] [runner_train_mujoco] Average cumulative reward after 150 steps: 1.8862897091366133
[2022-11-24 06:06:54,267] [INFO] [runner_train_mujoco] Average state value: 0.536775686442852
[2022-11-24 06:06:54,267] [INFO] [controller] ITERATION NUM: 53
[2022-11-24 06:06:54,315] [INFO] [controller] EPOCH 1 loss ppo:  -0.01435, loss val: 0.03619
[2022-11-24 06:06:54,355] [INFO] [controller] EPOCH 2 loss ppo:  -0.02099, loss val: 0.03568
[2022-11-24 06:06:54,397] [INFO] [controller] EPOCH 3 loss ppo:  -0.03268, loss val: 0.03455
[2022-11-24 06:06:54,438] [INFO] [controller] EPOCH 4 loss ppo:  -0.04450, loss val: 0.03805
[2022-11-24 06:06:54,448] [INFO] [runner_train_mujoco] Finished batch.
[2022-11-24 06:06:54,541] [INFO] [runner_train_mujoco] Starting simulation batch with mujoco.
[2022-11-24 06:06:54,541] [INFO] [runner_train_mujoco] Environment 0
[2022-11-24 06:07:02,153] [INFO] [runner_train_mujoco] Environment 1
[2022-11-24 06:07:09,356] [INFO] [runner_train_mujoco] Environment 2
[2022-11-24 06:07:16,615] [INFO] [runner_train_mujoco] Environment 3
[2022-11-24 06:07:24,022] [INFO] [runner_train_mujoco] Environment 4
[2022-11-24 06:07:31,488] [INFO] [runner_train_mujoco] Environment 5
[2022-11-24 06:07:38,702] [INFO] [runner_train_mujoco] Environment 6
[2022-11-24 06:07:46,075] [INFO] [runner_train_mujoco] Environment 7
[2022-11-24 06:07:53,393] [INFO] [runner_train_mujoco] Environment 8
[2022-11-24 06:08:00,307] [INFO] [runner_train_mujoco] Environment 9
[2022-11-24 06:08:07,234] [INFO] [runner_train_mujoco] Average cumulative reward after 150 steps: 1.846298217581389
[2022-11-24 06:08:07,234] [INFO] [runner_train_mujoco] Average state value: 0.5378788942992687
[2022-11-24 06:08:07,234] [INFO] [controller] ITERATION NUM: 54
[2022-11-24 06:08:07,285] [INFO] [controller] EPOCH 1 loss ppo:  -0.01428, loss val: 0.04251
[2022-11-24 06:08:07,327] [INFO] [controller] EPOCH 2 loss ppo:  -0.02042, loss val: 0.04311
[2022-11-24 06:08:07,370] [INFO] [controller] EPOCH 3 loss ppo:  -0.03094, loss val: 0.04304
[2022-11-24 06:08:07,410] [INFO] [controller] EPOCH 4 loss ppo:  -0.04069, loss val: 0.04242
[2022-11-24 06:08:07,418] [INFO] [runner_train_mujoco] Finished batch.
[2022-11-24 06:08:07,512] [INFO] [runner_train_mujoco] Starting simulation batch with mujoco.
[2022-11-24 06:08:07,512] [INFO] [runner_train_mujoco] Environment 0
[2022-11-24 06:08:15,329] [INFO] [runner_train_mujoco] Environment 1
[2022-11-24 06:08:23,071] [INFO] [runner_train_mujoco] Environment 2
[2022-11-24 06:08:30,565] [INFO] [runner_train_mujoco] Environment 3
[2022-11-24 06:08:37,972] [INFO] [runner_train_mujoco] Environment 4
[2022-11-24 06:08:45,239] [INFO] [runner_train_mujoco] Environment 5
[2022-11-24 06:08:52,510] [INFO] [runner_train_mujoco] Environment 6
[2022-11-24 06:08:59,881] [INFO] [runner_train_mujoco] Environment 7
[2022-11-24 06:09:06,842] [INFO] [runner_train_mujoco] Environment 8
[2022-11-24 06:09:14,074] [INFO] [runner_train_mujoco] Environment 9
[2022-11-24 06:09:21,406] [INFO] [runner_train_mujoco] Average cumulative reward after 150 steps: 2.106774173821019
[2022-11-24 06:09:21,407] [INFO] [runner_train_mujoco] Average state value: 0.5463370380202929
[2022-11-24 06:09:21,407] [INFO] [controller] ITERATION NUM: 55
[2022-11-24 06:09:21,455] [INFO] [controller] EPOCH 1 loss ppo:  -0.01458, loss val: 0.04045
[2022-11-24 06:09:21,496] [INFO] [controller] EPOCH 2 loss ppo:  -0.02042, loss val: 0.03991
[2022-11-24 06:09:21,537] [INFO] [controller] EPOCH 3 loss ppo:  -0.03005, loss val: 0.03989
[2022-11-24 06:09:21,575] [INFO] [controller] EPOCH 4 loss ppo:  -0.04010, loss val: 0.03979
[2022-11-24 06:09:21,583] [INFO] [runner_train_mujoco] Finished batch.
[2022-11-24 06:09:21,684] [INFO] [runner_train_mujoco] Starting simulation batch with mujoco.
[2022-11-24 06:09:21,684] [INFO] [runner_train_mujoco] Environment 0
[2022-11-24 06:09:29,047] [INFO] [runner_train_mujoco] Environment 1
[2022-11-24 06:09:36,112] [INFO] [runner_train_mujoco] Environment 2
[2022-11-24 06:09:43,271] [INFO] [runner_train_mujoco] Environment 3
[2022-11-24 06:09:51,289] [INFO] [runner_train_mujoco] Environment 4
[2022-11-24 06:09:58,715] [INFO] [runner_train_mujoco] Environment 5
[2022-11-24 06:10:06,224] [INFO] [runner_train_mujoco] Environment 6
[2022-11-24 06:10:13,728] [INFO] [runner_train_mujoco] Environment 7
[2022-11-24 06:10:20,764] [INFO] [runner_train_mujoco] Environment 8
[2022-11-24 06:10:27,880] [INFO] [runner_train_mujoco] Environment 9
[2022-11-24 06:10:35,111] [INFO] [runner_train_mujoco] Average cumulative reward after 150 steps: 1.8813959533207896
[2022-11-24 06:10:35,111] [INFO] [runner_train_mujoco] Average state value: 0.5313318578402201
[2022-11-24 06:10:35,111] [INFO] [controller] ITERATION NUM: 56
[2022-11-24 06:10:35,159] [INFO] [controller] EPOCH 1 loss ppo:  -0.01398, loss val: 0.03542
[2022-11-24 06:10:35,196] [INFO] [controller] EPOCH 2 loss ppo:  -0.01785, loss val: 0.03739
[2022-11-24 06:10:35,236] [INFO] [controller] EPOCH 3 loss ppo:  -0.02443, loss val: 0.03321
[2022-11-24 06:10:35,280] [INFO] [controller] EPOCH 4 loss ppo:  -0.03267, loss val: 0.03366
[2022-11-24 06:10:35,289] [INFO] [runner_train_mujoco] Finished batch.
[2022-11-24 06:10:35,385] [INFO] [runner_train_mujoco] Starting simulation batch with mujoco.
[2022-11-24 06:10:35,385] [INFO] [runner_train_mujoco] Environment 0
[2022-11-24 06:10:43,253] [INFO] [runner_train_mujoco] Environment 1
[2022-11-24 06:10:50,484] [INFO] [runner_train_mujoco] Environment 2
[2022-11-24 06:10:58,308] [INFO] [runner_train_mujoco] Environment 3
[2022-11-24 06:11:06,768] [INFO] [runner_train_mujoco] Environment 4
[2022-11-24 06:11:15,222] [INFO] [runner_train_mujoco] Environment 5
[2022-11-24 06:11:23,078] [INFO] [runner_train_mujoco] Environment 6
[2022-11-24 06:11:30,745] [INFO] [runner_train_mujoco] Environment 7
[2022-11-24 06:11:37,913] [INFO] [runner_train_mujoco] Environment 8
[2022-11-24 06:11:44,895] [INFO] [runner_train_mujoco] Environment 9
[2022-11-24 06:11:51,955] [INFO] [runner_train_mujoco] Average cumulative reward after 150 steps: 1.6187434717812021
[2022-11-24 06:11:51,956] [INFO] [runner_train_mujoco] Average state value: 0.5255944905479748
[2022-11-24 06:11:51,956] [INFO] [controller] ITERATION NUM: 57
[2022-11-24 06:11:52,005] [INFO] [controller] EPOCH 1 loss ppo:  -0.01430, loss val: 0.03344
[2022-11-24 06:11:52,046] [INFO] [controller] EPOCH 2 loss ppo:  -0.01746, loss val: 0.03317
[2022-11-24 06:11:52,090] [INFO] [controller] EPOCH 3 loss ppo:  -0.02278, loss val: 0.03224
[2022-11-24 06:11:52,133] [INFO] [controller] EPOCH 4 loss ppo:  -0.02874, loss val: 0.03208
[2022-11-24 06:11:52,143] [INFO] [runner_train_mujoco] Finished batch.
[2022-11-24 06:11:52,235] [INFO] [runner_train_mujoco] Starting simulation batch with mujoco.
[2022-11-24 06:11:52,235] [INFO] [runner_train_mujoco] Environment 0
[2022-11-24 06:11:59,422] [INFO] [runner_train_mujoco] Environment 1
[2022-11-24 06:12:07,123] [INFO] [runner_train_mujoco] Environment 2
[2022-11-24 06:12:14,836] [INFO] [runner_train_mujoco] Environment 3
[2022-11-24 06:12:22,370] [INFO] [runner_train_mujoco] Environment 4
[2022-11-24 06:12:29,655] [INFO] [runner_train_mujoco] Environment 5
[2022-11-24 06:12:36,846] [INFO] [runner_train_mujoco] Environment 6
[2022-11-24 06:12:44,149] [INFO] [runner_train_mujoco] Environment 7
[2022-11-24 06:12:51,253] [INFO] [runner_train_mujoco] Environment 8
[2022-11-24 06:12:58,510] [INFO] [runner_train_mujoco] Environment 9
[2022-11-24 06:13:06,185] [INFO] [runner_train_mujoco] Average cumulative reward after 150 steps: 1.793978418868475
[2022-11-24 06:13:06,186] [INFO] [runner_train_mujoco] Average state value: 0.5401912712454797
[2022-11-24 06:13:06,186] [INFO] [controller] ITERATION NUM: 58
[2022-11-24 06:13:06,242] [INFO] [controller] EPOCH 1 loss ppo:  -0.01427, loss val: 0.04625
[2022-11-24 06:13:06,281] [INFO] [controller] EPOCH 2 loss ppo:  -0.01552, loss val: 0.04691
[2022-11-24 06:13:06,322] [INFO] [controller] EPOCH 3 loss ppo:  -0.01775, loss val: 0.05038
[2022-11-24 06:13:06,360] [INFO] [controller] EPOCH 4 loss ppo:  -0.02063, loss val: 0.04634
[2022-11-24 06:13:06,370] [INFO] [runner_train_mujoco] Finished batch.
[2022-11-24 06:13:06,376] [INFO] [optimize] Finished learning.
