[2022-11-23 12:19:30,483] [INFO] [optimize] Starting learning
[2022-11-23 12:19:30,492] [INFO] [optimize] Starting learning process..
[2022-11-23 12:19:30,570] [INFO] [runner_train_mujoco] Starting simulation batch with mujoco.
[2022-11-23 12:19:30,570] [INFO] [runner_train_mujoco] Environment 0
[2022-11-23 12:19:35,655] [INFO] [runner_train_mujoco] Environment 1
[2022-11-23 12:19:40,144] [INFO] [runner_train_mujoco] Environment 2
[2022-11-23 12:19:44,666] [INFO] [runner_train_mujoco] Environment 3
[2022-11-23 12:19:50,233] [INFO] [runner_train_mujoco] Environment 4
[2022-11-23 12:19:56,390] [INFO] [runner_train_mujoco] Environment 5
[2022-11-23 12:20:02,401] [INFO] [runner_train_mujoco] Environment 6
[2022-11-23 12:20:12,164] [INFO] [runner_train_mujoco] Environment 7
[2022-11-23 12:20:20,444] [INFO] [runner_train_mujoco] Environment 8
[2022-11-23 12:20:32,513] [INFO] [runner_train_mujoco] Environment 9
[2022-11-23 12:20:43,473] [INFO] [runner_train_mujoco] Average cumulative reward after 150 steps: 0.4115991524788515
[2022-11-23 12:20:43,473] [INFO] [runner_train_mujoco] Average state value: -0.20389265896876654
[2022-11-23 12:20:43,474] [INFO] [controller] ITERATION NUM: 1
[2022-11-23 12:20:43,788] [INFO] [controller] EPOCH 1 loss ppo:  -0.01355, loss val: 0.67683
[2022-11-23 12:20:43,860] [INFO] [controller] EPOCH 2 loss ppo:  -0.03859, loss val: 0.63503
[2022-11-23 12:20:43,936] [INFO] [controller] EPOCH 3 loss ppo:  -0.05120, loss val: 0.56016
[2022-11-23 12:20:44,034] [INFO] [controller] EPOCH 4 loss ppo:  -0.05961, loss val: 0.50898
[2022-11-23 12:20:44,059] [INFO] [runner_train_mujoco] Finished batch.
[2022-11-23 12:20:44,157] [INFO] [runner_train_mujoco] Starting simulation batch with mujoco.
[2022-11-23 12:20:44,158] [INFO] [runner_train_mujoco] Environment 0
[2022-11-23 12:20:55,737] [INFO] [runner_train_mujoco] Environment 1
[2022-11-23 12:21:05,754] [INFO] [runner_train_mujoco] Environment 2
[2022-11-23 12:21:16,288] [INFO] [runner_train_mujoco] Environment 3
[2022-11-23 12:21:27,963] [INFO] [runner_train_mujoco] Environment 4
[2022-11-23 12:21:41,606] [INFO] [runner_train_mujoco] Environment 5
[2022-11-23 12:21:52,690] [INFO] [runner_train_mujoco] Environment 6
[2022-11-23 12:22:03,837] [INFO] [runner_train_mujoco] Environment 7
[2022-11-23 12:22:14,105] [INFO] [runner_train_mujoco] Environment 8
[2022-11-23 12:22:24,373] [INFO] [runner_train_mujoco] Environment 9
[2022-11-23 12:22:34,992] [INFO] [runner_train_mujoco] Average cumulative reward after 150 steps: 0.34834103240681663
[2022-11-23 12:22:34,992] [INFO] [runner_train_mujoco] Average state value: -0.0227939409368361
[2022-11-23 12:22:34,993] [INFO] [controller] ITERATION NUM: 2
[2022-11-23 12:22:35,088] [INFO] [controller] EPOCH 1 loss ppo:  -0.01336, loss val: 0.38349
[2022-11-23 12:22:35,177] [INFO] [controller] EPOCH 2 loss ppo:  -0.03476, loss val: 0.37841
[2022-11-23 12:22:35,257] [INFO] [controller] EPOCH 3 loss ppo:  -0.05163, loss val: 0.33863
[2022-11-23 12:22:35,324] [INFO] [controller] EPOCH 4 loss ppo:  -0.05697, loss val: 0.27974
[2022-11-23 12:22:35,337] [INFO] [runner_train_mujoco] Finished batch.
[2022-11-23 12:22:35,448] [INFO] [runner_train_mujoco] Starting simulation batch with mujoco.
[2022-11-23 12:22:35,448] [INFO] [runner_train_mujoco] Environment 0
[2022-11-23 12:22:44,528] [INFO] [runner_train_mujoco] Environment 1
[2022-11-23 12:22:54,014] [INFO] [runner_train_mujoco] Environment 2
[2022-11-23 12:23:04,197] [INFO] [runner_train_mujoco] Environment 3
[2022-11-23 12:23:15,166] [INFO] [runner_train_mujoco] Environment 4
[2022-11-23 12:23:24,837] [INFO] [runner_train_mujoco] Environment 5
[2022-11-23 12:23:36,435] [INFO] [runner_train_mujoco] Environment 6
[2022-11-23 12:23:46,835] [INFO] [runner_train_mujoco] Environment 7
[2022-11-23 12:23:58,395] [INFO] [runner_train_mujoco] Environment 8
[2022-11-23 12:24:10,274] [INFO] [runner_train_mujoco] Environment 9
[2022-11-23 12:24:21,891] [INFO] [runner_train_mujoco] Average cumulative reward after 150 steps: 0.37512959232309356
[2022-11-23 12:24:21,891] [INFO] [runner_train_mujoco] Average state value: 0.11258634766812126
[2022-11-23 12:24:21,891] [INFO] [controller] ITERATION NUM: 3
[2022-11-23 12:24:21,981] [INFO] [controller] EPOCH 1 loss ppo:  -0.01389, loss val: 0.23358
[2022-11-23 12:24:22,051] [INFO] [controller] EPOCH 2 loss ppo:  -0.04022, loss val: 0.20447
[2022-11-23 12:24:22,118] [INFO] [controller] EPOCH 3 loss ppo:  -0.05156, loss val: 0.18049
[2022-11-23 12:24:22,182] [INFO] [controller] EPOCH 4 loss ppo:  -0.06221, loss val: 0.16182
[2022-11-23 12:24:22,194] [INFO] [runner_train_mujoco] Finished batch.
[2022-11-23 12:24:22,282] [INFO] [runner_train_mujoco] Starting simulation batch with mujoco.
[2022-11-23 12:24:22,282] [INFO] [runner_train_mujoco] Environment 0
[2022-11-23 12:24:33,155] [INFO] [runner_train_mujoco] Environment 1
[2022-11-23 12:24:44,306] [INFO] [runner_train_mujoco] Environment 2
[2022-11-23 12:24:55,112] [INFO] [runner_train_mujoco] Environment 3
[2022-11-23 12:25:06,197] [INFO] [runner_train_mujoco] Environment 4
[2022-11-23 12:25:15,858] [INFO] [runner_train_mujoco] Environment 5
[2022-11-23 12:25:25,179] [INFO] [runner_train_mujoco] Environment 6
[2022-11-23 12:25:35,415] [INFO] [runner_train_mujoco] Environment 7
[2022-11-23 12:25:44,571] [INFO] [runner_train_mujoco] Environment 8
[2022-11-23 12:25:53,619] [INFO] [runner_train_mujoco] Environment 9
[2022-11-23 12:26:05,793] [INFO] [runner_train_mujoco] Average cumulative reward after 150 steps: 0.4696371419899951
[2022-11-23 12:26:05,793] [INFO] [runner_train_mujoco] Average state value: 0.2383601878123979
[2022-11-23 12:26:05,794] [INFO] [controller] ITERATION NUM: 4
[2022-11-23 12:26:06,489] [INFO] [controller] EPOCH 1 loss ppo:  -0.01299, loss val: 0.17804
[2022-11-23 12:26:06,922] [INFO] [controller] EPOCH 2 loss ppo:  -0.03642, loss val: 0.16534
[2022-11-23 12:26:06,998] [INFO] [controller] EPOCH 3 loss ppo:  -0.04602, loss val: 0.14734
[2022-11-23 12:26:07,163] [INFO] [controller] EPOCH 4 loss ppo:  -0.05671, loss val: 0.12567
[2022-11-23 12:26:07,176] [INFO] [runner_train_mujoco] Finished batch.
[2022-11-23 12:26:07,285] [INFO] [runner_train_mujoco] Starting simulation batch with mujoco.
[2022-11-23 12:26:07,285] [INFO] [runner_train_mujoco] Environment 0
[2022-11-23 12:26:29,444] [INFO] [runner_train_mujoco] Environment 1
[2022-11-23 12:26:41,720] [INFO] [runner_train_mujoco] Environment 2
[2022-11-23 12:26:53,223] [INFO] [runner_train_mujoco] Environment 3
[2022-11-23 12:27:03,450] [INFO] [runner_train_mujoco] Environment 4
[2022-11-23 12:27:13,423] [INFO] [runner_train_mujoco] Environment 5
[2022-11-23 12:27:23,816] [INFO] [runner_train_mujoco] Environment 6
[2022-11-23 12:27:33,913] [INFO] [runner_train_mujoco] Environment 7
[2022-11-23 12:27:44,449] [INFO] [runner_train_mujoco] Environment 8
[2022-11-23 12:27:54,635] [INFO] [runner_train_mujoco] Environment 9
[2022-11-23 12:28:05,034] [INFO] [runner_train_mujoco] Average cumulative reward after 150 steps: 0.41316155500692286
[2022-11-23 12:28:05,035] [INFO] [runner_train_mujoco] Average state value: 0.35353944849719604
[2022-11-23 12:28:05,035] [INFO] [controller] ITERATION NUM: 5
[2022-11-23 12:28:05,114] [INFO] [controller] EPOCH 1 loss ppo:  -0.01298, loss val: 0.11911
[2022-11-23 12:28:05,189] [INFO] [controller] EPOCH 2 loss ppo:  -0.03799, loss val: 0.10227
[2022-11-23 12:28:05,252] [INFO] [controller] EPOCH 3 loss ppo:  -0.05015, loss val: 0.09227
[2022-11-23 12:28:05,314] [INFO] [controller] EPOCH 4 loss ppo:  -0.06097, loss val: 0.07958
[2022-11-23 12:28:05,327] [INFO] [runner_train_mujoco] Finished batch.
[2022-11-23 12:28:05,420] [INFO] [runner_train_mujoco] Starting simulation batch with mujoco.
[2022-11-23 12:28:05,420] [INFO] [runner_train_mujoco] Environment 0
[2022-11-23 12:28:15,588] [INFO] [runner_train_mujoco] Environment 1
[2022-11-23 12:28:25,708] [INFO] [runner_train_mujoco] Environment 2
[2022-11-23 12:28:35,603] [INFO] [runner_train_mujoco] Environment 3
[2022-11-23 12:28:46,742] [INFO] [runner_train_mujoco] Environment 4
[2022-11-23 12:28:56,732] [INFO] [runner_train_mujoco] Environment 5
[2022-11-23 12:29:06,833] [INFO] [runner_train_mujoco] Environment 6
[2022-11-23 12:29:17,090] [INFO] [runner_train_mujoco] Environment 7
[2022-11-23 12:29:27,310] [INFO] [runner_train_mujoco] Environment 8
[2022-11-23 12:29:37,447] [INFO] [runner_train_mujoco] Environment 9
[2022-11-23 12:29:47,475] [INFO] [runner_train_mujoco] Average cumulative reward after 150 steps: 0.30947436827024605
[2022-11-23 12:29:47,475] [INFO] [runner_train_mujoco] Average state value: 0.49011349647492175
[2022-11-23 12:29:47,475] [INFO] [controller] ITERATION NUM: 6
[2022-11-23 12:29:47,553] [INFO] [controller] EPOCH 1 loss ppo:  -0.01115, loss val: 0.07231
[2022-11-23 12:29:47,615] [INFO] [controller] EPOCH 2 loss ppo:  -0.03743, loss val: 0.07066
[2022-11-23 12:29:47,675] [INFO] [controller] EPOCH 3 loss ppo:  -0.05000, loss val: 0.06568
[2022-11-23 12:29:47,735] [INFO] [controller] EPOCH 4 loss ppo:  -0.05479, loss val: 0.06160
[2022-11-23 12:29:47,747] [INFO] [runner_train_mujoco] Finished batch.
[2022-11-23 12:29:47,844] [INFO] [runner_train_mujoco] Starting simulation batch with mujoco.
[2022-11-23 12:29:47,845] [INFO] [runner_train_mujoco] Environment 0
[2022-11-23 12:29:58,078] [INFO] [runner_train_mujoco] Environment 1
[2022-11-23 12:30:08,342] [INFO] [runner_train_mujoco] Environment 2
[2022-11-23 12:30:18,953] [INFO] [runner_train_mujoco] Environment 3
[2022-11-23 12:30:28,944] [INFO] [runner_train_mujoco] Environment 4
[2022-11-23 12:30:39,139] [INFO] [runner_train_mujoco] Environment 5
[2022-11-23 12:30:49,541] [INFO] [runner_train_mujoco] Environment 6
[2022-11-23 12:30:59,886] [INFO] [runner_train_mujoco] Environment 7
[2022-11-23 12:31:10,929] [INFO] [runner_train_mujoco] Environment 8
[2022-11-23 12:31:21,236] [INFO] [runner_train_mujoco] Environment 9
[2022-11-23 12:31:31,637] [INFO] [runner_train_mujoco] Average cumulative reward after 150 steps: 0.3484590874498873
[2022-11-23 12:31:31,638] [INFO] [runner_train_mujoco] Average state value: 0.5321354672163726
[2022-11-23 12:31:31,638] [INFO] [controller] ITERATION NUM: 7
[2022-11-23 12:31:31,737] [INFO] [controller] EPOCH 1 loss ppo:  -0.01011, loss val: 0.06928
[2022-11-23 12:31:31,800] [INFO] [controller] EPOCH 2 loss ppo:  -0.03333, loss val: 0.06632
[2022-11-23 12:31:31,866] [INFO] [controller] EPOCH 3 loss ppo:  -0.04280, loss val: 0.05986
[2022-11-23 12:31:31,965] [INFO] [controller] EPOCH 4 loss ppo:  -0.05203, loss val: 0.05409
[2022-11-23 12:31:31,977] [INFO] [runner_train_mujoco] Finished batch.
[2022-11-23 12:31:32,083] [INFO] [runner_train_mujoco] Starting simulation batch with mujoco.
[2022-11-23 12:31:32,083] [INFO] [runner_train_mujoco] Environment 0
[2022-11-23 12:31:42,975] [INFO] [runner_train_mujoco] Environment 1
[2022-11-23 12:31:53,075] [INFO] [runner_train_mujoco] Environment 2
[2022-11-23 12:32:03,127] [INFO] [runner_train_mujoco] Environment 3
[2022-11-23 12:32:12,910] [INFO] [runner_train_mujoco] Environment 4
[2022-11-23 12:32:23,122] [INFO] [runner_train_mujoco] Environment 5
[2022-11-23 12:32:32,851] [INFO] [runner_train_mujoco] Environment 6
[2022-11-23 12:32:42,670] [INFO] [runner_train_mujoco] Environment 7
[2022-11-23 12:32:52,717] [INFO] [runner_train_mujoco] Environment 8
[2022-11-23 12:33:03,185] [INFO] [runner_train_mujoco] Environment 9
[2022-11-23 12:33:14,113] [INFO] [runner_train_mujoco] Average cumulative reward after 150 steps: 0.3877216873644851
[2022-11-23 12:33:14,113] [INFO] [runner_train_mujoco] Average state value: 0.585837142586708
[2022-11-23 12:33:14,114] [INFO] [controller] ITERATION NUM: 8
[2022-11-23 12:33:14,219] [INFO] [controller] EPOCH 1 loss ppo:  -0.01145, loss val: 0.04992
[2022-11-23 12:33:14,300] [INFO] [controller] EPOCH 2 loss ppo:  -0.03655, loss val: 0.04851
[2022-11-23 12:33:14,393] [INFO] [controller] EPOCH 3 loss ppo:  -0.04481, loss val: 0.04724
[2022-11-23 12:33:14,475] [INFO] [controller] EPOCH 4 loss ppo:  -0.05535, loss val: 0.04642
[2022-11-23 12:33:14,490] [INFO] [runner_train_mujoco] Finished batch.
[2022-11-23 12:33:14,590] [INFO] [runner_train_mujoco] Starting simulation batch with mujoco.
[2022-11-23 12:33:14,591] [INFO] [runner_train_mujoco] Environment 0
[2022-11-23 12:33:24,700] [INFO] [runner_train_mujoco] Environment 1
[2022-11-23 12:33:34,609] [INFO] [runner_train_mujoco] Environment 2
[2022-11-23 12:33:44,329] [INFO] [runner_train_mujoco] Environment 3
[2022-11-23 12:33:54,559] [INFO] [runner_train_mujoco] Environment 4
[2022-11-23 12:34:04,187] [INFO] [runner_train_mujoco] Environment 5
[2022-11-23 12:34:14,089] [INFO] [runner_train_mujoco] Environment 6
[2022-11-23 12:34:24,178] [INFO] [runner_train_mujoco] Environment 7
[2022-11-23 12:34:34,408] [INFO] [runner_train_mujoco] Environment 8
[2022-11-23 12:34:44,731] [INFO] [runner_train_mujoco] Environment 9
[2022-11-23 12:34:54,872] [INFO] [runner_train_mujoco] Average cumulative reward after 150 steps: 0.3550147949840349
[2022-11-23 12:34:54,873] [INFO] [runner_train_mujoco] Average state value: 0.601243975430727
[2022-11-23 12:34:54,873] [INFO] [controller] ITERATION NUM: 9
[2022-11-23 12:34:54,967] [INFO] [controller] EPOCH 1 loss ppo:  -0.00798, loss val: 0.04751
[2022-11-23 12:34:55,034] [INFO] [controller] EPOCH 2 loss ppo:  -0.02964, loss val: 0.04263
[2022-11-23 12:34:55,119] [INFO] [controller] EPOCH 3 loss ppo:  -0.04035, loss val: 0.04501
[2022-11-23 12:34:55,189] [INFO] [controller] EPOCH 4 loss ppo:  -0.04700, loss val: 0.04337
[2022-11-23 12:34:55,201] [INFO] [runner_train_mujoco] Finished batch.
[2022-11-23 12:34:55,300] [INFO] [runner_train_mujoco] Starting simulation batch with mujoco.
[2022-11-23 12:34:55,301] [INFO] [runner_train_mujoco] Environment 0
[2022-11-23 12:35:05,891] [INFO] [runner_train_mujoco] Environment 1
[2022-11-23 12:35:15,822] [INFO] [runner_train_mujoco] Environment 2
[2022-11-23 12:35:25,682] [INFO] [runner_train_mujoco] Environment 3
[2022-11-23 12:35:35,753] [INFO] [runner_train_mujoco] Environment 4
[2022-11-23 12:35:45,708] [INFO] [runner_train_mujoco] Environment 5
[2022-11-23 12:35:55,954] [INFO] [runner_train_mujoco] Environment 6
[2022-11-23 12:36:05,985] [INFO] [runner_train_mujoco] Environment 7
[2022-11-23 12:36:16,476] [INFO] [runner_train_mujoco] Environment 8
[2022-11-23 12:36:26,442] [INFO] [runner_train_mujoco] Environment 9
[2022-11-23 12:36:36,460] [INFO] [runner_train_mujoco] Average cumulative reward after 150 steps: 0.40587271732583974
[2022-11-23 12:36:36,460] [INFO] [runner_train_mujoco] Average state value: 0.5974837784369786
[2022-11-23 12:36:36,460] [INFO] [controller] ITERATION NUM: 10
[2022-11-23 12:36:36,543] [INFO] [controller] EPOCH 1 loss ppo:  -0.00936, loss val: 0.04232
[2022-11-23 12:36:36,626] [INFO] [controller] EPOCH 2 loss ppo:  -0.03400, loss val: 0.04340
[2022-11-23 12:36:36,715] [INFO] [controller] EPOCH 3 loss ppo:  -0.04447, loss val: 0.04130
[2022-11-23 12:36:36,910] [INFO] [controller] EPOCH 4 loss ppo:  -0.05214, loss val: 0.04431
[2022-11-23 12:36:36,924] [INFO] [runner_train_mujoco] Finished batch.
[2022-11-23 12:36:37,031] [INFO] [runner_train_mujoco] Starting simulation batch with mujoco.
[2022-11-23 12:36:37,031] [INFO] [runner_train_mujoco] Environment 0
[2022-11-23 12:36:46,880] [INFO] [runner_train_mujoco] Environment 1
[2022-11-23 12:36:56,702] [INFO] [runner_train_mujoco] Environment 2
[2022-11-23 12:37:07,045] [INFO] [runner_train_mujoco] Environment 3
[2022-11-23 12:37:16,786] [INFO] [runner_train_mujoco] Environment 4
[2022-11-23 12:37:26,560] [INFO] [runner_train_mujoco] Environment 5
[2022-11-23 12:37:36,917] [INFO] [runner_train_mujoco] Environment 6
[2022-11-23 12:37:47,064] [INFO] [runner_train_mujoco] Environment 7
[2022-11-23 12:37:57,380] [INFO] [runner_train_mujoco] Environment 8
[2022-11-23 12:38:07,625] [INFO] [runner_train_mujoco] Environment 9
[2022-11-23 12:38:17,521] [INFO] [runner_train_mujoco] Average cumulative reward after 150 steps: 0.42735541687270223
[2022-11-23 12:38:17,521] [INFO] [runner_train_mujoco] Average state value: 0.5932236653467019
[2022-11-23 12:38:17,522] [INFO] [controller] ITERATION NUM: 11
[2022-11-23 12:38:17,612] [INFO] [controller] EPOCH 1 loss ppo:  -0.00949, loss val: 0.03946
[2022-11-23 12:38:17,680] [INFO] [controller] EPOCH 2 loss ppo:  -0.03144, loss val: 0.03808
[2022-11-23 12:38:17,748] [INFO] [controller] EPOCH 3 loss ppo:  -0.04166, loss val: 0.03828
[2022-11-23 12:38:17,816] [INFO] [controller] EPOCH 4 loss ppo:  -0.05018, loss val: 0.03699
[2022-11-23 12:38:17,828] [INFO] [runner_train_mujoco] Finished batch.
[2022-11-23 12:38:17,921] [INFO] [runner_train_mujoco] Starting simulation batch with mujoco.
[2022-11-23 12:38:17,922] [INFO] [runner_train_mujoco] Environment 0
[2022-11-23 12:38:27,979] [INFO] [runner_train_mujoco] Environment 1
[2022-11-23 12:38:38,033] [INFO] [runner_train_mujoco] Environment 2
[2022-11-23 12:38:48,091] [INFO] [runner_train_mujoco] Environment 3
[2022-11-23 12:38:57,877] [INFO] [runner_train_mujoco] Environment 4
[2022-11-23 12:39:07,676] [INFO] [runner_train_mujoco] Environment 5
[2022-11-23 12:39:17,933] [INFO] [runner_train_mujoco] Environment 6
[2022-11-23 12:39:27,634] [INFO] [runner_train_mujoco] Environment 7
[2022-11-23 12:39:37,823] [INFO] [runner_train_mujoco] Environment 8
[2022-11-23 12:39:47,601] [INFO] [runner_train_mujoco] Environment 9
[2022-11-23 12:39:57,156] [INFO] [runner_train_mujoco] Average cumulative reward after 150 steps: 0.4703297280973115
[2022-11-23 12:39:57,156] [INFO] [runner_train_mujoco] Average state value: 0.5715197593768437
[2022-11-23 12:39:57,156] [INFO] [controller] ITERATION NUM: 12
[2022-11-23 12:39:57,256] [INFO] [controller] EPOCH 1 loss ppo:  -0.00788, loss val: 0.04144
[2022-11-23 12:39:57,338] [INFO] [controller] EPOCH 2 loss ppo:  -0.03037, loss val: 0.03960
[2022-11-23 12:39:57,489] [INFO] [controller] EPOCH 3 loss ppo:  -0.04309, loss val: 0.03947
[2022-11-23 12:39:57,576] [INFO] [controller] EPOCH 4 loss ppo:  -0.05227, loss val: 0.03780
[2022-11-23 12:39:57,596] [INFO] [runner_train_mujoco] Finished batch.
[2022-11-23 12:39:57,692] [INFO] [runner_train_mujoco] Starting simulation batch with mujoco.
[2022-11-23 12:39:57,692] [INFO] [runner_train_mujoco] Environment 0
[2022-11-23 12:40:07,497] [INFO] [runner_train_mujoco] Environment 1
[2022-11-23 12:40:17,477] [INFO] [runner_train_mujoco] Environment 2
[2022-11-23 12:40:27,240] [INFO] [runner_train_mujoco] Environment 3
[2022-11-23 12:40:37,582] [INFO] [runner_train_mujoco] Environment 4
[2022-11-23 12:40:47,859] [INFO] [runner_train_mujoco] Environment 5
[2022-11-23 12:40:58,830] [INFO] [runner_train_mujoco] Environment 6
[2022-11-23 12:41:09,547] [INFO] [runner_train_mujoco] Environment 7
[2022-11-23 12:41:21,211] [INFO] [runner_train_mujoco] Environment 8
[2022-11-23 12:41:34,171] [INFO] [runner_train_mujoco] Environment 9
[2022-11-23 12:41:46,980] [INFO] [runner_train_mujoco] Average cumulative reward after 150 steps: 0.45029370911548805
[2022-11-23 12:41:46,981] [INFO] [runner_train_mujoco] Average state value: 0.5554691909352939
[2022-11-23 12:41:46,981] [INFO] [controller] ITERATION NUM: 13
[2022-11-23 12:41:47,096] [INFO] [controller] EPOCH 1 loss ppo:  -0.00873, loss val: 0.03444
[2022-11-23 12:41:47,176] [INFO] [controller] EPOCH 2 loss ppo:  -0.03481, loss val: 0.03379
[2022-11-23 12:41:47,252] [INFO] [controller] EPOCH 3 loss ppo:  -0.04456, loss val: 0.03371
[2022-11-23 12:41:47,329] [INFO] [controller] EPOCH 4 loss ppo:  -0.05328, loss val: 0.03401
[2022-11-23 12:41:47,351] [INFO] [runner_train_mujoco] Finished batch.
[2022-11-23 12:41:47,482] [INFO] [runner_train_mujoco] Starting simulation batch with mujoco.
[2022-11-23 12:41:47,482] [INFO] [runner_train_mujoco] Environment 0
[2022-11-23 12:42:01,294] [INFO] [runner_train_mujoco] Environment 1
[2022-11-23 12:42:14,988] [INFO] [runner_train_mujoco] Environment 2
[2022-11-23 12:42:28,481] [INFO] [runner_train_mujoco] Environment 3
[2022-11-23 12:42:43,424] [INFO] [runner_train_mujoco] Environment 4
[2022-11-23 12:42:58,479] [INFO] [runner_train_mujoco] Environment 5
[2022-11-23 12:43:14,089] [INFO] [runner_train_mujoco] Environment 6
[2022-11-23 12:43:30,434] [INFO] [runner_train_mujoco] Environment 7
[2022-11-23 12:43:47,493] [INFO] [runner_train_mujoco] Environment 8
[2022-11-23 12:44:04,109] [INFO] [runner_train_mujoco] Environment 9
[2022-11-23 12:44:19,982] [INFO] [runner_train_mujoco] Average cumulative reward after 150 steps: 0.5443707148123195
[2022-11-23 12:44:19,982] [INFO] [runner_train_mujoco] Average state value: 0.552271433254083
[2022-11-23 12:44:19,982] [INFO] [controller] ITERATION NUM: 14
[2022-11-23 12:44:20,119] [INFO] [controller] EPOCH 1 loss ppo:  -0.01031, loss val: 0.03592
[2022-11-23 12:44:20,245] [INFO] [controller] EPOCH 2 loss ppo:  -0.03173, loss val: 0.03474
[2022-11-23 12:44:20,346] [INFO] [controller] EPOCH 3 loss ppo:  -0.04401, loss val: 0.03525
[2022-11-23 12:44:20,520] [INFO] [controller] EPOCH 4 loss ppo:  -0.04997, loss val: 0.03481
[2022-11-23 12:44:20,542] [INFO] [runner_train_mujoco] Finished batch.
[2022-11-23 12:44:20,722] [INFO] [runner_train_mujoco] Starting simulation batch with mujoco.
[2022-11-23 12:44:20,725] [INFO] [runner_train_mujoco] Environment 0
[2022-11-23 12:44:36,817] [INFO] [runner_train_mujoco] Environment 1
[2022-11-23 12:44:52,908] [INFO] [runner_train_mujoco] Environment 2
[2022-11-23 12:45:09,615] [INFO] [runner_train_mujoco] Environment 3
[2022-11-23 12:45:26,015] [INFO] [runner_train_mujoco] Environment 4
[2022-11-23 12:45:41,978] [INFO] [runner_train_mujoco] Environment 5
[2022-11-23 12:45:57,595] [INFO] [runner_train_mujoco] Environment 6
[2022-11-23 12:46:13,739] [INFO] [runner_train_mujoco] Environment 7
[2022-11-23 12:46:30,069] [INFO] [runner_train_mujoco] Environment 8
[2022-11-23 13:24:00,431] [INFO] [runner_train_mujoco] Environment 9
[2022-11-23 13:24:21,616] [INFO] [runner_train_mujoco] Average cumulative reward after 150 steps: 0.4605973392033773
[2022-11-23 13:24:21,617] [INFO] [runner_train_mujoco] Average state value: 0.578285281499227
[2022-11-23 13:24:21,631] [INFO] [controller] ITERATION NUM: 15
[2022-11-23 13:24:22,415] [INFO] [controller] EPOCH 1 loss ppo:  -0.00932, loss val: 0.03917
[2022-11-23 13:24:22,548] [INFO] [controller] EPOCH 2 loss ppo:  -0.03562, loss val: 0.03851
[2022-11-23 13:24:22,646] [INFO] [controller] EPOCH 3 loss ppo:  -0.04594, loss val: 0.03819
[2022-11-23 13:24:22,916] [INFO] [controller] EPOCH 4 loss ppo:  -0.05000, loss val: 0.03834
[2022-11-23 13:24:22,944] [INFO] [runner_train_mujoco] Finished batch.
[2022-11-23 13:24:23,075] [INFO] [runner_train_mujoco] Starting simulation batch with mujoco.
[2022-11-23 13:24:23,087] [INFO] [runner_train_mujoco] Environment 0
[2022-11-23 13:24:34,544] [INFO] [runner_train_mujoco] Environment 1
[2022-11-23 13:24:44,970] [INFO] [runner_train_mujoco] Environment 2
[2022-11-23 13:24:56,905] [INFO] [runner_train_mujoco] Environment 3
[2022-11-23 13:25:10,148] [INFO] [runner_train_mujoco] Environment 4
[2022-11-23 13:25:19,693] [INFO] [runner_train_mujoco] Environment 5
[2022-11-23 13:25:30,590] [INFO] [runner_train_mujoco] Environment 6
[2022-11-23 13:25:38,244] [INFO] [runner_train_mujoco] Environment 7
[2022-11-23 13:25:47,206] [INFO] [runner_train_mujoco] Environment 8
[2022-11-23 13:25:56,870] [INFO] [runner_train_mujoco] Environment 9
[2022-11-23 13:26:06,408] [INFO] [runner_train_mujoco] Average cumulative reward after 150 steps: 0.6361211607205602
[2022-11-23 13:26:06,408] [INFO] [runner_train_mujoco] Average state value: 0.5899284487217665
[2022-11-23 13:26:06,408] [INFO] [controller] ITERATION NUM: 16
[2022-11-23 13:26:06,493] [INFO] [controller] EPOCH 1 loss ppo:  -0.01182, loss val: 0.03857
[2022-11-23 13:26:06,566] [INFO] [controller] EPOCH 2 loss ppo:  -0.03591, loss val: 0.03959
[2022-11-23 13:26:06,633] [INFO] [controller] EPOCH 3 loss ppo:  -0.04871, loss val: 0.03850
[2022-11-23 13:26:06,709] [INFO] [controller] EPOCH 4 loss ppo:  -0.05594, loss val: 0.03854
[2022-11-23 13:26:06,722] [INFO] [runner_train_mujoco] Finished batch.
[2022-11-23 13:26:06,809] [INFO] [runner_train_mujoco] Starting simulation batch with mujoco.
[2022-11-23 13:26:06,809] [INFO] [runner_train_mujoco] Environment 0
[2022-11-23 13:26:15,916] [INFO] [runner_train_mujoco] Environment 1
[2022-11-23 13:26:24,754] [INFO] [runner_train_mujoco] Environment 2
[2022-11-23 13:26:33,662] [INFO] [runner_train_mujoco] Environment 3
[2022-11-23 13:26:42,729] [INFO] [runner_train_mujoco] Environment 4
[2022-11-23 13:26:52,158] [INFO] [runner_train_mujoco] Environment 5
[2022-11-23 13:27:00,748] [INFO] [runner_train_mujoco] Environment 6
[2022-11-23 13:27:09,463] [INFO] [runner_train_mujoco] Environment 7
[2022-11-23 13:27:17,401] [INFO] [runner_train_mujoco] Environment 8
[2022-11-23 13:27:25,756] [INFO] [runner_train_mujoco] Environment 9
[2022-11-23 13:27:34,341] [INFO] [runner_train_mujoco] Average cumulative reward after 150 steps: 0.6674261811201048
[2022-11-23 13:27:34,341] [INFO] [runner_train_mujoco] Average state value: 0.5807676157951355
[2022-11-23 13:27:34,342] [INFO] [controller] ITERATION NUM: 17
[2022-11-23 13:27:34,401] [INFO] [controller] EPOCH 1 loss ppo:  -0.00978, loss val: 0.03632
[2022-11-23 13:27:34,464] [INFO] [controller] EPOCH 2 loss ppo:  -0.03111, loss val: 0.03304
[2022-11-23 13:27:34,574] [INFO] [controller] EPOCH 3 loss ppo:  -0.04720, loss val: 0.03438
[2022-11-23 13:27:34,626] [INFO] [controller] EPOCH 4 loss ppo:  -0.05373, loss val: 0.03416
[2022-11-23 13:27:34,637] [INFO] [runner_train_mujoco] Finished batch.
[2022-11-23 13:27:34,711] [INFO] [runner_train_mujoco] Starting simulation batch with mujoco.
[2022-11-23 13:27:34,712] [INFO] [runner_train_mujoco] Environment 0
[2022-11-23 13:27:43,509] [INFO] [runner_train_mujoco] Environment 1
[2022-11-23 13:27:51,494] [INFO] [runner_train_mujoco] Environment 2
[2022-11-23 13:28:00,173] [INFO] [runner_train_mujoco] Environment 3
[2022-11-23 13:28:08,855] [INFO] [runner_train_mujoco] Environment 4
[2022-11-23 13:28:17,015] [INFO] [runner_train_mujoco] Environment 5
[2022-11-23 13:28:24,937] [INFO] [runner_train_mujoco] Environment 6
[2022-11-23 13:28:32,743] [INFO] [runner_train_mujoco] Environment 7
[2022-11-23 13:28:40,935] [INFO] [runner_train_mujoco] Environment 8
[2022-11-23 13:28:49,252] [INFO] [runner_train_mujoco] Environment 9
[2022-11-23 13:28:57,068] [INFO] [runner_train_mujoco] Average cumulative reward after 150 steps: 0.5654909701730357
[2022-11-23 13:28:57,068] [INFO] [runner_train_mujoco] Average state value: 0.569702368358771
[2022-11-23 13:28:57,068] [INFO] [controller] ITERATION NUM: 18
[2022-11-23 13:28:57,151] [INFO] [controller] EPOCH 1 loss ppo:  -0.01035, loss val: 0.04210
[2022-11-23 13:28:57,205] [INFO] [controller] EPOCH 2 loss ppo:  -0.03225, loss val: 0.04055
[2022-11-23 13:28:57,269] [INFO] [controller] EPOCH 3 loss ppo:  -0.04452, loss val: 0.04049
[2022-11-23 13:28:57,322] [INFO] [controller] EPOCH 4 loss ppo:  -0.05128, loss val: 0.04004
[2022-11-23 13:28:57,335] [INFO] [runner_train_mujoco] Finished batch.
[2022-11-23 13:28:57,412] [INFO] [runner_train_mujoco] Starting simulation batch with mujoco.
[2022-11-23 13:28:57,442] [INFO] [runner_train_mujoco] Environment 0
[2022-11-23 13:29:05,836] [INFO] [runner_train_mujoco] Environment 1
[2022-11-23 13:29:13,631] [INFO] [runner_train_mujoco] Environment 2
[2022-11-23 13:29:21,710] [INFO] [runner_train_mujoco] Environment 3
[2022-11-23 13:29:29,771] [INFO] [runner_train_mujoco] Environment 4
[2022-11-23 13:29:37,795] [INFO] [runner_train_mujoco] Environment 5
[2022-11-23 13:29:45,211] [INFO] [runner_train_mujoco] Environment 6
[2022-11-23 13:29:52,453] [INFO] [runner_train_mujoco] Environment 7
[2022-11-23 13:30:00,566] [INFO] [runner_train_mujoco] Environment 8
[2022-11-23 13:30:07,879] [INFO] [runner_train_mujoco] Environment 9
[2022-11-23 13:30:15,387] [INFO] [runner_train_mujoco] Average cumulative reward after 150 steps: 0.8805264709497432
[2022-11-23 13:30:15,388] [INFO] [runner_train_mujoco] Average state value: 0.5616574158469836
[2022-11-23 13:30:15,388] [INFO] [controller] ITERATION NUM: 19
[2022-11-23 13:30:15,457] [INFO] [controller] EPOCH 1 loss ppo:  -0.01094, loss val: 0.03234
[2022-11-23 13:30:15,519] [INFO] [controller] EPOCH 2 loss ppo:  -0.03256, loss val: 0.03228
[2022-11-23 13:30:15,582] [INFO] [controller] EPOCH 3 loss ppo:  -0.04187, loss val: 0.02828
[2022-11-23 13:30:15,671] [INFO] [controller] EPOCH 4 loss ppo:  -0.05024, loss val: 0.02883
[2022-11-23 13:30:15,680] [INFO] [runner_train_mujoco] Finished batch.
[2022-11-23 13:30:15,751] [INFO] [runner_train_mujoco] Starting simulation batch with mujoco.
[2022-11-23 13:30:15,751] [INFO] [runner_train_mujoco] Environment 0
[2022-11-23 13:30:23,541] [INFO] [runner_train_mujoco] Environment 1
[2022-11-23 13:30:31,323] [INFO] [runner_train_mujoco] Environment 2
[2022-11-23 13:30:38,997] [INFO] [runner_train_mujoco] Environment 3
[2022-11-23 13:30:46,588] [INFO] [runner_train_mujoco] Environment 4
[2022-11-23 13:30:54,511] [INFO] [runner_train_mujoco] Environment 5
[2022-11-23 13:31:02,116] [INFO] [runner_train_mujoco] Environment 6
[2022-11-23 13:31:10,308] [INFO] [runner_train_mujoco] Environment 7
[2022-11-23 13:31:17,819] [INFO] [runner_train_mujoco] Environment 8
[2022-11-23 13:31:25,563] [INFO] [runner_train_mujoco] Environment 9
[2022-11-23 13:31:33,170] [INFO] [runner_train_mujoco] Average cumulative reward after 150 steps: 1.0777646423512839
[2022-11-23 13:31:33,170] [INFO] [runner_train_mujoco] Average state value: 0.5171286139488219
[2022-11-23 13:31:33,170] [INFO] [controller] ITERATION NUM: 20
[2022-11-23 13:31:33,237] [INFO] [controller] EPOCH 1 loss ppo:  -0.01605, loss val: 0.03814
[2022-11-23 13:31:33,290] [INFO] [controller] EPOCH 2 loss ppo:  -0.04021, loss val: 0.03425
[2022-11-23 13:31:33,344] [INFO] [controller] EPOCH 3 loss ppo:  -0.04978, loss val: 0.03210
[2022-11-23 13:31:33,407] [INFO] [controller] EPOCH 4 loss ppo:  -0.05811, loss val: 0.03222
[2022-11-23 13:31:33,418] [INFO] [runner_train_mujoco] Finished batch.
[2022-11-23 13:31:33,490] [INFO] [runner_train_mujoco] Starting simulation batch with mujoco.
[2022-11-23 13:31:33,490] [INFO] [runner_train_mujoco] Environment 0
[2022-11-23 13:31:41,366] [INFO] [runner_train_mujoco] Environment 1
[2022-11-23 13:31:49,106] [INFO] [runner_train_mujoco] Environment 2
[2022-11-23 13:31:56,784] [INFO] [runner_train_mujoco] Environment 3
[2022-11-23 13:32:04,804] [INFO] [runner_train_mujoco] Environment 4
[2022-11-23 13:32:12,684] [INFO] [runner_train_mujoco] Environment 5
[2022-11-23 13:32:20,888] [INFO] [runner_train_mujoco] Environment 6
[2022-11-23 13:32:29,248] [INFO] [runner_train_mujoco] Environment 7
[2022-11-23 13:32:37,144] [INFO] [runner_train_mujoco] Environment 8
[2022-11-23 13:32:44,912] [INFO] [runner_train_mujoco] Environment 9
[2022-11-23 13:32:53,022] [INFO] [runner_train_mujoco] Average cumulative reward after 150 steps: 1.5645046489540624
[2022-11-23 13:32:53,023] [INFO] [runner_train_mujoco] Average state value: 0.48823623687028883
[2022-11-23 13:32:53,023] [INFO] [controller] ITERATION NUM: 21
[2022-11-23 13:32:53,091] [INFO] [controller] EPOCH 1 loss ppo:  -0.01580, loss val: 0.04251
[2022-11-23 13:32:53,149] [INFO] [controller] EPOCH 2 loss ppo:  -0.03920, loss val: 0.04010
[2022-11-23 13:32:53,238] [INFO] [controller] EPOCH 3 loss ppo:  -0.05240, loss val: 0.03760
[2022-11-23 13:32:53,297] [INFO] [controller] EPOCH 4 loss ppo:  -0.06076, loss val: 0.03690
[2022-11-23 13:32:53,307] [INFO] [runner_train_mujoco] Finished batch.
[2022-11-23 13:32:53,414] [INFO] [runner_train_mujoco] Starting simulation batch with mujoco.
[2022-11-23 13:32:53,420] [INFO] [runner_train_mujoco] Environment 0
[2022-11-23 13:33:01,655] [INFO] [runner_train_mujoco] Environment 1
[2022-11-23 13:33:09,959] [INFO] [runner_train_mujoco] Environment 2
[2022-11-23 13:33:18,071] [INFO] [runner_train_mujoco] Environment 3
[2022-11-23 13:33:26,381] [INFO] [runner_train_mujoco] Environment 4
[2022-11-23 13:33:34,546] [INFO] [runner_train_mujoco] Environment 5
[2022-11-23 13:33:42,855] [INFO] [runner_train_mujoco] Environment 6
[2022-11-23 13:33:51,107] [INFO] [runner_train_mujoco] Environment 7
[2022-11-23 13:33:59,745] [INFO] [runner_train_mujoco] Environment 8
[2022-11-23 13:34:08,726] [INFO] [runner_train_mujoco] Environment 9
[2022-11-23 13:34:16,721] [INFO] [runner_train_mujoco] Average cumulative reward after 150 steps: 1.4888604715301863
[2022-11-23 13:34:16,722] [INFO] [runner_train_mujoco] Average state value: 0.5157086773514747
[2022-11-23 13:34:16,722] [INFO] [controller] ITERATION NUM: 22
[2022-11-23 13:34:16,781] [INFO] [controller] EPOCH 1 loss ppo:  -0.01462, loss val: 0.03886
[2022-11-23 13:34:16,846] [INFO] [controller] EPOCH 2 loss ppo:  -0.03743, loss val: 0.03909
[2022-11-23 13:34:16,995] [INFO] [controller] EPOCH 3 loss ppo:  -0.04611, loss val: 0.03827
[2022-11-23 13:34:17,275] [INFO] [controller] EPOCH 4 loss ppo:  -0.05741, loss val: 0.03928
[2022-11-23 13:34:17,287] [INFO] [runner_train_mujoco] Finished batch.
[2022-11-23 13:34:17,382] [INFO] [runner_train_mujoco] Starting simulation batch with mujoco.
[2022-11-23 13:34:17,386] [INFO] [runner_train_mujoco] Environment 0
[2022-11-23 13:34:25,199] [INFO] [runner_train_mujoco] Environment 1
[2022-11-23 13:34:33,706] [INFO] [runner_train_mujoco] Environment 2
[2022-11-23 13:34:42,113] [INFO] [runner_train_mujoco] Environment 3
[2022-11-23 13:34:50,759] [INFO] [runner_train_mujoco] Environment 4
[2022-11-23 13:34:58,954] [INFO] [runner_train_mujoco] Environment 5
[2022-11-23 13:35:07,426] [INFO] [runner_train_mujoco] Environment 6
[2022-11-23 13:35:15,529] [INFO] [runner_train_mujoco] Environment 7
[2022-11-23 13:35:25,287] [INFO] [runner_train_mujoco] Environment 8
[2022-11-23 13:35:34,046] [INFO] [runner_train_mujoco] Environment 9
[2022-11-23 13:35:42,374] [INFO] [runner_train_mujoco] Average cumulative reward after 150 steps: 2.0071629619857454
[2022-11-23 13:35:42,374] [INFO] [runner_train_mujoco] Average state value: 0.538416479229927
[2022-11-23 13:35:42,375] [INFO] [controller] ITERATION NUM: 23
[2022-11-23 13:35:42,528] [INFO] [controller] EPOCH 1 loss ppo:  -0.01548, loss val: 0.04074
[2022-11-23 13:35:42,589] [INFO] [controller] EPOCH 2 loss ppo:  -0.03613, loss val: 0.04018
[2022-11-23 13:35:42,644] [INFO] [controller] EPOCH 3 loss ppo:  -0.04666, loss val: 0.04046
[2022-11-23 13:35:42,700] [INFO] [controller] EPOCH 4 loss ppo:  -0.05687, loss val: 0.03992
[2022-11-23 13:35:42,712] [INFO] [runner_train_mujoco] Finished batch.
[2022-11-23 13:35:42,795] [INFO] [runner_train_mujoco] Starting simulation batch with mujoco.
[2022-11-23 13:35:42,795] [INFO] [runner_train_mujoco] Environment 0
[2022-11-23 13:35:52,794] [INFO] [runner_train_mujoco] Environment 1
[2022-11-23 13:36:01,170] [INFO] [runner_train_mujoco] Environment 2
[2022-11-23 13:36:09,756] [INFO] [runner_train_mujoco] Environment 3
[2022-11-23 13:36:18,950] [INFO] [runner_train_mujoco] Environment 4
[2022-11-23 13:36:28,152] [INFO] [runner_train_mujoco] Environment 5
[2022-11-23 13:36:36,734] [INFO] [runner_train_mujoco] Environment 6
[2022-11-23 13:36:45,597] [INFO] [runner_train_mujoco] Environment 7
[2022-11-23 13:36:54,261] [INFO] [runner_train_mujoco] Environment 8
[2022-11-23 13:37:03,305] [INFO] [runner_train_mujoco] Environment 9
[2022-11-23 13:37:12,393] [INFO] [runner_train_mujoco] Average cumulative reward after 150 steps: 2.158058447900926
[2022-11-23 13:37:12,393] [INFO] [runner_train_mujoco] Average state value: 0.5498268415232499
[2022-11-23 13:37:12,393] [INFO] [controller] ITERATION NUM: 24
[2022-11-23 13:37:12,496] [INFO] [controller] EPOCH 1 loss ppo:  -0.01460, loss val: 0.04558
[2022-11-23 13:37:12,561] [INFO] [controller] EPOCH 2 loss ppo:  -0.03390, loss val: 0.04688
[2022-11-23 13:37:12,638] [INFO] [controller] EPOCH 3 loss ppo:  -0.04559, loss val: 0.04476
[2022-11-23 13:37:12,698] [INFO] [controller] EPOCH 4 loss ppo:  -0.05673, loss val: 0.04435
[2022-11-23 13:37:12,715] [INFO] [runner_train_mujoco] Finished batch.
[2022-11-23 13:37:12,798] [INFO] [runner_train_mujoco] Starting simulation batch with mujoco.
[2022-11-23 13:37:12,799] [INFO] [runner_train_mujoco] Environment 0
[2022-11-23 13:37:21,753] [INFO] [runner_train_mujoco] Environment 1
[2022-11-23 13:37:31,221] [INFO] [runner_train_mujoco] Environment 2
[2022-11-23 13:37:40,248] [INFO] [runner_train_mujoco] Environment 3
[2022-11-23 13:37:49,046] [INFO] [runner_train_mujoco] Environment 4
[2022-11-23 13:37:57,978] [INFO] [runner_train_mujoco] Environment 5
[2022-11-23 13:38:07,433] [INFO] [runner_train_mujoco] Environment 6
[2022-11-23 13:38:17,061] [INFO] [runner_train_mujoco] Environment 7
[2022-11-23 13:38:26,295] [INFO] [runner_train_mujoco] Environment 8
[2022-11-23 13:38:36,084] [INFO] [runner_train_mujoco] Environment 9
[2022-11-23 13:38:45,638] [INFO] [runner_train_mujoco] Average cumulative reward after 150 steps: 2.438912373584862
[2022-11-23 13:38:45,639] [INFO] [runner_train_mujoco] Average state value: 0.5264794688622156
[2022-11-23 13:38:45,639] [INFO] [controller] ITERATION NUM: 25
[2022-11-23 13:38:45,721] [INFO] [controller] EPOCH 1 loss ppo:  -0.01505, loss val: 0.04309
[2022-11-23 13:38:45,781] [INFO] [controller] EPOCH 2 loss ppo:  -0.03136, loss val: 0.04493
[2022-11-23 13:38:45,929] [INFO] [controller] EPOCH 3 loss ppo:  -0.04521, loss val: 0.04275
[2022-11-23 13:38:45,994] [INFO] [controller] EPOCH 4 loss ppo:  -0.05372, loss val: 0.04231
[2022-11-23 13:38:46,008] [INFO] [runner_train_mujoco] Finished batch.
[2022-11-23 13:38:46,135] [INFO] [runner_train_mujoco] Starting simulation batch with mujoco.
[2022-11-23 13:38:46,139] [INFO] [runner_train_mujoco] Environment 0
[2022-11-23 13:38:55,976] [INFO] [runner_train_mujoco] Environment 1
[2022-11-23 13:39:05,914] [INFO] [runner_train_mujoco] Environment 2
[2022-11-23 13:39:15,694] [INFO] [runner_train_mujoco] Environment 3
[2022-11-23 13:39:25,160] [INFO] [runner_train_mujoco] Environment 4
[2022-11-23 13:39:34,854] [INFO] [runner_train_mujoco] Environment 5
[2022-11-23 13:39:44,790] [INFO] [runner_train_mujoco] Environment 6
[2022-11-23 13:39:53,979] [INFO] [runner_train_mujoco] Environment 7
[2022-11-23 13:40:03,250] [INFO] [runner_train_mujoco] Environment 8
[2022-11-23 13:40:12,875] [INFO] [runner_train_mujoco] Environment 9
[2022-11-23 13:40:22,338] [INFO] [runner_train_mujoco] Average cumulative reward after 150 steps: 2.7246744395819595
[2022-11-23 13:40:22,338] [INFO] [runner_train_mujoco] Average state value: 0.5459726793467998
[2022-11-23 13:40:22,339] [INFO] [controller] ITERATION NUM: 26
[2022-11-23 13:40:22,446] [INFO] [controller] EPOCH 1 loss ppo:  -0.01420, loss val: 0.03934
[2022-11-23 13:40:22,522] [INFO] [controller] EPOCH 2 loss ppo:  -0.03583, loss val: 0.03877
[2022-11-23 13:40:22,577] [INFO] [controller] EPOCH 3 loss ppo:  -0.04803, loss val: 0.03902
[2022-11-23 13:40:22,645] [INFO] [controller] EPOCH 4 loss ppo:  -0.05650, loss val: 0.03943
[2022-11-23 13:40:22,657] [INFO] [runner_train_mujoco] Finished batch.
[2022-11-23 13:40:22,748] [INFO] [runner_train_mujoco] Starting simulation batch with mujoco.
[2022-11-23 13:40:22,748] [INFO] [runner_train_mujoco] Environment 0
[2022-11-23 13:40:32,297] [INFO] [runner_train_mujoco] Environment 1
[2022-11-23 13:40:40,829] [INFO] [runner_train_mujoco] Environment 2
[2022-11-23 13:40:49,857] [INFO] [runner_train_mujoco] Environment 3
[2022-11-23 13:40:58,906] [INFO] [runner_train_mujoco] Environment 4
[2022-11-23 13:41:07,646] [INFO] [runner_train_mujoco] Environment 5
[2022-11-23 13:41:16,274] [INFO] [runner_train_mujoco] Environment 6
[2022-11-23 13:41:24,834] [INFO] [runner_train_mujoco] Environment 7
[2022-11-23 13:41:33,801] [INFO] [runner_train_mujoco] Environment 8
[2022-11-23 13:41:42,558] [INFO] [runner_train_mujoco] Environment 9
[2022-11-23 13:41:52,507] [INFO] [runner_train_mujoco] Average cumulative reward after 150 steps: 2.9163938923264476
[2022-11-23 13:41:52,508] [INFO] [runner_train_mujoco] Average state value: 0.5753980329434076
[2022-11-23 13:41:52,508] [INFO] [controller] ITERATION NUM: 27
[2022-11-23 13:41:52,589] [INFO] [controller] EPOCH 1 loss ppo:  -0.01215, loss val: 0.04525
[2022-11-23 13:41:52,659] [INFO] [controller] EPOCH 2 loss ppo:  -0.03012, loss val: 0.04656
[2022-11-23 13:41:52,749] [INFO] [controller] EPOCH 3 loss ppo:  -0.04290, loss val: 0.04603
[2022-11-23 13:41:52,833] [INFO] [controller] EPOCH 4 loss ppo:  -0.05180, loss val: 0.04608
[2022-11-23 13:41:52,848] [INFO] [runner_train_mujoco] Finished batch.
[2022-11-23 13:41:52,938] [INFO] [runner_train_mujoco] Starting simulation batch with mujoco.
[2022-11-23 13:41:52,939] [INFO] [runner_train_mujoco] Environment 0
[2022-11-23 13:42:01,952] [INFO] [runner_train_mujoco] Environment 1
[2022-11-23 13:42:11,090] [INFO] [runner_train_mujoco] Environment 2
[2022-11-23 13:42:19,772] [INFO] [runner_train_mujoco] Environment 3
[2022-11-23 13:42:28,011] [INFO] [runner_train_mujoco] Environment 4
[2022-11-23 13:42:36,548] [INFO] [runner_train_mujoco] Environment 5
[2022-11-23 13:42:44,486] [INFO] [runner_train_mujoco] Environment 6
[2022-11-23 13:42:52,933] [INFO] [runner_train_mujoco] Environment 7
[2022-11-23 13:43:01,597] [INFO] [runner_train_mujoco] Environment 8
[2022-11-23 13:43:10,365] [INFO] [runner_train_mujoco] Environment 9
[2022-11-23 13:43:19,073] [INFO] [runner_train_mujoco] Average cumulative reward after 150 steps: 2.8986258825403826
[2022-11-23 13:43:19,073] [INFO] [runner_train_mujoco] Average state value: 0.5779789763490358
[2022-11-23 13:43:19,073] [INFO] [controller] ITERATION NUM: 28
[2022-11-23 13:43:19,146] [INFO] [controller] EPOCH 1 loss ppo:  -0.01480, loss val: 0.04607
[2022-11-23 13:43:19,199] [INFO] [controller] EPOCH 2 loss ppo:  -0.03121, loss val: 0.04453
[2022-11-23 13:43:19,259] [INFO] [controller] EPOCH 3 loss ppo:  -0.03896, loss val: 0.04270
[2022-11-23 13:43:19,320] [INFO] [controller] EPOCH 4 loss ppo:  -0.05313, loss val: 0.04280
[2022-11-23 13:43:19,331] [INFO] [runner_train_mujoco] Finished batch.
[2022-11-23 13:43:19,418] [INFO] [runner_train_mujoco] Starting simulation batch with mujoco.
[2022-11-23 13:43:19,419] [INFO] [runner_train_mujoco] Environment 0
[2022-11-23 13:43:27,931] [INFO] [runner_train_mujoco] Environment 1
[2022-11-23 13:43:36,249] [INFO] [runner_train_mujoco] Environment 2
[2022-11-23 13:43:44,261] [INFO] [runner_train_mujoco] Environment 3
[2022-11-23 13:43:52,660] [INFO] [runner_train_mujoco] Environment 4
[2022-11-23 13:44:00,959] [INFO] [runner_train_mujoco] Environment 5
[2022-11-23 13:44:08,799] [INFO] [runner_train_mujoco] Environment 6
[2022-11-23 13:44:17,017] [INFO] [runner_train_mujoco] Environment 7
[2022-11-23 13:44:25,547] [INFO] [runner_train_mujoco] Environment 8
[2022-11-23 13:44:34,196] [INFO] [runner_train_mujoco] Environment 9
[2022-11-23 13:44:42,613] [INFO] [runner_train_mujoco] Average cumulative reward after 150 steps: 3.09326418720763
[2022-11-23 13:44:42,613] [INFO] [runner_train_mujoco] Average state value: 0.5395751925905545
[2022-11-23 13:44:42,613] [INFO] [controller] ITERATION NUM: 29
[2022-11-23 13:44:42,743] [INFO] [controller] EPOCH 1 loss ppo:  -0.01326, loss val: 0.04720
[2022-11-23 13:44:42,806] [INFO] [controller] EPOCH 2 loss ppo:  -0.02922, loss val: 0.04954
[2022-11-23 13:44:42,877] [INFO] [controller] EPOCH 3 loss ppo:  -0.04070, loss val: 0.04941
[2022-11-23 13:44:43,029] [INFO] [controller] EPOCH 4 loss ppo:  -0.05207, loss val: 0.04781
[2022-11-23 13:44:43,041] [INFO] [runner_train_mujoco] Finished batch.
[2022-11-23 13:44:43,122] [INFO] [runner_train_mujoco] Starting simulation batch with mujoco.
[2022-11-23 13:44:43,122] [INFO] [runner_train_mujoco] Environment 0
[2022-11-23 13:44:51,381] [INFO] [runner_train_mujoco] Environment 1
[2022-11-23 13:44:59,403] [INFO] [runner_train_mujoco] Environment 2
[2022-11-23 13:45:07,152] [INFO] [runner_train_mujoco] Environment 3
[2022-11-23 13:45:14,828] [INFO] [runner_train_mujoco] Environment 4
[2022-11-23 13:45:22,071] [INFO] [runner_train_mujoco] Environment 5
[2022-11-23 13:45:30,349] [INFO] [runner_train_mujoco] Environment 6
[2022-11-23 13:45:38,306] [INFO] [runner_train_mujoco] Environment 7
[2022-11-23 13:45:46,365] [INFO] [runner_train_mujoco] Environment 8
[2022-11-23 13:45:54,201] [INFO] [runner_train_mujoco] Environment 9
[2022-11-23 13:46:02,315] [INFO] [runner_train_mujoco] Average cumulative reward after 150 steps: 3.3222637582376664
[2022-11-23 13:46:02,315] [INFO] [runner_train_mujoco] Average state value: 0.5169030360877515
[2022-11-23 13:46:02,315] [INFO] [controller] ITERATION NUM: 30
[2022-11-23 13:46:02,382] [INFO] [controller] EPOCH 1 loss ppo:  -0.01395, loss val: 0.03579
[2022-11-23 13:46:02,444] [INFO] [controller] EPOCH 2 loss ppo:  -0.03390, loss val: 0.03819
[2022-11-23 13:46:02,504] [INFO] [controller] EPOCH 3 loss ppo:  -0.04325, loss val: 0.03570
[2022-11-23 13:46:02,559] [INFO] [controller] EPOCH 4 loss ppo:  -0.05378, loss val: 0.03646
[2022-11-23 13:46:02,571] [INFO] [runner_train_mujoco] Finished batch.
[2022-11-23 13:46:02,648] [INFO] [runner_train_mujoco] Starting simulation batch with mujoco.
[2022-11-23 13:46:02,649] [INFO] [runner_train_mujoco] Environment 0
[2022-11-23 13:46:10,314] [INFO] [runner_train_mujoco] Environment 1
[2022-11-23 13:46:18,373] [INFO] [runner_train_mujoco] Environment 2
[2022-11-23 13:46:25,591] [INFO] [runner_train_mujoco] Environment 3
[2022-11-23 13:46:32,923] [INFO] [runner_train_mujoco] Environment 4
[2022-11-23 13:46:40,523] [INFO] [runner_train_mujoco] Environment 5
[2022-11-23 13:46:48,448] [INFO] [runner_train_mujoco] Environment 6
[2022-11-23 13:46:56,784] [INFO] [runner_train_mujoco] Environment 7
[2022-11-23 13:47:04,621] [INFO] [runner_train_mujoco] Environment 8
[2022-11-23 13:47:12,390] [INFO] [runner_train_mujoco] Environment 9
[2022-11-23 13:47:20,332] [INFO] [runner_train_mujoco] Average cumulative reward after 150 steps: 3.6604581652600614
[2022-11-23 13:47:20,333] [INFO] [runner_train_mujoco] Average state value: 0.519311800201734
[2022-11-23 13:47:20,333] [INFO] [controller] ITERATION NUM: 31
[2022-11-23 13:47:20,407] [INFO] [controller] EPOCH 1 loss ppo:  -0.01371, loss val: 0.03896
[2022-11-23 13:47:20,459] [INFO] [controller] EPOCH 2 loss ppo:  -0.02853, loss val: 0.03858
[2022-11-23 13:47:20,513] [INFO] [controller] EPOCH 3 loss ppo:  -0.04401, loss val: 0.03836
[2022-11-23 13:47:20,562] [INFO] [controller] EPOCH 4 loss ppo:  -0.04975, loss val: 0.03810
[2022-11-23 13:47:20,573] [INFO] [runner_train_mujoco] Finished batch.
[2022-11-23 13:47:20,650] [INFO] [runner_train_mujoco] Starting simulation batch with mujoco.
[2022-11-23 13:47:20,651] [INFO] [runner_train_mujoco] Environment 0
[2022-11-23 13:47:28,291] [INFO] [runner_train_mujoco] Environment 1
[2022-11-23 13:47:35,601] [INFO] [runner_train_mujoco] Environment 2
[2022-11-23 13:47:43,445] [INFO] [runner_train_mujoco] Environment 3
[2022-11-23 13:47:51,087] [INFO] [runner_train_mujoco] Environment 4
[2022-11-23 13:47:58,502] [INFO] [runner_train_mujoco] Environment 5
[2022-11-23 13:48:06,125] [INFO] [runner_train_mujoco] Environment 6
[2022-11-23 13:48:13,789] [INFO] [runner_train_mujoco] Environment 7
[2022-11-23 13:48:20,785] [INFO] [runner_train_mujoco] Environment 8
[2022-11-23 13:48:28,133] [INFO] [runner_train_mujoco] Environment 9
[2022-11-23 13:48:35,598] [INFO] [runner_train_mujoco] Average cumulative reward after 150 steps: 3.5834956421443693
[2022-11-23 13:48:35,599] [INFO] [runner_train_mujoco] Average state value: 0.5074536073903243
[2022-11-23 13:48:35,599] [INFO] [controller] ITERATION NUM: 32
[2022-11-23 13:48:35,654] [INFO] [controller] EPOCH 1 loss ppo:  -0.01480, loss val: 0.04141
[2022-11-23 13:48:35,713] [INFO] [controller] EPOCH 2 loss ppo:  -0.03309, loss val: 0.04106
[2022-11-23 13:48:35,764] [INFO] [controller] EPOCH 3 loss ppo:  -0.04349, loss val: 0.04056
[2022-11-23 13:48:35,840] [INFO] [controller] EPOCH 4 loss ppo:  -0.05583, loss val: 0.04197
[2022-11-23 13:48:35,850] [INFO] [runner_train_mujoco] Finished batch.
[2022-11-23 13:48:35,919] [INFO] [runner_train_mujoco] Starting simulation batch with mujoco.
[2022-11-23 13:48:35,919] [INFO] [runner_train_mujoco] Environment 0
[2022-11-23 13:48:43,489] [INFO] [runner_train_mujoco] Environment 1
[2022-11-23 13:48:50,441] [INFO] [runner_train_mujoco] Environment 2
[2022-11-23 13:48:58,627] [INFO] [runner_train_mujoco] Environment 3
[2022-11-23 13:49:06,402] [INFO] [runner_train_mujoco] Environment 4
[2022-11-23 13:49:14,012] [INFO] [runner_train_mujoco] Environment 5
[2022-11-23 13:49:21,046] [INFO] [runner_train_mujoco] Environment 6
[2022-11-23 13:49:28,481] [INFO] [runner_train_mujoco] Environment 7
[2022-11-23 13:49:36,051] [INFO] [runner_train_mujoco] Environment 8
[2022-11-23 13:49:43,246] [INFO] [runner_train_mujoco] Environment 9
[2022-11-23 13:49:50,737] [INFO] [runner_train_mujoco] Average cumulative reward after 150 steps: 3.9696196321257817
[2022-11-23 13:49:50,737] [INFO] [runner_train_mujoco] Average state value: 0.4851968877315521
[2022-11-23 13:49:50,737] [INFO] [controller] ITERATION NUM: 33
[2022-11-23 13:49:50,859] [INFO] [controller] EPOCH 1 loss ppo:  -0.01397, loss val: 0.05235
[2022-11-23 13:49:50,906] [INFO] [controller] EPOCH 2 loss ppo:  -0.02570, loss val: 0.05229
[2022-11-23 13:49:50,952] [INFO] [controller] EPOCH 3 loss ppo:  -0.03964, loss val: 0.05110
[2022-11-23 13:49:51,001] [INFO] [controller] EPOCH 4 loss ppo:  -0.04924, loss val: 0.05057
[2022-11-23 13:49:51,011] [INFO] [runner_train_mujoco] Finished batch.
[2022-11-23 13:49:51,080] [INFO] [runner_train_mujoco] Starting simulation batch with mujoco.
[2022-11-23 13:49:51,080] [INFO] [runner_train_mujoco] Environment 0
[2022-11-23 13:49:58,420] [INFO] [runner_train_mujoco] Environment 1
[2022-11-23 13:50:05,726] [INFO] [runner_train_mujoco] Environment 2
[2022-11-23 13:50:13,177] [INFO] [runner_train_mujoco] Environment 3
[2022-11-23 13:50:20,619] [INFO] [runner_train_mujoco] Environment 4
[2022-11-23 13:50:28,111] [INFO] [runner_train_mujoco] Environment 5
[2022-11-23 13:50:36,041] [INFO] [runner_train_mujoco] Environment 6
[2022-11-23 13:50:43,529] [INFO] [runner_train_mujoco] Environment 7
[2022-11-23 13:50:51,102] [INFO] [runner_train_mujoco] Environment 8
[2022-11-23 13:50:58,614] [INFO] [runner_train_mujoco] Environment 9
[2022-11-23 13:51:05,738] [INFO] [runner_train_mujoco] Average cumulative reward after 150 steps: 3.915687416355091
[2022-11-23 13:51:05,738] [INFO] [runner_train_mujoco] Average state value: 0.5084407150348028
[2022-11-23 13:51:05,738] [INFO] [controller] ITERATION NUM: 34
[2022-11-23 13:51:05,858] [INFO] [controller] EPOCH 1 loss ppo:  -0.01507, loss val: 0.04747
[2022-11-23 13:51:05,910] [INFO] [controller] EPOCH 2 loss ppo:  -0.03226, loss val: 0.04409
[2022-11-23 13:51:05,965] [INFO] [controller] EPOCH 3 loss ppo:  -0.04520, loss val: 0.04442
[2022-11-23 13:51:06,017] [INFO] [controller] EPOCH 4 loss ppo:  -0.05699, loss val: 0.04432
[2022-11-23 13:51:06,027] [INFO] [runner_train_mujoco] Finished batch.
[2022-11-23 13:51:06,109] [INFO] [runner_train_mujoco] Starting simulation batch with mujoco.
[2022-11-23 13:51:06,110] [INFO] [runner_train_mujoco] Environment 0
[2022-11-23 13:51:14,047] [INFO] [runner_train_mujoco] Environment 1
[2022-11-23 13:51:21,491] [INFO] [runner_train_mujoco] Environment 2
[2022-11-23 13:51:28,781] [INFO] [runner_train_mujoco] Environment 3
[2022-11-23 13:51:36,437] [INFO] [runner_train_mujoco] Environment 4
[2022-11-23 13:51:44,342] [INFO] [runner_train_mujoco] Environment 5
[2022-11-23 13:51:51,962] [INFO] [runner_train_mujoco] Environment 6
[2022-11-23 13:51:59,692] [INFO] [runner_train_mujoco] Environment 7
[2022-11-23 13:52:07,667] [INFO] [runner_train_mujoco] Environment 8
[2022-11-23 13:52:15,031] [INFO] [runner_train_mujoco] Environment 9
[2022-11-23 13:52:22,290] [INFO] [runner_train_mujoco] Average cumulative reward after 150 steps: 4.264572948805889
[2022-11-23 13:52:22,290] [INFO] [runner_train_mujoco] Average state value: 0.5333137715856234
[2022-11-23 13:52:22,290] [INFO] [controller] ITERATION NUM: 35
[2022-11-23 13:52:22,351] [INFO] [controller] EPOCH 1 loss ppo:  -0.01251, loss val: 0.05252
[2022-11-23 13:52:22,407] [INFO] [controller] EPOCH 2 loss ppo:  -0.02925, loss val: 0.05220
[2022-11-23 13:52:22,469] [INFO] [controller] EPOCH 3 loss ppo:  -0.04302, loss val: 0.05247
[2022-11-23 13:52:22,537] [INFO] [controller] EPOCH 4 loss ppo:  -0.05372, loss val: 0.05055
[2022-11-23 13:52:22,555] [INFO] [runner_train_mujoco] Finished batch.
[2022-11-23 13:52:22,633] [INFO] [runner_train_mujoco] Starting simulation batch with mujoco.
[2022-11-23 13:52:22,633] [INFO] [runner_train_mujoco] Environment 0
[2022-11-23 13:52:30,281] [INFO] [runner_train_mujoco] Environment 1
[2022-11-23 13:52:37,779] [INFO] [runner_train_mujoco] Environment 2
[2022-11-23 13:52:45,554] [INFO] [runner_train_mujoco] Environment 3
[2022-11-23 13:52:52,571] [INFO] [runner_train_mujoco] Environment 4
[2022-11-23 13:53:00,274] [INFO] [runner_train_mujoco] Environment 5
[2022-11-23 13:53:07,973] [INFO] [runner_train_mujoco] Environment 6
[2022-11-23 13:53:15,613] [INFO] [runner_train_mujoco] Environment 7
[2022-11-23 13:53:23,129] [INFO] [runner_train_mujoco] Environment 8
[2022-11-23 13:53:30,718] [INFO] [runner_train_mujoco] Environment 9
[2022-11-23 13:53:38,224] [INFO] [runner_train_mujoco] Average cumulative reward after 150 steps: 4.398751821353781
[2022-11-23 13:53:38,225] [INFO] [runner_train_mujoco] Average state value: 0.5251595930258433
[2022-11-23 13:53:38,225] [INFO] [controller] ITERATION NUM: 36
[2022-11-23 13:53:38,293] [INFO] [controller] EPOCH 1 loss ppo:  -0.01455, loss val: 0.04315
[2022-11-23 13:53:38,349] [INFO] [controller] EPOCH 2 loss ppo:  -0.02845, loss val: 0.04271
[2022-11-23 13:53:38,400] [INFO] [controller] EPOCH 3 loss ppo:  -0.03663, loss val: 0.04181
[2022-11-23 13:53:38,448] [INFO] [controller] EPOCH 4 loss ppo:  -0.04765, loss val: 0.04266
[2022-11-23 13:53:38,459] [INFO] [runner_train_mujoco] Finished batch.
[2022-11-23 13:53:38,534] [INFO] [runner_train_mujoco] Starting simulation batch with mujoco.
[2022-11-23 13:53:38,535] [INFO] [runner_train_mujoco] Environment 0
[2022-11-23 13:53:46,405] [INFO] [runner_train_mujoco] Environment 1
[2022-11-23 13:53:54,031] [INFO] [runner_train_mujoco] Environment 2
[2022-11-23 13:54:01,509] [INFO] [runner_train_mujoco] Environment 3
[2022-11-23 13:54:08,782] [INFO] [runner_train_mujoco] Environment 4
[2022-11-23 13:54:16,964] [INFO] [runner_train_mujoco] Environment 5
[2022-11-23 13:54:23,787] [INFO] [runner_train_mujoco] Environment 6
[2022-11-23 13:54:31,053] [INFO] [runner_train_mujoco] Environment 7
[2022-11-23 13:54:38,571] [INFO] [runner_train_mujoco] Environment 8
[2022-11-23 13:54:46,623] [INFO] [runner_train_mujoco] Environment 9
[2022-11-23 13:54:55,377] [INFO] [runner_train_mujoco] Average cumulative reward after 150 steps: 4.389371651883508
[2022-11-23 13:54:55,377] [INFO] [runner_train_mujoco] Average state value: 0.5210307137370109
[2022-11-23 13:54:55,377] [INFO] [controller] ITERATION NUM: 37
[2022-11-23 13:54:55,675] [INFO] [controller] EPOCH 1 loss ppo:  -0.01283, loss val: 0.03933
[2022-11-23 13:54:55,731] [INFO] [controller] EPOCH 2 loss ppo:  -0.02563, loss val: 0.03937
[2022-11-23 13:54:55,794] [INFO] [controller] EPOCH 3 loss ppo:  -0.03750, loss val: 0.03930
[2022-11-23 13:54:55,852] [INFO] [controller] EPOCH 4 loss ppo:  -0.05118, loss val: 0.04136
[2022-11-23 13:54:55,863] [INFO] [runner_train_mujoco] Finished batch.
[2022-11-23 13:54:55,973] [INFO] [runner_train_mujoco] Starting simulation batch with mujoco.
[2022-11-23 13:54:55,974] [INFO] [runner_train_mujoco] Environment 0
[2022-11-23 13:55:03,647] [INFO] [runner_train_mujoco] Environment 1
[2022-11-23 13:55:10,971] [INFO] [runner_train_mujoco] Environment 2
[2022-11-23 13:55:18,284] [INFO] [runner_train_mujoco] Environment 3
[2022-11-23 13:55:25,860] [INFO] [runner_train_mujoco] Environment 4
[2022-11-23 13:55:33,481] [INFO] [runner_train_mujoco] Environment 5
[2022-11-23 13:55:40,745] [INFO] [runner_train_mujoco] Environment 6
[2022-11-23 13:55:48,097] [INFO] [runner_train_mujoco] Environment 7
[2022-11-23 13:55:54,902] [INFO] [runner_train_mujoco] Environment 8
[2022-11-23 13:56:02,032] [INFO] [runner_train_mujoco] Environment 9
[2022-11-23 13:56:09,331] [INFO] [runner_train_mujoco] Average cumulative reward after 150 steps: 4.482577467567714
[2022-11-23 13:56:09,332] [INFO] [runner_train_mujoco] Average state value: 0.5200172028342883
[2022-11-23 13:56:09,332] [INFO] [controller] ITERATION NUM: 38
[2022-11-23 13:56:09,390] [INFO] [controller] EPOCH 1 loss ppo:  -0.01485, loss val: 0.03875
[2022-11-23 13:56:09,437] [INFO] [controller] EPOCH 2 loss ppo:  -0.02563, loss val: 0.03826
[2022-11-23 13:56:09,493] [INFO] [controller] EPOCH 3 loss ppo:  -0.03707, loss val: 0.03811
[2022-11-23 13:56:09,829] [INFO] [controller] EPOCH 4 loss ppo:  -0.04953, loss val: 0.03784
[2022-11-23 13:56:09,841] [INFO] [runner_train_mujoco] Finished batch.
[2022-11-23 13:56:09,929] [INFO] [runner_train_mujoco] Starting simulation batch with mujoco.
[2022-11-23 13:56:09,929] [INFO] [runner_train_mujoco] Environment 0
[2022-11-23 13:56:17,903] [INFO] [runner_train_mujoco] Environment 1
[2022-11-23 13:56:25,849] [INFO] [runner_train_mujoco] Environment 2
[2022-11-23 13:56:33,767] [INFO] [runner_train_mujoco] Environment 3
[2022-11-23 13:56:41,542] [INFO] [runner_train_mujoco] Environment 4
[2022-11-23 13:56:49,143] [INFO] [runner_train_mujoco] Environment 5
[2022-11-23 13:56:56,133] [INFO] [runner_train_mujoco] Environment 6
[2022-11-23 13:57:03,838] [INFO] [runner_train_mujoco] Environment 7
[2022-11-23 13:57:11,525] [INFO] [runner_train_mujoco] Environment 8
[2022-11-23 13:57:19,096] [INFO] [runner_train_mujoco] Environment 9
[2022-11-23 13:57:26,964] [INFO] [runner_train_mujoco] Average cumulative reward after 150 steps: 4.610132505590807
[2022-11-23 13:57:26,964] [INFO] [runner_train_mujoco] Average state value: 0.5010002861221631
[2022-11-23 13:57:26,964] [INFO] [controller] ITERATION NUM: 39
[2022-11-23 13:57:27,029] [INFO] [controller] EPOCH 1 loss ppo:  -0.01402, loss val: 0.04264
[2022-11-23 13:57:27,080] [INFO] [controller] EPOCH 2 loss ppo:  -0.02639, loss val: 0.04105
[2022-11-23 13:57:27,211] [INFO] [controller] EPOCH 3 loss ppo:  -0.03453, loss val: 0.04298
[2022-11-23 13:57:27,260] [INFO] [controller] EPOCH 4 loss ppo:  -0.04483, loss val: 0.04311
[2022-11-23 13:57:27,270] [INFO] [runner_train_mujoco] Finished batch.
[2022-11-23 13:57:27,345] [INFO] [runner_train_mujoco] Starting simulation batch with mujoco.
[2022-11-23 13:57:27,346] [INFO] [runner_train_mujoco] Environment 0
[2022-11-23 13:57:35,084] [INFO] [runner_train_mujoco] Environment 1
[2022-11-23 13:57:42,764] [INFO] [runner_train_mujoco] Environment 2
[2022-11-23 13:57:50,126] [INFO] [runner_train_mujoco] Environment 3
[2022-11-23 13:57:57,425] [INFO] [runner_train_mujoco] Environment 4
[2022-11-23 13:58:04,745] [INFO] [runner_train_mujoco] Environment 5
[2022-11-23 13:58:11,947] [INFO] [runner_train_mujoco] Environment 6
[2022-11-23 13:58:19,542] [INFO] [runner_train_mujoco] Environment 7
[2022-11-23 13:58:26,826] [INFO] [runner_train_mujoco] Environment 8
[2022-11-23 13:58:34,378] [INFO] [runner_train_mujoco] Environment 9
[2022-11-23 13:58:41,974] [INFO] [runner_train_mujoco] Average cumulative reward after 150 steps: 4.816697037067134
[2022-11-23 13:58:41,974] [INFO] [runner_train_mujoco] Average state value: 0.5108391421635946
[2022-11-23 13:58:41,974] [INFO] [controller] ITERATION NUM: 40
[2022-11-23 13:58:42,032] [INFO] [controller] EPOCH 1 loss ppo:  -0.01479, loss val: 0.04029
[2022-11-23 13:58:42,101] [INFO] [controller] EPOCH 2 loss ppo:  -0.02447, loss val: 0.04094
[2022-11-23 13:58:42,152] [INFO] [controller] EPOCH 3 loss ppo:  -0.03583, loss val: 0.04146
[2022-11-23 13:58:42,200] [INFO] [controller] EPOCH 4 loss ppo:  -0.04604, loss val: 0.03896
[2022-11-23 13:58:42,209] [INFO] [runner_train_mujoco] Finished batch.
[2022-11-23 13:58:42,312] [INFO] [runner_train_mujoco] Starting simulation batch with mujoco.
[2022-11-23 13:58:42,332] [INFO] [runner_train_mujoco] Environment 0
[2022-11-23 13:58:49,742] [INFO] [runner_train_mujoco] Environment 1
[2022-11-23 13:58:57,034] [INFO] [runner_train_mujoco] Environment 2
[2022-11-23 13:59:04,938] [INFO] [runner_train_mujoco] Environment 3
[2022-11-23 13:59:12,387] [INFO] [runner_train_mujoco] Environment 4
[2022-11-23 13:59:19,805] [INFO] [runner_train_mujoco] Environment 5
[2022-11-23 13:59:27,261] [INFO] [runner_train_mujoco] Environment 6
[2022-11-23 13:59:34,972] [INFO] [runner_train_mujoco] Environment 7
[2022-11-23 13:59:42,860] [INFO] [runner_train_mujoco] Environment 8
[2022-11-23 13:59:50,240] [INFO] [runner_train_mujoco] Environment 9
[2022-11-23 13:59:57,688] [INFO] [runner_train_mujoco] Average cumulative reward after 150 steps: 4.744339215871254
[2022-11-23 13:59:57,688] [INFO] [runner_train_mujoco] Average state value: 0.5058733404874801
[2022-11-23 13:59:57,688] [INFO] [controller] ITERATION NUM: 41
[2022-11-23 13:59:58,309] [INFO] [controller] EPOCH 1 loss ppo:  -0.01395, loss val: 0.04695
[2022-11-23 13:59:58,375] [INFO] [controller] EPOCH 2 loss ppo:  -0.02427, loss val: 0.04643
[2022-11-23 13:59:58,426] [INFO] [controller] EPOCH 3 loss ppo:  -0.03283, loss val: 0.04686
[2022-11-23 13:59:58,535] [INFO] [controller] EPOCH 4 loss ppo:  -0.04239, loss val: 0.04638
[2022-11-23 13:59:58,547] [INFO] [runner_train_mujoco] Finished batch.
[2022-11-23 13:59:58,622] [INFO] [runner_train_mujoco] Starting simulation batch with mujoco.
[2022-11-23 13:59:58,622] [INFO] [runner_train_mujoco] Environment 0
[2022-11-23 14:00:06,605] [INFO] [runner_train_mujoco] Environment 1
[2022-11-23 14:00:14,181] [INFO] [runner_train_mujoco] Environment 2
[2022-11-23 14:00:21,850] [INFO] [runner_train_mujoco] Environment 3
[2022-11-23 14:00:29,207] [INFO] [runner_train_mujoco] Environment 4
[2022-11-23 14:00:36,562] [INFO] [runner_train_mujoco] Environment 5
[2022-11-23 14:00:44,092] [INFO] [runner_train_mujoco] Environment 6
[2022-11-23 14:00:51,601] [INFO] [runner_train_mujoco] Environment 7
[2022-11-23 14:01:00,069] [INFO] [runner_train_mujoco] Environment 8
[2022-11-23 14:01:08,805] [INFO] [runner_train_mujoco] Environment 9
[2022-11-23 14:01:16,803] [INFO] [runner_train_mujoco] Average cumulative reward after 150 steps: 4.79981555279622
[2022-11-23 14:01:16,804] [INFO] [runner_train_mujoco] Average state value: 0.5073904276688894
[2022-11-23 14:01:16,804] [INFO] [controller] ITERATION NUM: 42
[2022-11-23 14:01:16,880] [INFO] [controller] EPOCH 1 loss ppo:  -0.01615, loss val: 0.04700
[2022-11-23 14:01:16,947] [INFO] [controller] EPOCH 2 loss ppo:  -0.02889, loss val: 0.04652
[2022-11-23 14:01:17,002] [INFO] [controller] EPOCH 3 loss ppo:  -0.03209, loss val: 0.04691
[2022-11-23 14:01:17,056] [INFO] [controller] EPOCH 4 loss ppo:  -0.04155, loss val: 0.04658
[2022-11-23 14:01:17,068] [INFO] [runner_train_mujoco] Finished batch.
[2022-11-23 14:01:17,141] [INFO] [runner_train_mujoco] Starting simulation batch with mujoco.
[2022-11-23 14:01:17,141] [INFO] [runner_train_mujoco] Environment 0
[2022-11-23 14:01:25,163] [INFO] [runner_train_mujoco] Environment 1
[2022-11-23 14:01:32,866] [INFO] [runner_train_mujoco] Environment 2
[2022-11-23 14:01:40,193] [INFO] [runner_train_mujoco] Environment 3
[2022-11-23 14:01:48,039] [INFO] [runner_train_mujoco] Environment 4
[2022-11-23 14:01:55,539] [INFO] [runner_train_mujoco] Environment 5
[2022-11-23 14:02:03,159] [INFO] [runner_train_mujoco] Environment 6
[2022-11-23 14:02:10,647] [INFO] [runner_train_mujoco] Environment 7
[2022-11-23 14:02:17,884] [INFO] [runner_train_mujoco] Environment 8
[2022-11-23 14:02:25,617] [INFO] [runner_train_mujoco] Environment 9
[2022-11-23 14:02:32,788] [INFO] [runner_train_mujoco] Average cumulative reward after 150 steps: 4.935415051620835
[2022-11-23 14:02:32,788] [INFO] [runner_train_mujoco] Average state value: 0.5093532968958219
[2022-11-23 14:02:32,789] [INFO] [controller] ITERATION NUM: 43
[2022-11-23 14:02:33,065] [INFO] [controller] EPOCH 1 loss ppo:  -0.01424, loss val: 0.04764
[2022-11-23 14:02:33,242] [INFO] [controller] EPOCH 2 loss ppo:  -0.02400, loss val: 0.04743
[2022-11-23 14:02:33,307] [INFO] [controller] EPOCH 3 loss ppo:  -0.03373, loss val: 0.04807
[2022-11-23 14:02:33,361] [INFO] [controller] EPOCH 4 loss ppo:  -0.04455, loss val: 0.04807
[2022-11-23 14:02:33,371] [INFO] [runner_train_mujoco] Finished batch.
[2022-11-23 14:02:33,442] [INFO] [runner_train_mujoco] Starting simulation batch with mujoco.
[2022-11-23 14:02:33,443] [INFO] [runner_train_mujoco] Environment 0
[2022-11-23 14:02:41,075] [INFO] [runner_train_mujoco] Environment 1
[2022-11-23 14:02:48,577] [INFO] [runner_train_mujoco] Environment 2
[2022-11-23 14:02:56,197] [INFO] [runner_train_mujoco] Environment 3
[2022-11-23 14:03:03,367] [INFO] [runner_train_mujoco] Environment 4
[2022-11-23 14:03:10,737] [INFO] [runner_train_mujoco] Environment 5
[2022-11-23 14:03:18,606] [INFO] [runner_train_mujoco] Environment 6
[2022-11-23 14:03:26,437] [INFO] [runner_train_mujoco] Environment 7
[2022-11-23 14:03:34,248] [INFO] [runner_train_mujoco] Environment 8
[2022-11-23 14:03:41,825] [INFO] [runner_train_mujoco] Environment 9
[2022-11-23 14:03:49,475] [INFO] [runner_train_mujoco] Average cumulative reward after 150 steps: 5.050643571339476
[2022-11-23 14:03:49,475] [INFO] [runner_train_mujoco] Average state value: 0.5034840834736825
[2022-11-23 14:03:49,476] [INFO] [controller] ITERATION NUM: 44
[2022-11-23 14:03:49,632] [INFO] [controller] EPOCH 1 loss ppo:  -0.01429, loss val: 0.05035
[2022-11-23 14:03:49,860] [INFO] [controller] EPOCH 2 loss ppo:  -0.02455, loss val: 0.04956
[2022-11-23 14:03:49,960] [INFO] [controller] EPOCH 3 loss ppo:  -0.03114, loss val: 0.04999
[2022-11-23 14:03:50,022] [INFO] [controller] EPOCH 4 loss ppo:  -0.03938, loss val: 0.05007
[2022-11-23 14:03:50,034] [INFO] [runner_train_mujoco] Finished batch.
[2022-11-23 14:03:50,117] [INFO] [runner_train_mujoco] Starting simulation batch with mujoco.
[2022-11-23 14:03:50,118] [INFO] [runner_train_mujoco] Environment 0
[2022-11-23 14:03:58,998] [INFO] [runner_train_mujoco] Environment 1
[2022-11-23 14:04:07,199] [INFO] [runner_train_mujoco] Environment 2
[2022-11-23 14:04:15,609] [INFO] [runner_train_mujoco] Environment 3
[2022-11-23 14:04:23,582] [INFO] [runner_train_mujoco] Environment 4
[2022-11-23 14:04:31,526] [INFO] [runner_train_mujoco] Environment 5
[2022-11-23 14:04:39,313] [INFO] [runner_train_mujoco] Environment 6
[2022-11-23 14:04:47,234] [INFO] [runner_train_mujoco] Environment 7
[2022-11-23 14:04:54,747] [INFO] [runner_train_mujoco] Environment 8
[2022-11-23 14:05:02,423] [INFO] [runner_train_mujoco] Environment 9
[2022-11-23 14:05:09,920] [INFO] [runner_train_mujoco] Average cumulative reward after 150 steps: 5.1791975912490384
[2022-11-23 14:05:09,920] [INFO] [runner_train_mujoco] Average state value: 0.4958615945974986
[2022-11-23 14:05:09,921] [INFO] [controller] ITERATION NUM: 45
[2022-11-23 14:05:09,984] [INFO] [controller] EPOCH 1 loss ppo:  -0.01413, loss val: 0.04972
[2022-11-23 14:05:10,030] [INFO] [controller] EPOCH 2 loss ppo:  -0.02256, loss val: 0.05110
[2022-11-23 14:05:10,095] [INFO] [controller] EPOCH 3 loss ppo:  -0.03167, loss val: 0.05010
[2022-11-23 14:05:10,144] [INFO] [controller] EPOCH 4 loss ppo:  -0.03998, loss val: 0.05042
[2022-11-23 14:05:10,158] [INFO] [runner_train_mujoco] Finished batch.
[2022-11-23 14:05:10,229] [INFO] [runner_train_mujoco] Starting simulation batch with mujoco.
[2022-11-23 14:05:10,229] [INFO] [runner_train_mujoco] Environment 0
[2022-11-23 14:05:17,728] [INFO] [runner_train_mujoco] Environment 1
[2022-11-23 14:05:25,237] [INFO] [runner_train_mujoco] Environment 2
[2022-11-23 14:05:32,756] [INFO] [runner_train_mujoco] Environment 3
[2022-11-23 14:05:40,267] [INFO] [runner_train_mujoco] Environment 4
[2022-11-23 14:05:47,724] [INFO] [runner_train_mujoco] Environment 5
[2022-11-23 14:05:55,160] [INFO] [runner_train_mujoco] Environment 6
[2022-11-23 14:06:02,890] [INFO] [runner_train_mujoco] Environment 7
[2022-11-23 14:06:11,359] [INFO] [runner_train_mujoco] Environment 8
[2022-11-23 14:06:20,747] [INFO] [runner_train_mujoco] Environment 9
[2022-11-23 14:06:33,424] [INFO] [runner_train_mujoco] Average cumulative reward after 150 steps: 5.185457059303639
[2022-11-23 14:06:33,424] [INFO] [runner_train_mujoco] Average state value: 0.4912370080947876
[2022-11-23 14:06:33,424] [INFO] [controller] ITERATION NUM: 46
[2022-11-23 14:06:34,198] [INFO] [controller] EPOCH 1 loss ppo:  -0.01499, loss val: 0.05030
[2022-11-23 14:06:34,437] [INFO] [controller] EPOCH 2 loss ppo:  -0.02769, loss val: 0.05032
[2022-11-23 14:06:34,920] [INFO] [controller] EPOCH 3 loss ppo:  -0.03540, loss val: 0.05024
[2022-11-23 14:06:34,981] [INFO] [controller] EPOCH 4 loss ppo:  -0.04092, loss val: 0.05047
[2022-11-23 14:06:35,001] [INFO] [runner_train_mujoco] Finished batch.
[2022-11-23 14:06:35,077] [INFO] [runner_train_mujoco] Starting simulation batch with mujoco.
[2022-11-23 14:06:35,097] [INFO] [runner_train_mujoco] Environment 0
[2022-11-23 14:06:44,566] [INFO] [runner_train_mujoco] Environment 1
[2022-11-23 14:06:53,385] [INFO] [runner_train_mujoco] Environment 2
[2022-11-23 14:07:02,171] [INFO] [runner_train_mujoco] Environment 3
[2022-11-23 14:07:10,177] [INFO] [runner_train_mujoco] Environment 4
[2022-11-23 14:07:19,439] [INFO] [runner_train_mujoco] Environment 5
[2022-11-23 14:07:27,789] [INFO] [runner_train_mujoco] Environment 6
[2022-11-23 14:07:35,921] [INFO] [runner_train_mujoco] Environment 7
[2022-11-23 14:07:44,192] [INFO] [runner_train_mujoco] Environment 8
[2022-11-23 14:07:52,857] [INFO] [runner_train_mujoco] Environment 9
[2022-11-23 14:08:01,468] [INFO] [runner_train_mujoco] Average cumulative reward after 150 steps: 5.333114718826134
[2022-11-23 14:08:01,469] [INFO] [runner_train_mujoco] Average state value: 0.4904622823794683
[2022-11-23 14:08:01,469] [INFO] [controller] ITERATION NUM: 47
[2022-11-23 14:08:01,541] [INFO] [controller] EPOCH 1 loss ppo:  -0.01419, loss val: 0.05287
[2022-11-23 14:08:01,608] [INFO] [controller] EPOCH 2 loss ppo:  -0.02384, loss val: 0.04968
[2022-11-23 14:08:01,669] [INFO] [controller] EPOCH 3 loss ppo:  -0.03391, loss val: 0.04965
[2022-11-23 14:08:01,743] [INFO] [controller] EPOCH 4 loss ppo:  -0.04035, loss val: 0.05001
[2022-11-23 14:08:01,756] [INFO] [runner_train_mujoco] Finished batch.
[2022-11-23 14:08:01,843] [INFO] [runner_train_mujoco] Starting simulation batch with mujoco.
[2022-11-23 14:08:01,844] [INFO] [runner_train_mujoco] Environment 0
[2022-11-23 14:08:10,414] [INFO] [runner_train_mujoco] Environment 1
[2022-11-23 14:08:19,259] [INFO] [runner_train_mujoco] Environment 2
[2022-11-23 14:08:29,247] [INFO] [runner_train_mujoco] Environment 3
[2022-11-23 14:08:38,596] [INFO] [runner_train_mujoco] Environment 4
[2022-11-23 14:08:48,104] [INFO] [runner_train_mujoco] Environment 5
[2022-11-23 14:08:56,243] [INFO] [runner_train_mujoco] Environment 6
[2022-11-23 14:09:04,956] [INFO] [runner_train_mujoco] Environment 7
[2022-11-23 14:09:13,826] [INFO] [runner_train_mujoco] Environment 8
[2022-11-23 14:09:23,908] [INFO] [runner_train_mujoco] Environment 9
[2022-11-23 14:09:32,829] [INFO] [runner_train_mujoco] Average cumulative reward after 150 steps: 5.465455095957955
[2022-11-23 14:09:32,830] [INFO] [runner_train_mujoco] Average state value: 0.48895759111642845
[2022-11-23 14:09:32,830] [INFO] [controller] ITERATION NUM: 48
[2022-11-23 14:09:32,901] [INFO] [controller] EPOCH 1 loss ppo:  -0.01372, loss val: 0.04705
[2022-11-23 14:09:32,959] [INFO] [controller] EPOCH 2 loss ppo:  -0.02166, loss val: 0.04634
[2022-11-23 14:09:33,016] [INFO] [controller] EPOCH 3 loss ppo:  -0.02949, loss val: 0.04580
[2022-11-23 14:09:33,070] [INFO] [controller] EPOCH 4 loss ppo:  -0.03636, loss val: 0.04708
[2022-11-23 14:09:33,081] [INFO] [runner_train_mujoco] Finished batch.
[2022-11-23 14:09:33,163] [INFO] [runner_train_mujoco] Starting simulation batch with mujoco.
[2022-11-23 14:09:33,164] [INFO] [runner_train_mujoco] Environment 0
[2022-11-23 14:09:41,597] [INFO] [runner_train_mujoco] Environment 1
[2022-11-23 14:09:49,781] [INFO] [runner_train_mujoco] Environment 2
[2022-11-23 14:09:57,948] [INFO] [runner_train_mujoco] Environment 3
[2022-11-23 14:10:06,112] [INFO] [runner_train_mujoco] Environment 4
[2022-11-23 14:10:13,880] [INFO] [runner_train_mujoco] Environment 5
[2022-11-23 14:10:21,762] [INFO] [runner_train_mujoco] Environment 6
[2022-11-23 14:10:29,609] [INFO] [runner_train_mujoco] Environment 7
[2022-11-23 14:10:38,673] [INFO] [runner_train_mujoco] Environment 8
[2022-11-23 14:10:47,402] [INFO] [runner_train_mujoco] Environment 9
[2022-11-23 14:10:55,796] [INFO] [runner_train_mujoco] Average cumulative reward after 150 steps: 5.390425445725702
[2022-11-23 14:10:55,797] [INFO] [runner_train_mujoco] Average state value: 0.48453417702515916
[2022-11-23 14:10:55,797] [INFO] [controller] ITERATION NUM: 49
[2022-11-23 14:10:55,922] [INFO] [controller] EPOCH 1 loss ppo:  -0.01334, loss val: 0.04803
[2022-11-23 14:10:56,012] [INFO] [controller] EPOCH 2 loss ppo:  -0.02131, loss val: 0.04800
[2022-11-23 14:10:56,074] [INFO] [controller] EPOCH 3 loss ppo:  -0.03007, loss val: 0.04900
[2022-11-23 14:10:56,157] [INFO] [controller] EPOCH 4 loss ppo:  -0.03902, loss val: 0.04758
[2022-11-23 14:10:56,169] [INFO] [runner_train_mujoco] Finished batch.
[2022-11-23 14:10:56,243] [INFO] [runner_train_mujoco] Starting simulation batch with mujoco.
[2022-11-23 14:10:56,244] [INFO] [runner_train_mujoco] Environment 0
[2022-11-23 14:11:04,931] [INFO] [runner_train_mujoco] Environment 1
[2022-11-23 14:11:13,325] [INFO] [runner_train_mujoco] Environment 2
[2022-11-23 14:11:21,311] [INFO] [runner_train_mujoco] Environment 3
[2022-11-23 14:11:29,634] [INFO] [runner_train_mujoco] Environment 4
[2022-11-23 14:11:37,367] [INFO] [runner_train_mujoco] Environment 5
[2022-11-23 14:11:45,462] [INFO] [runner_train_mujoco] Environment 6
[2022-11-23 14:11:53,957] [INFO] [runner_train_mujoco] Environment 7
[2022-11-23 14:12:02,293] [INFO] [runner_train_mujoco] Environment 8
[2022-11-23 14:12:10,577] [INFO] [runner_train_mujoco] Environment 9
[2022-11-23 14:12:20,417] [INFO] [runner_train_mujoco] Average cumulative reward after 150 steps: 5.531457217245691
[2022-11-23 14:12:20,417] [INFO] [runner_train_mujoco] Average state value: 0.48544292159875235
[2022-11-23 14:12:20,417] [INFO] [controller] ITERATION NUM: 50
[2022-11-23 14:12:20,558] [INFO] [controller] EPOCH 1 loss ppo:  -0.01366, loss val: 0.04944
[2022-11-23 14:12:20,646] [INFO] [controller] EPOCH 2 loss ppo:  -0.02123, loss val: 0.04937
[2022-11-23 14:12:20,712] [INFO] [controller] EPOCH 3 loss ppo:  -0.02971, loss val: 0.04905
[2022-11-23 14:12:20,769] [INFO] [controller] EPOCH 4 loss ppo:  -0.03767, loss val: 0.04964
[2022-11-23 14:12:20,779] [INFO] [runner_train_mujoco] Finished batch.
[2022-11-23 14:12:20,854] [INFO] [runner_train_mujoco] Starting simulation batch with mujoco.
[2022-11-23 14:12:20,856] [INFO] [runner_train_mujoco] Environment 0
[2022-11-23 14:12:29,070] [INFO] [runner_train_mujoco] Environment 1
[2022-11-23 14:12:38,630] [INFO] [runner_train_mujoco] Environment 2
[2022-11-23 14:12:47,021] [INFO] [runner_train_mujoco] Environment 3
[2022-11-23 14:12:55,566] [INFO] [runner_train_mujoco] Environment 4
[2022-11-23 14:13:04,066] [INFO] [runner_train_mujoco] Environment 5
[2022-11-23 14:13:12,327] [INFO] [runner_train_mujoco] Environment 6
[2022-11-23 14:13:20,372] [INFO] [runner_train_mujoco] Environment 7
[2022-11-23 14:13:28,322] [INFO] [runner_train_mujoco] Environment 8
[2022-11-23 14:13:36,785] [INFO] [runner_train_mujoco] Environment 9
[2022-11-23 14:13:45,434] [INFO] [runner_train_mujoco] Average cumulative reward after 150 steps: 5.382646122056789
[2022-11-23 14:13:45,434] [INFO] [runner_train_mujoco] Average state value: 0.48552541397015253
[2022-11-23 14:13:45,434] [INFO] [controller] ITERATION NUM: 51
[2022-11-23 14:13:45,511] [INFO] [controller] EPOCH 1 loss ppo:  -0.01356, loss val: 0.05487
[2022-11-23 14:13:45,583] [INFO] [controller] EPOCH 2 loss ppo:  -0.02033, loss val: 0.05551
[2022-11-23 14:13:45,641] [INFO] [controller] EPOCH 3 loss ppo:  -0.02886, loss val: 0.05484
[2022-11-23 14:13:45,695] [INFO] [controller] EPOCH 4 loss ppo:  -0.03406, loss val: 0.05449
[2022-11-23 14:13:45,706] [INFO] [runner_train_mujoco] Finished batch.
[2022-11-23 14:13:45,788] [INFO] [runner_train_mujoco] Starting simulation batch with mujoco.
[2022-11-23 14:13:45,788] [INFO] [runner_train_mujoco] Environment 0
[2022-11-23 14:13:54,841] [INFO] [runner_train_mujoco] Environment 1
[2022-11-23 14:14:04,205] [INFO] [runner_train_mujoco] Environment 2
[2022-11-23 14:14:12,318] [INFO] [runner_train_mujoco] Environment 3
[2022-11-23 14:14:21,086] [INFO] [runner_train_mujoco] Environment 4
[2022-11-23 14:14:30,013] [INFO] [runner_train_mujoco] Environment 5
[2022-11-23 14:14:38,250] [INFO] [runner_train_mujoco] Environment 6
[2022-11-23 14:14:46,709] [INFO] [runner_train_mujoco] Environment 7
[2022-11-23 14:14:55,979] [INFO] [runner_train_mujoco] Environment 8
[2022-11-23 14:15:05,776] [INFO] [runner_train_mujoco] Environment 9
[2022-11-23 14:15:15,101] [INFO] [runner_train_mujoco] Average cumulative reward after 150 steps: 5.726804960728446
[2022-11-23 14:15:15,101] [INFO] [runner_train_mujoco] Average state value: 0.48610971564054484
[2022-11-23 14:15:15,101] [INFO] [controller] ITERATION NUM: 52
[2022-11-23 14:15:15,182] [INFO] [controller] EPOCH 1 loss ppo:  -0.01341, loss val: 0.04286
[2022-11-23 14:15:15,236] [INFO] [controller] EPOCH 2 loss ppo:  -0.01830, loss val: 0.04202
[2022-11-23 14:15:15,289] [INFO] [controller] EPOCH 3 loss ppo:  -0.02682, loss val: 0.04210
[2022-11-23 14:15:15,348] [INFO] [controller] EPOCH 4 loss ppo:  -0.03425, loss val: 0.04474
[2022-11-23 14:15:15,360] [INFO] [runner_train_mujoco] Finished batch.
[2022-11-23 14:15:15,448] [INFO] [runner_train_mujoco] Starting simulation batch with mujoco.
[2022-11-23 14:15:15,449] [INFO] [runner_train_mujoco] Environment 0
[2022-11-23 14:15:23,701] [INFO] [runner_train_mujoco] Environment 1
[2022-11-23 14:15:31,645] [INFO] [runner_train_mujoco] Environment 2
[2022-11-23 14:15:41,107] [INFO] [runner_train_mujoco] Environment 3
[2022-11-23 14:15:49,864] [INFO] [runner_train_mujoco] Environment 4
[2022-11-23 14:15:58,646] [INFO] [runner_train_mujoco] Environment 5
[2022-11-23 14:16:07,842] [INFO] [runner_train_mujoco] Environment 6
[2022-11-23 14:16:17,401] [INFO] [runner_train_mujoco] Environment 7
[2022-11-23 14:16:26,695] [INFO] [runner_train_mujoco] Environment 8
[2022-11-23 14:16:35,598] [INFO] [runner_train_mujoco] Environment 9
[2022-11-23 14:16:44,456] [INFO] [runner_train_mujoco] Average cumulative reward after 150 steps: 5.669049948245869
[2022-11-23 14:16:44,456] [INFO] [runner_train_mujoco] Average state value: 0.4803723565936089
[2022-11-23 14:16:44,456] [INFO] [controller] ITERATION NUM: 53
[2022-11-23 14:16:44,634] [INFO] [controller] EPOCH 1 loss ppo:  -0.01344, loss val: 0.04392
[2022-11-23 14:16:44,704] [INFO] [controller] EPOCH 2 loss ppo:  -0.01958, loss val: 0.04567
[2022-11-23 14:16:44,783] [INFO] [controller] EPOCH 3 loss ppo:  -0.02660, loss val: 0.04560
[2022-11-23 14:16:44,866] [INFO] [controller] EPOCH 4 loss ppo:  -0.03229, loss val: 0.04402
[2022-11-23 14:16:44,880] [INFO] [runner_train_mujoco] Finished batch.
[2022-11-23 14:16:44,980] [INFO] [runner_train_mujoco] Starting simulation batch with mujoco.
[2022-11-23 14:16:44,981] [INFO] [runner_train_mujoco] Environment 0
[2022-11-23 14:16:54,394] [INFO] [runner_train_mujoco] Environment 1
[2022-11-23 14:17:03,961] [INFO] [runner_train_mujoco] Environment 2
[2022-11-23 14:17:12,308] [INFO] [runner_train_mujoco] Environment 3
[2022-11-23 14:17:20,314] [INFO] [runner_train_mujoco] Environment 4
[2022-11-23 14:17:28,645] [INFO] [runner_train_mujoco] Environment 5
[2022-11-23 14:17:36,917] [INFO] [runner_train_mujoco] Environment 6
[2022-11-23 14:17:44,638] [INFO] [runner_train_mujoco] Environment 7
[2022-11-23 14:17:52,140] [INFO] [runner_train_mujoco] Environment 8
[2022-11-23 14:17:59,380] [INFO] [runner_train_mujoco] Environment 9
[2022-11-23 14:18:06,948] [INFO] [runner_train_mujoco] Average cumulative reward after 150 steps: 5.734983721146459
[2022-11-23 14:18:06,949] [INFO] [runner_train_mujoco] Average state value: 0.47999185901880265
[2022-11-23 14:18:06,949] [INFO] [controller] ITERATION NUM: 54
[2022-11-23 14:18:07,014] [INFO] [controller] EPOCH 1 loss ppo:  -0.01355, loss val: 0.04583
[2022-11-23 14:18:07,070] [INFO] [controller] EPOCH 2 loss ppo:  -0.01769, loss val: 0.04642
[2022-11-23 14:18:07,127] [INFO] [controller] EPOCH 3 loss ppo:  -0.02348, loss val: 0.04585
[2022-11-23 14:18:07,175] [INFO] [controller] EPOCH 4 loss ppo:  -0.02876, loss val: 0.04586
[2022-11-23 14:18:07,185] [INFO] [runner_train_mujoco] Finished batch.
[2022-11-23 14:18:07,262] [INFO] [runner_train_mujoco] Starting simulation batch with mujoco.
[2022-11-23 14:18:07,262] [INFO] [runner_train_mujoco] Environment 0
[2022-11-23 14:18:14,565] [INFO] [runner_train_mujoco] Environment 1
[2022-11-23 14:18:22,289] [INFO] [runner_train_mujoco] Environment 2
[2022-11-23 14:18:29,560] [INFO] [runner_train_mujoco] Environment 3
[2022-11-23 14:18:36,980] [INFO] [runner_train_mujoco] Environment 4
[2022-11-23 14:18:44,412] [INFO] [runner_train_mujoco] Environment 5
[2022-11-23 14:18:52,506] [INFO] [runner_train_mujoco] Environment 6
[2022-11-23 14:19:00,424] [INFO] [runner_train_mujoco] Environment 7
[2022-11-23 14:19:07,379] [INFO] [runner_train_mujoco] Environment 8
[2022-11-23 14:19:14,202] [INFO] [runner_train_mujoco] Environment 9
[2022-11-23 14:19:21,390] [INFO] [runner_train_mujoco] Average cumulative reward after 150 steps: 5.685089827617025
[2022-11-23 14:19:21,390] [INFO] [runner_train_mujoco] Average state value: 0.47656256319085755
[2022-11-23 14:19:21,391] [INFO] [controller] ITERATION NUM: 55
[2022-11-23 14:19:21,468] [INFO] [controller] EPOCH 1 loss ppo:  -0.01386, loss val: 0.05464
[2022-11-23 14:19:21,535] [INFO] [controller] EPOCH 2 loss ppo:  -0.01772, loss val: 0.05637
[2022-11-23 14:19:21,609] [INFO] [controller] EPOCH 3 loss ppo:  -0.02263, loss val: 0.05605
[2022-11-23 14:19:21,668] [INFO] [controller] EPOCH 4 loss ppo:  -0.02810, loss val: 0.05496
[2022-11-23 14:19:21,683] [INFO] [runner_train_mujoco] Finished batch.
[2022-11-23 14:19:21,761] [INFO] [runner_train_mujoco] Starting simulation batch with mujoco.
[2022-11-23 14:19:21,762] [INFO] [runner_train_mujoco] Environment 0
[2022-11-23 14:19:29,232] [INFO] [runner_train_mujoco] Environment 1
[2022-11-23 14:19:34,861] [INFO] [runner_train_mujoco] Environment 2
[2022-11-23 14:19:40,490] [INFO] [runner_train_mujoco] Environment 3
[2022-11-23 14:19:46,322] [INFO] [runner_train_mujoco] Environment 4
[2022-11-23 14:19:53,256] [INFO] [runner_train_mujoco] Environment 5
[2022-11-23 14:19:59,937] [INFO] [runner_train_mujoco] Environment 6
[2022-11-23 14:20:05,784] [INFO] [runner_train_mujoco] Environment 7
[2022-11-23 14:20:11,428] [INFO] [runner_train_mujoco] Environment 8
[2022-11-23 14:20:17,997] [INFO] [runner_train_mujoco] Environment 9
[2022-11-23 14:20:24,384] [INFO] [runner_train_mujoco] Average cumulative reward after 150 steps: 5.668971200428857
[2022-11-23 14:20:24,384] [INFO] [runner_train_mujoco] Average state value: 0.47302317550778394
[2022-11-23 14:20:24,384] [INFO] [controller] ITERATION NUM: 56
[2022-11-23 14:20:24,437] [INFO] [controller] EPOCH 1 loss ppo:  -0.01354, loss val: 0.05386
[2022-11-23 14:20:24,483] [INFO] [controller] EPOCH 2 loss ppo:  -0.01680, loss val: 0.05380
[2022-11-23 14:20:24,525] [INFO] [controller] EPOCH 3 loss ppo:  -0.02224, loss val: 0.05327
[2022-11-23 14:20:24,568] [INFO] [controller] EPOCH 4 loss ppo:  -0.02729, loss val: 0.05350
[2022-11-23 14:20:24,578] [INFO] [runner_train_mujoco] Finished batch.
[2022-11-23 14:20:24,645] [INFO] [runner_train_mujoco] Starting simulation batch with mujoco.
[2022-11-23 14:20:24,645] [INFO] [runner_train_mujoco] Environment 0
[2022-11-23 14:20:31,127] [INFO] [runner_train_mujoco] Environment 1
[2022-11-23 14:20:37,695] [INFO] [runner_train_mujoco] Environment 2
[2022-11-23 14:20:43,796] [INFO] [runner_train_mujoco] Environment 3
[2022-11-23 14:20:50,915] [INFO] [runner_train_mujoco] Environment 4
[2022-11-23 14:20:56,955] [INFO] [runner_train_mujoco] Environment 5
[2022-11-23 14:21:03,728] [INFO] [runner_train_mujoco] Environment 6
[2022-11-23 14:21:10,164] [INFO] [runner_train_mujoco] Environment 7
[2022-11-23 14:21:16,199] [INFO] [runner_train_mujoco] Environment 8
[2022-11-23 14:21:21,761] [INFO] [runner_train_mujoco] Environment 9
[2022-11-23 14:21:27,292] [INFO] [runner_train_mujoco] Average cumulative reward after 150 steps: 5.8647478755062625
[2022-11-23 14:21:27,292] [INFO] [runner_train_mujoco] Average state value: 0.4744592616558075
[2022-11-23 14:21:27,292] [INFO] [controller] ITERATION NUM: 57
[2022-11-23 14:21:27,342] [INFO] [controller] EPOCH 1 loss ppo:  -0.01385, loss val: 0.04788
[2022-11-23 14:21:27,378] [INFO] [controller] EPOCH 2 loss ppo:  -0.01517, loss val: 0.05080
[2022-11-23 14:21:27,436] [INFO] [controller] EPOCH 3 loss ppo:  -0.01770, loss val: 0.04903
[2022-11-23 14:21:27,478] [INFO] [controller] EPOCH 4 loss ppo:  -0.02165, loss val: 0.04900
[2022-11-23 14:21:27,488] [INFO] [runner_train_mujoco] Finished batch.
[2022-11-23 14:21:27,543] [INFO] [runner_train_mujoco] Starting simulation batch with mujoco.
[2022-11-23 14:21:27,544] [INFO] [runner_train_mujoco] Environment 0
[2022-11-23 14:21:33,053] [INFO] [runner_train_mujoco] Environment 1
[2022-11-23 14:21:39,079] [INFO] [runner_train_mujoco] Environment 2
[2022-11-23 14:21:44,992] [INFO] [runner_train_mujoco] Environment 3
[2022-11-23 14:21:52,073] [INFO] [runner_train_mujoco] Environment 4
[2022-11-23 14:22:00,089] [INFO] [runner_train_mujoco] Environment 5
[2022-11-23 14:22:06,683] [INFO] [runner_train_mujoco] Environment 6
[2022-11-23 14:22:13,187] [INFO] [runner_train_mujoco] Environment 7
[2022-11-23 14:22:19,815] [INFO] [runner_train_mujoco] Environment 8
[2022-11-23 14:22:26,356] [INFO] [runner_train_mujoco] Environment 9
[2022-11-23 14:22:32,816] [INFO] [runner_train_mujoco] Average cumulative reward after 150 steps: 5.80887971708174
[2022-11-23 14:22:32,817] [INFO] [runner_train_mujoco] Average state value: 0.47571309753259017
[2022-11-23 14:22:32,817] [INFO] [controller] ITERATION NUM: 58
[2022-11-23 14:22:32,868] [INFO] [controller] EPOCH 1 loss ppo:  -0.01368, loss val: 0.04660
[2022-11-23 14:22:32,912] [INFO] [controller] EPOCH 2 loss ppo:  -0.01501, loss val: 0.04899
[2022-11-23 14:22:32,959] [INFO] [controller] EPOCH 3 loss ppo:  -0.01665, loss val: 0.04824
[2022-11-23 14:22:33,024] [INFO] [controller] EPOCH 4 loss ppo:  -0.01880, loss val: 0.04931
[2022-11-23 14:22:33,035] [INFO] [runner_train_mujoco] Finished batch.
[2022-11-23 14:22:33,045] [INFO] [optimize] Finished learning.
