[2022-11-24 06:13:09,884] [INFO] [optimize] Starting learning
[2022-11-24 06:13:09,893] [INFO] [optimize] Starting learning process..
[2022-11-24 06:13:09,954] [INFO] [runner_train_mujoco] Starting simulation batch with mujoco.
[2022-11-24 06:13:09,955] [INFO] [runner_train_mujoco] Environment 0
[2022-11-24 06:13:14,975] [INFO] [runner_train_mujoco] Environment 1
[2022-11-24 06:13:19,123] [INFO] [runner_train_mujoco] Environment 2
[2022-11-24 06:13:23,452] [INFO] [runner_train_mujoco] Environment 3
[2022-11-24 06:13:27,676] [INFO] [runner_train_mujoco] Environment 4
[2022-11-24 06:13:31,891] [INFO] [runner_train_mujoco] Environment 5
[2022-11-24 06:13:36,165] [INFO] [runner_train_mujoco] Environment 6
[2022-11-24 06:13:40,291] [INFO] [runner_train_mujoco] Environment 7
[2022-11-24 06:13:44,617] [INFO] [runner_train_mujoco] Environment 8
[2022-11-24 06:13:48,992] [INFO] [runner_train_mujoco] Environment 9
[2022-11-24 06:13:53,308] [INFO] [runner_train_mujoco] Average cumulative reward after 150 steps: 0.44468742803003714
[2022-11-24 06:13:53,308] [INFO] [runner_train_mujoco] Average state value: -0.09385161817322175
[2022-11-24 06:13:53,308] [INFO] [controller] ITERATION NUM: 1
[2022-11-24 06:13:53,362] [INFO] [controller] EPOCH 1 loss ppo:  -0.01220, loss val: 0.50301
[2022-11-24 06:13:53,404] [INFO] [controller] EPOCH 2 loss ppo:  -0.02648, loss val: 0.46435
[2022-11-24 06:13:53,447] [INFO] [controller] EPOCH 3 loss ppo:  -0.03143, loss val: 0.40524
[2022-11-24 06:13:53,486] [INFO] [controller] EPOCH 4 loss ppo:  -0.03508, loss val: 0.33084
[2022-11-24 06:13:53,497] [INFO] [runner_train_mujoco] Finished batch.
[2022-11-24 06:13:53,536] [INFO] [runner_train_mujoco] Starting simulation batch with mujoco.
[2022-11-24 06:13:53,536] [INFO] [runner_train_mujoco] Environment 0
[2022-11-24 06:13:58,094] [INFO] [runner_train_mujoco] Environment 1
[2022-11-24 06:14:02,594] [INFO] [runner_train_mujoco] Environment 2
[2022-11-24 06:14:06,857] [INFO] [runner_train_mujoco] Environment 3
[2022-11-24 06:14:11,100] [INFO] [runner_train_mujoco] Environment 4
[2022-11-24 06:14:15,605] [INFO] [runner_train_mujoco] Environment 5
[2022-11-24 06:14:20,013] [INFO] [runner_train_mujoco] Environment 6
[2022-11-24 06:14:24,238] [INFO] [runner_train_mujoco] Environment 7
[2022-11-24 06:14:28,324] [INFO] [runner_train_mujoco] Environment 8
[2022-11-24 06:14:32,245] [INFO] [runner_train_mujoco] Environment 9
[2022-11-24 06:14:36,416] [INFO] [runner_train_mujoco] Average cumulative reward after 150 steps: 0.45359006661926615
[2022-11-24 06:14:36,416] [INFO] [runner_train_mujoco] Average state value: 0.07655842630316814
[2022-11-24 06:14:36,416] [INFO] [controller] ITERATION NUM: 2
[2022-11-24 06:14:36,468] [INFO] [controller] EPOCH 1 loss ppo:  -0.01612, loss val: 0.25721
[2022-11-24 06:14:36,507] [INFO] [controller] EPOCH 2 loss ppo:  -0.03045, loss val: 0.23039
[2022-11-24 06:14:36,547] [INFO] [controller] EPOCH 3 loss ppo:  -0.03610, loss val: 0.18806
[2022-11-24 06:14:36,592] [INFO] [controller] EPOCH 4 loss ppo:  -0.03972, loss val: 0.15772
[2022-11-24 06:14:36,601] [INFO] [runner_train_mujoco] Finished batch.
[2022-11-24 06:14:36,640] [INFO] [runner_train_mujoco] Starting simulation batch with mujoco.
[2022-11-24 06:14:36,640] [INFO] [runner_train_mujoco] Environment 0
[2022-11-24 06:14:40,558] [INFO] [runner_train_mujoco] Environment 1
[2022-11-24 06:14:45,107] [INFO] [runner_train_mujoco] Environment 2
[2022-11-24 06:14:49,170] [INFO] [runner_train_mujoco] Environment 3
[2022-11-24 06:14:53,386] [INFO] [runner_train_mujoco] Environment 4
[2022-11-24 06:14:57,914] [INFO] [runner_train_mujoco] Environment 5
[2022-11-24 06:15:01,910] [INFO] [runner_train_mujoco] Environment 6
[2022-11-24 06:15:06,041] [INFO] [runner_train_mujoco] Environment 7
[2022-11-24 06:15:10,540] [INFO] [runner_train_mujoco] Environment 8
[2022-11-24 06:15:15,156] [INFO] [runner_train_mujoco] Environment 9
[2022-11-24 06:15:19,533] [INFO] [runner_train_mujoco] Average cumulative reward after 150 steps: 0.4243687290010751
[2022-11-24 06:15:19,533] [INFO] [runner_train_mujoco] Average state value: 0.2684814054158827
[2022-11-24 06:15:19,533] [INFO] [controller] ITERATION NUM: 3
[2022-11-24 06:15:19,589] [INFO] [controller] EPOCH 1 loss ppo:  -0.01245, loss val: 0.11662
[2022-11-24 06:15:19,639] [INFO] [controller] EPOCH 2 loss ppo:  -0.02675, loss val: 0.09818
[2022-11-24 06:15:19,688] [INFO] [controller] EPOCH 3 loss ppo:  -0.03356, loss val: 0.08065
[2022-11-24 06:15:19,737] [INFO] [controller] EPOCH 4 loss ppo:  -0.03606, loss val: 0.06610
[2022-11-24 06:15:19,746] [INFO] [runner_train_mujoco] Finished batch.
[2022-11-24 06:15:19,790] [INFO] [runner_train_mujoco] Starting simulation batch with mujoco.
[2022-11-24 06:15:19,790] [INFO] [runner_train_mujoco] Environment 0
[2022-11-24 06:15:24,559] [INFO] [runner_train_mujoco] Environment 1
[2022-11-24 06:15:28,978] [INFO] [runner_train_mujoco] Environment 2
[2022-11-24 06:15:33,059] [INFO] [runner_train_mujoco] Environment 3
[2022-11-24 06:15:36,850] [INFO] [runner_train_mujoco] Environment 4
[2022-11-24 06:15:41,067] [INFO] [runner_train_mujoco] Environment 5
[2022-11-24 06:15:45,518] [INFO] [runner_train_mujoco] Environment 6
[2022-11-24 06:15:49,887] [INFO] [runner_train_mujoco] Environment 7
[2022-11-24 06:15:53,802] [INFO] [runner_train_mujoco] Environment 8
[2022-11-24 06:15:58,149] [INFO] [runner_train_mujoco] Environment 9
[2022-11-24 06:16:02,175] [INFO] [runner_train_mujoco] Average cumulative reward after 150 steps: 0.5405490990850764
[2022-11-24 06:16:02,175] [INFO] [runner_train_mujoco] Average state value: 0.4315926481025915
[2022-11-24 06:16:02,175] [INFO] [controller] ITERATION NUM: 4
[2022-11-24 06:16:02,229] [INFO] [controller] EPOCH 1 loss ppo:  -0.01221, loss val: 0.08520
[2022-11-24 06:16:02,277] [INFO] [controller] EPOCH 2 loss ppo:  -0.02282, loss val: 0.06747
[2022-11-24 06:16:02,325] [INFO] [controller] EPOCH 3 loss ppo:  -0.03034, loss val: 0.05806
[2022-11-24 06:16:02,369] [INFO] [controller] EPOCH 4 loss ppo:  -0.03743, loss val: 0.05430
[2022-11-24 06:16:02,376] [INFO] [runner_train_mujoco] Finished batch.
[2022-11-24 06:16:02,415] [INFO] [runner_train_mujoco] Starting simulation batch with mujoco.
[2022-11-24 06:16:02,415] [INFO] [runner_train_mujoco] Environment 0
[2022-11-24 06:16:06,688] [INFO] [runner_train_mujoco] Environment 1
[2022-11-24 06:16:11,086] [INFO] [runner_train_mujoco] Environment 2
[2022-11-24 06:16:15,585] [INFO] [runner_train_mujoco] Environment 3
[2022-11-24 06:16:19,658] [INFO] [runner_train_mujoco] Environment 4
[2022-11-24 06:16:24,210] [INFO] [runner_train_mujoco] Environment 5
[2022-11-24 06:16:28,742] [INFO] [runner_train_mujoco] Environment 6
[2022-11-24 06:16:33,346] [INFO] [runner_train_mujoco] Environment 7
[2022-11-24 06:16:37,815] [INFO] [runner_train_mujoco] Environment 8
[2022-11-24 06:16:42,160] [INFO] [runner_train_mujoco] Environment 9
[2022-11-24 06:16:46,274] [INFO] [runner_train_mujoco] Average cumulative reward after 150 steps: 0.44851306576507105
[2022-11-24 06:16:46,274] [INFO] [runner_train_mujoco] Average state value: 0.5755627620170515
[2022-11-24 06:16:46,274] [INFO] [controller] ITERATION NUM: 5
[2022-11-24 06:16:46,324] [INFO] [controller] EPOCH 1 loss ppo:  -0.00846, loss val: 0.05341
[2022-11-24 06:16:46,385] [INFO] [controller] EPOCH 2 loss ppo:  -0.01963, loss val: 0.04888
[2022-11-24 06:16:46,436] [INFO] [controller] EPOCH 3 loss ppo:  -0.02653, loss val: 0.04662
[2022-11-24 06:16:46,478] [INFO] [controller] EPOCH 4 loss ppo:  -0.02956, loss val: 0.04454
[2022-11-24 06:16:46,488] [INFO] [runner_train_mujoco] Finished batch.
[2022-11-24 06:16:46,519] [INFO] [runner_train_mujoco] Starting simulation batch with mujoco.
[2022-11-24 06:16:46,519] [INFO] [runner_train_mujoco] Environment 0
[2022-11-24 06:16:50,788] [INFO] [runner_train_mujoco] Environment 1
[2022-11-24 06:16:54,822] [INFO] [runner_train_mujoco] Environment 2
[2022-11-24 06:16:58,762] [INFO] [runner_train_mujoco] Environment 3
[2022-11-24 06:17:03,024] [INFO] [runner_train_mujoco] Environment 4
[2022-11-24 06:17:07,031] [INFO] [runner_train_mujoco] Environment 5
[2022-11-24 06:17:10,970] [INFO] [runner_train_mujoco] Environment 6
[2022-11-24 06:17:15,447] [INFO] [runner_train_mujoco] Environment 7
[2022-11-24 06:17:19,702] [INFO] [runner_train_mujoco] Environment 8
[2022-11-24 06:17:23,984] [INFO] [runner_train_mujoco] Environment 9
[2022-11-24 06:17:28,371] [INFO] [runner_train_mujoco] Average cumulative reward after 150 steps: 0.4446114657277521
[2022-11-24 06:17:28,371] [INFO] [runner_train_mujoco] Average state value: 0.6645020529429118
[2022-11-24 06:17:28,371] [INFO] [controller] ITERATION NUM: 6
[2022-11-24 06:17:28,424] [INFO] [controller] EPOCH 1 loss ppo:  -0.00814, loss val: 0.04506
[2022-11-24 06:17:28,468] [INFO] [controller] EPOCH 2 loss ppo:  -0.01661, loss val: 0.04321
[2022-11-24 06:17:28,517] [INFO] [controller] EPOCH 3 loss ppo:  -0.01889, loss val: 0.04109
[2022-11-24 06:17:28,561] [INFO] [controller] EPOCH 4 loss ppo:  -0.02218, loss val: 0.03578
[2022-11-24 06:17:28,570] [INFO] [runner_train_mujoco] Finished batch.
[2022-11-24 06:17:28,608] [INFO] [runner_train_mujoco] Starting simulation batch with mujoco.
[2022-11-24 06:17:28,608] [INFO] [runner_train_mujoco] Environment 0
[2022-11-24 06:17:33,179] [INFO] [runner_train_mujoco] Environment 1
[2022-11-24 06:17:37,672] [INFO] [runner_train_mujoco] Environment 2
[2022-11-24 06:17:41,959] [INFO] [runner_train_mujoco] Environment 3
[2022-11-24 06:17:46,189] [INFO] [runner_train_mujoco] Environment 4
[2022-11-24 06:17:50,806] [INFO] [runner_train_mujoco] Environment 5
[2022-11-24 06:17:55,000] [INFO] [runner_train_mujoco] Environment 6
[2022-11-24 06:17:59,315] [INFO] [runner_train_mujoco] Environment 7
[2022-11-24 06:18:03,363] [INFO] [runner_train_mujoco] Environment 8
[2022-11-24 06:18:07,352] [INFO] [runner_train_mujoco] Environment 9
[2022-11-24 06:18:11,611] [INFO] [runner_train_mujoco] Average cumulative reward after 150 steps: 0.5222482339986374
[2022-11-24 06:18:11,611] [INFO] [runner_train_mujoco] Average state value: 0.6147278036872545
[2022-11-24 06:18:11,611] [INFO] [controller] ITERATION NUM: 7
[2022-11-24 06:18:11,663] [INFO] [controller] EPOCH 1 loss ppo:  -0.00926, loss val: 0.03800
[2022-11-24 06:18:11,703] [INFO] [controller] EPOCH 2 loss ppo:  -0.02121, loss val: 0.03112
[2022-11-24 06:18:11,745] [INFO] [controller] EPOCH 3 loss ppo:  -0.02827, loss val: 0.02687
[2022-11-24 06:18:11,790] [INFO] [controller] EPOCH 4 loss ppo:  -0.03090, loss val: 0.02502
[2022-11-24 06:18:11,799] [INFO] [runner_train_mujoco] Finished batch.
[2022-11-24 06:18:11,839] [INFO] [runner_train_mujoco] Starting simulation batch with mujoco.
[2022-11-24 06:18:11,839] [INFO] [runner_train_mujoco] Environment 0
[2022-11-24 06:18:16,097] [INFO] [runner_train_mujoco] Environment 1
[2022-11-24 06:18:20,408] [INFO] [runner_train_mujoco] Environment 2
[2022-11-24 06:18:24,857] [INFO] [runner_train_mujoco] Environment 3
[2022-11-24 06:18:29,399] [INFO] [runner_train_mujoco] Environment 4
[2022-11-24 06:18:33,888] [INFO] [runner_train_mujoco] Environment 5
[2022-11-24 06:18:38,094] [INFO] [runner_train_mujoco] Environment 6
[2022-11-24 06:18:41,986] [INFO] [runner_train_mujoco] Environment 7
[2022-11-24 06:18:46,460] [INFO] [runner_train_mujoco] Environment 8
[2022-11-24 06:18:50,557] [INFO] [runner_train_mujoco] Environment 9
[2022-11-24 06:18:54,656] [INFO] [runner_train_mujoco] Average cumulative reward after 150 steps: 0.5146180129995269
[2022-11-24 06:18:54,656] [INFO] [runner_train_mujoco] Average state value: 0.4884741121729215
[2022-11-24 06:18:54,657] [INFO] [controller] ITERATION NUM: 8
[2022-11-24 06:18:54,722] [INFO] [controller] EPOCH 1 loss ppo:  -0.01028, loss val: 0.04299
[2022-11-24 06:18:54,765] [INFO] [controller] EPOCH 2 loss ppo:  -0.02457, loss val: 0.04304
[2022-11-24 06:18:54,803] [INFO] [controller] EPOCH 3 loss ppo:  -0.02680, loss val: 0.04210
[2022-11-24 06:18:54,842] [INFO] [controller] EPOCH 4 loss ppo:  -0.03198, loss val: 0.04029
[2022-11-24 06:18:54,851] [INFO] [runner_train_mujoco] Finished batch.
[2022-11-24 06:18:54,893] [INFO] [runner_train_mujoco] Starting simulation batch with mujoco.
[2022-11-24 06:18:54,894] [INFO] [runner_train_mujoco] Environment 0
[2022-11-24 06:18:59,915] [INFO] [runner_train_mujoco] Environment 1
[2022-11-24 06:19:04,184] [INFO] [runner_train_mujoco] Environment 2
[2022-11-24 06:19:08,649] [INFO] [runner_train_mujoco] Environment 3
[2022-11-24 06:19:13,032] [INFO] [runner_train_mujoco] Environment 4
[2022-11-24 06:19:17,460] [INFO] [runner_train_mujoco] Environment 5
[2022-11-24 06:19:22,541] [INFO] [runner_train_mujoco] Environment 6
[2022-11-24 06:19:27,387] [INFO] [runner_train_mujoco] Environment 7
[2022-11-24 06:19:31,553] [INFO] [runner_train_mujoco] Environment 8
[2022-11-24 06:19:35,844] [INFO] [runner_train_mujoco] Environment 9
[2022-11-24 06:19:40,125] [INFO] [runner_train_mujoco] Average cumulative reward after 150 steps: 0.5351409221953373
[2022-11-24 06:19:40,126] [INFO] [runner_train_mujoco] Average state value: 0.4984867194493612
[2022-11-24 06:19:40,126] [INFO] [controller] ITERATION NUM: 9
[2022-11-24 06:19:40,177] [INFO] [controller] EPOCH 1 loss ppo:  -0.00868, loss val: 0.03765
[2022-11-24 06:19:40,227] [INFO] [controller] EPOCH 2 loss ppo:  -0.01693, loss val: 0.03601
[2022-11-24 06:19:40,270] [INFO] [controller] EPOCH 3 loss ppo:  -0.02313, loss val: 0.03557
[2022-11-24 06:19:40,314] [INFO] [controller] EPOCH 4 loss ppo:  -0.02830, loss val: 0.03584
[2022-11-24 06:19:40,324] [INFO] [runner_train_mujoco] Finished batch.
[2022-11-24 06:19:40,368] [INFO] [runner_train_mujoco] Starting simulation batch with mujoco.
[2022-11-24 06:19:40,368] [INFO] [runner_train_mujoco] Environment 0
[2022-11-24 06:19:44,547] [INFO] [runner_train_mujoco] Environment 1
[2022-11-24 06:19:48,764] [INFO] [runner_train_mujoco] Environment 2
[2022-11-24 06:19:52,844] [INFO] [runner_train_mujoco] Environment 3
[2022-11-24 06:19:56,704] [INFO] [runner_train_mujoco] Environment 4
[2022-11-24 06:20:00,895] [INFO] [runner_train_mujoco] Environment 5
[2022-11-24 06:20:04,690] [INFO] [runner_train_mujoco] Environment 6
[2022-11-24 06:20:08,622] [INFO] [runner_train_mujoco] Environment 7
[2022-11-24 06:20:12,911] [INFO] [runner_train_mujoco] Environment 8
[2022-11-24 06:20:17,361] [INFO] [runner_train_mujoco] Environment 9
[2022-11-24 06:20:21,803] [INFO] [runner_train_mujoco] Average cumulative reward after 150 steps: 0.7506699899631724
[2022-11-24 06:20:21,803] [INFO] [runner_train_mujoco] Average state value: 0.5677791322072346
[2022-11-24 06:20:21,804] [INFO] [controller] ITERATION NUM: 10
[2022-11-24 06:20:21,856] [INFO] [controller] EPOCH 1 loss ppo:  -0.01269, loss val: 0.03300
[2022-11-24 06:20:21,899] [INFO] [controller] EPOCH 2 loss ppo:  -0.02810, loss val: 0.03235
[2022-11-24 06:20:21,942] [INFO] [controller] EPOCH 3 loss ppo:  -0.03094, loss val: 0.03274
[2022-11-24 06:20:22,007] [INFO] [controller] EPOCH 4 loss ppo:  -0.03433, loss val: 0.03282
[2022-11-24 06:20:22,017] [INFO] [runner_train_mujoco] Finished batch.
[2022-11-24 06:20:22,058] [INFO] [runner_train_mujoco] Starting simulation batch with mujoco.
[2022-11-24 06:20:22,058] [INFO] [runner_train_mujoco] Environment 0
[2022-11-24 06:20:26,207] [INFO] [runner_train_mujoco] Environment 1
[2022-11-24 06:20:30,568] [INFO] [runner_train_mujoco] Environment 2
[2022-11-24 06:20:34,878] [INFO] [runner_train_mujoco] Environment 3
[2022-11-24 06:20:39,448] [INFO] [runner_train_mujoco] Environment 4
[2022-11-24 06:20:44,027] [INFO] [runner_train_mujoco] Environment 5
[2022-11-24 06:20:48,179] [INFO] [runner_train_mujoco] Environment 6
[2022-11-24 06:20:52,391] [INFO] [runner_train_mujoco] Environment 7
[2022-11-24 06:20:56,630] [INFO] [runner_train_mujoco] Environment 8
[2022-11-24 06:21:00,571] [INFO] [runner_train_mujoco] Environment 9
[2022-11-24 06:21:04,952] [INFO] [runner_train_mujoco] Average cumulative reward after 150 steps: 0.6620963682502342
[2022-11-24 06:21:04,952] [INFO] [runner_train_mujoco] Average state value: 0.5873012533386548
[2022-11-24 06:21:04,952] [INFO] [controller] ITERATION NUM: 11
[2022-11-24 06:21:05,002] [INFO] [controller] EPOCH 1 loss ppo:  -0.00889, loss val: 0.03525
[2022-11-24 06:21:05,043] [INFO] [controller] EPOCH 2 loss ppo:  -0.02160, loss val: 0.03343
[2022-11-24 06:21:05,081] [INFO] [controller] EPOCH 3 loss ppo:  -0.02748, loss val: 0.03224
[2022-11-24 06:21:05,135] [INFO] [controller] EPOCH 4 loss ppo:  -0.03285, loss val: 0.02958
[2022-11-24 06:21:05,145] [INFO] [runner_train_mujoco] Finished batch.
[2022-11-24 06:21:05,184] [INFO] [runner_train_mujoco] Starting simulation batch with mujoco.
[2022-11-24 06:21:05,184] [INFO] [runner_train_mujoco] Environment 0
[2022-11-24 06:21:09,305] [INFO] [runner_train_mujoco] Environment 1
[2022-11-24 06:21:13,541] [INFO] [runner_train_mujoco] Environment 2
[2022-11-24 06:21:17,718] [INFO] [runner_train_mujoco] Environment 3
[2022-11-24 06:21:21,902] [INFO] [runner_train_mujoco] Environment 4
[2022-11-24 06:21:26,188] [INFO] [runner_train_mujoco] Environment 5
[2022-11-24 06:21:30,498] [INFO] [runner_train_mujoco] Environment 6
[2022-11-24 06:21:34,398] [INFO] [runner_train_mujoco] Environment 7
[2022-11-24 06:21:38,575] [INFO] [runner_train_mujoco] Environment 8
[2022-11-24 06:21:43,071] [INFO] [runner_train_mujoco] Environment 9
[2022-11-24 06:21:46,890] [INFO] [runner_train_mujoco] Average cumulative reward after 150 steps: 0.7260087144349877
[2022-11-24 06:21:46,890] [INFO] [runner_train_mujoco] Average state value: 0.5318320499459902
[2022-11-24 06:21:46,891] [INFO] [controller] ITERATION NUM: 12
[2022-11-24 06:21:46,941] [INFO] [controller] EPOCH 1 loss ppo:  -0.01057, loss val: 0.03496
[2022-11-24 06:21:46,984] [INFO] [controller] EPOCH 2 loss ppo:  -0.01694, loss val: 0.03518
[2022-11-24 06:21:47,029] [INFO] [controller] EPOCH 3 loss ppo:  -0.02249, loss val: 0.03571
[2022-11-24 06:21:47,071] [INFO] [controller] EPOCH 4 loss ppo:  -0.02835, loss val: 0.03640
[2022-11-24 06:21:47,081] [INFO] [runner_train_mujoco] Finished batch.
[2022-11-24 06:21:47,115] [INFO] [runner_train_mujoco] Starting simulation batch with mujoco.
[2022-11-24 06:21:47,115] [INFO] [runner_train_mujoco] Environment 0
[2022-11-24 06:21:51,500] [INFO] [runner_train_mujoco] Environment 1
[2022-11-24 06:21:55,665] [INFO] [runner_train_mujoco] Environment 2
[2022-11-24 06:22:00,092] [INFO] [runner_train_mujoco] Environment 3
[2022-11-24 06:22:04,312] [INFO] [runner_train_mujoco] Environment 4
[2022-11-24 06:22:08,648] [INFO] [runner_train_mujoco] Environment 5
[2022-11-24 06:22:13,106] [INFO] [runner_train_mujoco] Environment 6
[2022-11-24 06:22:17,315] [INFO] [runner_train_mujoco] Environment 7
[2022-11-24 06:22:21,671] [INFO] [runner_train_mujoco] Environment 8
[2022-11-24 06:22:26,055] [INFO] [runner_train_mujoco] Environment 9
[2022-11-24 06:22:30,189] [INFO] [runner_train_mujoco] Average cumulative reward after 150 steps: 0.7839782575371556
[2022-11-24 06:22:30,189] [INFO] [runner_train_mujoco] Average state value: 0.5062721921006839
[2022-11-24 06:22:30,189] [INFO] [controller] ITERATION NUM: 13
[2022-11-24 06:22:30,239] [INFO] [controller] EPOCH 1 loss ppo:  -0.01124, loss val: 0.03936
[2022-11-24 06:22:30,283] [INFO] [controller] EPOCH 2 loss ppo:  -0.02535, loss val: 0.03753
[2022-11-24 06:22:30,323] [INFO] [controller] EPOCH 3 loss ppo:  -0.03000, loss val: 0.03293
[2022-11-24 06:22:30,373] [INFO] [controller] EPOCH 4 loss ppo:  -0.03110, loss val: 0.03682
[2022-11-24 06:22:30,383] [INFO] [runner_train_mujoco] Finished batch.
[2022-11-24 06:22:30,425] [INFO] [runner_train_mujoco] Starting simulation batch with mujoco.
[2022-11-24 06:22:30,425] [INFO] [runner_train_mujoco] Environment 0
[2022-11-24 06:22:34,886] [INFO] [runner_train_mujoco] Environment 1
[2022-11-24 06:22:39,171] [INFO] [runner_train_mujoco] Environment 2
[2022-11-24 06:22:43,108] [INFO] [runner_train_mujoco] Environment 3
[2022-11-24 06:22:47,340] [INFO] [runner_train_mujoco] Environment 4
[2022-11-24 06:22:51,832] [INFO] [runner_train_mujoco] Environment 5
[2022-11-24 06:22:55,663] [INFO] [runner_train_mujoco] Environment 6
[2022-11-24 06:22:59,520] [INFO] [runner_train_mujoco] Environment 7
[2022-11-24 06:23:03,770] [INFO] [runner_train_mujoco] Environment 8
[2022-11-24 06:23:07,921] [INFO] [runner_train_mujoco] Environment 9
[2022-11-24 06:23:11,929] [INFO] [runner_train_mujoco] Average cumulative reward after 150 steps: 1.1958766241795158
[2022-11-24 06:23:11,930] [INFO] [runner_train_mujoco] Average state value: 0.5200552422602971
[2022-11-24 06:23:11,930] [INFO] [controller] ITERATION NUM: 14
[2022-11-24 06:23:12,051] [INFO] [controller] EPOCH 1 loss ppo:  -0.01252, loss val: 0.04137
[2022-11-24 06:23:12,097] [INFO] [controller] EPOCH 2 loss ppo:  -0.02536, loss val: 0.04190
[2022-11-24 06:23:12,158] [INFO] [controller] EPOCH 3 loss ppo:  -0.02887, loss val: 0.04106
[2022-11-24 06:23:12,220] [INFO] [controller] EPOCH 4 loss ppo:  -0.02970, loss val: 0.04098
[2022-11-24 06:23:12,233] [INFO] [runner_train_mujoco] Finished batch.
[2022-11-24 06:23:12,274] [INFO] [runner_train_mujoco] Starting simulation batch with mujoco.
[2022-11-24 06:23:12,275] [INFO] [runner_train_mujoco] Environment 0
[2022-11-24 06:23:16,361] [INFO] [runner_train_mujoco] Environment 1
[2022-11-24 06:23:20,699] [INFO] [runner_train_mujoco] Environment 2
[2022-11-24 06:23:25,038] [INFO] [runner_train_mujoco] Environment 3
[2022-11-24 06:23:29,347] [INFO] [runner_train_mujoco] Environment 4
[2022-11-24 06:23:33,319] [INFO] [runner_train_mujoco] Environment 5
[2022-11-24 06:23:37,405] [INFO] [runner_train_mujoco] Environment 6
[2022-11-24 06:23:41,605] [INFO] [runner_train_mujoco] Environment 7
[2022-11-24 06:23:46,116] [INFO] [runner_train_mujoco] Environment 8
[2022-11-24 06:23:50,223] [INFO] [runner_train_mujoco] Environment 9
[2022-11-24 06:23:54,100] [INFO] [runner_train_mujoco] Average cumulative reward after 150 steps: 1.3593783667685608
[2022-11-24 06:23:54,100] [INFO] [runner_train_mujoco] Average state value: 0.537004119793574
[2022-11-24 06:23:54,100] [INFO] [controller] ITERATION NUM: 15
[2022-11-24 06:23:54,150] [INFO] [controller] EPOCH 1 loss ppo:  -0.01308, loss val: 0.03454
[2022-11-24 06:23:54,198] [INFO] [controller] EPOCH 2 loss ppo:  -0.02711, loss val: 0.03574
[2022-11-24 06:23:54,310] [INFO] [controller] EPOCH 3 loss ppo:  -0.03020, loss val: 0.03331
[2022-11-24 06:23:54,353] [INFO] [controller] EPOCH 4 loss ppo:  -0.03404, loss val: 0.03128
[2022-11-24 06:23:54,364] [INFO] [runner_train_mujoco] Finished batch.
[2022-11-24 06:23:54,404] [INFO] [runner_train_mujoco] Starting simulation batch with mujoco.
[2022-11-24 06:23:54,404] [INFO] [runner_train_mujoco] Environment 0
[2022-11-24 06:23:58,702] [INFO] [runner_train_mujoco] Environment 1
[2022-11-24 06:24:03,166] [INFO] [runner_train_mujoco] Environment 2
[2022-11-24 06:24:07,345] [INFO] [runner_train_mujoco] Environment 3
[2022-11-24 06:24:11,601] [INFO] [runner_train_mujoco] Environment 4
[2022-11-24 06:24:15,458] [INFO] [runner_train_mujoco] Environment 5
[2022-11-24 06:24:19,652] [INFO] [runner_train_mujoco] Environment 6
[2022-11-24 06:24:23,686] [INFO] [runner_train_mujoco] Environment 7
[2022-11-24 06:24:27,524] [INFO] [runner_train_mujoco] Environment 8
[2022-11-24 06:24:31,648] [INFO] [runner_train_mujoco] Environment 9
[2022-11-24 06:24:35,716] [INFO] [runner_train_mujoco] Average cumulative reward after 150 steps: 1.809909716679328
[2022-11-24 06:24:35,717] [INFO] [runner_train_mujoco] Average state value: 0.492067586084207
[2022-11-24 06:24:35,717] [INFO] [controller] ITERATION NUM: 16
[2022-11-24 06:24:35,780] [INFO] [controller] EPOCH 1 loss ppo:  -0.01538, loss val: 0.03872
[2022-11-24 06:24:35,820] [INFO] [controller] EPOCH 2 loss ppo:  -0.02873, loss val: 0.03876
[2022-11-24 06:24:35,860] [INFO] [controller] EPOCH 3 loss ppo:  -0.02947, loss val: 0.03866
[2022-11-24 06:24:35,900] [INFO] [controller] EPOCH 4 loss ppo:  -0.03542, loss val: 0.03880
[2022-11-24 06:24:35,908] [INFO] [runner_train_mujoco] Finished batch.
[2022-11-24 06:24:35,950] [INFO] [runner_train_mujoco] Starting simulation batch with mujoco.
[2022-11-24 06:24:35,950] [INFO] [runner_train_mujoco] Environment 0
[2022-11-24 06:24:40,259] [INFO] [runner_train_mujoco] Environment 1
[2022-11-24 06:24:44,605] [INFO] [runner_train_mujoco] Environment 2
[2022-11-24 06:24:48,745] [INFO] [runner_train_mujoco] Environment 3
[2022-11-24 06:24:53,410] [INFO] [runner_train_mujoco] Environment 4
[2022-11-24 06:24:58,329] [INFO] [runner_train_mujoco] Environment 5
[2022-11-24 06:25:02,536] [INFO] [runner_train_mujoco] Environment 6
[2022-11-24 06:25:06,726] [INFO] [runner_train_mujoco] Environment 7
[2022-11-24 06:25:10,891] [INFO] [runner_train_mujoco] Environment 8
[2022-11-24 06:25:14,891] [INFO] [runner_train_mujoco] Environment 9
[2022-11-24 06:25:18,927] [INFO] [runner_train_mujoco] Average cumulative reward after 150 steps: 2.2449453087868307
[2022-11-24 06:25:18,928] [INFO] [runner_train_mujoco] Average state value: 0.4372834731638432
[2022-11-24 06:25:18,928] [INFO] [controller] ITERATION NUM: 17
[2022-11-24 06:25:18,995] [INFO] [controller] EPOCH 1 loss ppo:  -0.01321, loss val: 0.03200
[2022-11-24 06:25:19,044] [INFO] [controller] EPOCH 2 loss ppo:  -0.02630, loss val: 0.03772
[2022-11-24 06:25:19,090] [INFO] [controller] EPOCH 3 loss ppo:  -0.03316, loss val: 0.03402
[2022-11-24 06:25:19,136] [INFO] [controller] EPOCH 4 loss ppo:  -0.03750, loss val: 0.03564
[2022-11-24 06:25:19,146] [INFO] [runner_train_mujoco] Finished batch.
[2022-11-24 06:25:19,187] [INFO] [runner_train_mujoco] Starting simulation batch with mujoco.
[2022-11-24 06:25:19,188] [INFO] [runner_train_mujoco] Environment 0
[2022-11-24 06:25:23,467] [INFO] [runner_train_mujoco] Environment 1
[2022-11-24 06:25:27,631] [INFO] [runner_train_mujoco] Environment 2
[2022-11-24 06:25:31,964] [INFO] [runner_train_mujoco] Environment 3
[2022-11-24 06:25:35,748] [INFO] [runner_train_mujoco] Environment 4
[2022-11-24 06:25:40,250] [INFO] [runner_train_mujoco] Environment 5
[2022-11-24 06:25:44,296] [INFO] [runner_train_mujoco] Environment 6
[2022-11-24 06:25:48,110] [INFO] [runner_train_mujoco] Environment 7
[2022-11-24 06:25:52,569] [INFO] [runner_train_mujoco] Environment 8
[2022-11-24 06:25:56,641] [INFO] [runner_train_mujoco] Environment 9
[2022-11-24 06:26:00,635] [INFO] [runner_train_mujoco] Average cumulative reward after 150 steps: 2.431736448829551
[2022-11-24 06:26:00,635] [INFO] [runner_train_mujoco] Average state value: 0.4293697930177053
[2022-11-24 06:26:00,635] [INFO] [controller] ITERATION NUM: 18
[2022-11-24 06:26:00,689] [INFO] [controller] EPOCH 1 loss ppo:  -0.01399, loss val: 0.05630
[2022-11-24 06:26:00,734] [INFO] [controller] EPOCH 2 loss ppo:  -0.02486, loss val: 0.05721
[2022-11-24 06:26:00,779] [INFO] [controller] EPOCH 3 loss ppo:  -0.02859, loss val: 0.04857
[2022-11-24 06:26:00,825] [INFO] [controller] EPOCH 4 loss ppo:  -0.03625, loss val: 0.04308
[2022-11-24 06:26:00,834] [INFO] [runner_train_mujoco] Finished batch.
[2022-11-24 06:26:00,875] [INFO] [runner_train_mujoco] Starting simulation batch with mujoco.
[2022-11-24 06:26:00,876] [INFO] [runner_train_mujoco] Environment 0
[2022-11-24 06:26:05,180] [INFO] [runner_train_mujoco] Environment 1
[2022-11-24 06:26:09,397] [INFO] [runner_train_mujoco] Environment 2
[2022-11-24 06:26:13,922] [INFO] [runner_train_mujoco] Environment 3
[2022-11-24 06:26:18,136] [INFO] [runner_train_mujoco] Environment 4
[2022-11-24 06:26:22,336] [INFO] [runner_train_mujoco] Environment 5
[2022-11-24 06:26:26,761] [INFO] [runner_train_mujoco] Environment 6
[2022-11-24 06:26:31,003] [INFO] [runner_train_mujoco] Environment 7
[2022-11-24 06:26:35,444] [INFO] [runner_train_mujoco] Environment 8
[2022-11-24 06:26:39,545] [INFO] [runner_train_mujoco] Environment 9
[2022-11-24 06:26:43,742] [INFO] [runner_train_mujoco] Average cumulative reward after 150 steps: 3.1070983332854487
[2022-11-24 06:26:43,742] [INFO] [runner_train_mujoco] Average state value: 0.5069145281513532
[2022-11-24 06:26:43,742] [INFO] [controller] ITERATION NUM: 19
[2022-11-24 06:26:43,790] [INFO] [controller] EPOCH 1 loss ppo:  -0.01537, loss val: 0.03644
[2022-11-24 06:26:43,829] [INFO] [controller] EPOCH 2 loss ppo:  -0.03165, loss val: 0.03932
[2022-11-24 06:26:43,870] [INFO] [controller] EPOCH 3 loss ppo:  -0.03235, loss val: 0.03959
[2022-11-24 06:26:43,918] [INFO] [controller] EPOCH 4 loss ppo:  -0.03927, loss val: 0.03871
[2022-11-24 06:26:43,927] [INFO] [runner_train_mujoco] Finished batch.
[2022-11-24 06:26:43,967] [INFO] [runner_train_mujoco] Starting simulation batch with mujoco.
[2022-11-24 06:26:43,967] [INFO] [runner_train_mujoco] Environment 0
[2022-11-24 06:26:48,017] [INFO] [runner_train_mujoco] Environment 1
[2022-11-24 06:26:52,404] [INFO] [runner_train_mujoco] Environment 2
[2022-11-24 06:26:56,558] [INFO] [runner_train_mujoco] Environment 3
[2022-11-24 06:27:00,780] [INFO] [runner_train_mujoco] Environment 4
[2022-11-24 06:27:04,583] [INFO] [runner_train_mujoco] Environment 5
[2022-11-24 06:27:08,271] [INFO] [runner_train_mujoco] Environment 6
[2022-11-24 06:27:12,437] [INFO] [runner_train_mujoco] Environment 7
[2022-11-24 06:27:16,276] [INFO] [runner_train_mujoco] Environment 8
[2022-11-24 06:27:20,116] [INFO] [runner_train_mujoco] Environment 9
[2022-11-24 06:27:24,177] [INFO] [runner_train_mujoco] Average cumulative reward after 150 steps: 3.1600371581770044
[2022-11-24 06:27:24,178] [INFO] [runner_train_mujoco] Average state value: 0.5179133143623671
[2022-11-24 06:27:24,178] [INFO] [controller] ITERATION NUM: 20
[2022-11-24 06:27:24,234] [INFO] [controller] EPOCH 1 loss ppo:  -0.01221, loss val: 0.04896
[2022-11-24 06:27:24,293] [INFO] [controller] EPOCH 2 loss ppo:  -0.01957, loss val: 0.04738
[2022-11-24 06:27:24,334] [INFO] [controller] EPOCH 3 loss ppo:  -0.02936, loss val: 0.04721
[2022-11-24 06:27:24,374] [INFO] [controller] EPOCH 4 loss ppo:  -0.03351, loss val: 0.04888
[2022-11-24 06:27:24,383] [INFO] [runner_train_mujoco] Finished batch.
[2022-11-24 06:27:24,412] [INFO] [runner_train_mujoco] Starting simulation batch with mujoco.
[2022-11-24 06:27:24,412] [INFO] [runner_train_mujoco] Environment 0
[2022-11-24 06:27:28,726] [INFO] [runner_train_mujoco] Environment 1
[2022-11-24 06:27:32,677] [INFO] [runner_train_mujoco] Environment 2
[2022-11-24 06:27:36,759] [INFO] [runner_train_mujoco] Environment 3
[2022-11-24 06:27:40,739] [INFO] [runner_train_mujoco] Environment 4
[2022-11-24 06:27:44,909] [INFO] [runner_train_mujoco] Environment 5
[2022-11-24 06:27:48,660] [INFO] [runner_train_mujoco] Environment 6
[2022-11-24 06:27:53,040] [INFO] [runner_train_mujoco] Environment 7
[2022-11-24 06:27:56,752] [INFO] [runner_train_mujoco] Environment 8
[2022-11-24 06:28:01,048] [INFO] [runner_train_mujoco] Environment 9
[2022-11-24 06:28:04,768] [INFO] [runner_train_mujoco] Average cumulative reward after 150 steps: 3.4477979763270263
[2022-11-24 06:28:04,769] [INFO] [runner_train_mujoco] Average state value: 0.46696407101551685
[2022-11-24 06:28:04,769] [INFO] [controller] ITERATION NUM: 21
[2022-11-24 06:28:04,820] [INFO] [controller] EPOCH 1 loss ppo:  -0.01531, loss val: 0.04764
[2022-11-24 06:28:04,861] [INFO] [controller] EPOCH 2 loss ppo:  -0.02206, loss val: 0.04759
[2022-11-24 06:28:04,901] [INFO] [controller] EPOCH 3 loss ppo:  -0.02826, loss val: 0.04842
[2022-11-24 06:28:04,942] [INFO] [controller] EPOCH 4 loss ppo:  -0.03228, loss val: 0.04783
[2022-11-24 06:28:04,951] [INFO] [runner_train_mujoco] Finished batch.
[2022-11-24 06:28:04,984] [INFO] [runner_train_mujoco] Starting simulation batch with mujoco.
[2022-11-24 06:28:04,984] [INFO] [runner_train_mujoco] Environment 0
[2022-11-24 06:28:09,309] [INFO] [runner_train_mujoco] Environment 1
[2022-11-24 06:28:13,558] [INFO] [runner_train_mujoco] Environment 2
[2022-11-24 06:28:17,652] [INFO] [runner_train_mujoco] Environment 3
[2022-11-24 06:28:21,728] [INFO] [runner_train_mujoco] Environment 4
[2022-11-24 06:28:25,896] [INFO] [runner_train_mujoco] Environment 5
[2022-11-24 06:28:29,536] [INFO] [runner_train_mujoco] Environment 6
[2022-11-24 06:28:33,238] [INFO] [runner_train_mujoco] Environment 7
[2022-11-24 06:28:37,255] [INFO] [runner_train_mujoco] Environment 8
[2022-11-24 06:28:40,886] [INFO] [runner_train_mujoco] Environment 9
[2022-11-24 06:28:44,779] [INFO] [runner_train_mujoco] Average cumulative reward after 150 steps: 3.75761585971557
[2022-11-24 06:28:44,780] [INFO] [runner_train_mujoco] Average state value: 0.46218816381692884
[2022-11-24 06:28:44,780] [INFO] [controller] ITERATION NUM: 22
[2022-11-24 06:28:44,846] [INFO] [controller] EPOCH 1 loss ppo:  -0.01154, loss val: 0.03876
[2022-11-24 06:28:44,900] [INFO] [controller] EPOCH 2 loss ppo:  -0.01873, loss val: 0.04112
[2022-11-24 06:28:44,951] [INFO] [controller] EPOCH 3 loss ppo:  -0.02741, loss val: 0.03708
[2022-11-24 06:28:45,002] [INFO] [controller] EPOCH 4 loss ppo:  -0.02946, loss val: 0.03759
[2022-11-24 06:28:45,012] [INFO] [runner_train_mujoco] Finished batch.
[2022-11-24 06:28:45,055] [INFO] [runner_train_mujoco] Starting simulation batch with mujoco.
[2022-11-24 06:28:45,055] [INFO] [runner_train_mujoco] Environment 0
[2022-11-24 06:28:48,996] [INFO] [runner_train_mujoco] Environment 1
[2022-11-24 06:28:52,703] [INFO] [runner_train_mujoco] Environment 2
[2022-11-24 06:28:56,507] [INFO] [runner_train_mujoco] Environment 3
[2022-11-24 06:29:00,700] [INFO] [runner_train_mujoco] Environment 4
[2022-11-24 06:29:04,937] [INFO] [runner_train_mujoco] Environment 5
[2022-11-24 06:29:09,132] [INFO] [runner_train_mujoco] Environment 6
[2022-11-24 06:29:13,247] [INFO] [runner_train_mujoco] Environment 7
[2022-11-24 06:29:17,747] [INFO] [runner_train_mujoco] Environment 8
[2022-11-24 06:29:21,763] [INFO] [runner_train_mujoco] Environment 9
[2022-11-24 06:29:25,448] [INFO] [runner_train_mujoco] Average cumulative reward after 150 steps: 3.99546221756926
[2022-11-24 06:29:25,448] [INFO] [runner_train_mujoco] Average state value: 0.4971578688621522
[2022-11-24 06:29:25,448] [INFO] [controller] ITERATION NUM: 23
[2022-11-24 06:29:25,501] [INFO] [controller] EPOCH 1 loss ppo:  -0.01152, loss val: 0.04601
[2022-11-24 06:29:25,545] [INFO] [controller] EPOCH 2 loss ppo:  -0.02080, loss val: 0.04226
[2022-11-24 06:29:25,608] [INFO] [controller] EPOCH 3 loss ppo:  -0.02742, loss val: 0.04352
[2022-11-24 06:29:25,659] [INFO] [controller] EPOCH 4 loss ppo:  -0.03145, loss val: 0.04033
[2022-11-24 06:29:25,666] [INFO] [runner_train_mujoco] Finished batch.
[2022-11-24 06:29:25,706] [INFO] [runner_train_mujoco] Starting simulation batch with mujoco.
[2022-11-24 06:29:25,706] [INFO] [runner_train_mujoco] Environment 0
[2022-11-24 06:29:29,889] [INFO] [runner_train_mujoco] Environment 1
[2022-11-24 06:29:34,011] [INFO] [runner_train_mujoco] Environment 2
[2022-11-24 06:29:37,656] [INFO] [runner_train_mujoco] Environment 3
[2022-11-24 06:29:41,515] [INFO] [runner_train_mujoco] Environment 4
[2022-11-24 06:29:45,174] [INFO] [runner_train_mujoco] Environment 5
[2022-11-24 06:29:49,111] [INFO] [runner_train_mujoco] Environment 6
[2022-11-24 06:29:52,936] [INFO] [runner_train_mujoco] Environment 7
[2022-11-24 06:29:56,934] [INFO] [runner_train_mujoco] Environment 8
[2022-11-24 06:30:01,222] [INFO] [runner_train_mujoco] Environment 9
[2022-11-24 06:30:04,819] [INFO] [runner_train_mujoco] Average cumulative reward after 150 steps: 4.036099864450485
[2022-11-24 06:30:04,819] [INFO] [runner_train_mujoco] Average state value: 0.49951398475964864
[2022-11-24 06:30:04,819] [INFO] [controller] ITERATION NUM: 24
[2022-11-24 06:30:04,868] [INFO] [controller] EPOCH 1 loss ppo:  -0.01358, loss val: 0.03360
[2022-11-24 06:30:04,910] [INFO] [controller] EPOCH 2 loss ppo:  -0.02025, loss val: 0.03516
[2022-11-24 06:30:04,953] [INFO] [controller] EPOCH 3 loss ppo:  -0.02923, loss val: 0.03400
[2022-11-24 06:30:04,991] [INFO] [controller] EPOCH 4 loss ppo:  -0.03459, loss val: 0.03506
[2022-11-24 06:30:05,001] [INFO] [runner_train_mujoco] Finished batch.
[2022-11-24 06:30:05,032] [INFO] [runner_train_mujoco] Starting simulation batch with mujoco.
[2022-11-24 06:30:05,032] [INFO] [runner_train_mujoco] Environment 0
[2022-11-24 06:30:09,495] [INFO] [runner_train_mujoco] Environment 1
[2022-11-24 06:30:13,654] [INFO] [runner_train_mujoco] Environment 2
[2022-11-24 06:30:17,704] [INFO] [runner_train_mujoco] Environment 3
[2022-11-24 06:30:22,089] [INFO] [runner_train_mujoco] Environment 4
[2022-11-24 06:30:26,199] [INFO] [runner_train_mujoco] Environment 5
[2022-11-24 06:30:30,178] [INFO] [runner_train_mujoco] Environment 6
[2022-11-24 06:30:33,996] [INFO] [runner_train_mujoco] Environment 7
[2022-11-24 06:30:38,000] [INFO] [runner_train_mujoco] Environment 8
[2022-11-24 06:30:42,209] [INFO] [runner_train_mujoco] Environment 9
[2022-11-24 06:30:46,427] [INFO] [runner_train_mujoco] Average cumulative reward after 150 steps: 4.082022253837255
[2022-11-24 06:30:46,427] [INFO] [runner_train_mujoco] Average state value: 0.48777378871043525
[2022-11-24 06:30:46,427] [INFO] [controller] ITERATION NUM: 25
[2022-11-24 06:30:46,482] [INFO] [controller] EPOCH 1 loss ppo:  -0.01258, loss val: 0.05273
[2022-11-24 06:30:46,524] [INFO] [controller] EPOCH 2 loss ppo:  -0.01653, loss val: 0.05221
[2022-11-24 06:30:46,566] [INFO] [controller] EPOCH 3 loss ppo:  -0.02396, loss val: 0.05252
[2022-11-24 06:30:46,612] [INFO] [controller] EPOCH 4 loss ppo:  -0.03267, loss val: 0.05178
[2022-11-24 06:30:46,622] [INFO] [runner_train_mujoco] Finished batch.
[2022-11-24 06:30:46,663] [INFO] [runner_train_mujoco] Starting simulation batch with mujoco.
[2022-11-24 06:30:46,663] [INFO] [runner_train_mujoco] Environment 0
[2022-11-24 06:30:50,972] [INFO] [runner_train_mujoco] Environment 1
[2022-11-24 06:30:54,890] [INFO] [runner_train_mujoco] Environment 2
[2022-11-24 06:30:59,955] [INFO] [runner_train_mujoco] Environment 3
[2022-11-24 06:31:04,343] [INFO] [runner_train_mujoco] Environment 4
[2022-11-24 06:31:08,391] [INFO] [runner_train_mujoco] Environment 5
[2022-11-24 06:31:12,464] [INFO] [runner_train_mujoco] Environment 6
[2022-11-24 06:31:16,825] [INFO] [runner_train_mujoco] Environment 7
[2022-11-24 06:31:20,803] [INFO] [runner_train_mujoco] Environment 8
[2022-11-24 06:31:24,485] [INFO] [runner_train_mujoco] Environment 9
[2022-11-24 06:31:28,536] [INFO] [runner_train_mujoco] Average cumulative reward after 150 steps: 4.056559751883267
[2022-11-24 06:31:28,536] [INFO] [runner_train_mujoco] Average state value: 0.515116076529026
[2022-11-24 06:31:28,536] [INFO] [controller] ITERATION NUM: 26
[2022-11-24 06:31:28,590] [INFO] [controller] EPOCH 1 loss ppo:  -0.01437, loss val: 0.04564
[2022-11-24 06:31:28,634] [INFO] [controller] EPOCH 2 loss ppo:  -0.01977, loss val: 0.04914
[2022-11-24 06:31:28,675] [INFO] [controller] EPOCH 3 loss ppo:  -0.02412, loss val: 0.04914
[2022-11-24 06:31:28,717] [INFO] [controller] EPOCH 4 loss ppo:  -0.03376, loss val: 0.04640
[2022-11-24 06:31:28,726] [INFO] [runner_train_mujoco] Finished batch.
[2022-11-24 06:31:28,767] [INFO] [runner_train_mujoco] Starting simulation batch with mujoco.
[2022-11-24 06:31:28,767] [INFO] [runner_train_mujoco] Environment 0
[2022-11-24 06:31:32,982] [INFO] [runner_train_mujoco] Environment 1
[2022-11-24 06:31:36,783] [INFO] [runner_train_mujoco] Environment 2
[2022-11-24 06:31:40,805] [INFO] [runner_train_mujoco] Environment 3
[2022-11-24 06:31:46,025] [INFO] [runner_train_mujoco] Environment 4
[2022-11-24 06:31:50,249] [INFO] [runner_train_mujoco] Environment 5
[2022-11-24 06:31:54,438] [INFO] [runner_train_mujoco] Environment 6
[2022-11-24 06:31:59,218] [INFO] [runner_train_mujoco] Environment 7
[2022-11-24 06:32:03,765] [INFO] [runner_train_mujoco] Environment 8
[2022-11-24 06:32:08,436] [INFO] [runner_train_mujoco] Environment 9
[2022-11-24 06:32:12,292] [INFO] [runner_train_mujoco] Average cumulative reward after 150 steps: 4.5021781557065506
[2022-11-24 06:32:12,292] [INFO] [runner_train_mujoco] Average state value: 0.5149955210884412
[2022-11-24 06:32:12,292] [INFO] [controller] ITERATION NUM: 27
[2022-11-24 06:32:12,352] [INFO] [controller] EPOCH 1 loss ppo:  -0.01104, loss val: 0.03592
[2022-11-24 06:32:12,410] [INFO] [controller] EPOCH 2 loss ppo:  -0.01691, loss val: 0.03488
[2022-11-24 06:32:12,473] [INFO] [controller] EPOCH 3 loss ppo:  -0.02510, loss val: 0.03192
[2022-11-24 06:32:12,562] [INFO] [controller] EPOCH 4 loss ppo:  -0.03135, loss val: 0.03147
[2022-11-24 06:32:12,574] [INFO] [runner_train_mujoco] Finished batch.
[2022-11-24 06:32:12,620] [INFO] [runner_train_mujoco] Starting simulation batch with mujoco.
[2022-11-24 06:32:12,620] [INFO] [runner_train_mujoco] Environment 0
[2022-11-24 06:32:17,197] [INFO] [runner_train_mujoco] Environment 1
[2022-11-24 06:32:21,351] [INFO] [runner_train_mujoco] Environment 2
[2022-11-24 06:32:25,406] [INFO] [runner_train_mujoco] Environment 3
[2022-11-24 06:32:29,665] [INFO] [runner_train_mujoco] Environment 4
[2022-11-24 06:32:33,526] [INFO] [runner_train_mujoco] Environment 5
[2022-11-24 06:32:37,515] [INFO] [runner_train_mujoco] Environment 6
[2022-11-24 06:32:41,627] [INFO] [runner_train_mujoco] Environment 7
[2022-11-24 06:32:45,641] [INFO] [runner_train_mujoco] Environment 8
[2022-11-24 06:32:49,625] [INFO] [runner_train_mujoco] Environment 9
[2022-11-24 06:32:53,751] [INFO] [runner_train_mujoco] Average cumulative reward after 150 steps: 4.356534421774001
[2022-11-24 06:32:53,751] [INFO] [runner_train_mujoco] Average state value: 0.46432983146111173
[2022-11-24 06:32:53,751] [INFO] [controller] ITERATION NUM: 28
[2022-11-24 06:32:53,808] [INFO] [controller] EPOCH 1 loss ppo:  -0.01328, loss val: 0.04769
[2022-11-24 06:32:53,848] [INFO] [controller] EPOCH 2 loss ppo:  -0.01917, loss val: 0.04723
[2022-11-24 06:32:53,890] [INFO] [controller] EPOCH 3 loss ppo:  -0.02159, loss val: 0.04716
[2022-11-24 06:32:53,926] [INFO] [controller] EPOCH 4 loss ppo:  -0.03027, loss val: 0.04826
[2022-11-24 06:32:53,936] [INFO] [runner_train_mujoco] Finished batch.
[2022-11-24 06:32:53,975] [INFO] [runner_train_mujoco] Starting simulation batch with mujoco.
[2022-11-24 06:32:53,975] [INFO] [runner_train_mujoco] Environment 0
[2022-11-24 06:32:58,242] [INFO] [runner_train_mujoco] Environment 1
[2022-11-24 06:33:02,641] [INFO] [runner_train_mujoco] Environment 2
[2022-11-24 06:33:06,837] [INFO] [runner_train_mujoco] Environment 3
[2022-11-24 06:33:11,003] [INFO] [runner_train_mujoco] Environment 4
[2022-11-24 06:33:15,182] [INFO] [runner_train_mujoco] Environment 5
[2022-11-24 06:33:18,837] [INFO] [runner_train_mujoco] Environment 6
[2022-11-24 06:33:22,462] [INFO] [runner_train_mujoco] Environment 7
[2022-11-24 06:33:26,349] [INFO] [runner_train_mujoco] Environment 8
[2022-11-24 06:33:30,363] [INFO] [runner_train_mujoco] Environment 9
[2022-11-24 06:33:34,106] [INFO] [runner_train_mujoco] Average cumulative reward after 150 steps: 4.50910685428814
[2022-11-24 06:33:34,107] [INFO] [runner_train_mujoco] Average state value: 0.4542785306572914
[2022-11-24 06:33:34,107] [INFO] [controller] ITERATION NUM: 29
[2022-11-24 06:33:34,161] [INFO] [controller] EPOCH 1 loss ppo:  -0.01329, loss val: 0.04350
[2022-11-24 06:33:34,208] [INFO] [controller] EPOCH 2 loss ppo:  -0.01636, loss val: 0.04359
[2022-11-24 06:33:34,249] [INFO] [controller] EPOCH 3 loss ppo:  -0.02249, loss val: 0.04263
[2022-11-24 06:33:34,303] [INFO] [controller] EPOCH 4 loss ppo:  -0.02724, loss val: 0.04180
[2022-11-24 06:33:34,314] [INFO] [runner_train_mujoco] Finished batch.
[2022-11-24 06:33:34,349] [INFO] [runner_train_mujoco] Starting simulation batch with mujoco.
[2022-11-24 06:33:34,350] [INFO] [runner_train_mujoco] Environment 0
[2022-11-24 06:33:38,398] [INFO] [runner_train_mujoco] Environment 1
[2022-11-24 06:33:42,005] [INFO] [runner_train_mujoco] Environment 2
[2022-11-24 06:33:46,109] [INFO] [runner_train_mujoco] Environment 3
[2022-11-24 06:33:50,316] [INFO] [runner_train_mujoco] Environment 4
[2022-11-24 06:33:54,396] [INFO] [runner_train_mujoco] Environment 5
[2022-11-24 06:33:58,699] [INFO] [runner_train_mujoco] Environment 6
[2022-11-24 06:34:02,868] [INFO] [runner_train_mujoco] Environment 7
[2022-11-24 06:34:07,048] [INFO] [runner_train_mujoco] Environment 8
[2022-11-24 06:34:10,748] [INFO] [runner_train_mujoco] Environment 9
[2022-11-24 06:34:15,014] [INFO] [runner_train_mujoco] Average cumulative reward after 150 steps: 4.4521155509028
[2022-11-24 06:34:15,014] [INFO] [runner_train_mujoco] Average state value: 0.42849327846368157
[2022-11-24 06:34:15,014] [INFO] [controller] ITERATION NUM: 30
[2022-11-24 06:34:15,073] [INFO] [controller] EPOCH 1 loss ppo:  -0.01099, loss val: 0.04422
[2022-11-24 06:34:15,122] [INFO] [controller] EPOCH 2 loss ppo:  -0.01402, loss val: 0.04603
[2022-11-24 06:34:15,169] [INFO] [controller] EPOCH 3 loss ppo:  -0.01919, loss val: 0.04764
[2022-11-24 06:34:15,214] [INFO] [controller] EPOCH 4 loss ppo:  -0.02890, loss val: 0.04685
[2022-11-24 06:34:15,223] [INFO] [runner_train_mujoco] Finished batch.
[2022-11-24 06:34:15,263] [INFO] [runner_train_mujoco] Starting simulation batch with mujoco.
[2022-11-24 06:34:15,263] [INFO] [runner_train_mujoco] Environment 0
[2022-11-24 06:34:19,470] [INFO] [runner_train_mujoco] Environment 1
[2022-11-24 06:34:23,655] [INFO] [runner_train_mujoco] Environment 2
[2022-11-24 06:34:27,683] [INFO] [runner_train_mujoco] Environment 3
[2022-11-24 06:34:31,782] [INFO] [runner_train_mujoco] Environment 4
[2022-11-24 06:34:35,462] [INFO] [runner_train_mujoco] Environment 5
[2022-11-24 06:34:39,045] [INFO] [runner_train_mujoco] Environment 6
[2022-11-24 06:34:43,408] [INFO] [runner_train_mujoco] Environment 7
[2022-11-24 06:34:50,247] [INFO] [runner_train_mujoco] Environment 8
[2022-11-24 06:34:55,564] [INFO] [runner_train_mujoco] Environment 9
[2022-11-24 06:35:03,189] [INFO] [runner_train_mujoco] Average cumulative reward after 150 steps: 4.487943089565135
[2022-11-24 06:35:03,189] [INFO] [runner_train_mujoco] Average state value: 0.40477681197722754
[2022-11-24 06:35:03,189] [INFO] [controller] ITERATION NUM: 31
[2022-11-24 06:35:03,267] [INFO] [controller] EPOCH 1 loss ppo:  -0.01365, loss val: 0.04886
[2022-11-24 06:35:03,343] [INFO] [controller] EPOCH 2 loss ppo:  -0.01853, loss val: 0.04402
[2022-11-24 06:35:03,438] [INFO] [controller] EPOCH 3 loss ppo:  -0.02483, loss val: 0.04372
[2022-11-24 06:35:03,578] [INFO] [controller] EPOCH 4 loss ppo:  -0.03354, loss val: 0.04387
[2022-11-24 06:35:03,591] [INFO] [runner_train_mujoco] Finished batch.
[2022-11-24 06:35:03,650] [INFO] [runner_train_mujoco] Starting simulation batch with mujoco.
[2022-11-24 06:35:03,650] [INFO] [runner_train_mujoco] Environment 0
[2022-11-24 06:35:12,006] [INFO] [runner_train_mujoco] Environment 1
[2022-11-24 06:35:17,774] [INFO] [runner_train_mujoco] Environment 2
[2022-11-24 12:37:57,117] [INFO] [runner_train_mujoco] Environment 3
[2022-11-24 12:38:08,061] [INFO] [runner_train_mujoco] Environment 4
[2022-11-24 12:38:16,051] [INFO] [runner_train_mujoco] Environment 5
[2022-11-24 12:38:22,363] [INFO] [runner_train_mujoco] Environment 6
[2022-11-24 12:38:27,814] [INFO] [runner_train_mujoco] Environment 7
[2022-11-24 12:38:33,065] [INFO] [runner_train_mujoco] Environment 8
[2022-11-24 12:38:37,896] [INFO] [runner_train_mujoco] Environment 9
[2022-11-24 12:38:42,527] [INFO] [runner_train_mujoco] Average cumulative reward after 150 steps: 4.456942049014006
[2022-11-24 12:38:42,527] [INFO] [runner_train_mujoco] Average state value: 0.40628198399146404
[2022-11-24 12:38:42,527] [INFO] [controller] ITERATION NUM: 32
[2022-11-24 12:38:42,617] [INFO] [controller] EPOCH 1 loss ppo:  -0.01246, loss val: 0.04367
[2022-11-24 12:38:42,784] [INFO] [controller] EPOCH 2 loss ppo:  -0.01750, loss val: 0.04219
[2022-11-24 12:38:42,854] [INFO] [controller] EPOCH 3 loss ppo:  -0.02247, loss val: 0.03874
[2022-11-24 12:38:42,910] [INFO] [controller] EPOCH 4 loss ppo:  -0.02837, loss val: 0.03636
[2022-11-24 12:38:42,920] [INFO] [runner_train_mujoco] Finished batch.
[2022-11-24 12:38:42,966] [INFO] [runner_train_mujoco] Starting simulation batch with mujoco.
[2022-11-24 12:38:42,966] [INFO] [runner_train_mujoco] Environment 0
[2022-11-24 12:38:47,210] [INFO] [runner_train_mujoco] Environment 1
[2022-11-24 12:38:51,920] [INFO] [runner_train_mujoco] Environment 2
[2022-11-24 12:38:56,216] [INFO] [runner_train_mujoco] Environment 3
[2022-11-24 12:39:00,754] [INFO] [runner_train_mujoco] Environment 4
[2022-11-24 12:39:05,574] [INFO] [runner_train_mujoco] Environment 5
[2022-11-24 12:39:09,982] [INFO] [runner_train_mujoco] Environment 6
[2022-11-24 12:39:14,274] [INFO] [runner_train_mujoco] Environment 7
[2022-11-24 12:39:18,522] [INFO] [runner_train_mujoco] Environment 8
[2022-11-24 12:39:23,600] [INFO] [runner_train_mujoco] Environment 9
[2022-11-24 12:39:27,828] [INFO] [runner_train_mujoco] Average cumulative reward after 150 steps: 4.848397509969723
[2022-11-24 12:39:27,828] [INFO] [runner_train_mujoco] Average state value: 0.45086559901634854
[2022-11-24 12:39:27,828] [INFO] [controller] ITERATION NUM: 33
[2022-11-24 12:39:27,906] [INFO] [controller] EPOCH 1 loss ppo:  -0.01201, loss val: 0.04577
[2022-11-24 12:39:27,955] [INFO] [controller] EPOCH 2 loss ppo:  -0.01701, loss val: 0.04885
[2022-11-24 12:39:28,002] [INFO] [controller] EPOCH 3 loss ppo:  -0.02138, loss val: 0.04647
[2022-11-24 12:39:28,048] [INFO] [controller] EPOCH 4 loss ppo:  -0.02785, loss val: 0.04890
[2022-11-24 12:39:28,058] [INFO] [runner_train_mujoco] Finished batch.
[2022-11-24 12:39:28,098] [INFO] [runner_train_mujoco] Starting simulation batch with mujoco.
[2022-11-24 12:39:28,098] [INFO] [runner_train_mujoco] Environment 0
[2022-11-24 12:39:32,212] [INFO] [runner_train_mujoco] Environment 1
[2022-11-24 12:39:36,077] [INFO] [runner_train_mujoco] Environment 2
[2022-11-24 12:39:40,097] [INFO] [runner_train_mujoco] Environment 3
[2022-11-24 12:39:44,012] [INFO] [runner_train_mujoco] Environment 4
[2022-11-24 12:39:48,151] [INFO] [runner_train_mujoco] Environment 5
[2022-11-24 12:39:52,101] [INFO] [runner_train_mujoco] Environment 6
[2022-11-24 12:39:55,987] [INFO] [runner_train_mujoco] Environment 7
[2022-11-24 12:40:00,037] [INFO] [runner_train_mujoco] Environment 8
[2022-11-24 12:40:04,328] [INFO] [runner_train_mujoco] Environment 9
[2022-11-24 12:40:08,487] [INFO] [runner_train_mujoco] Average cumulative reward after 150 steps: 5.024764259791762
[2022-11-24 12:40:08,487] [INFO] [runner_train_mujoco] Average state value: 0.4813552024364471
[2022-11-24 12:40:08,488] [INFO] [controller] ITERATION NUM: 34
[2022-11-24 12:40:08,543] [INFO] [controller] EPOCH 1 loss ppo:  -0.01170, loss val: 0.04948
[2022-11-24 12:40:08,588] [INFO] [controller] EPOCH 2 loss ppo:  -0.01366, loss val: 0.04826
[2022-11-24 12:40:08,633] [INFO] [controller] EPOCH 3 loss ppo:  -0.01904, loss val: 0.04730
[2022-11-24 12:40:08,677] [INFO] [controller] EPOCH 4 loss ppo:  -0.02341, loss val: 0.04650
[2022-11-24 12:40:08,687] [INFO] [runner_train_mujoco] Finished batch.
[2022-11-24 12:40:08,727] [INFO] [runner_train_mujoco] Starting simulation batch with mujoco.
[2022-11-24 12:40:08,728] [INFO] [runner_train_mujoco] Environment 0
[2022-11-24 12:40:12,941] [INFO] [runner_train_mujoco] Environment 1
[2022-11-24 12:40:16,982] [INFO] [runner_train_mujoco] Environment 2
[2022-11-24 12:40:20,976] [INFO] [runner_train_mujoco] Environment 3
[2022-11-24 12:40:25,122] [INFO] [runner_train_mujoco] Environment 4
[2022-11-24 12:40:29,242] [INFO] [runner_train_mujoco] Environment 5
[2022-11-24 12:40:33,354] [INFO] [runner_train_mujoco] Environment 6
[2022-11-24 12:40:37,512] [INFO] [runner_train_mujoco] Environment 7
[2022-11-24 12:40:41,276] [INFO] [runner_train_mujoco] Environment 8
[2022-11-24 12:40:45,213] [INFO] [runner_train_mujoco] Environment 9
[2022-11-24 12:40:49,137] [INFO] [runner_train_mujoco] Average cumulative reward after 150 steps: 4.635299100228878
[2022-11-24 12:40:49,137] [INFO] [runner_train_mujoco] Average state value: 0.446092761516571
[2022-11-24 12:40:49,137] [INFO] [controller] ITERATION NUM: 35
[2022-11-24 12:40:49,190] [INFO] [controller] EPOCH 1 loss ppo:  -0.01177, loss val: 0.04067
[2022-11-24 12:40:49,239] [INFO] [controller] EPOCH 2 loss ppo:  -0.01615, loss val: 0.04112
[2022-11-24 12:40:49,288] [INFO] [controller] EPOCH 3 loss ppo:  -0.02408, loss val: 0.04421
[2022-11-24 12:40:49,333] [INFO] [controller] EPOCH 4 loss ppo:  -0.03184, loss val: 0.04125
[2022-11-24 12:40:49,342] [INFO] [runner_train_mujoco] Finished batch.
[2022-11-24 12:40:49,382] [INFO] [runner_train_mujoco] Starting simulation batch with mujoco.
[2022-11-24 12:40:49,382] [INFO] [runner_train_mujoco] Environment 0
[2022-11-24 12:40:53,401] [INFO] [runner_train_mujoco] Environment 1
[2022-11-24 12:40:57,229] [INFO] [runner_train_mujoco] Environment 2
[2022-11-24 12:41:01,191] [INFO] [runner_train_mujoco] Environment 3
[2022-11-24 12:41:05,175] [INFO] [runner_train_mujoco] Environment 4
[2022-11-24 12:41:08,969] [INFO] [runner_train_mujoco] Environment 5
[2022-11-24 12:41:13,235] [INFO] [runner_train_mujoco] Environment 6
[2022-11-24 12:41:17,185] [INFO] [runner_train_mujoco] Environment 7
[2022-11-24 12:41:21,026] [INFO] [runner_train_mujoco] Environment 8
[2022-11-24 12:41:25,283] [INFO] [runner_train_mujoco] Environment 9
[2022-11-24 12:41:29,288] [INFO] [runner_train_mujoco] Average cumulative reward after 150 steps: 4.892042585917231
[2022-11-24 12:41:29,289] [INFO] [runner_train_mujoco] Average state value: 0.43673134040832523
[2022-11-24 12:41:29,289] [INFO] [controller] ITERATION NUM: 36
[2022-11-24 12:41:29,343] [INFO] [controller] EPOCH 1 loss ppo:  -0.00984, loss val: 0.04310
[2022-11-24 12:41:29,387] [INFO] [controller] EPOCH 2 loss ppo:  -0.01371, loss val: 0.04349
[2022-11-24 12:41:29,430] [INFO] [controller] EPOCH 3 loss ppo:  -0.02045, loss val: 0.04152
[2022-11-24 12:41:29,472] [INFO] [controller] EPOCH 4 loss ppo:  -0.02364, loss val: 0.04138
[2022-11-24 12:41:29,481] [INFO] [runner_train_mujoco] Finished batch.
[2022-11-24 12:41:29,520] [INFO] [runner_train_mujoco] Starting simulation batch with mujoco.
[2022-11-24 12:41:29,521] [INFO] [runner_train_mujoco] Environment 0
[2022-11-24 12:41:33,503] [INFO] [runner_train_mujoco] Environment 1
[2022-11-24 12:41:37,344] [INFO] [runner_train_mujoco] Environment 2
[2022-11-24 12:41:41,368] [INFO] [runner_train_mujoco] Environment 3
[2022-11-24 12:41:44,845] [INFO] [runner_train_mujoco] Environment 4
[2022-11-24 12:41:48,237] [INFO] [runner_train_mujoco] Environment 5
[2022-11-24 12:41:51,889] [INFO] [runner_train_mujoco] Environment 6
[2022-11-24 12:41:55,648] [INFO] [runner_train_mujoco] Environment 7
[2022-11-24 12:41:59,228] [INFO] [runner_train_mujoco] Environment 8
[2022-11-24 12:42:02,717] [INFO] [runner_train_mujoco] Environment 9
[2022-11-24 12:42:06,137] [INFO] [runner_train_mujoco] Average cumulative reward after 150 steps: 5.015966880908992
[2022-11-24 12:42:06,137] [INFO] [runner_train_mujoco] Average state value: 0.4703853433529536
[2022-11-24 12:42:06,137] [INFO] [controller] ITERATION NUM: 37
[2022-11-24 12:42:06,184] [INFO] [controller] EPOCH 1 loss ppo:  -0.01005, loss val: 0.04799
[2022-11-24 12:42:06,224] [INFO] [controller] EPOCH 2 loss ppo:  -0.01894, loss val: 0.04944
[2022-11-24 12:42:06,267] [INFO] [controller] EPOCH 3 loss ppo:  -0.02217, loss val: 0.04869
[2022-11-24 12:42:06,307] [INFO] [controller] EPOCH 4 loss ppo:  -0.02752, loss val: 0.04882
[2022-11-24 12:42:06,316] [INFO] [runner_train_mujoco] Finished batch.
[2022-11-24 12:42:06,355] [INFO] [runner_train_mujoco] Starting simulation batch with mujoco.
[2022-11-24 12:42:06,356] [INFO] [runner_train_mujoco] Environment 0
[2022-11-24 12:42:09,911] [INFO] [runner_train_mujoco] Environment 1
[2022-11-24 12:42:13,338] [INFO] [runner_train_mujoco] Environment 2
[2022-11-24 12:42:16,804] [INFO] [runner_train_mujoco] Environment 3
[2022-11-24 12:42:20,417] [INFO] [runner_train_mujoco] Environment 4
[2022-11-24 12:42:23,850] [INFO] [runner_train_mujoco] Environment 5
[2022-11-24 12:42:27,278] [INFO] [runner_train_mujoco] Environment 6
[2022-11-24 12:42:30,590] [INFO] [runner_train_mujoco] Environment 7
[2022-11-24 12:42:33,922] [INFO] [runner_train_mujoco] Environment 8
[2022-11-24 12:42:37,005] [INFO] [runner_train_mujoco] Environment 9
[2022-11-24 12:42:40,337] [INFO] [runner_train_mujoco] Average cumulative reward after 150 steps: 4.845688412105643
[2022-11-24 12:42:40,337] [INFO] [runner_train_mujoco] Average state value: 0.4914840942223867
[2022-11-24 12:42:40,337] [INFO] [controller] ITERATION NUM: 38
[2022-11-24 12:42:40,382] [INFO] [controller] EPOCH 1 loss ppo:  -0.01196, loss val: 0.05613
[2022-11-24 12:42:40,422] [INFO] [controller] EPOCH 2 loss ppo:  -0.01660, loss val: 0.05581
[2022-11-24 12:42:40,462] [INFO] [controller] EPOCH 3 loss ppo:  -0.02405, loss val: 0.05506
[2022-11-24 12:42:40,502] [INFO] [controller] EPOCH 4 loss ppo:  -0.02820, loss val: 0.05369
[2022-11-24 12:42:40,509] [INFO] [runner_train_mujoco] Finished batch.
[2022-11-24 12:42:40,547] [INFO] [runner_train_mujoco] Starting simulation batch with mujoco.
[2022-11-24 12:42:40,547] [INFO] [runner_train_mujoco] Environment 0
[2022-11-24 12:42:43,650] [INFO] [runner_train_mujoco] Environment 1
[2022-11-24 12:42:46,816] [INFO] [runner_train_mujoco] Environment 2
[2022-11-24 12:42:50,126] [INFO] [runner_train_mujoco] Environment 3
[2022-11-24 12:42:53,468] [INFO] [runner_train_mujoco] Environment 4
[2022-11-24 12:42:56,546] [INFO] [runner_train_mujoco] Environment 5
[2022-11-24 12:42:59,694] [INFO] [runner_train_mujoco] Environment 6
[2022-11-24 12:43:02,970] [INFO] [runner_train_mujoco] Environment 7
[2022-11-24 12:43:06,835] [INFO] [runner_train_mujoco] Environment 8
[2022-11-24 12:43:10,652] [INFO] [runner_train_mujoco] Environment 9
[2022-11-24 12:43:14,365] [INFO] [runner_train_mujoco] Average cumulative reward after 150 steps: 5.0909775635614505
[2022-11-24 12:43:14,365] [INFO] [runner_train_mujoco] Average state value: 0.4645845065911611
[2022-11-24 12:43:14,365] [INFO] [controller] ITERATION NUM: 39
[2022-11-24 12:43:14,427] [INFO] [controller] EPOCH 1 loss ppo:  -0.01048, loss val: 0.04811
[2022-11-24 12:43:14,473] [INFO] [controller] EPOCH 2 loss ppo:  -0.01695, loss val: 0.04997
[2022-11-24 12:43:14,521] [INFO] [controller] EPOCH 3 loss ppo:  -0.02639, loss val: 0.04809
[2022-11-24 12:43:14,565] [INFO] [controller] EPOCH 4 loss ppo:  -0.02698, loss val: 0.04711
[2022-11-24 12:43:14,574] [INFO] [runner_train_mujoco] Finished batch.
[2022-11-24 12:43:14,614] [INFO] [runner_train_mujoco] Starting simulation batch with mujoco.
[2022-11-24 12:43:14,614] [INFO] [runner_train_mujoco] Environment 0
[2022-11-24 12:43:18,426] [INFO] [runner_train_mujoco] Environment 1
[2022-11-24 12:43:21,972] [INFO] [runner_train_mujoco] Environment 2
[2022-11-24 12:43:25,029] [INFO] [runner_train_mujoco] Environment 3
[2022-11-24 12:43:28,095] [INFO] [runner_train_mujoco] Environment 4
[2022-11-24 12:43:31,190] [INFO] [runner_train_mujoco] Environment 5
[2022-11-24 12:43:34,289] [INFO] [runner_train_mujoco] Environment 6
[2022-11-24 12:43:37,350] [INFO] [runner_train_mujoco] Environment 7
[2022-11-24 12:43:40,472] [INFO] [runner_train_mujoco] Environment 8
[2022-11-24 12:43:43,571] [INFO] [runner_train_mujoco] Environment 9
[2022-11-24 12:43:46,800] [INFO] [runner_train_mujoco] Average cumulative reward after 150 steps: 5.026652589073633
[2022-11-24 12:43:46,800] [INFO] [runner_train_mujoco] Average state value: 0.43028260656197864
[2022-11-24 12:43:46,800] [INFO] [controller] ITERATION NUM: 40
[2022-11-24 12:43:46,851] [INFO] [controller] EPOCH 1 loss ppo:  -0.01083, loss val: 0.04681
[2022-11-24 12:43:46,901] [INFO] [controller] EPOCH 2 loss ppo:  -0.01703, loss val: 0.04287
[2022-11-24 12:43:46,948] [INFO] [controller] EPOCH 3 loss ppo:  -0.02041, loss val: 0.04291
[2022-11-24 12:43:46,991] [INFO] [controller] EPOCH 4 loss ppo:  -0.02616, loss val: 0.04297
[2022-11-24 12:43:46,999] [INFO] [runner_train_mujoco] Finished batch.
[2022-11-24 12:43:47,035] [INFO] [runner_train_mujoco] Starting simulation batch with mujoco.
[2022-11-24 12:43:47,035] [INFO] [runner_train_mujoco] Environment 0
[2022-11-24 12:43:50,156] [INFO] [runner_train_mujoco] Environment 1
[2022-11-24 12:43:53,342] [INFO] [runner_train_mujoco] Environment 2
[2022-11-24 12:43:56,997] [INFO] [runner_train_mujoco] Environment 3
[2022-11-24 12:44:00,286] [INFO] [runner_train_mujoco] Environment 4
[2022-11-24 12:44:03,511] [INFO] [runner_train_mujoco] Environment 5
[2022-11-24 12:44:06,517] [INFO] [runner_train_mujoco] Environment 6
[2022-11-24 12:44:09,555] [INFO] [runner_train_mujoco] Environment 7
[2022-11-24 12:44:12,608] [INFO] [runner_train_mujoco] Environment 8
[2022-11-24 12:44:15,737] [INFO] [runner_train_mujoco] Environment 9
[2022-11-24 12:44:18,704] [INFO] [runner_train_mujoco] Average cumulative reward after 150 steps: 5.161842717917862
[2022-11-24 12:44:18,705] [INFO] [runner_train_mujoco] Average state value: 0.41844560168186823
[2022-11-24 12:44:18,705] [INFO] [controller] ITERATION NUM: 41
[2022-11-24 12:44:18,752] [INFO] [controller] EPOCH 1 loss ppo:  -0.01026, loss val: 0.04852
[2022-11-24 12:44:18,788] [INFO] [controller] EPOCH 2 loss ppo:  -0.01748, loss val: 0.04759
[2022-11-24 12:44:18,829] [INFO] [controller] EPOCH 3 loss ppo:  -0.01863, loss val: 0.04743
[2022-11-24 12:44:18,872] [INFO] [controller] EPOCH 4 loss ppo:  -0.02433, loss val: 0.04772
[2022-11-24 12:44:18,880] [INFO] [runner_train_mujoco] Finished batch.
[2022-11-24 12:44:18,919] [INFO] [runner_train_mujoco] Starting simulation batch with mujoco.
[2022-11-24 12:44:18,920] [INFO] [runner_train_mujoco] Environment 0
[2022-11-24 12:44:22,122] [INFO] [runner_train_mujoco] Environment 1
[2022-11-24 12:44:25,168] [INFO] [runner_train_mujoco] Environment 2
[2022-11-24 12:44:28,504] [INFO] [runner_train_mujoco] Environment 3
[2022-11-24 12:44:31,615] [INFO] [runner_train_mujoco] Environment 4
[2022-11-24 12:44:34,647] [INFO] [runner_train_mujoco] Environment 5
[2022-11-24 12:44:37,739] [INFO] [runner_train_mujoco] Environment 6
[2022-11-24 12:44:40,943] [INFO] [runner_train_mujoco] Environment 7
[2022-11-24 12:44:43,975] [INFO] [runner_train_mujoco] Environment 8
[2022-11-24 12:44:47,072] [INFO] [runner_train_mujoco] Environment 9
[2022-11-24 12:44:50,566] [INFO] [runner_train_mujoco] Average cumulative reward after 150 steps: 5.128159155032397
[2022-11-24 12:44:50,567] [INFO] [runner_train_mujoco] Average state value: 0.41358459788560864
[2022-11-24 12:44:50,567] [INFO] [controller] ITERATION NUM: 42
[2022-11-24 12:44:50,611] [INFO] [controller] EPOCH 1 loss ppo:  -0.00971, loss val: 0.04181
[2022-11-24 12:44:50,654] [INFO] [controller] EPOCH 2 loss ppo:  -0.01418, loss val: 0.04042
[2022-11-24 12:44:50,694] [INFO] [controller] EPOCH 3 loss ppo:  -0.02015, loss val: 0.04297
[2022-11-24 12:44:50,729] [INFO] [controller] EPOCH 4 loss ppo:  -0.02551, loss val: 0.04266
[2022-11-24 12:44:50,739] [INFO] [runner_train_mujoco] Finished batch.
[2022-11-24 12:44:50,776] [INFO] [runner_train_mujoco] Starting simulation batch with mujoco.
[2022-11-24 12:44:50,777] [INFO] [runner_train_mujoco] Environment 0
[2022-11-24 12:44:54,000] [INFO] [runner_train_mujoco] Environment 1
[2022-11-24 12:44:57,595] [INFO] [runner_train_mujoco] Environment 2
[2022-11-24 12:45:00,748] [INFO] [runner_train_mujoco] Environment 3
[2022-11-24 12:45:03,965] [INFO] [runner_train_mujoco] Environment 4
[2022-11-24 12:45:07,097] [INFO] [runner_train_mujoco] Environment 5
[2022-11-24 12:45:10,439] [INFO] [runner_train_mujoco] Environment 6
[2022-11-24 12:45:13,661] [INFO] [runner_train_mujoco] Environment 7
[2022-11-24 12:45:17,003] [INFO] [runner_train_mujoco] Environment 8
[2022-11-24 12:45:20,236] [INFO] [runner_train_mujoco] Environment 9
[2022-11-24 12:45:23,288] [INFO] [runner_train_mujoco] Average cumulative reward after 150 steps: 5.081621502528449
[2022-11-24 12:45:23,288] [INFO] [runner_train_mujoco] Average state value: 0.42106923111279804
[2022-11-24 12:45:23,288] [INFO] [controller] ITERATION NUM: 43
[2022-11-24 12:45:23,338] [INFO] [controller] EPOCH 1 loss ppo:  -0.01082, loss val: 0.04881
[2022-11-24 12:45:23,379] [INFO] [controller] EPOCH 2 loss ppo:  -0.01874, loss val: 0.04881
[2022-11-24 12:45:23,421] [INFO] [controller] EPOCH 3 loss ppo:  -0.02171, loss val: 0.04715
[2022-11-24 12:45:23,463] [INFO] [controller] EPOCH 4 loss ppo:  -0.02617, loss val: 0.04653
[2022-11-24 12:45:23,472] [INFO] [runner_train_mujoco] Finished batch.
[2022-11-24 12:45:23,510] [INFO] [runner_train_mujoco] Starting simulation batch with mujoco.
[2022-11-24 12:45:23,510] [INFO] [runner_train_mujoco] Environment 0
[2022-11-24 12:45:26,692] [INFO] [runner_train_mujoco] Environment 1
[2022-11-24 12:45:29,798] [INFO] [runner_train_mujoco] Environment 2
[2022-11-24 12:45:32,864] [INFO] [runner_train_mujoco] Environment 3
[2022-11-24 12:45:35,951] [INFO] [runner_train_mujoco] Environment 4
[2022-11-24 12:45:39,152] [INFO] [runner_train_mujoco] Environment 5
[2022-11-24 12:45:42,259] [INFO] [runner_train_mujoco] Environment 6
[2022-11-24 12:45:45,288] [INFO] [runner_train_mujoco] Environment 7
[2022-11-24 12:45:48,403] [INFO] [runner_train_mujoco] Environment 8
[2022-11-24 12:45:51,466] [INFO] [runner_train_mujoco] Environment 9
[2022-11-24 12:45:54,491] [INFO] [runner_train_mujoco] Average cumulative reward after 150 steps: 5.126613358989262
[2022-11-24 12:45:54,491] [INFO] [runner_train_mujoco] Average state value: 0.4367117142478625
[2022-11-24 12:45:54,491] [INFO] [controller] ITERATION NUM: 44
[2022-11-24 12:45:54,543] [INFO] [controller] EPOCH 1 loss ppo:  -0.01108, loss val: 0.04607
[2022-11-24 12:45:54,586] [INFO] [controller] EPOCH 2 loss ppo:  -0.01606, loss val: 0.04530
[2022-11-24 12:45:54,628] [INFO] [controller] EPOCH 3 loss ppo:  -0.01736, loss val: 0.04653
[2022-11-24 12:45:54,668] [INFO] [controller] EPOCH 4 loss ppo:  -0.02160, loss val: 0.04630
[2022-11-24 12:45:54,676] [INFO] [runner_train_mujoco] Finished batch.
[2022-11-24 12:45:54,710] [INFO] [runner_train_mujoco] Starting simulation batch with mujoco.
[2022-11-24 12:45:54,711] [INFO] [runner_train_mujoco] Environment 0
[2022-11-24 12:45:57,912] [INFO] [runner_train_mujoco] Environment 1
[2022-11-24 12:46:00,966] [INFO] [runner_train_mujoco] Environment 2
[2022-11-24 12:46:04,051] [INFO] [runner_train_mujoco] Environment 3
[2022-11-24 12:46:07,328] [INFO] [runner_train_mujoco] Environment 4
[2022-11-24 12:46:10,368] [INFO] [runner_train_mujoco] Environment 5
[2022-11-24 12:46:13,630] [INFO] [runner_train_mujoco] Environment 6
[2022-11-24 12:46:16,921] [INFO] [runner_train_mujoco] Environment 7
[2022-11-24 12:46:20,186] [INFO] [runner_train_mujoco] Environment 8
[2022-11-24 12:46:23,260] [INFO] [runner_train_mujoco] Environment 9
[2022-11-24 12:46:26,533] [INFO] [runner_train_mujoco] Average cumulative reward after 150 steps: 5.11754100276536
[2022-11-24 12:46:26,533] [INFO] [runner_train_mujoco] Average state value: 0.4402374373873075
[2022-11-24 12:46:26,534] [INFO] [controller] ITERATION NUM: 45
[2022-11-24 12:46:26,584] [INFO] [controller] EPOCH 1 loss ppo:  -0.01134, loss val: 0.03836
[2022-11-24 12:46:26,622] [INFO] [controller] EPOCH 2 loss ppo:  -0.01404, loss val: 0.03565
[2022-11-24 12:46:26,663] [INFO] [controller] EPOCH 3 loss ppo:  -0.01721, loss val: 0.03642
[2022-11-24 12:46:26,705] [INFO] [controller] EPOCH 4 loss ppo:  -0.02258, loss val: 0.03529
[2022-11-24 12:46:26,713] [INFO] [runner_train_mujoco] Finished batch.
[2022-11-24 12:46:26,750] [INFO] [runner_train_mujoco] Starting simulation batch with mujoco.
[2022-11-24 12:46:26,751] [INFO] [runner_train_mujoco] Environment 0
[2022-11-24 12:46:29,887] [INFO] [runner_train_mujoco] Environment 1
[2022-11-24 12:46:32,814] [INFO] [runner_train_mujoco] Environment 2
[2022-11-24 12:46:35,925] [INFO] [runner_train_mujoco] Environment 3
[2022-11-24 12:46:38,941] [INFO] [runner_train_mujoco] Environment 4
[2022-11-24 12:46:42,069] [INFO] [runner_train_mujoco] Environment 5
[2022-11-24 12:46:45,061] [INFO] [runner_train_mujoco] Environment 6
[2022-11-24 12:46:48,147] [INFO] [runner_train_mujoco] Environment 7
[2022-11-24 12:46:51,162] [INFO] [runner_train_mujoco] Environment 8
[2022-11-24 12:46:54,189] [INFO] [runner_train_mujoco] Environment 9
[2022-11-24 12:46:57,276] [INFO] [runner_train_mujoco] Average cumulative reward after 150 steps: 5.236266544364275
[2022-11-24 12:46:57,276] [INFO] [runner_train_mujoco] Average state value: 0.44662263582150147
[2022-11-24 12:46:57,276] [INFO] [controller] ITERATION NUM: 46
[2022-11-24 12:46:57,325] [INFO] [controller] EPOCH 1 loss ppo:  -0.01063, loss val: 0.04224
[2022-11-24 12:46:57,364] [INFO] [controller] EPOCH 2 loss ppo:  -0.01317, loss val: 0.04323
[2022-11-24 12:46:57,403] [INFO] [controller] EPOCH 3 loss ppo:  -0.01611, loss val: 0.04109
[2022-11-24 12:46:57,452] [INFO] [controller] EPOCH 4 loss ppo:  -0.02320, loss val: 0.04032
[2022-11-24 12:46:57,460] [INFO] [runner_train_mujoco] Finished batch.
[2022-11-24 12:46:57,499] [INFO] [runner_train_mujoco] Starting simulation batch with mujoco.
[2022-11-24 12:46:57,499] [INFO] [runner_train_mujoco] Environment 0
[2022-11-24 12:47:00,599] [INFO] [runner_train_mujoco] Environment 1
[2022-11-24 12:47:03,647] [INFO] [runner_train_mujoco] Environment 2
[2022-11-24 12:47:06,753] [INFO] [runner_train_mujoco] Environment 3
[2022-11-24 12:47:09,775] [INFO] [runner_train_mujoco] Environment 4
[2022-11-24 12:47:12,993] [INFO] [runner_train_mujoco] Environment 5
[2022-11-24 12:47:16,192] [INFO] [runner_train_mujoco] Environment 6
[2022-11-24 12:47:19,300] [INFO] [runner_train_mujoco] Environment 7
[2022-11-24 12:47:22,659] [INFO] [runner_train_mujoco] Environment 8
[2022-11-24 12:47:25,735] [INFO] [runner_train_mujoco] Environment 9
[2022-11-24 12:47:28,744] [INFO] [runner_train_mujoco] Average cumulative reward after 150 steps: 5.174686262558565
[2022-11-24 12:47:28,744] [INFO] [runner_train_mujoco] Average state value: 0.4395389672120412
[2022-11-24 12:47:28,744] [INFO] [controller] ITERATION NUM: 47
[2022-11-24 12:47:28,795] [INFO] [controller] EPOCH 1 loss ppo:  -0.00994, loss val: 0.05231
[2022-11-24 12:47:28,832] [INFO] [controller] EPOCH 2 loss ppo:  -0.01341, loss val: 0.05122
[2022-11-24 12:47:28,873] [INFO] [controller] EPOCH 3 loss ppo:  -0.01794, loss val: 0.05073
[2022-11-24 12:47:28,911] [INFO] [controller] EPOCH 4 loss ppo:  -0.01972, loss val: 0.05065
[2022-11-24 12:47:28,919] [INFO] [runner_train_mujoco] Finished batch.
[2022-11-24 12:47:28,947] [INFO] [runner_train_mujoco] Starting simulation batch with mujoco.
[2022-11-24 12:47:28,948] [INFO] [runner_train_mujoco] Environment 0
[2022-11-24 12:47:32,126] [INFO] [runner_train_mujoco] Environment 1
[2022-11-24 12:47:35,311] [INFO] [runner_train_mujoco] Environment 2
[2022-11-24 12:47:38,396] [INFO] [runner_train_mujoco] Environment 3
[2022-11-24 12:47:41,346] [INFO] [runner_train_mujoco] Environment 4
[2022-11-24 12:47:44,403] [INFO] [runner_train_mujoco] Environment 5
[2022-11-24 12:47:47,530] [INFO] [runner_train_mujoco] Environment 6
[2022-11-24 12:47:50,732] [INFO] [runner_train_mujoco] Environment 7
[2022-11-24 12:47:53,652] [INFO] [runner_train_mujoco] Environment 8
[2022-11-24 12:47:56,714] [INFO] [runner_train_mujoco] Environment 9
[2022-11-24 12:48:00,362] [INFO] [runner_train_mujoco] Average cumulative reward after 150 steps: 5.285392722211259
[2022-11-24 12:48:00,363] [INFO] [runner_train_mujoco] Average state value: 0.4196454612414042
[2022-11-24 12:48:00,363] [INFO] [controller] ITERATION NUM: 48
[2022-11-24 12:48:00,420] [INFO] [controller] EPOCH 1 loss ppo:  -0.01105, loss val: 0.04641
[2022-11-24 12:48:00,461] [INFO] [controller] EPOCH 2 loss ppo:  -0.01431, loss val: 0.04611
[2022-11-24 12:48:00,499] [INFO] [controller] EPOCH 3 loss ppo:  -0.01517, loss val: 0.04680
[2022-11-24 12:48:00,538] [INFO] [controller] EPOCH 4 loss ppo:  -0.01676, loss val: 0.04579
[2022-11-24 12:48:00,547] [INFO] [runner_train_mujoco] Finished batch.
[2022-11-24 12:48:00,586] [INFO] [runner_train_mujoco] Starting simulation batch with mujoco.
[2022-11-24 12:48:00,586] [INFO] [runner_train_mujoco] Environment 0
[2022-11-24 12:48:03,766] [INFO] [runner_train_mujoco] Environment 1
[2022-11-24 12:48:06,956] [INFO] [runner_train_mujoco] Environment 2
[2022-11-24 12:48:10,017] [INFO] [runner_train_mujoco] Environment 3
[2022-11-24 12:48:13,069] [INFO] [runner_train_mujoco] Environment 4
[2022-11-24 12:48:16,092] [INFO] [runner_train_mujoco] Environment 5
[2022-11-24 12:48:19,098] [INFO] [runner_train_mujoco] Environment 6
[2022-11-24 12:48:22,154] [INFO] [runner_train_mujoco] Environment 7
[2022-11-24 12:48:25,396] [INFO] [runner_train_mujoco] Environment 8
[2022-11-24 12:48:28,833] [INFO] [runner_train_mujoco] Environment 9
[2022-11-24 12:48:31,996] [INFO] [runner_train_mujoco] Average cumulative reward after 150 steps: 5.167880353585811
[2022-11-24 12:48:31,997] [INFO] [runner_train_mujoco] Average state value: 0.4028499541481336
[2022-11-24 12:48:31,997] [INFO] [controller] ITERATION NUM: 49
[2022-11-24 12:48:32,040] [INFO] [controller] EPOCH 1 loss ppo:  -0.01015, loss val: 0.03800
[2022-11-24 12:48:32,079] [INFO] [controller] EPOCH 2 loss ppo:  -0.01747, loss val: 0.03715
[2022-11-24 12:48:32,118] [INFO] [controller] EPOCH 3 loss ppo:  -0.01942, loss val: 0.03777
[2022-11-24 12:48:32,158] [INFO] [controller] EPOCH 4 loss ppo:  -0.02097, loss val: 0.03804
[2022-11-24 12:48:32,167] [INFO] [runner_train_mujoco] Finished batch.
[2022-11-24 12:48:32,198] [INFO] [runner_train_mujoco] Starting simulation batch with mujoco.
[2022-11-24 12:48:32,199] [INFO] [runner_train_mujoco] Environment 0
[2022-11-24 12:48:35,380] [INFO] [runner_train_mujoco] Environment 1
[2022-11-24 12:48:38,450] [INFO] [runner_train_mujoco] Environment 2
[2022-11-24 12:48:41,498] [INFO] [runner_train_mujoco] Environment 3
[2022-11-24 12:48:44,489] [INFO] [runner_train_mujoco] Environment 4
[2022-11-24 12:48:47,719] [INFO] [runner_train_mujoco] Environment 5
[2022-11-24 12:48:50,743] [INFO] [runner_train_mujoco] Environment 6
[2022-11-24 12:48:53,726] [INFO] [runner_train_mujoco] Environment 7
[2022-11-24 12:48:56,756] [INFO] [runner_train_mujoco] Environment 8
[2022-11-24 12:48:59,852] [INFO] [runner_train_mujoco] Environment 9
[2022-11-24 12:49:02,921] [INFO] [runner_train_mujoco] Average cumulative reward after 150 steps: 5.242415569817383
[2022-11-24 12:49:02,922] [INFO] [runner_train_mujoco] Average state value: 0.40913266432285306
[2022-11-24 12:49:02,922] [INFO] [controller] ITERATION NUM: 50
[2022-11-24 12:49:02,979] [INFO] [controller] EPOCH 1 loss ppo:  -0.01096, loss val: 0.05455
[2022-11-24 12:49:03,020] [INFO] [controller] EPOCH 2 loss ppo:  -0.01434, loss val: 0.05517
[2022-11-24 12:49:03,058] [INFO] [controller] EPOCH 3 loss ppo:  -0.01589, loss val: 0.05456
[2022-11-24 12:49:03,098] [INFO] [controller] EPOCH 4 loss ppo:  -0.02198, loss val: 0.05491
[2022-11-24 12:49:03,104] [INFO] [runner_train_mujoco] Finished batch.
[2022-11-24 12:49:03,138] [INFO] [runner_train_mujoco] Starting simulation batch with mujoco.
[2022-11-24 12:49:03,138] [INFO] [runner_train_mujoco] Environment 0
[2022-11-24 12:49:06,282] [INFO] [runner_train_mujoco] Environment 1
[2022-11-24 12:49:09,326] [INFO] [runner_train_mujoco] Environment 2
[2022-11-24 12:49:12,357] [INFO] [runner_train_mujoco] Environment 3
[2022-11-24 12:49:15,450] [INFO] [runner_train_mujoco] Environment 4
[2022-11-24 12:49:18,496] [INFO] [runner_train_mujoco] Environment 5
[2022-11-24 12:49:21,625] [INFO] [runner_train_mujoco] Environment 6
[2022-11-24 12:49:24,740] [INFO] [runner_train_mujoco] Environment 7
[2022-11-24 12:49:27,799] [INFO] [runner_train_mujoco] Environment 8
[2022-11-24 12:49:30,793] [INFO] [runner_train_mujoco] Environment 9
[2022-11-24 12:49:34,283] [INFO] [runner_train_mujoco] Average cumulative reward after 150 steps: 5.207285305149432
[2022-11-24 12:49:34,283] [INFO] [runner_train_mujoco] Average state value: 0.42067393640677136
[2022-11-24 12:49:34,283] [INFO] [controller] ITERATION NUM: 51
[2022-11-24 12:49:34,333] [INFO] [controller] EPOCH 1 loss ppo:  -0.01040, loss val: 0.05029
[2022-11-24 12:49:34,376] [INFO] [controller] EPOCH 2 loss ppo:  -0.01285, loss val: 0.04677
[2022-11-24 12:49:34,408] [INFO] [controller] EPOCH 3 loss ppo:  -0.01906, loss val: 0.05006
[2022-11-24 12:49:34,442] [INFO] [controller] EPOCH 4 loss ppo:  -0.02138, loss val: 0.05040
[2022-11-24 12:49:34,449] [INFO] [runner_train_mujoco] Finished batch.
[2022-11-24 12:49:34,488] [INFO] [runner_train_mujoco] Starting simulation batch with mujoco.
[2022-11-24 12:49:34,488] [INFO] [runner_train_mujoco] Environment 0
[2022-11-24 12:49:37,825] [INFO] [runner_train_mujoco] Environment 1
[2022-11-24 12:49:40,841] [INFO] [runner_train_mujoco] Environment 2
[2022-11-24 12:49:43,874] [INFO] [runner_train_mujoco] Environment 3
[2022-11-24 12:49:46,876] [INFO] [runner_train_mujoco] Environment 4
[2022-11-24 12:49:49,914] [INFO] [runner_train_mujoco] Environment 5
[2022-11-24 12:49:52,848] [INFO] [runner_train_mujoco] Environment 6
[2022-11-24 12:49:55,817] [INFO] [runner_train_mujoco] Environment 7
[2022-11-24 12:49:58,887] [INFO] [runner_train_mujoco] Environment 8
[2022-11-24 12:50:01,827] [INFO] [runner_train_mujoco] Environment 9
[2022-11-24 12:50:04,802] [INFO] [runner_train_mujoco] Average cumulative reward after 150 steps: 5.2971608657520575
[2022-11-24 12:50:04,802] [INFO] [runner_train_mujoco] Average state value: 0.4210536295175552
[2022-11-24 12:50:04,802] [INFO] [controller] ITERATION NUM: 52
[2022-11-24 12:50:04,845] [INFO] [controller] EPOCH 1 loss ppo:  -0.01106, loss val: 0.05295
[2022-11-24 12:50:04,886] [INFO] [controller] EPOCH 2 loss ppo:  -0.01428, loss val: 0.05472
[2022-11-24 12:50:04,928] [INFO] [controller] EPOCH 3 loss ppo:  -0.01558, loss val: 0.05316
[2022-11-24 12:50:04,965] [INFO] [controller] EPOCH 4 loss ppo:  -0.02093, loss val: 0.05252
[2022-11-24 12:50:04,973] [INFO] [runner_train_mujoco] Finished batch.
[2022-11-24 12:50:05,004] [INFO] [runner_train_mujoco] Starting simulation batch with mujoco.
[2022-11-24 12:50:05,004] [INFO] [runner_train_mujoco] Environment 0
[2022-11-24 12:50:08,034] [INFO] [runner_train_mujoco] Environment 1
[2022-11-24 12:50:11,029] [INFO] [runner_train_mujoco] Environment 2
[2022-11-24 12:50:13,951] [INFO] [runner_train_mujoco] Environment 3
[2022-11-24 12:50:16,999] [INFO] [runner_train_mujoco] Environment 4
[2022-11-24 12:50:19,961] [INFO] [runner_train_mujoco] Environment 5
[2022-11-24 12:50:23,112] [INFO] [runner_train_mujoco] Environment 6
[2022-11-24 12:50:26,119] [INFO] [runner_train_mujoco] Environment 7
[2022-11-24 12:50:29,324] [INFO] [runner_train_mujoco] Environment 8
[2022-11-24 12:50:32,383] [INFO] [runner_train_mujoco] Environment 9
[2022-11-24 12:50:35,478] [INFO] [runner_train_mujoco] Average cumulative reward after 150 steps: 5.410359334244674
[2022-11-24 12:50:35,478] [INFO] [runner_train_mujoco] Average state value: 0.4178992838462194
[2022-11-24 12:50:35,478] [INFO] [controller] ITERATION NUM: 53
[2022-11-24 12:50:35,530] [INFO] [controller] EPOCH 1 loss ppo:  -0.01004, loss val: 0.05553
[2022-11-24 12:50:35,579] [INFO] [controller] EPOCH 2 loss ppo:  -0.01269, loss val: 0.05646
[2022-11-24 12:50:35,623] [INFO] [controller] EPOCH 3 loss ppo:  -0.01578, loss val: 0.05620
[2022-11-24 12:50:35,661] [INFO] [controller] EPOCH 4 loss ppo:  -0.01893, loss val: 0.05738
[2022-11-24 12:50:35,670] [INFO] [runner_train_mujoco] Finished batch.
[2022-11-24 12:50:35,707] [INFO] [runner_train_mujoco] Starting simulation batch with mujoco.
[2022-11-24 12:50:35,708] [INFO] [runner_train_mujoco] Environment 0
[2022-11-24 12:50:38,929] [INFO] [runner_train_mujoco] Environment 1
[2022-11-24 12:50:42,151] [INFO] [runner_train_mujoco] Environment 2
[2022-11-24 12:50:45,767] [INFO] [runner_train_mujoco] Environment 3
[2022-11-24 12:50:50,604] [INFO] [runner_train_mujoco] Environment 4
[2022-11-24 12:50:54,868] [INFO] [runner_train_mujoco] Environment 5
[2022-11-24 12:50:58,416] [INFO] [runner_train_mujoco] Environment 6
[2022-11-24 12:51:01,923] [INFO] [runner_train_mujoco] Environment 7
[2022-11-24 12:51:05,347] [INFO] [runner_train_mujoco] Environment 8
[2022-11-24 12:51:08,755] [INFO] [runner_train_mujoco] Environment 9
[2022-11-24 12:51:12,212] [INFO] [runner_train_mujoco] Average cumulative reward after 150 steps: 5.231005944122133
[2022-11-24 12:51:12,212] [INFO] [runner_train_mujoco] Average state value: 0.4116534153819084
[2022-11-24 12:51:12,212] [INFO] [controller] ITERATION NUM: 54
[2022-11-24 12:51:12,267] [INFO] [controller] EPOCH 1 loss ppo:  -0.01030, loss val: 0.05449
[2022-11-24 12:51:12,327] [INFO] [controller] EPOCH 2 loss ppo:  -0.01367, loss val: 0.05409
[2022-11-24 12:51:12,372] [INFO] [controller] EPOCH 3 loss ppo:  -0.01551, loss val: 0.05432
[2022-11-24 12:51:12,408] [INFO] [controller] EPOCH 4 loss ppo:  -0.01717, loss val: 0.05454
[2022-11-24 12:51:12,417] [INFO] [runner_train_mujoco] Finished batch.
[2022-11-24 12:51:12,455] [INFO] [runner_train_mujoco] Starting simulation batch with mujoco.
[2022-11-24 12:51:12,456] [INFO] [runner_train_mujoco] Environment 0
[2022-11-24 12:51:15,892] [INFO] [runner_train_mujoco] Environment 1
[2022-11-24 12:51:19,127] [INFO] [runner_train_mujoco] Environment 2
[2022-11-24 12:51:22,402] [INFO] [runner_train_mujoco] Environment 3
[2022-11-24 12:51:25,709] [INFO] [runner_train_mujoco] Environment 4
[2022-11-24 12:51:29,015] [INFO] [runner_train_mujoco] Environment 5
[2022-11-24 12:51:32,576] [INFO] [runner_train_mujoco] Environment 6
[2022-11-24 12:51:36,148] [INFO] [runner_train_mujoco] Environment 7
[2022-11-24 12:51:39,548] [INFO] [runner_train_mujoco] Environment 8
[2022-11-24 12:51:43,029] [INFO] [runner_train_mujoco] Environment 9
[2022-11-24 12:51:46,691] [INFO] [runner_train_mujoco] Average cumulative reward after 150 steps: 5.349968384025122
[2022-11-24 12:51:46,691] [INFO] [runner_train_mujoco] Average state value: 0.40408609241247173
[2022-11-24 12:51:46,691] [INFO] [controller] ITERATION NUM: 55
[2022-11-24 12:51:46,742] [INFO] [controller] EPOCH 1 loss ppo:  -0.01012, loss val: 0.05517
[2022-11-24 12:51:46,783] [INFO] [controller] EPOCH 2 loss ppo:  -0.01124, loss val: 0.05405
[2022-11-24 12:51:46,824] [INFO] [controller] EPOCH 3 loss ppo:  -0.01360, loss val: 0.05516
[2022-11-24 12:51:46,867] [INFO] [controller] EPOCH 4 loss ppo:  -0.01575, loss val: 0.05415
[2022-11-24 12:51:46,876] [INFO] [runner_train_mujoco] Finished batch.
[2022-11-24 12:51:46,918] [INFO] [runner_train_mujoco] Starting simulation batch with mujoco.
[2022-11-24 12:51:46,918] [INFO] [runner_train_mujoco] Environment 0
[2022-11-24 12:51:50,272] [INFO] [runner_train_mujoco] Environment 1
[2022-11-24 12:51:53,718] [INFO] [runner_train_mujoco] Environment 2
[2022-11-24 12:51:57,256] [INFO] [runner_train_mujoco] Environment 3
[2022-11-24 12:52:00,674] [INFO] [runner_train_mujoco] Environment 4
[2022-11-24 12:52:04,122] [INFO] [runner_train_mujoco] Environment 5
[2022-11-24 12:52:07,601] [INFO] [runner_train_mujoco] Environment 6
[2022-11-24 12:52:11,101] [INFO] [runner_train_mujoco] Environment 7
[2022-11-24 12:52:14,689] [INFO] [runner_train_mujoco] Environment 8
[2022-11-24 12:52:18,127] [INFO] [runner_train_mujoco] Environment 9
[2022-11-24 12:52:21,688] [INFO] [runner_train_mujoco] Average cumulative reward after 150 steps: 5.371776771496082
[2022-11-24 12:52:21,688] [INFO] [runner_train_mujoco] Average state value: 0.40606244673331576
[2022-11-24 12:52:21,688] [INFO] [controller] ITERATION NUM: 56
[2022-11-24 12:52:21,740] [INFO] [controller] EPOCH 1 loss ppo:  -0.01035, loss val: 0.04575
[2022-11-24 12:52:21,783] [INFO] [controller] EPOCH 2 loss ppo:  -0.01265, loss val: 0.04569
[2022-11-24 12:52:21,829] [INFO] [controller] EPOCH 3 loss ppo:  -0.01561, loss val: 0.04592
[2022-11-24 12:52:21,873] [INFO] [controller] EPOCH 4 loss ppo:  -0.01868, loss val: 0.04645
[2022-11-24 12:52:21,883] [INFO] [runner_train_mujoco] Finished batch.
[2022-11-24 12:52:21,923] [INFO] [runner_train_mujoco] Starting simulation batch with mujoco.
[2022-11-24 12:52:21,924] [INFO] [runner_train_mujoco] Environment 0
[2022-11-24 12:52:25,448] [INFO] [runner_train_mujoco] Environment 1
[2022-11-24 12:52:28,752] [INFO] [runner_train_mujoco] Environment 2
[2022-11-24 12:52:32,012] [INFO] [runner_train_mujoco] Environment 3
[2022-11-24 12:52:35,391] [INFO] [runner_train_mujoco] Environment 4
[2022-11-24 12:52:38,929] [INFO] [runner_train_mujoco] Environment 5
[2022-11-24 12:52:42,357] [INFO] [runner_train_mujoco] Environment 6
[2022-11-24 12:52:45,662] [INFO] [runner_train_mujoco] Environment 7
[2022-11-24 12:52:48,903] [INFO] [runner_train_mujoco] Environment 8
[2022-11-24 12:52:52,186] [INFO] [runner_train_mujoco] Environment 9
[2022-11-24 12:52:55,638] [INFO] [runner_train_mujoco] Average cumulative reward after 150 steps: 5.50327072072068
[2022-11-24 12:52:55,638] [INFO] [runner_train_mujoco] Average state value: 0.406726793428262
[2022-11-24 12:52:55,638] [INFO] [controller] ITERATION NUM: 57
[2022-11-24 12:52:55,695] [INFO] [controller] EPOCH 1 loss ppo:  -0.01002, loss val: 0.05314
[2022-11-24 12:52:55,737] [INFO] [controller] EPOCH 2 loss ppo:  -0.01112, loss val: 0.05137
[2022-11-24 12:52:55,783] [INFO] [controller] EPOCH 3 loss ppo:  -0.01260, loss val: 0.05306
[2022-11-24 12:52:55,821] [INFO] [controller] EPOCH 4 loss ppo:  -0.01438, loss val: 0.05111
[2022-11-24 12:52:55,831] [INFO] [runner_train_mujoco] Finished batch.
[2022-11-24 12:52:55,867] [INFO] [runner_train_mujoco] Starting simulation batch with mujoco.
[2022-11-24 12:52:55,867] [INFO] [runner_train_mujoco] Environment 0
[2022-11-24 12:52:59,646] [INFO] [runner_train_mujoco] Environment 1
[2022-11-24 12:53:02,882] [INFO] [runner_train_mujoco] Environment 2
[2022-11-24 12:53:06,359] [INFO] [runner_train_mujoco] Environment 3
[2022-11-24 12:53:10,109] [INFO] [runner_train_mujoco] Environment 4
[2022-11-24 12:53:13,780] [INFO] [runner_train_mujoco] Environment 5
[2022-11-24 12:53:17,282] [INFO] [runner_train_mujoco] Environment 6
[2022-11-24 12:53:20,974] [INFO] [runner_train_mujoco] Environment 7
[2022-11-24 12:53:24,259] [INFO] [runner_train_mujoco] Environment 8
[2022-11-24 12:53:27,432] [INFO] [runner_train_mujoco] Environment 9
[2022-11-24 12:53:30,737] [INFO] [runner_train_mujoco] Average cumulative reward after 150 steps: 5.342671619876054
[2022-11-24 12:53:30,737] [INFO] [runner_train_mujoco] Average state value: 0.406406716744105
[2022-11-24 12:53:30,738] [INFO] [controller] ITERATION NUM: 58
[2022-11-24 12:53:30,785] [INFO] [controller] EPOCH 1 loss ppo:  -0.01033, loss val: 0.04654
[2022-11-24 12:53:30,827] [INFO] [controller] EPOCH 2 loss ppo:  -0.01128, loss val: 0.04445
[2022-11-24 12:53:30,870] [INFO] [controller] EPOCH 3 loss ppo:  -0.01280, loss val: 0.04460
[2022-11-24 12:53:30,909] [INFO] [controller] EPOCH 4 loss ppo:  -0.01469, loss val: 0.04466
[2022-11-24 12:53:30,918] [INFO] [runner_train_mujoco] Finished batch.
[2022-11-24 12:53:30,923] [INFO] [optimize] Finished learning.
