[2022-11-24 00:29:27,522] [INFO] [optimize] Starting learning
[2022-11-24 00:29:27,536] [INFO] [optimize] Starting learning process..
[2022-11-24 00:29:27,689] [INFO] [runner_train_mujoco] Starting simulation batch with mujoco.
[2022-11-24 00:29:27,690] [INFO] [runner_train_mujoco] Environment 0
[2022-11-24 00:29:33,593] [INFO] [runner_train_mujoco] Environment 1
[2022-11-24 00:29:38,469] [INFO] [runner_train_mujoco] Environment 2
[2022-11-24 00:29:43,665] [INFO] [runner_train_mujoco] Environment 3
[2022-11-24 00:29:48,319] [INFO] [runner_train_mujoco] Environment 4
[2022-11-24 00:29:52,944] [INFO] [runner_train_mujoco] Environment 5
[2022-11-24 00:29:57,815] [INFO] [runner_train_mujoco] Environment 6
[2022-11-24 00:30:02,640] [INFO] [runner_train_mujoco] Environment 7
[2022-11-24 00:30:07,647] [INFO] [runner_train_mujoco] Environment 8
[2022-11-24 00:30:12,407] [INFO] [runner_train_mujoco] Environment 9
[2022-11-24 00:30:17,182] [INFO] [runner_train_mujoco] Average cumulative reward after 150 steps: 0.21145915279454303
[2022-11-24 00:30:17,183] [INFO] [runner_train_mujoco] Average state value: -0.08993951787799596
[2022-11-24 00:30:17,183] [INFO] [controller] ITERATION NUM: 1
[2022-11-24 00:30:17,250] [INFO] [controller] EPOCH 1 loss ppo:  -0.01396, loss val: 0.51096
[2022-11-24 00:30:17,296] [INFO] [controller] EPOCH 2 loss ppo:  -0.02727, loss val: 0.48105
[2022-11-24 00:30:17,340] [INFO] [controller] EPOCH 3 loss ppo:  -0.03309, loss val: 0.39008
[2022-11-24 00:30:17,386] [INFO] [controller] EPOCH 4 loss ppo:  -0.03340, loss val: 0.35710
[2022-11-24 00:30:17,396] [INFO] [runner_train_mujoco] Finished batch.
[2022-11-24 00:30:17,434] [INFO] [runner_train_mujoco] Starting simulation batch with mujoco.
[2022-11-24 00:30:17,434] [INFO] [runner_train_mujoco] Environment 0
[2022-11-24 00:30:22,491] [INFO] [runner_train_mujoco] Environment 1
[2022-11-24 00:30:27,434] [INFO] [runner_train_mujoco] Environment 2
[2022-11-24 00:30:32,806] [INFO] [runner_train_mujoco] Environment 3
[2022-11-24 00:30:37,767] [INFO] [runner_train_mujoco] Environment 4
[2022-11-24 00:30:42,652] [INFO] [runner_train_mujoco] Environment 5
[2022-11-24 00:30:47,763] [INFO] [runner_train_mujoco] Environment 6
[2022-11-24 00:30:52,438] [INFO] [runner_train_mujoco] Environment 7
[2022-11-24 00:30:57,341] [INFO] [runner_train_mujoco] Environment 8
[2022-11-24 00:31:02,407] [INFO] [runner_train_mujoco] Environment 9
[2022-11-24 00:31:07,166] [INFO] [runner_train_mujoco] Average cumulative reward after 150 steps: 0.21102740210307883
[2022-11-24 00:31:07,166] [INFO] [runner_train_mujoco] Average state value: 0.09077548757443825
[2022-11-24 00:31:07,166] [INFO] [controller] ITERATION NUM: 2
[2022-11-24 00:31:07,227] [INFO] [controller] EPOCH 1 loss ppo:  -0.01361, loss val: 0.19323
[2022-11-24 00:31:07,273] [INFO] [controller] EPOCH 2 loss ppo:  -0.02919, loss val: 0.16520
[2022-11-24 00:31:07,317] [INFO] [controller] EPOCH 3 loss ppo:  -0.03300, loss val: 0.14576
[2022-11-24 00:31:07,362] [INFO] [controller] EPOCH 4 loss ppo:  -0.03682, loss val: 0.11626
[2022-11-24 00:31:07,371] [INFO] [runner_train_mujoco] Finished batch.
[2022-11-24 00:31:07,419] [INFO] [runner_train_mujoco] Starting simulation batch with mujoco.
[2022-11-24 00:31:07,419] [INFO] [runner_train_mujoco] Environment 0
[2022-11-24 00:31:12,469] [INFO] [runner_train_mujoco] Environment 1
[2022-11-24 00:31:17,628] [INFO] [runner_train_mujoco] Environment 2
[2022-11-24 00:31:22,447] [INFO] [runner_train_mujoco] Environment 3
[2022-11-24 00:31:27,202] [INFO] [runner_train_mujoco] Environment 4
[2022-11-24 00:31:32,277] [INFO] [runner_train_mujoco] Environment 5
[2022-11-24 00:31:37,317] [INFO] [runner_train_mujoco] Environment 6
[2022-11-24 00:31:42,017] [INFO] [runner_train_mujoco] Environment 7
[2022-11-24 00:31:46,643] [INFO] [runner_train_mujoco] Environment 8
[2022-11-24 00:31:51,565] [INFO] [runner_train_mujoco] Environment 9
[2022-11-24 00:31:56,336] [INFO] [runner_train_mujoco] Average cumulative reward after 150 steps: 0.18869676623945666
[2022-11-24 00:31:56,337] [INFO] [runner_train_mujoco] Average state value: 0.2543552282433957
[2022-11-24 00:31:56,337] [INFO] [controller] ITERATION NUM: 3
[2022-11-24 00:31:56,389] [INFO] [controller] EPOCH 1 loss ppo:  -0.01507, loss val: 0.14245
[2022-11-24 00:31:56,430] [INFO] [controller] EPOCH 2 loss ppo:  -0.02789, loss val: 0.11814
[2022-11-24 00:31:56,469] [INFO] [controller] EPOCH 3 loss ppo:  -0.03579, loss val: 0.10650
[2022-11-24 00:31:56,514] [INFO] [controller] EPOCH 4 loss ppo:  -0.03844, loss val: 0.08643
[2022-11-24 00:31:56,524] [INFO] [runner_train_mujoco] Finished batch.
[2022-11-24 00:31:56,571] [INFO] [runner_train_mujoco] Starting simulation batch with mujoco.
[2022-11-24 00:31:56,572] [INFO] [runner_train_mujoco] Environment 0
[2022-11-24 00:32:01,358] [INFO] [runner_train_mujoco] Environment 1
[2022-11-24 00:32:06,318] [INFO] [runner_train_mujoco] Environment 2
[2022-11-24 00:32:11,211] [INFO] [runner_train_mujoco] Environment 3
[2022-11-24 00:32:15,542] [INFO] [runner_train_mujoco] Environment 4
[2022-11-24 00:32:20,306] [INFO] [runner_train_mujoco] Environment 5
[2022-11-24 00:32:24,799] [INFO] [runner_train_mujoco] Environment 6
[2022-11-24 00:32:29,824] [INFO] [runner_train_mujoco] Environment 7
[2022-11-24 00:32:35,032] [INFO] [runner_train_mujoco] Environment 8
[2022-11-24 00:32:40,182] [INFO] [runner_train_mujoco] Environment 9
[2022-11-24 00:32:45,078] [INFO] [runner_train_mujoco] Average cumulative reward after 150 steps: 0.18908766993179268
[2022-11-24 00:32:45,078] [INFO] [runner_train_mujoco] Average state value: 0.4047271197338899
[2022-11-24 00:32:45,078] [INFO] [controller] ITERATION NUM: 4
[2022-11-24 00:32:45,131] [INFO] [controller] EPOCH 1 loss ppo:  -0.01113, loss val: 0.10565
[2022-11-24 00:32:45,171] [INFO] [controller] EPOCH 2 loss ppo:  -0.02332, loss val: 0.08754
[2022-11-24 00:32:45,212] [INFO] [controller] EPOCH 3 loss ppo:  -0.03121, loss val: 0.07132
[2022-11-24 00:32:45,255] [INFO] [controller] EPOCH 4 loss ppo:  -0.03503, loss val: 0.06012
[2022-11-24 00:32:45,264] [INFO] [runner_train_mujoco] Finished batch.
[2022-11-24 00:32:45,307] [INFO] [runner_train_mujoco] Starting simulation batch with mujoco.
[2022-11-24 00:32:45,307] [INFO] [runner_train_mujoco] Environment 0
[2022-11-24 00:32:50,133] [INFO] [runner_train_mujoco] Environment 1
[2022-11-24 00:32:54,983] [INFO] [runner_train_mujoco] Environment 2
[2022-11-24 00:32:59,709] [INFO] [runner_train_mujoco] Environment 3
[2022-11-24 00:33:04,246] [INFO] [runner_train_mujoco] Environment 4
[2022-11-24 00:33:08,723] [INFO] [runner_train_mujoco] Environment 5
[2022-11-24 00:33:13,589] [INFO] [runner_train_mujoco] Environment 6
[2022-11-24 00:33:18,442] [INFO] [runner_train_mujoco] Environment 7
[2022-11-24 00:33:23,438] [INFO] [runner_train_mujoco] Environment 8
[2022-11-24 00:33:28,196] [INFO] [runner_train_mujoco] Environment 9
[2022-11-24 00:33:33,217] [INFO] [runner_train_mujoco] Average cumulative reward after 150 steps: 0.19983229846146036
[2022-11-24 00:33:33,217] [INFO] [runner_train_mujoco] Average state value: 0.5710872557908295
[2022-11-24 00:33:33,218] [INFO] [controller] ITERATION NUM: 5
[2022-11-24 00:33:33,293] [INFO] [controller] EPOCH 1 loss ppo:  -0.00855, loss val: 0.06488
[2022-11-24 00:33:33,344] [INFO] [controller] EPOCH 2 loss ppo:  -0.01732, loss val: 0.05581
[2022-11-24 00:33:33,396] [INFO] [controller] EPOCH 3 loss ppo:  -0.02281, loss val: 0.05030
[2022-11-24 00:33:33,448] [INFO] [controller] EPOCH 4 loss ppo:  -0.02661, loss val: 0.04806
[2022-11-24 00:33:33,458] [INFO] [runner_train_mujoco] Finished batch.
[2022-11-24 00:33:33,499] [INFO] [runner_train_mujoco] Starting simulation batch with mujoco.
[2022-11-24 00:33:33,499] [INFO] [runner_train_mujoco] Environment 0
[2022-11-24 00:33:38,619] [INFO] [runner_train_mujoco] Environment 1
[2022-11-24 00:33:43,729] [INFO] [runner_train_mujoco] Environment 2
[2022-11-24 00:33:48,979] [INFO] [runner_train_mujoco] Environment 3
[2022-11-24 00:33:54,123] [INFO] [runner_train_mujoco] Environment 4
[2022-11-24 00:33:59,023] [INFO] [runner_train_mujoco] Environment 5
[2022-11-24 00:34:04,183] [INFO] [runner_train_mujoco] Environment 6
[2022-11-24 00:34:08,877] [INFO] [runner_train_mujoco] Environment 7
[2022-11-24 00:34:13,150] [INFO] [runner_train_mujoco] Environment 8
[2022-11-24 00:34:17,895] [INFO] [runner_train_mujoco] Environment 9
[2022-11-24 00:34:22,610] [INFO] [runner_train_mujoco] Average cumulative reward after 150 steps: 0.19625098226225182
[2022-11-24 00:34:22,611] [INFO] [runner_train_mujoco] Average state value: 0.7100261291861534
[2022-11-24 00:34:22,611] [INFO] [controller] ITERATION NUM: 6
[2022-11-24 00:34:22,661] [INFO] [controller] EPOCH 1 loss ppo:  -0.00573, loss val: 0.04972
[2022-11-24 00:34:22,702] [INFO] [controller] EPOCH 2 loss ppo:  -0.01647, loss val: 0.04720
[2022-11-24 00:34:22,757] [INFO] [controller] EPOCH 3 loss ppo:  -0.02446, loss val: 0.04650
[2022-11-24 00:34:22,800] [INFO] [controller] EPOCH 4 loss ppo:  -0.02778, loss val: 0.04640
[2022-11-24 00:34:22,809] [INFO] [runner_train_mujoco] Finished batch.
[2022-11-24 00:34:22,849] [INFO] [runner_train_mujoco] Starting simulation batch with mujoco.
[2022-11-24 00:34:22,849] [INFO] [runner_train_mujoco] Environment 0
[2022-11-24 00:34:27,644] [INFO] [runner_train_mujoco] Environment 1
[2022-11-24 00:34:32,556] [INFO] [runner_train_mujoco] Environment 2
[2022-11-24 00:34:37,935] [INFO] [runner_train_mujoco] Environment 3
[2022-11-24 00:34:42,848] [INFO] [runner_train_mujoco] Environment 4
[2022-11-24 00:34:48,291] [INFO] [runner_train_mujoco] Environment 5
[2022-11-24 00:34:53,221] [INFO] [runner_train_mujoco] Environment 6
[2022-11-24 00:34:57,406] [INFO] [runner_train_mujoco] Environment 7
[2022-11-24 00:35:02,388] [INFO] [runner_train_mujoco] Environment 8
[2022-11-24 00:35:07,524] [INFO] [runner_train_mujoco] Environment 9
[2022-11-24 00:35:11,980] [INFO] [runner_train_mujoco] Average cumulative reward after 150 steps: 0.17727990342713235
[2022-11-24 00:35:11,981] [INFO] [runner_train_mujoco] Average state value: 0.7661761798262596
[2022-11-24 00:35:11,981] [INFO] [controller] ITERATION NUM: 7
[2022-11-24 00:35:12,027] [INFO] [controller] EPOCH 1 loss ppo:  -0.00797, loss val: 0.04650
[2022-11-24 00:35:12,084] [INFO] [controller] EPOCH 2 loss ppo:  -0.01941, loss val: 0.04636
[2022-11-24 00:35:12,213] [INFO] [controller] EPOCH 3 loss ppo:  -0.02385, loss val: 0.04576
[2022-11-24 00:35:12,362] [INFO] [controller] EPOCH 4 loss ppo:  -0.02879, loss val: 0.04426
[2022-11-24 00:35:12,372] [INFO] [runner_train_mujoco] Finished batch.
[2022-11-24 00:35:12,427] [INFO] [runner_train_mujoco] Starting simulation batch with mujoco.
[2022-11-24 00:35:12,427] [INFO] [runner_train_mujoco] Environment 0
[2022-11-24 00:35:17,368] [INFO] [runner_train_mujoco] Environment 1
[2022-11-24 00:35:22,459] [INFO] [runner_train_mujoco] Environment 2
[2022-11-24 00:35:27,339] [INFO] [runner_train_mujoco] Environment 3
[2022-11-24 00:35:32,052] [INFO] [runner_train_mujoco] Environment 4
[2022-11-24 00:35:36,989] [INFO] [runner_train_mujoco] Environment 5
[2022-11-24 00:35:41,419] [INFO] [runner_train_mujoco] Environment 6
[2022-11-24 00:35:45,918] [INFO] [runner_train_mujoco] Environment 7
[2022-11-24 00:35:50,665] [INFO] [runner_train_mujoco] Environment 8
[2022-11-24 00:35:55,486] [INFO] [runner_train_mujoco] Environment 9
[2022-11-24 00:36:00,133] [INFO] [runner_train_mujoco] Average cumulative reward after 150 steps: 0.1790487698638593
[2022-11-24 00:36:00,133] [INFO] [runner_train_mujoco] Average state value: 0.7473229668537775
[2022-11-24 00:36:00,133] [INFO] [controller] ITERATION NUM: 8
[2022-11-24 00:36:00,195] [INFO] [controller] EPOCH 1 loss ppo:  -0.00702, loss val: 0.04352
[2022-11-24 00:36:00,237] [INFO] [controller] EPOCH 2 loss ppo:  -0.01464, loss val: 0.04118
[2022-11-24 00:36:00,284] [INFO] [controller] EPOCH 3 loss ppo:  -0.01998, loss val: 0.04058
[2022-11-24 00:36:00,330] [INFO] [controller] EPOCH 4 loss ppo:  -0.02382, loss val: 0.04001
[2022-11-24 00:36:00,340] [INFO] [runner_train_mujoco] Finished batch.
[2022-11-24 00:36:00,381] [INFO] [runner_train_mujoco] Starting simulation batch with mujoco.
[2022-11-24 00:36:00,382] [INFO] [runner_train_mujoco] Environment 0
[2022-11-24 00:36:05,499] [INFO] [runner_train_mujoco] Environment 1
[2022-11-24 00:36:10,412] [INFO] [runner_train_mujoco] Environment 2
[2022-11-24 00:36:15,066] [INFO] [runner_train_mujoco] Environment 3
[2022-11-24 00:36:19,794] [INFO] [runner_train_mujoco] Environment 4
[2022-11-24 00:36:24,263] [INFO] [runner_train_mujoco] Environment 5
[2022-11-24 00:36:28,485] [INFO] [runner_train_mujoco] Environment 6
[2022-11-24 00:36:33,530] [INFO] [runner_train_mujoco] Environment 7
[2022-11-24 00:36:38,393] [INFO] [runner_train_mujoco] Environment 8
[2022-11-24 00:36:43,116] [INFO] [runner_train_mujoco] Environment 9
[2022-11-24 00:36:47,899] [INFO] [runner_train_mujoco] Average cumulative reward after 150 steps: 0.24203808013311953
[2022-11-24 00:36:47,899] [INFO] [runner_train_mujoco] Average state value: 0.6885597630739212
[2022-11-24 00:36:47,899] [INFO] [controller] ITERATION NUM: 9
[2022-11-24 00:36:47,953] [INFO] [controller] EPOCH 1 loss ppo:  -0.00801, loss val: 0.03780
[2022-11-24 00:36:47,994] [INFO] [controller] EPOCH 2 loss ppo:  -0.02340, loss val: 0.03694
[2022-11-24 00:36:48,046] [INFO] [controller] EPOCH 3 loss ppo:  -0.02896, loss val: 0.03653
[2022-11-24 00:36:48,110] [INFO] [controller] EPOCH 4 loss ppo:  -0.03228, loss val: 0.03643
[2022-11-24 00:36:48,119] [INFO] [runner_train_mujoco] Finished batch.
[2022-11-24 00:36:48,161] [INFO] [runner_train_mujoco] Starting simulation batch with mujoco.
[2022-11-24 00:36:48,161] [INFO] [runner_train_mujoco] Environment 0
[2022-11-24 00:36:53,157] [INFO] [runner_train_mujoco] Environment 1
[2022-11-24 00:36:57,999] [INFO] [runner_train_mujoco] Environment 2
[2022-11-24 00:37:02,863] [INFO] [runner_train_mujoco] Environment 3
[2022-11-24 00:37:07,814] [INFO] [runner_train_mujoco] Environment 4
[2022-11-24 00:37:12,770] [INFO] [runner_train_mujoco] Environment 5
[2022-11-24 00:37:17,294] [INFO] [runner_train_mujoco] Environment 6
[2022-11-24 00:37:21,624] [INFO] [runner_train_mujoco] Environment 7
[2022-11-24 00:37:26,646] [INFO] [runner_train_mujoco] Environment 8
[2022-11-24 00:37:31,173] [INFO] [runner_train_mujoco] Environment 9
[2022-11-24 00:37:36,364] [INFO] [runner_train_mujoco] Average cumulative reward after 150 steps: 0.26605574955904343
[2022-11-24 00:37:36,364] [INFO] [runner_train_mujoco] Average state value: 0.6473326832056047
[2022-11-24 00:37:36,364] [INFO] [controller] ITERATION NUM: 10
[2022-11-24 00:37:36,425] [INFO] [controller] EPOCH 1 loss ppo:  -0.00934, loss val: 0.04063
[2022-11-24 00:37:36,471] [INFO] [controller] EPOCH 2 loss ppo:  -0.02282, loss val: 0.04001
[2022-11-24 00:37:36,520] [INFO] [controller] EPOCH 3 loss ppo:  -0.02502, loss val: 0.03988
[2022-11-24 00:37:36,676] [INFO] [controller] EPOCH 4 loss ppo:  -0.02794, loss val: 0.03881
[2022-11-24 00:37:36,695] [INFO] [runner_train_mujoco] Finished batch.
[2022-11-24 00:37:36,758] [INFO] [runner_train_mujoco] Starting simulation batch with mujoco.
[2022-11-24 00:37:36,759] [INFO] [runner_train_mujoco] Environment 0
[2022-11-24 00:37:41,539] [INFO] [runner_train_mujoco] Environment 1
[2022-11-24 00:37:46,232] [INFO] [runner_train_mujoco] Environment 2
[2022-11-24 00:37:51,021] [INFO] [runner_train_mujoco] Environment 3
[2022-11-24 00:37:55,952] [INFO] [runner_train_mujoco] Environment 4
[2022-11-24 00:38:00,946] [INFO] [runner_train_mujoco] Environment 5
[2022-11-24 00:38:06,014] [INFO] [runner_train_mujoco] Environment 6
[2022-11-24 00:38:10,953] [INFO] [runner_train_mujoco] Environment 7
[2022-11-24 00:38:15,464] [INFO] [runner_train_mujoco] Environment 8
[2022-11-24 00:38:20,380] [INFO] [runner_train_mujoco] Environment 9
[2022-11-24 00:38:24,804] [INFO] [runner_train_mujoco] Average cumulative reward after 150 steps: 0.2581840901379763
[2022-11-24 00:38:24,804] [INFO] [runner_train_mujoco] Average state value: 0.6682221432924271
[2022-11-24 00:38:24,805] [INFO] [controller] ITERATION NUM: 11
[2022-11-24 00:38:24,855] [INFO] [controller] EPOCH 1 loss ppo:  -0.00764, loss val: 0.04052
[2022-11-24 00:38:24,912] [INFO] [controller] EPOCH 2 loss ppo:  -0.02125, loss val: 0.04069
[2022-11-24 00:38:24,958] [INFO] [controller] EPOCH 3 loss ppo:  -0.02625, loss val: 0.04052
[2022-11-24 00:38:25,005] [INFO] [controller] EPOCH 4 loss ppo:  -0.03000, loss val: 0.04054
[2022-11-24 00:38:25,012] [INFO] [runner_train_mujoco] Finished batch.
[2022-11-24 00:38:25,052] [INFO] [runner_train_mujoco] Starting simulation batch with mujoco.
[2022-11-24 00:38:25,052] [INFO] [runner_train_mujoco] Environment 0
[2022-11-24 00:38:29,874] [INFO] [runner_train_mujoco] Environment 1
[2022-11-24 00:38:34,946] [INFO] [runner_train_mujoco] Environment 2
[2022-11-24 00:38:39,694] [INFO] [runner_train_mujoco] Environment 3
[2022-11-24 00:38:44,509] [INFO] [runner_train_mujoco] Environment 4
[2022-11-24 00:38:49,824] [INFO] [runner_train_mujoco] Environment 5
[2022-11-24 00:38:54,786] [INFO] [runner_train_mujoco] Environment 6
[2022-11-24 00:38:59,519] [INFO] [runner_train_mujoco] Environment 7
[2022-11-24 00:39:04,366] [INFO] [runner_train_mujoco] Environment 8
[2022-11-24 00:39:09,568] [INFO] [runner_train_mujoco] Environment 9
[2022-11-24 00:39:14,679] [INFO] [runner_train_mujoco] Average cumulative reward after 150 steps: 0.26900171762394864
[2022-11-24 00:39:14,680] [INFO] [runner_train_mujoco] Average state value: 0.6953996427456539
[2022-11-24 00:39:14,680] [INFO] [controller] ITERATION NUM: 12
[2022-11-24 00:39:14,735] [INFO] [controller] EPOCH 1 loss ppo:  -0.00600, loss val: 0.04119
[2022-11-24 00:39:14,780] [INFO] [controller] EPOCH 2 loss ppo:  -0.01286, loss val: 0.04188
[2022-11-24 00:39:14,834] [INFO] [controller] EPOCH 3 loss ppo:  -0.02079, loss val: 0.04344
[2022-11-24 00:39:14,882] [INFO] [controller] EPOCH 4 loss ppo:  -0.02491, loss val: 0.04134
[2022-11-24 00:39:14,892] [INFO] [runner_train_mujoco] Finished batch.
[2022-11-24 00:39:14,934] [INFO] [runner_train_mujoco] Starting simulation batch with mujoco.
[2022-11-24 00:39:14,935] [INFO] [runner_train_mujoco] Environment 0
[2022-11-24 00:39:19,612] [INFO] [runner_train_mujoco] Environment 1
[2022-11-24 00:39:24,251] [INFO] [runner_train_mujoco] Environment 2
[2022-11-24 00:39:29,391] [INFO] [runner_train_mujoco] Environment 3
[2022-11-24 00:39:34,283] [INFO] [runner_train_mujoco] Environment 4
[2022-11-24 00:39:39,173] [INFO] [runner_train_mujoco] Environment 5
[2022-11-24 00:39:44,076] [INFO] [runner_train_mujoco] Environment 6
[2022-11-24 00:39:48,820] [INFO] [runner_train_mujoco] Environment 7
[2022-11-24 00:39:53,402] [INFO] [runner_train_mujoco] Environment 8
[2022-11-24 00:39:58,119] [INFO] [runner_train_mujoco] Environment 9
[2022-11-24 00:40:03,067] [INFO] [runner_train_mujoco] Average cumulative reward after 150 steps: 0.2535728297770741
[2022-11-24 00:40:03,068] [INFO] [runner_train_mujoco] Average state value: 0.726278009235859
[2022-11-24 00:40:03,068] [INFO] [controller] ITERATION NUM: 13
[2022-11-24 00:40:03,129] [INFO] [controller] EPOCH 1 loss ppo:  -0.00809, loss val: 0.03662
[2022-11-24 00:40:03,174] [INFO] [controller] EPOCH 2 loss ppo:  -0.01801, loss val: 0.03394
[2022-11-24 00:40:03,217] [INFO] [controller] EPOCH 3 loss ppo:  -0.02318, loss val: 0.03349
[2022-11-24 00:40:03,263] [INFO] [controller] EPOCH 4 loss ppo:  -0.02564, loss val: 0.03374
[2022-11-24 00:40:03,272] [INFO] [runner_train_mujoco] Finished batch.
[2022-11-24 00:40:03,311] [INFO] [runner_train_mujoco] Starting simulation batch with mujoco.
[2022-11-24 00:40:03,312] [INFO] [runner_train_mujoco] Environment 0
[2022-11-24 00:40:08,561] [INFO] [runner_train_mujoco] Environment 1
[2022-11-24 00:40:13,552] [INFO] [runner_train_mujoco] Environment 2
[2022-11-24 00:40:18,306] [INFO] [runner_train_mujoco] Environment 3
[2022-11-24 00:40:22,906] [INFO] [runner_train_mujoco] Environment 4
[2022-11-24 00:40:27,179] [INFO] [runner_train_mujoco] Environment 5
[2022-11-24 00:40:32,074] [INFO] [runner_train_mujoco] Environment 6
[2022-11-24 00:40:36,961] [INFO] [runner_train_mujoco] Environment 7
[2022-11-24 00:40:41,341] [INFO] [runner_train_mujoco] Environment 8
[2022-11-24 00:40:46,074] [INFO] [runner_train_mujoco] Environment 9
[2022-11-24 00:40:50,919] [INFO] [runner_train_mujoco] Average cumulative reward after 150 steps: 0.19913233133643438
[2022-11-24 00:40:50,919] [INFO] [runner_train_mujoco] Average state value: 0.7373316649595897
[2022-11-24 00:40:50,919] [INFO] [controller] ITERATION NUM: 14
[2022-11-24 00:40:50,982] [INFO] [controller] EPOCH 1 loss ppo:  -0.00838, loss val: 0.04688
[2022-11-24 00:40:51,022] [INFO] [controller] EPOCH 2 loss ppo:  -0.01844, loss val: 0.04422
[2022-11-24 00:40:51,066] [INFO] [controller] EPOCH 3 loss ppo:  -0.02311, loss val: 0.04111
[2022-11-24 00:40:51,110] [INFO] [controller] EPOCH 4 loss ppo:  -0.02596, loss val: 0.03779
[2022-11-24 00:40:51,119] [INFO] [runner_train_mujoco] Finished batch.
[2022-11-24 00:40:51,161] [INFO] [runner_train_mujoco] Starting simulation batch with mujoco.
[2022-11-24 00:40:51,162] [INFO] [runner_train_mujoco] Environment 0
[2022-11-24 00:40:55,731] [INFO] [runner_train_mujoco] Environment 1
[2022-11-24 00:41:00,786] [INFO] [runner_train_mujoco] Environment 2
[2022-11-24 00:41:05,696] [INFO] [runner_train_mujoco] Environment 3
[2022-11-24 00:41:10,618] [INFO] [runner_train_mujoco] Environment 4
[2022-11-24 00:41:15,724] [INFO] [runner_train_mujoco] Environment 5
[2022-11-24 00:41:20,492] [INFO] [runner_train_mujoco] Environment 6
[2022-11-24 00:41:25,228] [INFO] [runner_train_mujoco] Environment 7
[2022-11-24 00:41:30,572] [INFO] [runner_train_mujoco] Environment 8
[2022-11-24 00:41:37,435] [INFO] [runner_train_mujoco] Environment 9
[2022-11-24 00:41:43,422] [INFO] [runner_train_mujoco] Average cumulative reward after 150 steps: 0.3707847282893031
[2022-11-24 00:41:43,422] [INFO] [runner_train_mujoco] Average state value: 0.6529287662307423
[2022-11-24 00:41:43,423] [INFO] [controller] ITERATION NUM: 15
[2022-11-24 00:41:43,488] [INFO] [controller] EPOCH 1 loss ppo:  -0.00939, loss val: 0.03766
[2022-11-24 00:41:43,543] [INFO] [controller] EPOCH 2 loss ppo:  -0.01638, loss val: 0.03739
[2022-11-24 00:41:43,598] [INFO] [controller] EPOCH 3 loss ppo:  -0.01871, loss val: 0.03737
[2022-11-24 00:41:43,651] [INFO] [controller] EPOCH 4 loss ppo:  -0.02174, loss val: 0.03797
[2022-11-24 00:41:43,662] [INFO] [runner_train_mujoco] Finished batch.
[2022-11-24 00:41:43,707] [INFO] [runner_train_mujoco] Starting simulation batch with mujoco.
[2022-11-24 00:41:43,708] [INFO] [runner_train_mujoco] Environment 0
[2022-11-24 00:41:50,043] [INFO] [runner_train_mujoco] Environment 1
[2022-11-24 00:41:56,091] [INFO] [runner_train_mujoco] Environment 2
[2022-11-24 00:42:01,994] [INFO] [runner_train_mujoco] Environment 3
[2022-11-24 00:42:07,411] [INFO] [runner_train_mujoco] Environment 4
[2022-11-24 00:42:12,976] [INFO] [runner_train_mujoco] Environment 5
[2022-11-24 00:42:18,352] [INFO] [runner_train_mujoco] Environment 6
[2022-11-24 00:42:23,731] [INFO] [runner_train_mujoco] Environment 7
[2022-11-24 00:42:29,096] [INFO] [runner_train_mujoco] Environment 8
[2022-11-24 00:42:34,468] [INFO] [runner_train_mujoco] Environment 9
[2022-11-24 00:42:40,032] [INFO] [runner_train_mujoco] Average cumulative reward after 150 steps: 0.48658324528715263
[2022-11-24 00:42:40,032] [INFO] [runner_train_mujoco] Average state value: 0.5920449673930804
[2022-11-24 00:42:40,032] [INFO] [controller] ITERATION NUM: 16
[2022-11-24 00:42:40,097] [INFO] [controller] EPOCH 1 loss ppo:  -0.00977, loss val: 0.04020
[2022-11-24 00:42:40,148] [INFO] [controller] EPOCH 2 loss ppo:  -0.02177, loss val: 0.03885
[2022-11-24 00:42:40,199] [INFO] [controller] EPOCH 3 loss ppo:  -0.02739, loss val: 0.03992
[2022-11-24 00:42:40,246] [INFO] [controller] EPOCH 4 loss ppo:  -0.03205, loss val: 0.03959
[2022-11-24 00:42:40,257] [INFO] [runner_train_mujoco] Finished batch.
[2022-11-24 00:42:40,299] [INFO] [runner_train_mujoco] Starting simulation batch with mujoco.
[2022-11-24 00:42:40,300] [INFO] [runner_train_mujoco] Environment 0
[2022-11-24 00:42:45,895] [INFO] [runner_train_mujoco] Environment 1
[2022-11-24 00:42:51,505] [INFO] [runner_train_mujoco] Environment 2
[2022-11-24 00:42:56,984] [INFO] [runner_train_mujoco] Environment 3
[2022-11-24 00:43:02,429] [INFO] [runner_train_mujoco] Environment 4
[2022-11-24 00:43:07,685] [INFO] [runner_train_mujoco] Environment 5
[2022-11-24 00:43:12,948] [INFO] [runner_train_mujoco] Environment 6
[2022-11-24 00:43:17,874] [INFO] [runner_train_mujoco] Environment 7
[2022-11-24 00:43:22,974] [INFO] [runner_train_mujoco] Environment 8
[2022-11-24 00:43:28,395] [INFO] [runner_train_mujoco] Environment 9
[2022-11-24 00:43:34,036] [INFO] [runner_train_mujoco] Average cumulative reward after 150 steps: 0.4325884655898595
[2022-11-24 00:43:34,036] [INFO] [runner_train_mujoco] Average state value: 0.6055974817276002
[2022-11-24 00:43:34,037] [INFO] [controller] ITERATION NUM: 17
[2022-11-24 00:43:34,110] [INFO] [controller] EPOCH 1 loss ppo:  -0.00926, loss val: 0.03965
[2022-11-24 00:43:34,162] [INFO] [controller] EPOCH 2 loss ppo:  -0.02081, loss val: 0.03904
[2022-11-24 00:43:34,212] [INFO] [controller] EPOCH 3 loss ppo:  -0.02958, loss val: 0.03759
[2022-11-24 00:43:34,259] [INFO] [controller] EPOCH 4 loss ppo:  -0.03367, loss val: 0.03826
[2022-11-24 00:43:34,269] [INFO] [runner_train_mujoco] Finished batch.
[2022-11-24 00:43:34,315] [INFO] [runner_train_mujoco] Starting simulation batch with mujoco.
[2022-11-24 00:43:34,316] [INFO] [runner_train_mujoco] Environment 0
[2022-11-24 00:43:39,821] [INFO] [runner_train_mujoco] Environment 1
[2022-11-24 00:43:45,048] [INFO] [runner_train_mujoco] Environment 2
[2022-11-24 00:43:50,533] [INFO] [runner_train_mujoco] Environment 3
[2022-11-24 00:43:56,442] [INFO] [runner_train_mujoco] Environment 4
[2022-11-24 00:44:01,747] [INFO] [runner_train_mujoco] Environment 5
[2022-11-24 00:44:06,753] [INFO] [runner_train_mujoco] Environment 6
[2022-11-24 00:44:11,932] [INFO] [runner_train_mujoco] Environment 7
[2022-11-24 00:44:17,444] [INFO] [runner_train_mujoco] Environment 8
[2022-11-24 00:44:22,396] [INFO] [runner_train_mujoco] Environment 9
[2022-11-24 00:44:27,511] [INFO] [runner_train_mujoco] Average cumulative reward after 150 steps: 0.7409357445990361
[2022-11-24 00:44:27,511] [INFO] [runner_train_mujoco] Average state value: 0.6506116288105647
[2022-11-24 00:44:27,511] [INFO] [controller] ITERATION NUM: 18
[2022-11-24 00:44:27,613] [INFO] [controller] EPOCH 1 loss ppo:  -0.01197, loss val: 0.04241
[2022-11-24 00:44:27,677] [INFO] [controller] EPOCH 2 loss ppo:  -0.02264, loss val: 0.04251
[2022-11-24 00:44:27,729] [INFO] [controller] EPOCH 3 loss ppo:  -0.02400, loss val: 0.04244
[2022-11-24 00:44:27,785] [INFO] [controller] EPOCH 4 loss ppo:  -0.02918, loss val: 0.04340
[2022-11-24 00:44:27,795] [INFO] [runner_train_mujoco] Finished batch.
[2022-11-24 00:44:27,839] [INFO] [runner_train_mujoco] Starting simulation batch with mujoco.
[2022-11-24 00:44:27,839] [INFO] [runner_train_mujoco] Environment 0
[2022-11-24 00:44:33,493] [INFO] [runner_train_mujoco] Environment 1
[2022-11-24 00:44:38,968] [INFO] [runner_train_mujoco] Environment 2
[2022-11-24 00:44:44,431] [INFO] [runner_train_mujoco] Environment 3
[2022-11-24 00:44:49,944] [INFO] [runner_train_mujoco] Environment 4
[2022-11-24 00:44:55,093] [INFO] [runner_train_mujoco] Environment 5
[2022-11-24 00:45:00,814] [INFO] [runner_train_mujoco] Environment 6
[2022-11-24 00:45:06,209] [INFO] [runner_train_mujoco] Environment 7
[2022-11-24 00:45:11,730] [INFO] [runner_train_mujoco] Environment 8
[2022-11-24 00:45:16,874] [INFO] [runner_train_mujoco] Environment 9
[2022-11-24 00:45:22,054] [INFO] [runner_train_mujoco] Average cumulative reward after 150 steps: 0.7579812256928224
[2022-11-24 00:45:22,054] [INFO] [runner_train_mujoco] Average state value: 0.6705809384385745
[2022-11-24 00:45:22,054] [INFO] [controller] ITERATION NUM: 19
[2022-11-24 00:45:22,119] [INFO] [controller] EPOCH 1 loss ppo:  -0.01064, loss val: 0.03814
[2022-11-24 00:45:22,172] [INFO] [controller] EPOCH 2 loss ppo:  -0.02515, loss val: 0.03842
[2022-11-24 00:45:22,224] [INFO] [controller] EPOCH 3 loss ppo:  -0.03231, loss val: 0.03727
[2022-11-24 00:45:22,283] [INFO] [controller] EPOCH 4 loss ppo:  -0.03598, loss val: 0.03722
[2022-11-24 00:45:22,293] [INFO] [runner_train_mujoco] Finished batch.
[2022-11-24 00:45:22,339] [INFO] [runner_train_mujoco] Starting simulation batch with mujoco.
[2022-11-24 00:45:22,339] [INFO] [runner_train_mujoco] Environment 0
[2022-11-24 00:45:27,776] [INFO] [runner_train_mujoco] Environment 1
[2022-11-24 00:45:33,465] [INFO] [runner_train_mujoco] Environment 2
[2022-11-24 00:45:38,834] [INFO] [runner_train_mujoco] Environment 3
[2022-11-24 00:45:44,207] [INFO] [runner_train_mujoco] Environment 4
[2022-11-24 00:45:49,675] [INFO] [runner_train_mujoco] Environment 5
[2022-11-24 00:45:54,903] [INFO] [runner_train_mujoco] Environment 6
[2022-11-24 00:46:00,358] [INFO] [runner_train_mujoco] Environment 7
[2022-11-24 00:46:06,037] [INFO] [runner_train_mujoco] Environment 8
[2022-11-24 00:46:11,322] [INFO] [runner_train_mujoco] Environment 9
[2022-11-24 00:46:16,725] [INFO] [runner_train_mujoco] Average cumulative reward after 150 steps: 0.8623133624434708
[2022-11-24 00:46:16,726] [INFO] [runner_train_mujoco] Average state value: 0.6710145701567333
[2022-11-24 00:46:16,726] [INFO] [controller] ITERATION NUM: 20
[2022-11-24 00:46:16,811] [INFO] [controller] EPOCH 1 loss ppo:  -0.01136, loss val: 0.03770
[2022-11-24 00:46:16,872] [INFO] [controller] EPOCH 2 loss ppo:  -0.02026, loss val: 0.03850
[2022-11-24 00:46:16,950] [INFO] [controller] EPOCH 3 loss ppo:  -0.02639, loss val: 0.03759
[2022-11-24 00:46:17,007] [INFO] [controller] EPOCH 4 loss ppo:  -0.03319, loss val: 0.03791
[2022-11-24 00:46:17,017] [INFO] [runner_train_mujoco] Finished batch.
[2022-11-24 00:46:17,063] [INFO] [runner_train_mujoco] Starting simulation batch with mujoco.
[2022-11-24 00:46:17,063] [INFO] [runner_train_mujoco] Environment 0
[2022-11-24 00:46:22,306] [INFO] [runner_train_mujoco] Environment 1
[2022-11-24 00:46:27,327] [INFO] [runner_train_mujoco] Environment 2
[2022-11-24 00:46:33,004] [INFO] [runner_train_mujoco] Environment 3
[2022-11-24 00:46:38,564] [INFO] [runner_train_mujoco] Environment 4
[2022-11-24 00:46:43,789] [INFO] [runner_train_mujoco] Environment 5
[2022-11-24 00:46:49,015] [INFO] [runner_train_mujoco] Environment 6
[2022-11-24 00:46:54,084] [INFO] [runner_train_mujoco] Environment 7
[2022-11-24 00:46:59,384] [INFO] [runner_train_mujoco] Environment 8
[2022-11-24 00:47:04,673] [INFO] [runner_train_mujoco] Environment 9
[2022-11-24 00:47:10,205] [INFO] [runner_train_mujoco] Average cumulative reward after 150 steps: 0.9376507938058503
[2022-11-24 00:47:10,205] [INFO] [runner_train_mujoco] Average state value: 0.6509532244602838
[2022-11-24 00:47:10,205] [INFO] [controller] ITERATION NUM: 21
[2022-11-24 00:47:10,273] [INFO] [controller] EPOCH 1 loss ppo:  -0.01166, loss val: 0.03964
[2022-11-24 00:47:10,333] [INFO] [controller] EPOCH 2 loss ppo:  -0.02323, loss val: 0.03960
[2022-11-24 00:47:10,380] [INFO] [controller] EPOCH 3 loss ppo:  -0.02743, loss val: 0.04104
[2022-11-24 00:47:10,447] [INFO] [controller] EPOCH 4 loss ppo:  -0.03292, loss val: 0.03987
[2022-11-24 00:47:10,457] [INFO] [runner_train_mujoco] Finished batch.
[2022-11-24 00:47:10,499] [INFO] [runner_train_mujoco] Starting simulation batch with mujoco.
[2022-11-24 00:47:10,499] [INFO] [runner_train_mujoco] Environment 0
[2022-11-24 00:47:15,768] [INFO] [runner_train_mujoco] Environment 1
[2022-11-24 00:47:21,080] [INFO] [runner_train_mujoco] Environment 2
[2022-11-24 00:47:26,162] [INFO] [runner_train_mujoco] Environment 3
[2022-11-24 00:47:31,529] [INFO] [runner_train_mujoco] Environment 4
[2022-11-24 00:47:37,056] [INFO] [runner_train_mujoco] Environment 5
[2022-11-24 00:47:42,862] [INFO] [runner_train_mujoco] Environment 6
[2022-11-24 00:47:48,090] [INFO] [runner_train_mujoco] Environment 7
[2022-11-24 00:47:53,148] [INFO] [runner_train_mujoco] Environment 8
[2022-11-24 00:47:58,070] [INFO] [runner_train_mujoco] Environment 9
[2022-11-24 00:48:03,232] [INFO] [runner_train_mujoco] Average cumulative reward after 150 steps: 0.9743339479205118
[2022-11-24 00:48:03,232] [INFO] [runner_train_mujoco] Average state value: 0.6254507451852163
[2022-11-24 00:48:03,233] [INFO] [controller] ITERATION NUM: 22
[2022-11-24 00:48:03,294] [INFO] [controller] EPOCH 1 loss ppo:  -0.01212, loss val: 0.03525
[2022-11-24 00:48:03,336] [INFO] [controller] EPOCH 2 loss ppo:  -0.02007, loss val: 0.03514
[2022-11-24 00:48:03,379] [INFO] [controller] EPOCH 3 loss ppo:  -0.02838, loss val: 0.03425
[2022-11-24 00:48:03,423] [INFO] [controller] EPOCH 4 loss ppo:  -0.03143, loss val: 0.03347
[2022-11-24 00:48:03,432] [INFO] [runner_train_mujoco] Finished batch.
[2022-11-24 00:48:03,484] [INFO] [runner_train_mujoco] Starting simulation batch with mujoco.
[2022-11-24 00:48:03,484] [INFO] [runner_train_mujoco] Environment 0
[2022-11-24 00:48:09,060] [INFO] [runner_train_mujoco] Environment 1
[2022-11-24 00:48:14,435] [INFO] [runner_train_mujoco] Environment 2
[2022-11-24 00:48:19,990] [INFO] [runner_train_mujoco] Environment 3
[2022-11-24 00:48:25,232] [INFO] [runner_train_mujoco] Environment 4
[2022-11-24 00:48:30,337] [INFO] [runner_train_mujoco] Environment 5
[2022-11-24 00:48:35,888] [INFO] [runner_train_mujoco] Environment 6
[2022-11-24 00:48:41,283] [INFO] [runner_train_mujoco] Environment 7
[2022-11-24 00:48:46,922] [INFO] [runner_train_mujoco] Environment 8
[2022-11-24 00:48:52,482] [INFO] [runner_train_mujoco] Environment 9
[2022-11-24 00:48:57,877] [INFO] [runner_train_mujoco] Average cumulative reward after 150 steps: 1.0937825751970254
[2022-11-24 00:48:57,877] [INFO] [runner_train_mujoco] Average state value: 0.6525860604842504
[2022-11-24 00:48:57,878] [INFO] [controller] ITERATION NUM: 23
[2022-11-24 00:48:57,934] [INFO] [controller] EPOCH 1 loss ppo:  -0.01249, loss val: 0.03992
[2022-11-24 00:48:58,056] [INFO] [controller] EPOCH 2 loss ppo:  -0.02122, loss val: 0.04030
[2022-11-24 00:48:58,106] [INFO] [controller] EPOCH 3 loss ppo:  -0.02659, loss val: 0.04133
[2022-11-24 00:48:58,154] [INFO] [controller] EPOCH 4 loss ppo:  -0.03168, loss val: 0.04180
[2022-11-24 00:48:58,164] [INFO] [runner_train_mujoco] Finished batch.
[2022-11-24 00:48:58,206] [INFO] [runner_train_mujoco] Starting simulation batch with mujoco.
[2022-11-24 00:48:58,206] [INFO] [runner_train_mujoco] Environment 0
[2022-11-24 00:49:03,968] [INFO] [runner_train_mujoco] Environment 1
[2022-11-24 00:49:09,413] [INFO] [runner_train_mujoco] Environment 2
[2022-11-24 00:49:15,634] [INFO] [runner_train_mujoco] Environment 3
[2022-11-24 00:49:21,151] [INFO] [runner_train_mujoco] Environment 4
[2022-11-24 00:49:26,845] [INFO] [runner_train_mujoco] Environment 5
[2022-11-24 00:49:32,416] [INFO] [runner_train_mujoco] Environment 6
[2022-11-24 00:49:37,957] [INFO] [runner_train_mujoco] Environment 7
[2022-11-24 00:49:43,405] [INFO] [runner_train_mujoco] Environment 8
[2022-11-24 00:49:48,566] [INFO] [runner_train_mujoco] Environment 9
[2022-11-24 00:49:53,919] [INFO] [runner_train_mujoco] Average cumulative reward after 150 steps: 1.3412694665397769
[2022-11-24 00:49:53,920] [INFO] [runner_train_mujoco] Average state value: 0.6877240892251332
[2022-11-24 00:49:53,920] [INFO] [controller] ITERATION NUM: 24
[2022-11-24 00:49:54,243] [INFO] [controller] EPOCH 1 loss ppo:  -0.01213, loss val: 0.04408
[2022-11-24 00:49:54,344] [INFO] [controller] EPOCH 2 loss ppo:  -0.02127, loss val: 0.04408
[2022-11-24 00:49:54,442] [INFO] [controller] EPOCH 3 loss ppo:  -0.02795, loss val: 0.04399
[2022-11-24 00:49:54,504] [INFO] [controller] EPOCH 4 loss ppo:  -0.03359, loss val: 0.04325
[2022-11-24 00:49:54,519] [INFO] [runner_train_mujoco] Finished batch.
[2022-11-24 00:49:54,620] [INFO] [runner_train_mujoco] Starting simulation batch with mujoco.
[2022-11-24 00:49:54,620] [INFO] [runner_train_mujoco] Environment 0
[2022-11-24 00:50:00,096] [INFO] [runner_train_mujoco] Environment 1
[2022-11-24 00:50:05,444] [INFO] [runner_train_mujoco] Environment 2
[2022-11-24 00:50:11,043] [INFO] [runner_train_mujoco] Environment 3
[2022-11-24 00:50:16,336] [INFO] [runner_train_mujoco] Environment 4
[2022-11-24 00:50:21,576] [INFO] [runner_train_mujoco] Environment 5
[2022-11-24 00:50:26,692] [INFO] [runner_train_mujoco] Environment 6
[2022-11-24 00:50:32,405] [INFO] [runner_train_mujoco] Environment 7
[2022-11-24 00:50:37,835] [INFO] [runner_train_mujoco] Environment 8
[2022-11-24 00:50:43,379] [INFO] [runner_train_mujoco] Environment 9
[2022-11-24 00:50:48,823] [INFO] [runner_train_mujoco] Average cumulative reward after 150 steps: 1.425829319578157
[2022-11-24 00:50:48,823] [INFO] [runner_train_mujoco] Average state value: 0.6668775618076325
[2022-11-24 00:50:48,824] [INFO] [controller] ITERATION NUM: 25
[2022-11-24 00:50:48,889] [INFO] [controller] EPOCH 1 loss ppo:  -0.01487, loss val: 0.03889
[2022-11-24 00:50:48,935] [INFO] [controller] EPOCH 2 loss ppo:  -0.02571, loss val: 0.04041
[2022-11-24 00:50:48,978] [INFO] [controller] EPOCH 3 loss ppo:  -0.03160, loss val: 0.03858
[2022-11-24 00:50:49,033] [INFO] [controller] EPOCH 4 loss ppo:  -0.03571, loss val: 0.04090
[2022-11-24 00:50:49,044] [INFO] [runner_train_mujoco] Finished batch.
[2022-11-24 00:50:49,087] [INFO] [runner_train_mujoco] Starting simulation batch with mujoco.
[2022-11-24 00:50:49,087] [INFO] [runner_train_mujoco] Environment 0
[2022-11-24 00:50:54,405] [INFO] [runner_train_mujoco] Environment 1
[2022-11-24 00:50:59,890] [INFO] [runner_train_mujoco] Environment 2
[2022-11-24 00:51:05,506] [INFO] [runner_train_mujoco] Environment 3
[2022-11-24 00:51:11,089] [INFO] [runner_train_mujoco] Environment 4
[2022-11-24 00:51:16,412] [INFO] [runner_train_mujoco] Environment 5
[2022-11-24 00:51:21,489] [INFO] [runner_train_mujoco] Environment 6
[2022-11-24 00:51:26,497] [INFO] [runner_train_mujoco] Environment 7
[2022-11-24 00:51:31,698] [INFO] [runner_train_mujoco] Environment 8
[2022-11-24 00:51:37,275] [INFO] [runner_train_mujoco] Environment 9
[2022-11-24 00:51:42,867] [INFO] [runner_train_mujoco] Average cumulative reward after 150 steps: 1.4314539786236256
[2022-11-24 00:51:42,867] [INFO] [runner_train_mujoco] Average state value: 0.6505911119778951
[2022-11-24 00:51:42,867] [INFO] [controller] ITERATION NUM: 26
[2022-11-24 00:51:42,935] [INFO] [controller] EPOCH 1 loss ppo:  -0.01376, loss val: 0.03790
[2022-11-24 00:51:42,995] [INFO] [controller] EPOCH 2 loss ppo:  -0.02136, loss val: 0.03852
[2022-11-24 00:51:43,056] [INFO] [controller] EPOCH 3 loss ppo:  -0.02957, loss val: 0.03758
[2022-11-24 00:51:43,137] [INFO] [controller] EPOCH 4 loss ppo:  -0.03465, loss val: 0.03776
[2022-11-24 00:51:43,150] [INFO] [runner_train_mujoco] Finished batch.
[2022-11-24 00:51:43,205] [INFO] [runner_train_mujoco] Starting simulation batch with mujoco.
[2022-11-24 00:51:43,205] [INFO] [runner_train_mujoco] Environment 0
[2022-11-24 00:51:48,876] [INFO] [runner_train_mujoco] Environment 1
[2022-11-24 00:51:54,280] [INFO] [runner_train_mujoco] Environment 2
[2022-11-24 00:51:59,579] [INFO] [runner_train_mujoco] Environment 3
[2022-11-24 00:52:05,507] [INFO] [runner_train_mujoco] Environment 4
[2022-11-24 00:52:10,639] [INFO] [runner_train_mujoco] Environment 5
[2022-11-24 00:52:15,682] [INFO] [runner_train_mujoco] Environment 6
[2022-11-24 00:52:20,697] [INFO] [runner_train_mujoco] Environment 7
[2022-11-24 00:52:26,029] [INFO] [runner_train_mujoco] Environment 8
[2022-11-24 00:52:31,255] [INFO] [runner_train_mujoco] Environment 9
[2022-11-24 00:52:36,386] [INFO] [runner_train_mujoco] Average cumulative reward after 150 steps: 1.4918850123697092
[2022-11-24 00:52:36,386] [INFO] [runner_train_mujoco] Average state value: 0.639853646437327
[2022-11-24 00:52:36,386] [INFO] [controller] ITERATION NUM: 27
[2022-11-24 00:52:36,448] [INFO] [controller] EPOCH 1 loss ppo:  -0.01446, loss val: 0.03897
[2022-11-24 00:52:36,528] [INFO] [controller] EPOCH 2 loss ppo:  -0.02539, loss val: 0.04175
[2022-11-24 00:52:36,581] [INFO] [controller] EPOCH 3 loss ppo:  -0.03315, loss val: 0.03832
[2022-11-24 00:52:36,634] [INFO] [controller] EPOCH 4 loss ppo:  -0.03854, loss val: 0.03784
[2022-11-24 00:52:36,644] [INFO] [runner_train_mujoco] Finished batch.
[2022-11-24 00:52:36,686] [INFO] [runner_train_mujoco] Starting simulation batch with mujoco.
[2022-11-24 00:52:36,687] [INFO] [runner_train_mujoco] Environment 0
[2022-11-24 00:52:42,444] [INFO] [runner_train_mujoco] Environment 1
[2022-11-24 00:52:47,903] [INFO] [runner_train_mujoco] Environment 2
[2022-11-24 00:52:52,842] [INFO] [runner_train_mujoco] Environment 3
[2022-11-24 00:52:58,270] [INFO] [runner_train_mujoco] Environment 4
[2022-11-24 00:53:03,793] [INFO] [runner_train_mujoco] Environment 5
[2022-11-24 00:53:09,122] [INFO] [runner_train_mujoco] Environment 6
[2022-11-24 00:53:14,429] [INFO] [runner_train_mujoco] Environment 7
[2022-11-24 00:53:19,274] [INFO] [runner_train_mujoco] Environment 8
[2022-11-24 00:53:24,460] [INFO] [runner_train_mujoco] Environment 9
[2022-11-24 00:53:29,745] [INFO] [runner_train_mujoco] Average cumulative reward after 150 steps: 1.5071632025840842
[2022-11-24 00:53:29,746] [INFO] [runner_train_mujoco] Average state value: 0.6654934753576914
[2022-11-24 00:53:29,746] [INFO] [controller] ITERATION NUM: 28
[2022-11-24 00:53:29,901] [INFO] [controller] EPOCH 1 loss ppo:  -0.01283, loss val: 0.03944
[2022-11-24 00:53:30,037] [INFO] [controller] EPOCH 2 loss ppo:  -0.02314, loss val: 0.03855
[2022-11-24 00:53:30,107] [INFO] [controller] EPOCH 3 loss ppo:  -0.03189, loss val: 0.03932
[2022-11-24 00:53:30,162] [INFO] [controller] EPOCH 4 loss ppo:  -0.03633, loss val: 0.03984
[2022-11-24 00:53:30,172] [INFO] [runner_train_mujoco] Finished batch.
[2022-11-24 00:53:30,218] [INFO] [runner_train_mujoco] Starting simulation batch with mujoco.
[2022-11-24 00:53:30,218] [INFO] [runner_train_mujoco] Environment 0
[2022-11-24 00:53:35,408] [INFO] [runner_train_mujoco] Environment 1
[2022-11-24 00:53:40,946] [INFO] [runner_train_mujoco] Environment 2
[2022-11-24 00:53:46,080] [INFO] [runner_train_mujoco] Environment 3
[2022-11-24 00:53:51,520] [INFO] [runner_train_mujoco] Environment 4
[2022-11-24 00:53:56,740] [INFO] [runner_train_mujoco] Environment 5
[2022-11-24 00:54:02,162] [INFO] [runner_train_mujoco] Environment 6
[2022-11-24 00:54:07,564] [INFO] [runner_train_mujoco] Environment 7
[2022-11-24 00:54:12,846] [INFO] [runner_train_mujoco] Environment 8
[2022-11-24 00:54:18,238] [INFO] [runner_train_mujoco] Environment 9
[2022-11-24 00:54:23,306] [INFO] [runner_train_mujoco] Average cumulative reward after 150 steps: 1.620688475377722
[2022-11-24 00:54:23,306] [INFO] [runner_train_mujoco] Average state value: 0.6926599866747856
[2022-11-24 00:54:23,306] [INFO] [controller] ITERATION NUM: 29
[2022-11-24 00:54:23,369] [INFO] [controller] EPOCH 1 loss ppo:  -0.01377, loss val: 0.04194
[2022-11-24 00:54:23,427] [INFO] [controller] EPOCH 2 loss ppo:  -0.02115, loss val: 0.04128
[2022-11-24 00:54:23,474] [INFO] [controller] EPOCH 3 loss ppo:  -0.02628, loss val: 0.03955
[2022-11-24 00:54:23,524] [INFO] [controller] EPOCH 4 loss ppo:  -0.03147, loss val: 0.03845
[2022-11-24 00:54:23,534] [INFO] [runner_train_mujoco] Finished batch.
[2022-11-24 00:54:23,573] [INFO] [runner_train_mujoco] Starting simulation batch with mujoco.
[2022-11-24 00:54:23,574] [INFO] [runner_train_mujoco] Environment 0
[2022-11-24 00:54:28,874] [INFO] [runner_train_mujoco] Environment 1
[2022-11-24 00:54:34,427] [INFO] [runner_train_mujoco] Environment 2
[2022-11-24 00:54:39,993] [INFO] [runner_train_mujoco] Environment 3
[2022-11-24 00:54:46,305] [INFO] [runner_train_mujoco] Environment 4
[2022-11-24 00:54:51,574] [INFO] [runner_train_mujoco] Environment 5
[2022-11-24 00:54:56,963] [INFO] [runner_train_mujoco] Environment 6
[2022-11-24 00:55:02,302] [INFO] [runner_train_mujoco] Environment 7
[2022-11-24 00:55:07,323] [INFO] [runner_train_mujoco] Environment 8
[2022-11-24 00:55:12,622] [INFO] [runner_train_mujoco] Environment 9
[2022-11-24 00:55:17,815] [INFO] [runner_train_mujoco] Average cumulative reward after 150 steps: 1.5491888735632464
[2022-11-24 00:55:17,816] [INFO] [runner_train_mujoco] Average state value: 0.6422380362351736
[2022-11-24 00:55:17,816] [INFO] [controller] ITERATION NUM: 30
[2022-11-24 00:55:17,876] [INFO] [controller] EPOCH 1 loss ppo:  -0.01580, loss val: 0.04366
[2022-11-24 00:55:17,929] [INFO] [controller] EPOCH 2 loss ppo:  -0.02911, loss val: 0.04516
[2022-11-24 00:55:17,973] [INFO] [controller] EPOCH 3 loss ppo:  -0.03159, loss val: 0.04387
[2022-11-24 00:55:18,036] [INFO] [controller] EPOCH 4 loss ppo:  -0.03652, loss val: 0.04344
[2022-11-24 00:55:18,047] [INFO] [runner_train_mujoco] Finished batch.
[2022-11-24 00:55:18,092] [INFO] [runner_train_mujoco] Starting simulation batch with mujoco.
[2022-11-24 00:55:18,092] [INFO] [runner_train_mujoco] Environment 0
[2022-11-24 00:55:23,410] [INFO] [runner_train_mujoco] Environment 1
[2022-11-24 00:55:28,775] [INFO] [runner_train_mujoco] Environment 2
[2022-11-24 00:55:33,662] [INFO] [runner_train_mujoco] Environment 3
[2022-11-24 00:55:38,867] [INFO] [runner_train_mujoco] Environment 4
[2022-11-24 00:55:44,201] [INFO] [runner_train_mujoco] Environment 5
[2022-11-24 00:55:49,784] [INFO] [runner_train_mujoco] Environment 6
[2022-11-24 00:55:55,267] [INFO] [runner_train_mujoco] Environment 7
[2022-11-24 00:56:00,737] [INFO] [runner_train_mujoco] Environment 8
[2022-11-24 00:56:06,160] [INFO] [runner_train_mujoco] Environment 9
[2022-11-24 00:56:11,454] [INFO] [runner_train_mujoco] Average cumulative reward after 150 steps: 1.7966041073718297
[2022-11-24 00:56:11,454] [INFO] [runner_train_mujoco] Average state value: 0.6410055278539657
[2022-11-24 00:56:11,454] [INFO] [controller] ITERATION NUM: 31
[2022-11-24 00:56:11,526] [INFO] [controller] EPOCH 1 loss ppo:  -0.01354, loss val: 0.04573
[2022-11-24 00:56:11,585] [INFO] [controller] EPOCH 2 loss ppo:  -0.02426, loss val: 0.04605
[2022-11-24 00:56:11,644] [INFO] [controller] EPOCH 3 loss ppo:  -0.03326, loss val: 0.04524
[2022-11-24 00:56:11,698] [INFO] [controller] EPOCH 4 loss ppo:  -0.03825, loss val: 0.04625
[2022-11-24 00:56:11,707] [INFO] [runner_train_mujoco] Finished batch.
[2022-11-24 00:56:11,750] [INFO] [runner_train_mujoco] Starting simulation batch with mujoco.
[2022-11-24 00:56:11,750] [INFO] [runner_train_mujoco] Environment 0
[2022-11-24 00:56:16,858] [INFO] [runner_train_mujoco] Environment 1
[2022-11-24 00:56:22,267] [INFO] [runner_train_mujoco] Environment 2
[2022-11-24 00:56:27,572] [INFO] [runner_train_mujoco] Environment 3
[2022-11-24 00:56:32,728] [INFO] [runner_train_mujoco] Environment 4
[2022-11-24 00:56:38,099] [INFO] [runner_train_mujoco] Environment 5
[2022-11-24 00:56:43,450] [INFO] [runner_train_mujoco] Environment 6
[2022-11-24 00:56:48,697] [INFO] [runner_train_mujoco] Environment 7
[2022-11-24 00:56:53,764] [INFO] [runner_train_mujoco] Environment 8
[2022-11-24 00:56:59,012] [INFO] [runner_train_mujoco] Environment 9
[2022-11-24 00:57:04,150] [INFO] [runner_train_mujoco] Average cumulative reward after 150 steps: 1.82143479588138
[2022-11-24 00:57:04,151] [INFO] [runner_train_mujoco] Average state value: 0.6380760823885601
[2022-11-24 00:57:04,151] [INFO] [controller] ITERATION NUM: 32
[2022-11-24 00:57:04,210] [INFO] [controller] EPOCH 1 loss ppo:  -0.01480, loss val: 0.04509
[2022-11-24 00:57:04,263] [INFO] [controller] EPOCH 2 loss ppo:  -0.02530, loss val: 0.04451
[2022-11-24 00:57:04,320] [INFO] [controller] EPOCH 3 loss ppo:  -0.03106, loss val: 0.04459
[2022-11-24 00:57:04,403] [INFO] [controller] EPOCH 4 loss ppo:  -0.03649, loss val: 0.04485
[2022-11-24 00:57:04,413] [INFO] [runner_train_mujoco] Finished batch.
[2022-11-24 00:57:04,458] [INFO] [runner_train_mujoco] Starting simulation batch with mujoco.
[2022-11-24 00:57:04,459] [INFO] [runner_train_mujoco] Environment 0
[2022-11-24 00:57:09,776] [INFO] [runner_train_mujoco] Environment 1
[2022-11-24 00:57:14,750] [INFO] [runner_train_mujoco] Environment 2
[2022-11-24 00:57:19,716] [INFO] [runner_train_mujoco] Environment 3
[2022-11-24 00:57:24,626] [INFO] [runner_train_mujoco] Environment 4
[2022-11-24 00:57:29,772] [INFO] [runner_train_mujoco] Environment 5
[2022-11-24 00:57:35,208] [INFO] [runner_train_mujoco] Environment 6
[2022-11-24 00:57:41,236] [INFO] [runner_train_mujoco] Environment 7
[2022-11-24 00:57:46,583] [INFO] [runner_train_mujoco] Environment 8
[2022-11-24 00:57:52,018] [INFO] [runner_train_mujoco] Environment 9
[2022-11-24 00:57:57,764] [INFO] [runner_train_mujoco] Average cumulative reward after 150 steps: 1.8940366956031078
[2022-11-24 00:57:57,764] [INFO] [runner_train_mujoco] Average state value: 0.6457471276919047
[2022-11-24 00:57:57,764] [INFO] [controller] ITERATION NUM: 33
[2022-11-24 00:57:57,838] [INFO] [controller] EPOCH 1 loss ppo:  -0.01514, loss val: 0.04081
[2022-11-24 00:57:57,905] [INFO] [controller] EPOCH 2 loss ppo:  -0.02539, loss val: 0.04148
[2022-11-24 00:57:57,972] [INFO] [controller] EPOCH 3 loss ppo:  -0.03189, loss val: 0.04144
[2022-11-24 00:57:58,032] [INFO] [controller] EPOCH 4 loss ppo:  -0.03814, loss val: 0.04050
[2022-11-24 00:57:58,042] [INFO] [runner_train_mujoco] Finished batch.
[2022-11-24 00:57:58,094] [INFO] [runner_train_mujoco] Starting simulation batch with mujoco.
[2022-11-24 00:57:58,094] [INFO] [runner_train_mujoco] Environment 0
[2022-11-24 00:58:03,341] [INFO] [runner_train_mujoco] Environment 1
[2022-11-24 00:58:08,754] [INFO] [runner_train_mujoco] Environment 2
[2022-11-24 00:58:14,290] [INFO] [runner_train_mujoco] Environment 3
[2022-11-24 00:58:19,797] [INFO] [runner_train_mujoco] Environment 4
[2022-11-24 00:58:24,833] [INFO] [runner_train_mujoco] Environment 5
[2022-11-24 00:58:29,891] [INFO] [runner_train_mujoco] Environment 6
[2022-11-24 00:58:35,061] [INFO] [runner_train_mujoco] Environment 7
[2022-11-24 00:58:40,350] [INFO] [runner_train_mujoco] Environment 8
[2022-11-24 00:58:45,301] [INFO] [runner_train_mujoco] Environment 9
[2022-11-24 00:58:50,908] [INFO] [runner_train_mujoco] Average cumulative reward after 150 steps: 2.0519103727543544
[2022-11-24 00:58:50,908] [INFO] [runner_train_mujoco] Average state value: 0.6379069475531578
[2022-11-24 00:58:50,908] [INFO] [controller] ITERATION NUM: 34
[2022-11-24 00:58:51,009] [INFO] [controller] EPOCH 1 loss ppo:  -0.01561, loss val: 0.03931
[2022-11-24 00:58:51,062] [INFO] [controller] EPOCH 2 loss ppo:  -0.02597, loss val: 0.03883
[2022-11-24 00:58:51,119] [INFO] [controller] EPOCH 3 loss ppo:  -0.02812, loss val: 0.03995
[2022-11-24 00:58:51,194] [INFO] [controller] EPOCH 4 loss ppo:  -0.03451, loss val: 0.03893
[2022-11-24 00:58:51,205] [INFO] [runner_train_mujoco] Finished batch.
[2022-11-24 00:58:51,248] [INFO] [runner_train_mujoco] Starting simulation batch with mujoco.
[2022-11-24 00:58:51,249] [INFO] [runner_train_mujoco] Environment 0
[2022-11-24 00:58:56,564] [INFO] [runner_train_mujoco] Environment 1
[2022-11-24 00:59:02,140] [INFO] [runner_train_mujoco] Environment 2
[2022-11-24 00:59:07,503] [INFO] [runner_train_mujoco] Environment 3
[2022-11-24 00:59:12,747] [INFO] [runner_train_mujoco] Environment 4
[2022-11-24 00:59:18,281] [INFO] [runner_train_mujoco] Environment 5
[2022-11-24 00:59:23,383] [INFO] [runner_train_mujoco] Environment 6
[2022-11-24 00:59:28,339] [INFO] [runner_train_mujoco] Environment 7
[2022-11-24 00:59:33,420] [INFO] [runner_train_mujoco] Environment 8
[2022-11-24 00:59:38,578] [INFO] [runner_train_mujoco] Environment 9
[2022-11-24 00:59:43,547] [INFO] [runner_train_mujoco] Average cumulative reward after 150 steps: 2.127793748566279
[2022-11-24 00:59:43,547] [INFO] [runner_train_mujoco] Average state value: 0.6159437855283418
[2022-11-24 00:59:43,547] [INFO] [controller] ITERATION NUM: 35
[2022-11-24 00:59:43,605] [INFO] [controller] EPOCH 1 loss ppo:  -0.01507, loss val: 0.04120
[2022-11-24 00:59:43,649] [INFO] [controller] EPOCH 2 loss ppo:  -0.02233, loss val: 0.04098
[2022-11-24 00:59:43,702] [INFO] [controller] EPOCH 3 loss ppo:  -0.02959, loss val: 0.04076
[2022-11-24 00:59:43,750] [INFO] [controller] EPOCH 4 loss ppo:  -0.03646, loss val: 0.04161
[2022-11-24 00:59:43,760] [INFO] [runner_train_mujoco] Finished batch.
[2022-11-24 00:59:43,803] [INFO] [runner_train_mujoco] Starting simulation batch with mujoco.
[2022-11-24 00:59:43,803] [INFO] [runner_train_mujoco] Environment 0
[2022-11-24 00:59:49,479] [INFO] [runner_train_mujoco] Environment 1
[2022-11-24 00:59:54,625] [INFO] [runner_train_mujoco] Environment 2
[2022-11-24 00:59:59,973] [INFO] [runner_train_mujoco] Environment 3
[2022-11-24 01:00:05,023] [INFO] [runner_train_mujoco] Environment 4
[2022-11-24 01:00:09,777] [INFO] [runner_train_mujoco] Environment 5
[2022-11-24 01:00:15,287] [INFO] [runner_train_mujoco] Environment 6
[2022-11-24 01:00:20,647] [INFO] [runner_train_mujoco] Environment 7
[2022-11-24 01:00:25,773] [INFO] [runner_train_mujoco] Environment 8
[2022-11-24 01:00:31,086] [INFO] [runner_train_mujoco] Environment 9
[2022-11-24 01:00:36,454] [INFO] [runner_train_mujoco] Average cumulative reward after 150 steps: 2.440041454346546
[2022-11-24 01:00:36,454] [INFO] [runner_train_mujoco] Average state value: 0.5948273227612179
[2022-11-24 01:00:36,454] [INFO] [controller] ITERATION NUM: 36
[2022-11-24 01:00:36,532] [INFO] [controller] EPOCH 1 loss ppo:  -0.01481, loss val: 0.04045
[2022-11-24 01:00:36,580] [INFO] [controller] EPOCH 2 loss ppo:  -0.02250, loss val: 0.04001
[2022-11-24 01:00:36,640] [INFO] [controller] EPOCH 3 loss ppo:  -0.02736, loss val: 0.04031
[2022-11-24 01:00:36,690] [INFO] [controller] EPOCH 4 loss ppo:  -0.03182, loss val: 0.04053
[2022-11-24 01:00:36,704] [INFO] [runner_train_mujoco] Finished batch.
[2022-11-24 01:00:36,746] [INFO] [runner_train_mujoco] Starting simulation batch with mujoco.
[2022-11-24 01:00:36,747] [INFO] [runner_train_mujoco] Environment 0
[2022-11-24 01:00:41,731] [INFO] [runner_train_mujoco] Environment 1
[2022-11-24 01:00:46,710] [INFO] [runner_train_mujoco] Environment 2
[2022-11-24 01:00:52,323] [INFO] [runner_train_mujoco] Environment 3
[2022-11-24 01:00:57,422] [INFO] [runner_train_mujoco] Environment 4
[2022-11-24 01:01:03,114] [INFO] [runner_train_mujoco] Environment 5
[2022-11-24 01:01:08,486] [INFO] [runner_train_mujoco] Environment 6
[2022-11-24 01:01:13,918] [INFO] [runner_train_mujoco] Environment 7
[2022-11-24 01:01:19,194] [INFO] [runner_train_mujoco] Environment 8
[2022-11-24 01:01:24,545] [INFO] [runner_train_mujoco] Environment 9
[2022-11-24 01:01:29,910] [INFO] [runner_train_mujoco] Average cumulative reward after 150 steps: 2.3241641478802952
[2022-11-24 01:01:29,910] [INFO] [runner_train_mujoco] Average state value: 0.5972776066859563
[2022-11-24 01:01:29,911] [INFO] [controller] ITERATION NUM: 37
[2022-11-24 01:01:29,966] [INFO] [controller] EPOCH 1 loss ppo:  -0.01489, loss val: 0.03944
[2022-11-24 01:01:30,009] [INFO] [controller] EPOCH 2 loss ppo:  -0.02214, loss val: 0.03953
[2022-11-24 01:01:30,093] [INFO] [controller] EPOCH 3 loss ppo:  -0.03077, loss val: 0.03826
[2022-11-24 01:01:30,144] [INFO] [controller] EPOCH 4 loss ppo:  -0.03785, loss val: 0.03896
[2022-11-24 01:01:30,154] [INFO] [runner_train_mujoco] Finished batch.
[2022-11-24 01:01:30,197] [INFO] [runner_train_mujoco] Starting simulation batch with mujoco.
[2022-11-24 01:01:30,197] [INFO] [runner_train_mujoco] Environment 0
[2022-11-24 01:01:35,616] [INFO] [runner_train_mujoco] Environment 1
[2022-11-24 01:01:41,439] [INFO] [runner_train_mujoco] Environment 2
[2022-11-24 01:01:46,766] [INFO] [runner_train_mujoco] Environment 3
[2022-11-24 01:01:51,982] [INFO] [runner_train_mujoco] Environment 4
[2022-11-24 01:01:57,008] [INFO] [runner_train_mujoco] Environment 5
[2022-11-24 01:02:01,917] [INFO] [runner_train_mujoco] Environment 6
[2022-11-24 01:02:06,995] [INFO] [runner_train_mujoco] Environment 7
[2022-11-24 01:02:12,109] [INFO] [runner_train_mujoco] Environment 8
[2022-11-24 01:02:17,061] [INFO] [runner_train_mujoco] Environment 9
[2022-11-24 01:02:21,922] [INFO] [runner_train_mujoco] Average cumulative reward after 150 steps: 2.5357602586662815
[2022-11-24 01:02:21,922] [INFO] [runner_train_mujoco] Average state value: 0.6137087588508925
[2022-11-24 01:02:21,922] [INFO] [controller] ITERATION NUM: 38
[2022-11-24 01:02:21,984] [INFO] [controller] EPOCH 1 loss ppo:  -0.01658, loss val: 0.04231
[2022-11-24 01:02:22,029] [INFO] [controller] EPOCH 2 loss ppo:  -0.02278, loss val: 0.04212
[2022-11-24 01:02:22,072] [INFO] [controller] EPOCH 3 loss ppo:  -0.03157, loss val: 0.04232
[2022-11-24 01:02:22,115] [INFO] [controller] EPOCH 4 loss ppo:  -0.03606, loss val: 0.04178
[2022-11-24 01:02:22,125] [INFO] [runner_train_mujoco] Finished batch.
[2022-11-24 01:02:22,166] [INFO] [runner_train_mujoco] Starting simulation batch with mujoco.
[2022-11-24 01:02:22,167] [INFO] [runner_train_mujoco] Environment 0
[2022-11-24 01:02:27,111] [INFO] [runner_train_mujoco] Environment 1
[2022-11-24 01:02:32,376] [INFO] [runner_train_mujoco] Environment 2
[2022-11-24 01:02:37,763] [INFO] [runner_train_mujoco] Environment 3
[2022-11-24 01:02:42,893] [INFO] [runner_train_mujoco] Environment 4
[2022-11-24 01:02:47,785] [INFO] [runner_train_mujoco] Environment 5
[2022-11-24 01:02:53,196] [INFO] [runner_train_mujoco] Environment 6
[2022-11-24 01:02:58,015] [INFO] [runner_train_mujoco] Environment 7
[2022-11-24 01:03:03,320] [INFO] [runner_train_mujoco] Environment 8
[2022-11-24 01:03:08,180] [INFO] [runner_train_mujoco] Environment 9
[2022-11-24 01:03:13,100] [INFO] [runner_train_mujoco] Average cumulative reward after 150 steps: 2.571645164213033
[2022-11-24 01:03:13,100] [INFO] [runner_train_mujoco] Average state value: 0.6282805061340332
[2022-11-24 01:03:13,100] [INFO] [controller] ITERATION NUM: 39
[2022-11-24 01:03:13,164] [INFO] [controller] EPOCH 1 loss ppo:  -0.01520, loss val: 0.04046
[2022-11-24 01:03:13,218] [INFO] [controller] EPOCH 2 loss ppo:  -0.02125, loss val: 0.04102
[2022-11-24 01:03:13,269] [INFO] [controller] EPOCH 3 loss ppo:  -0.02455, loss val: 0.04105
[2022-11-24 01:03:13,320] [INFO] [controller] EPOCH 4 loss ppo:  -0.02879, loss val: 0.04032
[2022-11-24 01:03:13,329] [INFO] [runner_train_mujoco] Finished batch.
[2022-11-24 01:03:13,369] [INFO] [runner_train_mujoco] Starting simulation batch with mujoco.
[2022-11-24 01:03:13,370] [INFO] [runner_train_mujoco] Environment 0
[2022-11-24 01:03:18,278] [INFO] [runner_train_mujoco] Environment 1
[2022-11-24 01:03:23,289] [INFO] [runner_train_mujoco] Environment 2
[2022-11-24 01:03:28,206] [INFO] [runner_train_mujoco] Environment 3
[2022-11-24 01:03:33,362] [INFO] [runner_train_mujoco] Environment 4
[2022-11-24 01:03:38,753] [INFO] [runner_train_mujoco] Environment 5
[2022-11-24 01:03:43,484] [INFO] [runner_train_mujoco] Environment 6
[2022-11-24 01:03:48,563] [INFO] [runner_train_mujoco] Environment 7
[2022-11-24 01:03:53,771] [INFO] [runner_train_mujoco] Environment 8
[2022-11-24 01:03:58,845] [INFO] [runner_train_mujoco] Environment 9
[2022-11-24 01:04:03,905] [INFO] [runner_train_mujoco] Average cumulative reward after 150 steps: 2.5274067812953356
[2022-11-24 01:04:03,905] [INFO] [runner_train_mujoco] Average state value: 0.6104888705611229
[2022-11-24 01:04:03,905] [INFO] [controller] ITERATION NUM: 40
[2022-11-24 01:04:03,958] [INFO] [controller] EPOCH 1 loss ppo:  -0.01486, loss val: 0.03919
[2022-11-24 01:04:04,007] [INFO] [controller] EPOCH 2 loss ppo:  -0.02318, loss val: 0.03902
[2022-11-24 01:04:04,052] [INFO] [controller] EPOCH 3 loss ppo:  -0.03242, loss val: 0.03858
[2022-11-24 01:04:04,096] [INFO] [controller] EPOCH 4 loss ppo:  -0.03715, loss val: 0.03849
[2022-11-24 01:04:04,105] [INFO] [runner_train_mujoco] Finished batch.
[2022-11-24 01:04:04,146] [INFO] [runner_train_mujoco] Starting simulation batch with mujoco.
[2022-11-24 01:04:04,146] [INFO] [runner_train_mujoco] Environment 0
[2022-11-24 01:04:09,145] [INFO] [runner_train_mujoco] Environment 1
[2022-11-24 01:04:14,475] [INFO] [runner_train_mujoco] Environment 2
[2022-11-24 01:04:19,273] [INFO] [runner_train_mujoco] Environment 3
[2022-11-24 01:04:24,531] [INFO] [runner_train_mujoco] Environment 4
[2022-11-24 01:04:29,674] [INFO] [runner_train_mujoco] Environment 5
[2022-11-24 01:04:34,589] [INFO] [runner_train_mujoco] Environment 6
[2022-11-24 01:04:39,838] [INFO] [runner_train_mujoco] Environment 7
[2022-11-24 01:04:44,885] [INFO] [runner_train_mujoco] Environment 8
[2022-11-24 01:04:50,190] [INFO] [runner_train_mujoco] Environment 9
[2022-11-24 01:04:55,164] [INFO] [runner_train_mujoco] Average cumulative reward after 150 steps: 2.5359353434428655
[2022-11-24 01:04:55,165] [INFO] [runner_train_mujoco] Average state value: 0.5840105205178261
[2022-11-24 01:04:55,165] [INFO] [controller] ITERATION NUM: 41
[2022-11-24 01:04:55,221] [INFO] [controller] EPOCH 1 loss ppo:  -0.01505, loss val: 0.04320
[2022-11-24 01:04:55,267] [INFO] [controller] EPOCH 2 loss ppo:  -0.02120, loss val: 0.04329
[2022-11-24 01:04:55,332] [INFO] [controller] EPOCH 3 loss ppo:  -0.02481, loss val: 0.04323
[2022-11-24 01:04:55,379] [INFO] [controller] EPOCH 4 loss ppo:  -0.02968, loss val: 0.04317
[2022-11-24 01:04:55,389] [INFO] [runner_train_mujoco] Finished batch.
[2022-11-24 01:04:55,430] [INFO] [runner_train_mujoco] Starting simulation batch with mujoco.
[2022-11-24 01:04:55,430] [INFO] [runner_train_mujoco] Environment 0
[2022-11-24 01:05:00,755] [INFO] [runner_train_mujoco] Environment 1
[2022-11-24 01:05:05,855] [INFO] [runner_train_mujoco] Environment 2
[2022-11-24 01:05:10,887] [INFO] [runner_train_mujoco] Environment 3
[2022-11-24 01:05:16,082] [INFO] [runner_train_mujoco] Environment 4
[2022-11-24 01:05:20,680] [INFO] [runner_train_mujoco] Environment 5
[2022-11-24 01:05:25,914] [INFO] [runner_train_mujoco] Environment 6
[2022-11-24 01:05:31,161] [INFO] [runner_train_mujoco] Environment 7
[2022-11-24 01:05:36,202] [INFO] [runner_train_mujoco] Environment 8
[2022-11-24 01:05:41,635] [INFO] [runner_train_mujoco] Environment 9
[2022-11-24 01:05:46,703] [INFO] [runner_train_mujoco] Average cumulative reward after 150 steps: 2.645536587010097
[2022-11-24 01:05:46,703] [INFO] [runner_train_mujoco] Average state value: 0.5856122038165729
[2022-11-24 01:05:46,703] [INFO] [controller] ITERATION NUM: 42
[2022-11-24 01:05:46,764] [INFO] [controller] EPOCH 1 loss ppo:  -0.01625, loss val: 0.04408
[2022-11-24 01:05:46,819] [INFO] [controller] EPOCH 2 loss ppo:  -0.02362, loss val: 0.04355
[2022-11-24 01:05:46,874] [INFO] [controller] EPOCH 3 loss ppo:  -0.02550, loss val: 0.04322
[2022-11-24 01:05:46,925] [INFO] [controller] EPOCH 4 loss ppo:  -0.02745, loss val: 0.04295
[2022-11-24 01:05:46,935] [INFO] [runner_train_mujoco] Finished batch.
[2022-11-24 01:05:46,975] [INFO] [runner_train_mujoco] Starting simulation batch with mujoco.
[2022-11-24 01:05:46,976] [INFO] [runner_train_mujoco] Environment 0
[2022-11-24 01:05:52,372] [INFO] [runner_train_mujoco] Environment 1
[2022-11-24 01:05:57,610] [INFO] [runner_train_mujoco] Environment 2
[2022-11-24 01:06:02,799] [INFO] [runner_train_mujoco] Environment 3
[2022-11-24 01:06:07,740] [INFO] [runner_train_mujoco] Environment 4
[2022-11-24 01:06:13,076] [INFO] [runner_train_mujoco] Environment 5
[2022-11-24 01:06:18,204] [INFO] [runner_train_mujoco] Environment 6
[2022-11-24 01:06:23,297] [INFO] [runner_train_mujoco] Environment 7
[2022-11-24 01:06:27,873] [INFO] [runner_train_mujoco] Environment 8
[2022-11-24 01:06:33,102] [INFO] [runner_train_mujoco] Environment 9
[2022-11-24 01:06:37,972] [INFO] [runner_train_mujoco] Average cumulative reward after 150 steps: 2.7787141232324557
[2022-11-24 01:06:37,972] [INFO] [runner_train_mujoco] Average state value: 0.6173976424336434
[2022-11-24 01:06:37,972] [INFO] [controller] ITERATION NUM: 43
[2022-11-24 01:06:38,341] [INFO] [controller] EPOCH 1 loss ppo:  -0.01556, loss val: 0.03948
[2022-11-24 01:06:38,410] [INFO] [controller] EPOCH 2 loss ppo:  -0.02481, loss val: 0.03971
[2022-11-24 01:06:38,472] [INFO] [controller] EPOCH 3 loss ppo:  -0.02699, loss val: 0.04000
[2022-11-24 01:06:38,531] [INFO] [controller] EPOCH 4 loss ppo:  -0.03263, loss val: 0.03960
[2022-11-24 01:06:38,542] [INFO] [runner_train_mujoco] Finished batch.
[2022-11-24 01:06:38,625] [INFO] [runner_train_mujoco] Starting simulation batch with mujoco.
[2022-11-24 01:06:38,625] [INFO] [runner_train_mujoco] Environment 0
[2022-11-24 01:06:43,406] [INFO] [runner_train_mujoco] Environment 1
[2022-11-24 01:06:48,421] [INFO] [runner_train_mujoco] Environment 2
[2022-11-24 01:06:53,922] [INFO] [runner_train_mujoco] Environment 3
[2022-11-24 01:06:59,080] [INFO] [runner_train_mujoco] Environment 4
[2022-11-24 01:07:04,058] [INFO] [runner_train_mujoco] Environment 5
[2022-11-24 01:07:08,790] [INFO] [runner_train_mujoco] Environment 6
[2022-11-24 01:07:13,875] [INFO] [runner_train_mujoco] Environment 7
[2022-11-24 01:07:19,185] [INFO] [runner_train_mujoco] Environment 8
[2022-11-24 01:07:24,040] [INFO] [runner_train_mujoco] Environment 9
[2022-11-24 01:07:29,085] [INFO] [runner_train_mujoco] Average cumulative reward after 150 steps: 2.747094869376202
[2022-11-24 01:07:29,085] [INFO] [runner_train_mujoco] Average state value: 0.6094350797136625
[2022-11-24 01:07:29,085] [INFO] [controller] ITERATION NUM: 44
[2022-11-24 01:07:29,154] [INFO] [controller] EPOCH 1 loss ppo:  -0.01437, loss val: 0.04024
[2022-11-24 01:07:29,212] [INFO] [controller] EPOCH 2 loss ppo:  -0.01772, loss val: 0.04120
[2022-11-24 01:07:29,268] [INFO] [controller] EPOCH 3 loss ppo:  -0.02360, loss val: 0.04076
[2022-11-24 01:07:29,315] [INFO] [controller] EPOCH 4 loss ppo:  -0.03036, loss val: 0.04012
[2022-11-24 01:07:29,326] [INFO] [runner_train_mujoco] Finished batch.
[2022-11-24 01:07:29,379] [INFO] [runner_train_mujoco] Starting simulation batch with mujoco.
[2022-11-24 01:07:29,379] [INFO] [runner_train_mujoco] Environment 0
[2022-11-24 01:07:34,648] [INFO] [runner_train_mujoco] Environment 1
[2022-11-24 01:07:39,682] [INFO] [runner_train_mujoco] Environment 2
[2022-11-24 01:07:44,436] [INFO] [runner_train_mujoco] Environment 3
[2022-11-24 01:07:49,698] [INFO] [runner_train_mujoco] Environment 4
[2022-11-24 01:07:54,865] [INFO] [runner_train_mujoco] Environment 5
[2022-11-24 01:08:00,049] [INFO] [runner_train_mujoco] Environment 6
[2022-11-24 01:08:05,149] [INFO] [runner_train_mujoco] Environment 7
[2022-11-24 01:08:10,151] [INFO] [runner_train_mujoco] Environment 8
[2022-11-24 01:08:15,282] [INFO] [runner_train_mujoco] Environment 9
[2022-11-24 01:08:20,453] [INFO] [runner_train_mujoco] Average cumulative reward after 150 steps: 2.729639019773881
[2022-11-24 01:08:20,453] [INFO] [runner_train_mujoco] Average state value: 0.5989549496571224
[2022-11-24 01:08:20,453] [INFO] [controller] ITERATION NUM: 45
[2022-11-24 01:08:20,506] [INFO] [controller] EPOCH 1 loss ppo:  -0.01454, loss val: 0.03809
[2022-11-24 01:08:20,607] [INFO] [controller] EPOCH 2 loss ppo:  -0.01526, loss val: 0.03756
[2022-11-24 01:08:20,653] [INFO] [controller] EPOCH 3 loss ppo:  -0.01941, loss val: 0.03800
[2022-11-24 01:08:20,700] [INFO] [controller] EPOCH 4 loss ppo:  -0.02433, loss val: 0.03896
[2022-11-24 01:08:20,710] [INFO] [runner_train_mujoco] Finished batch.
[2022-11-24 01:08:20,752] [INFO] [runner_train_mujoco] Starting simulation batch with mujoco.
[2022-11-24 01:08:20,753] [INFO] [runner_train_mujoco] Environment 0
[2022-11-24 01:08:26,006] [INFO] [runner_train_mujoco] Environment 1
[2022-11-24 01:08:31,211] [INFO] [runner_train_mujoco] Environment 2
[2022-11-24 01:08:36,196] [INFO] [runner_train_mujoco] Environment 3
[2022-11-24 01:08:41,135] [INFO] [runner_train_mujoco] Environment 4
[2022-11-24 01:08:46,055] [INFO] [runner_train_mujoco] Environment 5
[2022-11-24 01:08:50,769] [INFO] [runner_train_mujoco] Environment 6
[2022-11-24 01:08:56,175] [INFO] [runner_train_mujoco] Environment 7
[2022-11-24 01:09:01,559] [INFO] [runner_train_mujoco] Environment 8
[2022-11-24 01:09:06,887] [INFO] [runner_train_mujoco] Environment 9
[2022-11-24 01:09:12,365] [INFO] [runner_train_mujoco] Average cumulative reward after 150 steps: 2.865950147795378
[2022-11-24 01:09:12,366] [INFO] [runner_train_mujoco] Average state value: 0.583681393802166
[2022-11-24 01:09:12,366] [INFO] [controller] ITERATION NUM: 46
[2022-11-24 01:09:12,463] [INFO] [controller] EPOCH 1 loss ppo:  -0.01424, loss val: 0.04555
[2022-11-24 01:09:12,536] [INFO] [controller] EPOCH 2 loss ppo:  -0.01866, loss val: 0.04533
[2022-11-24 01:09:12,584] [INFO] [controller] EPOCH 3 loss ppo:  -0.02509, loss val: 0.04491
[2022-11-24 01:09:12,632] [INFO] [controller] EPOCH 4 loss ppo:  -0.03062, loss val: 0.04556
[2022-11-24 01:09:12,643] [INFO] [runner_train_mujoco] Finished batch.
[2022-11-24 01:09:12,685] [INFO] [runner_train_mujoco] Starting simulation batch with mujoco.
[2022-11-24 01:09:12,685] [INFO] [runner_train_mujoco] Environment 0
[2022-11-24 01:09:17,970] [INFO] [runner_train_mujoco] Environment 1
[2022-11-24 01:09:23,120] [INFO] [runner_train_mujoco] Environment 2
[2022-11-24 01:09:28,418] [INFO] [runner_train_mujoco] Environment 3
[2022-11-24 01:09:33,619] [INFO] [runner_train_mujoco] Environment 4
[2022-11-24 01:09:38,966] [INFO] [runner_train_mujoco] Environment 5
[2022-11-24 01:09:44,020] [INFO] [runner_train_mujoco] Environment 6
[2022-11-24 01:09:48,790] [INFO] [runner_train_mujoco] Environment 7
[2022-11-24 01:09:53,952] [INFO] [runner_train_mujoco] Environment 8
[2022-11-24 01:09:58,786] [INFO] [runner_train_mujoco] Environment 9
[2022-11-24 01:10:04,237] [INFO] [runner_train_mujoco] Average cumulative reward after 150 steps: 3.036881706603926
[2022-11-24 01:10:04,238] [INFO] [runner_train_mujoco] Average state value: 0.5893107780218123
[2022-11-24 01:10:04,238] [INFO] [controller] ITERATION NUM: 47
[2022-11-24 01:10:04,303] [INFO] [controller] EPOCH 1 loss ppo:  -0.01492, loss val: 0.04153
[2022-11-24 01:10:04,432] [INFO] [controller] EPOCH 2 loss ppo:  -0.01916, loss val: 0.04146
[2022-11-24 01:10:04,479] [INFO] [controller] EPOCH 3 loss ppo:  -0.02511, loss val: 0.04135
[2022-11-24 01:10:04,524] [INFO] [controller] EPOCH 4 loss ppo:  -0.02790, loss val: 0.04146
[2022-11-24 01:10:04,534] [INFO] [runner_train_mujoco] Finished batch.
[2022-11-24 01:10:04,574] [INFO] [runner_train_mujoco] Starting simulation batch with mujoco.
[2022-11-24 01:10:04,574] [INFO] [runner_train_mujoco] Environment 0
[2022-11-24 01:10:09,690] [INFO] [runner_train_mujoco] Environment 1
[2022-11-24 01:10:15,307] [INFO] [runner_train_mujoco] Environment 2
[2022-11-24 01:10:20,670] [INFO] [runner_train_mujoco] Environment 3
[2022-11-24 01:10:25,571] [INFO] [runner_train_mujoco] Environment 4
[2022-11-24 01:10:30,821] [INFO] [runner_train_mujoco] Environment 5
[2022-11-24 01:10:35,520] [INFO] [runner_train_mujoco] Environment 6
[2022-11-24 01:10:40,595] [INFO] [runner_train_mujoco] Environment 7
[2022-11-24 01:10:45,858] [INFO] [runner_train_mujoco] Environment 8
[2022-11-24 01:10:50,802] [INFO] [runner_train_mujoco] Environment 9
[2022-11-24 01:10:56,644] [INFO] [runner_train_mujoco] Average cumulative reward after 150 steps: 2.9792118230684794
[2022-11-24 01:10:56,645] [INFO] [runner_train_mujoco] Average state value: 0.598826020538807
[2022-11-24 01:10:56,645] [INFO] [controller] ITERATION NUM: 48
[2022-11-24 01:10:56,769] [INFO] [controller] EPOCH 1 loss ppo:  -0.01488, loss val: 0.04031
[2022-11-24 01:10:56,840] [INFO] [controller] EPOCH 2 loss ppo:  -0.01925, loss val: 0.03975
[2022-11-24 01:10:56,902] [INFO] [controller] EPOCH 3 loss ppo:  -0.02472, loss val: 0.03949
[2022-11-24 01:10:56,962] [INFO] [controller] EPOCH 4 loss ppo:  -0.02576, loss val: 0.03880
[2022-11-24 01:10:56,973] [INFO] [runner_train_mujoco] Finished batch.
[2022-11-24 01:10:57,028] [INFO] [runner_train_mujoco] Starting simulation batch with mujoco.
[2022-11-24 01:10:57,029] [INFO] [runner_train_mujoco] Environment 0
[2022-11-24 01:11:03,631] [INFO] [runner_train_mujoco] Environment 1
[2022-11-24 01:11:09,322] [INFO] [runner_train_mujoco] Environment 2
[2022-11-24 01:11:15,103] [INFO] [runner_train_mujoco] Environment 3
[2022-11-24 01:11:20,093] [INFO] [runner_train_mujoco] Environment 4
[2022-11-24 01:11:25,010] [INFO] [runner_train_mujoco] Environment 5
[2022-11-24 01:11:29,734] [INFO] [runner_train_mujoco] Environment 6
[2022-11-24 01:11:34,364] [INFO] [runner_train_mujoco] Environment 7
[2022-11-24 01:11:39,204] [INFO] [runner_train_mujoco] Environment 8
[2022-11-24 01:11:43,726] [INFO] [runner_train_mujoco] Environment 9
[2022-11-24 01:11:48,524] [INFO] [runner_train_mujoco] Average cumulative reward after 150 steps: 3.02714083898826
[2022-11-24 01:11:48,524] [INFO] [runner_train_mujoco] Average state value: 0.5778397682507833
[2022-11-24 01:11:48,524] [INFO] [controller] ITERATION NUM: 49
[2022-11-24 01:11:48,591] [INFO] [controller] EPOCH 1 loss ppo:  -0.01432, loss val: 0.04139
[2022-11-24 01:11:48,651] [INFO] [controller] EPOCH 2 loss ppo:  -0.01780, loss val: 0.04160
[2022-11-24 01:11:48,699] [INFO] [controller] EPOCH 3 loss ppo:  -0.02393, loss val: 0.04163
[2022-11-24 01:11:48,760] [INFO] [controller] EPOCH 4 loss ppo:  -0.02719, loss val: 0.04166
[2022-11-24 01:11:48,769] [INFO] [runner_train_mujoco] Finished batch.
[2022-11-24 01:11:48,810] [INFO] [runner_train_mujoco] Starting simulation batch with mujoco.
[2022-11-24 01:11:48,810] [INFO] [runner_train_mujoco] Environment 0
[2022-11-24 01:11:54,048] [INFO] [runner_train_mujoco] Environment 1
[2022-11-24 01:11:58,933] [INFO] [runner_train_mujoco] Environment 2
[2022-11-24 01:12:04,383] [INFO] [runner_train_mujoco] Environment 3
[2022-11-24 01:12:09,282] [INFO] [runner_train_mujoco] Environment 4
[2022-11-24 01:12:14,328] [INFO] [runner_train_mujoco] Environment 5
[2022-11-24 01:12:19,684] [INFO] [runner_train_mujoco] Environment 6
[2022-11-24 01:12:24,571] [INFO] [runner_train_mujoco] Environment 7
[2022-11-24 01:12:29,801] [INFO] [runner_train_mujoco] Environment 8
[2022-11-24 01:12:34,798] [INFO] [runner_train_mujoco] Environment 9
[2022-11-24 01:12:40,049] [INFO] [runner_train_mujoco] Average cumulative reward after 150 steps: 3.100585340024699
[2022-11-24 01:12:40,050] [INFO] [runner_train_mujoco] Average state value: 0.5640821954409282
[2022-11-24 01:12:40,050] [INFO] [controller] ITERATION NUM: 50
[2022-11-24 01:12:40,113] [INFO] [controller] EPOCH 1 loss ppo:  -0.01480, loss val: 0.04359
[2022-11-24 01:12:40,166] [INFO] [controller] EPOCH 2 loss ppo:  -0.01988, loss val: 0.04198
[2022-11-24 01:12:40,220] [INFO] [controller] EPOCH 3 loss ppo:  -0.02608, loss val: 0.04161
[2022-11-24 01:12:40,272] [INFO] [controller] EPOCH 4 loss ppo:  -0.02959, loss val: 0.04195
[2022-11-24 01:12:40,283] [INFO] [runner_train_mujoco] Finished batch.
[2022-11-24 01:12:40,325] [INFO] [runner_train_mujoco] Starting simulation batch with mujoco.
[2022-11-24 01:12:40,325] [INFO] [runner_train_mujoco] Environment 0
[2022-11-24 01:12:45,309] [INFO] [runner_train_mujoco] Environment 1
[2022-11-24 01:12:50,552] [INFO] [runner_train_mujoco] Environment 2
[2022-11-24 01:12:55,678] [INFO] [runner_train_mujoco] Environment 3
[2022-11-24 01:13:00,905] [INFO] [runner_train_mujoco] Environment 4
[2022-11-24 01:13:05,979] [INFO] [runner_train_mujoco] Environment 5
[2022-11-24 01:13:11,148] [INFO] [runner_train_mujoco] Environment 6
[2022-11-24 01:13:16,367] [INFO] [runner_train_mujoco] Environment 7
[2022-11-24 01:13:21,267] [INFO] [runner_train_mujoco] Environment 8
[2022-11-24 01:13:26,437] [INFO] [runner_train_mujoco] Environment 9
[2022-11-24 01:13:31,484] [INFO] [runner_train_mujoco] Average cumulative reward after 150 steps: 3.1521544757857143
[2022-11-24 01:13:31,484] [INFO] [runner_train_mujoco] Average state value: 0.5634574394027392
[2022-11-24 01:13:31,484] [INFO] [controller] ITERATION NUM: 51
[2022-11-24 01:13:31,550] [INFO] [controller] EPOCH 1 loss ppo:  -0.01541, loss val: 0.04187
[2022-11-24 01:13:31,601] [INFO] [controller] EPOCH 2 loss ppo:  -0.02108, loss val: 0.04203
[2022-11-24 01:13:31,675] [INFO] [controller] EPOCH 3 loss ppo:  -0.02447, loss val: 0.04343
[2022-11-24 01:13:31,949] [INFO] [controller] EPOCH 4 loss ppo:  -0.02808, loss val: 0.04285
[2022-11-24 01:13:31,963] [INFO] [runner_train_mujoco] Finished batch.
[2022-11-24 01:13:32,015] [INFO] [runner_train_mujoco] Starting simulation batch with mujoco.
[2022-11-24 01:13:32,015] [INFO] [runner_train_mujoco] Environment 0
[2022-11-24 01:13:37,109] [INFO] [runner_train_mujoco] Environment 1
[2022-11-24 01:13:42,442] [INFO] [runner_train_mujoco] Environment 2
[2022-11-24 01:13:46,900] [INFO] [runner_train_mujoco] Environment 3
[2022-11-24 01:13:51,932] [INFO] [runner_train_mujoco] Environment 4
[2022-11-24 01:13:56,945] [INFO] [runner_train_mujoco] Environment 5
[2022-11-24 01:14:02,364] [INFO] [runner_train_mujoco] Environment 6
[2022-11-24 01:14:07,954] [INFO] [runner_train_mujoco] Environment 7
[2022-11-24 01:14:13,123] [INFO] [runner_train_mujoco] Environment 8
[2022-11-24 01:14:18,234] [INFO] [runner_train_mujoco] Environment 9
[2022-11-24 01:14:22,887] [INFO] [runner_train_mujoco] Average cumulative reward after 150 steps: 3.3105046429117886
[2022-11-24 01:14:22,888] [INFO] [runner_train_mujoco] Average state value: 0.5624151710669201
[2022-11-24 01:14:22,888] [INFO] [controller] ITERATION NUM: 52
[2022-11-24 01:14:22,944] [INFO] [controller] EPOCH 1 loss ppo:  -0.01416, loss val: 0.04219
[2022-11-24 01:14:22,986] [INFO] [controller] EPOCH 2 loss ppo:  -0.01843, loss val: 0.04259
[2022-11-24 01:14:23,034] [INFO] [controller] EPOCH 3 loss ppo:  -0.02265, loss val: 0.04262
[2022-11-24 01:14:23,075] [INFO] [controller] EPOCH 4 loss ppo:  -0.02414, loss val: 0.04212
[2022-11-24 01:14:23,084] [INFO] [runner_train_mujoco] Finished batch.
[2022-11-24 01:14:23,123] [INFO] [runner_train_mujoco] Starting simulation batch with mujoco.
[2022-11-24 01:14:23,124] [INFO] [runner_train_mujoco] Environment 0
[2022-11-24 01:14:27,747] [INFO] [runner_train_mujoco] Environment 1
[2022-11-24 01:14:32,608] [INFO] [runner_train_mujoco] Environment 2
[2022-11-24 01:14:37,031] [INFO] [runner_train_mujoco] Environment 3
[2022-11-24 01:14:41,209] [INFO] [runner_train_mujoco] Environment 4
[2022-11-24 01:14:45,921] [INFO] [runner_train_mujoco] Environment 5
[2022-11-24 01:14:50,086] [INFO] [runner_train_mujoco] Environment 6
[2022-11-24 01:14:54,206] [INFO] [runner_train_mujoco] Environment 7
[2022-11-24 01:14:59,025] [INFO] [runner_train_mujoco] Environment 8
[2022-11-24 01:15:03,794] [INFO] [runner_train_mujoco] Environment 9
[2022-11-24 01:15:07,838] [INFO] [runner_train_mujoco] Average cumulative reward after 150 steps: 3.2900236166623342
[2022-11-24 01:15:07,839] [INFO] [runner_train_mujoco] Average state value: 0.5577528817057609
[2022-11-24 01:15:07,839] [INFO] [controller] ITERATION NUM: 53
[2022-11-24 01:15:07,894] [INFO] [controller] EPOCH 1 loss ppo:  -0.01459, loss val: 0.04421
[2022-11-24 01:15:07,939] [INFO] [controller] EPOCH 2 loss ppo:  -0.01918, loss val: 0.04468
[2022-11-24 01:15:07,981] [INFO] [controller] EPOCH 3 loss ppo:  -0.02393, loss val: 0.04516
[2022-11-24 01:15:08,022] [INFO] [controller] EPOCH 4 loss ppo:  -0.02633, loss val: 0.04479
[2022-11-24 01:15:08,031] [INFO] [runner_train_mujoco] Finished batch.
[2022-11-24 01:15:08,072] [INFO] [runner_train_mujoco] Starting simulation batch with mujoco.
[2022-11-24 01:15:08,072] [INFO] [runner_train_mujoco] Environment 0
[2022-11-24 01:15:12,808] [INFO] [runner_train_mujoco] Environment 1
[2022-11-24 01:15:17,061] [INFO] [runner_train_mujoco] Environment 2
[2022-11-24 01:15:21,459] [INFO] [runner_train_mujoco] Environment 3
[2022-11-24 01:15:26,889] [INFO] [runner_train_mujoco] Environment 4
[2022-11-24 01:15:32,596] [INFO] [runner_train_mujoco] Environment 5
[2022-11-24 01:15:37,697] [INFO] [runner_train_mujoco] Environment 6
[2022-11-24 01:15:42,849] [INFO] [runner_train_mujoco] Environment 7
[2022-11-24 01:15:47,555] [INFO] [runner_train_mujoco] Environment 8
[2022-11-24 01:15:52,396] [INFO] [runner_train_mujoco] Environment 9
[2022-11-24 01:15:57,253] [INFO] [runner_train_mujoco] Average cumulative reward after 150 steps: 3.4042427964412076
[2022-11-24 01:15:57,253] [INFO] [runner_train_mujoco] Average state value: 0.5604835917750994
[2022-11-24 01:15:57,253] [INFO] [controller] ITERATION NUM: 54
[2022-11-24 01:15:57,312] [INFO] [controller] EPOCH 1 loss ppo:  -0.01382, loss val: 0.04197
[2022-11-24 01:15:57,393] [INFO] [controller] EPOCH 2 loss ppo:  -0.01595, loss val: 0.04284
[2022-11-24 01:15:57,444] [INFO] [controller] EPOCH 3 loss ppo:  -0.01901, loss val: 0.04242
[2022-11-24 01:15:57,499] [INFO] [controller] EPOCH 4 loss ppo:  -0.02212, loss val: 0.04353
[2022-11-24 01:15:57,508] [INFO] [runner_train_mujoco] Finished batch.
[2022-11-24 01:15:57,548] [INFO] [runner_train_mujoco] Starting simulation batch with mujoco.
[2022-11-24 01:15:57,548] [INFO] [runner_train_mujoco] Environment 0
[2022-11-24 01:16:02,410] [INFO] [runner_train_mujoco] Environment 1
[2022-11-24 01:16:07,099] [INFO] [runner_train_mujoco] Environment 2
[2022-11-24 01:16:12,051] [INFO] [runner_train_mujoco] Environment 3
[2022-11-24 01:16:16,798] [INFO] [runner_train_mujoco] Environment 4
[2022-11-24 01:16:21,644] [INFO] [runner_train_mujoco] Environment 5
[2022-11-24 01:16:26,631] [INFO] [runner_train_mujoco] Environment 6
[2022-11-24 01:16:31,513] [INFO] [runner_train_mujoco] Environment 7
[2022-11-24 01:16:36,322] [INFO] [runner_train_mujoco] Environment 8
[2022-11-24 01:16:41,435] [INFO] [runner_train_mujoco] Environment 9
[2022-11-24 01:16:46,625] [INFO] [runner_train_mujoco] Average cumulative reward after 150 steps: 3.3560222406853297
[2022-11-24 01:16:46,625] [INFO] [runner_train_mujoco] Average state value: 0.5699263347983361
[2022-11-24 01:16:46,626] [INFO] [controller] ITERATION NUM: 55
[2022-11-24 01:16:46,693] [INFO] [controller] EPOCH 1 loss ppo:  -0.01428, loss val: 0.04194
[2022-11-24 01:16:46,744] [INFO] [controller] EPOCH 2 loss ppo:  -0.01564, loss val: 0.04204
[2022-11-24 01:16:46,794] [INFO] [controller] EPOCH 3 loss ppo:  -0.01885, loss val: 0.04231
[2022-11-24 01:16:46,847] [INFO] [controller] EPOCH 4 loss ppo:  -0.02260, loss val: 0.04310
[2022-11-24 01:16:46,857] [INFO] [runner_train_mujoco] Finished batch.
[2022-11-24 01:16:46,901] [INFO] [runner_train_mujoco] Starting simulation batch with mujoco.
[2022-11-24 01:16:46,901] [INFO] [runner_train_mujoco] Environment 0
[2022-11-24 01:16:52,268] [INFO] [runner_train_mujoco] Environment 1
[2022-11-24 01:16:57,066] [INFO] [runner_train_mujoco] Environment 2
[2022-11-24 01:17:02,185] [INFO] [runner_train_mujoco] Environment 3
[2022-11-24 01:17:07,558] [INFO] [runner_train_mujoco] Environment 4
[2022-11-24 01:17:12,508] [INFO] [runner_train_mujoco] Environment 5
[2022-11-24 01:17:17,623] [INFO] [runner_train_mujoco] Environment 6
[2022-11-24 01:17:22,255] [INFO] [runner_train_mujoco] Environment 7
[2022-11-24 01:17:27,351] [INFO] [runner_train_mujoco] Environment 8
[2022-11-24 01:17:32,459] [INFO] [runner_train_mujoco] Environment 9
[2022-11-24 01:17:37,551] [INFO] [runner_train_mujoco] Average cumulative reward after 150 steps: 3.3527645441036675
[2022-11-24 01:17:37,551] [INFO] [runner_train_mujoco] Average state value: 0.5658747465411823
[2022-11-24 01:17:37,551] [INFO] [controller] ITERATION NUM: 56
[2022-11-24 01:17:37,611] [INFO] [controller] EPOCH 1 loss ppo:  -0.01460, loss val: 0.04555
[2022-11-24 01:17:37,656] [INFO] [controller] EPOCH 2 loss ppo:  -0.01650, loss val: 0.04558
[2022-11-24 01:17:37,703] [INFO] [controller] EPOCH 3 loss ppo:  -0.01945, loss val: 0.04624
[2022-11-24 01:17:37,751] [INFO] [controller] EPOCH 4 loss ppo:  -0.02201, loss val: 0.04637
[2022-11-24 01:17:37,762] [INFO] [runner_train_mujoco] Finished batch.
[2022-11-24 01:17:37,811] [INFO] [runner_train_mujoco] Starting simulation batch with mujoco.
[2022-11-24 01:17:37,811] [INFO] [runner_train_mujoco] Environment 0
[2022-11-24 01:17:42,937] [INFO] [runner_train_mujoco] Environment 1
[2022-11-24 01:17:47,630] [INFO] [runner_train_mujoco] Environment 2
[2022-11-24 01:17:52,644] [INFO] [runner_train_mujoco] Environment 3
[2022-11-24 01:17:57,939] [INFO] [runner_train_mujoco] Environment 4
[2022-11-24 01:18:03,004] [INFO] [runner_train_mujoco] Environment 5
[2022-11-24 01:18:08,073] [INFO] [runner_train_mujoco] Environment 6
[2022-11-24 01:18:12,922] [INFO] [runner_train_mujoco] Environment 7
[2022-11-24 01:18:17,555] [INFO] [runner_train_mujoco] Environment 8
[2022-11-24 01:18:22,256] [INFO] [runner_train_mujoco] Environment 9
[2022-11-24 01:18:26,997] [INFO] [runner_train_mujoco] Average cumulative reward after 150 steps: 3.465050601247296
[2022-11-24 01:18:26,998] [INFO] [runner_train_mujoco] Average state value: 0.5683845144311588
[2022-11-24 01:18:26,998] [INFO] [controller] ITERATION NUM: 57
[2022-11-24 01:18:27,061] [INFO] [controller] EPOCH 1 loss ppo:  -0.01468, loss val: 0.04346
[2022-11-24 01:18:27,121] [INFO] [controller] EPOCH 2 loss ppo:  -0.01665, loss val: 0.04325
[2022-11-24 01:18:27,187] [INFO] [controller] EPOCH 3 loss ppo:  -0.01952, loss val: 0.04326
[2022-11-24 01:18:27,239] [INFO] [controller] EPOCH 4 loss ppo:  -0.02178, loss val: 0.04293
[2022-11-24 01:18:27,248] [INFO] [runner_train_mujoco] Finished batch.
[2022-11-24 01:18:27,293] [INFO] [runner_train_mujoco] Starting simulation batch with mujoco.
[2022-11-24 01:18:27,294] [INFO] [runner_train_mujoco] Environment 0
[2022-11-24 01:18:32,149] [INFO] [runner_train_mujoco] Environment 1
[2022-11-24 01:18:37,428] [INFO] [runner_train_mujoco] Environment 2
[2022-11-24 01:18:42,560] [INFO] [runner_train_mujoco] Environment 3
[2022-11-24 01:18:47,342] [INFO] [runner_train_mujoco] Environment 4
[2022-11-24 01:18:51,641] [INFO] [runner_train_mujoco] Environment 5
[2022-11-24 01:18:57,567] [INFO] [runner_train_mujoco] Environment 6
[2022-11-24 01:19:03,507] [INFO] [runner_train_mujoco] Environment 7
[2022-11-24 01:19:09,125] [INFO] [runner_train_mujoco] Environment 8
[2022-11-24 01:19:15,302] [INFO] [runner_train_mujoco] Environment 9
[2022-11-24 01:19:20,906] [INFO] [runner_train_mujoco] Average cumulative reward after 150 steps: 3.5789294697332337
[2022-11-24 01:19:20,906] [INFO] [runner_train_mujoco] Average state value: 0.5665319120685259
[2022-11-24 01:19:20,906] [INFO] [controller] ITERATION NUM: 58
[2022-11-24 01:19:20,978] [INFO] [controller] EPOCH 1 loss ppo:  -0.01449, loss val: 0.04334
[2022-11-24 01:19:21,031] [INFO] [controller] EPOCH 2 loss ppo:  -0.01531, loss val: 0.04276
[2022-11-24 01:19:21,113] [INFO] [controller] EPOCH 3 loss ppo:  -0.01626, loss val: 0.04284
[2022-11-24 01:19:21,180] [INFO] [controller] EPOCH 4 loss ppo:  -0.01754, loss val: 0.04216
[2022-11-24 01:19:21,190] [INFO] [runner_train_mujoco] Finished batch.
[2022-11-24 01:19:21,196] [INFO] [optimize] Finished learning.
