[2022-11-24 02:08:05,733] [INFO] [optimize] Starting learning
[2022-11-24 02:08:05,757] [INFO] [optimize] Starting learning process..
[2022-11-24 02:08:05,853] [INFO] [runner_train_mujoco] Starting simulation batch with mujoco.
[2022-11-24 02:08:05,854] [INFO] [runner_train_mujoco] Environment 0
[2022-11-24 02:08:13,949] [INFO] [runner_train_mujoco] Environment 1
[2022-11-24 02:08:21,331] [INFO] [runner_train_mujoco] Environment 2
[2022-11-24 02:08:28,400] [INFO] [runner_train_mujoco] Environment 3
[2022-11-24 02:08:35,706] [INFO] [runner_train_mujoco] Environment 4
[2022-11-24 02:08:42,878] [INFO] [runner_train_mujoco] Environment 5
[2022-11-24 02:08:50,524] [INFO] [runner_train_mujoco] Environment 6
[2022-11-24 02:08:58,419] [INFO] [runner_train_mujoco] Environment 7
[2022-11-24 02:09:05,784] [INFO] [runner_train_mujoco] Environment 8
[2022-11-24 02:09:13,024] [INFO] [runner_train_mujoco] Environment 9
[2022-11-24 02:09:20,014] [INFO] [runner_train_mujoco] Average cumulative reward after 150 steps: 0.6252270527230729
[2022-11-24 02:09:20,014] [INFO] [runner_train_mujoco] Average state value: 0.059636890772730114
[2022-11-24 02:09:20,014] [INFO] [controller] ITERATION NUM: 1
[2022-11-24 02:09:20,065] [INFO] [controller] EPOCH 1 loss ppo:  -0.00913, loss val: 0.35148
[2022-11-24 02:09:20,105] [INFO] [controller] EPOCH 2 loss ppo:  -0.05050, loss val: 0.31407
[2022-11-24 02:09:20,142] [INFO] [controller] EPOCH 3 loss ppo:  -0.06659, loss val: 0.27713
[2022-11-24 02:09:20,188] [INFO] [controller] EPOCH 4 loss ppo:  -0.07790, loss val: 0.25445
[2022-11-24 02:09:20,199] [INFO] [runner_train_mujoco] Finished batch.
[2022-11-24 02:09:20,278] [INFO] [runner_train_mujoco] Starting simulation batch with mujoco.
[2022-11-24 02:09:20,278] [INFO] [runner_train_mujoco] Environment 0
[2022-11-24 02:09:27,633] [INFO] [runner_train_mujoco] Environment 1
[2022-11-24 02:09:34,687] [INFO] [runner_train_mujoco] Environment 2
[2022-11-24 02:09:41,698] [INFO] [runner_train_mujoco] Environment 3
[2022-11-24 02:09:48,689] [INFO] [runner_train_mujoco] Environment 4
[2022-11-24 02:09:55,581] [INFO] [runner_train_mujoco] Environment 5
[2022-11-24 02:10:03,330] [INFO] [runner_train_mujoco] Environment 6
[2022-11-24 02:10:11,062] [INFO] [runner_train_mujoco] Environment 7
[2022-11-24 02:10:18,979] [INFO] [runner_train_mujoco] Environment 8
[2022-11-24 02:10:25,965] [INFO] [runner_train_mujoco] Environment 9
[2022-11-24 02:10:33,034] [INFO] [runner_train_mujoco] Average cumulative reward after 150 steps: 0.5793977952640363
[2022-11-24 02:10:33,034] [INFO] [runner_train_mujoco] Average state value: 0.20687810581425822
[2022-11-24 02:10:33,034] [INFO] [controller] ITERATION NUM: 2
[2022-11-24 02:10:33,094] [INFO] [controller] EPOCH 1 loss ppo:  -0.01362, loss val: 0.23747
[2022-11-24 02:10:33,151] [INFO] [controller] EPOCH 2 loss ppo:  -0.05149, loss val: 0.20973
[2022-11-24 02:10:33,207] [INFO] [controller] EPOCH 3 loss ppo:  -0.06852, loss val: 0.19101
[2022-11-24 02:10:33,261] [INFO] [controller] EPOCH 4 loss ppo:  -0.07939, loss val: 0.17135
[2022-11-24 02:10:33,271] [INFO] [runner_train_mujoco] Finished batch.
[2022-11-24 02:10:33,377] [INFO] [runner_train_mujoco] Starting simulation batch with mujoco.
[2022-11-24 02:10:33,378] [INFO] [runner_train_mujoco] Environment 0
[2022-11-24 02:10:40,404] [INFO] [runner_train_mujoco] Environment 1
[2022-11-24 02:10:47,961] [INFO] [runner_train_mujoco] Environment 2
[2022-11-24 02:10:54,817] [INFO] [runner_train_mujoco] Environment 3
[2022-11-24 02:11:03,261] [INFO] [runner_train_mujoco] Environment 4
[2022-11-24 02:11:11,255] [INFO] [runner_train_mujoco] Environment 5
[2022-11-24 02:11:18,952] [INFO] [runner_train_mujoco] Environment 6
[2022-11-24 02:11:26,385] [INFO] [runner_train_mujoco] Environment 7
[2022-11-24 02:11:33,907] [INFO] [runner_train_mujoco] Environment 8
[2022-11-24 02:11:41,445] [INFO] [runner_train_mujoco] Environment 9
[2022-11-24 02:11:48,158] [INFO] [runner_train_mujoco] Average cumulative reward after 150 steps: 0.4475334266356975
[2022-11-24 02:11:48,159] [INFO] [runner_train_mujoco] Average state value: 0.3529371001360317
[2022-11-24 02:11:48,159] [INFO] [controller] ITERATION NUM: 3
[2022-11-24 02:11:48,212] [INFO] [controller] EPOCH 1 loss ppo:  -0.01181, loss val: 0.15728
[2022-11-24 02:11:48,253] [INFO] [controller] EPOCH 2 loss ppo:  -0.04780, loss val: 0.14547
[2022-11-24 02:11:48,301] [INFO] [controller] EPOCH 3 loss ppo:  -0.06807, loss val: 0.13426
[2022-11-24 02:11:48,355] [INFO] [controller] EPOCH 4 loss ppo:  -0.07804, loss val: 0.12420
[2022-11-24 02:11:48,365] [INFO] [runner_train_mujoco] Finished batch.
[2022-11-24 02:11:48,456] [INFO] [runner_train_mujoco] Starting simulation batch with mujoco.
[2022-11-24 02:11:48,456] [INFO] [runner_train_mujoco] Environment 0
[2022-11-24 02:11:55,391] [INFO] [runner_train_mujoco] Environment 1
[2022-11-24 02:12:02,338] [INFO] [runner_train_mujoco] Environment 2
[2022-11-24 02:12:09,037] [INFO] [runner_train_mujoco] Environment 3
[2022-11-24 02:12:15,786] [INFO] [runner_train_mujoco] Environment 4
[2022-11-24 02:12:23,224] [INFO] [runner_train_mujoco] Environment 5
[2022-11-24 02:12:30,376] [INFO] [runner_train_mujoco] Environment 6
[2022-11-24 02:12:38,047] [INFO] [runner_train_mujoco] Environment 7
[2022-11-24 02:12:45,223] [INFO] [runner_train_mujoco] Environment 8
[2022-11-24 02:12:52,412] [INFO] [runner_train_mujoco] Environment 9
[2022-11-24 02:12:59,916] [INFO] [runner_train_mujoco] Average cumulative reward after 150 steps: 0.4968157000044857
[2022-11-24 02:12:59,916] [INFO] [runner_train_mujoco] Average state value: 0.453770674875006
[2022-11-24 02:12:59,916] [INFO] [controller] ITERATION NUM: 4
[2022-11-24 02:12:59,968] [INFO] [controller] EPOCH 1 loss ppo:  -0.01061, loss val: 0.12353
[2022-11-24 02:13:00,008] [INFO] [controller] EPOCH 2 loss ppo:  -0.03815, loss val: 0.11372
[2022-11-24 02:13:00,055] [INFO] [controller] EPOCH 3 loss ppo:  -0.06116, loss val: 0.10992
[2022-11-24 02:13:00,092] [INFO] [controller] EPOCH 4 loss ppo:  -0.07473, loss val: 0.10106
[2022-11-24 02:13:00,100] [INFO] [runner_train_mujoco] Finished batch.
[2022-11-24 02:13:00,189] [INFO] [runner_train_mujoco] Starting simulation batch with mujoco.
[2022-11-24 02:13:00,190] [INFO] [runner_train_mujoco] Environment 0
[2022-11-24 02:13:07,130] [INFO] [runner_train_mujoco] Environment 1
[2022-11-24 02:13:14,087] [INFO] [runner_train_mujoco] Environment 2
[2022-11-24 02:13:21,307] [INFO] [runner_train_mujoco] Environment 3
[2022-11-24 02:13:28,718] [INFO] [runner_train_mujoco] Environment 4
[2022-11-24 02:13:35,897] [INFO] [runner_train_mujoco] Environment 5
[2022-11-24 02:13:43,053] [INFO] [runner_train_mujoco] Environment 6
[2022-11-24 02:13:50,596] [INFO] [runner_train_mujoco] Environment 7
[2022-11-24 02:13:57,552] [INFO] [runner_train_mujoco] Environment 8
[2022-11-24 02:14:04,748] [INFO] [runner_train_mujoco] Environment 9
[2022-11-24 02:14:12,061] [INFO] [runner_train_mujoco] Average cumulative reward after 150 steps: 0.5318487492384262
[2022-11-24 02:14:12,061] [INFO] [runner_train_mujoco] Average state value: 0.5055128295980394
[2022-11-24 02:14:12,061] [INFO] [controller] ITERATION NUM: 5
[2022-11-24 02:14:12,109] [INFO] [controller] EPOCH 1 loss ppo:  -0.01308, loss val: 0.10322
[2022-11-24 02:14:12,149] [INFO] [controller] EPOCH 2 loss ppo:  -0.04572, loss val: 0.09859
[2022-11-24 02:14:12,189] [INFO] [controller] EPOCH 3 loss ppo:  -0.06274, loss val: 0.09378
[2022-11-24 02:14:12,227] [INFO] [controller] EPOCH 4 loss ppo:  -0.07020, loss val: 0.09112
[2022-11-24 02:14:12,236] [INFO] [runner_train_mujoco] Finished batch.
[2022-11-24 02:14:12,312] [INFO] [runner_train_mujoco] Starting simulation batch with mujoco.
[2022-11-24 02:14:12,312] [INFO] [runner_train_mujoco] Environment 0
[2022-11-24 02:14:19,413] [INFO] [runner_train_mujoco] Environment 1
[2022-11-24 02:14:25,948] [INFO] [runner_train_mujoco] Environment 2
[2022-11-24 02:14:32,306] [INFO] [runner_train_mujoco] Environment 3
[2022-11-24 02:14:39,040] [INFO] [runner_train_mujoco] Environment 4
[2022-11-24 02:14:45,951] [INFO] [runner_train_mujoco] Environment 5
[2022-11-24 02:14:52,341] [INFO] [runner_train_mujoco] Environment 6
[2022-11-24 02:14:58,966] [INFO] [runner_train_mujoco] Environment 7
[2022-11-24 02:15:05,611] [INFO] [runner_train_mujoco] Environment 8
[2022-11-24 02:15:12,232] [INFO] [runner_train_mujoco] Environment 9
[2022-11-24 02:15:18,598] [INFO] [runner_train_mujoco] Average cumulative reward after 150 steps: 0.9137071923495185
[2022-11-24 02:15:18,599] [INFO] [runner_train_mujoco] Average state value: 0.5335037991131346
[2022-11-24 02:15:18,599] [INFO] [controller] ITERATION NUM: 6
[2022-11-24 02:15:18,658] [INFO] [controller] EPOCH 1 loss ppo:  -0.01355, loss val: 0.07766
[2022-11-24 02:15:18,705] [INFO] [controller] EPOCH 2 loss ppo:  -0.04648, loss val: 0.07797
[2022-11-24 02:15:18,759] [INFO] [controller] EPOCH 3 loss ppo:  -0.06027, loss val: 0.07156
[2022-11-24 02:15:18,803] [INFO] [controller] EPOCH 4 loss ppo:  -0.07474, loss val: 0.06966
[2022-11-24 02:15:18,813] [INFO] [runner_train_mujoco] Finished batch.
[2022-11-24 02:15:18,909] [INFO] [runner_train_mujoco] Starting simulation batch with mujoco.
[2022-11-24 02:15:18,909] [INFO] [runner_train_mujoco] Environment 0
[2022-11-24 02:15:25,462] [INFO] [runner_train_mujoco] Environment 1
[2022-11-24 02:15:32,060] [INFO] [runner_train_mujoco] Environment 2
[2022-11-24 02:15:38,478] [INFO] [runner_train_mujoco] Environment 3
[2022-11-24 02:15:45,299] [INFO] [runner_train_mujoco] Environment 4
[2022-11-24 02:15:51,733] [INFO] [runner_train_mujoco] Environment 5
[2022-11-24 02:15:58,101] [INFO] [runner_train_mujoco] Environment 6
[2022-11-24 02:16:05,275] [INFO] [runner_train_mujoco] Environment 7
[2022-11-24 02:16:14,229] [INFO] [runner_train_mujoco] Environment 8
[2022-11-24 02:16:21,708] [INFO] [runner_train_mujoco] Environment 9
[2022-11-24 02:16:28,690] [INFO] [runner_train_mujoco] Average cumulative reward after 150 steps: 0.3797753289597828
[2022-11-24 02:16:28,690] [INFO] [runner_train_mujoco] Average state value: 0.5509868649393319
[2022-11-24 02:16:28,690] [INFO] [controller] ITERATION NUM: 7
[2022-11-24 02:16:28,756] [INFO] [controller] EPOCH 1 loss ppo:  -0.00918, loss val: 0.06993
[2022-11-24 02:16:28,803] [INFO] [controller] EPOCH 2 loss ppo:  -0.03700, loss val: 0.06971
[2022-11-24 02:16:28,853] [INFO] [controller] EPOCH 3 loss ppo:  -0.05644, loss val: 0.06574
[2022-11-24 02:16:28,904] [INFO] [controller] EPOCH 4 loss ppo:  -0.06777, loss val: 0.06644
[2022-11-24 02:16:28,915] [INFO] [runner_train_mujoco] Finished batch.
[2022-11-24 02:16:29,025] [INFO] [runner_train_mujoco] Starting simulation batch with mujoco.
[2022-11-24 02:16:29,025] [INFO] [runner_train_mujoco] Environment 0
[2022-11-24 02:16:36,923] [INFO] [runner_train_mujoco] Environment 1
[2022-11-24 02:16:44,755] [INFO] [runner_train_mujoco] Environment 2
[2022-11-24 02:16:52,617] [INFO] [runner_train_mujoco] Environment 3
[2022-11-24 02:16:59,680] [INFO] [runner_train_mujoco] Environment 4
[2022-11-24 02:17:07,517] [INFO] [runner_train_mujoco] Environment 5
[2022-11-24 02:17:14,836] [INFO] [runner_train_mujoco] Environment 6
[2022-11-24 02:17:22,070] [INFO] [runner_train_mujoco] Environment 7
[2022-11-24 02:17:29,373] [INFO] [runner_train_mujoco] Environment 8
[2022-11-24 02:17:36,881] [INFO] [runner_train_mujoco] Environment 9
[2022-11-24 02:17:44,027] [INFO] [runner_train_mujoco] Average cumulative reward after 150 steps: 0.9650673654099361
[2022-11-24 02:17:44,027] [INFO] [runner_train_mujoco] Average state value: 0.4978496326239159
[2022-11-24 02:17:44,028] [INFO] [controller] ITERATION NUM: 8
[2022-11-24 02:17:44,075] [INFO] [controller] EPOCH 1 loss ppo:  -0.01180, loss val: 0.06546
[2022-11-24 02:17:44,118] [INFO] [controller] EPOCH 2 loss ppo:  -0.04140, loss val: 0.06213
[2022-11-24 02:17:44,157] [INFO] [controller] EPOCH 3 loss ppo:  -0.06235, loss val: 0.06012
[2022-11-24 02:17:44,196] [INFO] [controller] EPOCH 4 loss ppo:  -0.07525, loss val: 0.05733
[2022-11-24 02:17:44,205] [INFO] [runner_train_mujoco] Finished batch.
[2022-11-24 02:17:44,294] [INFO] [runner_train_mujoco] Starting simulation batch with mujoco.
[2022-11-24 02:17:44,295] [INFO] [runner_train_mujoco] Environment 0
[2022-11-24 02:17:51,911] [INFO] [runner_train_mujoco] Environment 1
[2022-11-24 02:17:59,244] [INFO] [runner_train_mujoco] Environment 2
[2022-11-24 02:18:07,200] [INFO] [runner_train_mujoco] Environment 3
[2022-11-24 02:18:14,639] [INFO] [runner_train_mujoco] Environment 4
[2022-11-24 02:18:21,677] [INFO] [runner_train_mujoco] Environment 5
[2022-11-24 02:18:28,902] [INFO] [runner_train_mujoco] Environment 6
[2022-11-24 02:18:36,063] [INFO] [runner_train_mujoco] Environment 7
[2022-11-24 02:18:43,604] [INFO] [runner_train_mujoco] Environment 8
[2022-11-24 02:18:51,106] [INFO] [runner_train_mujoco] Environment 9
[2022-11-24 02:18:58,909] [INFO] [runner_train_mujoco] Average cumulative reward after 150 steps: 0.7167892686094847
[2022-11-24 02:18:58,909] [INFO] [runner_train_mujoco] Average state value: 0.4901887085891018
[2022-11-24 02:18:58,909] [INFO] [controller] ITERATION NUM: 9
[2022-11-24 02:18:58,961] [INFO] [controller] EPOCH 1 loss ppo:  -0.01305, loss val: 0.05281
[2022-11-24 02:18:59,001] [INFO] [controller] EPOCH 2 loss ppo:  -0.04588, loss val: 0.05252
[2022-11-24 02:18:59,042] [INFO] [controller] EPOCH 3 loss ppo:  -0.06287, loss val: 0.05141
[2022-11-24 02:18:59,086] [INFO] [controller] EPOCH 4 loss ppo:  -0.07542, loss val: 0.05055
[2022-11-24 02:18:59,096] [INFO] [runner_train_mujoco] Finished batch.
[2022-11-24 02:18:59,177] [INFO] [runner_train_mujoco] Starting simulation batch with mujoco.
[2022-11-24 02:18:59,177] [INFO] [runner_train_mujoco] Environment 0
[2022-11-24 02:19:06,421] [INFO] [runner_train_mujoco] Environment 1
[2022-11-24 02:19:15,051] [INFO] [runner_train_mujoco] Environment 2
[2022-11-24 02:19:23,340] [INFO] [runner_train_mujoco] Environment 3
[2022-11-24 02:19:30,909] [INFO] [runner_train_mujoco] Environment 4
[2022-11-24 02:19:38,499] [INFO] [runner_train_mujoco] Environment 5
[2022-11-24 02:19:46,087] [INFO] [runner_train_mujoco] Environment 6
[2022-11-24 02:19:53,473] [INFO] [runner_train_mujoco] Environment 7
[2022-11-24 02:20:01,219] [INFO] [runner_train_mujoco] Environment 8
[2022-11-24 02:20:08,393] [INFO] [runner_train_mujoco] Environment 9
[2022-11-24 02:20:15,827] [INFO] [runner_train_mujoco] Average cumulative reward after 150 steps: 0.771578247101581
[2022-11-24 02:20:15,828] [INFO] [runner_train_mujoco] Average state value: 0.505781704456235
[2022-11-24 02:20:15,828] [INFO] [controller] ITERATION NUM: 10
[2022-11-24 02:20:15,881] [INFO] [controller] EPOCH 1 loss ppo:  -0.01113, loss val: 0.05810
[2022-11-24 02:20:15,923] [INFO] [controller] EPOCH 2 loss ppo:  -0.04017, loss val: 0.05841
[2022-11-24 02:20:15,964] [INFO] [controller] EPOCH 3 loss ppo:  -0.05649, loss val: 0.05595
[2022-11-24 02:20:16,008] [INFO] [controller] EPOCH 4 loss ppo:  -0.06972, loss val: 0.05614
[2022-11-24 02:20:16,018] [INFO] [runner_train_mujoco] Finished batch.
[2022-11-24 02:20:16,112] [INFO] [runner_train_mujoco] Starting simulation batch with mujoco.
[2022-11-24 02:20:16,113] [INFO] [runner_train_mujoco] Environment 0
[2022-11-24 02:20:23,993] [INFO] [runner_train_mujoco] Environment 1
[2022-11-24 02:20:32,108] [INFO] [runner_train_mujoco] Environment 2
[2022-11-24 02:20:39,741] [INFO] [runner_train_mujoco] Environment 3
[2022-11-24 02:20:47,254] [INFO] [runner_train_mujoco] Environment 4
[2022-11-24 02:20:54,449] [INFO] [runner_train_mujoco] Environment 5
[2022-11-24 02:21:01,569] [INFO] [runner_train_mujoco] Environment 6
[2022-11-24 02:21:08,572] [INFO] [runner_train_mujoco] Environment 7
[2022-11-24 02:21:16,009] [INFO] [runner_train_mujoco] Environment 8
[2022-11-24 02:21:23,099] [INFO] [runner_train_mujoco] Environment 9
[2022-11-24 02:21:30,399] [INFO] [runner_train_mujoco] Average cumulative reward after 150 steps: 0.5370620429261291
[2022-11-24 02:21:30,399] [INFO] [runner_train_mujoco] Average state value: 0.5345339889625708
[2022-11-24 02:21:30,399] [INFO] [controller] ITERATION NUM: 11
[2022-11-24 02:21:30,453] [INFO] [controller] EPOCH 1 loss ppo:  -0.01206, loss val: 0.05323
[2022-11-24 02:21:30,610] [INFO] [controller] EPOCH 2 loss ppo:  -0.04260, loss val: 0.05176
[2022-11-24 02:21:30,693] [INFO] [controller] EPOCH 3 loss ppo:  -0.05765, loss val: 0.05023
[2022-11-24 02:21:30,743] [INFO] [controller] EPOCH 4 loss ppo:  -0.06876, loss val: 0.04997
[2022-11-24 02:21:30,753] [INFO] [runner_train_mujoco] Finished batch.
[2022-11-24 02:21:30,848] [INFO] [runner_train_mujoco] Starting simulation batch with mujoco.
[2022-11-24 02:21:30,849] [INFO] [runner_train_mujoco] Environment 0
[2022-11-24 02:21:38,805] [INFO] [runner_train_mujoco] Environment 1
[2022-11-24 02:21:46,529] [INFO] [runner_train_mujoco] Environment 2
[2022-11-24 02:21:54,180] [INFO] [runner_train_mujoco] Environment 3
[2022-11-24 02:22:01,604] [INFO] [runner_train_mujoco] Environment 4
[2022-11-24 02:22:08,780] [INFO] [runner_train_mujoco] Environment 5
[2022-11-24 02:22:15,591] [INFO] [runner_train_mujoco] Environment 6
[2022-11-24 02:22:22,940] [INFO] [runner_train_mujoco] Environment 7
[2022-11-24 02:22:30,216] [INFO] [runner_train_mujoco] Environment 8
[2022-11-24 02:22:38,190] [INFO] [runner_train_mujoco] Environment 9
[2022-11-24 02:22:45,587] [INFO] [runner_train_mujoco] Average cumulative reward after 150 steps: 0.6323098656395878
[2022-11-24 02:22:45,587] [INFO] [runner_train_mujoco] Average state value: 0.5296853455056747
[2022-11-24 02:22:45,587] [INFO] [controller] ITERATION NUM: 12
[2022-11-24 02:22:45,638] [INFO] [controller] EPOCH 1 loss ppo:  -0.01108, loss val: 0.04490
[2022-11-24 02:22:45,683] [INFO] [controller] EPOCH 2 loss ppo:  -0.04059, loss val: 0.03902
[2022-11-24 02:22:45,732] [INFO] [controller] EPOCH 3 loss ppo:  -0.05892, loss val: 0.03944
[2022-11-24 02:22:45,781] [INFO] [controller] EPOCH 4 loss ppo:  -0.06880, loss val: 0.04075
[2022-11-24 02:22:45,791] [INFO] [runner_train_mujoco] Finished batch.
[2022-11-24 02:22:45,880] [INFO] [runner_train_mujoco] Starting simulation batch with mujoco.
[2022-11-24 02:22:45,880] [INFO] [runner_train_mujoco] Environment 0
[2022-11-24 02:22:53,409] [INFO] [runner_train_mujoco] Environment 1
[2022-11-24 02:23:01,483] [INFO] [runner_train_mujoco] Environment 2
[2022-11-24 02:23:09,038] [INFO] [runner_train_mujoco] Environment 3
[2022-11-24 02:23:17,029] [INFO] [runner_train_mujoco] Environment 4
[2022-11-24 02:23:24,705] [INFO] [runner_train_mujoco] Environment 5
[2022-11-24 02:23:31,956] [INFO] [runner_train_mujoco] Environment 6
[2022-11-24 02:23:39,253] [INFO] [runner_train_mujoco] Environment 7
[2022-11-24 02:23:46,440] [INFO] [runner_train_mujoco] Environment 8
[2022-11-24 02:23:53,521] [INFO] [runner_train_mujoco] Environment 9
[2022-11-24 02:24:01,417] [INFO] [runner_train_mujoco] Average cumulative reward after 150 steps: 0.7606018460408573
[2022-11-24 02:24:01,418] [INFO] [runner_train_mujoco] Average state value: 0.5307576341529687
[2022-11-24 02:24:01,418] [INFO] [controller] ITERATION NUM: 13
[2022-11-24 02:24:01,469] [INFO] [controller] EPOCH 1 loss ppo:  -0.01116, loss val: 0.04274
[2022-11-24 02:24:01,512] [INFO] [controller] EPOCH 2 loss ppo:  -0.04192, loss val: 0.04299
[2022-11-24 02:24:01,569] [INFO] [controller] EPOCH 3 loss ppo:  -0.05954, loss val: 0.04222
[2022-11-24 02:24:01,613] [INFO] [controller] EPOCH 4 loss ppo:  -0.07216, loss val: 0.04127
[2022-11-24 02:24:01,622] [INFO] [runner_train_mujoco] Finished batch.
[2022-11-24 02:24:01,708] [INFO] [runner_train_mujoco] Starting simulation batch with mujoco.
[2022-11-24 02:24:01,708] [INFO] [runner_train_mujoco] Environment 0
[2022-11-24 02:24:09,855] [INFO] [runner_train_mujoco] Environment 1
[2022-11-24 02:24:17,562] [INFO] [runner_train_mujoco] Environment 2
[2022-11-24 02:24:24,902] [INFO] [runner_train_mujoco] Environment 3
[2022-11-24 02:24:32,805] [INFO] [runner_train_mujoco] Environment 4
[2022-11-24 02:24:40,084] [INFO] [runner_train_mujoco] Environment 5
[2022-11-24 02:24:47,368] [INFO] [runner_train_mujoco] Environment 6
[2022-11-24 02:24:54,218] [INFO] [runner_train_mujoco] Environment 7
[2022-11-24 02:25:01,954] [INFO] [runner_train_mujoco] Environment 8
[2022-11-24 02:25:09,498] [INFO] [runner_train_mujoco] Environment 9
[2022-11-24 02:25:17,075] [INFO] [runner_train_mujoco] Average cumulative reward after 150 steps: 0.8141280264659041
[2022-11-24 02:25:17,076] [INFO] [runner_train_mujoco] Average state value: 0.5581728746592999
[2022-11-24 02:25:17,076] [INFO] [controller] ITERATION NUM: 14
[2022-11-24 02:25:17,123] [INFO] [controller] EPOCH 1 loss ppo:  -0.01042, loss val: 0.05261
[2022-11-24 02:25:17,160] [INFO] [controller] EPOCH 2 loss ppo:  -0.03827, loss val: 0.05355
[2022-11-24 02:25:17,266] [INFO] [controller] EPOCH 3 loss ppo:  -0.05447, loss val: 0.05016
[2022-11-24 02:25:17,307] [INFO] [controller] EPOCH 4 loss ppo:  -0.06773, loss val: 0.04995
[2022-11-24 02:25:17,316] [INFO] [runner_train_mujoco] Finished batch.
[2022-11-24 02:25:17,403] [INFO] [runner_train_mujoco] Starting simulation batch with mujoco.
[2022-11-24 02:25:17,403] [INFO] [runner_train_mujoco] Environment 0
[2022-11-24 02:25:24,786] [INFO] [runner_train_mujoco] Environment 1
[2022-11-24 02:25:32,309] [INFO] [runner_train_mujoco] Environment 2
[2022-11-24 02:25:39,783] [INFO] [runner_train_mujoco] Environment 3
[2022-11-24 02:25:47,318] [INFO] [runner_train_mujoco] Environment 4
[2022-11-24 02:25:54,738] [INFO] [runner_train_mujoco] Environment 5
[2022-11-24 02:26:02,614] [INFO] [runner_train_mujoco] Environment 6
[2022-11-24 02:26:10,207] [INFO] [runner_train_mujoco] Environment 7
[2022-11-24 02:26:17,288] [INFO] [runner_train_mujoco] Environment 8
[2022-11-24 02:26:24,861] [INFO] [runner_train_mujoco] Environment 9
[2022-11-24 02:26:31,980] [INFO] [runner_train_mujoco] Average cumulative reward after 150 steps: 0.8592843052039388
[2022-11-24 02:26:31,980] [INFO] [runner_train_mujoco] Average state value: 0.5422740774154663
[2022-11-24 02:26:31,980] [INFO] [controller] ITERATION NUM: 15
[2022-11-24 02:26:32,031] [INFO] [controller] EPOCH 1 loss ppo:  -0.01204, loss val: 0.05021
[2022-11-24 02:26:32,080] [INFO] [controller] EPOCH 2 loss ppo:  -0.04411, loss val: 0.05090
[2022-11-24 02:26:32,124] [INFO] [controller] EPOCH 3 loss ppo:  -0.06125, loss val: 0.05035
[2022-11-24 02:26:32,161] [INFO] [controller] EPOCH 4 loss ppo:  -0.07435, loss val: 0.04817
[2022-11-24 02:26:32,170] [INFO] [runner_train_mujoco] Finished batch.
[2022-11-24 02:26:32,260] [INFO] [runner_train_mujoco] Starting simulation batch with mujoco.
[2022-11-24 02:26:32,260] [INFO] [runner_train_mujoco] Environment 0
[2022-11-24 02:26:39,619] [INFO] [runner_train_mujoco] Environment 1
[2022-11-24 02:26:47,187] [INFO] [runner_train_mujoco] Environment 2
[2022-11-24 02:26:54,590] [INFO] [runner_train_mujoco] Environment 3
[2022-11-24 02:27:02,230] [INFO] [runner_train_mujoco] Environment 4
[2022-11-24 02:27:09,663] [INFO] [runner_train_mujoco] Environment 5
[2022-11-24 02:27:16,541] [INFO] [runner_train_mujoco] Environment 6
[2022-11-24 02:27:23,737] [INFO] [runner_train_mujoco] Environment 7
[2022-11-24 02:27:31,448] [INFO] [runner_train_mujoco] Environment 8
[2022-11-24 02:27:39,757] [INFO] [runner_train_mujoco] Environment 9
[2022-11-24 02:27:47,091] [INFO] [runner_train_mujoco] Average cumulative reward after 150 steps: 0.9272070628788198
[2022-11-24 02:27:47,091] [INFO] [runner_train_mujoco] Average state value: 0.5502753085990746
[2022-11-24 02:27:47,092] [INFO] [controller] ITERATION NUM: 16
[2022-11-24 02:27:47,139] [INFO] [controller] EPOCH 1 loss ppo:  -0.01169, loss val: 0.04382
[2022-11-24 02:27:47,181] [INFO] [controller] EPOCH 2 loss ppo:  -0.03630, loss val: 0.04201
[2022-11-24 02:27:47,224] [INFO] [controller] EPOCH 3 loss ppo:  -0.05325, loss val: 0.04243
[2022-11-24 02:27:47,275] [INFO] [controller] EPOCH 4 loss ppo:  -0.06585, loss val: 0.03982
[2022-11-24 02:27:47,284] [INFO] [runner_train_mujoco] Finished batch.
[2022-11-24 02:27:47,379] [INFO] [runner_train_mujoco] Starting simulation batch with mujoco.
[2022-11-24 02:27:47,380] [INFO] [runner_train_mujoco] Environment 0
[2022-11-24 02:27:54,976] [INFO] [runner_train_mujoco] Environment 1
[2022-11-24 02:28:02,724] [INFO] [runner_train_mujoco] Environment 2
[2022-11-24 02:28:09,959] [INFO] [runner_train_mujoco] Environment 3
[2022-11-24 02:28:17,068] [INFO] [runner_train_mujoco] Environment 4
[2022-11-24 02:28:24,416] [INFO] [runner_train_mujoco] Environment 5
[2022-11-24 02:28:31,800] [INFO] [runner_train_mujoco] Environment 6
[2022-11-24 02:28:39,416] [INFO] [runner_train_mujoco] Environment 7
[2022-11-24 02:28:46,773] [INFO] [runner_train_mujoco] Environment 8
[2022-11-24 02:28:54,250] [INFO] [runner_train_mujoco] Environment 9
[2022-11-24 02:29:01,705] [INFO] [runner_train_mujoco] Average cumulative reward after 150 steps: 0.8642142341038497
[2022-11-24 02:29:01,706] [INFO] [runner_train_mujoco] Average state value: 0.5306331332325935
[2022-11-24 02:29:01,706] [INFO] [controller] ITERATION NUM: 17
[2022-11-24 02:29:01,755] [INFO] [controller] EPOCH 1 loss ppo:  -0.01143, loss val: 0.04854
[2022-11-24 02:29:01,795] [INFO] [controller] EPOCH 2 loss ppo:  -0.03994, loss val: 0.04675
[2022-11-24 02:29:01,839] [INFO] [controller] EPOCH 3 loss ppo:  -0.05748, loss val: 0.04590
[2022-11-24 02:29:01,882] [INFO] [controller] EPOCH 4 loss ppo:  -0.07069, loss val: 0.04537
[2022-11-24 02:29:01,897] [INFO] [runner_train_mujoco] Finished batch.
[2022-11-24 02:29:02,051] [INFO] [runner_train_mujoco] Starting simulation batch with mujoco.
[2022-11-24 02:29:02,059] [INFO] [runner_train_mujoco] Environment 0
[2022-11-24 02:29:09,704] [INFO] [runner_train_mujoco] Environment 1
[2022-11-24 02:29:17,113] [INFO] [runner_train_mujoco] Environment 2
[2022-11-24 02:29:25,495] [INFO] [runner_train_mujoco] Environment 3
[2022-11-24 02:29:32,809] [INFO] [runner_train_mujoco] Environment 4
[2022-11-24 02:29:40,261] [INFO] [runner_train_mujoco] Environment 5
[2022-11-24 02:29:47,792] [INFO] [runner_train_mujoco] Environment 6
[2022-11-24 02:29:55,604] [INFO] [runner_train_mujoco] Environment 7
[2022-11-24 02:30:03,229] [INFO] [runner_train_mujoco] Environment 8
[2022-11-24 02:30:10,657] [INFO] [runner_train_mujoco] Environment 9
[2022-11-24 02:30:18,004] [INFO] [runner_train_mujoco] Average cumulative reward after 150 steps: 0.7708897339748811
[2022-11-24 02:30:18,005] [INFO] [runner_train_mujoco] Average state value: 0.46174288120369117
[2022-11-24 02:30:18,005] [INFO] [controller] ITERATION NUM: 18
[2022-11-24 02:30:18,055] [INFO] [controller] EPOCH 1 loss ppo:  -0.01313, loss val: 0.04527
[2022-11-24 02:30:18,098] [INFO] [controller] EPOCH 2 loss ppo:  -0.04302, loss val: 0.04576
[2022-11-24 02:30:18,140] [INFO] [controller] EPOCH 3 loss ppo:  -0.05811, loss val: 0.04884
[2022-11-24 02:30:18,184] [INFO] [controller] EPOCH 4 loss ppo:  -0.07088, loss val: 0.04254
[2022-11-24 02:30:18,193] [INFO] [runner_train_mujoco] Finished batch.
[2022-11-24 02:30:18,295] [INFO] [runner_train_mujoco] Starting simulation batch with mujoco.
[2022-11-24 02:30:18,296] [INFO] [runner_train_mujoco] Environment 0
[2022-11-24 02:30:26,327] [INFO] [runner_train_mujoco] Environment 1
[2022-11-24 02:30:33,840] [INFO] [runner_train_mujoco] Environment 2
[2022-11-24 02:30:41,066] [INFO] [runner_train_mujoco] Environment 3
[2022-11-24 02:30:48,147] [INFO] [runner_train_mujoco] Environment 4
[2022-11-24 02:30:55,182] [INFO] [runner_train_mujoco] Environment 5
[2022-11-24 02:31:02,754] [INFO] [runner_train_mujoco] Environment 6
[2022-11-24 02:31:10,774] [INFO] [runner_train_mujoco] Environment 7
[2022-11-24 02:31:18,111] [INFO] [runner_train_mujoco] Environment 8
[2022-11-24 02:31:25,314] [INFO] [runner_train_mujoco] Environment 9
[2022-11-24 02:31:32,567] [INFO] [runner_train_mujoco] Average cumulative reward after 150 steps: 1.0354224236479836
[2022-11-24 02:31:32,567] [INFO] [runner_train_mujoco] Average state value: 0.4831606467515231
[2022-11-24 02:31:32,567] [INFO] [controller] ITERATION NUM: 19
[2022-11-24 02:31:32,621] [INFO] [controller] EPOCH 1 loss ppo:  -0.01321, loss val: 0.03981
[2022-11-24 02:31:32,661] [INFO] [controller] EPOCH 2 loss ppo:  -0.04693, loss val: 0.03879
[2022-11-24 02:31:32,702] [INFO] [controller] EPOCH 3 loss ppo:  -0.06928, loss val: 0.03862
[2022-11-24 02:31:32,746] [INFO] [controller] EPOCH 4 loss ppo:  -0.08357, loss val: 0.03943
[2022-11-24 02:31:32,755] [INFO] [runner_train_mujoco] Finished batch.
[2022-11-24 02:31:32,851] [INFO] [runner_train_mujoco] Starting simulation batch with mujoco.
[2022-11-24 02:31:32,852] [INFO] [runner_train_mujoco] Environment 0
[2022-11-24 02:31:39,915] [INFO] [runner_train_mujoco] Environment 1
[2022-11-24 02:31:47,501] [INFO] [runner_train_mujoco] Environment 2
[2022-11-24 02:31:54,386] [INFO] [runner_train_mujoco] Environment 3
[2022-11-24 02:32:02,045] [INFO] [runner_train_mujoco] Environment 4
[2022-11-24 02:32:09,417] [INFO] [runner_train_mujoco] Environment 5
[2022-11-24 02:32:16,806] [INFO] [runner_train_mujoco] Environment 6
[2022-11-24 02:32:24,696] [INFO] [runner_train_mujoco] Environment 7
[2022-11-24 02:32:32,389] [INFO] [runner_train_mujoco] Environment 8
[2022-11-24 02:32:39,750] [INFO] [runner_train_mujoco] Environment 9
[2022-11-24 02:32:47,067] [INFO] [runner_train_mujoco] Average cumulative reward after 150 steps: 0.8304791193794371
[2022-11-24 02:32:47,067] [INFO] [runner_train_mujoco] Average state value: 0.5314184285004935
[2022-11-24 02:32:47,067] [INFO] [controller] ITERATION NUM: 20
[2022-11-24 02:32:47,116] [INFO] [controller] EPOCH 1 loss ppo:  -0.01257, loss val: 0.04427
[2022-11-24 02:32:47,160] [INFO] [controller] EPOCH 2 loss ppo:  -0.04339, loss val: 0.04435
[2022-11-24 02:32:47,202] [INFO] [controller] EPOCH 3 loss ppo:  -0.06077, loss val: 0.04428
[2022-11-24 02:32:47,244] [INFO] [controller] EPOCH 4 loss ppo:  -0.07607, loss val: 0.04320
[2022-11-24 02:32:47,250] [INFO] [runner_train_mujoco] Finished batch.
[2022-11-24 02:32:47,334] [INFO] [runner_train_mujoco] Starting simulation batch with mujoco.
[2022-11-24 02:32:47,334] [INFO] [runner_train_mujoco] Environment 0
[2022-11-24 02:32:55,260] [INFO] [runner_train_mujoco] Environment 1
[2022-11-24 02:33:02,846] [INFO] [runner_train_mujoco] Environment 2
[2022-11-24 02:33:09,963] [INFO] [runner_train_mujoco] Environment 3
[2022-11-24 02:33:17,249] [INFO] [runner_train_mujoco] Environment 4
[2022-11-24 02:33:24,488] [INFO] [runner_train_mujoco] Environment 5
[2022-11-24 02:33:31,920] [INFO] [runner_train_mujoco] Environment 6
[2022-11-24 02:33:39,803] [INFO] [runner_train_mujoco] Environment 7
[2022-11-24 02:33:47,408] [INFO] [runner_train_mujoco] Environment 8
[2022-11-24 02:33:54,926] [INFO] [runner_train_mujoco] Environment 9
[2022-11-24 02:34:02,714] [INFO] [runner_train_mujoco] Average cumulative reward after 150 steps: 1.0110971269921878
[2022-11-24 02:34:02,714] [INFO] [runner_train_mujoco] Average state value: 0.5596819905440013
[2022-11-24 02:34:02,714] [INFO] [controller] ITERATION NUM: 21
[2022-11-24 02:34:02,766] [INFO] [controller] EPOCH 1 loss ppo:  -0.01260, loss val: 0.04262
[2022-11-24 02:34:02,809] [INFO] [controller] EPOCH 2 loss ppo:  -0.03782, loss val: 0.04232
[2022-11-24 02:34:02,852] [INFO] [controller] EPOCH 3 loss ppo:  -0.05577, loss val: 0.04534
[2022-11-24 02:34:02,893] [INFO] [controller] EPOCH 4 loss ppo:  -0.07230, loss val: 0.04355
[2022-11-24 02:34:02,903] [INFO] [runner_train_mujoco] Finished batch.
[2022-11-24 02:34:02,995] [INFO] [runner_train_mujoco] Starting simulation batch with mujoco.
[2022-11-24 02:34:02,996] [INFO] [runner_train_mujoco] Environment 0
[2022-11-24 02:34:10,040] [INFO] [runner_train_mujoco] Environment 1
[2022-11-24 02:34:17,675] [INFO] [runner_train_mujoco] Environment 2
[2022-11-24 02:34:24,790] [INFO] [runner_train_mujoco] Environment 3
[2022-11-24 02:34:32,127] [INFO] [runner_train_mujoco] Environment 4
[2022-11-24 02:34:39,852] [INFO] [runner_train_mujoco] Environment 5
[2022-11-24 02:34:46,903] [INFO] [runner_train_mujoco] Environment 6
[2022-11-24 02:34:54,322] [INFO] [runner_train_mujoco] Environment 7
[2022-11-24 02:35:01,661] [INFO] [runner_train_mujoco] Environment 8
[2022-11-24 02:35:09,160] [INFO] [runner_train_mujoco] Environment 9
[2022-11-24 02:35:16,682] [INFO] [runner_train_mujoco] Average cumulative reward after 150 steps: 1.0079789363880596
[2022-11-24 02:35:16,682] [INFO] [runner_train_mujoco] Average state value: 0.532056605686744
[2022-11-24 02:35:16,682] [INFO] [controller] ITERATION NUM: 22
[2022-11-24 02:35:16,735] [INFO] [controller] EPOCH 1 loss ppo:  -0.01360, loss val: 0.04935
[2022-11-24 02:35:16,777] [INFO] [controller] EPOCH 2 loss ppo:  -0.04487, loss val: 0.04930
[2022-11-24 02:35:16,821] [INFO] [controller] EPOCH 3 loss ppo:  -0.06087, loss val: 0.04838
[2022-11-24 02:35:16,862] [INFO] [controller] EPOCH 4 loss ppo:  -0.07250, loss val: 0.04813
[2022-11-24 02:35:16,872] [INFO] [runner_train_mujoco] Finished batch.
[2022-11-24 02:35:16,965] [INFO] [runner_train_mujoco] Starting simulation batch with mujoco.
[2022-11-24 02:35:16,965] [INFO] [runner_train_mujoco] Environment 0
[2022-11-24 02:35:23,969] [INFO] [runner_train_mujoco] Environment 1
[2022-11-24 02:35:31,464] [INFO] [runner_train_mujoco] Environment 2
[2022-11-24 02:35:38,964] [INFO] [runner_train_mujoco] Environment 3
[2022-11-24 02:35:46,525] [INFO] [runner_train_mujoco] Environment 4
[2022-11-24 02:35:53,913] [INFO] [runner_train_mujoco] Environment 5
[2022-11-24 02:36:00,873] [INFO] [runner_train_mujoco] Environment 6
[2022-11-24 02:36:08,111] [INFO] [runner_train_mujoco] Environment 7
[2022-11-24 02:36:15,361] [INFO] [runner_train_mujoco] Environment 8
[2022-11-24 02:36:24,496] [INFO] [runner_train_mujoco] Environment 9
[2022-11-24 02:36:34,012] [INFO] [runner_train_mujoco] Average cumulative reward after 150 steps: 1.3337547803519862
[2022-11-24 02:36:34,012] [INFO] [runner_train_mujoco] Average state value: 0.5297980636258921
[2022-11-24 02:36:34,013] [INFO] [controller] ITERATION NUM: 23
[2022-11-24 02:36:34,073] [INFO] [controller] EPOCH 1 loss ppo:  -0.01353, loss val: 0.03577
[2022-11-24 02:36:34,118] [INFO] [controller] EPOCH 2 loss ppo:  -0.04134, loss val: 0.03827
[2022-11-24 02:36:34,167] [INFO] [controller] EPOCH 3 loss ppo:  -0.06019, loss val: 0.03737
[2022-11-24 02:36:34,213] [INFO] [controller] EPOCH 4 loss ppo:  -0.07305, loss val: 0.03550
[2022-11-24 02:36:34,222] [INFO] [runner_train_mujoco] Finished batch.
[2022-11-24 02:36:34,317] [INFO] [runner_train_mujoco] Starting simulation batch with mujoco.
[2022-11-24 02:36:34,317] [INFO] [runner_train_mujoco] Environment 0
[2022-11-24 02:36:42,801] [INFO] [runner_train_mujoco] Environment 1
[2022-11-24 02:36:51,153] [INFO] [runner_train_mujoco] Environment 2
[2022-11-24 02:36:59,452] [INFO] [runner_train_mujoco] Environment 3
[2022-11-24 02:37:08,133] [INFO] [runner_train_mujoco] Environment 4
[2022-11-24 02:37:19,641] [INFO] [runner_train_mujoco] Environment 5
[2022-11-24 02:37:27,975] [INFO] [runner_train_mujoco] Environment 6
[2022-11-24 02:37:36,577] [INFO] [runner_train_mujoco] Environment 7
[2022-11-24 02:37:44,884] [INFO] [runner_train_mujoco] Environment 8
[2022-11-24 02:37:53,367] [INFO] [runner_train_mujoco] Environment 9
[2022-11-24 02:38:01,534] [INFO] [runner_train_mujoco] Average cumulative reward after 150 steps: 1.5054819467192042
[2022-11-24 02:38:01,534] [INFO] [runner_train_mujoco] Average state value: 0.5404582384030024
[2022-11-24 02:38:01,535] [INFO] [controller] ITERATION NUM: 24
[2022-11-24 02:38:01,591] [INFO] [controller] EPOCH 1 loss ppo:  -0.01352, loss val: 0.03853
[2022-11-24 02:38:01,635] [INFO] [controller] EPOCH 2 loss ppo:  -0.04292, loss val: 0.03780
[2022-11-24 02:38:01,687] [INFO] [controller] EPOCH 3 loss ppo:  -0.06188, loss val: 0.03726
[2022-11-24 02:38:01,734] [INFO] [controller] EPOCH 4 loss ppo:  -0.07861, loss val: 0.03751
[2022-11-24 02:38:01,744] [INFO] [runner_train_mujoco] Finished batch.
[2022-11-24 02:38:01,848] [INFO] [runner_train_mujoco] Starting simulation batch with mujoco.
[2022-11-24 02:38:01,849] [INFO] [runner_train_mujoco] Environment 0
[2022-11-24 02:38:10,583] [INFO] [runner_train_mujoco] Environment 1
[2022-11-24 02:38:20,212] [INFO] [runner_train_mujoco] Environment 2
[2022-11-24 02:38:28,681] [INFO] [runner_train_mujoco] Environment 3
[2022-11-24 02:38:37,489] [INFO] [runner_train_mujoco] Environment 4
[2022-11-24 02:38:45,846] [INFO] [runner_train_mujoco] Environment 5
[2022-11-24 02:38:54,155] [INFO] [runner_train_mujoco] Environment 6
[2022-11-24 02:39:02,399] [INFO] [runner_train_mujoco] Environment 7
[2022-11-24 02:39:10,507] [INFO] [runner_train_mujoco] Environment 8
[2022-11-24 02:39:18,852] [INFO] [runner_train_mujoco] Environment 9
[2022-11-24 02:39:26,790] [INFO] [runner_train_mujoco] Average cumulative reward after 150 steps: 1.4745561038791106
[2022-11-24 02:39:26,790] [INFO] [runner_train_mujoco] Average state value: 0.5136125026543936
[2022-11-24 02:39:26,790] [INFO] [controller] ITERATION NUM: 25
[2022-11-24 02:39:26,843] [INFO] [controller] EPOCH 1 loss ppo:  -0.01407, loss val: 0.03921
[2022-11-24 02:39:26,884] [INFO] [controller] EPOCH 2 loss ppo:  -0.04281, loss val: 0.03839
[2022-11-24 02:39:26,940] [INFO] [controller] EPOCH 3 loss ppo:  -0.06098, loss val: 0.03870
[2022-11-24 02:39:26,987] [INFO] [controller] EPOCH 4 loss ppo:  -0.07581, loss val: 0.03852
[2022-11-24 02:39:26,994] [INFO] [runner_train_mujoco] Finished batch.
[2022-11-24 02:39:27,092] [INFO] [runner_train_mujoco] Starting simulation batch with mujoco.
[2022-11-24 02:39:27,092] [INFO] [runner_train_mujoco] Environment 0
[2022-11-24 02:39:35,621] [INFO] [runner_train_mujoco] Environment 1
[2022-11-24 02:39:44,680] [INFO] [runner_train_mujoco] Environment 2
[2022-11-24 02:39:53,283] [INFO] [runner_train_mujoco] Environment 3
[2022-11-24 02:40:01,730] [INFO] [runner_train_mujoco] Environment 4
[2022-11-24 02:40:10,377] [INFO] [runner_train_mujoco] Environment 5
[2022-11-24 02:40:18,807] [INFO] [runner_train_mujoco] Environment 6
[2022-11-24 02:40:27,268] [INFO] [runner_train_mujoco] Environment 7
[2022-11-24 02:40:36,074] [INFO] [runner_train_mujoco] Environment 8
[2022-11-24 02:40:44,736] [INFO] [runner_train_mujoco] Environment 9
[2022-11-24 02:40:52,994] [INFO] [runner_train_mujoco] Average cumulative reward after 150 steps: 1.5390496619918888
[2022-11-24 02:40:52,994] [INFO] [runner_train_mujoco] Average state value: 0.4944975769917169
[2022-11-24 02:40:52,994] [INFO] [controller] ITERATION NUM: 26
[2022-11-24 02:40:53,051] [INFO] [controller] EPOCH 1 loss ppo:  -0.01367, loss val: 0.03306
[2022-11-24 02:40:53,100] [INFO] [controller] EPOCH 2 loss ppo:  -0.03850, loss val: 0.03079
[2022-11-24 02:40:53,155] [INFO] [controller] EPOCH 3 loss ppo:  -0.05814, loss val: 0.03450
[2022-11-24 02:40:53,222] [INFO] [controller] EPOCH 4 loss ppo:  -0.07324, loss val: 0.03110
[2022-11-24 02:40:53,232] [INFO] [runner_train_mujoco] Finished batch.
[2022-11-24 02:40:53,329] [INFO] [runner_train_mujoco] Starting simulation batch with mujoco.
[2022-11-24 02:40:53,329] [INFO] [runner_train_mujoco] Environment 0
[2022-11-24 02:41:01,988] [INFO] [runner_train_mujoco] Environment 1
[2022-11-24 02:41:10,510] [INFO] [runner_train_mujoco] Environment 2
[2022-11-24 02:41:18,730] [INFO] [runner_train_mujoco] Environment 3
[2022-11-24 02:41:27,206] [INFO] [runner_train_mujoco] Environment 4
[2022-11-24 02:41:35,890] [INFO] [runner_train_mujoco] Environment 5
[2022-11-24 02:41:44,746] [INFO] [runner_train_mujoco] Environment 6
[2022-11-24 02:41:53,036] [INFO] [runner_train_mujoco] Environment 7
[2022-11-24 02:42:01,424] [INFO] [runner_train_mujoco] Environment 8
[2022-11-24 02:42:09,600] [INFO] [runner_train_mujoco] Environment 9
[2022-11-24 02:42:17,783] [INFO] [runner_train_mujoco] Average cumulative reward after 150 steps: 1.6476025881317398
[2022-11-24 02:42:17,783] [INFO] [runner_train_mujoco] Average state value: 0.4375818161467711
[2022-11-24 02:42:17,783] [INFO] [controller] ITERATION NUM: 27
[2022-11-24 02:42:17,836] [INFO] [controller] EPOCH 1 loss ppo:  -0.01343, loss val: 0.05457
[2022-11-24 02:42:17,884] [INFO] [controller] EPOCH 2 loss ppo:  -0.03590, loss val: 0.05269
[2022-11-24 02:42:17,928] [INFO] [controller] EPOCH 3 loss ppo:  -0.05950, loss val: 0.05195
[2022-11-24 02:42:17,970] [INFO] [controller] EPOCH 4 loss ppo:  -0.07803, loss val: 0.05151
[2022-11-24 02:42:17,979] [INFO] [runner_train_mujoco] Finished batch.
[2022-11-24 02:42:18,074] [INFO] [runner_train_mujoco] Starting simulation batch with mujoco.
[2022-11-24 02:42:18,074] [INFO] [runner_train_mujoco] Environment 0
[2022-11-24 02:42:26,512] [INFO] [runner_train_mujoco] Environment 1
[2022-11-24 02:42:34,850] [INFO] [runner_train_mujoco] Environment 2
[2022-11-24 02:42:43,167] [INFO] [runner_train_mujoco] Environment 3
[2022-11-24 02:42:52,010] [INFO] [runner_train_mujoco] Environment 4
[2022-11-24 02:43:00,544] [INFO] [runner_train_mujoco] Environment 5
[2022-11-24 02:43:09,295] [INFO] [runner_train_mujoco] Environment 6
[2022-11-24 02:43:17,582] [INFO] [runner_train_mujoco] Environment 7
[2022-11-24 02:43:25,659] [INFO] [runner_train_mujoco] Environment 8
[2022-11-24 02:43:33,950] [INFO] [runner_train_mujoco] Environment 9
[2022-11-24 02:43:42,427] [INFO] [runner_train_mujoco] Average cumulative reward after 150 steps: 1.80964640175917
[2022-11-24 02:43:42,427] [INFO] [runner_train_mujoco] Average state value: 0.4877573190530141
[2022-11-24 02:43:42,427] [INFO] [controller] ITERATION NUM: 28
[2022-11-24 02:43:42,496] [INFO] [controller] EPOCH 1 loss ppo:  -0.01260, loss val: 0.03945
[2022-11-24 02:43:42,544] [INFO] [controller] EPOCH 2 loss ppo:  -0.04019, loss val: 0.03908
[2022-11-24 02:43:42,595] [INFO] [controller] EPOCH 3 loss ppo:  -0.06166, loss val: 0.04001
[2022-11-24 02:43:42,682] [INFO] [controller] EPOCH 4 loss ppo:  -0.07661, loss val: 0.03953
[2022-11-24 02:43:42,693] [INFO] [runner_train_mujoco] Finished batch.
[2022-11-24 02:43:42,796] [INFO] [runner_train_mujoco] Starting simulation batch with mujoco.
[2022-11-24 02:43:42,796] [INFO] [runner_train_mujoco] Environment 0
[2022-11-24 02:43:51,481] [INFO] [runner_train_mujoco] Environment 1
[2022-11-24 02:44:00,450] [INFO] [runner_train_mujoco] Environment 2
[2022-11-24 02:44:09,188] [INFO] [runner_train_mujoco] Environment 3
[2022-11-24 02:44:17,695] [INFO] [runner_train_mujoco] Environment 4
[2022-11-24 02:44:26,403] [INFO] [runner_train_mujoco] Environment 5
[2022-11-24 02:44:34,501] [INFO] [runner_train_mujoco] Environment 6
[2022-11-24 02:44:42,763] [INFO] [runner_train_mujoco] Environment 7
[2022-11-24 02:44:50,911] [INFO] [runner_train_mujoco] Environment 8
[2022-11-24 02:44:59,319] [INFO] [runner_train_mujoco] Environment 9
[2022-11-24 02:45:07,447] [INFO] [runner_train_mujoco] Average cumulative reward after 150 steps: 1.6669893363294015
[2022-11-24 02:45:07,448] [INFO] [runner_train_mujoco] Average state value: 0.49525553816556933
[2022-11-24 02:45:07,448] [INFO] [controller] ITERATION NUM: 29
[2022-11-24 02:45:07,503] [INFO] [controller] EPOCH 1 loss ppo:  -0.01383, loss val: 0.03043
[2022-11-24 02:45:07,546] [INFO] [controller] EPOCH 2 loss ppo:  -0.04183, loss val: 0.03112
[2022-11-24 02:45:07,591] [INFO] [controller] EPOCH 3 loss ppo:  -0.05917, loss val: 0.03066
[2022-11-24 02:45:07,626] [INFO] [controller] EPOCH 4 loss ppo:  -0.07624, loss val: 0.03105
[2022-11-24 02:45:07,635] [INFO] [runner_train_mujoco] Finished batch.
[2022-11-24 02:45:07,714] [INFO] [runner_train_mujoco] Starting simulation batch with mujoco.
[2022-11-24 02:45:07,715] [INFO] [runner_train_mujoco] Environment 0
[2022-11-24 02:45:15,824] [INFO] [runner_train_mujoco] Environment 1
[2022-11-24 02:45:24,604] [INFO] [runner_train_mujoco] Environment 2
[2022-11-24 02:45:33,243] [INFO] [runner_train_mujoco] Environment 3
[2022-11-24 02:45:41,733] [INFO] [runner_train_mujoco] Environment 4
[2022-11-24 02:45:50,007] [INFO] [runner_train_mujoco] Environment 5
[2022-11-24 02:45:58,273] [INFO] [runner_train_mujoco] Environment 6
[2022-11-24 02:46:07,061] [INFO] [runner_train_mujoco] Environment 7
[2022-11-24 02:46:15,850] [INFO] [runner_train_mujoco] Environment 8
[2022-11-24 02:46:24,487] [INFO] [runner_train_mujoco] Environment 9
[2022-11-24 02:46:32,934] [INFO] [runner_train_mujoco] Average cumulative reward after 150 steps: 2.0197417877085764
[2022-11-24 02:46:32,934] [INFO] [runner_train_mujoco] Average state value: 0.49403173885742824
[2022-11-24 02:46:32,934] [INFO] [controller] ITERATION NUM: 30
[2022-11-24 02:46:32,988] [INFO] [controller] EPOCH 1 loss ppo:  -0.01251, loss val: 0.03936
[2022-11-24 02:46:33,031] [INFO] [controller] EPOCH 2 loss ppo:  -0.04122, loss val: 0.04007
[2022-11-24 02:46:33,075] [INFO] [controller] EPOCH 3 loss ppo:  -0.05978, loss val: 0.03893
[2022-11-24 02:46:33,118] [INFO] [controller] EPOCH 4 loss ppo:  -0.07641, loss val: 0.03872
[2022-11-24 02:46:33,126] [INFO] [runner_train_mujoco] Finished batch.
[2022-11-24 02:46:33,225] [INFO] [runner_train_mujoco] Starting simulation batch with mujoco.
[2022-11-24 02:46:33,225] [INFO] [runner_train_mujoco] Environment 0
[2022-11-24 02:46:41,557] [INFO] [runner_train_mujoco] Environment 1
[2022-11-24 02:46:50,292] [INFO] [runner_train_mujoco] Environment 2
[2022-11-24 02:47:01,916] [INFO] [runner_train_mujoco] Environment 3
[2022-11-24 02:47:11,689] [INFO] [runner_train_mujoco] Environment 4
[2022-11-24 02:47:21,356] [INFO] [runner_train_mujoco] Environment 5
[2022-11-24 02:47:30,943] [INFO] [runner_train_mujoco] Environment 6
[2022-11-24 02:47:40,495] [INFO] [runner_train_mujoco] Environment 7
[2022-11-24 02:47:49,540] [INFO] [runner_train_mujoco] Environment 8
[2022-11-24 02:47:58,989] [INFO] [runner_train_mujoco] Environment 9
[2022-11-24 02:48:08,460] [INFO] [runner_train_mujoco] Average cumulative reward after 150 steps: 2.059716460926954
[2022-11-24 02:48:08,460] [INFO] [runner_train_mujoco] Average state value: 0.5079573585689068
[2022-11-24 02:48:08,460] [INFO] [controller] ITERATION NUM: 31
[2022-11-24 02:48:08,524] [INFO] [controller] EPOCH 1 loss ppo:  -0.01373, loss val: 0.04520
[2022-11-24 02:48:08,602] [INFO] [controller] EPOCH 2 loss ppo:  -0.04077, loss val: 0.04490
[2022-11-24 02:48:08,719] [INFO] [controller] EPOCH 3 loss ppo:  -0.05945, loss val: 0.04495
[2022-11-24 02:48:08,774] [INFO] [controller] EPOCH 4 loss ppo:  -0.07483, loss val: 0.04503
[2022-11-24 02:48:08,783] [INFO] [runner_train_mujoco] Finished batch.
[2022-11-24 02:48:08,882] [INFO] [runner_train_mujoco] Starting simulation batch with mujoco.
[2022-11-24 02:48:08,883] [INFO] [runner_train_mujoco] Environment 0
[2022-11-24 02:48:18,863] [INFO] [runner_train_mujoco] Environment 1
[2022-11-24 02:48:28,572] [INFO] [runner_train_mujoco] Environment 2
[2022-11-24 02:48:37,707] [INFO] [runner_train_mujoco] Environment 3
[2022-11-24 02:48:46,105] [INFO] [runner_train_mujoco] Environment 4
[2022-11-24 02:48:55,624] [INFO] [runner_train_mujoco] Environment 5
[2022-11-24 02:49:05,205] [INFO] [runner_train_mujoco] Environment 6
[2022-11-24 02:49:14,715] [INFO] [runner_train_mujoco] Environment 7
[2022-11-24 02:49:24,274] [INFO] [runner_train_mujoco] Environment 8
[2022-11-24 02:49:33,462] [INFO] [runner_train_mujoco] Environment 9
[2022-11-24 02:49:42,649] [INFO] [runner_train_mujoco] Average cumulative reward after 150 steps: 2.399601239492892
[2022-11-24 02:49:42,649] [INFO] [runner_train_mujoco] Average state value: 0.5164759329756101
[2022-11-24 02:49:42,649] [INFO] [controller] ITERATION NUM: 32
[2022-11-24 02:49:42,705] [INFO] [controller] EPOCH 1 loss ppo:  -0.01646, loss val: 0.04210
[2022-11-24 02:49:42,756] [INFO] [controller] EPOCH 2 loss ppo:  -0.04242, loss val: 0.03978
[2022-11-24 02:49:42,804] [INFO] [controller] EPOCH 3 loss ppo:  -0.05804, loss val: 0.04115
[2022-11-24 02:49:42,878] [INFO] [controller] EPOCH 4 loss ppo:  -0.07328, loss val: 0.04159
[2022-11-24 02:49:42,888] [INFO] [runner_train_mujoco] Finished batch.
[2022-11-24 02:49:42,995] [INFO] [runner_train_mujoco] Starting simulation batch with mujoco.
[2022-11-24 02:49:42,995] [INFO] [runner_train_mujoco] Environment 0
[2022-11-24 02:49:53,089] [INFO] [runner_train_mujoco] Environment 1
[2022-11-24 02:50:02,421] [INFO] [runner_train_mujoco] Environment 2
[2022-11-24 02:50:11,352] [INFO] [runner_train_mujoco] Environment 3
[2022-11-24 02:50:20,602] [INFO] [runner_train_mujoco] Environment 4
[2022-11-24 02:50:30,258] [INFO] [runner_train_mujoco] Environment 5
[2022-11-24 02:50:39,545] [INFO] [runner_train_mujoco] Environment 6
[2022-11-24 02:50:49,328] [INFO] [runner_train_mujoco] Environment 7
[2022-11-24 02:50:58,881] [INFO] [runner_train_mujoco] Environment 8
[2022-11-24 02:51:08,421] [INFO] [runner_train_mujoco] Environment 9
[2022-11-24 02:51:17,445] [INFO] [runner_train_mujoco] Average cumulative reward after 150 steps: 2.49445568007154
[2022-11-24 02:51:17,445] [INFO] [runner_train_mujoco] Average state value: 0.5111026927232742
[2022-11-24 02:51:17,445] [INFO] [controller] ITERATION NUM: 33
[2022-11-24 02:51:17,506] [INFO] [controller] EPOCH 1 loss ppo:  -0.01481, loss val: 0.04712
[2022-11-24 02:51:17,551] [INFO] [controller] EPOCH 2 loss ppo:  -0.03737, loss val: 0.04588
[2022-11-24 02:51:17,595] [INFO] [controller] EPOCH 3 loss ppo:  -0.05372, loss val: 0.04401
[2022-11-24 02:51:17,645] [INFO] [controller] EPOCH 4 loss ppo:  -0.06882, loss val: 0.04297
[2022-11-24 02:51:17,657] [INFO] [runner_train_mujoco] Finished batch.
[2022-11-24 02:51:17,785] [INFO] [runner_train_mujoco] Starting simulation batch with mujoco.
[2022-11-24 02:51:17,786] [INFO] [runner_train_mujoco] Environment 0
[2022-11-24 02:51:27,033] [INFO] [runner_train_mujoco] Environment 1
[2022-11-24 02:51:36,482] [INFO] [runner_train_mujoco] Environment 2
[2022-11-24 02:51:46,491] [INFO] [runner_train_mujoco] Environment 3
[2022-11-24 02:51:56,205] [INFO] [runner_train_mujoco] Environment 4
[2022-11-24 02:52:06,668] [INFO] [runner_train_mujoco] Environment 5
[2022-11-24 02:52:15,642] [INFO] [runner_train_mujoco] Environment 6
[2022-11-24 02:52:24,607] [INFO] [runner_train_mujoco] Environment 7
[2022-11-24 02:52:33,829] [INFO] [runner_train_mujoco] Environment 8
[2022-11-24 02:52:42,609] [INFO] [runner_train_mujoco] Environment 9
[2022-11-24 02:52:51,913] [INFO] [runner_train_mujoco] Average cumulative reward after 150 steps: 2.0599045845780726
[2022-11-24 02:52:51,914] [INFO] [runner_train_mujoco] Average state value: 0.41050222425162797
[2022-11-24 02:52:51,914] [INFO] [controller] ITERATION NUM: 34
[2022-11-24 02:52:51,967] [INFO] [controller] EPOCH 1 loss ppo:  -0.01356, loss val: 0.07548
[2022-11-24 02:52:52,013] [INFO] [controller] EPOCH 2 loss ppo:  -0.03860, loss val: 0.07558
[2022-11-24 02:52:52,062] [INFO] [controller] EPOCH 3 loss ppo:  -0.05484, loss val: 0.07277
[2022-11-24 02:52:52,111] [INFO] [controller] EPOCH 4 loss ppo:  -0.06674, loss val: 0.07612
[2022-11-24 02:52:52,122] [INFO] [runner_train_mujoco] Finished batch.
[2022-11-24 02:52:52,243] [INFO] [runner_train_mujoco] Starting simulation batch with mujoco.
[2022-11-24 02:52:52,244] [INFO] [runner_train_mujoco] Environment 0
[2022-11-24 02:53:01,728] [INFO] [runner_train_mujoco] Environment 1
[2022-11-24 02:53:11,106] [INFO] [runner_train_mujoco] Environment 2
[2022-11-24 02:53:20,883] [INFO] [runner_train_mujoco] Environment 3
[2022-11-24 02:53:30,365] [INFO] [runner_train_mujoco] Environment 4
[2022-11-24 02:53:41,391] [INFO] [runner_train_mujoco] Environment 5
[2022-11-24 02:53:50,210] [INFO] [runner_train_mujoco] Environment 6
[2022-11-24 02:53:59,732] [INFO] [runner_train_mujoco] Environment 7
[2022-11-24 02:54:09,511] [INFO] [runner_train_mujoco] Environment 8
[2022-11-24 02:54:18,840] [INFO] [runner_train_mujoco] Environment 9
[2022-11-24 02:54:28,279] [INFO] [runner_train_mujoco] Average cumulative reward after 150 steps: 2.2605592361545823
[2022-11-24 02:54:28,279] [INFO] [runner_train_mujoco] Average state value: 0.4317829029584924
[2022-11-24 02:54:28,279] [INFO] [controller] ITERATION NUM: 35
[2022-11-24 02:54:28,339] [INFO] [controller] EPOCH 1 loss ppo:  -0.01504, loss val: 0.05870
[2022-11-24 02:54:28,403] [INFO] [controller] EPOCH 2 loss ppo:  -0.04023, loss val: 0.05781
[2022-11-24 02:54:28,454] [INFO] [controller] EPOCH 3 loss ppo:  -0.05969, loss val: 0.06324
[2022-11-24 02:54:28,504] [INFO] [controller] EPOCH 4 loss ppo:  -0.07169, loss val: 0.05694
[2022-11-24 02:54:28,515] [INFO] [runner_train_mujoco] Finished batch.
[2022-11-24 02:54:28,625] [INFO] [runner_train_mujoco] Starting simulation batch with mujoco.
[2022-11-24 02:54:28,625] [INFO] [runner_train_mujoco] Environment 0
[2022-11-24 02:54:37,697] [INFO] [runner_train_mujoco] Environment 1
[2022-11-24 02:54:46,597] [INFO] [runner_train_mujoco] Environment 2
[2022-11-24 02:54:56,524] [INFO] [runner_train_mujoco] Environment 3
[2022-11-24 02:55:05,679] [INFO] [runner_train_mujoco] Environment 4
[2022-11-24 02:55:15,762] [INFO] [runner_train_mujoco] Environment 5
[2022-11-24 02:55:25,122] [INFO] [runner_train_mujoco] Environment 6
[2022-11-24 02:55:33,981] [INFO] [runner_train_mujoco] Environment 7
[2022-11-24 02:55:42,634] [INFO] [runner_train_mujoco] Environment 8
[2022-11-24 02:55:55,311] [INFO] [runner_train_mujoco] Environment 9
[2022-11-24 02:56:04,172] [INFO] [runner_train_mujoco] Average cumulative reward after 150 steps: 2.4128625888381774
[2022-11-24 02:56:04,173] [INFO] [runner_train_mujoco] Average state value: 0.4670128797590733
[2022-11-24 02:56:04,173] [INFO] [controller] ITERATION NUM: 36
[2022-11-24 02:56:04,250] [INFO] [controller] EPOCH 1 loss ppo:  -0.01328, loss val: 0.04669
[2022-11-24 02:56:04,313] [INFO] [controller] EPOCH 2 loss ppo:  -0.03705, loss val: 0.04366
[2022-11-24 02:56:04,378] [INFO] [controller] EPOCH 3 loss ppo:  -0.05550, loss val: 0.04194
[2022-11-24 02:56:04,469] [INFO] [controller] EPOCH 4 loss ppo:  -0.07008, loss val: 0.04097
[2022-11-24 02:56:04,479] [INFO] [runner_train_mujoco] Finished batch.
[2022-11-24 02:56:04,583] [INFO] [runner_train_mujoco] Starting simulation batch with mujoco.
[2022-11-24 02:56:04,584] [INFO] [runner_train_mujoco] Environment 0
[2022-11-24 02:56:14,047] [INFO] [runner_train_mujoco] Environment 1
[2022-11-24 02:56:23,670] [INFO] [runner_train_mujoco] Environment 2
[2022-11-24 02:56:32,771] [INFO] [runner_train_mujoco] Environment 3
[2022-11-24 02:56:41,876] [INFO] [runner_train_mujoco] Environment 4
[2022-11-24 02:56:50,350] [INFO] [runner_train_mujoco] Environment 5
[2022-11-24 02:56:59,546] [INFO] [runner_train_mujoco] Environment 6
[2022-11-24 02:57:08,127] [INFO] [runner_train_mujoco] Environment 7
[2022-11-24 02:57:16,868] [INFO] [runner_train_mujoco] Environment 8
[2022-11-24 02:57:25,509] [INFO] [runner_train_mujoco] Environment 9
[2022-11-24 02:57:34,696] [INFO] [runner_train_mujoco] Average cumulative reward after 150 steps: 2.724576474598252
[2022-11-24 02:57:34,697] [INFO] [runner_train_mujoco] Average state value: 0.5296174712181092
[2022-11-24 02:57:34,697] [INFO] [controller] ITERATION NUM: 37
[2022-11-24 02:57:34,770] [INFO] [controller] EPOCH 1 loss ppo:  -0.01366, loss val: 0.03846
[2022-11-24 02:57:34,829] [INFO] [controller] EPOCH 2 loss ppo:  -0.03555, loss val: 0.03988
[2022-11-24 02:57:35,043] [INFO] [controller] EPOCH 3 loss ppo:  -0.05331, loss val: 0.04023
[2022-11-24 02:57:35,095] [INFO] [controller] EPOCH 4 loss ppo:  -0.06977, loss val: 0.04018
[2022-11-24 02:57:35,105] [INFO] [runner_train_mujoco] Finished batch.
[2022-11-24 02:57:35,219] [INFO] [runner_train_mujoco] Starting simulation batch with mujoco.
[2022-11-24 02:57:35,219] [INFO] [runner_train_mujoco] Environment 0
[2022-11-24 02:57:44,702] [INFO] [runner_train_mujoco] Environment 1
[2022-11-24 02:57:53,938] [INFO] [runner_train_mujoco] Environment 2
[2022-11-24 02:58:04,385] [INFO] [runner_train_mujoco] Environment 3
[2022-11-24 02:58:13,832] [INFO] [runner_train_mujoco] Environment 4
[2022-11-24 02:58:23,050] [INFO] [runner_train_mujoco] Environment 5
[2022-11-24 02:58:31,541] [INFO] [runner_train_mujoco] Environment 6
[2022-11-24 02:58:40,887] [INFO] [runner_train_mujoco] Environment 7
[2022-11-24 02:58:50,614] [INFO] [runner_train_mujoco] Environment 8
[2022-11-24 02:59:00,006] [INFO] [runner_train_mujoco] Environment 9
[2022-11-24 02:59:08,970] [INFO] [runner_train_mujoco] Average cumulative reward after 150 steps: 2.680983356785556
[2022-11-24 02:59:08,970] [INFO] [runner_train_mujoco] Average state value: 0.5465390578111012
[2022-11-24 02:59:08,970] [INFO] [controller] ITERATION NUM: 38
[2022-11-24 02:59:09,025] [INFO] [controller] EPOCH 1 loss ppo:  -0.01474, loss val: 0.03654
[2022-11-24 02:59:09,070] [INFO] [controller] EPOCH 2 loss ppo:  -0.03913, loss val: 0.03788
[2022-11-24 02:59:09,118] [INFO] [controller] EPOCH 3 loss ppo:  -0.05518, loss val: 0.03517
[2022-11-24 02:59:09,164] [INFO] [controller] EPOCH 4 loss ppo:  -0.07094, loss val: 0.03473
[2022-11-24 02:59:09,174] [INFO] [runner_train_mujoco] Finished batch.
[2022-11-24 02:59:09,273] [INFO] [runner_train_mujoco] Starting simulation batch with mujoco.
[2022-11-24 02:59:09,274] [INFO] [runner_train_mujoco] Environment 0
[2022-11-24 02:59:18,597] [INFO] [runner_train_mujoco] Environment 1
[2022-11-24 02:59:27,731] [INFO] [runner_train_mujoco] Environment 2
[2022-11-24 02:59:37,324] [INFO] [runner_train_mujoco] Environment 3
[2022-11-24 02:59:46,885] [INFO] [runner_train_mujoco] Environment 4
[2022-11-24 02:59:56,095] [INFO] [runner_train_mujoco] Environment 5
[2022-11-24 03:00:05,088] [INFO] [runner_train_mujoco] Environment 6
[2022-11-24 03:00:13,480] [INFO] [runner_train_mujoco] Environment 7
[2022-11-24 03:00:22,078] [INFO] [runner_train_mujoco] Environment 8
[2022-11-24 03:00:31,736] [INFO] [runner_train_mujoco] Environment 9
[2022-11-24 03:00:40,859] [INFO] [runner_train_mujoco] Average cumulative reward after 150 steps: 3.217151918110465
[2022-11-24 03:00:40,860] [INFO] [runner_train_mujoco] Average state value: 0.5322585591077804
[2022-11-24 03:00:40,860] [INFO] [controller] ITERATION NUM: 39
[2022-11-24 03:00:40,922] [INFO] [controller] EPOCH 1 loss ppo:  -0.01282, loss val: 0.04480
[2022-11-24 03:00:40,982] [INFO] [controller] EPOCH 2 loss ppo:  -0.02978, loss val: 0.04443
[2022-11-24 03:00:41,052] [INFO] [controller] EPOCH 3 loss ppo:  -0.04791, loss val: 0.04395
[2022-11-24 03:00:41,102] [INFO] [controller] EPOCH 4 loss ppo:  -0.06275, loss val: 0.04358
[2022-11-24 03:00:41,112] [INFO] [runner_train_mujoco] Finished batch.
[2022-11-24 03:00:41,217] [INFO] [runner_train_mujoco] Starting simulation batch with mujoco.
[2022-11-24 03:00:41,217] [INFO] [runner_train_mujoco] Environment 0
[2022-11-24 03:00:49,943] [INFO] [runner_train_mujoco] Environment 1
[2022-11-24 03:00:59,355] [INFO] [runner_train_mujoco] Environment 2
[2022-11-24 03:01:08,764] [INFO] [runner_train_mujoco] Environment 3
[2022-11-24 03:01:17,614] [INFO] [runner_train_mujoco] Environment 4
[2022-11-24 03:01:26,861] [INFO] [runner_train_mujoco] Environment 5
[2022-11-24 03:01:36,242] [INFO] [runner_train_mujoco] Environment 6
[2022-11-24 03:01:45,152] [INFO] [runner_train_mujoco] Environment 7
[2022-11-24 03:01:53,905] [INFO] [runner_train_mujoco] Environment 8
[2022-11-24 03:02:03,351] [INFO] [runner_train_mujoco] Environment 9
[2022-11-24 03:02:13,165] [INFO] [runner_train_mujoco] Average cumulative reward after 150 steps: 2.975869823660341
[2022-11-24 03:02:13,166] [INFO] [runner_train_mujoco] Average state value: 0.508004816621542
[2022-11-24 03:02:13,166] [INFO] [controller] ITERATION NUM: 40
[2022-11-24 03:02:13,250] [INFO] [controller] EPOCH 1 loss ppo:  -0.01285, loss val: 0.03822
[2022-11-24 03:02:13,315] [INFO] [controller] EPOCH 2 loss ppo:  -0.03388, loss val: 0.03845
[2022-11-24 03:02:13,373] [INFO] [controller] EPOCH 3 loss ppo:  -0.05291, loss val: 0.03892
[2022-11-24 03:02:13,428] [INFO] [controller] EPOCH 4 loss ppo:  -0.06956, loss val: 0.03835
[2022-11-24 03:02:13,438] [INFO] [runner_train_mujoco] Finished batch.
[2022-11-24 03:02:13,552] [INFO] [runner_train_mujoco] Starting simulation batch with mujoco.
[2022-11-24 03:02:13,552] [INFO] [runner_train_mujoco] Environment 0
[2022-11-24 03:02:23,270] [INFO] [runner_train_mujoco] Environment 1
[2022-11-24 03:02:32,087] [INFO] [runner_train_mujoco] Environment 2
[2022-11-24 03:02:41,612] [INFO] [runner_train_mujoco] Environment 3
[2022-11-24 03:02:50,874] [INFO] [runner_train_mujoco] Environment 4
[2022-11-24 03:02:59,500] [INFO] [runner_train_mujoco] Environment 5
[2022-11-24 03:03:08,361] [INFO] [runner_train_mujoco] Environment 6
[2022-11-24 03:03:17,612] [INFO] [runner_train_mujoco] Environment 7
[2022-11-24 03:03:26,602] [INFO] [runner_train_mujoco] Environment 8
[2022-11-24 03:03:34,870] [INFO] [runner_train_mujoco] Environment 9
[2022-11-24 03:03:43,958] [INFO] [runner_train_mujoco] Average cumulative reward after 150 steps: 2.8400075912806333
[2022-11-24 03:03:43,958] [INFO] [runner_train_mujoco] Average state value: 0.4917047796944777
[2022-11-24 03:03:43,958] [INFO] [controller] ITERATION NUM: 41
[2022-11-24 03:03:44,025] [INFO] [controller] EPOCH 1 loss ppo:  -0.01313, loss val: 0.04471
[2022-11-24 03:03:44,081] [INFO] [controller] EPOCH 2 loss ppo:  -0.03692, loss val: 0.04468
[2022-11-24 03:03:44,127] [INFO] [controller] EPOCH 3 loss ppo:  -0.05685, loss val: 0.04689
[2022-11-24 03:03:44,176] [INFO] [controller] EPOCH 4 loss ppo:  -0.06891, loss val: 0.04443
[2022-11-24 03:03:44,186] [INFO] [runner_train_mujoco] Finished batch.
[2022-11-24 03:03:44,286] [INFO] [runner_train_mujoco] Starting simulation batch with mujoco.
[2022-11-24 03:03:44,286] [INFO] [runner_train_mujoco] Environment 0
[2022-11-24 03:03:53,115] [INFO] [runner_train_mujoco] Environment 1
[2022-11-24 03:04:02,874] [INFO] [runner_train_mujoco] Environment 2
[2022-11-24 03:04:11,498] [INFO] [runner_train_mujoco] Environment 3
[2022-11-24 03:04:20,987] [INFO] [runner_train_mujoco] Environment 4
[2022-11-24 03:04:30,075] [INFO] [runner_train_mujoco] Environment 5
[2022-11-24 03:04:38,137] [INFO] [runner_train_mujoco] Environment 6
[2022-11-24 03:04:47,250] [INFO] [runner_train_mujoco] Environment 7
[2022-11-24 03:04:55,407] [INFO] [runner_train_mujoco] Environment 8
[2022-11-24 03:05:03,959] [INFO] [runner_train_mujoco] Environment 9
[2022-11-24 03:05:12,629] [INFO] [runner_train_mujoco] Average cumulative reward after 150 steps: 3.4955419560565604
[2022-11-24 03:05:12,630] [INFO] [runner_train_mujoco] Average state value: 0.49962544442216555
[2022-11-24 03:05:12,630] [INFO] [controller] ITERATION NUM: 42
[2022-11-24 03:05:12,701] [INFO] [controller] EPOCH 1 loss ppo:  -0.01392, loss val: 0.03882
[2022-11-24 03:05:12,748] [INFO] [controller] EPOCH 2 loss ppo:  -0.03254, loss val: 0.03896
[2022-11-24 03:05:12,795] [INFO] [controller] EPOCH 3 loss ppo:  -0.04852, loss val: 0.04097
[2022-11-24 03:05:12,844] [INFO] [controller] EPOCH 4 loss ppo:  -0.06342, loss val: 0.04114
[2022-11-24 03:05:12,858] [INFO] [runner_train_mujoco] Finished batch.
[2022-11-24 03:05:12,961] [INFO] [runner_train_mujoco] Starting simulation batch with mujoco.
[2022-11-24 03:05:12,961] [INFO] [runner_train_mujoco] Environment 0
[2022-11-24 03:05:22,148] [INFO] [runner_train_mujoco] Environment 1
[2022-11-24 03:05:31,436] [INFO] [runner_train_mujoco] Environment 2
[2022-11-24 03:05:40,406] [INFO] [runner_train_mujoco] Environment 3
[2022-11-24 03:05:49,895] [INFO] [runner_train_mujoco] Environment 4
[2022-11-24 03:05:59,088] [INFO] [runner_train_mujoco] Environment 5
[2022-11-24 03:06:08,436] [INFO] [runner_train_mujoco] Environment 6
[2022-11-24 03:06:17,265] [INFO] [runner_train_mujoco] Environment 7
[2022-11-24 03:06:26,134] [INFO] [runner_train_mujoco] Environment 8
[2022-11-24 03:06:35,876] [INFO] [runner_train_mujoco] Environment 9
[2022-11-24 03:06:45,248] [INFO] [runner_train_mujoco] Average cumulative reward after 150 steps: 3.1876067709072506
[2022-11-24 03:06:45,248] [INFO] [runner_train_mujoco] Average state value: 0.4770856367622812
[2022-11-24 03:06:45,248] [INFO] [controller] ITERATION NUM: 43
[2022-11-24 03:06:45,322] [INFO] [controller] EPOCH 1 loss ppo:  -0.01388, loss val: 0.05226
[2022-11-24 03:06:45,377] [INFO] [controller] EPOCH 2 loss ppo:  -0.03283, loss val: 0.04972
[2022-11-24 03:06:45,437] [INFO] [controller] EPOCH 3 loss ppo:  -0.05284, loss val: 0.05190
[2022-11-24 03:06:45,532] [INFO] [controller] EPOCH 4 loss ppo:  -0.06632, loss val: 0.04896
[2022-11-24 03:06:45,545] [INFO] [runner_train_mujoco] Finished batch.
[2022-11-24 03:06:45,665] [INFO] [runner_train_mujoco] Starting simulation batch with mujoco.
[2022-11-24 03:06:45,665] [INFO] [runner_train_mujoco] Environment 0
[2022-11-24 03:06:54,710] [INFO] [runner_train_mujoco] Environment 1
[2022-11-24 03:07:04,394] [INFO] [runner_train_mujoco] Environment 2
[2022-11-24 03:07:13,133] [INFO] [runner_train_mujoco] Environment 3
[2022-11-24 03:07:22,086] [INFO] [runner_train_mujoco] Environment 4
[2022-11-24 03:07:30,859] [INFO] [runner_train_mujoco] Environment 5
[2022-11-24 03:07:39,709] [INFO] [runner_train_mujoco] Environment 6
[2022-11-24 03:07:48,520] [INFO] [runner_train_mujoco] Environment 7
[2022-11-24 03:07:57,567] [INFO] [runner_train_mujoco] Environment 8
[2022-11-24 03:08:06,938] [INFO] [runner_train_mujoco] Environment 9
[2022-11-24 03:08:15,680] [INFO] [runner_train_mujoco] Average cumulative reward after 150 steps: 3.360890216927294
[2022-11-24 03:08:15,680] [INFO] [runner_train_mujoco] Average state value: 0.43106618120024603
[2022-11-24 03:08:15,680] [INFO] [controller] ITERATION NUM: 44
[2022-11-24 03:08:15,735] [INFO] [controller] EPOCH 1 loss ppo:  -0.01341, loss val: 0.07142
[2022-11-24 03:08:15,788] [INFO] [controller] EPOCH 2 loss ppo:  -0.03082, loss val: 0.07138
[2022-11-24 03:08:15,833] [INFO] [controller] EPOCH 3 loss ppo:  -0.04781, loss val: 0.07277
[2022-11-24 03:08:15,878] [INFO] [controller] EPOCH 4 loss ppo:  -0.06171, loss val: 0.07307
[2022-11-24 03:08:15,887] [INFO] [runner_train_mujoco] Finished batch.
[2022-11-24 03:08:15,985] [INFO] [runner_train_mujoco] Starting simulation batch with mujoco.
[2022-11-24 03:08:15,985] [INFO] [runner_train_mujoco] Environment 0
[2022-11-24 03:08:24,922] [INFO] [runner_train_mujoco] Environment 1
[2022-11-24 03:08:33,576] [INFO] [runner_train_mujoco] Environment 2
[2022-11-24 03:08:42,249] [INFO] [runner_train_mujoco] Environment 3
[2022-11-24 03:08:56,516] [INFO] [runner_train_mujoco] Environment 4
[2022-11-24 03:09:05,917] [INFO] [runner_train_mujoco] Environment 5
[2022-11-24 03:09:14,521] [INFO] [runner_train_mujoco] Environment 6
[2022-11-24 03:09:22,846] [INFO] [runner_train_mujoco] Environment 7
[2022-11-24 03:09:31,379] [INFO] [runner_train_mujoco] Environment 8
[2022-11-24 03:09:40,212] [INFO] [runner_train_mujoco] Environment 9
[2022-11-24 03:09:49,515] [INFO] [runner_train_mujoco] Average cumulative reward after 150 steps: 3.618553326171078
[2022-11-24 03:09:49,515] [INFO] [runner_train_mujoco] Average state value: 0.45998308646678926
[2022-11-24 03:09:49,515] [INFO] [controller] ITERATION NUM: 45
[2022-11-24 03:09:49,569] [INFO] [controller] EPOCH 1 loss ppo:  -0.01409, loss val: 0.02934
[2022-11-24 03:09:49,618] [INFO] [controller] EPOCH 2 loss ppo:  -0.03298, loss val: 0.02870
[2022-11-24 03:09:49,668] [INFO] [controller] EPOCH 3 loss ppo:  -0.05189, loss val: 0.02815
[2022-11-24 03:09:49,730] [INFO] [controller] EPOCH 4 loss ppo:  -0.06503, loss val: 0.02936
[2022-11-24 03:09:49,745] [INFO] [runner_train_mujoco] Finished batch.
[2022-11-24 03:09:49,852] [INFO] [runner_train_mujoco] Starting simulation batch with mujoco.
[2022-11-24 03:09:49,852] [INFO] [runner_train_mujoco] Environment 0
[2022-11-24 03:09:59,477] [INFO] [runner_train_mujoco] Environment 1
[2022-11-24 03:10:08,342] [INFO] [runner_train_mujoco] Environment 2
[2022-11-24 03:10:16,852] [INFO] [runner_train_mujoco] Environment 3
[2022-11-24 03:10:26,085] [INFO] [runner_train_mujoco] Environment 4
[2022-11-24 03:10:34,800] [INFO] [runner_train_mujoco] Environment 5
[2022-11-24 03:10:43,683] [INFO] [runner_train_mujoco] Environment 6
[2022-11-24 03:10:52,917] [INFO] [runner_train_mujoco] Environment 7
[2022-11-24 03:11:03,783] [INFO] [runner_train_mujoco] Environment 8
[2022-11-24 03:11:14,365] [INFO] [runner_train_mujoco] Environment 9
[2022-11-24 03:11:23,293] [INFO] [runner_train_mujoco] Average cumulative reward after 150 steps: 3.539401495094848
[2022-11-24 03:11:23,293] [INFO] [runner_train_mujoco] Average state value: 0.4547390249172847
[2022-11-24 03:11:23,293] [INFO] [controller] ITERATION NUM: 46
[2022-11-24 03:11:23,354] [INFO] [controller] EPOCH 1 loss ppo:  -0.01382, loss val: 0.03887
[2022-11-24 03:11:23,401] [INFO] [controller] EPOCH 2 loss ppo:  -0.03123, loss val: 0.03919
[2022-11-24 03:11:23,448] [INFO] [controller] EPOCH 3 loss ppo:  -0.04974, loss val: 0.04345
[2022-11-24 03:11:23,494] [INFO] [controller] EPOCH 4 loss ppo:  -0.06067, loss val: 0.03913
[2022-11-24 03:11:23,503] [INFO] [runner_train_mujoco] Finished batch.
[2022-11-24 03:11:23,645] [INFO] [runner_train_mujoco] Starting simulation batch with mujoco.
[2022-11-24 03:11:23,645] [INFO] [runner_train_mujoco] Environment 0
[2022-11-24 03:11:33,279] [INFO] [runner_train_mujoco] Environment 1
[2022-11-24 03:11:42,479] [INFO] [runner_train_mujoco] Environment 2
[2022-11-24 03:11:51,382] [INFO] [runner_train_mujoco] Environment 3
[2022-11-24 03:12:00,918] [INFO] [runner_train_mujoco] Environment 4
[2022-11-24 03:12:10,761] [INFO] [runner_train_mujoco] Environment 5
[2022-11-24 03:12:20,196] [INFO] [runner_train_mujoco] Environment 6
[2022-11-24 03:12:29,067] [INFO] [runner_train_mujoco] Environment 7
[2022-11-24 03:12:38,394] [INFO] [runner_train_mujoco] Environment 8
[2022-11-24 03:12:46,995] [INFO] [runner_train_mujoco] Environment 9
[2022-11-24 03:12:55,624] [INFO] [runner_train_mujoco] Average cumulative reward after 150 steps: 4.015360576140534
[2022-11-24 03:12:55,625] [INFO] [runner_train_mujoco] Average state value: 0.44440005589773257
[2022-11-24 03:12:55,625] [INFO] [controller] ITERATION NUM: 47
[2022-11-24 03:12:55,682] [INFO] [controller] EPOCH 1 loss ppo:  -0.01457, loss val: 0.04212
[2022-11-24 03:12:55,725] [INFO] [controller] EPOCH 2 loss ppo:  -0.02900, loss val: 0.04202
[2022-11-24 03:12:55,773] [INFO] [controller] EPOCH 3 loss ppo:  -0.04519, loss val: 0.04197
[2022-11-24 03:12:55,819] [INFO] [controller] EPOCH 4 loss ppo:  -0.05760, loss val: 0.04835
[2022-11-24 03:12:55,828] [INFO] [runner_train_mujoco] Finished batch.
[2022-11-24 03:12:55,926] [INFO] [runner_train_mujoco] Starting simulation batch with mujoco.
[2022-11-24 03:12:55,926] [INFO] [runner_train_mujoco] Environment 0
[2022-11-24 03:13:05,158] [INFO] [runner_train_mujoco] Environment 1
[2022-11-24 03:13:13,557] [INFO] [runner_train_mujoco] Environment 2
[2022-11-24 03:13:21,614] [INFO] [runner_train_mujoco] Environment 3
[2022-11-24 03:13:30,343] [INFO] [runner_train_mujoco] Environment 4
[2022-11-24 03:13:38,148] [INFO] [runner_train_mujoco] Environment 5
[2022-11-24 03:13:45,352] [INFO] [runner_train_mujoco] Environment 6
[2022-11-24 03:13:53,097] [INFO] [runner_train_mujoco] Environment 7
[2022-11-24 03:14:01,103] [INFO] [runner_train_mujoco] Environment 8
[2022-11-24 03:14:09,286] [INFO] [runner_train_mujoco] Environment 9
[2022-11-24 03:14:17,639] [INFO] [runner_train_mujoco] Average cumulative reward after 150 steps: 3.779784692433408
[2022-11-24 03:14:17,639] [INFO] [runner_train_mujoco] Average state value: 0.4324402888740102
[2022-11-24 03:14:17,639] [INFO] [controller] ITERATION NUM: 48
[2022-11-24 03:14:17,690] [INFO] [controller] EPOCH 1 loss ppo:  -0.01284, loss val: 0.08135
[2022-11-24 03:14:17,728] [INFO] [controller] EPOCH 2 loss ppo:  -0.02163, loss val: 0.08037
[2022-11-24 03:14:17,831] [INFO] [controller] EPOCH 3 loss ppo:  -0.03496, loss val: 0.07668
[2022-11-24 03:14:17,871] [INFO] [controller] EPOCH 4 loss ppo:  -0.04588, loss val: 0.07524
[2022-11-24 03:14:17,881] [INFO] [runner_train_mujoco] Finished batch.
[2022-11-24 03:14:17,977] [INFO] [runner_train_mujoco] Starting simulation batch with mujoco.
[2022-11-24 03:14:17,977] [INFO] [runner_train_mujoco] Environment 0
[2022-11-24 03:14:26,585] [INFO] [runner_train_mujoco] Environment 1
[2022-11-24 03:14:34,946] [INFO] [runner_train_mujoco] Environment 2
[2022-11-24 03:14:42,850] [INFO] [runner_train_mujoco] Environment 3
[2022-11-24 03:14:51,093] [INFO] [runner_train_mujoco] Environment 4
[2022-11-24 03:14:59,201] [INFO] [runner_train_mujoco] Environment 5
[2022-11-24 03:15:07,853] [INFO] [runner_train_mujoco] Environment 6
[2022-11-24 03:15:16,305] [INFO] [runner_train_mujoco] Environment 7
[2022-11-24 03:15:24,337] [INFO] [runner_train_mujoco] Environment 8
[2022-11-24 03:15:32,629] [INFO] [runner_train_mujoco] Environment 9
[2022-11-24 03:15:40,655] [INFO] [runner_train_mujoco] Average cumulative reward after 150 steps: 3.8209871941530245
[2022-11-24 03:15:40,655] [INFO] [runner_train_mujoco] Average state value: 0.47181861117978896
[2022-11-24 03:15:40,655] [INFO] [controller] ITERATION NUM: 49
[2022-11-24 03:15:40,705] [INFO] [controller] EPOCH 1 loss ppo:  -0.01450, loss val: 0.06329
[2022-11-24 03:15:40,759] [INFO] [controller] EPOCH 2 loss ppo:  -0.02800, loss val: 0.06074
[2022-11-24 03:15:40,805] [INFO] [controller] EPOCH 3 loss ppo:  -0.04373, loss val: 0.05957
[2022-11-24 03:15:40,849] [INFO] [controller] EPOCH 4 loss ppo:  -0.05306, loss val: 0.05663
[2022-11-24 03:15:40,861] [INFO] [runner_train_mujoco] Finished batch.
[2022-11-24 03:15:40,955] [INFO] [runner_train_mujoco] Starting simulation batch with mujoco.
[2022-11-24 03:15:40,955] [INFO] [runner_train_mujoco] Environment 0
[2022-11-24 03:15:49,219] [INFO] [runner_train_mujoco] Environment 1
[2022-11-24 03:15:56,882] [INFO] [runner_train_mujoco] Environment 2
[2022-11-24 03:16:05,177] [INFO] [runner_train_mujoco] Environment 3
[2022-11-24 03:16:13,546] [INFO] [runner_train_mujoco] Environment 4
[2022-11-24 03:16:21,767] [INFO] [runner_train_mujoco] Environment 5
[2022-11-24 03:16:29,649] [INFO] [runner_train_mujoco] Environment 6
[2022-11-24 03:16:37,684] [INFO] [runner_train_mujoco] Environment 7
[2022-11-24 03:16:45,477] [INFO] [runner_train_mujoco] Environment 8
[2022-11-24 03:16:53,155] [INFO] [runner_train_mujoco] Environment 9
[2022-11-24 03:17:01,203] [INFO] [runner_train_mujoco] Average cumulative reward after 150 steps: 4.096571019508989
[2022-11-24 03:17:01,203] [INFO] [runner_train_mujoco] Average state value: 0.5133905366063118
[2022-11-24 03:17:01,203] [INFO] [controller] ITERATION NUM: 50
[2022-11-24 03:17:01,269] [INFO] [controller] EPOCH 1 loss ppo:  -0.01342, loss val: 0.03842
[2022-11-24 03:17:01,312] [INFO] [controller] EPOCH 2 loss ppo:  -0.02643, loss val: 0.03893
[2022-11-24 03:17:01,355] [INFO] [controller] EPOCH 3 loss ppo:  -0.04328, loss val: 0.03942
[2022-11-24 03:17:01,397] [INFO] [controller] EPOCH 4 loss ppo:  -0.05392, loss val: 0.03952
[2022-11-24 03:17:01,407] [INFO] [runner_train_mujoco] Finished batch.
[2022-11-24 03:17:01,503] [INFO] [runner_train_mujoco] Starting simulation batch with mujoco.
[2022-11-24 03:17:01,503] [INFO] [runner_train_mujoco] Environment 0
[2022-11-24 03:17:10,129] [INFO] [runner_train_mujoco] Environment 1
[2022-11-24 03:17:18,575] [INFO] [runner_train_mujoco] Environment 2
[2022-11-24 03:17:26,629] [INFO] [runner_train_mujoco] Environment 3
[2022-11-24 03:17:34,909] [INFO] [runner_train_mujoco] Environment 4
[2022-11-24 03:17:42,840] [INFO] [runner_train_mujoco] Environment 5
[2022-11-24 03:17:50,797] [INFO] [runner_train_mujoco] Environment 6
[2022-11-24 03:17:58,148] [INFO] [runner_train_mujoco] Environment 7
[2022-11-24 03:18:06,682] [INFO] [runner_train_mujoco] Environment 8
[2022-11-24 03:18:15,018] [INFO] [runner_train_mujoco] Environment 9
[2022-11-24 03:18:23,649] [INFO] [runner_train_mujoco] Average cumulative reward after 150 steps: 4.409177719395838
[2022-11-24 03:18:23,649] [INFO] [runner_train_mujoco] Average state value: 0.5253766098221143
[2022-11-24 03:18:23,649] [INFO] [controller] ITERATION NUM: 51
[2022-11-24 03:18:23,700] [INFO] [controller] EPOCH 1 loss ppo:  -0.01409, loss val: 0.04811
[2022-11-24 03:18:23,746] [INFO] [controller] EPOCH 2 loss ppo:  -0.02479, loss val: 0.04774
[2022-11-24 03:18:23,800] [INFO] [controller] EPOCH 3 loss ppo:  -0.03811, loss val: 0.04770
[2022-11-24 03:18:23,849] [INFO] [controller] EPOCH 4 loss ppo:  -0.04935, loss val: 0.04760
[2022-11-24 03:18:23,860] [INFO] [runner_train_mujoco] Finished batch.
[2022-11-24 03:18:23,958] [INFO] [runner_train_mujoco] Starting simulation batch with mujoco.
[2022-11-24 03:18:23,958] [INFO] [runner_train_mujoco] Environment 0
[2022-11-24 03:18:32,314] [INFO] [runner_train_mujoco] Environment 1
[2022-11-24 03:18:40,143] [INFO] [runner_train_mujoco] Environment 2
[2022-11-24 03:18:47,637] [INFO] [runner_train_mujoco] Environment 3
[2022-11-24 03:18:55,029] [INFO] [runner_train_mujoco] Environment 4
[2022-11-24 03:19:04,413] [INFO] [runner_train_mujoco] Environment 5
[2022-11-24 03:19:13,325] [INFO] [runner_train_mujoco] Environment 6
[2022-11-24 03:19:22,201] [INFO] [runner_train_mujoco] Environment 7
[2022-11-24 03:19:29,589] [INFO] [runner_train_mujoco] Environment 8
[2022-11-24 03:19:37,168] [INFO] [runner_train_mujoco] Environment 9
[2022-11-24 03:19:44,999] [INFO] [runner_train_mujoco] Average cumulative reward after 150 steps: 4.464423937091298
[2022-11-24 03:19:44,999] [INFO] [runner_train_mujoco] Average state value: 0.5187086839079857
[2022-11-24 03:19:44,999] [INFO] [controller] ITERATION NUM: 52
[2022-11-24 03:19:45,050] [INFO] [controller] EPOCH 1 loss ppo:  -0.01369, loss val: 0.04502
[2022-11-24 03:19:45,095] [INFO] [controller] EPOCH 2 loss ppo:  -0.02392, loss val: 0.04338
[2022-11-24 03:19:45,137] [INFO] [controller] EPOCH 3 loss ppo:  -0.03822, loss val: 0.04339
[2022-11-24 03:19:45,179] [INFO] [controller] EPOCH 4 loss ppo:  -0.04930, loss val: 0.04459
[2022-11-24 03:19:45,188] [INFO] [runner_train_mujoco] Finished batch.
[2022-11-24 03:19:45,274] [INFO] [runner_train_mujoco] Starting simulation batch with mujoco.
[2022-11-24 03:19:45,274] [INFO] [runner_train_mujoco] Environment 0
[2022-11-24 03:19:53,996] [INFO] [runner_train_mujoco] Environment 1
[2022-11-24 03:20:02,666] [INFO] [runner_train_mujoco] Environment 2
[2022-11-24 03:20:10,960] [INFO] [runner_train_mujoco] Environment 3
[2022-11-24 03:20:18,887] [INFO] [runner_train_mujoco] Environment 4
[2022-11-24 03:20:27,341] [INFO] [runner_train_mujoco] Environment 5
[2022-11-24 03:20:35,557] [INFO] [runner_train_mujoco] Environment 6
[2022-11-24 03:20:46,235] [INFO] [runner_train_mujoco] Environment 7
[2022-11-24 03:20:54,315] [INFO] [runner_train_mujoco] Environment 8
[2022-11-24 03:21:02,098] [INFO] [runner_train_mujoco] Environment 9
[2022-11-24 03:21:10,354] [INFO] [runner_train_mujoco] Average cumulative reward after 150 steps: 4.254065768575005
[2022-11-24 03:21:10,354] [INFO] [runner_train_mujoco] Average state value: 0.5014385215441386
[2022-11-24 03:21:10,355] [INFO] [controller] ITERATION NUM: 53
[2022-11-24 03:21:10,405] [INFO] [controller] EPOCH 1 loss ppo:  -0.01381, loss val: 0.04297
[2022-11-24 03:21:10,450] [INFO] [controller] EPOCH 2 loss ppo:  -0.02268, loss val: 0.04276
[2022-11-24 03:21:10,492] [INFO] [controller] EPOCH 3 loss ppo:  -0.03581, loss val: 0.04262
[2022-11-24 03:21:10,536] [INFO] [controller] EPOCH 4 loss ppo:  -0.04670, loss val: 0.04245
[2022-11-24 03:21:10,545] [INFO] [runner_train_mujoco] Finished batch.
[2022-11-24 03:21:10,642] [INFO] [runner_train_mujoco] Starting simulation batch with mujoco.
[2022-11-24 03:21:10,642] [INFO] [runner_train_mujoco] Environment 0
[2022-11-24 03:21:18,915] [INFO] [runner_train_mujoco] Environment 1
[2022-11-24 03:21:27,860] [INFO] [runner_train_mujoco] Environment 2
[2022-11-24 03:21:35,820] [INFO] [runner_train_mujoco] Environment 3
[2022-11-24 03:21:44,264] [INFO] [runner_train_mujoco] Environment 4
[2022-11-24 03:21:52,553] [INFO] [runner_train_mujoco] Environment 5
[2022-11-24 03:22:00,928] [INFO] [runner_train_mujoco] Environment 6
[2022-11-24 03:22:09,307] [INFO] [runner_train_mujoco] Environment 7
[2022-11-24 03:22:17,626] [INFO] [runner_train_mujoco] Environment 8
[2022-11-24 03:22:25,648] [INFO] [runner_train_mujoco] Environment 9
[2022-11-24 03:22:33,100] [INFO] [runner_train_mujoco] Average cumulative reward after 150 steps: 4.034608554657292
[2022-11-24 03:22:33,100] [INFO] [runner_train_mujoco] Average state value: 0.4800501720085741
[2022-11-24 03:22:33,100] [INFO] [controller] ITERATION NUM: 54
[2022-11-24 03:22:33,149] [INFO] [controller] EPOCH 1 loss ppo:  -0.01346, loss val: 0.05138
[2022-11-24 03:22:33,185] [INFO] [controller] EPOCH 2 loss ppo:  -0.02048, loss val: 0.05308
[2022-11-24 03:22:33,223] [INFO] [controller] EPOCH 3 loss ppo:  -0.03044, loss val: 0.05279
[2022-11-24 03:22:33,264] [INFO] [controller] EPOCH 4 loss ppo:  -0.03882, loss val: 0.05241
[2022-11-24 03:22:33,271] [INFO] [runner_train_mujoco] Finished batch.
[2022-11-24 03:22:33,371] [INFO] [runner_train_mujoco] Starting simulation batch with mujoco.
[2022-11-24 03:22:33,372] [INFO] [runner_train_mujoco] Environment 0
[2022-11-24 03:22:41,455] [INFO] [runner_train_mujoco] Environment 1
[2022-11-24 03:22:49,868] [INFO] [runner_train_mujoco] Environment 2
[2022-11-24 03:22:57,818] [INFO] [runner_train_mujoco] Environment 3
[2022-11-24 03:23:06,209] [INFO] [runner_train_mujoco] Environment 4
[2022-11-24 03:23:15,671] [INFO] [runner_train_mujoco] Environment 5
[2022-11-24 03:23:23,754] [INFO] [runner_train_mujoco] Environment 6
[2022-11-24 03:23:31,728] [INFO] [runner_train_mujoco] Environment 7
[2022-11-24 03:23:39,674] [INFO] [runner_train_mujoco] Environment 8
[2022-11-24 03:23:47,458] [INFO] [runner_train_mujoco] Environment 9
[2022-11-24 03:23:55,315] [INFO] [runner_train_mujoco] Average cumulative reward after 150 steps: 4.462374284471679
[2022-11-24 03:23:55,315] [INFO] [runner_train_mujoco] Average state value: 0.49034935921430584
[2022-11-24 03:23:55,315] [INFO] [controller] ITERATION NUM: 55
[2022-11-24 03:23:55,370] [INFO] [controller] EPOCH 1 loss ppo:  -0.01340, loss val: 0.03729
[2022-11-24 03:23:55,417] [INFO] [controller] EPOCH 2 loss ppo:  -0.01829, loss val: 0.03599
[2022-11-24 03:23:55,464] [INFO] [controller] EPOCH 3 loss ppo:  -0.02732, loss val: 0.03690
[2022-11-24 03:23:55,507] [INFO] [controller] EPOCH 4 loss ppo:  -0.03833, loss val: 0.03642
[2022-11-24 03:23:55,516] [INFO] [runner_train_mujoco] Finished batch.
[2022-11-24 03:23:55,615] [INFO] [runner_train_mujoco] Starting simulation batch with mujoco.
[2022-11-24 03:23:55,615] [INFO] [runner_train_mujoco] Environment 0
[2022-11-24 03:24:04,233] [INFO] [runner_train_mujoco] Environment 1
[2022-11-24 03:24:13,126] [INFO] [runner_train_mujoco] Environment 2
[2022-11-24 03:24:21,727] [INFO] [runner_train_mujoco] Environment 3
[2022-11-24 03:24:29,850] [INFO] [runner_train_mujoco] Environment 4
[2022-11-24 03:24:38,233] [INFO] [runner_train_mujoco] Environment 5
[2022-11-24 03:24:47,113] [INFO] [runner_train_mujoco] Environment 6
[2022-11-24 03:24:54,935] [INFO] [runner_train_mujoco] Environment 7
[2022-11-24 03:25:03,253] [INFO] [runner_train_mujoco] Environment 8
[2022-11-24 03:25:11,628] [INFO] [runner_train_mujoco] Environment 9
[2022-11-24 03:25:19,386] [INFO] [runner_train_mujoco] Average cumulative reward after 150 steps: 4.17784526830993
[2022-11-24 03:25:19,386] [INFO] [runner_train_mujoco] Average state value: 0.49448067923386885
[2022-11-24 03:25:19,386] [INFO] [controller] ITERATION NUM: 56
[2022-11-24 03:25:19,440] [INFO] [controller] EPOCH 1 loss ppo:  -0.01370, loss val: 0.04508
[2022-11-24 03:25:19,486] [INFO] [controller] EPOCH 2 loss ppo:  -0.01869, loss val: 0.04718
[2022-11-24 03:25:19,532] [INFO] [controller] EPOCH 3 loss ppo:  -0.02677, loss val: 0.04667
[2022-11-24 03:25:19,579] [INFO] [controller] EPOCH 4 loss ppo:  -0.03635, loss val: 0.04657
[2022-11-24 03:25:19,587] [INFO] [runner_train_mujoco] Finished batch.
[2022-11-24 03:25:19,685] [INFO] [runner_train_mujoco] Starting simulation batch with mujoco.
[2022-11-24 03:25:19,686] [INFO] [runner_train_mujoco] Environment 0
[2022-11-24 03:25:28,281] [INFO] [runner_train_mujoco] Environment 1
[2022-11-24 03:25:36,734] [INFO] [runner_train_mujoco] Environment 2
[2022-11-24 03:25:44,709] [INFO] [runner_train_mujoco] Environment 3
[2022-11-24 03:25:52,776] [INFO] [runner_train_mujoco] Environment 4
[2022-11-24 03:26:00,759] [INFO] [runner_train_mujoco] Environment 5
[2022-11-24 03:26:08,992] [INFO] [runner_train_mujoco] Environment 6
[2022-11-24 03:26:17,258] [INFO] [runner_train_mujoco] Environment 7
[2022-11-24 03:26:25,171] [INFO] [runner_train_mujoco] Environment 8
[2022-11-24 03:26:32,713] [INFO] [runner_train_mujoco] Environment 9
[2022-11-24 03:26:40,574] [INFO] [runner_train_mujoco] Average cumulative reward after 150 steps: 4.406557597392179
[2022-11-24 03:26:40,575] [INFO] [runner_train_mujoco] Average state value: 0.49669599532087644
[2022-11-24 03:26:40,575] [INFO] [controller] ITERATION NUM: 57
[2022-11-24 03:26:40,624] [INFO] [controller] EPOCH 1 loss ppo:  -0.01381, loss val: 0.04282
[2022-11-24 03:26:40,666] [INFO] [controller] EPOCH 2 loss ppo:  -0.01637, loss val: 0.04293
[2022-11-24 03:26:40,707] [INFO] [controller] EPOCH 3 loss ppo:  -0.02157, loss val: 0.04285
[2022-11-24 03:26:40,749] [INFO] [controller] EPOCH 4 loss ppo:  -0.02831, loss val: 0.04594
[2022-11-24 03:26:40,759] [INFO] [runner_train_mujoco] Finished batch.
[2022-11-24 03:26:40,856] [INFO] [runner_train_mujoco] Starting simulation batch with mujoco.
[2022-11-24 03:26:40,856] [INFO] [runner_train_mujoco] Environment 0
[2022-11-24 03:26:49,003] [INFO] [runner_train_mujoco] Environment 1
[2022-11-24 03:26:57,127] [INFO] [runner_train_mujoco] Environment 2
[2022-11-24 03:27:05,628] [INFO] [runner_train_mujoco] Environment 3
[2022-11-24 03:27:13,940] [INFO] [runner_train_mujoco] Environment 4
[2022-11-24 03:27:21,760] [INFO] [runner_train_mujoco] Environment 5
[2022-11-24 03:27:29,621] [INFO] [runner_train_mujoco] Environment 6
[2022-11-24 03:27:37,562] [INFO] [runner_train_mujoco] Environment 7
[2022-11-24 03:27:45,851] [INFO] [runner_train_mujoco] Environment 8
[2022-11-24 03:27:53,425] [INFO] [runner_train_mujoco] Environment 9
[2022-11-24 03:28:02,845] [INFO] [runner_train_mujoco] Average cumulative reward after 150 steps: 4.117522186364747
[2022-11-24 03:28:02,845] [INFO] [runner_train_mujoco] Average state value: 0.4902623103708028
[2022-11-24 03:28:02,845] [INFO] [controller] ITERATION NUM: 58
[2022-11-24 03:28:02,907] [INFO] [controller] EPOCH 1 loss ppo:  -0.01336, loss val: 0.04430
[2022-11-24 03:28:02,945] [INFO] [controller] EPOCH 2 loss ppo:  -0.01443, loss val: 0.04380
[2022-11-24 03:28:02,988] [INFO] [controller] EPOCH 3 loss ppo:  -0.01663, loss val: 0.04264
[2022-11-24 03:28:03,028] [INFO] [controller] EPOCH 4 loss ppo:  -0.01963, loss val: 0.04268
[2022-11-24 03:28:03,037] [INFO] [runner_train_mujoco] Finished batch.
[2022-11-24 03:28:03,042] [INFO] [optimize] Finished learning.
