[2022-11-24 13:49:03,747] [INFO] [optimize] Starting learning
[2022-11-24 13:49:03,755] [INFO] [optimize] Starting learning process..
[2022-11-24 13:49:03,834] [INFO] [runner_train_mujoco] Starting simulation batch with mujoco.
[2022-11-24 13:49:03,834] [INFO] [runner_train_mujoco] Environment 0
[2022-11-24 13:49:11,342] [INFO] [runner_train_mujoco] Environment 1
[2022-11-24 13:49:17,164] [INFO] [runner_train_mujoco] Environment 2
[2022-11-24 13:49:23,377] [INFO] [runner_train_mujoco] Environment 3
[2022-11-24 13:49:29,161] [INFO] [runner_train_mujoco] Environment 4
[2022-11-24 13:49:34,946] [INFO] [runner_train_mujoco] Environment 5
[2022-11-24 13:49:40,593] [INFO] [runner_train_mujoco] Environment 6
[2022-11-24 13:49:46,214] [INFO] [runner_train_mujoco] Environment 7
[2022-11-24 13:49:52,124] [INFO] [runner_train_mujoco] Environment 8
[2022-11-24 13:49:58,112] [INFO] [runner_train_mujoco] Environment 9
[2022-11-24 13:50:04,027] [INFO] [runner_train_mujoco] Average cumulative reward after 150 steps: 0.36468276032943814
[2022-11-24 13:50:04,027] [INFO] [runner_train_mujoco] Average state value: 0.2469475200511515
[2022-11-24 13:50:04,027] [INFO] [controller] ITERATION NUM: 1
[2022-11-24 13:50:04,092] [INFO] [controller] EPOCH 1 loss ppo:  -0.01269, loss val: 0.34618
[2022-11-24 13:50:04,137] [INFO] [controller] EPOCH 2 loss ppo:  -0.04544, loss val: 0.31167
[2022-11-24 13:50:04,188] [INFO] [controller] EPOCH 3 loss ppo:  -0.05572, loss val: 0.27924
[2022-11-24 13:50:04,231] [INFO] [controller] EPOCH 4 loss ppo:  -0.06403, loss val: 0.24441
[2022-11-24 13:50:04,241] [INFO] [runner_train_mujoco] Finished batch.
[2022-11-24 13:50:04,298] [INFO] [runner_train_mujoco] Starting simulation batch with mujoco.
[2022-11-24 13:50:04,299] [INFO] [runner_train_mujoco] Environment 0
[2022-11-24 13:50:10,313] [INFO] [runner_train_mujoco] Environment 1
[2022-11-24 13:50:16,195] [INFO] [runner_train_mujoco] Environment 2
[2022-11-24 13:50:22,137] [INFO] [runner_train_mujoco] Environment 3
[2022-11-24 13:50:28,567] [INFO] [runner_train_mujoco] Environment 4
[2022-11-24 13:50:34,563] [INFO] [runner_train_mujoco] Environment 5
[2022-11-24 13:50:40,533] [INFO] [runner_train_mujoco] Environment 6
[2022-11-24 13:50:46,700] [INFO] [runner_train_mujoco] Environment 7
[2022-11-24 13:50:53,041] [INFO] [runner_train_mujoco] Environment 8
[2022-11-24 13:50:58,913] [INFO] [runner_train_mujoco] Environment 9
[2022-11-24 13:51:04,956] [INFO] [runner_train_mujoco] Average cumulative reward after 150 steps: 0.3765465951533761
[2022-11-24 13:51:04,956] [INFO] [runner_train_mujoco] Average state value: 0.44583284030233816
[2022-11-24 13:51:04,956] [INFO] [controller] ITERATION NUM: 2
[2022-11-24 13:51:05,007] [INFO] [controller] EPOCH 1 loss ppo:  -0.01329, loss val: 0.19675
[2022-11-24 13:51:05,050] [INFO] [controller] EPOCH 2 loss ppo:  -0.04179, loss val: 0.17721
[2022-11-24 13:51:05,096] [INFO] [controller] EPOCH 3 loss ppo:  -0.05439, loss val: 0.16305
[2022-11-24 13:51:05,155] [INFO] [controller] EPOCH 4 loss ppo:  -0.06149, loss val: 0.15436
[2022-11-24 13:51:05,165] [INFO] [runner_train_mujoco] Finished batch.
[2022-11-24 13:51:05,234] [INFO] [runner_train_mujoco] Starting simulation batch with mujoco.
[2022-11-24 13:51:05,234] [INFO] [runner_train_mujoco] Environment 0
[2022-11-24 13:51:11,414] [INFO] [runner_train_mujoco] Environment 1
[2022-11-24 13:51:17,263] [INFO] [runner_train_mujoco] Environment 2
[2022-11-24 13:51:23,379] [INFO] [runner_train_mujoco] Environment 3
[2022-11-24 13:51:29,140] [INFO] [runner_train_mujoco] Environment 4
[2022-11-24 13:51:35,036] [INFO] [runner_train_mujoco] Environment 5
[2022-11-24 13:51:40,980] [INFO] [runner_train_mujoco] Environment 6
[2022-11-24 13:51:47,248] [INFO] [runner_train_mujoco] Environment 7
[2022-11-24 13:51:53,133] [INFO] [runner_train_mujoco] Environment 8
[2022-11-24 13:51:58,953] [INFO] [runner_train_mujoco] Environment 9
[2022-11-24 13:52:05,003] [INFO] [runner_train_mujoco] Average cumulative reward after 150 steps: 0.3373956475588059
[2022-11-24 13:52:05,004] [INFO] [runner_train_mujoco] Average state value: 0.5659185310474906
[2022-11-24 13:52:05,004] [INFO] [controller] ITERATION NUM: 3
[2022-11-24 13:52:05,054] [INFO] [controller] EPOCH 1 loss ppo:  -0.01039, loss val: 0.13926
[2022-11-24 13:52:05,095] [INFO] [controller] EPOCH 2 loss ppo:  -0.03650, loss val: 0.13050
[2022-11-24 13:52:05,141] [INFO] [controller] EPOCH 3 loss ppo:  -0.05143, loss val: 0.12248
[2022-11-24 13:52:05,188] [INFO] [controller] EPOCH 4 loss ppo:  -0.05500, loss val: 0.11621
[2022-11-24 13:52:05,198] [INFO] [runner_train_mujoco] Finished batch.
[2022-11-24 13:52:05,264] [INFO] [runner_train_mujoco] Starting simulation batch with mujoco.
[2022-11-24 13:52:05,265] [INFO] [runner_train_mujoco] Environment 0
[2022-11-24 13:52:11,402] [INFO] [runner_train_mujoco] Environment 1
[2022-11-24 13:52:17,180] [INFO] [runner_train_mujoco] Environment 2
[2022-11-24 13:52:23,217] [INFO] [runner_train_mujoco] Environment 3
[2022-11-24 13:52:29,118] [INFO] [runner_train_mujoco] Environment 4
[2022-11-24 13:52:35,204] [INFO] [runner_train_mujoco] Environment 5
[2022-11-24 13:52:41,211] [INFO] [runner_train_mujoco] Environment 6
[2022-11-24 13:52:46,806] [INFO] [runner_train_mujoco] Environment 7
[2022-11-24 13:52:52,540] [INFO] [runner_train_mujoco] Environment 8
[2022-11-24 13:52:58,596] [INFO] [runner_train_mujoco] Environment 9
[2022-11-24 13:53:04,681] [INFO] [runner_train_mujoco] Average cumulative reward after 150 steps: 0.3592582498661633
[2022-11-24 13:53:04,681] [INFO] [runner_train_mujoco] Average state value: 0.6287558166881402
[2022-11-24 13:53:04,681] [INFO] [controller] ITERATION NUM: 4
[2022-11-24 13:53:04,743] [INFO] [controller] EPOCH 1 loss ppo:  -0.01113, loss val: 0.11772
[2022-11-24 13:53:04,784] [INFO] [controller] EPOCH 2 loss ppo:  -0.03477, loss val: 0.11071
[2022-11-24 13:53:04,823] [INFO] [controller] EPOCH 3 loss ppo:  -0.04671, loss val: 0.10308
[2022-11-24 13:53:04,866] [INFO] [controller] EPOCH 4 loss ppo:  -0.05594, loss val: 0.09651
[2022-11-24 13:53:04,875] [INFO] [runner_train_mujoco] Finished batch.
[2022-11-24 13:53:04,928] [INFO] [runner_train_mujoco] Starting simulation batch with mujoco.
[2022-11-24 13:53:04,929] [INFO] [runner_train_mujoco] Environment 0
[2022-11-24 13:53:11,087] [INFO] [runner_train_mujoco] Environment 1
[2022-11-24 13:53:16,959] [INFO] [runner_train_mujoco] Environment 2
[2022-11-24 13:53:22,930] [INFO] [runner_train_mujoco] Environment 3
[2022-11-24 13:53:29,010] [INFO] [runner_train_mujoco] Environment 4
[2022-11-24 13:53:34,279] [INFO] [runner_train_mujoco] Environment 5
[2022-11-24 13:53:39,651] [INFO] [runner_train_mujoco] Environment 6
[2022-11-24 13:53:44,990] [INFO] [runner_train_mujoco] Environment 7
[2022-11-24 13:53:50,173] [INFO] [runner_train_mujoco] Environment 8
[2022-11-24 13:53:55,887] [INFO] [runner_train_mujoco] Environment 9
[2022-11-24 13:54:01,331] [INFO] [runner_train_mujoco] Average cumulative reward after 150 steps: 0.4841476440954354
[2022-11-24 13:54:01,331] [INFO] [runner_train_mujoco] Average state value: 0.5892374306563288
[2022-11-24 13:54:01,331] [INFO] [controller] ITERATION NUM: 5
[2022-11-24 13:54:01,387] [INFO] [controller] EPOCH 1 loss ppo:  -0.01203, loss val: 0.08721
[2022-11-24 13:54:01,428] [INFO] [controller] EPOCH 2 loss ppo:  -0.03307, loss val: 0.08306
[2022-11-24 13:54:01,468] [INFO] [controller] EPOCH 3 loss ppo:  -0.04295, loss val: 0.07864
[2022-11-24 13:54:01,506] [INFO] [controller] EPOCH 4 loss ppo:  -0.04982, loss val: 0.07622
[2022-11-24 13:54:01,515] [INFO] [runner_train_mujoco] Finished batch.
[2022-11-24 13:54:01,583] [INFO] [runner_train_mujoco] Starting simulation batch with mujoco.
[2022-11-24 13:54:01,583] [INFO] [runner_train_mujoco] Environment 0
[2022-11-24 13:54:07,127] [INFO] [runner_train_mujoco] Environment 1
[2022-11-24 13:54:13,351] [INFO] [runner_train_mujoco] Environment 2
[2022-11-24 13:54:18,767] [INFO] [runner_train_mujoco] Environment 3
[2022-11-24 13:54:24,200] [INFO] [runner_train_mujoco] Environment 4
[2022-11-24 13:54:29,622] [INFO] [runner_train_mujoco] Environment 5
[2022-11-24 13:54:34,884] [INFO] [runner_train_mujoco] Environment 6
[2022-11-24 13:54:39,949] [INFO] [runner_train_mujoco] Environment 7
[2022-11-24 13:54:45,192] [INFO] [runner_train_mujoco] Environment 8
[2022-11-24 13:54:50,443] [INFO] [runner_train_mujoco] Environment 9
[2022-11-24 13:54:55,789] [INFO] [runner_train_mujoco] Average cumulative reward after 150 steps: 0.288157363901699
[2022-11-24 13:54:55,789] [INFO] [runner_train_mujoco] Average state value: 0.5895952387452125
[2022-11-24 13:54:55,790] [INFO] [controller] ITERATION NUM: 6
[2022-11-24 13:54:55,835] [INFO] [controller] EPOCH 1 loss ppo:  -0.01133, loss val: 0.07290
[2022-11-24 13:54:55,876] [INFO] [controller] EPOCH 2 loss ppo:  -0.03451, loss val: 0.06889
[2022-11-24 13:54:55,914] [INFO] [controller] EPOCH 3 loss ppo:  -0.05130, loss val: 0.06588
[2022-11-24 13:54:55,955] [INFO] [controller] EPOCH 4 loss ppo:  -0.05956, loss val: 0.06348
[2022-11-24 13:54:55,964] [INFO] [runner_train_mujoco] Finished batch.
[2022-11-24 13:54:56,019] [INFO] [runner_train_mujoco] Starting simulation batch with mujoco.
[2022-11-24 13:54:56,019] [INFO] [runner_train_mujoco] Environment 0
[2022-11-24 13:55:01,425] [INFO] [runner_train_mujoco] Environment 1
[2022-11-24 13:55:06,878] [INFO] [runner_train_mujoco] Environment 2
[2022-11-24 13:55:12,500] [INFO] [runner_train_mujoco] Environment 3
[2022-11-24 13:55:17,892] [INFO] [runner_train_mujoco] Environment 4
[2022-11-24 13:55:23,728] [INFO] [runner_train_mujoco] Environment 5
[2022-11-24 13:55:28,943] [INFO] [runner_train_mujoco] Environment 6
[2022-11-24 13:55:34,184] [INFO] [runner_train_mujoco] Environment 7
[2022-11-24 13:55:39,444] [INFO] [runner_train_mujoco] Environment 8
[2022-11-24 13:55:44,720] [INFO] [runner_train_mujoco] Environment 9
[2022-11-24 13:55:50,466] [INFO] [runner_train_mujoco] Average cumulative reward after 150 steps: 0.4490522419233255
[2022-11-24 13:55:50,466] [INFO] [runner_train_mujoco] Average state value: 0.5696721620609363
[2022-11-24 13:55:50,466] [INFO] [controller] ITERATION NUM: 7
[2022-11-24 13:55:50,504] [INFO] [controller] EPOCH 1 loss ppo:  -0.00926, loss val: 0.06304
[2022-11-24 13:55:50,543] [INFO] [controller] EPOCH 2 loss ppo:  -0.03112, loss val: 0.06187
[2022-11-24 13:55:50,601] [INFO] [controller] EPOCH 3 loss ppo:  -0.04068, loss val: 0.05791
[2022-11-24 13:55:50,643] [INFO] [controller] EPOCH 4 loss ppo:  -0.04944, loss val: 0.05531
[2022-11-24 13:55:50,653] [INFO] [runner_train_mujoco] Finished batch.
[2022-11-24 13:55:50,711] [INFO] [runner_train_mujoco] Starting simulation batch with mujoco.
[2022-11-24 13:55:50,711] [INFO] [runner_train_mujoco] Environment 0
[2022-11-24 13:55:56,121] [INFO] [runner_train_mujoco] Environment 1
[2022-11-24 13:56:01,493] [INFO] [runner_train_mujoco] Environment 2
[2022-11-24 13:56:06,767] [INFO] [runner_train_mujoco] Environment 3
[2022-11-24 13:56:12,046] [INFO] [runner_train_mujoco] Environment 4
[2022-11-24 13:56:17,712] [INFO] [runner_train_mujoco] Environment 5
[2022-11-24 13:56:23,281] [INFO] [runner_train_mujoco] Environment 6
[2022-11-24 13:56:29,008] [INFO] [runner_train_mujoco] Environment 7
[2022-11-24 13:56:34,409] [INFO] [runner_train_mujoco] Environment 8
[2022-11-24 13:56:39,819] [INFO] [runner_train_mujoco] Environment 9
[2022-11-24 13:56:44,966] [INFO] [runner_train_mujoco] Average cumulative reward after 150 steps: 0.4766160804307568
[2022-11-24 13:56:44,966] [INFO] [runner_train_mujoco] Average state value: 0.6205751478821039
[2022-11-24 13:56:44,966] [INFO] [controller] ITERATION NUM: 8
[2022-11-24 13:56:45,022] [INFO] [controller] EPOCH 1 loss ppo:  -0.01230, loss val: 0.05778
[2022-11-24 13:56:45,063] [INFO] [controller] EPOCH 2 loss ppo:  -0.03789, loss val: 0.05766
[2022-11-24 13:56:45,102] [INFO] [controller] EPOCH 3 loss ppo:  -0.04890, loss val: 0.05585
[2022-11-24 13:56:45,142] [INFO] [controller] EPOCH 4 loss ppo:  -0.05764, loss val: 0.05587
[2022-11-24 13:56:45,151] [INFO] [runner_train_mujoco] Finished batch.
[2022-11-24 13:56:45,216] [INFO] [runner_train_mujoco] Starting simulation batch with mujoco.
[2022-11-24 13:56:45,216] [INFO] [runner_train_mujoco] Environment 0
[2022-11-24 13:56:50,544] [INFO] [runner_train_mujoco] Environment 1
[2022-11-24 13:56:56,175] [INFO] [runner_train_mujoco] Environment 2
[2022-11-24 13:57:01,533] [INFO] [runner_train_mujoco] Environment 3
[2022-11-24 13:57:06,853] [INFO] [runner_train_mujoco] Environment 4
[2022-11-24 13:57:12,358] [INFO] [runner_train_mujoco] Environment 5
[2022-11-24 13:57:17,558] [INFO] [runner_train_mujoco] Environment 6
[2022-11-24 13:57:22,756] [INFO] [runner_train_mujoco] Environment 7
[2022-11-24 13:57:28,118] [INFO] [runner_train_mujoco] Environment 8
[2022-11-24 13:57:33,748] [INFO] [runner_train_mujoco] Environment 9
[2022-11-24 13:57:39,089] [INFO] [runner_train_mujoco] Average cumulative reward after 150 steps: 0.4963553852712902
[2022-11-24 13:57:39,089] [INFO] [runner_train_mujoco] Average state value: 0.6519025574227174
[2022-11-24 13:57:39,089] [INFO] [controller] ITERATION NUM: 9
[2022-11-24 13:57:39,136] [INFO] [controller] EPOCH 1 loss ppo:  -0.01062, loss val: 0.05237
[2022-11-24 13:57:39,173] [INFO] [controller] EPOCH 2 loss ppo:  -0.03385, loss val: 0.05121
[2022-11-24 13:57:39,208] [INFO] [controller] EPOCH 3 loss ppo:  -0.04550, loss val: 0.04756
[2022-11-24 13:57:39,249] [INFO] [controller] EPOCH 4 loss ppo:  -0.05317, loss val: 0.04683
[2022-11-24 13:57:39,257] [INFO] [runner_train_mujoco] Finished batch.
[2022-11-24 13:57:39,322] [INFO] [runner_train_mujoco] Starting simulation batch with mujoco.
[2022-11-24 13:57:39,322] [INFO] [runner_train_mujoco] Environment 0
[2022-11-24 13:57:44,868] [INFO] [runner_train_mujoco] Environment 1
[2022-11-24 13:57:50,275] [INFO] [runner_train_mujoco] Environment 2
[2022-11-24 13:57:55,697] [INFO] [runner_train_mujoco] Environment 3
[2022-11-24 13:58:01,213] [INFO] [runner_train_mujoco] Environment 4
[2022-11-24 13:58:06,650] [INFO] [runner_train_mujoco] Environment 5
[2022-11-24 13:58:12,208] [INFO] [runner_train_mujoco] Environment 6
[2022-11-24 13:58:17,556] [INFO] [runner_train_mujoco] Environment 7
[2022-11-24 13:58:23,132] [INFO] [runner_train_mujoco] Environment 8
[2022-11-24 13:58:28,632] [INFO] [runner_train_mujoco] Environment 9
[2022-11-24 13:58:34,024] [INFO] [runner_train_mujoco] Average cumulative reward after 150 steps: 0.43181148214102016
[2022-11-24 13:58:34,024] [INFO] [runner_train_mujoco] Average state value: 0.6118456249237061
[2022-11-24 13:58:34,024] [INFO] [controller] ITERATION NUM: 10
[2022-11-24 13:58:34,070] [INFO] [controller] EPOCH 1 loss ppo:  -0.01046, loss val: 0.05403
[2022-11-24 13:58:34,108] [INFO] [controller] EPOCH 2 loss ppo:  -0.02983, loss val: 0.05238
[2022-11-24 13:58:34,149] [INFO] [controller] EPOCH 3 loss ppo:  -0.04170, loss val: 0.05308
[2022-11-24 13:58:34,191] [INFO] [controller] EPOCH 4 loss ppo:  -0.04710, loss val: 0.05196
[2022-11-24 13:58:34,201] [INFO] [runner_train_mujoco] Finished batch.
[2022-11-24 13:58:34,269] [INFO] [runner_train_mujoco] Starting simulation batch with mujoco.
[2022-11-24 13:58:34,269] [INFO] [runner_train_mujoco] Environment 0
[2022-11-24 13:58:39,948] [INFO] [runner_train_mujoco] Environment 1
[2022-11-24 13:58:45,733] [INFO] [runner_train_mujoco] Environment 2
[2022-11-24 13:58:51,169] [INFO] [runner_train_mujoco] Environment 3
[2022-11-24 13:58:56,566] [INFO] [runner_train_mujoco] Environment 4
[2022-11-24 13:59:02,047] [INFO] [runner_train_mujoco] Environment 5
[2022-11-24 13:59:07,488] [INFO] [runner_train_mujoco] Environment 6
[2022-11-24 13:59:12,843] [INFO] [runner_train_mujoco] Environment 7
[2022-11-24 13:59:18,103] [INFO] [runner_train_mujoco] Environment 8
[2022-11-24 13:59:23,308] [INFO] [runner_train_mujoco] Environment 9
[2022-11-24 13:59:28,458] [INFO] [runner_train_mujoco] Average cumulative reward after 150 steps: 0.40319063433352575
[2022-11-24 13:59:28,458] [INFO] [runner_train_mujoco] Average state value: 0.5941828662554424
[2022-11-24 13:59:28,458] [INFO] [controller] ITERATION NUM: 11
[2022-11-24 13:59:28,508] [INFO] [controller] EPOCH 1 loss ppo:  -0.01033, loss val: 0.04917
[2022-11-24 13:59:28,549] [INFO] [controller] EPOCH 2 loss ppo:  -0.03584, loss val: 0.04745
[2022-11-24 13:59:28,590] [INFO] [controller] EPOCH 3 loss ppo:  -0.04954, loss val: 0.04494
[2022-11-24 13:59:28,627] [INFO] [controller] EPOCH 4 loss ppo:  -0.05773, loss val: 0.04377
[2022-11-24 13:59:28,637] [INFO] [runner_train_mujoco] Finished batch.
[2022-11-24 13:59:28,707] [INFO] [runner_train_mujoco] Starting simulation batch with mujoco.
[2022-11-24 13:59:28,707] [INFO] [runner_train_mujoco] Environment 0
[2022-11-24 13:59:34,252] [INFO] [runner_train_mujoco] Environment 1
[2022-11-24 13:59:39,819] [INFO] [runner_train_mujoco] Environment 2
[2022-11-24 13:59:45,379] [INFO] [runner_train_mujoco] Environment 3
[2022-11-24 13:59:51,123] [INFO] [runner_train_mujoco] Environment 4
[2022-11-24 13:59:56,759] [INFO] [runner_train_mujoco] Environment 5
[2022-11-24 14:00:02,469] [INFO] [runner_train_mujoco] Environment 6
[2022-11-24 14:00:07,901] [INFO] [runner_train_mujoco] Environment 7
[2022-11-24 14:00:13,252] [INFO] [runner_train_mujoco] Environment 8
[2022-11-24 14:00:18,592] [INFO] [runner_train_mujoco] Environment 9
[2022-11-24 14:00:23,882] [INFO] [runner_train_mujoco] Average cumulative reward after 150 steps: 0.4551767826646656
[2022-11-24 14:00:23,882] [INFO] [runner_train_mujoco] Average state value: 0.64609381822745
[2022-11-24 14:00:23,882] [INFO] [controller] ITERATION NUM: 12
[2022-11-24 14:00:23,933] [INFO] [controller] EPOCH 1 loss ppo:  -0.00810, loss val: 0.04183
[2022-11-24 14:00:23,971] [INFO] [controller] EPOCH 2 loss ppo:  -0.03224, loss val: 0.04138
[2022-11-24 14:00:24,073] [INFO] [controller] EPOCH 3 loss ppo:  -0.04299, loss val: 0.04136
[2022-11-24 14:00:24,113] [INFO] [controller] EPOCH 4 loss ppo:  -0.05189, loss val: 0.04339
[2022-11-24 14:00:24,120] [INFO] [runner_train_mujoco] Finished batch.
[2022-11-24 14:00:24,178] [INFO] [runner_train_mujoco] Starting simulation batch with mujoco.
[2022-11-24 14:00:24,178] [INFO] [runner_train_mujoco] Environment 0
[2022-11-24 14:00:29,636] [INFO] [runner_train_mujoco] Environment 1
[2022-11-24 14:00:35,161] [INFO] [runner_train_mujoco] Environment 2
[2022-11-24 14:00:40,470] [INFO] [runner_train_mujoco] Environment 3
[2022-11-24 14:00:45,770] [INFO] [runner_train_mujoco] Environment 4
[2022-11-24 14:00:51,094] [INFO] [runner_train_mujoco] Environment 5
[2022-11-24 14:00:56,714] [INFO] [runner_train_mujoco] Environment 6
[2022-11-24 14:01:02,293] [INFO] [runner_train_mujoco] Environment 7
[2022-11-24 14:01:07,557] [INFO] [runner_train_mujoco] Environment 8
[2022-11-24 14:01:13,060] [INFO] [runner_train_mujoco] Environment 9
[2022-11-24 14:01:18,558] [INFO] [runner_train_mujoco] Average cumulative reward after 150 steps: 0.38626424202283327
[2022-11-24 14:01:18,559] [INFO] [runner_train_mujoco] Average state value: 0.6776906159718831
[2022-11-24 14:01:18,559] [INFO] [controller] ITERATION NUM: 13
[2022-11-24 14:01:18,607] [INFO] [controller] EPOCH 1 loss ppo:  -0.00867, loss val: 0.03193
[2022-11-24 14:01:18,650] [INFO] [controller] EPOCH 2 loss ppo:  -0.03088, loss val: 0.03067
[2022-11-24 14:01:18,693] [INFO] [controller] EPOCH 3 loss ppo:  -0.04413, loss val: 0.03054
[2022-11-24 14:01:18,733] [INFO] [controller] EPOCH 4 loss ppo:  -0.05350, loss val: 0.03031
[2022-11-24 14:01:18,742] [INFO] [runner_train_mujoco] Finished batch.
[2022-11-24 14:01:18,814] [INFO] [runner_train_mujoco] Starting simulation batch with mujoco.
[2022-11-24 14:01:18,815] [INFO] [runner_train_mujoco] Environment 0
[2022-11-24 14:01:24,701] [INFO] [runner_train_mujoco] Environment 1
[2022-11-24 14:01:30,041] [INFO] [runner_train_mujoco] Environment 2
[2022-11-24 14:01:35,582] [INFO] [runner_train_mujoco] Environment 3
[2022-11-24 14:01:41,095] [INFO] [runner_train_mujoco] Environment 4
[2022-11-24 14:01:46,393] [INFO] [runner_train_mujoco] Environment 5
[2022-11-24 14:01:51,715] [INFO] [runner_train_mujoco] Environment 6
[2022-11-24 14:01:56,999] [INFO] [runner_train_mujoco] Environment 7
[2022-11-24 14:02:02,402] [INFO] [runner_train_mujoco] Environment 8
[2022-11-24 14:02:08,095] [INFO] [runner_train_mujoco] Environment 9
[2022-11-24 14:02:13,559] [INFO] [runner_train_mujoco] Average cumulative reward after 150 steps: 0.3542382330754956
[2022-11-24 14:02:13,560] [INFO] [runner_train_mujoco] Average state value: 0.6392782477339108
[2022-11-24 14:02:13,560] [INFO] [controller] ITERATION NUM: 14
[2022-11-24 14:02:13,617] [INFO] [controller] EPOCH 1 loss ppo:  -0.00804, loss val: 0.04107
[2022-11-24 14:02:13,667] [INFO] [controller] EPOCH 2 loss ppo:  -0.02921, loss val: 0.03980
[2022-11-24 14:02:13,711] [INFO] [controller] EPOCH 3 loss ppo:  -0.04395, loss val: 0.03683
[2022-11-24 14:02:13,772] [INFO] [controller] EPOCH 4 loss ppo:  -0.05196, loss val: 0.03558
[2022-11-24 14:02:13,780] [INFO] [runner_train_mujoco] Finished batch.
[2022-11-24 14:02:13,845] [INFO] [runner_train_mujoco] Starting simulation batch with mujoco.
[2022-11-24 14:02:13,853] [INFO] [runner_train_mujoco] Environment 0
[2022-11-24 14:02:19,281] [INFO] [runner_train_mujoco] Environment 1
[2022-11-24 14:02:24,838] [INFO] [runner_train_mujoco] Environment 2
[2022-11-24 14:02:30,076] [INFO] [runner_train_mujoco] Environment 3
[2022-11-24 14:02:35,431] [INFO] [runner_train_mujoco] Environment 4
[2022-11-24 14:02:40,618] [INFO] [runner_train_mujoco] Environment 5
[2022-11-24 14:02:45,815] [INFO] [runner_train_mujoco] Environment 6
[2022-11-24 14:02:51,181] [INFO] [runner_train_mujoco] Environment 7
[2022-11-24 14:02:56,881] [INFO] [runner_train_mujoco] Environment 8
[2022-11-24 14:03:02,523] [INFO] [runner_train_mujoco] Environment 9
[2022-11-24 14:03:08,043] [INFO] [runner_train_mujoco] Average cumulative reward after 150 steps: 0.4396157692244295
[2022-11-24 14:03:08,043] [INFO] [runner_train_mujoco] Average state value: 0.5678041546046735
[2022-11-24 14:03:08,043] [INFO] [controller] ITERATION NUM: 15
[2022-11-24 14:03:08,093] [INFO] [controller] EPOCH 1 loss ppo:  -0.00856, loss val: 0.04244
[2022-11-24 14:03:08,134] [INFO] [controller] EPOCH 2 loss ppo:  -0.02770, loss val: 0.04321
[2022-11-24 14:03:08,174] [INFO] [controller] EPOCH 3 loss ppo:  -0.03945, loss val: 0.04235
[2022-11-24 14:03:08,217] [INFO] [controller] EPOCH 4 loss ppo:  -0.05107, loss val: 0.04342
[2022-11-24 14:03:08,227] [INFO] [runner_train_mujoco] Finished batch.
[2022-11-24 14:03:08,306] [INFO] [runner_train_mujoco] Starting simulation batch with mujoco.
[2022-11-24 14:03:08,306] [INFO] [runner_train_mujoco] Environment 0
[2022-11-24 14:03:14,152] [INFO] [runner_train_mujoco] Environment 1
[2022-11-24 14:03:19,701] [INFO] [runner_train_mujoco] Environment 2
[2022-11-24 14:03:24,825] [INFO] [runner_train_mujoco] Environment 3
[2022-11-24 14:03:29,961] [INFO] [runner_train_mujoco] Environment 4
[2022-11-24 14:03:35,470] [INFO] [runner_train_mujoco] Environment 5
[2022-11-24 14:03:40,686] [INFO] [runner_train_mujoco] Environment 6
[2022-11-24 14:03:46,023] [INFO] [runner_train_mujoco] Environment 7
[2022-11-24 14:03:51,353] [INFO] [runner_train_mujoco] Environment 8
[2022-11-24 14:03:56,635] [INFO] [runner_train_mujoco] Environment 9
[2022-11-24 14:04:02,049] [INFO] [runner_train_mujoco] Average cumulative reward after 150 steps: 0.4405940678208104
[2022-11-24 14:04:02,049] [INFO] [runner_train_mujoco] Average state value: 0.5676258875131607
[2022-11-24 14:04:02,049] [INFO] [controller] ITERATION NUM: 16
[2022-11-24 14:04:02,104] [INFO] [controller] EPOCH 1 loss ppo:  -0.00723, loss val: 0.03723
[2022-11-24 14:04:02,143] [INFO] [controller] EPOCH 2 loss ppo:  -0.02635, loss val: 0.03731
[2022-11-24 14:04:02,180] [INFO] [controller] EPOCH 3 loss ppo:  -0.03763, loss val: 0.03763
[2022-11-24 14:04:02,220] [INFO] [controller] EPOCH 4 loss ppo:  -0.04803, loss val: 0.03506
[2022-11-24 14:04:02,229] [INFO] [runner_train_mujoco] Finished batch.
[2022-11-24 14:04:02,290] [INFO] [runner_train_mujoco] Starting simulation batch with mujoco.
[2022-11-24 14:04:02,291] [INFO] [runner_train_mujoco] Environment 0
[2022-11-24 14:04:07,883] [INFO] [runner_train_mujoco] Environment 1
[2022-11-24 14:04:13,240] [INFO] [runner_train_mujoco] Environment 2
[2022-11-24 14:04:18,656] [INFO] [runner_train_mujoco] Environment 3
[2022-11-24 14:04:24,292] [INFO] [runner_train_mujoco] Environment 4
[2022-11-24 14:04:29,980] [INFO] [runner_train_mujoco] Environment 5
[2022-11-24 14:04:35,291] [INFO] [runner_train_mujoco] Environment 6
[2022-11-24 14:04:40,665] [INFO] [runner_train_mujoco] Environment 7
[2022-11-24 14:04:46,471] [INFO] [runner_train_mujoco] Environment 8
[2022-11-24 14:04:51,684] [INFO] [runner_train_mujoco] Environment 9
[2022-11-24 14:04:56,995] [INFO] [runner_train_mujoco] Average cumulative reward after 150 steps: 0.39303225037563566
[2022-11-24 14:04:56,995] [INFO] [runner_train_mujoco] Average state value: 0.546623547265927
[2022-11-24 14:04:56,995] [INFO] [controller] ITERATION NUM: 17
[2022-11-24 14:04:57,048] [INFO] [controller] EPOCH 1 loss ppo:  -0.00999, loss val: 0.04997
[2022-11-24 14:04:57,094] [INFO] [controller] EPOCH 2 loss ppo:  -0.02861, loss val: 0.04992
[2022-11-24 14:04:57,137] [INFO] [controller] EPOCH 3 loss ppo:  -0.04155, loss val: 0.04862
[2022-11-24 14:04:57,176] [INFO] [controller] EPOCH 4 loss ppo:  -0.05096, loss val: 0.04465
[2022-11-24 14:04:57,184] [INFO] [runner_train_mujoco] Finished batch.
[2022-11-24 14:04:57,248] [INFO] [runner_train_mujoco] Starting simulation batch with mujoco.
[2022-11-24 14:04:57,248] [INFO] [runner_train_mujoco] Environment 0
[2022-11-24 14:05:03,417] [INFO] [runner_train_mujoco] Environment 1
[2022-11-24 14:05:09,494] [INFO] [runner_train_mujoco] Environment 2
[2022-11-24 14:05:15,621] [INFO] [runner_train_mujoco] Environment 3
[2022-11-24 14:05:21,695] [INFO] [runner_train_mujoco] Environment 4
[2022-11-24 14:05:27,218] [INFO] [runner_train_mujoco] Environment 5
[2022-11-24 14:05:32,980] [INFO] [runner_train_mujoco] Environment 6
[2022-11-24 14:05:38,683] [INFO] [runner_train_mujoco] Environment 7
[2022-11-24 14:05:44,071] [INFO] [runner_train_mujoco] Environment 8
[2022-11-24 14:05:49,487] [INFO] [runner_train_mujoco] Environment 9
[2022-11-24 14:05:55,279] [INFO] [runner_train_mujoco] Average cumulative reward after 150 steps: 0.511191198533559
[2022-11-24 14:05:55,280] [INFO] [runner_train_mujoco] Average state value: 0.5880942491690317
[2022-11-24 14:05:55,280] [INFO] [controller] ITERATION NUM: 18
[2022-11-24 14:05:55,329] [INFO] [controller] EPOCH 1 loss ppo:  -0.00922, loss val: 0.04128
[2022-11-24 14:05:55,372] [INFO] [controller] EPOCH 2 loss ppo:  -0.03080, loss val: 0.04099
[2022-11-24 14:05:55,409] [INFO] [controller] EPOCH 3 loss ppo:  -0.04257, loss val: 0.04205
[2022-11-24 14:05:55,450] [INFO] [controller] EPOCH 4 loss ppo:  -0.05100, loss val: 0.04212
[2022-11-24 14:05:55,459] [INFO] [runner_train_mujoco] Finished batch.
[2022-11-24 14:05:55,523] [INFO] [runner_train_mujoco] Starting simulation batch with mujoco.
[2022-11-24 14:05:55,523] [INFO] [runner_train_mujoco] Environment 0
[2022-11-24 14:06:01,510] [INFO] [runner_train_mujoco] Environment 1
[2022-11-24 14:06:07,195] [INFO] [runner_train_mujoco] Environment 2
[2022-11-24 14:06:12,612] [INFO] [runner_train_mujoco] Environment 3
[2022-11-24 14:06:18,007] [INFO] [runner_train_mujoco] Environment 4
[2022-11-24 14:06:23,497] [INFO] [runner_train_mujoco] Environment 5
[2022-11-24 14:06:28,802] [INFO] [runner_train_mujoco] Environment 6
[2022-11-24 14:06:34,092] [INFO] [runner_train_mujoco] Environment 7
[2022-11-24 14:06:40,249] [INFO] [runner_train_mujoco] Environment 8
[2022-11-24 14:06:45,695] [INFO] [runner_train_mujoco] Environment 9
[2022-11-24 14:06:51,634] [INFO] [runner_train_mujoco] Average cumulative reward after 150 steps: 0.4846772939504067
[2022-11-24 14:06:51,635] [INFO] [runner_train_mujoco] Average state value: 0.6382247024377188
[2022-11-24 14:06:51,635] [INFO] [controller] ITERATION NUM: 19
[2022-11-24 14:06:51,682] [INFO] [controller] EPOCH 1 loss ppo:  -0.00950, loss val: 0.04695
[2022-11-24 14:06:51,722] [INFO] [controller] EPOCH 2 loss ppo:  -0.02991, loss val: 0.04626
[2022-11-24 14:06:51,764] [INFO] [controller] EPOCH 3 loss ppo:  -0.04383, loss val: 0.04603
[2022-11-24 14:06:51,804] [INFO] [controller] EPOCH 4 loss ppo:  -0.05365, loss val: 0.04417
[2022-11-24 14:06:51,813] [INFO] [runner_train_mujoco] Finished batch.
[2022-11-24 14:06:51,871] [INFO] [runner_train_mujoco] Starting simulation batch with mujoco.
[2022-11-24 14:06:51,872] [INFO] [runner_train_mujoco] Environment 0
[2022-11-24 14:06:57,476] [INFO] [runner_train_mujoco] Environment 1
[2022-11-24 14:07:02,955] [INFO] [runner_train_mujoco] Environment 2
[2022-11-24 14:07:08,237] [INFO] [runner_train_mujoco] Environment 3
[2022-11-24 14:07:14,000] [INFO] [runner_train_mujoco] Environment 4
[2022-11-24 14:07:19,494] [INFO] [runner_train_mujoco] Environment 5
[2022-11-24 14:07:25,077] [INFO] [runner_train_mujoco] Environment 6
[2022-11-24 14:07:30,415] [INFO] [runner_train_mujoco] Environment 7
[2022-11-24 14:07:35,806] [INFO] [runner_train_mujoco] Environment 8
[2022-11-24 14:07:41,595] [INFO] [runner_train_mujoco] Environment 9
[2022-11-24 14:07:47,334] [INFO] [runner_train_mujoco] Average cumulative reward after 150 steps: 0.5539620742649864
[2022-11-24 14:07:47,335] [INFO] [runner_train_mujoco] Average state value: 0.6088442430694897
[2022-11-24 14:07:47,335] [INFO] [controller] ITERATION NUM: 20
[2022-11-24 14:07:47,381] [INFO] [controller] EPOCH 1 loss ppo:  -0.00829, loss val: 0.03680
[2022-11-24 14:07:47,431] [INFO] [controller] EPOCH 2 loss ppo:  -0.02679, loss val: 0.03637
[2022-11-24 14:07:47,474] [INFO] [controller] EPOCH 3 loss ppo:  -0.04101, loss val: 0.03658
[2022-11-24 14:07:47,516] [INFO] [controller] EPOCH 4 loss ppo:  -0.05094, loss val: 0.03686
[2022-11-24 14:07:47,525] [INFO] [runner_train_mujoco] Finished batch.
[2022-11-24 14:07:47,580] [INFO] [runner_train_mujoco] Starting simulation batch with mujoco.
[2022-11-24 14:07:47,580] [INFO] [runner_train_mujoco] Environment 0
[2022-11-24 14:07:53,159] [INFO] [runner_train_mujoco] Environment 1
[2022-11-24 14:07:59,135] [INFO] [runner_train_mujoco] Environment 2
[2022-11-24 14:08:05,830] [INFO] [runner_train_mujoco] Environment 3
[2022-11-24 14:08:11,847] [INFO] [runner_train_mujoco] Environment 4
[2022-11-24 14:08:17,593] [INFO] [runner_train_mujoco] Environment 5
[2022-11-24 14:08:22,878] [INFO] [runner_train_mujoco] Environment 6
[2022-11-24 14:08:30,043] [INFO] [runner_train_mujoco] Environment 7
[2022-11-24 14:08:36,331] [INFO] [runner_train_mujoco] Environment 8
[2022-11-24 14:08:42,311] [INFO] [runner_train_mujoco] Environment 9
[2022-11-24 14:08:48,236] [INFO] [runner_train_mujoco] Average cumulative reward after 150 steps: 0.47397889740566423
[2022-11-24 14:08:48,237] [INFO] [runner_train_mujoco] Average state value: 0.5670183559854826
[2022-11-24 14:08:48,237] [INFO] [controller] ITERATION NUM: 21
[2022-11-24 14:08:48,286] [INFO] [controller] EPOCH 1 loss ppo:  -0.00966, loss val: 0.04571
[2022-11-24 14:08:48,324] [INFO] [controller] EPOCH 2 loss ppo:  -0.02961, loss val: 0.04312
[2022-11-24 14:08:48,364] [INFO] [controller] EPOCH 3 loss ppo:  -0.04194, loss val: 0.04212
[2022-11-24 14:08:48,405] [INFO] [controller] EPOCH 4 loss ppo:  -0.05093, loss val: 0.04141
[2022-11-24 14:08:48,411] [INFO] [runner_train_mujoco] Finished batch.
[2022-11-24 14:08:48,473] [INFO] [runner_train_mujoco] Starting simulation batch with mujoco.
[2022-11-24 14:08:48,473] [INFO] [runner_train_mujoco] Environment 0
[2022-11-24 14:08:55,109] [INFO] [runner_train_mujoco] Environment 1
[2022-11-24 14:09:01,558] [INFO] [runner_train_mujoco] Environment 2
[2022-11-24 14:09:07,431] [INFO] [runner_train_mujoco] Environment 3
[2022-11-24 14:09:13,566] [INFO] [runner_train_mujoco] Environment 4
[2022-11-24 14:09:20,055] [INFO] [runner_train_mujoco] Environment 5
[2022-11-24 14:09:26,327] [INFO] [runner_train_mujoco] Environment 6
[2022-11-24 14:09:32,253] [INFO] [runner_train_mujoco] Environment 7
[2022-11-24 14:09:38,068] [INFO] [runner_train_mujoco] Environment 8
[2022-11-24 14:09:43,929] [INFO] [runner_train_mujoco] Environment 9
[2022-11-24 14:09:50,037] [INFO] [runner_train_mujoco] Average cumulative reward after 150 steps: 0.615989813870785
[2022-11-24 14:09:50,038] [INFO] [runner_train_mujoco] Average state value: 0.6011197744607925
[2022-11-24 14:09:50,038] [INFO] [controller] ITERATION NUM: 22
[2022-11-24 14:09:50,088] [INFO] [controller] EPOCH 1 loss ppo:  -0.01083, loss val: 0.03726
[2022-11-24 14:09:50,129] [INFO] [controller] EPOCH 2 loss ppo:  -0.03401, loss val: 0.03860
[2022-11-24 14:09:50,171] [INFO] [controller] EPOCH 3 loss ppo:  -0.04535, loss val: 0.03796
[2022-11-24 14:09:50,209] [INFO] [controller] EPOCH 4 loss ppo:  -0.05332, loss val: 0.03856
[2022-11-24 14:09:50,217] [INFO] [runner_train_mujoco] Finished batch.
[2022-11-24 14:09:50,284] [INFO] [runner_train_mujoco] Starting simulation batch with mujoco.
[2022-11-24 14:09:50,284] [INFO] [runner_train_mujoco] Environment 0
[2022-11-24 14:09:56,413] [INFO] [runner_train_mujoco] Environment 1
[2022-11-24 14:10:02,310] [INFO] [runner_train_mujoco] Environment 2
[2022-11-24 14:10:07,956] [INFO] [runner_train_mujoco] Environment 3
[2022-11-24 14:10:14,165] [INFO] [runner_train_mujoco] Environment 4
[2022-11-24 14:10:20,484] [INFO] [runner_train_mujoco] Environment 5
[2022-11-24 14:10:26,941] [INFO] [runner_train_mujoco] Environment 6
[2022-11-24 14:10:33,425] [INFO] [runner_train_mujoco] Environment 7
[2022-11-24 14:10:39,576] [INFO] [runner_train_mujoco] Environment 8
[2022-11-24 14:10:45,709] [INFO] [runner_train_mujoco] Environment 9
[2022-11-24 14:10:51,794] [INFO] [runner_train_mujoco] Average cumulative reward after 150 steps: 0.5885275985603053
[2022-11-24 14:10:51,795] [INFO] [runner_train_mujoco] Average state value: 0.6080478349725404
[2022-11-24 14:10:51,795] [INFO] [controller] ITERATION NUM: 23
[2022-11-24 14:10:51,848] [INFO] [controller] EPOCH 1 loss ppo:  -0.00935, loss val: 0.04224
[2022-11-24 14:10:51,892] [INFO] [controller] EPOCH 2 loss ppo:  -0.02774, loss val: 0.04329
[2022-11-24 14:10:51,948] [INFO] [controller] EPOCH 3 loss ppo:  -0.04074, loss val: 0.04208
[2022-11-24 14:10:51,987] [INFO] [controller] EPOCH 4 loss ppo:  -0.05080, loss val: 0.04262
[2022-11-24 14:10:51,996] [INFO] [runner_train_mujoco] Finished batch.
[2022-11-24 14:10:52,063] [INFO] [runner_train_mujoco] Starting simulation batch with mujoco.
[2022-11-24 14:10:52,063] [INFO] [runner_train_mujoco] Environment 0
[2022-11-24 14:10:58,363] [INFO] [runner_train_mujoco] Environment 1
[2022-11-24 14:11:04,438] [INFO] [runner_train_mujoco] Environment 2
[2022-11-24 14:11:10,700] [INFO] [runner_train_mujoco] Environment 3
[2022-11-24 14:11:17,212] [INFO] [runner_train_mujoco] Environment 4
[2022-11-24 14:11:23,259] [INFO] [runner_train_mujoco] Environment 5
[2022-11-24 14:11:29,205] [INFO] [runner_train_mujoco] Environment 6
[2022-11-24 14:11:35,318] [INFO] [runner_train_mujoco] Environment 7
[2022-11-24 14:11:41,651] [INFO] [runner_train_mujoco] Environment 8
[2022-11-24 14:11:48,036] [INFO] [runner_train_mujoco] Environment 9
[2022-11-24 14:11:54,551] [INFO] [runner_train_mujoco] Average cumulative reward after 150 steps: 0.5934961014945073
[2022-11-24 14:11:54,552] [INFO] [runner_train_mujoco] Average state value: 0.5987454905112584
[2022-11-24 14:11:54,552] [INFO] [controller] ITERATION NUM: 24
[2022-11-24 14:11:54,602] [INFO] [controller] EPOCH 1 loss ppo:  -0.01001, loss val: 0.03848
[2022-11-24 14:11:54,642] [INFO] [controller] EPOCH 2 loss ppo:  -0.02932, loss val: 0.03683
[2022-11-24 14:11:54,684] [INFO] [controller] EPOCH 3 loss ppo:  -0.04295, loss val: 0.03785
[2022-11-24 14:11:54,728] [INFO] [controller] EPOCH 4 loss ppo:  -0.05313, loss val: 0.03680
[2022-11-24 14:11:54,737] [INFO] [runner_train_mujoco] Finished batch.
[2022-11-24 14:11:54,816] [INFO] [runner_train_mujoco] Starting simulation batch with mujoco.
[2022-11-24 14:11:54,828] [INFO] [runner_train_mujoco] Environment 0
[2022-11-24 14:12:01,152] [INFO] [runner_train_mujoco] Environment 1
[2022-11-24 14:12:07,330] [INFO] [runner_train_mujoco] Environment 2
[2022-11-24 14:12:13,974] [INFO] [runner_train_mujoco] Environment 3
[2022-11-24 14:12:19,763] [INFO] [runner_train_mujoco] Environment 4
[2022-11-24 14:12:26,046] [INFO] [runner_train_mujoco] Environment 5
[2022-11-24 14:12:32,245] [INFO] [runner_train_mujoco] Environment 6
[2022-11-24 14:12:38,185] [INFO] [runner_train_mujoco] Environment 7
[2022-11-24 14:12:44,100] [INFO] [runner_train_mujoco] Environment 8
[2022-11-24 14:12:50,438] [INFO] [runner_train_mujoco] Environment 9
[2022-11-24 14:12:56,562] [INFO] [runner_train_mujoco] Average cumulative reward after 150 steps: 0.8121151089767193
[2022-11-24 14:12:56,563] [INFO] [runner_train_mujoco] Average state value: 0.5728292764425278
[2022-11-24 14:12:56,563] [INFO] [controller] ITERATION NUM: 25
[2022-11-24 14:12:56,615] [INFO] [controller] EPOCH 1 loss ppo:  -0.01063, loss val: 0.03863
[2022-11-24 14:12:56,656] [INFO] [controller] EPOCH 2 loss ppo:  -0.03371, loss val: 0.03923
[2022-11-24 14:12:56,764] [INFO] [controller] EPOCH 3 loss ppo:  -0.04896, loss val: 0.03875
[2022-11-24 14:12:56,803] [INFO] [controller] EPOCH 4 loss ppo:  -0.05476, loss val: 0.03953
[2022-11-24 14:12:56,810] [INFO] [runner_train_mujoco] Finished batch.
[2022-11-24 14:12:56,878] [INFO] [runner_train_mujoco] Starting simulation batch with mujoco.
[2022-11-24 14:12:56,878] [INFO] [runner_train_mujoco] Environment 0
[2022-11-24 14:13:02,977] [INFO] [runner_train_mujoco] Environment 1
[2022-11-24 14:13:09,273] [INFO] [runner_train_mujoco] Environment 2
[2022-11-24 14:13:15,679] [INFO] [runner_train_mujoco] Environment 3
[2022-11-24 14:13:21,680] [INFO] [runner_train_mujoco] Environment 4
[2022-11-24 14:13:27,974] [INFO] [runner_train_mujoco] Environment 5
[2022-11-24 14:13:33,880] [INFO] [runner_train_mujoco] Environment 6
[2022-11-24 14:13:39,533] [INFO] [runner_train_mujoco] Environment 7
[2022-11-24 14:13:45,572] [INFO] [runner_train_mujoco] Environment 8
[2022-11-24 14:13:51,434] [INFO] [runner_train_mujoco] Environment 9
[2022-11-24 14:13:57,173] [INFO] [runner_train_mujoco] Average cumulative reward after 150 steps: 0.8794053685856154
[2022-11-24 14:13:57,174] [INFO] [runner_train_mujoco] Average state value: 0.5645019122958184
[2022-11-24 14:13:57,174] [INFO] [controller] ITERATION NUM: 26
[2022-11-24 14:13:57,225] [INFO] [controller] EPOCH 1 loss ppo:  -0.01180, loss val: 0.03971
[2022-11-24 14:13:57,282] [INFO] [controller] EPOCH 2 loss ppo:  -0.03325, loss val: 0.04125
[2022-11-24 14:13:57,324] [INFO] [controller] EPOCH 3 loss ppo:  -0.04583, loss val: 0.04113
[2022-11-24 14:13:57,363] [INFO] [controller] EPOCH 4 loss ppo:  -0.05333, loss val: 0.04034
[2022-11-24 14:13:57,372] [INFO] [runner_train_mujoco] Finished batch.
[2022-11-24 14:13:57,440] [INFO] [runner_train_mujoco] Starting simulation batch with mujoco.
[2022-11-24 14:13:57,441] [INFO] [runner_train_mujoco] Environment 0
[2022-11-24 14:14:03,924] [INFO] [runner_train_mujoco] Environment 1
[2022-11-24 14:14:09,658] [INFO] [runner_train_mujoco] Environment 2
[2022-11-24 14:14:15,294] [INFO] [runner_train_mujoco] Environment 3
[2022-11-24 14:14:21,158] [INFO] [runner_train_mujoco] Environment 4
[2022-11-24 14:14:27,357] [INFO] [runner_train_mujoco] Environment 5
[2022-11-24 14:14:33,572] [INFO] [runner_train_mujoco] Environment 6
[2022-11-24 14:14:39,518] [INFO] [runner_train_mujoco] Environment 7
[2022-11-24 14:14:45,327] [INFO] [runner_train_mujoco] Environment 8
[2022-11-24 14:14:51,034] [INFO] [runner_train_mujoco] Environment 9
[2022-11-24 14:14:57,383] [INFO] [runner_train_mujoco] Average cumulative reward after 150 steps: 0.942882497521313
[2022-11-24 14:14:57,383] [INFO] [runner_train_mujoco] Average state value: 0.5589160163799922
[2022-11-24 14:14:57,383] [INFO] [controller] ITERATION NUM: 27
[2022-11-24 14:14:57,522] [INFO] [controller] EPOCH 1 loss ppo:  -0.00994, loss val: 0.03589
[2022-11-24 14:14:57,580] [INFO] [controller] EPOCH 2 loss ppo:  -0.02729, loss val: 0.03483
[2022-11-24 14:14:57,628] [INFO] [controller] EPOCH 3 loss ppo:  -0.04302, loss val: 0.03411
[2022-11-24 14:14:57,672] [INFO] [controller] EPOCH 4 loss ppo:  -0.05238, loss val: 0.03380
[2022-11-24 14:14:57,681] [INFO] [runner_train_mujoco] Finished batch.
[2022-11-24 14:14:57,753] [INFO] [runner_train_mujoco] Starting simulation batch with mujoco.
[2022-11-24 14:14:57,753] [INFO] [runner_train_mujoco] Environment 0
[2022-11-24 14:15:04,066] [INFO] [runner_train_mujoco] Environment 1
[2022-11-24 14:15:10,409] [INFO] [runner_train_mujoco] Environment 2
[2022-11-24 14:15:16,436] [INFO] [runner_train_mujoco] Environment 3
[2022-11-24 14:15:22,790] [INFO] [runner_train_mujoco] Environment 4
[2022-11-24 14:15:28,786] [INFO] [runner_train_mujoco] Environment 5
[2022-11-24 14:15:34,544] [INFO] [runner_train_mujoco] Environment 6
[2022-11-24 14:15:40,343] [INFO] [runner_train_mujoco] Environment 7
[2022-11-24 14:15:46,613] [INFO] [runner_train_mujoco] Environment 8
[2022-11-24 14:15:52,694] [INFO] [runner_train_mujoco] Environment 9
[2022-11-24 14:15:59,070] [INFO] [runner_train_mujoco] Average cumulative reward after 150 steps: 0.983986650313118
[2022-11-24 14:15:59,070] [INFO] [runner_train_mujoco] Average state value: 0.5677114034493764
[2022-11-24 14:15:59,070] [INFO] [controller] ITERATION NUM: 28
[2022-11-24 14:15:59,136] [INFO] [controller] EPOCH 1 loss ppo:  -0.01203, loss val: 0.04118
[2022-11-24 14:15:59,181] [INFO] [controller] EPOCH 2 loss ppo:  -0.03089, loss val: 0.04005
[2022-11-24 14:15:59,232] [INFO] [controller] EPOCH 3 loss ppo:  -0.04512, loss val: 0.03975
[2022-11-24 14:15:59,273] [INFO] [controller] EPOCH 4 loss ppo:  -0.05512, loss val: 0.04079
[2022-11-24 14:15:59,283] [INFO] [runner_train_mujoco] Finished batch.
[2022-11-24 14:15:59,338] [INFO] [runner_train_mujoco] Starting simulation batch with mujoco.
[2022-11-24 14:15:59,339] [INFO] [runner_train_mujoco] Environment 0
[2022-11-24 14:16:05,425] [INFO] [runner_train_mujoco] Environment 1
[2022-11-24 14:16:11,212] [INFO] [runner_train_mujoco] Environment 2
[2022-11-24 14:16:17,360] [INFO] [runner_train_mujoco] Environment 3
[2022-11-24 14:16:23,612] [INFO] [runner_train_mujoco] Environment 4
[2022-11-24 14:16:29,731] [INFO] [runner_train_mujoco] Environment 5
[2022-11-24 14:16:35,741] [INFO] [runner_train_mujoco] Environment 6
[2022-11-24 14:16:41,512] [INFO] [runner_train_mujoco] Environment 7
[2022-11-24 14:16:47,047] [INFO] [runner_train_mujoco] Environment 8
[2022-11-24 14:16:52,941] [INFO] [runner_train_mujoco] Environment 9
[2022-11-24 14:16:58,656] [INFO] [runner_train_mujoco] Average cumulative reward after 150 steps: 1.0350246725556027
[2022-11-24 14:16:58,656] [INFO] [runner_train_mujoco] Average state value: 0.5651114521821341
[2022-11-24 14:16:58,656] [INFO] [controller] ITERATION NUM: 29
[2022-11-24 14:16:58,716] [INFO] [controller] EPOCH 1 loss ppo:  -0.01218, loss val: 0.04566
[2022-11-24 14:16:58,755] [INFO] [controller] EPOCH 2 loss ppo:  -0.03244, loss val: 0.04590
[2022-11-24 14:16:58,811] [INFO] [controller] EPOCH 3 loss ppo:  -0.04481, loss val: 0.04521
[2022-11-24 14:16:58,852] [INFO] [controller] EPOCH 4 loss ppo:  -0.05384, loss val: 0.04481
[2022-11-24 14:16:58,862] [INFO] [runner_train_mujoco] Finished batch.
[2022-11-24 14:16:58,928] [INFO] [runner_train_mujoco] Starting simulation batch with mujoco.
[2022-11-24 14:16:58,929] [INFO] [runner_train_mujoco] Environment 0
[2022-11-24 14:17:05,709] [INFO] [runner_train_mujoco] Environment 1
[2022-11-24 14:17:11,428] [INFO] [runner_train_mujoco] Environment 2
[2022-11-24 14:17:16,925] [INFO] [runner_train_mujoco] Environment 3
[2022-11-24 14:17:22,516] [INFO] [runner_train_mujoco] Environment 4
[2022-11-24 14:17:28,133] [INFO] [runner_train_mujoco] Environment 5
[2022-11-24 14:17:33,712] [INFO] [runner_train_mujoco] Environment 6
[2022-11-24 14:17:39,307] [INFO] [runner_train_mujoco] Environment 7
[2022-11-24 14:17:45,505] [INFO] [runner_train_mujoco] Environment 8
[2022-11-24 14:17:51,418] [INFO] [runner_train_mujoco] Environment 9
[2022-11-24 14:17:57,818] [INFO] [runner_train_mujoco] Average cumulative reward after 150 steps: 1.232454073613606
[2022-11-24 14:17:57,819] [INFO] [runner_train_mujoco] Average state value: 0.5942438377539317
[2022-11-24 14:17:57,819] [INFO] [controller] ITERATION NUM: 30
[2022-11-24 14:17:57,869] [INFO] [controller] EPOCH 1 loss ppo:  -0.01362, loss val: 0.03728
[2022-11-24 14:17:57,919] [INFO] [controller] EPOCH 2 loss ppo:  -0.03607, loss val: 0.03916
[2022-11-24 14:17:57,961] [INFO] [controller] EPOCH 3 loss ppo:  -0.05193, loss val: 0.03782
[2022-11-24 14:17:58,003] [INFO] [controller] EPOCH 4 loss ppo:  -0.06065, loss val: 0.03747
[2022-11-24 14:17:58,012] [INFO] [runner_train_mujoco] Finished batch.
[2022-11-24 14:17:58,070] [INFO] [runner_train_mujoco] Starting simulation batch with mujoco.
[2022-11-24 14:17:58,070] [INFO] [runner_train_mujoco] Environment 0
[2022-11-24 14:18:04,398] [INFO] [runner_train_mujoco] Environment 1
[2022-11-24 14:18:10,074] [INFO] [runner_train_mujoco] Environment 2
[2022-11-24 14:18:16,006] [INFO] [runner_train_mujoco] Environment 3
[2022-11-24 14:18:22,138] [INFO] [runner_train_mujoco] Environment 4
[2022-11-24 14:18:28,172] [INFO] [runner_train_mujoco] Environment 5
[2022-11-24 14:18:33,855] [INFO] [runner_train_mujoco] Environment 6
[2022-11-24 14:18:39,605] [INFO] [runner_train_mujoco] Environment 7
[2022-11-24 14:18:46,376] [INFO] [runner_train_mujoco] Environment 8
[2022-11-24 14:18:52,158] [INFO] [runner_train_mujoco] Environment 9
[2022-11-24 14:18:57,894] [INFO] [runner_train_mujoco] Average cumulative reward after 150 steps: 1.3958856176378978
[2022-11-24 14:18:57,895] [INFO] [runner_train_mujoco] Average state value: 0.5976353881557783
[2022-11-24 14:18:57,895] [INFO] [controller] ITERATION NUM: 31
[2022-11-24 14:18:57,948] [INFO] [controller] EPOCH 1 loss ppo:  -0.01241, loss val: 0.05134
[2022-11-24 14:18:57,988] [INFO] [controller] EPOCH 2 loss ppo:  -0.03048, loss val: 0.05000
[2022-11-24 14:18:58,029] [INFO] [controller] EPOCH 3 loss ppo:  -0.04325, loss val: 0.04902
[2022-11-24 14:18:58,070] [INFO] [controller] EPOCH 4 loss ppo:  -0.05386, loss val: 0.04719
[2022-11-24 14:18:58,080] [INFO] [runner_train_mujoco] Finished batch.
[2022-11-24 14:18:58,146] [INFO] [runner_train_mujoco] Starting simulation batch with mujoco.
[2022-11-24 14:18:58,146] [INFO] [runner_train_mujoco] Environment 0
[2022-11-24 14:19:04,727] [INFO] [runner_train_mujoco] Environment 1
[2022-11-24 14:19:10,775] [INFO] [runner_train_mujoco] Environment 2
[2022-11-24 14:19:16,642] [INFO] [runner_train_mujoco] Environment 3
[2022-11-24 14:19:22,548] [INFO] [runner_train_mujoco] Environment 4
[2022-11-24 14:19:28,667] [INFO] [runner_train_mujoco] Environment 5
[2022-11-24 14:19:34,650] [INFO] [runner_train_mujoco] Environment 6
[2022-11-24 14:19:41,119] [INFO] [runner_train_mujoco] Environment 7
[2022-11-24 14:19:47,430] [INFO] [runner_train_mujoco] Environment 8
[2022-11-24 14:19:53,186] [INFO] [runner_train_mujoco] Environment 9
[2022-11-24 14:19:58,964] [INFO] [runner_train_mujoco] Average cumulative reward after 150 steps: 1.8245333758521063
[2022-11-24 14:19:58,964] [INFO] [runner_train_mujoco] Average state value: 0.5588463133573531
[2022-11-24 14:19:58,964] [INFO] [controller] ITERATION NUM: 32
[2022-11-24 14:19:59,011] [INFO] [controller] EPOCH 1 loss ppo:  -0.01303, loss val: 0.04281
[2022-11-24 14:19:59,056] [INFO] [controller] EPOCH 2 loss ppo:  -0.02994, loss val: 0.04073
[2022-11-24 14:19:59,097] [INFO] [controller] EPOCH 3 loss ppo:  -0.04408, loss val: 0.04155
[2022-11-24 14:19:59,144] [INFO] [controller] EPOCH 4 loss ppo:  -0.05586, loss val: 0.04125
[2022-11-24 14:19:59,154] [INFO] [runner_train_mujoco] Finished batch.
[2022-11-24 14:19:59,218] [INFO] [runner_train_mujoco] Starting simulation batch with mujoco.
[2022-11-24 14:19:59,218] [INFO] [runner_train_mujoco] Environment 0
[2022-11-24 14:20:05,632] [INFO] [runner_train_mujoco] Environment 1
[2022-11-24 14:20:11,431] [INFO] [runner_train_mujoco] Environment 2
[2022-11-24 14:20:17,208] [INFO] [runner_train_mujoco] Environment 3
[2022-11-24 14:20:23,571] [INFO] [runner_train_mujoco] Environment 4
[2022-11-24 14:20:29,752] [INFO] [runner_train_mujoco] Environment 5
[2022-11-24 14:20:35,851] [INFO] [runner_train_mujoco] Environment 6
[2022-11-24 14:20:41,673] [INFO] [runner_train_mujoco] Environment 7
[2022-11-24 14:20:47,287] [INFO] [runner_train_mujoco] Environment 8
[2022-11-24 14:20:53,110] [INFO] [runner_train_mujoco] Environment 9
[2022-11-24 14:20:59,180] [INFO] [runner_train_mujoco] Average cumulative reward after 150 steps: 1.9005679614693167
[2022-11-24 14:20:59,180] [INFO] [runner_train_mujoco] Average state value: 0.5593024794856707
[2022-11-24 14:20:59,181] [INFO] [controller] ITERATION NUM: 33
[2022-11-24 14:20:59,323] [INFO] [controller] EPOCH 1 loss ppo:  -0.01536, loss val: 0.03832
[2022-11-24 14:20:59,381] [INFO] [controller] EPOCH 2 loss ppo:  -0.03338, loss val: 0.03736
[2022-11-24 14:20:59,497] [INFO] [controller] EPOCH 3 loss ppo:  -0.04497, loss val: 0.03794
[2022-11-24 14:20:59,542] [INFO] [controller] EPOCH 4 loss ppo:  -0.05474, loss val: 0.03828
[2022-11-24 14:20:59,552] [INFO] [runner_train_mujoco] Finished batch.
[2022-11-24 14:20:59,618] [INFO] [runner_train_mujoco] Starting simulation batch with mujoco.
[2022-11-24 14:20:59,619] [INFO] [runner_train_mujoco] Environment 0
[2022-11-24 14:21:05,686] [INFO] [runner_train_mujoco] Environment 1
[2022-11-24 14:21:11,342] [INFO] [runner_train_mujoco] Environment 2
[2022-11-24 14:21:17,370] [INFO] [runner_train_mujoco] Environment 3
[2022-11-24 14:21:22,962] [INFO] [runner_train_mujoco] Environment 4
[2022-11-24 14:21:28,978] [INFO] [runner_train_mujoco] Environment 5
[2022-11-24 14:21:35,001] [INFO] [runner_train_mujoco] Environment 6
[2022-11-24 14:21:41,230] [INFO] [runner_train_mujoco] Environment 7
[2022-11-24 14:21:47,169] [INFO] [runner_train_mujoco] Environment 8
[2022-11-24 14:21:52,761] [INFO] [runner_train_mujoco] Environment 9
[2022-11-24 14:21:58,338] [INFO] [runner_train_mujoco] Average cumulative reward after 150 steps: 1.975835571309636
[2022-11-24 14:21:58,339] [INFO] [runner_train_mujoco] Average state value: 0.5757228608528773
[2022-11-24 14:21:58,339] [INFO] [controller] ITERATION NUM: 34
[2022-11-24 14:21:58,388] [INFO] [controller] EPOCH 1 loss ppo:  -0.01281, loss val: 0.04268
[2022-11-24 14:21:58,429] [INFO] [controller] EPOCH 2 loss ppo:  -0.02688, loss val: 0.04226
[2022-11-24 14:21:58,467] [INFO] [controller] EPOCH 3 loss ppo:  -0.04178, loss val: 0.04088
[2022-11-24 14:21:58,518] [INFO] [controller] EPOCH 4 loss ppo:  -0.05087, loss val: 0.03942
[2022-11-24 14:21:58,527] [INFO] [runner_train_mujoco] Finished batch.
[2022-11-24 14:21:58,601] [INFO] [runner_train_mujoco] Starting simulation batch with mujoco.
[2022-11-24 14:21:58,622] [INFO] [runner_train_mujoco] Environment 0
[2022-11-24 14:22:04,690] [INFO] [runner_train_mujoco] Environment 1
[2022-11-24 14:22:10,611] [INFO] [runner_train_mujoco] Environment 2
[2022-11-24 14:22:16,695] [INFO] [runner_train_mujoco] Environment 3
[2022-11-24 14:22:22,713] [INFO] [runner_train_mujoco] Environment 4
[2022-11-24 14:22:29,091] [INFO] [runner_train_mujoco] Environment 5
[2022-11-24 14:22:34,803] [INFO] [runner_train_mujoco] Environment 6
[2022-11-24 14:22:40,630] [INFO] [runner_train_mujoco] Environment 7
[2022-11-24 14:22:46,371] [INFO] [runner_train_mujoco] Environment 8
[2022-11-24 14:22:52,288] [INFO] [runner_train_mujoco] Environment 9
[2022-11-24 14:22:58,591] [INFO] [runner_train_mujoco] Average cumulative reward after 150 steps: 2.038183606578751
[2022-11-24 14:22:58,591] [INFO] [runner_train_mujoco] Average state value: 0.5477890954116981
[2022-11-24 14:22:58,591] [INFO] [controller] ITERATION NUM: 35
[2022-11-24 14:22:58,651] [INFO] [controller] EPOCH 1 loss ppo:  -0.01510, loss val: 0.04610
[2022-11-24 14:22:58,696] [INFO] [controller] EPOCH 2 loss ppo:  -0.03589, loss val: 0.04369
[2022-11-24 14:22:58,741] [INFO] [controller] EPOCH 3 loss ppo:  -0.04886, loss val: 0.04203
[2022-11-24 14:22:58,782] [INFO] [controller] EPOCH 4 loss ppo:  -0.05655, loss val: 0.04059
[2022-11-24 14:22:58,792] [INFO] [runner_train_mujoco] Finished batch.
[2022-11-24 14:22:58,850] [INFO] [runner_train_mujoco] Starting simulation batch with mujoco.
[2022-11-24 14:22:58,850] [INFO] [runner_train_mujoco] Environment 0
[2022-11-24 14:23:04,858] [INFO] [runner_train_mujoco] Environment 1
[2022-11-24 14:23:10,466] [INFO] [runner_train_mujoco] Environment 2
[2022-11-24 14:23:16,181] [INFO] [runner_train_mujoco] Environment 3
[2022-11-24 14:23:22,372] [INFO] [runner_train_mujoco] Environment 4
[2022-11-24 14:23:28,800] [INFO] [runner_train_mujoco] Environment 5
[2022-11-24 14:23:34,977] [INFO] [runner_train_mujoco] Environment 6
[2022-11-24 14:23:40,956] [INFO] [runner_train_mujoco] Environment 7
[2022-11-24 14:23:47,154] [INFO] [runner_train_mujoco] Environment 8
[2022-11-24 14:23:53,138] [INFO] [runner_train_mujoco] Environment 9
[2022-11-24 14:23:59,236] [INFO] [runner_train_mujoco] Average cumulative reward after 150 steps: 2.720894636622611
[2022-11-24 14:23:59,237] [INFO] [runner_train_mujoco] Average state value: 0.4861865357756615
[2022-11-24 14:23:59,237] [INFO] [controller] ITERATION NUM: 36
[2022-11-24 14:23:59,287] [INFO] [controller] EPOCH 1 loss ppo:  -0.01458, loss val: 0.05456
[2022-11-24 14:23:59,327] [INFO] [controller] EPOCH 2 loss ppo:  -0.02907, loss val: 0.05230
[2022-11-24 14:23:59,368] [INFO] [controller] EPOCH 3 loss ppo:  -0.04124, loss val: 0.05375
[2022-11-24 14:23:59,408] [INFO] [controller] EPOCH 4 loss ppo:  -0.05153, loss val: 0.04944
[2022-11-24 14:23:59,417] [INFO] [runner_train_mujoco] Finished batch.
[2022-11-24 14:23:59,486] [INFO] [runner_train_mujoco] Starting simulation batch with mujoco.
[2022-11-24 14:23:59,488] [INFO] [runner_train_mujoco] Environment 0
[2022-11-24 14:24:05,738] [INFO] [runner_train_mujoco] Environment 1
[2022-11-24 14:24:11,896] [INFO] [runner_train_mujoco] Environment 2
[2022-11-24 14:24:17,805] [INFO] [runner_train_mujoco] Environment 3
[2022-11-24 14:24:23,677] [INFO] [runner_train_mujoco] Environment 4
[2022-11-24 14:24:29,482] [INFO] [runner_train_mujoco] Environment 5
[2022-11-24 14:24:35,567] [INFO] [runner_train_mujoco] Environment 6
[2022-11-24 14:24:41,381] [INFO] [runner_train_mujoco] Environment 7
[2022-11-24 14:24:47,333] [INFO] [runner_train_mujoco] Environment 8
[2022-11-24 14:24:53,304] [INFO] [runner_train_mujoco] Environment 9
[2022-11-24 14:24:59,140] [INFO] [runner_train_mujoco] Average cumulative reward after 150 steps: 2.8906404600878886
[2022-11-24 14:24:59,140] [INFO] [runner_train_mujoco] Average state value: 0.4849741447071234
[2022-11-24 14:24:59,141] [INFO] [controller] ITERATION NUM: 37
[2022-11-24 14:24:59,199] [INFO] [controller] EPOCH 1 loss ppo:  -0.01547, loss val: 0.04320
[2022-11-24 14:24:59,241] [INFO] [controller] EPOCH 2 loss ppo:  -0.03131, loss val: 0.04283
[2022-11-24 14:24:59,290] [INFO] [controller] EPOCH 3 loss ppo:  -0.04243, loss val: 0.04258
[2022-11-24 14:24:59,332] [INFO] [controller] EPOCH 4 loss ppo:  -0.05296, loss val: 0.04318
[2022-11-24 14:24:59,342] [INFO] [runner_train_mujoco] Finished batch.
[2022-11-24 14:24:59,406] [INFO] [runner_train_mujoco] Starting simulation batch with mujoco.
[2022-11-24 14:24:59,407] [INFO] [runner_train_mujoco] Environment 0
[2022-11-24 14:25:05,346] [INFO] [runner_train_mujoco] Environment 1
[2022-11-24 14:25:10,973] [INFO] [runner_train_mujoco] Environment 2
[2022-11-24 14:25:17,119] [INFO] [runner_train_mujoco] Environment 3
[2022-11-24 14:25:23,292] [INFO] [runner_train_mujoco] Environment 4
[2022-11-24 14:25:29,734] [INFO] [runner_train_mujoco] Environment 5
[2022-11-24 14:25:35,725] [INFO] [runner_train_mujoco] Environment 6
[2022-11-24 14:25:41,589] [INFO] [runner_train_mujoco] Environment 7
[2022-11-24 14:25:47,218] [INFO] [runner_train_mujoco] Environment 8
[2022-11-24 14:25:52,843] [INFO] [runner_train_mujoco] Environment 9
[2022-11-24 14:25:58,602] [INFO] [runner_train_mujoco] Average cumulative reward after 150 steps: 3.0667401148544706
[2022-11-24 14:25:58,603] [INFO] [runner_train_mujoco] Average state value: 0.5060343501269818
[2022-11-24 14:25:58,603] [INFO] [controller] ITERATION NUM: 38
[2022-11-24 14:25:58,654] [INFO] [controller] EPOCH 1 loss ppo:  -0.01645, loss val: 0.04549
[2022-11-24 14:25:58,697] [INFO] [controller] EPOCH 2 loss ppo:  -0.03328, loss val: 0.04714
[2022-11-24 14:25:58,741] [INFO] [controller] EPOCH 3 loss ppo:  -0.04255, loss val: 0.04716
[2022-11-24 14:25:58,784] [INFO] [controller] EPOCH 4 loss ppo:  -0.05156, loss val: 0.04501
[2022-11-24 14:25:58,794] [INFO] [runner_train_mujoco] Finished batch.
[2022-11-24 14:25:58,865] [INFO] [runner_train_mujoco] Starting simulation batch with mujoco.
[2022-11-24 14:25:58,881] [INFO] [runner_train_mujoco] Environment 0
[2022-11-24 14:26:05,202] [INFO] [runner_train_mujoco] Environment 1
[2022-11-24 14:26:11,676] [INFO] [runner_train_mujoco] Environment 2
[2022-11-24 14:26:17,712] [INFO] [runner_train_mujoco] Environment 3
[2022-11-24 14:26:23,172] [INFO] [runner_train_mujoco] Environment 4
[2022-11-24 14:26:28,703] [INFO] [runner_train_mujoco] Environment 5
[2022-11-24 14:26:34,370] [INFO] [runner_train_mujoco] Environment 6
[2022-11-24 14:26:40,592] [INFO] [runner_train_mujoco] Environment 7
[2022-11-24 14:26:46,516] [INFO] [runner_train_mujoco] Environment 8
[2022-11-24 14:26:52,155] [INFO] [runner_train_mujoco] Environment 9
[2022-11-24 14:26:58,027] [INFO] [runner_train_mujoco] Average cumulative reward after 150 steps: 3.178581659938011
[2022-11-24 14:26:58,027] [INFO] [runner_train_mujoco] Average state value: 0.5217442828019461
[2022-11-24 14:26:58,027] [INFO] [controller] ITERATION NUM: 39
[2022-11-24 14:26:58,083] [INFO] [controller] EPOCH 1 loss ppo:  -0.01489, loss val: 0.04872
[2022-11-24 14:26:58,123] [INFO] [controller] EPOCH 2 loss ppo:  -0.02720, loss val: 0.04848
[2022-11-24 14:26:58,163] [INFO] [controller] EPOCH 3 loss ppo:  -0.03949, loss val: 0.04807
[2022-11-24 14:26:58,204] [INFO] [controller] EPOCH 4 loss ppo:  -0.04876, loss val: 0.04807
[2022-11-24 14:26:58,214] [INFO] [runner_train_mujoco] Finished batch.
[2022-11-24 14:26:58,307] [INFO] [runner_train_mujoco] Starting simulation batch with mujoco.
[2022-11-24 14:26:58,316] [INFO] [runner_train_mujoco] Environment 0
[2022-11-24 14:27:04,728] [INFO] [runner_train_mujoco] Environment 1
[2022-11-24 14:27:10,457] [INFO] [runner_train_mujoco] Environment 2
[2022-11-24 14:27:16,182] [INFO] [runner_train_mujoco] Environment 3
[2022-11-24 14:27:22,242] [INFO] [runner_train_mujoco] Environment 4
[2022-11-24 14:27:27,976] [INFO] [runner_train_mujoco] Environment 5
[2022-11-24 14:27:33,621] [INFO] [runner_train_mujoco] Environment 6
[2022-11-24 14:27:39,119] [INFO] [runner_train_mujoco] Environment 7
[2022-11-24 14:27:44,727] [INFO] [runner_train_mujoco] Environment 8
[2022-11-24 14:27:50,297] [INFO] [runner_train_mujoco] Environment 9
[2022-11-24 14:27:56,476] [INFO] [runner_train_mujoco] Average cumulative reward after 150 steps: 3.235938121392617
[2022-11-24 14:27:56,477] [INFO] [runner_train_mujoco] Average state value: 0.5182911148667336
[2022-11-24 14:27:56,477] [INFO] [controller] ITERATION NUM: 40
[2022-11-24 14:27:56,541] [INFO] [controller] EPOCH 1 loss ppo:  -0.01551, loss val: 0.04350
[2022-11-24 14:27:56,584] [INFO] [controller] EPOCH 2 loss ppo:  -0.02821, loss val: 0.04337
[2022-11-24 14:27:56,627] [INFO] [controller] EPOCH 3 loss ppo:  -0.04008, loss val: 0.04298
[2022-11-24 14:27:56,672] [INFO] [controller] EPOCH 4 loss ppo:  -0.05129, loss val: 0.04328
[2022-11-24 14:27:56,682] [INFO] [runner_train_mujoco] Finished batch.
[2022-11-24 14:27:56,749] [INFO] [runner_train_mujoco] Starting simulation batch with mujoco.
[2022-11-24 14:27:56,750] [INFO] [runner_train_mujoco] Environment 0
[2022-11-24 14:28:02,747] [INFO] [runner_train_mujoco] Environment 1
[2022-11-24 14:28:08,519] [INFO] [runner_train_mujoco] Environment 2
[2022-11-24 14:28:14,185] [INFO] [runner_train_mujoco] Environment 3
[2022-11-24 14:28:19,720] [INFO] [runner_train_mujoco] Environment 4
[2022-11-24 14:28:25,638] [INFO] [runner_train_mujoco] Environment 5
[2022-11-24 14:28:31,344] [INFO] [runner_train_mujoco] Environment 6
[2022-11-24 14:28:37,684] [INFO] [runner_train_mujoco] Environment 7
[2022-11-24 14:28:43,624] [INFO] [runner_train_mujoco] Environment 8
[2022-11-24 14:28:49,464] [INFO] [runner_train_mujoco] Environment 9
[2022-11-24 14:28:55,548] [INFO] [runner_train_mujoco] Average cumulative reward after 150 steps: 3.7239245580342475
[2022-11-24 14:28:55,548] [INFO] [runner_train_mujoco] Average state value: 0.5018989429473877
[2022-11-24 14:28:55,548] [INFO] [controller] ITERATION NUM: 41
[2022-11-24 14:28:55,618] [INFO] [controller] EPOCH 1 loss ppo:  -0.01499, loss val: 0.04933
[2022-11-24 14:28:55,662] [INFO] [controller] EPOCH 2 loss ppo:  -0.02794, loss val: 0.04703
[2022-11-24 14:28:55,702] [INFO] [controller] EPOCH 3 loss ppo:  -0.03830, loss val: 0.04686
[2022-11-24 14:28:55,742] [INFO] [controller] EPOCH 4 loss ppo:  -0.04965, loss val: 0.04818
[2022-11-24 14:28:55,751] [INFO] [runner_train_mujoco] Finished batch.
[2022-11-24 14:28:55,823] [INFO] [runner_train_mujoco] Starting simulation batch with mujoco.
[2022-11-24 14:28:55,823] [INFO] [runner_train_mujoco] Environment 0
[2022-11-24 14:29:01,880] [INFO] [runner_train_mujoco] Environment 1
[2022-11-24 14:29:07,703] [INFO] [runner_train_mujoco] Environment 2
[2022-11-24 14:29:13,986] [INFO] [runner_train_mujoco] Environment 3
[2022-11-24 14:29:19,588] [INFO] [runner_train_mujoco] Environment 4
[2022-11-24 14:29:25,324] [INFO] [runner_train_mujoco] Environment 5
[2022-11-24 14:29:31,207] [INFO] [runner_train_mujoco] Environment 6
[2022-11-24 14:29:37,109] [INFO] [runner_train_mujoco] Environment 7
[2022-11-24 14:29:42,777] [INFO] [runner_train_mujoco] Environment 8
[2022-11-24 14:29:48,915] [INFO] [runner_train_mujoco] Environment 9
[2022-11-24 14:29:55,310] [INFO] [runner_train_mujoco] Average cumulative reward after 150 steps: 3.7849376120095597
[2022-11-24 14:29:55,310] [INFO] [runner_train_mujoco] Average state value: 0.50301246458292
[2022-11-24 14:29:55,311] [INFO] [controller] ITERATION NUM: 42
[2022-11-24 14:29:55,377] [INFO] [controller] EPOCH 1 loss ppo:  -0.01400, loss val: 0.04441
[2022-11-24 14:29:55,418] [INFO] [controller] EPOCH 2 loss ppo:  -0.02665, loss val: 0.04446
[2022-11-24 14:29:55,460] [INFO] [controller] EPOCH 3 loss ppo:  -0.03711, loss val: 0.04430
[2022-11-24 14:29:55,503] [INFO] [controller] EPOCH 4 loss ppo:  -0.04468, loss val: 0.04456
[2022-11-24 14:29:55,513] [INFO] [runner_train_mujoco] Finished batch.
[2022-11-24 14:29:55,564] [INFO] [runner_train_mujoco] Starting simulation batch with mujoco.
[2022-11-24 14:29:55,565] [INFO] [runner_train_mujoco] Environment 0
[2022-11-24 14:30:01,858] [INFO] [runner_train_mujoco] Environment 1
[2022-11-24 14:30:07,635] [INFO] [runner_train_mujoco] Environment 2
[2022-11-24 14:30:13,331] [INFO] [runner_train_mujoco] Environment 3
[2022-11-24 14:30:18,884] [INFO] [runner_train_mujoco] Environment 4
[2022-11-24 14:30:24,994] [INFO] [runner_train_mujoco] Environment 5
[2022-11-24 14:30:31,004] [INFO] [runner_train_mujoco] Environment 6
[2022-11-24 14:30:36,547] [INFO] [runner_train_mujoco] Environment 7
[2022-11-24 14:30:42,296] [INFO] [runner_train_mujoco] Environment 8
[2022-11-24 14:30:48,520] [INFO] [runner_train_mujoco] Environment 9
[2022-11-24 14:30:54,737] [INFO] [runner_train_mujoco] Average cumulative reward after 150 steps: 3.851907545094664
[2022-11-24 14:30:54,738] [INFO] [runner_train_mujoco] Average state value: 0.5135365257859231
[2022-11-24 14:30:54,738] [INFO] [controller] ITERATION NUM: 43
[2022-11-24 14:30:54,831] [INFO] [controller] EPOCH 1 loss ppo:  -0.01529, loss val: 0.03990
[2022-11-24 14:30:54,883] [INFO] [controller] EPOCH 2 loss ppo:  -0.02578, loss val: 0.03985
[2022-11-24 14:30:54,945] [INFO] [controller] EPOCH 3 loss ppo:  -0.03590, loss val: 0.03982
[2022-11-24 14:30:54,993] [INFO] [controller] EPOCH 4 loss ppo:  -0.04923, loss val: 0.03922
[2022-11-24 14:30:55,003] [INFO] [runner_train_mujoco] Finished batch.
[2022-11-24 14:30:55,073] [INFO] [runner_train_mujoco] Starting simulation batch with mujoco.
[2022-11-24 14:30:55,074] [INFO] [runner_train_mujoco] Environment 0
[2022-11-24 14:31:01,079] [INFO] [runner_train_mujoco] Environment 1
[2022-11-24 14:31:06,785] [INFO] [runner_train_mujoco] Environment 2
[2022-11-24 14:31:13,179] [INFO] [runner_train_mujoco] Environment 3
[2022-11-24 14:31:18,939] [INFO] [runner_train_mujoco] Environment 4
[2022-11-24 14:31:24,991] [INFO] [runner_train_mujoco] Environment 5
[2022-11-24 14:31:30,895] [INFO] [runner_train_mujoco] Environment 6
[2022-11-24 14:31:36,604] [INFO] [runner_train_mujoco] Environment 7
[2022-11-24 14:31:42,896] [INFO] [runner_train_mujoco] Environment 8
[2022-11-24 14:31:48,831] [INFO] [runner_train_mujoco] Environment 9
[2022-11-24 14:31:54,397] [INFO] [runner_train_mujoco] Average cumulative reward after 150 steps: 4.010857277354527
[2022-11-24 14:31:54,397] [INFO] [runner_train_mujoco] Average state value: 0.5014734875162442
[2022-11-24 14:31:54,398] [INFO] [controller] ITERATION NUM: 44
[2022-11-24 14:31:54,454] [INFO] [controller] EPOCH 1 loss ppo:  -0.01473, loss val: 0.04109
[2022-11-24 14:31:54,497] [INFO] [controller] EPOCH 2 loss ppo:  -0.02500, loss val: 0.03907
[2022-11-24 14:31:54,540] [INFO] [controller] EPOCH 3 loss ppo:  -0.03761, loss val: 0.04037
[2022-11-24 14:31:54,581] [INFO] [controller] EPOCH 4 loss ppo:  -0.04719, loss val: 0.04038
[2022-11-24 14:31:54,590] [INFO] [runner_train_mujoco] Finished batch.
[2022-11-24 14:31:54,661] [INFO] [runner_train_mujoco] Starting simulation batch with mujoco.
[2022-11-24 14:31:54,661] [INFO] [runner_train_mujoco] Environment 0
[2022-11-24 14:32:00,776] [INFO] [runner_train_mujoco] Environment 1
[2022-11-24 14:32:06,688] [INFO] [runner_train_mujoco] Environment 2
[2022-11-24 14:32:12,580] [INFO] [runner_train_mujoco] Environment 3
[2022-11-24 14:32:18,335] [INFO] [runner_train_mujoco] Environment 4
[2022-11-24 14:32:24,236] [INFO] [runner_train_mujoco] Environment 5
[2022-11-24 14:32:30,147] [INFO] [runner_train_mujoco] Environment 6
[2022-11-24 14:32:36,157] [INFO] [runner_train_mujoco] Environment 7
[2022-11-24 14:32:41,758] [INFO] [runner_train_mujoco] Environment 8
[2022-11-24 14:32:47,068] [INFO] [runner_train_mujoco] Environment 9
[2022-11-24 14:32:53,492] [INFO] [runner_train_mujoco] Average cumulative reward after 150 steps: 4.178695308608308
[2022-11-24 14:32:53,492] [INFO] [runner_train_mujoco] Average state value: 0.47564731448888775
[2022-11-24 14:32:53,492] [INFO] [controller] ITERATION NUM: 45
[2022-11-24 14:32:53,555] [INFO] [controller] EPOCH 1 loss ppo:  -0.01439, loss val: 0.04290
[2022-11-24 14:32:53,610] [INFO] [controller] EPOCH 2 loss ppo:  -0.02445, loss val: 0.03981
[2022-11-24 14:32:53,654] [INFO] [controller] EPOCH 3 loss ppo:  -0.03563, loss val: 0.04270
[2022-11-24 14:32:53,696] [INFO] [controller] EPOCH 4 loss ppo:  -0.04514, loss val: 0.03950
[2022-11-24 14:32:53,706] [INFO] [runner_train_mujoco] Finished batch.
[2022-11-24 14:32:53,775] [INFO] [runner_train_mujoco] Starting simulation batch with mujoco.
[2022-11-24 14:32:53,776] [INFO] [runner_train_mujoco] Environment 0
[2022-11-24 14:33:00,054] [INFO] [runner_train_mujoco] Environment 1
[2022-11-24 14:33:05,801] [INFO] [runner_train_mujoco] Environment 2
[2022-11-24 14:33:11,270] [INFO] [runner_train_mujoco] Environment 3
[2022-11-24 14:33:16,974] [INFO] [runner_train_mujoco] Environment 4
[2022-11-24 14:33:22,808] [INFO] [runner_train_mujoco] Environment 5
[2022-11-24 14:33:28,688] [INFO] [runner_train_mujoco] Environment 6
[2022-11-24 14:33:34,908] [INFO] [runner_train_mujoco] Environment 7
[2022-11-24 14:33:41,609] [INFO] [runner_train_mujoco] Environment 8
[2022-11-24 14:33:48,514] [INFO] [runner_train_mujoco] Environment 9
[2022-11-24 14:33:54,920] [INFO] [runner_train_mujoco] Average cumulative reward after 150 steps: 4.102954325365479
[2022-11-24 14:33:54,920] [INFO] [runner_train_mujoco] Average state value: 0.4517285859485467
[2022-11-24 14:33:54,920] [INFO] [controller] ITERATION NUM: 46
[2022-11-24 14:33:54,981] [INFO] [controller] EPOCH 1 loss ppo:  -0.01454, loss val: 0.04652
[2022-11-24 14:33:55,030] [INFO] [controller] EPOCH 2 loss ppo:  -0.02531, loss val: 0.04673
[2022-11-24 14:33:55,148] [INFO] [controller] EPOCH 3 loss ppo:  -0.03565, loss val: 0.04649
[2022-11-24 14:33:55,216] [INFO] [controller] EPOCH 4 loss ppo:  -0.04344, loss val: 0.04634
[2022-11-24 14:33:55,227] [INFO] [runner_train_mujoco] Finished batch.
[2022-11-24 14:33:55,298] [INFO] [runner_train_mujoco] Starting simulation batch with mujoco.
[2022-11-24 14:33:55,298] [INFO] [runner_train_mujoco] Environment 0
[2022-11-24 14:34:02,155] [INFO] [runner_train_mujoco] Environment 1
[2022-11-24 14:34:08,879] [INFO] [runner_train_mujoco] Environment 2
[2022-11-24 14:34:14,910] [INFO] [runner_train_mujoco] Environment 3
[2022-11-24 14:34:21,115] [INFO] [runner_train_mujoco] Environment 4
[2022-11-24 14:34:27,273] [INFO] [runner_train_mujoco] Environment 5
[2022-11-24 14:34:33,616] [INFO] [runner_train_mujoco] Environment 6
[2022-11-24 14:34:39,790] [INFO] [runner_train_mujoco] Environment 7
[2022-11-24 14:34:46,024] [INFO] [runner_train_mujoco] Environment 8
[2022-11-24 14:34:51,636] [INFO] [runner_train_mujoco] Environment 9
[2022-11-24 14:34:57,423] [INFO] [runner_train_mujoco] Average cumulative reward after 150 steps: 4.395954883381682
[2022-11-24 14:34:57,423] [INFO] [runner_train_mujoco] Average state value: 0.4580227193832398
[2022-11-24 14:34:57,423] [INFO] [controller] ITERATION NUM: 47
[2022-11-24 14:34:57,476] [INFO] [controller] EPOCH 1 loss ppo:  -0.01509, loss val: 0.04487
[2022-11-24 14:34:57,519] [INFO] [controller] EPOCH 2 loss ppo:  -0.02415, loss val: 0.04456
[2022-11-24 14:34:57,574] [INFO] [controller] EPOCH 3 loss ppo:  -0.03389, loss val: 0.04443
[2022-11-24 14:34:57,620] [INFO] [controller] EPOCH 4 loss ppo:  -0.03893, loss val: 0.04456
[2022-11-24 14:34:57,630] [INFO] [runner_train_mujoco] Finished batch.
[2022-11-24 14:34:57,689] [INFO] [runner_train_mujoco] Starting simulation batch with mujoco.
[2022-11-24 14:34:57,690] [INFO] [runner_train_mujoco] Environment 0
[2022-11-24 14:35:03,912] [INFO] [runner_train_mujoco] Environment 1
[2022-11-24 14:35:09,791] [INFO] [runner_train_mujoco] Environment 2
[2022-11-24 14:35:15,408] [INFO] [runner_train_mujoco] Environment 3
[2022-11-24 14:35:21,370] [INFO] [runner_train_mujoco] Environment 4
[2022-11-24 14:35:27,576] [INFO] [runner_train_mujoco] Environment 5
[2022-11-24 14:35:33,647] [INFO] [runner_train_mujoco] Environment 6
[2022-11-24 14:35:39,456] [INFO] [runner_train_mujoco] Environment 7
[2022-11-24 14:35:45,400] [INFO] [runner_train_mujoco] Environment 8
[2022-11-24 14:35:51,850] [INFO] [runner_train_mujoco] Environment 9
[2022-11-24 14:36:00,241] [INFO] [runner_train_mujoco] Average cumulative reward after 150 steps: 4.402412411278778
[2022-11-24 14:36:00,241] [INFO] [runner_train_mujoco] Average state value: 0.4813657067120075
[2022-11-24 14:36:00,241] [INFO] [controller] ITERATION NUM: 48
[2022-11-24 14:36:00,414] [INFO] [controller] EPOCH 1 loss ppo:  -0.01449, loss val: 0.04892
[2022-11-24 14:36:00,506] [INFO] [controller] EPOCH 2 loss ppo:  -0.02565, loss val: 0.04873
[2022-11-24 14:36:00,561] [INFO] [controller] EPOCH 3 loss ppo:  -0.03655, loss val: 0.04814
[2022-11-24 14:36:00,620] [INFO] [controller] EPOCH 4 loss ppo:  -0.04144, loss val: 0.04845
[2022-11-24 14:36:00,634] [INFO] [runner_train_mujoco] Finished batch.
[2022-11-24 14:36:00,718] [INFO] [runner_train_mujoco] Starting simulation batch with mujoco.
[2022-11-24 14:36:00,725] [INFO] [runner_train_mujoco] Environment 0
[2022-11-24 14:36:06,979] [INFO] [runner_train_mujoco] Environment 1
[2022-11-24 14:36:13,650] [INFO] [runner_train_mujoco] Environment 2
[2022-11-24 14:36:20,661] [INFO] [runner_train_mujoco] Environment 3
[2022-11-24 14:36:26,069] [INFO] [runner_train_mujoco] Environment 4
[2022-11-24 14:36:32,419] [INFO] [runner_train_mujoco] Environment 5
[2022-11-24 14:36:38,159] [INFO] [runner_train_mujoco] Environment 6
[2022-11-24 14:36:43,955] [INFO] [runner_train_mujoco] Environment 7
[2022-11-24 14:36:49,911] [INFO] [runner_train_mujoco] Environment 8
[2022-11-24 14:36:55,903] [INFO] [runner_train_mujoco] Environment 9
[2022-11-24 14:37:01,486] [INFO] [runner_train_mujoco] Average cumulative reward after 150 steps: 4.560466711710094
[2022-11-24 14:37:01,486] [INFO] [runner_train_mujoco] Average state value: 0.4916794662475586
[2022-11-24 14:37:01,486] [INFO] [controller] ITERATION NUM: 49
[2022-11-24 14:37:01,535] [INFO] [controller] EPOCH 1 loss ppo:  -0.01495, loss val: 0.04505
[2022-11-24 14:37:01,578] [INFO] [controller] EPOCH 2 loss ppo:  -0.02268, loss val: 0.04767
[2022-11-24 14:37:01,621] [INFO] [controller] EPOCH 3 loss ppo:  -0.03203, loss val: 0.04512
[2022-11-24 14:37:01,662] [INFO] [controller] EPOCH 4 loss ppo:  -0.04024, loss val: 0.04501
[2022-11-24 14:37:01,671] [INFO] [runner_train_mujoco] Finished batch.
[2022-11-24 14:37:01,742] [INFO] [runner_train_mujoco] Starting simulation batch with mujoco.
[2022-11-24 14:37:01,744] [INFO] [runner_train_mujoco] Environment 0
[2022-11-24 14:37:08,724] [INFO] [runner_train_mujoco] Environment 1
[2022-11-24 14:37:16,418] [INFO] [runner_train_mujoco] Environment 2
[2022-11-24 14:37:22,597] [INFO] [runner_train_mujoco] Environment 3
[2022-11-24 14:37:28,929] [INFO] [runner_train_mujoco] Environment 4
[2022-11-24 14:37:34,568] [INFO] [runner_train_mujoco] Environment 5
[2022-11-24 14:37:40,102] [INFO] [runner_train_mujoco] Environment 6
[2022-11-24 14:37:45,753] [INFO] [runner_train_mujoco] Environment 7
[2022-11-24 14:37:51,617] [INFO] [runner_train_mujoco] Environment 8
[2022-11-24 14:37:58,483] [INFO] [runner_train_mujoco] Environment 9
[2022-11-24 14:38:04,445] [INFO] [runner_train_mujoco] Average cumulative reward after 150 steps: 4.611366885624497
[2022-11-24 14:38:04,445] [INFO] [runner_train_mujoco] Average state value: 0.490586374382178
[2022-11-24 14:38:04,445] [INFO] [controller] ITERATION NUM: 50
[2022-11-24 14:38:04,493] [INFO] [controller] EPOCH 1 loss ppo:  -0.01453, loss val: 0.04591
[2022-11-24 14:38:04,533] [INFO] [controller] EPOCH 2 loss ppo:  -0.02393, loss val: 0.04682
[2022-11-24 14:38:04,577] [INFO] [controller] EPOCH 3 loss ppo:  -0.03265, loss val: 0.04542
[2022-11-24 14:38:04,616] [INFO] [controller] EPOCH 4 loss ppo:  -0.03980, loss val: 0.04572
[2022-11-24 14:38:04,625] [INFO] [runner_train_mujoco] Finished batch.
[2022-11-24 14:38:04,685] [INFO] [runner_train_mujoco] Starting simulation batch with mujoco.
[2022-11-24 14:38:04,685] [INFO] [runner_train_mujoco] Environment 0
[2022-11-24 14:38:10,676] [INFO] [runner_train_mujoco] Environment 1
[2022-11-24 14:38:16,612] [INFO] [runner_train_mujoco] Environment 2
[2022-11-24 14:38:22,539] [INFO] [runner_train_mujoco] Environment 3
[2022-11-24 14:38:28,249] [INFO] [runner_train_mujoco] Environment 4
[2022-11-24 14:38:34,511] [INFO] [runner_train_mujoco] Environment 5
[2022-11-24 14:38:40,249] [INFO] [runner_train_mujoco] Environment 6
[2022-11-24 14:38:45,747] [INFO] [runner_train_mujoco] Environment 7
[2022-11-24 14:38:51,190] [INFO] [runner_train_mujoco] Environment 8
[2022-11-24 14:38:57,414] [INFO] [runner_train_mujoco] Environment 9
[2022-11-24 14:39:03,231] [INFO] [runner_train_mujoco] Average cumulative reward after 150 steps: 4.860431580627862
[2022-11-24 14:39:03,231] [INFO] [runner_train_mujoco] Average state value: 0.481645956804355
[2022-11-24 14:39:03,231] [INFO] [controller] ITERATION NUM: 51
[2022-11-24 14:39:03,281] [INFO] [controller] EPOCH 1 loss ppo:  -0.01446, loss val: 0.04325
[2022-11-24 14:39:03,336] [INFO] [controller] EPOCH 2 loss ppo:  -0.02310, loss val: 0.04320
[2022-11-24 14:39:03,383] [INFO] [controller] EPOCH 3 loss ppo:  -0.03310, loss val: 0.04296
[2022-11-24 14:39:03,431] [INFO] [controller] EPOCH 4 loss ppo:  -0.03758, loss val: 0.04333
[2022-11-24 14:39:03,441] [INFO] [runner_train_mujoco] Finished batch.
[2022-11-24 14:39:03,511] [INFO] [runner_train_mujoco] Starting simulation batch with mujoco.
[2022-11-24 14:39:03,512] [INFO] [runner_train_mujoco] Environment 0
[2022-11-24 14:39:09,759] [INFO] [runner_train_mujoco] Environment 1
[2022-11-24 14:39:15,618] [INFO] [runner_train_mujoco] Environment 2
[2022-11-24 14:39:21,660] [INFO] [runner_train_mujoco] Environment 3
[2022-11-24 14:39:27,302] [INFO] [runner_train_mujoco] Environment 4
[2022-11-24 14:39:33,424] [INFO] [runner_train_mujoco] Environment 5
[2022-11-24 14:39:40,046] [INFO] [runner_train_mujoco] Environment 6
[2022-11-24 14:39:45,826] [INFO] [runner_train_mujoco] Environment 7
[2022-11-24 14:39:51,629] [INFO] [runner_train_mujoco] Environment 8
[2022-11-24 14:39:57,603] [INFO] [runner_train_mujoco] Environment 9
[2022-11-24 14:40:03,661] [INFO] [runner_train_mujoco] Average cumulative reward after 150 steps: 4.896389833004464
[2022-11-24 14:40:03,661] [INFO] [runner_train_mujoco] Average state value: 0.4728320409655571
[2022-11-24 14:40:03,661] [INFO] [controller] ITERATION NUM: 52
[2022-11-24 14:40:03,710] [INFO] [controller] EPOCH 1 loss ppo:  -0.01437, loss val: 0.04764
[2022-11-24 14:40:03,753] [INFO] [controller] EPOCH 2 loss ppo:  -0.01772, loss val: 0.04814
[2022-11-24 14:40:03,796] [INFO] [controller] EPOCH 3 loss ppo:  -0.02619, loss val: 0.04959
[2022-11-24 14:40:03,834] [INFO] [controller] EPOCH 4 loss ppo:  -0.03409, loss val: 0.04827
[2022-11-24 14:40:03,844] [INFO] [runner_train_mujoco] Finished batch.
[2022-11-24 14:40:03,913] [INFO] [runner_train_mujoco] Starting simulation batch with mujoco.
[2022-11-24 14:40:03,919] [INFO] [runner_train_mujoco] Environment 0
[2022-11-24 14:40:09,767] [INFO] [runner_train_mujoco] Environment 1
[2022-11-24 14:40:15,643] [INFO] [runner_train_mujoco] Environment 2
[2022-11-24 14:40:21,771] [INFO] [runner_train_mujoco] Environment 3
[2022-11-24 14:40:27,994] [INFO] [runner_train_mujoco] Environment 4
[2022-11-24 14:40:33,516] [INFO] [runner_train_mujoco] Environment 5
[2022-11-24 14:40:39,219] [INFO] [runner_train_mujoco] Environment 6
[2022-11-24 14:40:44,763] [INFO] [runner_train_mujoco] Environment 7
[2022-11-24 14:40:50,593] [INFO] [runner_train_mujoco] Environment 8
[2022-11-24 14:40:56,503] [INFO] [runner_train_mujoco] Environment 9
[2022-11-24 14:41:02,169] [INFO] [runner_train_mujoco] Average cumulative reward after 150 steps: 4.852802333579257
[2022-11-24 14:41:02,169] [INFO] [runner_train_mujoco] Average state value: 0.4679906840324402
[2022-11-24 14:41:02,169] [INFO] [controller] ITERATION NUM: 53
[2022-11-24 14:41:02,218] [INFO] [controller] EPOCH 1 loss ppo:  -0.01411, loss val: 0.05354
[2022-11-24 14:41:02,259] [INFO] [controller] EPOCH 2 loss ppo:  -0.01845, loss val: 0.05276
[2022-11-24 14:41:02,305] [INFO] [controller] EPOCH 3 loss ppo:  -0.02657, loss val: 0.04986
[2022-11-24 14:41:02,354] [INFO] [controller] EPOCH 4 loss ppo:  -0.03511, loss val: 0.04965
[2022-11-24 14:41:02,364] [INFO] [runner_train_mujoco] Finished batch.
[2022-11-24 14:41:02,429] [INFO] [runner_train_mujoco] Starting simulation batch with mujoco.
[2022-11-24 14:41:02,429] [INFO] [runner_train_mujoco] Environment 0
[2022-11-24 14:41:08,554] [INFO] [runner_train_mujoco] Environment 1
[2022-11-24 14:41:14,680] [INFO] [runner_train_mujoco] Environment 2
[2022-11-24 14:41:20,609] [INFO] [runner_train_mujoco] Environment 3
[2022-11-24 14:41:26,318] [INFO] [runner_train_mujoco] Environment 4
[2022-11-24 14:41:32,114] [INFO] [runner_train_mujoco] Environment 5
[2022-11-24 14:41:37,912] [INFO] [runner_train_mujoco] Environment 6
[2022-11-24 14:41:43,919] [INFO] [runner_train_mujoco] Environment 7
[2022-11-24 14:41:49,638] [INFO] [runner_train_mujoco] Environment 8
[2022-11-24 14:41:55,904] [INFO] [runner_train_mujoco] Environment 9
[2022-11-24 14:42:02,083] [INFO] [runner_train_mujoco] Average cumulative reward after 150 steps: 4.842827097326253
[2022-11-24 14:42:02,083] [INFO] [runner_train_mujoco] Average state value: 0.46624696409702304
[2022-11-24 14:42:02,083] [INFO] [controller] ITERATION NUM: 54
[2022-11-24 14:42:02,136] [INFO] [controller] EPOCH 1 loss ppo:  -0.01431, loss val: 0.03977
[2022-11-24 14:42:02,180] [INFO] [controller] EPOCH 2 loss ppo:  -0.01862, loss val: 0.04230
[2022-11-24 14:42:02,225] [INFO] [controller] EPOCH 3 loss ppo:  -0.02532, loss val: 0.04161
[2022-11-24 14:42:02,296] [INFO] [controller] EPOCH 4 loss ppo:  -0.03014, loss val: 0.04291
[2022-11-24 14:42:02,308] [INFO] [runner_train_mujoco] Finished batch.
[2022-11-24 14:42:02,388] [INFO] [runner_train_mujoco] Starting simulation batch with mujoco.
[2022-11-24 14:42:02,390] [INFO] [runner_train_mujoco] Environment 0
[2022-11-24 14:42:08,183] [INFO] [runner_train_mujoco] Environment 1
[2022-11-24 14:42:13,792] [INFO] [runner_train_mujoco] Environment 2
[2022-11-24 14:42:19,437] [INFO] [runner_train_mujoco] Environment 3
[2022-11-24 14:42:25,174] [INFO] [runner_train_mujoco] Environment 4
[2022-11-24 14:42:30,752] [INFO] [runner_train_mujoco] Environment 5
[2022-11-24 14:42:37,077] [INFO] [runner_train_mujoco] Environment 6
[2022-11-24 14:42:42,957] [INFO] [runner_train_mujoco] Environment 7
[2022-11-24 14:42:49,120] [INFO] [runner_train_mujoco] Environment 8
[2022-11-24 14:42:54,691] [INFO] [runner_train_mujoco] Environment 9
[2022-11-24 14:43:01,083] [INFO] [runner_train_mujoco] Average cumulative reward after 150 steps: 4.885561013163327
[2022-11-24 14:43:01,083] [INFO] [runner_train_mujoco] Average state value: 0.47186388876040775
[2022-11-24 14:43:01,083] [INFO] [controller] ITERATION NUM: 55
[2022-11-24 14:43:01,135] [INFO] [controller] EPOCH 1 loss ppo:  -0.01459, loss val: 0.04675
[2022-11-24 14:43:01,181] [INFO] [controller] EPOCH 2 loss ppo:  -0.01917, loss val: 0.04650
[2022-11-24 14:43:01,227] [INFO] [controller] EPOCH 3 loss ppo:  -0.02567, loss val: 0.04559
[2022-11-24 14:43:01,271] [INFO] [controller] EPOCH 4 loss ppo:  -0.03107, loss val: 0.04612
[2022-11-24 14:43:01,281] [INFO] [runner_train_mujoco] Finished batch.
[2022-11-24 14:43:01,350] [INFO] [runner_train_mujoco] Starting simulation batch with mujoco.
[2022-11-24 14:43:01,356] [INFO] [runner_train_mujoco] Environment 0
[2022-11-24 14:43:07,694] [INFO] [runner_train_mujoco] Environment 1
[2022-11-24 14:43:13,752] [INFO] [runner_train_mujoco] Environment 2
[2022-11-24 14:43:19,849] [INFO] [runner_train_mujoco] Environment 3
[2022-11-24 14:43:25,918] [INFO] [runner_train_mujoco] Environment 4
[2022-11-24 14:43:31,440] [INFO] [runner_train_mujoco] Environment 5
[2022-11-24 14:43:37,074] [INFO] [runner_train_mujoco] Environment 6
[2022-11-24 14:43:42,705] [INFO] [runner_train_mujoco] Environment 7
[2022-11-24 14:43:48,459] [INFO] [runner_train_mujoco] Environment 8
[2022-11-24 14:43:54,464] [INFO] [runner_train_mujoco] Environment 9
[2022-11-24 14:44:00,447] [INFO] [runner_train_mujoco] Average cumulative reward after 150 steps: 4.934976734254815
[2022-11-24 14:44:00,448] [INFO] [runner_train_mujoco] Average state value: 0.47648848848541575
[2022-11-24 14:44:00,448] [INFO] [controller] ITERATION NUM: 56
[2022-11-24 14:44:00,501] [INFO] [controller] EPOCH 1 loss ppo:  -0.01446, loss val: 0.05169
[2022-11-24 14:44:00,542] [INFO] [controller] EPOCH 2 loss ppo:  -0.01768, loss val: 0.05014
[2022-11-24 14:44:00,587] [INFO] [controller] EPOCH 3 loss ppo:  -0.02299, loss val: 0.04936
[2022-11-24 14:44:00,628] [INFO] [controller] EPOCH 4 loss ppo:  -0.02914, loss val: 0.05117
[2022-11-24 14:44:00,637] [INFO] [runner_train_mujoco] Finished batch.
[2022-11-24 14:44:00,707] [INFO] [runner_train_mujoco] Starting simulation batch with mujoco.
[2022-11-24 14:44:00,710] [INFO] [runner_train_mujoco] Environment 0
[2022-11-24 14:44:06,482] [INFO] [runner_train_mujoco] Environment 1
[2022-11-24 14:44:12,232] [INFO] [runner_train_mujoco] Environment 2
[2022-11-24 14:44:18,296] [INFO] [runner_train_mujoco] Environment 3
[2022-11-24 14:44:24,165] [INFO] [runner_train_mujoco] Environment 4
[2022-11-24 14:44:30,087] [INFO] [runner_train_mujoco] Environment 5
[2022-11-24 14:44:35,976] [INFO] [runner_train_mujoco] Environment 6
[2022-11-24 14:44:41,632] [INFO] [runner_train_mujoco] Environment 7
[2022-11-24 14:44:47,356] [INFO] [runner_train_mujoco] Environment 8
[2022-11-24 14:44:53,142] [INFO] [runner_train_mujoco] Environment 9
[2022-11-24 14:44:59,606] [INFO] [runner_train_mujoco] Average cumulative reward after 150 steps: 5.161417175088525
[2022-11-24 14:44:59,606] [INFO] [runner_train_mujoco] Average state value: 0.47807690223058064
[2022-11-24 14:44:59,606] [INFO] [controller] ITERATION NUM: 57
[2022-11-24 14:44:59,686] [INFO] [controller] EPOCH 1 loss ppo:  -0.01424, loss val: 0.05044
[2022-11-24 14:44:59,755] [INFO] [controller] EPOCH 2 loss ppo:  -0.01598, loss val: 0.04834
[2022-11-24 14:44:59,818] [INFO] [controller] EPOCH 3 loss ppo:  -0.01872, loss val: 0.04896
[2022-11-24 14:44:59,882] [INFO] [controller] EPOCH 4 loss ppo:  -0.02296, loss val: 0.05014
[2022-11-24 14:44:59,892] [INFO] [runner_train_mujoco] Finished batch.
[2022-11-24 14:44:59,964] [INFO] [runner_train_mujoco] Starting simulation batch with mujoco.
[2022-11-24 14:44:59,964] [INFO] [runner_train_mujoco] Environment 0
[2022-11-24 14:45:06,992] [INFO] [runner_train_mujoco] Environment 1
[2022-11-24 14:45:12,826] [INFO] [runner_train_mujoco] Environment 2
[2022-11-24 14:45:18,717] [INFO] [runner_train_mujoco] Environment 3
[2022-11-24 14:45:24,216] [INFO] [runner_train_mujoco] Environment 4
[2022-11-24 14:45:29,608] [INFO] [runner_train_mujoco] Environment 5
[2022-11-24 14:45:35,191] [INFO] [runner_train_mujoco] Environment 6
[2022-11-24 14:45:43,393] [INFO] [runner_train_mujoco] Environment 7
[2022-11-24 14:45:53,099] [INFO] [runner_train_mujoco] Environment 8
[2022-11-24 14:46:00,357] [INFO] [runner_train_mujoco] Environment 9
[2022-11-24 14:46:06,963] [INFO] [runner_train_mujoco] Average cumulative reward after 150 steps: 5.133759120507618
[2022-11-24 14:46:06,963] [INFO] [runner_train_mujoco] Average state value: 0.47643785434961317
[2022-11-24 14:46:06,963] [INFO] [controller] ITERATION NUM: 58
[2022-11-24 14:46:07,016] [INFO] [controller] EPOCH 1 loss ppo:  -0.01433, loss val: 0.04441
[2022-11-24 14:46:07,062] [INFO] [controller] EPOCH 2 loss ppo:  -0.01549, loss val: 0.04436
[2022-11-24 14:46:07,112] [INFO] [controller] EPOCH 3 loss ppo:  -0.01816, loss val: 0.04426
[2022-11-24 14:46:07,157] [INFO] [controller] EPOCH 4 loss ppo:  -0.02143, loss val: 0.04592
[2022-11-24 14:46:07,167] [INFO] [runner_train_mujoco] Finished batch.
[2022-11-24 14:46:07,173] [INFO] [optimize] Finished learning.
