[2022-11-24 16:36:38,171] [INFO] [optimize] Starting learning
[2022-11-24 16:36:38,190] [INFO] [optimize] Starting learning process..
[2022-11-24 16:36:38,319] [INFO] [runner_train_mujoco] Starting simulation batch with mujoco.
[2022-11-24 16:36:38,320] [INFO] [runner_train_mujoco] Environment 0
[2022-11-24 16:36:45,939] [INFO] [runner_train_mujoco] Environment 1
[2022-11-24 16:36:53,358] [INFO] [runner_train_mujoco] Environment 2
[2022-11-24 16:37:01,286] [INFO] [runner_train_mujoco] Environment 3
[2022-11-24 16:37:09,148] [INFO] [runner_train_mujoco] Environment 4
[2022-11-24 16:37:16,901] [INFO] [runner_train_mujoco] Environment 5
[2022-11-24 16:37:24,398] [INFO] [runner_train_mujoco] Environment 6
[2022-11-24 16:37:32,079] [INFO] [runner_train_mujoco] Environment 7
[2022-11-24 16:37:39,509] [INFO] [runner_train_mujoco] Environment 8
[2022-11-24 16:37:47,326] [INFO] [runner_train_mujoco] Environment 9
[2022-11-24 16:37:54,705] [INFO] [runner_train_mujoco] Average cumulative reward after 150 steps: 1.614682285747279
[2022-11-24 16:37:54,706] [INFO] [runner_train_mujoco] Average state value: -0.0776803602129221
[2022-11-24 16:37:54,706] [INFO] [controller] ITERATION NUM: 1
[2022-11-24 16:37:54,761] [INFO] [controller] EPOCH 1 loss ppo:  -0.00832, loss val: 0.59036
[2022-11-24 16:37:54,800] [INFO] [controller] EPOCH 2 loss ppo:  -0.05400, loss val: 0.53468
[2022-11-24 16:37:54,853] [INFO] [controller] EPOCH 3 loss ppo:  -0.07176, loss val: 0.47389
[2022-11-24 16:37:54,898] [INFO] [controller] EPOCH 4 loss ppo:  -0.08237, loss val: 0.43024
[2022-11-24 16:37:54,908] [INFO] [runner_train_mujoco] Finished batch.
[2022-11-24 16:37:54,999] [INFO] [runner_train_mujoco] Starting simulation batch with mujoco.
[2022-11-24 16:37:55,000] [INFO] [runner_train_mujoco] Environment 0
[2022-11-24 16:38:03,488] [INFO] [runner_train_mujoco] Environment 1
[2022-11-24 16:38:12,670] [INFO] [runner_train_mujoco] Environment 2
[2022-11-24 16:38:21,501] [INFO] [runner_train_mujoco] Environment 3
[2022-11-24 16:38:29,813] [INFO] [runner_train_mujoco] Environment 4
[2022-11-24 16:38:38,476] [INFO] [runner_train_mujoco] Environment 5
[2022-11-24 16:38:47,182] [INFO] [runner_train_mujoco] Environment 6
[2022-11-24 16:38:55,685] [INFO] [runner_train_mujoco] Environment 7
[2022-11-24 16:39:04,484] [INFO] [runner_train_mujoco] Environment 8
[2022-11-24 16:39:12,840] [INFO] [runner_train_mujoco] Environment 9
[2022-11-24 16:39:21,377] [INFO] [runner_train_mujoco] Average cumulative reward after 150 steps: 1.5311946918805641
[2022-11-24 16:39:21,377] [INFO] [runner_train_mujoco] Average state value: 0.10002339894045145
[2022-11-24 16:39:21,377] [INFO] [controller] ITERATION NUM: 2
[2022-11-24 16:39:21,449] [INFO] [controller] EPOCH 1 loss ppo:  -0.01396, loss val: 0.35658
[2022-11-24 16:39:21,497] [INFO] [controller] EPOCH 2 loss ppo:  -0.05354, loss val: 0.32116
[2022-11-24 16:39:21,546] [INFO] [controller] EPOCH 3 loss ppo:  -0.06885, loss val: 0.28285
[2022-11-24 16:39:21,595] [INFO] [controller] EPOCH 4 loss ppo:  -0.08048, loss val: 0.25491
[2022-11-24 16:39:21,606] [INFO] [runner_train_mujoco] Finished batch.
[2022-11-24 16:39:21,710] [INFO] [runner_train_mujoco] Starting simulation batch with mujoco.
[2022-11-24 16:39:21,711] [INFO] [runner_train_mujoco] Environment 0
[2022-11-24 16:39:30,498] [INFO] [runner_train_mujoco] Environment 1
[2022-11-24 16:39:39,257] [INFO] [runner_train_mujoco] Environment 2
[2022-11-24 16:39:47,557] [INFO] [runner_train_mujoco] Environment 3
[2022-11-24 16:39:55,948] [INFO] [runner_train_mujoco] Environment 4
[2022-11-24 16:40:04,900] [INFO] [runner_train_mujoco] Environment 5
[2022-11-24 16:40:13,909] [INFO] [runner_train_mujoco] Environment 6
[2022-11-24 16:40:22,298] [INFO] [runner_train_mujoco] Environment 7
[2022-11-24 16:40:31,803] [INFO] [runner_train_mujoco] Environment 8
[2022-11-24 16:40:40,826] [INFO] [runner_train_mujoco] Environment 9
[2022-11-24 16:40:50,403] [INFO] [runner_train_mujoco] Average cumulative reward after 150 steps: 1.346306422527044
[2022-11-24 16:40:50,403] [INFO] [runner_train_mujoco] Average state value: 0.22131565662970143
[2022-11-24 16:40:50,403] [INFO] [controller] ITERATION NUM: 3
[2022-11-24 16:40:50,474] [INFO] [controller] EPOCH 1 loss ppo:  -0.01454, loss val: 0.25612
[2022-11-24 16:40:50,521] [INFO] [controller] EPOCH 2 loss ppo:  -0.04898, loss val: 0.22867
[2022-11-24 16:40:50,567] [INFO] [controller] EPOCH 3 loss ppo:  -0.06781, loss val: 0.19640
[2022-11-24 16:40:50,613] [INFO] [controller] EPOCH 4 loss ppo:  -0.07934, loss val: 0.18456
[2022-11-24 16:40:50,623] [INFO] [runner_train_mujoco] Finished batch.
[2022-11-24 16:40:50,726] [INFO] [runner_train_mujoco] Starting simulation batch with mujoco.
[2022-11-24 16:40:50,726] [INFO] [runner_train_mujoco] Environment 0
[2022-11-24 16:40:59,120] [INFO] [runner_train_mujoco] Environment 1
[2022-11-24 16:41:07,515] [INFO] [runner_train_mujoco] Environment 2
[2022-11-24 16:41:15,957] [INFO] [runner_train_mujoco] Environment 3
[2022-11-24 16:41:24,223] [INFO] [runner_train_mujoco] Environment 4
[2022-11-24 16:41:32,771] [INFO] [runner_train_mujoco] Environment 5
[2022-11-24 16:41:41,172] [INFO] [runner_train_mujoco] Environment 6
[2022-11-24 16:41:49,957] [INFO] [runner_train_mujoco] Environment 7
[2022-11-24 16:41:57,755] [INFO] [runner_train_mujoco] Environment 8
[2022-11-24 16:42:05,905] [INFO] [runner_train_mujoco] Environment 9
[2022-11-24 16:42:14,076] [INFO] [runner_train_mujoco] Average cumulative reward after 150 steps: 1.4315412331920592
[2022-11-24 16:42:14,076] [INFO] [runner_train_mujoco] Average state value: 0.36153568249319995
[2022-11-24 16:42:14,076] [INFO] [controller] ITERATION NUM: 4
[2022-11-24 16:42:14,175] [INFO] [controller] EPOCH 1 loss ppo:  -0.01524, loss val: 0.13041
[2022-11-24 16:42:14,220] [INFO] [controller] EPOCH 2 loss ppo:  -0.05716, loss val: 0.12023
[2022-11-24 16:42:14,266] [INFO] [controller] EPOCH 3 loss ppo:  -0.07409, loss val: 0.09960
[2022-11-24 16:42:14,310] [INFO] [controller] EPOCH 4 loss ppo:  -0.08776, loss val: 0.09039
[2022-11-24 16:42:14,319] [INFO] [runner_train_mujoco] Finished batch.
[2022-11-24 16:42:14,417] [INFO] [runner_train_mujoco] Starting simulation batch with mujoco.
[2022-11-24 16:42:14,417] [INFO] [runner_train_mujoco] Environment 0
[2022-11-24 16:42:22,314] [INFO] [runner_train_mujoco] Environment 1
[2022-11-24 16:42:29,979] [INFO] [runner_train_mujoco] Environment 2
[2022-11-24 16:42:37,505] [INFO] [runner_train_mujoco] Environment 3
[2022-11-24 16:42:45,122] [INFO] [runner_train_mujoco] Environment 4
[2022-11-24 16:42:52,805] [INFO] [runner_train_mujoco] Environment 5
[2022-11-24 16:43:00,987] [INFO] [runner_train_mujoco] Environment 6
[2022-11-24 16:43:08,628] [INFO] [runner_train_mujoco] Environment 7
[2022-11-24 16:43:16,322] [INFO] [runner_train_mujoco] Environment 8
[2022-11-24 16:43:23,991] [INFO] [runner_train_mujoco] Environment 9
[2022-11-24 16:43:32,035] [INFO] [runner_train_mujoco] Average cumulative reward after 150 steps: 1.48030701048573
[2022-11-24 16:43:32,035] [INFO] [runner_train_mujoco] Average state value: 0.4332723118091623
[2022-11-24 16:43:32,035] [INFO] [controller] ITERATION NUM: 5
[2022-11-24 16:43:32,095] [INFO] [controller] EPOCH 1 loss ppo:  -0.01520, loss val: 0.13887
[2022-11-24 16:43:32,131] [INFO] [controller] EPOCH 2 loss ppo:  -0.05655, loss val: 0.13756
[2022-11-24 16:43:32,173] [INFO] [controller] EPOCH 3 loss ppo:  -0.07375, loss val: 0.13432
[2022-11-24 16:43:32,207] [INFO] [controller] EPOCH 4 loss ppo:  -0.08333, loss val: 0.12989
[2022-11-24 16:43:32,216] [INFO] [runner_train_mujoco] Finished batch.
[2022-11-24 16:43:32,319] [INFO] [runner_train_mujoco] Starting simulation batch with mujoco.
[2022-11-24 16:43:32,320] [INFO] [runner_train_mujoco] Environment 0
[2022-11-24 16:43:39,981] [INFO] [runner_train_mujoco] Environment 1
[2022-11-24 16:43:47,845] [INFO] [runner_train_mujoco] Environment 2
[2022-11-24 16:43:55,361] [INFO] [runner_train_mujoco] Environment 3
[2022-11-24 16:44:02,897] [INFO] [runner_train_mujoco] Environment 4
[2022-11-24 16:44:10,468] [INFO] [runner_train_mujoco] Environment 5
[2022-11-24 16:44:18,215] [INFO] [runner_train_mujoco] Environment 6
[2022-11-24 16:44:25,326] [INFO] [runner_train_mujoco] Environment 7
[2022-11-24 16:44:33,589] [INFO] [runner_train_mujoco] Environment 8
[2022-11-24 16:44:42,094] [INFO] [runner_train_mujoco] Environment 9
[2022-11-24 16:44:50,602] [INFO] [runner_train_mujoco] Average cumulative reward after 150 steps: 1.7296700282705444
[2022-11-24 16:44:50,603] [INFO] [runner_train_mujoco] Average state value: 0.5234911252434055
[2022-11-24 16:44:50,603] [INFO] [controller] ITERATION NUM: 6
[2022-11-24 16:44:50,656] [INFO] [controller] EPOCH 1 loss ppo:  -0.01315, loss val: 0.09433
[2022-11-24 16:44:50,700] [INFO] [controller] EPOCH 2 loss ppo:  -0.05014, loss val: 0.09476
[2022-11-24 16:44:50,744] [INFO] [controller] EPOCH 3 loss ppo:  -0.06951, loss val: 0.08700
[2022-11-24 16:44:50,789] [INFO] [controller] EPOCH 4 loss ppo:  -0.08320, loss val: 0.08439
[2022-11-24 16:44:50,801] [INFO] [runner_train_mujoco] Finished batch.
[2022-11-24 16:44:50,902] [INFO] [runner_train_mujoco] Starting simulation batch with mujoco.
[2022-11-24 16:44:50,902] [INFO] [runner_train_mujoco] Environment 0
[2022-11-24 16:44:59,834] [INFO] [runner_train_mujoco] Environment 1
[2022-11-24 16:45:09,906] [INFO] [runner_train_mujoco] Environment 2
[2022-11-24 16:45:18,359] [INFO] [runner_train_mujoco] Environment 3
[2022-11-24 16:45:30,062] [INFO] [runner_train_mujoco] Environment 4
[2022-11-24 18:31:41,458] [INFO] [runner_train_mujoco] Environment 5
[2022-11-24 18:31:59,391] [INFO] [runner_train_mujoco] Environment 6
[2022-11-24 18:32:11,471] [INFO] [runner_train_mujoco] Environment 7
[2022-11-24 18:32:24,488] [INFO] [runner_train_mujoco] Environment 8
[2022-11-24 18:32:38,517] [INFO] [runner_train_mujoco] Environment 9
[2022-11-24 18:32:52,484] [INFO] [runner_train_mujoco] Average cumulative reward after 150 steps: 1.4181075985863592
[2022-11-24 18:32:52,484] [INFO] [runner_train_mujoco] Average state value: 0.530729315529267
[2022-11-24 18:32:52,484] [INFO] [controller] ITERATION NUM: 7
[2022-11-24 18:32:52,580] [INFO] [controller] EPOCH 1 loss ppo:  -0.01470, loss val: 0.06118
[2022-11-24 18:32:52,718] [INFO] [controller] EPOCH 2 loss ppo:  -0.05025, loss val: 0.06009
[2022-11-24 18:32:52,863] [INFO] [controller] EPOCH 3 loss ppo:  -0.06845, loss val: 0.05859
[2022-11-24 18:32:52,934] [INFO] [controller] EPOCH 4 loss ppo:  -0.07948, loss val: 0.05627
[2022-11-24 18:32:52,947] [INFO] [runner_train_mujoco] Finished batch.
[2022-11-24 18:32:53,098] [INFO] [runner_train_mujoco] Starting simulation batch with mujoco.
[2022-11-24 18:32:53,099] [INFO] [runner_train_mujoco] Environment 0
[2022-11-24 18:33:06,198] [INFO] [runner_train_mujoco] Environment 1
[2022-11-24 18:33:17,804] [INFO] [runner_train_mujoco] Environment 2
[2022-11-24 18:33:29,641] [INFO] [runner_train_mujoco] Environment 3
[2022-11-24 18:33:43,675] [INFO] [runner_train_mujoco] Environment 4
[2022-11-24 18:33:56,578] [INFO] [runner_train_mujoco] Environment 5
[2022-11-24 18:34:08,372] [INFO] [runner_train_mujoco] Environment 6
[2022-11-24 22:27:39,749] [INFO] [runner_train_mujoco] Environment 7
[2022-11-24 22:27:53,726] [INFO] [runner_train_mujoco] Environment 8
[2022-11-24 22:28:06,907] [INFO] [runner_train_mujoco] Environment 9
[2022-11-24 22:28:20,531] [INFO] [runner_train_mujoco] Average cumulative reward after 150 steps: 1.5428197162329347
[2022-11-24 22:28:20,531] [INFO] [runner_train_mujoco] Average state value: 0.5101982474724452
[2022-11-24 22:28:20,531] [INFO] [controller] ITERATION NUM: 8
[2022-11-24 22:28:20,628] [INFO] [controller] EPOCH 1 loss ppo:  -0.01645, loss val: 0.07599
[2022-11-24 22:28:20,699] [INFO] [controller] EPOCH 2 loss ppo:  -0.05132, loss val: 0.07438
[2022-11-24 22:28:20,782] [INFO] [controller] EPOCH 3 loss ppo:  -0.07153, loss val: 0.07267
[2022-11-24 22:28:20,873] [INFO] [controller] EPOCH 4 loss ppo:  -0.08398, loss val: 0.06869
[2022-11-24 22:28:20,888] [INFO] [runner_train_mujoco] Finished batch.
[2022-11-24 22:28:21,025] [INFO] [runner_train_mujoco] Starting simulation batch with mujoco.
[2022-11-24 22:28:21,025] [INFO] [runner_train_mujoco] Environment 0
[2022-11-24 22:28:34,582] [INFO] [runner_train_mujoco] Environment 1
[2022-11-24 22:28:44,892] [INFO] [runner_train_mujoco] Environment 2
[2022-11-24 22:28:54,388] [INFO] [runner_train_mujoco] Environment 3
[2022-11-24 22:29:03,924] [INFO] [runner_train_mujoco] Environment 4
[2022-11-24 22:29:15,212] [INFO] [runner_train_mujoco] Environment 5
[2022-11-24 22:29:29,532] [INFO] [runner_train_mujoco] Environment 6
[2022-11-24 22:29:48,081] [INFO] [runner_train_mujoco] Environment 7
[2022-11-24 22:30:05,122] [INFO] [runner_train_mujoco] Environment 8
[2022-11-24 22:30:22,597] [INFO] [runner_train_mujoco] Environment 9
[2022-11-24 22:30:34,956] [INFO] [runner_train_mujoco] Average cumulative reward after 150 steps: 1.4586752659722013
[2022-11-24 22:30:34,957] [INFO] [runner_train_mujoco] Average state value: 0.5593643446813028
[2022-11-24 22:30:34,957] [INFO] [controller] ITERATION NUM: 9
[2022-11-24 22:30:35,094] [INFO] [controller] EPOCH 1 loss ppo:  -0.01237, loss val: 0.05411
[2022-11-24 22:30:35,188] [INFO] [controller] EPOCH 2 loss ppo:  -0.04259, loss val: 0.05118
[2022-11-24 22:30:35,353] [INFO] [controller] EPOCH 3 loss ppo:  -0.06069, loss val: 0.04709
[2022-11-24 22:30:35,761] [INFO] [controller] EPOCH 4 loss ppo:  -0.07289, loss val: 0.04613
[2022-11-24 22:30:35,778] [INFO] [runner_train_mujoco] Finished batch.
[2022-11-24 22:30:35,953] [INFO] [runner_train_mujoco] Starting simulation batch with mujoco.
[2022-11-24 22:30:35,955] [INFO] [runner_train_mujoco] Environment 0
[2022-11-24 22:30:47,846] [INFO] [runner_train_mujoco] Environment 1
[2022-11-24 22:31:00,727] [INFO] [runner_train_mujoco] Environment 2
[2022-11-24 22:31:13,639] [INFO] [runner_train_mujoco] Environment 3
[2022-11-24 22:31:24,537] [INFO] [runner_train_mujoco] Environment 4
[2022-11-24 22:31:36,903] [INFO] [runner_train_mujoco] Environment 5
[2022-11-24 22:31:47,097] [INFO] [runner_train_mujoco] Environment 6
[2022-11-24 22:31:56,783] [INFO] [runner_train_mujoco] Environment 7
[2022-11-24 22:32:07,480] [INFO] [runner_train_mujoco] Environment 8
[2022-11-24 22:32:17,834] [INFO] [runner_train_mujoco] Environment 9
[2022-11-24 22:32:27,614] [INFO] [runner_train_mujoco] Average cumulative reward after 150 steps: 1.4638316252498926
[2022-11-24 22:32:27,614] [INFO] [runner_train_mujoco] Average state value: 0.5773527011771997
[2022-11-24 22:32:27,614] [INFO] [controller] ITERATION NUM: 10
[2022-11-24 22:32:27,683] [INFO] [controller] EPOCH 1 loss ppo:  -0.01422, loss val: 0.09591
[2022-11-24 22:32:27,739] [INFO] [controller] EPOCH 2 loss ppo:  -0.04691, loss val: 0.09581
[2022-11-24 22:32:27,791] [INFO] [controller] EPOCH 3 loss ppo:  -0.06563, loss val: 0.09334
[2022-11-24 22:32:27,844] [INFO] [controller] EPOCH 4 loss ppo:  -0.07804, loss val: 0.09162
[2022-11-24 22:32:27,855] [INFO] [runner_train_mujoco] Finished batch.
[2022-11-24 22:32:27,962] [INFO] [runner_train_mujoco] Starting simulation batch with mujoco.
[2022-11-24 22:32:27,962] [INFO] [runner_train_mujoco] Environment 0
[2022-11-24 22:32:41,061] [INFO] [runner_train_mujoco] Environment 1
[2022-11-24 22:32:52,196] [INFO] [runner_train_mujoco] Environment 2
[2022-11-24 22:33:00,832] [INFO] [runner_train_mujoco] Environment 3
[2022-11-24 22:33:09,319] [INFO] [runner_train_mujoco] Environment 4
[2022-11-24 22:33:17,869] [INFO] [runner_train_mujoco] Environment 5
[2022-11-24 22:33:26,599] [INFO] [runner_train_mujoco] Environment 6
[2022-11-24 22:33:35,296] [INFO] [runner_train_mujoco] Environment 7
[2022-11-24 22:33:44,111] [INFO] [runner_train_mujoco] Environment 8
[2022-11-24 22:33:53,189] [INFO] [runner_train_mujoco] Environment 9
[2022-11-24 22:34:02,485] [INFO] [runner_train_mujoco] Average cumulative reward after 150 steps: 1.5924764315884652
[2022-11-24 22:34:02,485] [INFO] [runner_train_mujoco] Average state value: 0.6078990008234978
[2022-11-24 22:34:02,485] [INFO] [controller] ITERATION NUM: 11
[2022-11-24 22:34:02,544] [INFO] [controller] EPOCH 1 loss ppo:  -0.01327, loss val: 0.08397
[2022-11-24 22:34:02,590] [INFO] [controller] EPOCH 2 loss ppo:  -0.04710, loss val: 0.08038
[2022-11-24 22:34:02,638] [INFO] [controller] EPOCH 3 loss ppo:  -0.06527, loss val: 0.07780
[2022-11-24 22:34:02,686] [INFO] [controller] EPOCH 4 loss ppo:  -0.08018, loss val: 0.07402
[2022-11-24 22:34:02,696] [INFO] [runner_train_mujoco] Finished batch.
[2022-11-24 22:34:02,800] [INFO] [runner_train_mujoco] Starting simulation batch with mujoco.
[2022-11-24 22:34:02,801] [INFO] [runner_train_mujoco] Environment 0
[2022-11-24 22:34:11,989] [INFO] [runner_train_mujoco] Environment 1
[2022-11-24 22:34:20,996] [INFO] [runner_train_mujoco] Environment 2
[2022-11-24 22:34:29,744] [INFO] [runner_train_mujoco] Environment 3
[2022-11-24 22:34:38,872] [INFO] [runner_train_mujoco] Environment 4
[2022-11-24 22:34:47,724] [INFO] [runner_train_mujoco] Environment 5
[2022-11-24 22:34:56,680] [INFO] [runner_train_mujoco] Environment 6
[2022-11-24 22:35:06,005] [INFO] [runner_train_mujoco] Environment 7
[2022-11-24 22:35:17,274] [INFO] [runner_train_mujoco] Environment 8
[2022-11-24 22:35:27,282] [INFO] [runner_train_mujoco] Environment 9
[2022-11-24 22:35:38,981] [INFO] [runner_train_mujoco] Average cumulative reward after 150 steps: 1.5473173932453466
[2022-11-24 22:35:38,981] [INFO] [runner_train_mujoco] Average state value: 0.5966512697463233
[2022-11-24 22:35:38,981] [INFO] [controller] ITERATION NUM: 12
[2022-11-24 22:35:39,052] [INFO] [controller] EPOCH 1 loss ppo:  -0.01307, loss val: 0.04900
[2022-11-24 22:35:39,116] [INFO] [controller] EPOCH 2 loss ppo:  -0.04753, loss val: 0.04969
[2022-11-24 22:35:39,189] [INFO] [controller] EPOCH 3 loss ppo:  -0.07176, loss val: 0.04983
[2022-11-24 22:35:39,247] [INFO] [controller] EPOCH 4 loss ppo:  -0.08819, loss val: 0.04865
[2022-11-24 22:35:39,258] [INFO] [runner_train_mujoco] Finished batch.
[2022-11-24 22:35:39,368] [INFO] [runner_train_mujoco] Starting simulation batch with mujoco.
[2022-11-24 22:35:39,369] [INFO] [runner_train_mujoco] Environment 0
[2022-11-24 22:35:49,909] [INFO] [runner_train_mujoco] Environment 1
[2022-11-24 22:36:00,903] [INFO] [runner_train_mujoco] Environment 2
[2022-11-24 22:36:11,762] [INFO] [runner_train_mujoco] Environment 3
[2022-11-24 22:36:22,040] [INFO] [runner_train_mujoco] Environment 4
[2022-11-24 22:36:31,724] [INFO] [runner_train_mujoco] Environment 5
[2022-11-24 22:36:41,792] [INFO] [runner_train_mujoco] Environment 6
[2022-11-24 22:36:51,372] [INFO] [runner_train_mujoco] Environment 7
[2022-11-24 22:37:01,479] [INFO] [runner_train_mujoco] Environment 8
[2022-11-24 22:37:10,974] [INFO] [runner_train_mujoco] Environment 9
[2022-11-24 22:37:20,194] [INFO] [runner_train_mujoco] Average cumulative reward after 150 steps: 1.6749927832285203
[2022-11-24 22:37:20,194] [INFO] [runner_train_mujoco] Average state value: 0.558105066669484
[2022-11-24 22:37:20,194] [INFO] [controller] ITERATION NUM: 13
[2022-11-24 22:37:20,252] [INFO] [controller] EPOCH 1 loss ppo:  -0.01370, loss val: 0.05130
[2022-11-24 22:37:20,298] [INFO] [controller] EPOCH 2 loss ppo:  -0.04389, loss val: 0.05056
[2022-11-24 22:37:20,344] [INFO] [controller] EPOCH 3 loss ppo:  -0.06222, loss val: 0.04975
[2022-11-24 22:37:20,394] [INFO] [controller] EPOCH 4 loss ppo:  -0.07727, loss val: 0.04887
[2022-11-24 22:37:20,404] [INFO] [runner_train_mujoco] Finished batch.
[2022-11-24 22:37:20,520] [INFO] [runner_train_mujoco] Starting simulation batch with mujoco.
[2022-11-24 22:37:20,520] [INFO] [runner_train_mujoco] Environment 0
[2022-11-24 22:37:29,996] [INFO] [runner_train_mujoco] Environment 1
[2022-11-24 22:37:40,271] [INFO] [runner_train_mujoco] Environment 2
[2022-11-24 22:37:49,946] [INFO] [runner_train_mujoco] Environment 3
[2022-11-24 22:37:59,430] [INFO] [runner_train_mujoco] Environment 4
[2022-11-24 22:38:09,583] [INFO] [runner_train_mujoco] Environment 5
[2022-11-24 22:38:19,526] [INFO] [runner_train_mujoco] Environment 6
[2022-11-24 22:38:29,126] [INFO] [runner_train_mujoco] Environment 7
[2022-11-24 22:38:38,254] [INFO] [runner_train_mujoco] Environment 8
[2022-11-24 22:38:48,103] [INFO] [runner_train_mujoco] Environment 9
[2022-11-24 22:38:57,596] [INFO] [runner_train_mujoco] Average cumulative reward after 150 steps: 1.4241514553897736
[2022-11-24 22:38:57,596] [INFO] [runner_train_mujoco] Average state value: 0.554583517918984
[2022-11-24 22:38:57,596] [INFO] [controller] ITERATION NUM: 14
[2022-11-24 22:38:57,660] [INFO] [controller] EPOCH 1 loss ppo:  -0.01269, loss val: 0.05917
[2022-11-24 22:38:57,706] [INFO] [controller] EPOCH 2 loss ppo:  -0.04810, loss val: 0.05507
[2022-11-24 22:38:57,754] [INFO] [controller] EPOCH 3 loss ppo:  -0.06906, loss val: 0.05479
[2022-11-24 22:38:57,803] [INFO] [controller] EPOCH 4 loss ppo:  -0.08047, loss val: 0.05428
[2022-11-24 22:38:57,812] [INFO] [runner_train_mujoco] Finished batch.
[2022-11-24 22:38:57,933] [INFO] [runner_train_mujoco] Starting simulation batch with mujoco.
[2022-11-24 22:38:57,934] [INFO] [runner_train_mujoco] Environment 0
[2022-11-24 22:39:07,514] [INFO] [runner_train_mujoco] Environment 1
[2022-11-24 22:39:16,461] [INFO] [runner_train_mujoco] Environment 2
[2022-11-24 22:39:25,978] [INFO] [runner_train_mujoco] Environment 3
[2022-11-24 22:39:39,324] [INFO] [runner_train_mujoco] Environment 4
[2022-11-24 22:39:51,538] [INFO] [runner_train_mujoco] Environment 5
[2022-11-24 22:40:03,663] [INFO] [runner_train_mujoco] Environment 6
[2022-11-24 22:40:16,183] [INFO] [runner_train_mujoco] Environment 7
[2022-11-24 22:40:28,209] [INFO] [runner_train_mujoco] Environment 8
[2022-11-24 22:40:40,846] [INFO] [runner_train_mujoco] Environment 9
[2022-11-24 22:40:53,389] [INFO] [runner_train_mujoco] Average cumulative reward after 150 steps: 1.7562608146780003
[2022-11-24 22:40:53,389] [INFO] [runner_train_mujoco] Average state value: 0.5658105979760487
[2022-11-24 22:40:53,389] [INFO] [controller] ITERATION NUM: 15
[2022-11-24 22:40:53,532] [INFO] [controller] EPOCH 1 loss ppo:  -0.01553, loss val: 0.04936
[2022-11-24 22:40:53,615] [INFO] [controller] EPOCH 2 loss ppo:  -0.04658, loss val: 0.04882
[2022-11-24 22:40:53,684] [INFO] [controller] EPOCH 3 loss ppo:  -0.06637, loss val: 0.04822
[2022-11-24 22:40:53,750] [INFO] [controller] EPOCH 4 loss ppo:  -0.07784, loss val: 0.04863
[2022-11-24 22:40:53,763] [INFO] [runner_train_mujoco] Finished batch.
[2022-11-24 22:40:53,897] [INFO] [runner_train_mujoco] Starting simulation batch with mujoco.
[2022-11-24 22:40:53,898] [INFO] [runner_train_mujoco] Environment 0
[2022-11-24 22:41:06,608] [INFO] [runner_train_mujoco] Environment 1
[2022-11-24 22:41:18,776] [INFO] [runner_train_mujoco] Environment 2
[2022-11-24 22:41:30,826] [INFO] [runner_train_mujoco] Environment 3
[2022-11-24 22:41:43,464] [INFO] [runner_train_mujoco] Environment 4
[2022-11-24 22:41:56,122] [INFO] [runner_train_mujoco] Environment 5
[2022-11-24 22:42:08,669] [INFO] [runner_train_mujoco] Environment 6
[2022-11-24 22:42:20,768] [INFO] [runner_train_mujoco] Environment 7
[2022-11-24 22:42:33,396] [INFO] [runner_train_mujoco] Environment 8
[2022-11-24 22:42:45,656] [INFO] [runner_train_mujoco] Environment 9
[2022-11-24 22:42:57,721] [INFO] [runner_train_mujoco] Average cumulative reward after 150 steps: 1.5440945871359884
[2022-11-24 22:42:57,721] [INFO] [runner_train_mujoco] Average state value: 0.5247756319368879
[2022-11-24 22:42:57,721] [INFO] [controller] ITERATION NUM: 16
[2022-11-24 22:42:57,803] [INFO] [controller] EPOCH 1 loss ppo:  -0.01491, loss val: 0.06312
[2022-11-24 22:42:57,892] [INFO] [controller] EPOCH 2 loss ppo:  -0.04723, loss val: 0.06271
[2022-11-24 22:42:57,954] [INFO] [controller] EPOCH 3 loss ppo:  -0.06470, loss val: 0.06206
[2022-11-24 22:42:58,016] [INFO] [controller] EPOCH 4 loss ppo:  -0.08008, loss val: 0.06344
[2022-11-24 22:42:58,029] [INFO] [runner_train_mujoco] Finished batch.
[2022-11-24 22:42:58,162] [INFO] [runner_train_mujoco] Starting simulation batch with mujoco.
[2022-11-24 22:42:58,163] [INFO] [runner_train_mujoco] Environment 0
[2022-11-24 22:43:10,842] [INFO] [runner_train_mujoco] Environment 1
[2022-11-24 22:43:23,426] [INFO] [runner_train_mujoco] Environment 2
[2022-11-24 22:43:35,801] [INFO] [runner_train_mujoco] Environment 3
[2022-11-24 22:43:47,915] [INFO] [runner_train_mujoco] Environment 4
[2022-11-24 22:44:00,361] [INFO] [runner_train_mujoco] Environment 5
[2022-11-24 22:44:14,054] [INFO] [runner_train_mujoco] Environment 6
[2022-11-24 22:44:28,725] [INFO] [runner_train_mujoco] Environment 7
[2022-11-24 22:44:41,849] [INFO] [runner_train_mujoco] Environment 8
[2022-11-24 22:44:59,196] [INFO] [runner_train_mujoco] Environment 9
[2022-11-24 22:45:14,208] [INFO] [runner_train_mujoco] Average cumulative reward after 150 steps: 1.62355275254403
[2022-11-24 22:45:14,208] [INFO] [runner_train_mujoco] Average state value: 0.5534467040797075
[2022-11-24 22:45:14,208] [INFO] [controller] ITERATION NUM: 17
[2022-11-24 22:45:14,365] [INFO] [controller] EPOCH 1 loss ppo:  -0.01482, loss val: 0.03911
[2022-11-24 22:45:14,455] [INFO] [controller] EPOCH 2 loss ppo:  -0.04926, loss val: 0.04073
[2022-11-24 22:45:14,552] [INFO] [controller] EPOCH 3 loss ppo:  -0.06711, loss val: 0.04004
[2022-11-24 22:45:14,640] [INFO] [controller] EPOCH 4 loss ppo:  -0.07990, loss val: 0.03664
[2022-11-24 22:45:14,655] [INFO] [runner_train_mujoco] Finished batch.
[2022-11-24 22:45:14,829] [INFO] [runner_train_mujoco] Starting simulation batch with mujoco.
[2022-11-24 22:45:14,830] [INFO] [runner_train_mujoco] Environment 0
[2022-11-24 22:45:30,097] [INFO] [runner_train_mujoco] Environment 1
[2022-11-24 22:45:44,910] [INFO] [runner_train_mujoco] Environment 2
[2022-11-24 22:45:58,925] [INFO] [runner_train_mujoco] Environment 3
[2022-11-24 22:46:11,692] [INFO] [runner_train_mujoco] Environment 4
[2022-11-24 22:46:24,793] [INFO] [runner_train_mujoco] Environment 5
[2022-11-24 22:46:37,776] [INFO] [runner_train_mujoco] Environment 6
[2022-11-24 22:46:51,035] [INFO] [runner_train_mujoco] Environment 7
[2022-11-24 22:47:05,185] [INFO] [runner_train_mujoco] Environment 8
[2022-11-24 22:47:16,992] [INFO] [runner_train_mujoco] Environment 9
[2022-11-24 22:47:27,909] [INFO] [runner_train_mujoco] Average cumulative reward after 150 steps: 1.6939246441351696
[2022-11-24 22:47:27,909] [INFO] [runner_train_mujoco] Average state value: 0.47181010330220063
[2022-11-24 22:47:27,909] [INFO] [controller] ITERATION NUM: 18
[2022-11-24 22:47:27,978] [INFO] [controller] EPOCH 1 loss ppo:  -0.01291, loss val: 0.06959
[2022-11-24 22:47:28,033] [INFO] [controller] EPOCH 2 loss ppo:  -0.04442, loss val: 0.06956
[2022-11-24 22:47:28,088] [INFO] [controller] EPOCH 3 loss ppo:  -0.05963, loss val: 0.06869
[2022-11-24 22:47:28,149] [INFO] [controller] EPOCH 4 loss ppo:  -0.07462, loss val: 0.06707
[2022-11-24 22:47:28,162] [INFO] [runner_train_mujoco] Finished batch.
[2022-11-24 22:47:28,292] [INFO] [runner_train_mujoco] Starting simulation batch with mujoco.
[2022-11-24 22:47:28,293] [INFO] [runner_train_mujoco] Environment 0
[2022-11-24 22:47:39,541] [INFO] [runner_train_mujoco] Environment 1
[2022-11-24 22:47:50,693] [INFO] [runner_train_mujoco] Environment 2
[2022-11-24 22:48:02,196] [INFO] [runner_train_mujoco] Environment 3
[2022-11-24 22:48:13,525] [INFO] [runner_train_mujoco] Environment 4
[2022-11-24 22:48:26,746] [INFO] [runner_train_mujoco] Environment 5
[2022-11-24 22:48:39,092] [INFO] [runner_train_mujoco] Environment 6
[2022-11-24 22:48:51,906] [INFO] [runner_train_mujoco] Environment 7
[2022-11-24 22:49:05,326] [INFO] [runner_train_mujoco] Environment 8
[2022-11-24 22:49:18,712] [INFO] [runner_train_mujoco] Environment 9
[2022-11-24 22:49:31,510] [INFO] [runner_train_mujoco] Average cumulative reward after 150 steps: 1.6640105317985694
[2022-11-24 22:49:31,510] [INFO] [runner_train_mujoco] Average state value: 0.5339726499641935
[2022-11-24 22:49:31,510] [INFO] [controller] ITERATION NUM: 19
[2022-11-24 22:49:31,610] [INFO] [controller] EPOCH 1 loss ppo:  -0.01355, loss val: 0.05048
[2022-11-24 22:49:31,684] [INFO] [controller] EPOCH 2 loss ppo:  -0.04531, loss val: 0.04783
[2022-11-24 22:49:31,755] [INFO] [controller] EPOCH 3 loss ppo:  -0.06397, loss val: 0.04484
[2022-11-24 22:49:31,819] [INFO] [controller] EPOCH 4 loss ppo:  -0.07921, loss val: 0.04499
[2022-11-24 22:49:31,831] [INFO] [runner_train_mujoco] Finished batch.
[2022-11-24 22:49:31,992] [INFO] [runner_train_mujoco] Starting simulation batch with mujoco.
[2022-11-24 22:49:31,992] [INFO] [runner_train_mujoco] Environment 0
[2022-11-24 22:49:45,319] [INFO] [runner_train_mujoco] Environment 1
[2022-11-24 22:49:59,483] [INFO] [runner_train_mujoco] Environment 2
[2022-11-24 22:50:10,965] [INFO] [runner_train_mujoco] Environment 3
[2022-11-24 22:50:22,035] [INFO] [runner_train_mujoco] Environment 4
[2022-11-24 22:50:32,933] [INFO] [runner_train_mujoco] Environment 5
[2022-11-24 22:50:45,414] [INFO] [runner_train_mujoco] Environment 6
[2022-11-24 22:50:59,870] [INFO] [runner_train_mujoco] Environment 7
[2022-11-24 22:51:13,488] [INFO] [runner_train_mujoco] Environment 8
[2022-11-24 22:51:26,931] [INFO] [runner_train_mujoco] Environment 9
[2022-11-24 22:51:40,990] [INFO] [runner_train_mujoco] Average cumulative reward after 150 steps: 1.743804742000426
[2022-11-24 22:51:40,991] [INFO] [runner_train_mujoco] Average state value: 0.5921922066609066
[2022-11-24 22:51:40,991] [INFO] [controller] ITERATION NUM: 20
[2022-11-24 22:51:41,103] [INFO] [controller] EPOCH 1 loss ppo:  -0.01411, loss val: 0.04338
[2022-11-24 22:51:41,191] [INFO] [controller] EPOCH 2 loss ppo:  -0.04465, loss val: 0.04382
[2022-11-24 22:51:41,272] [INFO] [controller] EPOCH 3 loss ppo:  -0.06488, loss val: 0.04457
[2022-11-24 22:51:41,358] [INFO] [controller] EPOCH 4 loss ppo:  -0.07977, loss val: 0.04251
[2022-11-24 22:51:41,377] [INFO] [runner_train_mujoco] Finished batch.
[2022-11-24 22:51:41,546] [INFO] [runner_train_mujoco] Starting simulation batch with mujoco.
[2022-11-24 22:51:41,547] [INFO] [runner_train_mujoco] Environment 0
[2022-11-24 22:51:56,130] [INFO] [runner_train_mujoco] Environment 1
[2022-11-24 22:52:09,256] [INFO] [runner_train_mujoco] Environment 2
[2022-11-24 22:52:22,728] [INFO] [runner_train_mujoco] Environment 3
[2022-11-24 22:52:36,426] [INFO] [runner_train_mujoco] Environment 4
[2022-11-24 22:52:49,954] [INFO] [runner_train_mujoco] Environment 5
[2022-11-24 22:53:03,611] [INFO] [runner_train_mujoco] Environment 6
[2022-11-24 22:53:18,334] [INFO] [runner_train_mujoco] Environment 7
[2022-11-24 22:53:34,775] [INFO] [runner_train_mujoco] Environment 8
[2022-11-24 22:53:49,536] [INFO] [runner_train_mujoco] Environment 9
[2022-11-24 22:54:03,616] [INFO] [runner_train_mujoco] Average cumulative reward after 150 steps: 1.6632489220868578
[2022-11-24 22:54:03,616] [INFO] [runner_train_mujoco] Average state value: 0.5831223312417666
[2022-11-24 22:54:03,616] [INFO] [controller] ITERATION NUM: 21
[2022-11-24 22:54:03,742] [INFO] [controller] EPOCH 1 loss ppo:  -0.01417, loss val: 0.03945
[2022-11-24 22:54:03,817] [INFO] [controller] EPOCH 2 loss ppo:  -0.04660, loss val: 0.03905
[2022-11-24 22:54:03,922] [INFO] [controller] EPOCH 3 loss ppo:  -0.06499, loss val: 0.04002
[2022-11-24 22:54:04,002] [INFO] [controller] EPOCH 4 loss ppo:  -0.07855, loss val: 0.04027
[2022-11-24 22:54:04,014] [INFO] [runner_train_mujoco] Finished batch.
[2022-11-24 22:54:04,172] [INFO] [runner_train_mujoco] Starting simulation batch with mujoco.
[2022-11-24 22:54:04,173] [INFO] [runner_train_mujoco] Environment 0
[2022-11-24 22:54:16,480] [INFO] [runner_train_mujoco] Environment 1
[2022-11-24 22:54:29,261] [INFO] [runner_train_mujoco] Environment 2
[2022-11-24 22:54:41,362] [INFO] [runner_train_mujoco] Environment 3
[2022-11-24 22:54:53,396] [INFO] [runner_train_mujoco] Environment 4
[2022-11-24 22:55:07,493] [INFO] [runner_train_mujoco] Environment 5
[2022-11-24 22:55:19,467] [INFO] [runner_train_mujoco] Environment 6
[2022-11-24 22:55:32,073] [INFO] [runner_train_mujoco] Environment 7
[2022-11-24 22:55:47,185] [INFO] [runner_train_mujoco] Environment 8
[2022-11-24 22:56:02,423] [INFO] [runner_train_mujoco] Environment 9
[2022-11-24 22:56:15,197] [INFO] [runner_train_mujoco] Average cumulative reward after 150 steps: 1.610423725537914
[2022-11-24 22:56:15,197] [INFO] [runner_train_mujoco] Average state value: 0.534424191604058
[2022-11-24 22:56:15,198] [INFO] [controller] ITERATION NUM: 22
[2022-11-24 22:56:15,276] [INFO] [controller] EPOCH 1 loss ppo:  -0.01550, loss val: 0.04290
[2022-11-24 22:56:15,339] [INFO] [controller] EPOCH 2 loss ppo:  -0.04382, loss val: 0.04302
[2022-11-24 22:56:15,402] [INFO] [controller] EPOCH 3 loss ppo:  -0.06353, loss val: 0.04243
[2022-11-24 22:56:15,471] [INFO] [controller] EPOCH 4 loss ppo:  -0.07895, loss val: 0.04181
[2022-11-24 22:56:15,486] [INFO] [runner_train_mujoco] Finished batch.
[2022-11-24 22:56:15,634] [INFO] [runner_train_mujoco] Starting simulation batch with mujoco.
[2022-11-24 22:56:15,634] [INFO] [runner_train_mujoco] Environment 0
[2022-11-24 22:56:28,493] [INFO] [runner_train_mujoco] Environment 1
[2022-11-24 22:56:39,666] [INFO] [runner_train_mujoco] Environment 2
[2022-11-24 22:56:51,365] [INFO] [runner_train_mujoco] Environment 3
[2022-11-24 22:57:03,645] [INFO] [runner_train_mujoco] Environment 4
[2022-11-24 22:57:14,121] [INFO] [runner_train_mujoco] Environment 5
[2022-11-24 22:57:25,331] [INFO] [runner_train_mujoco] Environment 6
[2022-11-24 22:57:36,538] [INFO] [runner_train_mujoco] Environment 7
[2022-11-24 22:57:48,703] [INFO] [runner_train_mujoco] Environment 8
[2022-11-24 22:57:59,068] [INFO] [runner_train_mujoco] Environment 9
[2022-11-24 22:58:09,807] [INFO] [runner_train_mujoco] Average cumulative reward after 150 steps: 1.7166150085943166
[2022-11-24 22:58:09,807] [INFO] [runner_train_mujoco] Average state value: 0.5404878973464171
[2022-11-24 22:58:09,807] [INFO] [controller] ITERATION NUM: 23
[2022-11-24 22:58:09,873] [INFO] [controller] EPOCH 1 loss ppo:  -0.01394, loss val: 0.04439
[2022-11-24 22:58:09,930] [INFO] [controller] EPOCH 2 loss ppo:  -0.04262, loss val: 0.04500
[2022-11-24 22:58:09,987] [INFO] [controller] EPOCH 3 loss ppo:  -0.06348, loss val: 0.04333
[2022-11-24 22:58:10,045] [INFO] [controller] EPOCH 4 loss ppo:  -0.08069, loss val: 0.04403
[2022-11-24 22:58:10,057] [INFO] [runner_train_mujoco] Finished batch.
[2022-11-24 22:58:10,183] [INFO] [runner_train_mujoco] Starting simulation batch with mujoco.
[2022-11-24 22:58:10,184] [INFO] [runner_train_mujoco] Environment 0
[2022-11-24 22:58:21,458] [INFO] [runner_train_mujoco] Environment 1
[2022-11-24 22:58:32,497] [INFO] [runner_train_mujoco] Environment 2
[2022-11-24 22:58:42,656] [INFO] [runner_train_mujoco] Environment 3
[2022-11-24 22:58:53,317] [INFO] [runner_train_mujoco] Environment 4
[2022-11-24 22:59:04,190] [INFO] [runner_train_mujoco] Environment 5
[2022-11-24 22:59:15,056] [INFO] [runner_train_mujoco] Environment 6
[2022-11-24 22:59:26,692] [INFO] [runner_train_mujoco] Environment 7
[2022-11-24 22:59:38,099] [INFO] [runner_train_mujoco] Environment 8
[2022-11-24 22:59:48,906] [INFO] [runner_train_mujoco] Environment 9
[2022-11-24 22:59:59,708] [INFO] [runner_train_mujoco] Average cumulative reward after 150 steps: 1.6646884974908733
[2022-11-24 22:59:59,708] [INFO] [runner_train_mujoco] Average state value: 0.5777004498243332
[2022-11-24 22:59:59,708] [INFO] [controller] ITERATION NUM: 24
[2022-11-24 22:59:59,774] [INFO] [controller] EPOCH 1 loss ppo:  -0.01400, loss val: 0.04896
[2022-11-24 22:59:59,823] [INFO] [controller] EPOCH 2 loss ppo:  -0.04134, loss val: 0.04934
[2022-11-24 22:59:59,878] [INFO] [controller] EPOCH 3 loss ppo:  -0.06228, loss val: 0.04858
[2022-11-24 22:59:59,933] [INFO] [controller] EPOCH 4 loss ppo:  -0.07683, loss val: 0.04671
[2022-11-24 22:59:59,950] [INFO] [runner_train_mujoco] Finished batch.
[2022-11-24 23:00:00,117] [INFO] [runner_train_mujoco] Starting simulation batch with mujoco.
[2022-11-24 23:00:00,117] [INFO] [runner_train_mujoco] Environment 0
[2022-11-24 23:00:11,183] [INFO] [runner_train_mujoco] Environment 1
[2022-11-24 23:00:22,010] [INFO] [runner_train_mujoco] Environment 2
[2022-11-24 23:00:33,117] [INFO] [runner_train_mujoco] Environment 3
[2022-11-24 23:00:43,638] [INFO] [runner_train_mujoco] Environment 4
[2022-11-24 23:00:54,874] [INFO] [runner_train_mujoco] Environment 5
[2022-11-24 23:01:05,392] [INFO] [runner_train_mujoco] Environment 6
[2022-11-24 23:01:15,850] [INFO] [runner_train_mujoco] Environment 7
[2022-11-24 23:01:27,162] [INFO] [runner_train_mujoco] Environment 8
[2022-11-24 23:01:39,078] [INFO] [runner_train_mujoco] Environment 9
[2022-11-24 23:01:52,559] [INFO] [runner_train_mujoco] Average cumulative reward after 150 steps: 1.7606414140626847
[2022-11-24 23:01:52,560] [INFO] [runner_train_mujoco] Average state value: 0.5305214106937249
[2022-11-24 23:01:52,560] [INFO] [controller] ITERATION NUM: 25
[2022-11-24 23:01:52,637] [INFO] [controller] EPOCH 1 loss ppo:  -0.01530, loss val: 0.05025
[2022-11-24 23:01:52,692] [INFO] [controller] EPOCH 2 loss ppo:  -0.04629, loss val: 0.05047
[2022-11-24 23:01:52,748] [INFO] [controller] EPOCH 3 loss ppo:  -0.06592, loss val: 0.05225
[2022-11-24 23:01:52,802] [INFO] [controller] EPOCH 4 loss ppo:  -0.07888, loss val: 0.05010
[2022-11-24 23:01:52,811] [INFO] [runner_train_mujoco] Finished batch.
[2022-11-24 23:01:52,946] [INFO] [runner_train_mujoco] Starting simulation batch with mujoco.
[2022-11-24 23:01:52,946] [INFO] [runner_train_mujoco] Environment 0
[2022-11-24 23:02:03,861] [INFO] [runner_train_mujoco] Environment 1
[2022-11-24 23:02:14,617] [INFO] [runner_train_mujoco] Environment 2
[2022-11-24 23:02:24,908] [INFO] [runner_train_mujoco] Environment 3
[2022-11-24 23:02:35,288] [INFO] [runner_train_mujoco] Environment 4
[2022-11-24 23:02:47,353] [INFO] [runner_train_mujoco] Environment 5
[2022-11-24 23:02:58,444] [INFO] [runner_train_mujoco] Environment 6
[2022-11-24 23:03:09,332] [INFO] [runner_train_mujoco] Environment 7
[2022-11-24 23:03:20,484] [INFO] [runner_train_mujoco] Environment 8
[2022-11-24 23:03:33,235] [INFO] [runner_train_mujoco] Environment 9
[2022-11-24 23:03:46,589] [INFO] [runner_train_mujoco] Average cumulative reward after 150 steps: 1.5463099981387851
[2022-11-24 23:03:46,589] [INFO] [runner_train_mujoco] Average state value: 0.5300057961146036
[2022-11-24 23:03:46,589] [INFO] [controller] ITERATION NUM: 26
[2022-11-24 23:03:46,712] [INFO] [controller] EPOCH 1 loss ppo:  -0.01497, loss val: 0.04416
[2022-11-24 23:03:46,773] [INFO] [controller] EPOCH 2 loss ppo:  -0.04390, loss val: 0.04420
[2022-11-24 23:03:46,829] [INFO] [controller] EPOCH 3 loss ppo:  -0.06413, loss val: 0.04400
[2022-11-24 23:03:46,902] [INFO] [controller] EPOCH 4 loss ppo:  -0.07836, loss val: 0.04305
[2022-11-24 23:03:46,914] [INFO] [runner_train_mujoco] Finished batch.
[2022-11-24 23:03:47,045] [INFO] [runner_train_mujoco] Starting simulation batch with mujoco.
[2022-11-24 23:03:47,045] [INFO] [runner_train_mujoco] Environment 0
[2022-11-24 23:03:59,847] [INFO] [runner_train_mujoco] Environment 1
[2022-11-24 23:04:11,574] [INFO] [runner_train_mujoco] Environment 2
[2022-11-24 23:04:23,322] [INFO] [runner_train_mujoco] Environment 3
[2022-11-24 23:04:35,819] [INFO] [runner_train_mujoco] Environment 4
[2022-11-24 23:04:46,759] [INFO] [runner_train_mujoco] Environment 5
[2022-11-24 23:04:57,644] [INFO] [runner_train_mujoco] Environment 6
[2022-11-24 23:05:09,046] [INFO] [runner_train_mujoco] Environment 7
[2022-11-24 23:05:19,335] [INFO] [runner_train_mujoco] Environment 8
[2022-11-24 23:05:29,768] [INFO] [runner_train_mujoco] Environment 9
[2022-11-24 23:05:40,539] [INFO] [runner_train_mujoco] Average cumulative reward after 150 steps: 1.5673977573907325
[2022-11-24 23:05:40,539] [INFO] [runner_train_mujoco] Average state value: 0.5507282649278641
[2022-11-24 23:05:40,540] [INFO] [controller] ITERATION NUM: 27
[2022-11-24 23:05:40,634] [INFO] [controller] EPOCH 1 loss ppo:  -0.01461, loss val: 0.04251
[2022-11-24 23:05:40,694] [INFO] [controller] EPOCH 2 loss ppo:  -0.04180, loss val: 0.04131
[2022-11-24 23:05:40,760] [INFO] [controller] EPOCH 3 loss ppo:  -0.05937, loss val: 0.04143
[2022-11-24 23:05:40,821] [INFO] [controller] EPOCH 4 loss ppo:  -0.07188, loss val: 0.04407
[2022-11-24 23:05:40,835] [INFO] [runner_train_mujoco] Finished batch.
[2022-11-24 23:05:40,978] [INFO] [runner_train_mujoco] Starting simulation batch with mujoco.
[2022-11-24 23:05:40,978] [INFO] [runner_train_mujoco] Environment 0
[2022-11-24 23:05:52,681] [INFO] [runner_train_mujoco] Environment 1
[2022-11-24 23:06:04,342] [INFO] [runner_train_mujoco] Environment 2
[2022-11-24 23:06:15,319] [INFO] [runner_train_mujoco] Environment 3
[2022-11-24 23:06:25,558] [INFO] [runner_train_mujoco] Environment 4
[2022-11-24 23:06:35,562] [INFO] [runner_train_mujoco] Environment 5
[2022-11-24 23:06:46,515] [INFO] [runner_train_mujoco] Environment 6
[2022-11-24 23:06:57,778] [INFO] [runner_train_mujoco] Environment 7
[2022-11-24 23:07:08,713] [INFO] [runner_train_mujoco] Environment 8
[2022-11-24 23:07:20,123] [INFO] [runner_train_mujoco] Environment 9
[2022-11-24 23:07:31,129] [INFO] [runner_train_mujoco] Average cumulative reward after 150 steps: 1.5792406627747462
[2022-11-24 23:07:31,129] [INFO] [runner_train_mujoco] Average state value: 0.5207834380393226
[2022-11-24 23:07:31,130] [INFO] [controller] ITERATION NUM: 28
[2022-11-24 23:07:31,202] [INFO] [controller] EPOCH 1 loss ppo:  -0.01417, loss val: 0.04439
[2022-11-24 23:07:31,257] [INFO] [controller] EPOCH 2 loss ppo:  -0.04022, loss val: 0.04677
[2022-11-24 23:07:31,316] [INFO] [controller] EPOCH 3 loss ppo:  -0.05812, loss val: 0.04758
[2022-11-24 23:07:31,371] [INFO] [controller] EPOCH 4 loss ppo:  -0.07273, loss val: 0.04397
[2022-11-24 23:07:31,383] [INFO] [runner_train_mujoco] Finished batch.
[2022-11-24 23:07:31,521] [INFO] [runner_train_mujoco] Starting simulation batch with mujoco.
[2022-11-24 23:07:31,522] [INFO] [runner_train_mujoco] Environment 0
[2022-11-24 23:07:44,562] [INFO] [runner_train_mujoco] Environment 1
[2022-11-24 23:07:55,844] [INFO] [runner_train_mujoco] Environment 2
[2022-11-24 23:08:06,981] [INFO] [runner_train_mujoco] Environment 3
[2022-11-24 23:08:17,672] [INFO] [runner_train_mujoco] Environment 4
[2022-11-24 23:08:28,567] [INFO] [runner_train_mujoco] Environment 5
[2022-11-24 23:08:39,301] [INFO] [runner_train_mujoco] Environment 6
[2022-11-24 23:08:50,846] [INFO] [runner_train_mujoco] Environment 7
[2022-11-24 23:09:01,812] [INFO] [runner_train_mujoco] Environment 8
[2022-11-24 23:09:12,053] [INFO] [runner_train_mujoco] Environment 9
[2022-11-24 23:09:22,733] [INFO] [runner_train_mujoco] Average cumulative reward after 150 steps: 1.588125142257428
[2022-11-24 23:09:22,733] [INFO] [runner_train_mujoco] Average state value: 0.5406472600698471
[2022-11-24 23:09:22,734] [INFO] [controller] ITERATION NUM: 29
[2022-11-24 23:09:22,804] [INFO] [controller] EPOCH 1 loss ppo:  -0.01395, loss val: 0.03530
[2022-11-24 23:09:22,861] [INFO] [controller] EPOCH 2 loss ppo:  -0.04074, loss val: 0.03487
[2022-11-24 23:09:22,919] [INFO] [controller] EPOCH 3 loss ppo:  -0.06273, loss val: 0.03633
[2022-11-24 23:09:22,979] [INFO] [controller] EPOCH 4 loss ppo:  -0.07695, loss val: 0.03550
[2022-11-24 23:09:22,991] [INFO] [runner_train_mujoco] Finished batch.
[2022-11-24 23:09:23,132] [INFO] [runner_train_mujoco] Starting simulation batch with mujoco.
[2022-11-24 23:09:23,132] [INFO] [runner_train_mujoco] Environment 0
[2022-11-24 23:09:34,368] [INFO] [runner_train_mujoco] Environment 1
[2022-11-24 23:09:45,154] [INFO] [runner_train_mujoco] Environment 2
[2022-11-24 23:09:55,902] [INFO] [runner_train_mujoco] Environment 3
[2022-11-24 23:10:06,394] [INFO] [runner_train_mujoco] Environment 4
[2022-11-24 23:10:17,457] [INFO] [runner_train_mujoco] Environment 5
[2022-11-24 23:10:28,806] [INFO] [runner_train_mujoco] Environment 6
[2022-11-24 23:10:41,924] [INFO] [runner_train_mujoco] Environment 7
[2022-11-24 23:10:53,532] [INFO] [runner_train_mujoco] Environment 8
[2022-11-24 23:11:05,296] [INFO] [runner_train_mujoco] Environment 9
[2022-11-24 23:11:16,181] [INFO] [runner_train_mujoco] Average cumulative reward after 150 steps: 1.9164546310942203
[2022-11-24 23:11:16,181] [INFO] [runner_train_mujoco] Average state value: 0.5547661353250344
[2022-11-24 23:11:16,181] [INFO] [controller] ITERATION NUM: 30
[2022-11-24 23:11:16,270] [INFO] [controller] EPOCH 1 loss ppo:  -0.01468, loss val: 0.04616
[2022-11-24 23:11:16,352] [INFO] [controller] EPOCH 2 loss ppo:  -0.04030, loss val: 0.04465
[2022-11-24 23:11:16,411] [INFO] [controller] EPOCH 3 loss ppo:  -0.05905, loss val: 0.04439
[2022-11-24 23:11:16,472] [INFO] [controller] EPOCH 4 loss ppo:  -0.07404, loss val: 0.04471
[2022-11-24 23:11:16,484] [INFO] [runner_train_mujoco] Finished batch.
[2022-11-24 23:11:16,618] [INFO] [runner_train_mujoco] Starting simulation batch with mujoco.
[2022-11-24 23:11:16,619] [INFO] [runner_train_mujoco] Environment 0
[2022-11-24 23:11:28,343] [INFO] [runner_train_mujoco] Environment 1
[2022-11-24 23:11:41,268] [INFO] [runner_train_mujoco] Environment 2
[2022-11-24 23:11:52,529] [INFO] [runner_train_mujoco] Environment 3
[2022-11-24 23:12:03,978] [INFO] [runner_train_mujoco] Environment 4
[2022-11-24 23:12:14,327] [INFO] [runner_train_mujoco] Environment 5
[2022-11-24 23:12:24,832] [INFO] [runner_train_mujoco] Environment 6
[2022-11-24 23:12:36,864] [INFO] [runner_train_mujoco] Environment 7
[2022-11-24 23:12:49,069] [INFO] [runner_train_mujoco] Environment 8
[2022-11-24 23:13:00,101] [INFO] [runner_train_mujoco] Environment 9
[2022-11-24 23:13:10,820] [INFO] [runner_train_mujoco] Average cumulative reward after 150 steps: 1.7977075400180962
[2022-11-24 23:13:10,820] [INFO] [runner_train_mujoco] Average state value: 0.5168240808943907
[2022-11-24 23:13:10,821] [INFO] [controller] ITERATION NUM: 31
[2022-11-24 23:13:10,892] [INFO] [controller] EPOCH 1 loss ppo:  -0.01622, loss val: 0.04660
[2022-11-24 23:13:10,945] [INFO] [controller] EPOCH 2 loss ppo:  -0.03937, loss val: 0.04727
[2022-11-24 23:13:11,001] [INFO] [controller] EPOCH 3 loss ppo:  -0.05520, loss val: 0.04525
[2022-11-24 23:13:11,057] [INFO] [controller] EPOCH 4 loss ppo:  -0.06873, loss val: 0.04608
[2022-11-24 23:13:11,069] [INFO] [runner_train_mujoco] Finished batch.
[2022-11-24 23:13:11,230] [INFO] [runner_train_mujoco] Starting simulation batch with mujoco.
[2022-11-24 23:13:11,231] [INFO] [runner_train_mujoco] Environment 0
[2022-11-24 23:13:21,901] [INFO] [runner_train_mujoco] Environment 1
[2022-11-24 23:13:32,916] [INFO] [runner_train_mujoco] Environment 2
[2022-11-24 23:13:43,834] [INFO] [runner_train_mujoco] Environment 3
[2022-11-24 23:13:55,211] [INFO] [runner_train_mujoco] Environment 4
[2022-11-24 23:14:06,053] [INFO] [runner_train_mujoco] Environment 5
[2022-11-24 23:14:16,848] [INFO] [runner_train_mujoco] Environment 6
[2022-11-24 23:14:30,002] [INFO] [runner_train_mujoco] Environment 7
[2022-11-24 23:14:41,784] [INFO] [runner_train_mujoco] Environment 8
[2022-11-24 23:14:52,719] [INFO] [runner_train_mujoco] Environment 9
[2022-11-24 23:15:04,505] [INFO] [runner_train_mujoco] Average cumulative reward after 150 steps: 1.8906443012464504
[2022-11-24 23:15:04,505] [INFO] [runner_train_mujoco] Average state value: 0.5495463364919027
[2022-11-24 23:15:04,505] [INFO] [controller] ITERATION NUM: 32
[2022-11-24 23:15:04,586] [INFO] [controller] EPOCH 1 loss ppo:  -0.01446, loss val: 0.04327
[2022-11-24 23:15:04,643] [INFO] [controller] EPOCH 2 loss ppo:  -0.03790, loss val: 0.04451
[2022-11-24 23:15:04,698] [INFO] [controller] EPOCH 3 loss ppo:  -0.05962, loss val: 0.04288
[2022-11-24 23:15:04,753] [INFO] [controller] EPOCH 4 loss ppo:  -0.07608, loss val: 0.04256
[2022-11-24 23:15:04,765] [INFO] [runner_train_mujoco] Finished batch.
[2022-11-24 23:15:04,899] [INFO] [runner_train_mujoco] Starting simulation batch with mujoco.
[2022-11-24 23:15:04,900] [INFO] [runner_train_mujoco] Environment 0
[2022-11-24 23:15:16,539] [INFO] [runner_train_mujoco] Environment 1
[2022-11-24 23:15:27,089] [INFO] [runner_train_mujoco] Environment 2
[2022-11-24 23:15:37,562] [INFO] [runner_train_mujoco] Environment 3
[2022-11-24 23:15:48,894] [INFO] [runner_train_mujoco] Environment 4
[2022-11-24 23:16:00,150] [INFO] [runner_train_mujoco] Environment 5
[2022-11-24 23:16:11,158] [INFO] [runner_train_mujoco] Environment 6
[2022-11-24 23:16:23,701] [INFO] [runner_train_mujoco] Environment 7
[2022-11-24 23:16:36,332] [INFO] [runner_train_mujoco] Environment 8
[2022-11-24 23:16:47,142] [INFO] [runner_train_mujoco] Environment 9
[2022-11-24 23:16:58,358] [INFO] [runner_train_mujoco] Average cumulative reward after 150 steps: 1.6303012124884073
[2022-11-24 23:16:58,359] [INFO] [runner_train_mujoco] Average state value: 0.5205853534638882
[2022-11-24 23:16:58,359] [INFO] [controller] ITERATION NUM: 33
[2022-11-24 23:16:58,427] [INFO] [controller] EPOCH 1 loss ppo:  -0.01193, loss val: 0.04440
[2022-11-24 23:16:58,483] [INFO] [controller] EPOCH 2 loss ppo:  -0.03452, loss val: 0.04360
[2022-11-24 23:16:58,558] [INFO] [controller] EPOCH 3 loss ppo:  -0.05483, loss val: 0.04401
[2022-11-24 23:16:58,614] [INFO] [controller] EPOCH 4 loss ppo:  -0.07121, loss val: 0.04380
[2022-11-24 23:16:58,623] [INFO] [runner_train_mujoco] Finished batch.
[2022-11-24 23:16:58,750] [INFO] [runner_train_mujoco] Starting simulation batch with mujoco.
[2022-11-24 23:16:58,751] [INFO] [runner_train_mujoco] Environment 0
[2022-11-24 23:17:09,536] [INFO] [runner_train_mujoco] Environment 1
[2022-11-24 23:17:22,015] [INFO] [runner_train_mujoco] Environment 2
[2022-11-24 23:17:38,470] [INFO] [runner_train_mujoco] Environment 3
[2022-11-24 23:17:50,984] [INFO] [runner_train_mujoco] Environment 4
[2022-11-24 23:18:02,084] [INFO] [runner_train_mujoco] Environment 5
[2022-11-24 23:18:14,991] [INFO] [runner_train_mujoco] Environment 6
[2022-11-24 23:18:26,495] [INFO] [runner_train_mujoco] Environment 7
[2022-11-24 23:18:37,321] [INFO] [runner_train_mujoco] Environment 8
[2022-11-24 23:18:48,162] [INFO] [runner_train_mujoco] Environment 9
[2022-11-24 23:19:01,667] [INFO] [runner_train_mujoco] Average cumulative reward after 150 steps: 1.4798932798731124
[2022-11-24 23:19:01,668] [INFO] [runner_train_mujoco] Average state value: 0.49283098292350774
[2022-11-24 23:19:01,668] [INFO] [controller] ITERATION NUM: 34
[2022-11-24 23:19:01,758] [INFO] [controller] EPOCH 1 loss ppo:  -0.01302, loss val: 0.04752
[2022-11-24 23:19:01,840] [INFO] [controller] EPOCH 2 loss ppo:  -0.03593, loss val: 0.04711
[2022-11-24 23:19:01,906] [INFO] [controller] EPOCH 3 loss ppo:  -0.05803, loss val: 0.04676
[2022-11-24 23:19:01,997] [INFO] [controller] EPOCH 4 loss ppo:  -0.07303, loss val: 0.05164
[2022-11-24 23:19:02,012] [INFO] [runner_train_mujoco] Finished batch.
[2022-11-24 23:19:02,187] [INFO] [runner_train_mujoco] Starting simulation batch with mujoco.
[2022-11-24 23:19:02,188] [INFO] [runner_train_mujoco] Environment 0
[2022-11-24 23:19:15,470] [INFO] [runner_train_mujoco] Environment 1
[2022-11-24 23:19:28,565] [INFO] [runner_train_mujoco] Environment 2
[2022-11-24 23:19:41,038] [INFO] [runner_train_mujoco] Environment 3
[2022-11-24 23:19:53,502] [INFO] [runner_train_mujoco] Environment 4
[2022-11-24 23:20:05,968] [INFO] [runner_train_mujoco] Environment 5
[2022-11-24 23:20:18,654] [INFO] [runner_train_mujoco] Environment 6
[2022-11-24 23:20:31,613] [INFO] [runner_train_mujoco] Environment 7
[2022-11-24 23:20:44,721] [INFO] [runner_train_mujoco] Environment 8
[2022-11-24 23:20:57,959] [INFO] [runner_train_mujoco] Environment 9
[2022-11-24 23:21:12,088] [INFO] [runner_train_mujoco] Average cumulative reward after 150 steps: 1.6636154571587571
[2022-11-24 23:21:12,088] [INFO] [runner_train_mujoco] Average state value: 0.5112624230484168
[2022-11-24 23:21:12,088] [INFO] [controller] ITERATION NUM: 35
[2022-11-24 23:21:12,176] [INFO] [controller] EPOCH 1 loss ppo:  -0.01551, loss val: 0.04387
[2022-11-24 23:21:12,259] [INFO] [controller] EPOCH 2 loss ppo:  -0.03929, loss val: 0.04387
[2022-11-24 23:21:12,352] [INFO] [controller] EPOCH 3 loss ppo:  -0.05509, loss val: 0.04116
[2022-11-24 23:21:12,421] [INFO] [controller] EPOCH 4 loss ppo:  -0.06836, loss val: 0.04007
[2022-11-24 23:21:12,440] [INFO] [runner_train_mujoco] Finished batch.
[2022-11-24 23:21:12,594] [INFO] [runner_train_mujoco] Starting simulation batch with mujoco.
[2022-11-24 23:21:12,594] [INFO] [runner_train_mujoco] Environment 0
[2022-11-24 23:21:26,685] [INFO] [runner_train_mujoco] Environment 1
[2022-11-24 23:21:41,148] [INFO] [runner_train_mujoco] Environment 2
[2022-11-24 23:21:56,152] [INFO] [runner_train_mujoco] Environment 3
[2022-11-24 23:22:08,861] [INFO] [runner_train_mujoco] Environment 4
[2022-11-24 23:22:20,274] [INFO] [runner_train_mujoco] Environment 5
[2022-11-24 23:22:32,077] [INFO] [runner_train_mujoco] Environment 6
[2022-11-24 23:22:44,867] [INFO] [runner_train_mujoco] Environment 7
[2022-11-24 23:22:56,138] [INFO] [runner_train_mujoco] Environment 8
[2022-11-24 23:23:06,759] [INFO] [runner_train_mujoco] Environment 9
[2022-11-24 23:23:18,198] [INFO] [runner_train_mujoco] Average cumulative reward after 150 steps: 1.9528791014467064
[2022-11-24 23:23:18,198] [INFO] [runner_train_mujoco] Average state value: 0.4808155399064223
[2022-11-24 23:23:18,199] [INFO] [controller] ITERATION NUM: 36
[2022-11-24 23:23:18,280] [INFO] [controller] EPOCH 1 loss ppo:  -0.01418, loss val: 0.03621
[2022-11-24 23:23:18,336] [INFO] [controller] EPOCH 2 loss ppo:  -0.03879, loss val: 0.03689
[2022-11-24 23:23:18,393] [INFO] [controller] EPOCH 3 loss ppo:  -0.06084, loss val: 0.04016
[2022-11-24 23:23:18,449] [INFO] [controller] EPOCH 4 loss ppo:  -0.07650, loss val: 0.03884
[2022-11-24 23:23:18,461] [INFO] [runner_train_mujoco] Finished batch.
[2022-11-24 23:23:18,591] [INFO] [runner_train_mujoco] Starting simulation batch with mujoco.
[2022-11-24 23:23:18,591] [INFO] [runner_train_mujoco] Environment 0
[2022-11-24 23:23:30,346] [INFO] [runner_train_mujoco] Environment 1
[2022-11-24 23:23:41,854] [INFO] [runner_train_mujoco] Environment 2
[2022-11-24 23:23:52,569] [INFO] [runner_train_mujoco] Environment 3
[2022-11-24 23:24:03,690] [INFO] [runner_train_mujoco] Environment 4
[2022-11-24 23:24:15,600] [INFO] [runner_train_mujoco] Environment 5
[2022-11-24 23:24:26,863] [INFO] [runner_train_mujoco] Environment 6
[2022-11-24 23:24:38,116] [INFO] [runner_train_mujoco] Environment 7
[2022-11-24 23:24:49,286] [INFO] [runner_train_mujoco] Environment 8
[2022-11-24 23:25:00,183] [INFO] [runner_train_mujoco] Environment 9
[2022-11-24 23:25:11,142] [INFO] [runner_train_mujoco] Average cumulative reward after 150 steps: 1.994300737242802
[2022-11-24 23:25:11,142] [INFO] [runner_train_mujoco] Average state value: 0.4760369968215625
[2022-11-24 23:25:11,142] [INFO] [controller] ITERATION NUM: 37
[2022-11-24 23:25:11,282] [INFO] [controller] EPOCH 1 loss ppo:  -0.01598, loss val: 0.03764
[2022-11-24 23:25:11,346] [INFO] [controller] EPOCH 2 loss ppo:  -0.03768, loss val: 0.03487
[2022-11-24 23:25:11,400] [INFO] [controller] EPOCH 3 loss ppo:  -0.05662, loss val: 0.03462
[2022-11-24 23:25:11,460] [INFO] [controller] EPOCH 4 loss ppo:  -0.06993, loss val: 0.03291
[2022-11-24 23:25:11,471] [INFO] [runner_train_mujoco] Finished batch.
[2022-11-24 23:25:11,598] [INFO] [runner_train_mujoco] Starting simulation batch with mujoco.
[2022-11-24 23:25:11,598] [INFO] [runner_train_mujoco] Environment 0
[2022-11-24 23:25:23,100] [INFO] [runner_train_mujoco] Environment 1
[2022-11-24 23:25:34,308] [INFO] [runner_train_mujoco] Environment 2
[2022-11-24 23:25:44,865] [INFO] [runner_train_mujoco] Environment 3
[2022-11-24 23:25:55,996] [INFO] [runner_train_mujoco] Environment 4
[2022-11-24 23:26:06,455] [INFO] [runner_train_mujoco] Environment 5
[2022-11-24 23:26:18,252] [INFO] [runner_train_mujoco] Environment 6
[2022-11-24 23:26:31,265] [INFO] [runner_train_mujoco] Environment 7
[2022-11-24 23:26:42,445] [INFO] [runner_train_mujoco] Environment 8
[2022-11-24 23:26:53,557] [INFO] [runner_train_mujoco] Environment 9
[2022-11-24 23:27:04,112] [INFO] [runner_train_mujoco] Average cumulative reward after 150 steps: 1.8397747004915441
[2022-11-24 23:27:04,113] [INFO] [runner_train_mujoco] Average state value: 0.44698250172535586
[2022-11-24 23:27:04,113] [INFO] [controller] ITERATION NUM: 38
[2022-11-24 23:27:04,184] [INFO] [controller] EPOCH 1 loss ppo:  -0.01416, loss val: 0.03837
[2022-11-24 23:27:04,251] [INFO] [controller] EPOCH 2 loss ppo:  -0.03673, loss val: 0.03389
[2022-11-24 23:27:04,338] [INFO] [controller] EPOCH 3 loss ppo:  -0.05744, loss val: 0.03796
[2022-11-24 23:27:04,415] [INFO] [controller] EPOCH 4 loss ppo:  -0.07415, loss val: 0.03430
[2022-11-24 23:27:04,428] [INFO] [runner_train_mujoco] Finished batch.
[2022-11-24 23:27:04,571] [INFO] [runner_train_mujoco] Starting simulation batch with mujoco.
[2022-11-24 23:27:04,571] [INFO] [runner_train_mujoco] Environment 0
[2022-11-24 23:27:15,588] [INFO] [runner_train_mujoco] Environment 1
[2022-11-24 23:27:26,954] [INFO] [runner_train_mujoco] Environment 2
[2022-11-24 23:27:38,224] [INFO] [runner_train_mujoco] Environment 3
[2022-11-24 23:27:49,022] [INFO] [runner_train_mujoco] Environment 4
[2022-11-24 23:28:00,665] [INFO] [runner_train_mujoco] Environment 5
[2022-11-24 23:28:11,874] [INFO] [runner_train_mujoco] Environment 6
[2022-11-24 23:28:23,448] [INFO] [runner_train_mujoco] Environment 7
[2022-11-24 23:28:34,893] [INFO] [runner_train_mujoco] Environment 8
[2022-11-24 23:28:46,419] [INFO] [runner_train_mujoco] Environment 9
[2022-11-24 23:28:59,214] [INFO] [runner_train_mujoco] Average cumulative reward after 150 steps: 1.8457797620686016
[2022-11-24 23:28:59,214] [INFO] [runner_train_mujoco] Average state value: 0.43353768315911295
[2022-11-24 23:28:59,214] [INFO] [controller] ITERATION NUM: 39
[2022-11-24 23:28:59,285] [INFO] [controller] EPOCH 1 loss ppo:  -0.01497, loss val: 0.03247
[2022-11-24 23:28:59,336] [INFO] [controller] EPOCH 2 loss ppo:  -0.03526, loss val: 0.03167
[2022-11-24 23:28:59,392] [INFO] [controller] EPOCH 3 loss ppo:  -0.05972, loss val: 0.03131
[2022-11-24 23:28:59,453] [INFO] [controller] EPOCH 4 loss ppo:  -0.07402, loss val: 0.02966
[2022-11-24 23:28:59,466] [INFO] [runner_train_mujoco] Finished batch.
[2022-11-24 23:28:59,600] [INFO] [runner_train_mujoco] Starting simulation batch with mujoco.
[2022-11-24 23:28:59,600] [INFO] [runner_train_mujoco] Environment 0
[2022-11-24 23:29:14,140] [INFO] [runner_train_mujoco] Environment 1
[2022-11-24 23:29:28,747] [INFO] [runner_train_mujoco] Environment 2
[2022-11-24 23:29:41,125] [INFO] [runner_train_mujoco] Environment 3
[2022-11-24 23:29:52,480] [INFO] [runner_train_mujoco] Environment 4
[2022-11-24 23:30:03,546] [INFO] [runner_train_mujoco] Environment 5
[2022-11-24 23:30:16,607] [INFO] [runner_train_mujoco] Environment 6
[2022-11-24 23:30:28,777] [INFO] [runner_train_mujoco] Environment 7
[2022-11-24 23:30:39,724] [INFO] [runner_train_mujoco] Environment 8
[2022-11-24 23:30:51,037] [INFO] [runner_train_mujoco] Environment 9
[2022-11-24 23:31:01,653] [INFO] [runner_train_mujoco] Average cumulative reward after 150 steps: 1.8724707155840306
[2022-11-24 23:31:01,654] [INFO] [runner_train_mujoco] Average state value: 0.4582207184533278
[2022-11-24 23:31:01,654] [INFO] [controller] ITERATION NUM: 40
[2022-11-24 23:31:01,732] [INFO] [controller] EPOCH 1 loss ppo:  -0.01407, loss val: 0.03330
[2022-11-24 23:31:01,800] [INFO] [controller] EPOCH 2 loss ppo:  -0.03299, loss val: 0.03120
[2022-11-24 23:31:01,857] [INFO] [controller] EPOCH 3 loss ppo:  -0.05313, loss val: 0.03138
[2022-11-24 23:31:01,912] [INFO] [controller] EPOCH 4 loss ppo:  -0.06947, loss val: 0.03233
[2022-11-24 23:31:01,924] [INFO] [runner_train_mujoco] Finished batch.
[2022-11-24 23:31:02,052] [INFO] [runner_train_mujoco] Starting simulation batch with mujoco.
[2022-11-24 23:31:02,053] [INFO] [runner_train_mujoco] Environment 0
[2022-11-24 23:31:14,165] [INFO] [runner_train_mujoco] Environment 1
[2022-11-24 23:31:27,915] [INFO] [runner_train_mujoco] Environment 2
[2022-11-24 23:31:39,131] [INFO] [runner_train_mujoco] Environment 3
[2022-11-24 23:31:52,385] [INFO] [runner_train_mujoco] Environment 4
[2022-11-24 23:32:03,152] [INFO] [runner_train_mujoco] Environment 5
[2022-11-24 23:32:14,351] [INFO] [runner_train_mujoco] Environment 6
[2022-11-24 23:32:26,782] [INFO] [runner_train_mujoco] Environment 7
[2022-11-24 23:32:39,906] [INFO] [runner_train_mujoco] Environment 8
[2022-11-24 23:32:51,180] [INFO] [runner_train_mujoco] Environment 9
[2022-11-24 23:33:02,945] [INFO] [runner_train_mujoco] Average cumulative reward after 150 steps: 1.804624612002187
[2022-11-24 23:33:02,945] [INFO] [runner_train_mujoco] Average state value: 0.4796586630940437
[2022-11-24 23:33:02,946] [INFO] [controller] ITERATION NUM: 41
[2022-11-24 23:33:03,030] [INFO] [controller] EPOCH 1 loss ppo:  -0.01243, loss val: 0.03314
[2022-11-24 23:33:03,097] [INFO] [controller] EPOCH 2 loss ppo:  -0.02886, loss val: 0.03111
[2022-11-24 23:33:03,167] [INFO] [controller] EPOCH 3 loss ppo:  -0.04726, loss val: 0.03521
[2022-11-24 23:33:03,238] [INFO] [controller] EPOCH 4 loss ppo:  -0.06009, loss val: 0.03210
[2022-11-24 23:33:03,251] [INFO] [runner_train_mujoco] Finished batch.
[2022-11-24 23:33:03,389] [INFO] [runner_train_mujoco] Starting simulation batch with mujoco.
[2022-11-24 23:33:03,390] [INFO] [runner_train_mujoco] Environment 0
[2022-11-24 23:33:14,616] [INFO] [runner_train_mujoco] Environment 1
[2022-11-24 23:33:24,945] [INFO] [runner_train_mujoco] Environment 2
[2022-11-24 23:33:35,907] [INFO] [runner_train_mujoco] Environment 3
[2022-11-24 23:33:46,610] [INFO] [runner_train_mujoco] Environment 4
[2022-11-24 23:33:57,006] [INFO] [runner_train_mujoco] Environment 5
[2022-11-24 23:34:08,393] [INFO] [runner_train_mujoco] Environment 6
[2022-11-24 23:34:19,530] [INFO] [runner_train_mujoco] Environment 7
[2022-11-24 23:34:30,474] [INFO] [runner_train_mujoco] Environment 8
[2022-11-24 23:34:41,286] [INFO] [runner_train_mujoco] Environment 9
[2022-11-24 23:34:52,172] [INFO] [runner_train_mujoco] Average cumulative reward after 150 steps: 1.730766395252792
[2022-11-24 23:34:52,172] [INFO] [runner_train_mujoco] Average state value: 0.47905438143014906
[2022-11-24 23:34:52,172] [INFO] [controller] ITERATION NUM: 42
[2022-11-24 23:34:52,269] [INFO] [controller] EPOCH 1 loss ppo:  -0.01455, loss val: 0.04031
[2022-11-24 23:34:52,363] [INFO] [controller] EPOCH 2 loss ppo:  -0.03170, loss val: 0.04261
[2022-11-24 23:34:52,447] [INFO] [controller] EPOCH 3 loss ppo:  -0.05097, loss val: 0.03935
[2022-11-24 23:34:52,540] [INFO] [controller] EPOCH 4 loss ppo:  -0.06517, loss val: 0.03810
[2022-11-24 23:34:52,554] [INFO] [runner_train_mujoco] Finished batch.
[2022-11-24 23:34:52,714] [INFO] [runner_train_mujoco] Starting simulation batch with mujoco.
[2022-11-24 23:34:52,715] [INFO] [runner_train_mujoco] Environment 0
[2022-11-24 23:35:06,588] [INFO] [runner_train_mujoco] Environment 1
[2022-11-24 23:35:21,118] [INFO] [runner_train_mujoco] Environment 2
[2022-11-24 23:35:33,921] [INFO] [runner_train_mujoco] Environment 3
[2022-11-24 23:35:45,732] [INFO] [runner_train_mujoco] Environment 4
[2022-11-24 23:35:57,844] [INFO] [runner_train_mujoco] Environment 5
[2022-11-24 23:36:09,998] [INFO] [runner_train_mujoco] Environment 6
[2022-11-24 23:36:24,961] [INFO] [runner_train_mujoco] Environment 7
[2022-11-24 23:36:39,756] [INFO] [runner_train_mujoco] Environment 8
[2022-11-24 23:36:52,439] [INFO] [runner_train_mujoco] Environment 9
[2022-11-24 23:37:04,635] [INFO] [runner_train_mujoco] Average cumulative reward after 150 steps: 1.8663811354612485
[2022-11-24 23:37:04,636] [INFO] [runner_train_mujoco] Average state value: 0.4888715280791124
[2022-11-24 23:37:04,636] [INFO] [controller] ITERATION NUM: 43
[2022-11-24 23:37:04,757] [INFO] [controller] EPOCH 1 loss ppo:  -0.01468, loss val: 0.04590
[2022-11-24 23:37:04,849] [INFO] [controller] EPOCH 2 loss ppo:  -0.03258, loss val: 0.04579
[2022-11-24 23:37:04,928] [INFO] [controller] EPOCH 3 loss ppo:  -0.05219, loss val: 0.04002
[2022-11-24 23:37:05,020] [INFO] [controller] EPOCH 4 loss ppo:  -0.06775, loss val: 0.04454
[2022-11-24 23:37:05,035] [INFO] [runner_train_mujoco] Finished batch.
[2022-11-24 23:37:05,216] [INFO] [runner_train_mujoco] Starting simulation batch with mujoco.
[2022-11-24 23:37:05,217] [INFO] [runner_train_mujoco] Environment 0
[2022-11-24 23:37:17,895] [INFO] [runner_train_mujoco] Environment 1
[2022-11-24 23:37:30,295] [INFO] [runner_train_mujoco] Environment 2
[2022-11-24 23:37:42,463] [INFO] [runner_train_mujoco] Environment 3
[2022-11-24 23:37:54,759] [INFO] [runner_train_mujoco] Environment 4
[2022-11-24 23:38:10,095] [INFO] [runner_train_mujoco] Environment 5
[2022-11-24 23:38:22,422] [INFO] [runner_train_mujoco] Environment 6
[2022-11-24 23:38:34,604] [INFO] [runner_train_mujoco] Environment 7
[2022-11-24 23:38:45,558] [INFO] [runner_train_mujoco] Environment 8
[2022-11-24 23:38:57,410] [INFO] [runner_train_mujoco] Environment 9
[2022-11-24 23:39:08,727] [INFO] [runner_train_mujoco] Average cumulative reward after 150 steps: 1.993750962580992
[2022-11-24 23:39:08,727] [INFO] [runner_train_mujoco] Average state value: 0.5160106447537739
[2022-11-24 23:39:08,727] [INFO] [controller] ITERATION NUM: 44
[2022-11-24 23:39:08,804] [INFO] [controller] EPOCH 1 loss ppo:  -0.01390, loss val: 0.04229
[2022-11-24 23:39:08,861] [INFO] [controller] EPOCH 2 loss ppo:  -0.02924, loss val: 0.04003
[2022-11-24 23:39:08,943] [INFO] [controller] EPOCH 3 loss ppo:  -0.04618, loss val: 0.04032
[2022-11-24 23:39:09,024] [INFO] [controller] EPOCH 4 loss ppo:  -0.06151, loss val: 0.03982
[2022-11-24 23:39:09,044] [INFO] [runner_train_mujoco] Finished batch.
[2022-11-24 23:39:09,201] [INFO] [runner_train_mujoco] Starting simulation batch with mujoco.
[2022-11-24 23:39:09,202] [INFO] [runner_train_mujoco] Environment 0
[2022-11-24 23:39:20,217] [INFO] [runner_train_mujoco] Environment 1
[2022-11-24 23:39:31,814] [INFO] [runner_train_mujoco] Environment 2
[2022-11-24 23:39:43,092] [INFO] [runner_train_mujoco] Environment 3
[2022-11-24 23:39:54,723] [INFO] [runner_train_mujoco] Environment 4
[2022-11-24 23:40:05,481] [INFO] [runner_train_mujoco] Environment 5
[2022-11-24 23:40:16,661] [INFO] [runner_train_mujoco] Environment 6
[2022-11-24 23:40:28,876] [INFO] [runner_train_mujoco] Environment 7
[2022-11-24 23:40:40,345] [INFO] [runner_train_mujoco] Environment 8
[2022-11-24 23:40:51,588] [INFO] [runner_train_mujoco] Environment 9
[2022-11-24 23:41:02,720] [INFO] [runner_train_mujoco] Average cumulative reward after 150 steps: 2.1020681933308905
[2022-11-24 23:41:02,720] [INFO] [runner_train_mujoco] Average state value: 0.528077266216278
[2022-11-24 23:41:02,721] [INFO] [controller] ITERATION NUM: 45
[2022-11-24 23:41:02,814] [INFO] [controller] EPOCH 1 loss ppo:  -0.01420, loss val: 0.04012
[2022-11-24 23:41:02,882] [INFO] [controller] EPOCH 2 loss ppo:  -0.02773, loss val: 0.03921
[2022-11-24 23:41:02,939] [INFO] [controller] EPOCH 3 loss ppo:  -0.04461, loss val: 0.03925
[2022-11-24 23:41:03,002] [INFO] [controller] EPOCH 4 loss ppo:  -0.06087, loss val: 0.04142
[2022-11-24 23:41:03,015] [INFO] [runner_train_mujoco] Finished batch.
[2022-11-24 23:41:03,154] [INFO] [runner_train_mujoco] Starting simulation batch with mujoco.
[2022-11-24 23:41:03,155] [INFO] [runner_train_mujoco] Environment 0
[2022-11-24 23:41:14,725] [INFO] [runner_train_mujoco] Environment 1
[2022-11-24 23:41:26,019] [INFO] [runner_train_mujoco] Environment 2
[2022-11-24 23:41:36,654] [INFO] [runner_train_mujoco] Environment 3
[2022-11-24 23:41:47,926] [INFO] [runner_train_mujoco] Environment 4
[2022-11-24 23:41:59,911] [INFO] [runner_train_mujoco] Environment 5
[2022-11-24 23:42:11,443] [INFO] [runner_train_mujoco] Environment 6
[2022-11-24 23:42:22,948] [INFO] [runner_train_mujoco] Environment 7
[2022-11-24 23:42:34,174] [INFO] [runner_train_mujoco] Environment 8
[2022-11-24 23:42:45,336] [INFO] [runner_train_mujoco] Environment 9
[2022-11-24 23:42:58,552] [INFO] [runner_train_mujoco] Average cumulative reward after 150 steps: 2.060067108376038
[2022-11-24 23:42:58,553] [INFO] [runner_train_mujoco] Average state value: 0.5235032876729966
[2022-11-24 23:42:58,553] [INFO] [controller] ITERATION NUM: 46
[2022-11-24 23:42:58,657] [INFO] [controller] EPOCH 1 loss ppo:  -0.01446, loss val: 0.03733
[2022-11-24 23:42:58,735] [INFO] [controller] EPOCH 2 loss ppo:  -0.02733, loss val: 0.03490
[2022-11-24 23:42:58,805] [INFO] [controller] EPOCH 3 loss ppo:  -0.04561, loss val: 0.03376
[2022-11-24 23:42:58,889] [INFO] [controller] EPOCH 4 loss ppo:  -0.06082, loss val: 0.03245
[2022-11-24 23:42:58,901] [INFO] [runner_train_mujoco] Finished batch.
[2022-11-24 23:42:59,048] [INFO] [runner_train_mujoco] Starting simulation batch with mujoco.
[2022-11-24 23:42:59,050] [INFO] [runner_train_mujoco] Environment 0
[2022-11-24 23:43:13,556] [INFO] [runner_train_mujoco] Environment 1
[2022-11-24 23:43:26,803] [INFO] [runner_train_mujoco] Environment 2
[2022-11-24 23:43:38,324] [INFO] [runner_train_mujoco] Environment 3
[2022-11-24 23:43:50,372] [INFO] [runner_train_mujoco] Environment 4
[2022-11-24 23:44:02,199] [INFO] [runner_train_mujoco] Environment 5
[2022-11-24 23:44:13,375] [INFO] [runner_train_mujoco] Environment 6
[2022-11-24 23:44:24,158] [INFO] [runner_train_mujoco] Environment 7
[2022-11-24 23:44:34,922] [INFO] [runner_train_mujoco] Environment 8
[2022-11-24 23:44:45,915] [INFO] [runner_train_mujoco] Environment 9
[2022-11-24 23:44:57,805] [INFO] [runner_train_mujoco] Average cumulative reward after 150 steps: 2.000169127761044
[2022-11-24 23:44:57,805] [INFO] [runner_train_mujoco] Average state value: 0.505998721063137
[2022-11-24 23:44:57,805] [INFO] [controller] ITERATION NUM: 47
[2022-11-24 23:44:57,891] [INFO] [controller] EPOCH 1 loss ppo:  -0.01461, loss val: 0.04725
[2022-11-24 23:44:57,958] [INFO] [controller] EPOCH 2 loss ppo:  -0.02797, loss val: 0.04695
[2022-11-24 23:44:58,022] [INFO] [controller] EPOCH 3 loss ppo:  -0.04722, loss val: 0.04795
[2022-11-24 23:44:58,093] [INFO] [controller] EPOCH 4 loss ppo:  -0.06252, loss val: 0.04694
[2022-11-24 23:44:58,106] [INFO] [runner_train_mujoco] Finished batch.
[2022-11-24 23:44:58,279] [INFO] [runner_train_mujoco] Starting simulation batch with mujoco.
[2022-11-24 23:44:58,282] [INFO] [runner_train_mujoco] Environment 0
[2022-11-24 23:45:08,681] [INFO] [runner_train_mujoco] Environment 1
[2022-11-24 23:45:19,934] [INFO] [runner_train_mujoco] Environment 2
[2022-11-24 23:45:29,141] [INFO] [runner_train_mujoco] Environment 3
[2022-11-24 23:45:39,684] [INFO] [runner_train_mujoco] Environment 4
[2022-11-24 23:45:50,040] [INFO] [runner_train_mujoco] Environment 5
[2022-11-24 23:46:00,647] [INFO] [runner_train_mujoco] Environment 6
[2022-11-24 23:46:11,792] [INFO] [runner_train_mujoco] Environment 7
[2022-11-24 23:46:22,897] [INFO] [runner_train_mujoco] Environment 8
[2022-11-24 23:46:32,533] [INFO] [runner_train_mujoco] Environment 9
[2022-11-24 23:46:42,342] [INFO] [runner_train_mujoco] Average cumulative reward after 150 steps: 1.8038700601279807
[2022-11-24 23:46:42,343] [INFO] [runner_train_mujoco] Average state value: 0.4983586875796318
[2022-11-24 23:46:42,343] [INFO] [controller] ITERATION NUM: 48
[2022-11-24 23:46:42,480] [INFO] [controller] EPOCH 1 loss ppo:  -0.01478, loss val: 0.05912
[2022-11-24 23:46:42,536] [INFO] [controller] EPOCH 2 loss ppo:  -0.02613, loss val: 0.05826
[2022-11-24 23:46:42,593] [INFO] [controller] EPOCH 3 loss ppo:  -0.04110, loss val: 0.05662
[2022-11-24 23:46:42,651] [INFO] [controller] EPOCH 4 loss ppo:  -0.05262, loss val: 0.05600
[2022-11-24 23:46:42,664] [INFO] [runner_train_mujoco] Finished batch.
[2022-11-24 23:46:42,772] [INFO] [runner_train_mujoco] Starting simulation batch with mujoco.
[2022-11-24 23:46:42,773] [INFO] [runner_train_mujoco] Environment 0
[2022-11-24 23:46:52,422] [INFO] [runner_train_mujoco] Environment 1
[2022-11-24 23:47:05,362] [INFO] [runner_train_mujoco] Environment 2
[2022-11-24 23:47:17,206] [INFO] [runner_train_mujoco] Environment 3
[2022-11-24 23:47:27,960] [INFO] [runner_train_mujoco] Environment 4
[2022-11-24 23:47:39,717] [INFO] [runner_train_mujoco] Environment 5
[2022-11-24 23:47:50,961] [INFO] [runner_train_mujoco] Environment 6
[2022-11-24 23:48:01,621] [INFO] [runner_train_mujoco] Environment 7
[2022-11-24 23:48:11,226] [INFO] [runner_train_mujoco] Environment 8
[2022-11-24 23:48:22,708] [INFO] [runner_train_mujoco] Environment 9
[2022-11-24 23:48:36,776] [INFO] [runner_train_mujoco] Average cumulative reward after 150 steps: 1.9837581684079097
[2022-11-24 23:48:36,776] [INFO] [runner_train_mujoco] Average state value: 0.5237031063437462
[2022-11-24 23:48:36,776] [INFO] [controller] ITERATION NUM: 49
[2022-11-24 23:48:36,854] [INFO] [controller] EPOCH 1 loss ppo:  -0.01459, loss val: 0.04657
[2022-11-24 23:48:36,912] [INFO] [controller] EPOCH 2 loss ppo:  -0.02295, loss val: 0.04755
[2022-11-24 23:48:36,972] [INFO] [controller] EPOCH 3 loss ppo:  -0.04020, loss val: 0.04790
[2022-11-24 23:48:37,029] [INFO] [controller] EPOCH 4 loss ppo:  -0.05580, loss val: 0.04779
[2022-11-24 23:48:37,037] [INFO] [runner_train_mujoco] Finished batch.
[2022-11-24 23:48:37,191] [INFO] [runner_train_mujoco] Starting simulation batch with mujoco.
[2022-11-24 23:48:37,193] [INFO] [runner_train_mujoco] Environment 0
[2022-11-24 23:48:49,287] [INFO] [runner_train_mujoco] Environment 1
[2022-11-24 23:49:03,275] [INFO] [runner_train_mujoco] Environment 2
[2022-11-24 23:49:13,423] [INFO] [runner_train_mujoco] Environment 3
[2022-11-24 23:49:23,815] [INFO] [runner_train_mujoco] Environment 4
[2022-11-24 23:49:33,867] [INFO] [runner_train_mujoco] Environment 5
[2022-11-24 23:49:44,533] [INFO] [runner_train_mujoco] Environment 6
[2022-11-24 23:49:54,948] [INFO] [runner_train_mujoco] Environment 7
[2022-11-24 23:50:05,011] [INFO] [runner_train_mujoco] Environment 8
[2022-11-24 23:50:14,993] [INFO] [runner_train_mujoco] Environment 9
[2022-11-24 23:50:24,605] [INFO] [runner_train_mujoco] Average cumulative reward after 150 steps: 2.3586110369773476
[2022-11-24 23:50:24,605] [INFO] [runner_train_mujoco] Average state value: 0.5303787246346474
[2022-11-24 23:50:24,605] [INFO] [controller] ITERATION NUM: 50
[2022-11-24 23:50:24,673] [INFO] [controller] EPOCH 1 loss ppo:  -0.01496, loss val: 0.02995
[2022-11-24 23:50:24,728] [INFO] [controller] EPOCH 2 loss ppo:  -0.02820, loss val: 0.03081
[2022-11-24 23:50:24,785] [INFO] [controller] EPOCH 3 loss ppo:  -0.04597, loss val: 0.02942
[2022-11-24 23:50:24,836] [INFO] [controller] EPOCH 4 loss ppo:  -0.05978, loss val: 0.02887
[2022-11-24 23:50:24,847] [INFO] [runner_train_mujoco] Finished batch.
[2022-11-24 23:50:24,984] [INFO] [runner_train_mujoco] Starting simulation batch with mujoco.
[2022-11-24 23:50:24,984] [INFO] [runner_train_mujoco] Environment 0
[2022-11-24 23:50:34,881] [INFO] [runner_train_mujoco] Environment 1
[2022-11-24 23:50:45,197] [INFO] [runner_train_mujoco] Environment 2
[2022-11-24 23:50:57,968] [INFO] [runner_train_mujoco] Environment 3
[2022-11-24 23:51:09,818] [INFO] [runner_train_mujoco] Environment 4
[2022-11-24 23:51:21,829] [INFO] [runner_train_mujoco] Environment 5
[2022-11-24 23:51:32,291] [INFO] [runner_train_mujoco] Environment 6
[2022-11-24 23:51:42,555] [INFO] [runner_train_mujoco] Environment 7
[2022-11-24 23:51:52,635] [INFO] [runner_train_mujoco] Environment 8
[2022-11-24 23:52:02,861] [INFO] [runner_train_mujoco] Environment 9
[2022-11-24 23:52:12,628] [INFO] [runner_train_mujoco] Average cumulative reward after 150 steps: 2.0289865235977116
[2022-11-24 23:52:12,628] [INFO] [runner_train_mujoco] Average state value: 0.5159849897225697
[2022-11-24 23:52:12,628] [INFO] [controller] ITERATION NUM: 51
[2022-11-24 23:52:12,696] [INFO] [controller] EPOCH 1 loss ppo:  -0.01417, loss val: 0.04332
[2022-11-24 23:52:12,750] [INFO] [controller] EPOCH 2 loss ppo:  -0.02261, loss val: 0.03930
[2022-11-24 23:52:12,797] [INFO] [controller] EPOCH 3 loss ppo:  -0.03780, loss val: 0.03699
[2022-11-24 23:52:12,848] [INFO] [controller] EPOCH 4 loss ppo:  -0.05122, loss val: 0.03852
[2022-11-24 23:52:12,860] [INFO] [runner_train_mujoco] Finished batch.
[2022-11-24 23:52:12,979] [INFO] [runner_train_mujoco] Starting simulation batch with mujoco.
[2022-11-24 23:52:12,980] [INFO] [runner_train_mujoco] Environment 0
[2022-11-24 23:52:23,109] [INFO] [runner_train_mujoco] Environment 1
[2022-11-24 23:52:33,620] [INFO] [runner_train_mujoco] Environment 2
[2022-11-24 23:52:43,577] [INFO] [runner_train_mujoco] Environment 3
[2022-11-24 23:52:53,268] [INFO] [runner_train_mujoco] Environment 4
[2022-11-24 23:53:03,080] [INFO] [runner_train_mujoco] Environment 5
[2022-11-24 23:53:13,107] [INFO] [runner_train_mujoco] Environment 6
[2022-11-24 23:53:23,242] [INFO] [runner_train_mujoco] Environment 7
[2022-11-24 23:53:33,462] [INFO] [runner_train_mujoco] Environment 8
[2022-11-24 23:53:43,472] [INFO] [runner_train_mujoco] Environment 9
[2022-11-24 23:53:53,696] [INFO] [runner_train_mujoco] Average cumulative reward after 150 steps: 2.168527412708946
[2022-11-24 23:53:53,697] [INFO] [runner_train_mujoco] Average state value: 0.5304458354512851
[2022-11-24 23:53:53,697] [INFO] [controller] ITERATION NUM: 52
[2022-11-24 23:53:53,762] [INFO] [controller] EPOCH 1 loss ppo:  -0.01421, loss val: 0.03438
[2022-11-24 23:53:53,818] [INFO] [controller] EPOCH 2 loss ppo:  -0.02197, loss val: 0.03406
[2022-11-24 23:53:53,874] [INFO] [controller] EPOCH 3 loss ppo:  -0.03541, loss val: 0.03608
[2022-11-24 23:53:53,931] [INFO] [controller] EPOCH 4 loss ppo:  -0.04786, loss val: 0.03426
[2022-11-24 23:53:53,943] [INFO] [runner_train_mujoco] Finished batch.
[2022-11-24 23:53:54,083] [INFO] [runner_train_mujoco] Starting simulation batch with mujoco.
[2022-11-24 23:53:54,084] [INFO] [runner_train_mujoco] Environment 0
[2022-11-24 23:54:03,732] [INFO] [runner_train_mujoco] Environment 1
[2022-11-24 23:54:13,643] [INFO] [runner_train_mujoco] Environment 2
[2022-11-24 23:54:23,020] [INFO] [runner_train_mujoco] Environment 3
[2022-11-24 23:54:32,976] [INFO] [runner_train_mujoco] Environment 4
[2022-11-24 23:54:42,929] [INFO] [runner_train_mujoco] Environment 5
[2022-11-24 23:54:52,697] [INFO] [runner_train_mujoco] Environment 6
[2022-11-24 23:55:02,964] [INFO] [runner_train_mujoco] Environment 7
[2022-11-24 23:55:12,607] [INFO] [runner_train_mujoco] Environment 8
[2022-11-24 23:55:22,410] [INFO] [runner_train_mujoco] Environment 9
[2022-11-24 23:55:32,244] [INFO] [runner_train_mujoco] Average cumulative reward after 150 steps: 2.0246957017168485
[2022-11-24 23:55:32,245] [INFO] [runner_train_mujoco] Average state value: 0.5302270750204722
[2022-11-24 23:55:32,245] [INFO] [controller] ITERATION NUM: 53
[2022-11-24 23:55:32,311] [INFO] [controller] EPOCH 1 loss ppo:  -0.01460, loss val: 0.03222
[2022-11-24 23:55:32,369] [INFO] [controller] EPOCH 2 loss ppo:  -0.02320, loss val: 0.03329
[2022-11-24 23:55:32,422] [INFO] [controller] EPOCH 3 loss ppo:  -0.03544, loss val: 0.03207
[2022-11-24 23:55:32,481] [INFO] [controller] EPOCH 4 loss ppo:  -0.04718, loss val: 0.03287
[2022-11-24 23:55:32,493] [INFO] [runner_train_mujoco] Finished batch.
[2022-11-24 23:55:32,641] [INFO] [runner_train_mujoco] Starting simulation batch with mujoco.
[2022-11-24 23:55:32,641] [INFO] [runner_train_mujoco] Environment 0
[2022-11-24 23:55:41,784] [INFO] [runner_train_mujoco] Environment 1
[2022-11-24 23:55:51,298] [INFO] [runner_train_mujoco] Environment 2
[2022-11-24 23:56:00,012] [INFO] [runner_train_mujoco] Environment 3
[2022-11-24 23:56:08,969] [INFO] [runner_train_mujoco] Environment 4
[2022-11-24 23:56:18,155] [INFO] [runner_train_mujoco] Environment 5
[2022-11-24 23:56:27,305] [INFO] [runner_train_mujoco] Environment 6
[2022-11-24 23:56:36,639] [INFO] [runner_train_mujoco] Environment 7
[2022-11-24 23:56:46,101] [INFO] [runner_train_mujoco] Environment 8
[2022-11-24 23:56:54,854] [INFO] [runner_train_mujoco] Environment 9
[2022-11-24 23:57:03,948] [INFO] [runner_train_mujoco] Average cumulative reward after 150 steps: 2.2496186689995907
[2022-11-24 23:57:03,948] [INFO] [runner_train_mujoco] Average state value: 0.5374505596756936
[2022-11-24 23:57:03,949] [INFO] [controller] ITERATION NUM: 54
[2022-11-24 23:57:04,011] [INFO] [controller] EPOCH 1 loss ppo:  -0.01432, loss val: 0.03452
[2022-11-24 23:57:04,065] [INFO] [controller] EPOCH 2 loss ppo:  -0.02064, loss val: 0.03503
[2022-11-24 23:57:04,114] [INFO] [controller] EPOCH 3 loss ppo:  -0.03189, loss val: 0.03439
[2022-11-24 23:57:04,169] [INFO] [controller] EPOCH 4 loss ppo:  -0.04436, loss val: 0.03477
[2022-11-24 23:57:04,182] [INFO] [runner_train_mujoco] Finished batch.
[2022-11-24 23:57:04,307] [INFO] [runner_train_mujoco] Starting simulation batch with mujoco.
[2022-11-24 23:57:04,308] [INFO] [runner_train_mujoco] Environment 0
[2022-11-24 23:57:13,313] [INFO] [runner_train_mujoco] Environment 1
[2022-11-24 23:57:22,060] [INFO] [runner_train_mujoco] Environment 2
[2022-11-24 23:57:30,835] [INFO] [runner_train_mujoco] Environment 3
[2022-11-24 23:57:39,306] [INFO] [runner_train_mujoco] Environment 4
[2022-11-24 23:57:48,163] [INFO] [runner_train_mujoco] Environment 5
[2022-11-24 23:57:57,401] [INFO] [runner_train_mujoco] Environment 6
[2022-11-24 23:58:06,812] [INFO] [runner_train_mujoco] Environment 7
[2022-11-24 23:58:15,825] [INFO] [runner_train_mujoco] Environment 8
[2022-11-24 23:58:24,690] [INFO] [runner_train_mujoco] Environment 9
[2022-11-24 23:58:33,314] [INFO] [runner_train_mujoco] Average cumulative reward after 150 steps: 1.9169934750128739
[2022-11-24 23:58:33,314] [INFO] [runner_train_mujoco] Average state value: 0.5347950564424195
[2022-11-24 23:58:33,314] [INFO] [controller] ITERATION NUM: 55
[2022-11-24 23:58:33,381] [INFO] [controller] EPOCH 1 loss ppo:  -0.01430, loss val: 0.04067
[2022-11-24 23:58:33,434] [INFO] [controller] EPOCH 2 loss ppo:  -0.01925, loss val: 0.03931
[2022-11-24 23:58:33,484] [INFO] [controller] EPOCH 3 loss ppo:  -0.02789, loss val: 0.03890
[2022-11-24 23:58:33,536] [INFO] [controller] EPOCH 4 loss ppo:  -0.03760, loss val: 0.04000
[2022-11-24 23:58:33,548] [INFO] [runner_train_mujoco] Finished batch.
[2022-11-24 23:58:33,681] [INFO] [runner_train_mujoco] Starting simulation batch with mujoco.
[2022-11-24 23:58:33,681] [INFO] [runner_train_mujoco] Environment 0
[2022-11-24 23:58:42,364] [INFO] [runner_train_mujoco] Environment 1
[2022-11-24 23:58:51,334] [INFO] [runner_train_mujoco] Environment 2
[2022-11-24 23:58:59,772] [INFO] [runner_train_mujoco] Environment 3
[2022-11-24 23:59:09,322] [INFO] [runner_train_mujoco] Environment 4
[2022-11-24 23:59:20,090] [INFO] [runner_train_mujoco] Environment 5
[2022-11-24 23:59:29,038] [INFO] [runner_train_mujoco] Environment 6
[2022-11-24 23:59:35,522] [INFO] [runner_train_mujoco] Environment 7
[2022-11-24 23:59:41,801] [INFO] [runner_train_mujoco] Environment 8
[2022-11-24 23:59:47,760] [INFO] [runner_train_mujoco] Environment 9
[2022-11-24 23:59:54,045] [INFO] [runner_train_mujoco] Average cumulative reward after 150 steps: 2.2300837613878235
[2022-11-24 23:59:54,045] [INFO] [runner_train_mujoco] Average state value: 0.5388727870980898
[2022-11-24 23:59:54,046] [INFO] [controller] ITERATION NUM: 56
[2022-11-24 23:59:54,083] [INFO] [controller] EPOCH 1 loss ppo:  -0.01433, loss val: 0.03711
[2022-11-24 23:59:54,118] [INFO] [controller] EPOCH 2 loss ppo:  -0.01816, loss val: 0.03652
[2022-11-24 23:59:54,149] [INFO] [controller] EPOCH 3 loss ppo:  -0.02483, loss val: 0.03657
[2022-11-24 23:59:54,182] [INFO] [controller] EPOCH 4 loss ppo:  -0.03312, loss val: 0.03684
[2022-11-24 23:59:54,190] [INFO] [runner_train_mujoco] Finished batch.
[2022-11-24 23:59:54,272] [INFO] [runner_train_mujoco] Starting simulation batch with mujoco.
[2022-11-24 23:59:54,273] [INFO] [runner_train_mujoco] Environment 0
[2022-11-25 00:00:00,759] [INFO] [runner_train_mujoco] Environment 1
[2022-11-25 00:00:07,278] [INFO] [runner_train_mujoco] Environment 2
[2022-11-25 00:00:13,392] [INFO] [runner_train_mujoco] Environment 3
[2022-11-25 00:00:19,973] [INFO] [runner_train_mujoco] Environment 4
[2022-11-25 00:00:26,202] [INFO] [runner_train_mujoco] Environment 5
[2022-11-25 00:00:32,977] [INFO] [runner_train_mujoco] Environment 6
[2022-11-25 00:00:39,275] [INFO] [runner_train_mujoco] Environment 7
[2022-11-25 00:00:45,798] [INFO] [runner_train_mujoco] Environment 8
[2022-11-25 00:00:52,115] [INFO] [runner_train_mujoco] Environment 9
[2022-11-25 00:00:58,544] [INFO] [runner_train_mujoco] Average cumulative reward after 150 steps: 1.7341639185281466
[2022-11-25 00:00:58,545] [INFO] [runner_train_mujoco] Average state value: 0.5255075391928355
[2022-11-25 00:00:58,545] [INFO] [controller] ITERATION NUM: 57
[2022-11-25 00:00:58,592] [INFO] [controller] EPOCH 1 loss ppo:  -0.01416, loss val: 0.03820
[2022-11-25 00:00:58,631] [INFO] [controller] EPOCH 2 loss ppo:  -0.01720, loss val: 0.03807
[2022-11-25 00:00:58,668] [INFO] [controller] EPOCH 3 loss ppo:  -0.02204, loss val: 0.03719
[2022-11-25 00:00:58,707] [INFO] [controller] EPOCH 4 loss ppo:  -0.02800, loss val: 0.03857
[2022-11-25 00:00:58,717] [INFO] [runner_train_mujoco] Finished batch.
[2022-11-25 00:00:58,803] [INFO] [runner_train_mujoco] Starting simulation batch with mujoco.
[2022-11-25 00:00:58,804] [INFO] [runner_train_mujoco] Environment 0
[2022-11-25 00:01:05,299] [INFO] [runner_train_mujoco] Environment 1
[2022-11-25 00:01:11,699] [INFO] [runner_train_mujoco] Environment 2
[2022-11-25 00:01:18,153] [INFO] [runner_train_mujoco] Environment 3
[2022-11-25 00:01:24,834] [INFO] [runner_train_mujoco] Environment 4
[2022-11-25 00:01:31,319] [INFO] [runner_train_mujoco] Environment 5
[2022-11-25 00:01:38,380] [INFO] [runner_train_mujoco] Environment 6
[2022-11-25 00:01:44,814] [INFO] [runner_train_mujoco] Environment 7
[2022-11-25 00:01:51,433] [INFO] [runner_train_mujoco] Environment 8
[2022-11-25 00:01:57,964] [INFO] [runner_train_mujoco] Environment 9
[2022-11-25 00:02:04,589] [INFO] [runner_train_mujoco] Average cumulative reward after 150 steps: 2.062502904649722
[2022-11-25 00:02:04,589] [INFO] [runner_train_mujoco] Average state value: 0.5409653275609017
[2022-11-25 00:02:04,589] [INFO] [controller] ITERATION NUM: 58
[2022-11-25 00:02:04,637] [INFO] [controller] EPOCH 1 loss ppo:  -0.01431, loss val: 0.03610
[2022-11-25 00:02:04,670] [INFO] [controller] EPOCH 2 loss ppo:  -0.01561, loss val: 0.03613
[2022-11-25 00:02:04,705] [INFO] [controller] EPOCH 3 loss ppo:  -0.01799, loss val: 0.03666
[2022-11-25 00:02:04,747] [INFO] [controller] EPOCH 4 loss ppo:  -0.02107, loss val: 0.03650
[2022-11-25 00:02:04,757] [INFO] [runner_train_mujoco] Finished batch.
[2022-11-25 00:02:04,762] [INFO] [optimize] Finished learning.
