[2022-11-23 23:54:49,373] [INFO] [optimize] Starting learning
[2022-11-23 23:54:49,392] [INFO] [optimize] Starting learning process..
[2022-11-23 23:54:49,487] [INFO] [runner_train_mujoco] Starting simulation batch with mujoco.
[2022-11-23 23:54:49,488] [INFO] [runner_train_mujoco] Environment 0
[2022-11-23 23:54:58,116] [INFO] [runner_train_mujoco] Environment 1
[2022-11-23 23:55:05,917] [INFO] [runner_train_mujoco] Environment 2
[2022-11-23 23:55:13,398] [INFO] [runner_train_mujoco] Environment 3
[2022-11-23 23:55:20,970] [INFO] [runner_train_mujoco] Environment 4
[2022-11-23 23:55:28,409] [INFO] [runner_train_mujoco] Environment 5
[2022-11-23 23:55:36,012] [INFO] [runner_train_mujoco] Environment 6
[2022-11-23 23:55:43,251] [INFO] [runner_train_mujoco] Environment 7
[2022-11-23 23:55:50,337] [INFO] [runner_train_mujoco] Environment 8
[2022-11-23 23:55:57,726] [INFO] [runner_train_mujoco] Environment 9
[2022-11-23 23:56:05,644] [INFO] [runner_train_mujoco] Average cumulative reward after 150 steps: 0.6644896309573785
[2022-11-23 23:56:05,644] [INFO] [runner_train_mujoco] Average state value: 0.2469115843226512
[2022-11-23 23:56:05,644] [INFO] [controller] ITERATION NUM: 1
[2022-11-23 23:56:05,695] [INFO] [controller] EPOCH 1 loss ppo:  -0.01320, loss val: 0.38856
[2022-11-23 23:56:05,738] [INFO] [controller] EPOCH 2 loss ppo:  -0.05548, loss val: 0.34652
[2022-11-23 23:56:05,779] [INFO] [controller] EPOCH 3 loss ppo:  -0.07239, loss val: 0.30991
[2022-11-23 23:56:05,822] [INFO] [controller] EPOCH 4 loss ppo:  -0.08257, loss val: 0.29010
[2022-11-23 23:56:05,831] [INFO] [runner_train_mujoco] Finished batch.
[2022-11-23 23:56:05,940] [INFO] [runner_train_mujoco] Starting simulation batch with mujoco.
[2022-11-23 23:56:05,944] [INFO] [runner_train_mujoco] Environment 0
[2022-11-23 23:56:14,020] [INFO] [runner_train_mujoco] Environment 1
[2022-11-23 23:56:21,191] [INFO] [runner_train_mujoco] Environment 2
[2022-11-23 23:56:28,350] [INFO] [runner_train_mujoco] Environment 3
[2022-11-23 23:56:35,530] [INFO] [runner_train_mujoco] Environment 4
[2022-11-23 23:56:42,602] [INFO] [runner_train_mujoco] Environment 5
[2022-11-23 23:56:50,037] [INFO] [runner_train_mujoco] Environment 6
[2022-11-23 23:56:57,688] [INFO] [runner_train_mujoco] Environment 7
[2022-11-23 23:57:04,856] [INFO] [runner_train_mujoco] Environment 8
[2022-11-23 23:57:12,226] [INFO] [runner_train_mujoco] Environment 9
[2022-11-23 23:57:19,660] [INFO] [runner_train_mujoco] Average cumulative reward after 150 steps: 0.6514790426895203
[2022-11-23 23:57:19,660] [INFO] [runner_train_mujoco] Average state value: 0.354729384218653
[2022-11-23 23:57:19,660] [INFO] [controller] ITERATION NUM: 2
[2022-11-23 23:57:19,725] [INFO] [controller] EPOCH 1 loss ppo:  -0.01179, loss val: 0.22835
[2022-11-23 23:57:19,765] [INFO] [controller] EPOCH 2 loss ppo:  -0.04833, loss val: 0.20909
[2022-11-23 23:57:19,806] [INFO] [controller] EPOCH 3 loss ppo:  -0.06882, loss val: 0.19630
[2022-11-23 23:57:19,849] [INFO] [controller] EPOCH 4 loss ppo:  -0.07750, loss val: 0.17729
[2022-11-23 23:57:19,858] [INFO] [runner_train_mujoco] Finished batch.
[2022-11-23 23:57:19,948] [INFO] [runner_train_mujoco] Starting simulation batch with mujoco.
[2022-11-23 23:57:19,948] [INFO] [runner_train_mujoco] Environment 0
[2022-11-23 23:57:27,249] [INFO] [runner_train_mujoco] Environment 1
[2022-11-23 23:57:35,242] [INFO] [runner_train_mujoco] Environment 2
[2022-11-23 23:57:42,874] [INFO] [runner_train_mujoco] Environment 3
[2022-11-23 23:57:50,374] [INFO] [runner_train_mujoco] Environment 4
[2022-11-23 23:57:57,576] [INFO] [runner_train_mujoco] Environment 5
[2022-11-23 23:58:05,111] [INFO] [runner_train_mujoco] Environment 6
[2022-11-23 23:58:12,319] [INFO] [runner_train_mujoco] Environment 7
[2022-11-23 23:58:19,229] [INFO] [runner_train_mujoco] Environment 8
[2022-11-23 23:58:26,429] [INFO] [runner_train_mujoco] Environment 9
[2022-11-23 23:58:33,642] [INFO] [runner_train_mujoco] Average cumulative reward after 150 steps: 0.6894796945962923
[2022-11-23 23:58:33,642] [INFO] [runner_train_mujoco] Average state value: 0.5364657359557847
[2022-11-23 23:58:33,642] [INFO] [controller] ITERATION NUM: 3
[2022-11-23 23:58:33,685] [INFO] [controller] EPOCH 1 loss ppo:  -0.01209, loss val: 0.17404
[2022-11-23 23:58:33,727] [INFO] [controller] EPOCH 2 loss ppo:  -0.04383, loss val: 0.16965
[2022-11-23 23:58:33,769] [INFO] [controller] EPOCH 3 loss ppo:  -0.06321, loss val: 0.15690
[2022-11-23 23:58:33,811] [INFO] [controller] EPOCH 4 loss ppo:  -0.07720, loss val: 0.14713
[2022-11-23 23:58:33,820] [INFO] [runner_train_mujoco] Finished batch.
[2022-11-23 23:58:33,909] [INFO] [runner_train_mujoco] Starting simulation batch with mujoco.
[2022-11-23 23:58:33,909] [INFO] [runner_train_mujoco] Environment 0
[2022-11-23 23:58:41,429] [INFO] [runner_train_mujoco] Environment 1
[2022-11-23 23:58:48,810] [INFO] [runner_train_mujoco] Environment 2
[2022-11-23 23:58:55,901] [INFO] [runner_train_mujoco] Environment 3
[2022-11-23 23:59:03,346] [INFO] [runner_train_mujoco] Environment 4
[2022-11-23 23:59:10,207] [INFO] [runner_train_mujoco] Environment 5
[2022-11-23 23:59:17,610] [INFO] [runner_train_mujoco] Environment 6
[2022-11-23 23:59:24,922] [INFO] [runner_train_mujoco] Environment 7
[2022-11-23 23:59:32,034] [INFO] [runner_train_mujoco] Environment 8
[2022-11-23 23:59:39,609] [INFO] [runner_train_mujoco] Environment 9
[2022-11-23 23:59:46,778] [INFO] [runner_train_mujoco] Average cumulative reward after 150 steps: 0.5706308061940246
[2022-11-23 23:59:46,778] [INFO] [runner_train_mujoco] Average state value: 0.5384606518497069
[2022-11-23 23:59:46,778] [INFO] [controller] ITERATION NUM: 4
[2022-11-23 23:59:46,826] [INFO] [controller] EPOCH 1 loss ppo:  -0.01168, loss val: 0.14498
[2022-11-23 23:59:46,865] [INFO] [controller] EPOCH 2 loss ppo:  -0.03924, loss val: 0.13469
[2022-11-23 23:59:46,908] [INFO] [controller] EPOCH 3 loss ppo:  -0.05819, loss val: 0.12546
[2022-11-23 23:59:46,952] [INFO] [controller] EPOCH 4 loss ppo:  -0.07126, loss val: 0.11557
[2022-11-23 23:59:46,962] [INFO] [runner_train_mujoco] Finished batch.
[2022-11-23 23:59:47,054] [INFO] [runner_train_mujoco] Starting simulation batch with mujoco.
[2022-11-23 23:59:47,055] [INFO] [runner_train_mujoco] Environment 0
[2022-11-23 23:59:54,191] [INFO] [runner_train_mujoco] Environment 1
[2022-11-24 00:00:01,967] [INFO] [runner_train_mujoco] Environment 2
[2022-11-24 00:00:09,373] [INFO] [runner_train_mujoco] Environment 3
[2022-11-24 00:00:16,466] [INFO] [runner_train_mujoco] Environment 4
[2022-11-24 00:00:23,433] [INFO] [runner_train_mujoco] Environment 5
[2022-11-24 00:00:30,871] [INFO] [runner_train_mujoco] Environment 6
[2022-11-24 00:00:38,179] [INFO] [runner_train_mujoco] Environment 7
[2022-11-24 00:00:45,237] [INFO] [runner_train_mujoco] Environment 8
[2022-11-24 00:00:52,485] [INFO] [runner_train_mujoco] Environment 9
[2022-11-24 00:00:59,534] [INFO] [runner_train_mujoco] Average cumulative reward after 150 steps: 0.6877468995399969
[2022-11-24 00:00:59,535] [INFO] [runner_train_mujoco] Average state value: 0.4767638070558508
[2022-11-24 00:00:59,535] [INFO] [controller] ITERATION NUM: 5
[2022-11-24 00:00:59,583] [INFO] [controller] EPOCH 1 loss ppo:  -0.01166, loss val: 0.10997
[2022-11-24 00:00:59,622] [INFO] [controller] EPOCH 2 loss ppo:  -0.04223, loss val: 0.10649
[2022-11-24 00:00:59,661] [INFO] [controller] EPOCH 3 loss ppo:  -0.06162, loss val: 0.10249
[2022-11-24 00:00:59,702] [INFO] [controller] EPOCH 4 loss ppo:  -0.07591, loss val: 0.09813
[2022-11-24 00:00:59,709] [INFO] [runner_train_mujoco] Finished batch.
[2022-11-24 00:00:59,800] [INFO] [runner_train_mujoco] Starting simulation batch with mujoco.
[2022-11-24 00:00:59,801] [INFO] [runner_train_mujoco] Environment 0
[2022-11-24 00:01:06,752] [INFO] [runner_train_mujoco] Environment 1
[2022-11-24 00:01:14,164] [INFO] [runner_train_mujoco] Environment 2
[2022-11-24 00:01:21,806] [INFO] [runner_train_mujoco] Environment 3
[2022-11-24 00:01:28,922] [INFO] [runner_train_mujoco] Environment 4
[2022-11-24 00:01:35,714] [INFO] [runner_train_mujoco] Environment 5
[2022-11-24 00:01:43,243] [INFO] [runner_train_mujoco] Environment 6
[2022-11-24 00:01:50,842] [INFO] [runner_train_mujoco] Environment 7
[2022-11-24 00:01:58,126] [INFO] [runner_train_mujoco] Environment 8
[2022-11-24 00:02:05,485] [INFO] [runner_train_mujoco] Environment 9
[2022-11-24 00:02:12,424] [INFO] [runner_train_mujoco] Average cumulative reward after 150 steps: 0.5488949878753567
[2022-11-24 00:02:12,424] [INFO] [runner_train_mujoco] Average state value: 0.46148388700342424
[2022-11-24 00:02:12,424] [INFO] [controller] ITERATION NUM: 6
[2022-11-24 00:02:12,471] [INFO] [controller] EPOCH 1 loss ppo:  -0.01117, loss val: 0.09940
[2022-11-24 00:02:12,503] [INFO] [controller] EPOCH 2 loss ppo:  -0.04088, loss val: 0.09492
[2022-11-24 00:02:12,543] [INFO] [controller] EPOCH 3 loss ppo:  -0.06076, loss val: 0.08962
[2022-11-24 00:02:12,578] [INFO] [controller] EPOCH 4 loss ppo:  -0.06850, loss val: 0.08663
[2022-11-24 00:02:12,587] [INFO] [runner_train_mujoco] Finished batch.
[2022-11-24 00:02:12,674] [INFO] [runner_train_mujoco] Starting simulation batch with mujoco.
[2022-11-24 00:02:12,674] [INFO] [runner_train_mujoco] Environment 0
[2022-11-24 00:02:19,653] [INFO] [runner_train_mujoco] Environment 1
[2022-11-24 00:02:26,212] [INFO] [runner_train_mujoco] Environment 2
[2022-11-24 00:02:32,697] [INFO] [runner_train_mujoco] Environment 3
[2022-11-24 00:02:38,999] [INFO] [runner_train_mujoco] Environment 4
[2022-11-24 00:02:45,310] [INFO] [runner_train_mujoco] Environment 5
[2022-11-24 00:02:51,844] [INFO] [runner_train_mujoco] Environment 6
[2022-11-24 00:02:58,217] [INFO] [runner_train_mujoco] Environment 7
[2022-11-24 00:03:04,917] [INFO] [runner_train_mujoco] Environment 8
[2022-11-24 00:03:11,285] [INFO] [runner_train_mujoco] Environment 9
[2022-11-24 00:03:17,647] [INFO] [runner_train_mujoco] Average cumulative reward after 150 steps: 0.5529238153259746
[2022-11-24 00:03:17,647] [INFO] [runner_train_mujoco] Average state value: 0.49134217935800556
[2022-11-24 00:03:17,647] [INFO] [controller] ITERATION NUM: 7
[2022-11-24 00:03:17,695] [INFO] [controller] EPOCH 1 loss ppo:  -0.01100, loss val: 0.07500
[2022-11-24 00:03:17,734] [INFO] [controller] EPOCH 2 loss ppo:  -0.04221, loss val: 0.07335
[2022-11-24 00:03:17,770] [INFO] [controller] EPOCH 3 loss ppo:  -0.06186, loss val: 0.07066
[2022-11-24 00:03:17,810] [INFO] [controller] EPOCH 4 loss ppo:  -0.07254, loss val: 0.06765
[2022-11-24 00:03:17,817] [INFO] [runner_train_mujoco] Finished batch.
[2022-11-24 00:03:17,894] [INFO] [runner_train_mujoco] Starting simulation batch with mujoco.
[2022-11-24 00:03:17,895] [INFO] [runner_train_mujoco] Environment 0
[2022-11-24 00:03:25,790] [INFO] [runner_train_mujoco] Environment 1
[2022-11-24 00:03:32,737] [INFO] [runner_train_mujoco] Environment 2
[2022-11-24 00:03:39,138] [INFO] [runner_train_mujoco] Environment 3
[2022-11-24 00:03:45,522] [INFO] [runner_train_mujoco] Environment 4
[2022-11-24 00:03:51,851] [INFO] [runner_train_mujoco] Environment 5
[2022-11-24 00:03:58,620] [INFO] [runner_train_mujoco] Environment 6
[2022-11-24 00:04:05,396] [INFO] [runner_train_mujoco] Environment 7
[2022-11-24 00:04:11,638] [INFO] [runner_train_mujoco] Environment 8
[2022-11-24 00:04:18,365] [INFO] [runner_train_mujoco] Environment 9
[2022-11-24 00:04:24,743] [INFO] [runner_train_mujoco] Average cumulative reward after 150 steps: 0.6399199092457208
[2022-11-24 00:04:24,744] [INFO] [runner_train_mujoco] Average state value: 0.49808644901464383
[2022-11-24 00:04:24,744] [INFO] [controller] ITERATION NUM: 8
[2022-11-24 00:04:24,788] [INFO] [controller] EPOCH 1 loss ppo:  -0.01472, loss val: 0.07018
[2022-11-24 00:04:24,820] [INFO] [controller] EPOCH 2 loss ppo:  -0.04625, loss val: 0.06858
[2022-11-24 00:04:24,851] [INFO] [controller] EPOCH 3 loss ppo:  -0.06206, loss val: 0.06508
[2022-11-24 00:04:24,896] [INFO] [controller] EPOCH 4 loss ppo:  -0.07169, loss val: 0.06318
[2022-11-24 00:04:24,906] [INFO] [runner_train_mujoco] Finished batch.
[2022-11-24 00:04:25,003] [INFO] [runner_train_mujoco] Starting simulation batch with mujoco.
[2022-11-24 00:04:25,004] [INFO] [runner_train_mujoco] Environment 0
[2022-11-24 00:04:31,682] [INFO] [runner_train_mujoco] Environment 1
[2022-11-24 00:04:38,525] [INFO] [runner_train_mujoco] Environment 2
[2022-11-24 00:04:44,979] [INFO] [runner_train_mujoco] Environment 3
[2022-11-24 00:04:51,321] [INFO] [runner_train_mujoco] Environment 4
[2022-11-24 00:04:57,706] [INFO] [runner_train_mujoco] Environment 5
[2022-11-24 00:05:04,402] [INFO] [runner_train_mujoco] Environment 6
[2022-11-24 00:05:11,449] [INFO] [runner_train_mujoco] Environment 7
[2022-11-24 00:05:18,034] [INFO] [runner_train_mujoco] Environment 8
[2022-11-24 00:05:24,325] [INFO] [runner_train_mujoco] Environment 9
[2022-11-24 00:05:30,968] [INFO] [runner_train_mujoco] Average cumulative reward after 150 steps: 0.6107117560432623
[2022-11-24 00:05:30,968] [INFO] [runner_train_mujoco] Average state value: 0.4632050568920871
[2022-11-24 00:05:30,968] [INFO] [controller] ITERATION NUM: 9
[2022-11-24 00:05:31,016] [INFO] [controller] EPOCH 1 loss ppo:  -0.01114, loss val: 0.06630
[2022-11-24 00:05:31,056] [INFO] [controller] EPOCH 2 loss ppo:  -0.04427, loss val: 0.06577
[2022-11-24 00:05:31,096] [INFO] [controller] EPOCH 3 loss ppo:  -0.06215, loss val: 0.06417
[2022-11-24 00:05:31,135] [INFO] [controller] EPOCH 4 loss ppo:  -0.07407, loss val: 0.06258
[2022-11-24 00:05:31,145] [INFO] [runner_train_mujoco] Finished batch.
[2022-11-24 00:05:31,224] [INFO] [runner_train_mujoco] Starting simulation batch with mujoco.
[2022-11-24 00:05:31,229] [INFO] [runner_train_mujoco] Environment 0
[2022-11-24 00:05:38,042] [INFO] [runner_train_mujoco] Environment 1
[2022-11-24 00:05:44,486] [INFO] [runner_train_mujoco] Environment 2
[2022-11-24 00:05:50,709] [INFO] [runner_train_mujoco] Environment 3
[2022-11-24 00:05:57,011] [INFO] [runner_train_mujoco] Environment 4
[2022-11-24 00:06:03,368] [INFO] [runner_train_mujoco] Environment 5
[2022-11-24 00:06:09,598] [INFO] [runner_train_mujoco] Environment 6
[2022-11-24 00:06:16,480] [INFO] [runner_train_mujoco] Environment 7
[2022-11-24 00:06:23,092] [INFO] [runner_train_mujoco] Environment 8
[2022-11-24 00:06:29,672] [INFO] [runner_train_mujoco] Environment 9
[2022-11-24 00:06:36,385] [INFO] [runner_train_mujoco] Average cumulative reward after 150 steps: 0.7928630250073285
[2022-11-24 00:06:36,385] [INFO] [runner_train_mujoco] Average state value: 0.4787320044844722
[2022-11-24 00:06:36,386] [INFO] [controller] ITERATION NUM: 10
[2022-11-24 00:06:36,430] [INFO] [controller] EPOCH 1 loss ppo:  -0.01184, loss val: 0.05743
[2022-11-24 00:06:36,465] [INFO] [controller] EPOCH 2 loss ppo:  -0.04731, loss val: 0.05534
[2022-11-24 00:06:36,500] [INFO] [controller] EPOCH 3 loss ppo:  -0.06464, loss val: 0.05547
[2022-11-24 00:06:36,539] [INFO] [controller] EPOCH 4 loss ppo:  -0.07686, loss val: 0.05334
[2022-11-24 00:06:36,548] [INFO] [runner_train_mujoco] Finished batch.
[2022-11-24 00:06:36,633] [INFO] [runner_train_mujoco] Starting simulation batch with mujoco.
[2022-11-24 00:06:36,633] [INFO] [runner_train_mujoco] Environment 0
[2022-11-24 00:06:43,585] [INFO] [runner_train_mujoco] Environment 1
[2022-11-24 00:06:50,104] [INFO] [runner_train_mujoco] Environment 2
[2022-11-24 00:06:56,448] [INFO] [runner_train_mujoco] Environment 3
[2022-11-24 00:07:02,778] [INFO] [runner_train_mujoco] Environment 4
[2022-11-24 00:07:09,119] [INFO] [runner_train_mujoco] Environment 5
[2022-11-24 00:07:15,731] [INFO] [runner_train_mujoco] Environment 6
[2022-11-24 00:07:22,737] [INFO] [runner_train_mujoco] Environment 7
[2022-11-24 00:07:29,449] [INFO] [runner_train_mujoco] Environment 8
[2022-11-24 00:07:35,910] [INFO] [runner_train_mujoco] Environment 9
[2022-11-24 00:07:42,477] [INFO] [runner_train_mujoco] Average cumulative reward after 150 steps: 0.5580985186676786
[2022-11-24 00:07:42,477] [INFO] [runner_train_mujoco] Average state value: 0.48305218595763044
[2022-11-24 00:07:42,478] [INFO] [controller] ITERATION NUM: 11
[2022-11-24 00:07:42,528] [INFO] [controller] EPOCH 1 loss ppo:  -0.01235, loss val: 0.06328
[2022-11-24 00:07:42,565] [INFO] [controller] EPOCH 2 loss ppo:  -0.04373, loss val: 0.06352
[2022-11-24 00:07:42,603] [INFO] [controller] EPOCH 3 loss ppo:  -0.06108, loss val: 0.06029
[2022-11-24 00:07:42,646] [INFO] [controller] EPOCH 4 loss ppo:  -0.07132, loss val: 0.05799
[2022-11-24 00:07:42,656] [INFO] [runner_train_mujoco] Finished batch.
[2022-11-24 00:07:42,753] [INFO] [runner_train_mujoco] Starting simulation batch with mujoco.
[2022-11-24 00:07:42,753] [INFO] [runner_train_mujoco] Environment 0
[2022-11-24 00:07:49,372] [INFO] [runner_train_mujoco] Environment 1
[2022-11-24 00:07:55,810] [INFO] [runner_train_mujoco] Environment 2
[2022-11-24 00:08:02,204] [INFO] [runner_train_mujoco] Environment 3
[2022-11-24 00:08:08,459] [INFO] [runner_train_mujoco] Environment 4
[2022-11-24 00:08:15,297] [INFO] [runner_train_mujoco] Environment 5
[2022-11-24 00:08:22,077] [INFO] [runner_train_mujoco] Environment 6
[2022-11-24 00:08:29,041] [INFO] [runner_train_mujoco] Environment 7
[2022-11-24 00:08:35,654] [INFO] [runner_train_mujoco] Environment 8
[2022-11-24 00:08:42,346] [INFO] [runner_train_mujoco] Environment 9
[2022-11-24 00:08:48,884] [INFO] [runner_train_mujoco] Average cumulative reward after 150 steps: 0.7435807091817507
[2022-11-24 00:08:48,884] [INFO] [runner_train_mujoco] Average state value: 0.5175693834324678
[2022-11-24 00:08:48,884] [INFO] [controller] ITERATION NUM: 12
[2022-11-24 00:08:48,931] [INFO] [controller] EPOCH 1 loss ppo:  -0.01239, loss val: 0.06056
[2022-11-24 00:08:48,963] [INFO] [controller] EPOCH 2 loss ppo:  -0.04461, loss val: 0.06008
[2022-11-24 00:08:49,001] [INFO] [controller] EPOCH 3 loss ppo:  -0.06448, loss val: 0.05968
[2022-11-24 00:08:49,038] [INFO] [controller] EPOCH 4 loss ppo:  -0.07860, loss val: 0.05892
[2022-11-24 00:08:49,044] [INFO] [runner_train_mujoco] Finished batch.
[2022-11-24 00:08:49,114] [INFO] [runner_train_mujoco] Starting simulation batch with mujoco.
[2022-11-24 00:08:49,114] [INFO] [runner_train_mujoco] Environment 0
[2022-11-24 00:08:55,907] [INFO] [runner_train_mujoco] Environment 1
[2022-11-24 00:09:02,436] [INFO] [runner_train_mujoco] Environment 2
[2022-11-24 00:09:08,818] [INFO] [runner_train_mujoco] Environment 3
[2022-11-24 00:09:15,010] [INFO] [runner_train_mujoco] Environment 4
[2022-11-24 00:09:21,512] [INFO] [runner_train_mujoco] Environment 5
[2022-11-24 00:09:28,128] [INFO] [runner_train_mujoco] Environment 6
[2022-11-24 00:09:35,054] [INFO] [runner_train_mujoco] Environment 7
[2022-11-24 00:09:41,587] [INFO] [runner_train_mujoco] Environment 8
[2022-11-24 00:09:48,483] [INFO] [runner_train_mujoco] Environment 9
[2022-11-24 00:09:55,052] [INFO] [runner_train_mujoco] Average cumulative reward after 150 steps: 0.7619378893384393
[2022-11-24 00:09:55,052] [INFO] [runner_train_mujoco] Average state value: 0.5316656511624653
[2022-11-24 00:09:55,052] [INFO] [controller] ITERATION NUM: 13
[2022-11-24 00:09:55,100] [INFO] [controller] EPOCH 1 loss ppo:  -0.01300, loss val: 0.05792
[2022-11-24 00:09:55,136] [INFO] [controller] EPOCH 2 loss ppo:  -0.04263, loss val: 0.05475
[2022-11-24 00:09:55,177] [INFO] [controller] EPOCH 3 loss ppo:  -0.06035, loss val: 0.05765
[2022-11-24 00:09:55,208] [INFO] [controller] EPOCH 4 loss ppo:  -0.07125, loss val: 0.05293
[2022-11-24 00:09:55,213] [INFO] [runner_train_mujoco] Finished batch.
[2022-11-24 00:09:55,285] [INFO] [runner_train_mujoco] Starting simulation batch with mujoco.
[2022-11-24 00:09:55,285] [INFO] [runner_train_mujoco] Environment 0
[2022-11-24 00:10:01,950] [INFO] [runner_train_mujoco] Environment 1
[2022-11-24 00:10:09,025] [INFO] [runner_train_mujoco] Environment 2
[2022-11-24 00:10:15,381] [INFO] [runner_train_mujoco] Environment 3
[2022-11-24 00:10:21,895] [INFO] [runner_train_mujoco] Environment 4
[2022-11-24 00:10:28,679] [INFO] [runner_train_mujoco] Environment 5
[2022-11-24 00:10:35,253] [INFO] [runner_train_mujoco] Environment 6
[2022-11-24 00:10:41,887] [INFO] [runner_train_mujoco] Environment 7
[2022-11-24 00:10:48,772] [INFO] [runner_train_mujoco] Environment 8
[2022-11-24 00:10:55,423] [INFO] [runner_train_mujoco] Environment 9
[2022-11-24 00:11:03,114] [INFO] [runner_train_mujoco] Average cumulative reward after 150 steps: 0.6405680719182276
[2022-11-24 00:11:03,114] [INFO] [runner_train_mujoco] Average state value: 0.5091260748704275
[2022-11-24 00:11:03,114] [INFO] [controller] ITERATION NUM: 14
[2022-11-24 00:11:03,164] [INFO] [controller] EPOCH 1 loss ppo:  -0.01069, loss val: 0.04723
[2022-11-24 00:11:03,203] [INFO] [controller] EPOCH 2 loss ppo:  -0.04177, loss val: 0.04692
[2022-11-24 00:11:03,307] [INFO] [controller] EPOCH 3 loss ppo:  -0.06043, loss val: 0.04311
[2022-11-24 00:11:03,350] [INFO] [controller] EPOCH 4 loss ppo:  -0.07443, loss val: 0.04148
[2022-11-24 00:11:03,359] [INFO] [runner_train_mujoco] Finished batch.
[2022-11-24 00:11:03,451] [INFO] [runner_train_mujoco] Starting simulation batch with mujoco.
[2022-11-24 00:11:03,452] [INFO] [runner_train_mujoco] Environment 0
[2022-11-24 00:11:10,725] [INFO] [runner_train_mujoco] Environment 1
[2022-11-24 00:11:17,574] [INFO] [runner_train_mujoco] Environment 2
[2022-11-24 00:11:24,107] [INFO] [runner_train_mujoco] Environment 3
[2022-11-24 00:11:30,597] [INFO] [runner_train_mujoco] Environment 4
[2022-11-24 00:11:37,408] [INFO] [runner_train_mujoco] Environment 5
[2022-11-24 00:11:43,913] [INFO] [runner_train_mujoco] Environment 6
[2022-11-24 00:11:50,589] [INFO] [runner_train_mujoco] Environment 7
[2022-11-24 00:11:57,592] [INFO] [runner_train_mujoco] Environment 8
[2022-11-24 00:12:04,233] [INFO] [runner_train_mujoco] Environment 9
[2022-11-24 00:12:10,631] [INFO] [runner_train_mujoco] Average cumulative reward after 150 steps: 1.280078849162082
[2022-11-24 00:12:10,631] [INFO] [runner_train_mujoco] Average state value: 0.45469958093265694
[2022-11-24 00:12:10,632] [INFO] [controller] ITERATION NUM: 15
[2022-11-24 00:12:10,678] [INFO] [controller] EPOCH 1 loss ppo:  -0.01494, loss val: 0.04032
[2022-11-24 00:12:10,722] [INFO] [controller] EPOCH 2 loss ppo:  -0.05122, loss val: 0.03995
[2022-11-24 00:12:10,764] [INFO] [controller] EPOCH 3 loss ppo:  -0.07464, loss val: 0.03984
[2022-11-24 00:12:10,803] [INFO] [controller] EPOCH 4 loss ppo:  -0.08593, loss val: 0.03970
[2022-11-24 00:12:10,810] [INFO] [runner_train_mujoco] Finished batch.
[2022-11-24 00:12:10,897] [INFO] [runner_train_mujoco] Starting simulation batch with mujoco.
[2022-11-24 00:12:10,898] [INFO] [runner_train_mujoco] Environment 0
[2022-11-24 00:12:17,565] [INFO] [runner_train_mujoco] Environment 1
[2022-11-24 00:12:24,316] [INFO] [runner_train_mujoco] Environment 2
[2022-11-24 00:12:30,768] [INFO] [runner_train_mujoco] Environment 3
[2022-11-24 00:12:37,259] [INFO] [runner_train_mujoco] Environment 4
[2022-11-24 00:12:43,670] [INFO] [runner_train_mujoco] Environment 5
[2022-11-24 00:12:50,152] [INFO] [runner_train_mujoco] Environment 6
[2022-11-24 00:12:57,017] [INFO] [runner_train_mujoco] Environment 7
[2022-11-24 00:13:03,578] [INFO] [runner_train_mujoco] Environment 8
[2022-11-24 00:13:10,132] [INFO] [runner_train_mujoco] Environment 9
[2022-11-24 00:13:16,537] [INFO] [runner_train_mujoco] Average cumulative reward after 150 steps: 1.151581645494148
[2022-11-24 00:13:16,538] [INFO] [runner_train_mujoco] Average state value: 0.41879188018043834
[2022-11-24 00:13:16,538] [INFO] [controller] ITERATION NUM: 16
[2022-11-24 00:13:16,584] [INFO] [controller] EPOCH 1 loss ppo:  -0.01578, loss val: 0.04054
[2022-11-24 00:13:16,622] [INFO] [controller] EPOCH 2 loss ppo:  -0.04929, loss val: 0.04184
[2022-11-24 00:13:16,663] [INFO] [controller] EPOCH 3 loss ppo:  -0.06849, loss val: 0.03892
[2022-11-24 00:13:16,702] [INFO] [controller] EPOCH 4 loss ppo:  -0.08196, loss val: 0.03867
[2022-11-24 00:13:16,708] [INFO] [runner_train_mujoco] Finished batch.
[2022-11-24 00:13:16,797] [INFO] [runner_train_mujoco] Starting simulation batch with mujoco.
[2022-11-24 00:13:16,798] [INFO] [runner_train_mujoco] Environment 0
[2022-11-24 00:13:23,557] [INFO] [runner_train_mujoco] Environment 1
[2022-11-24 00:13:30,190] [INFO] [runner_train_mujoco] Environment 2
[2022-11-24 00:13:36,457] [INFO] [runner_train_mujoco] Environment 3
[2022-11-24 00:13:43,250] [INFO] [runner_train_mujoco] Environment 4
[2022-11-24 00:13:50,233] [INFO] [runner_train_mujoco] Environment 5
[2022-11-24 00:13:56,601] [INFO] [runner_train_mujoco] Environment 6
[2022-11-24 00:14:03,570] [INFO] [runner_train_mujoco] Environment 7
[2022-11-24 00:14:10,019] [INFO] [runner_train_mujoco] Environment 8
[2022-11-24 00:14:16,669] [INFO] [runner_train_mujoco] Environment 9
[2022-11-24 00:14:23,202] [INFO] [runner_train_mujoco] Average cumulative reward after 150 steps: 1.3971020993668801
[2022-11-24 00:14:23,202] [INFO] [runner_train_mujoco] Average state value: 0.44319996136178574
[2022-11-24 00:14:23,202] [INFO] [controller] ITERATION NUM: 17
[2022-11-24 00:14:23,249] [INFO] [controller] EPOCH 1 loss ppo:  -0.01573, loss val: 0.05223
[2022-11-24 00:14:23,288] [INFO] [controller] EPOCH 2 loss ppo:  -0.04510, loss val: 0.05282
[2022-11-24 00:14:23,324] [INFO] [controller] EPOCH 3 loss ppo:  -0.06113, loss val: 0.04765
[2022-11-24 00:14:23,357] [INFO] [controller] EPOCH 4 loss ppo:  -0.07491, loss val: 0.04788
[2022-11-24 00:14:23,366] [INFO] [runner_train_mujoco] Finished batch.
[2022-11-24 00:14:23,438] [INFO] [runner_train_mujoco] Starting simulation batch with mujoco.
[2022-11-24 00:14:23,439] [INFO] [runner_train_mujoco] Environment 0
[2022-11-24 00:14:30,020] [INFO] [runner_train_mujoco] Environment 1
[2022-11-24 00:14:36,504] [INFO] [runner_train_mujoco] Environment 2
[2022-11-24 00:14:42,856] [INFO] [runner_train_mujoco] Environment 3
[2022-11-24 00:14:49,509] [INFO] [runner_train_mujoco] Environment 4
[2022-11-24 00:14:55,977] [INFO] [runner_train_mujoco] Environment 5
[2022-11-24 00:15:03,002] [INFO] [runner_train_mujoco] Environment 6
[2022-11-24 00:15:11,452] [INFO] [runner_train_mujoco] Environment 7
[2022-11-24 00:15:19,727] [INFO] [runner_train_mujoco] Environment 8
[2022-11-24 00:15:28,084] [INFO] [runner_train_mujoco] Environment 9
[2022-11-24 00:15:35,509] [INFO] [runner_train_mujoco] Average cumulative reward after 150 steps: 1.6975464209861257
[2022-11-24 00:15:35,509] [INFO] [runner_train_mujoco] Average state value: 0.4951610975662867
[2022-11-24 00:15:35,509] [INFO] [controller] ITERATION NUM: 18
[2022-11-24 00:15:35,561] [INFO] [controller] EPOCH 1 loss ppo:  -0.01502, loss val: 0.04105
[2022-11-24 00:15:35,609] [INFO] [controller] EPOCH 2 loss ppo:  -0.05125, loss val: 0.04187
[2022-11-24 00:15:35,655] [INFO] [controller] EPOCH 3 loss ppo:  -0.06843, loss val: 0.04273
[2022-11-24 00:15:35,697] [INFO] [controller] EPOCH 4 loss ppo:  -0.08188, loss val: 0.04180
[2022-11-24 00:15:35,703] [INFO] [runner_train_mujoco] Finished batch.
[2022-11-24 00:15:35,795] [INFO] [runner_train_mujoco] Starting simulation batch with mujoco.
[2022-11-24 00:15:35,795] [INFO] [runner_train_mujoco] Environment 0
[2022-11-24 00:15:43,511] [INFO] [runner_train_mujoco] Environment 1
[2022-11-24 00:15:50,910] [INFO] [runner_train_mujoco] Environment 2
[2022-11-24 00:15:58,493] [INFO] [runner_train_mujoco] Environment 3
[2022-11-24 00:16:06,047] [INFO] [runner_train_mujoco] Environment 4
[2022-11-24 00:16:13,599] [INFO] [runner_train_mujoco] Environment 5
[2022-11-24 00:16:21,243] [INFO] [runner_train_mujoco] Environment 6
[2022-11-24 00:16:29,098] [INFO] [runner_train_mujoco] Environment 7
[2022-11-24 00:16:36,191] [INFO] [runner_train_mujoco] Environment 8
[2022-11-24 00:16:43,602] [INFO] [runner_train_mujoco] Environment 9
[2022-11-24 00:16:50,459] [INFO] [runner_train_mujoco] Average cumulative reward after 150 steps: 1.6803108269360216
[2022-11-24 00:16:50,459] [INFO] [runner_train_mujoco] Average state value: 0.5117047962248324
[2022-11-24 00:16:50,459] [INFO] [controller] ITERATION NUM: 19
[2022-11-24 00:16:50,509] [INFO] [controller] EPOCH 1 loss ppo:  -0.01447, loss val: 0.05195
[2022-11-24 00:16:50,549] [INFO] [controller] EPOCH 2 loss ppo:  -0.04350, loss val: 0.04927
[2022-11-24 00:16:50,590] [INFO] [controller] EPOCH 3 loss ppo:  -0.06264, loss val: 0.04616
[2022-11-24 00:16:50,631] [INFO] [controller] EPOCH 4 loss ppo:  -0.07452, loss val: 0.04446
[2022-11-24 00:16:50,641] [INFO] [runner_train_mujoco] Finished batch.
[2022-11-24 00:16:50,730] [INFO] [runner_train_mujoco] Starting simulation batch with mujoco.
[2022-11-24 00:16:50,730] [INFO] [runner_train_mujoco] Environment 0
[2022-11-24 00:16:58,557] [INFO] [runner_train_mujoco] Environment 1
[2022-11-24 00:17:06,303] [INFO] [runner_train_mujoco] Environment 2
[2022-11-24 00:17:14,418] [INFO] [runner_train_mujoco] Environment 3
[2022-11-24 00:17:22,254] [INFO] [runner_train_mujoco] Environment 4
[2022-11-24 00:17:29,817] [INFO] [runner_train_mujoco] Environment 5
[2022-11-24 00:17:36,902] [INFO] [runner_train_mujoco] Environment 6
[2022-11-24 00:17:44,819] [INFO] [runner_train_mujoco] Environment 7
[2022-11-24 00:17:51,719] [INFO] [runner_train_mujoco] Environment 8
[2022-11-24 00:17:59,852] [INFO] [runner_train_mujoco] Environment 9
[2022-11-24 00:18:06,987] [INFO] [runner_train_mujoco] Average cumulative reward after 150 steps: 2.0965640201145606
[2022-11-24 00:18:06,988] [INFO] [runner_train_mujoco] Average state value: 0.4609630047579607
[2022-11-24 00:18:06,988] [INFO] [controller] ITERATION NUM: 20
[2022-11-24 00:18:07,044] [INFO] [controller] EPOCH 1 loss ppo:  -0.01517, loss val: 0.05055
[2022-11-24 00:18:07,085] [INFO] [controller] EPOCH 2 loss ppo:  -0.03972, loss val: 0.05187
[2022-11-24 00:18:07,120] [INFO] [controller] EPOCH 3 loss ppo:  -0.05539, loss val: 0.04972
[2022-11-24 00:18:07,154] [INFO] [controller] EPOCH 4 loss ppo:  -0.06974, loss val: 0.04772
[2022-11-24 00:18:07,163] [INFO] [runner_train_mujoco] Finished batch.
[2022-11-24 00:18:07,255] [INFO] [runner_train_mujoco] Starting simulation batch with mujoco.
[2022-11-24 00:18:07,256] [INFO] [runner_train_mujoco] Environment 0
[2022-11-24 00:18:14,885] [INFO] [runner_train_mujoco] Environment 1
[2022-11-24 00:18:24,160] [INFO] [runner_train_mujoco] Environment 2
[2022-11-24 00:18:31,788] [INFO] [runner_train_mujoco] Environment 3
[2022-11-24 00:18:39,576] [INFO] [runner_train_mujoco] Environment 4
[2022-11-24 00:18:47,122] [INFO] [runner_train_mujoco] Environment 5
[2022-11-24 00:18:54,830] [INFO] [runner_train_mujoco] Environment 6
[2022-11-24 00:19:03,075] [INFO] [runner_train_mujoco] Environment 7
[2022-11-24 00:19:10,580] [INFO] [runner_train_mujoco] Environment 8
[2022-11-24 00:19:18,603] [INFO] [runner_train_mujoco] Environment 9
[2022-11-24 00:19:25,874] [INFO] [runner_train_mujoco] Average cumulative reward after 150 steps: 2.658224673824253
[2022-11-24 00:19:25,874] [INFO] [runner_train_mujoco] Average state value: 0.4728299398223559
[2022-11-24 00:19:25,874] [INFO] [controller] ITERATION NUM: 21
[2022-11-24 00:19:25,926] [INFO] [controller] EPOCH 1 loss ppo:  -0.01521, loss val: 0.04729
[2022-11-24 00:19:25,970] [INFO] [controller] EPOCH 2 loss ppo:  -0.04539, loss val: 0.05009
[2022-11-24 00:19:26,012] [INFO] [controller] EPOCH 3 loss ppo:  -0.06416, loss val: 0.04736
[2022-11-24 00:19:26,051] [INFO] [controller] EPOCH 4 loss ppo:  -0.07986, loss val: 0.04881
[2022-11-24 00:19:26,059] [INFO] [runner_train_mujoco] Finished batch.
[2022-11-24 00:19:26,152] [INFO] [runner_train_mujoco] Starting simulation batch with mujoco.
[2022-11-24 00:19:26,152] [INFO] [runner_train_mujoco] Environment 0
[2022-11-24 00:19:34,019] [INFO] [runner_train_mujoco] Environment 1
[2022-11-24 00:19:42,057] [INFO] [runner_train_mujoco] Environment 2
[2022-11-24 00:19:49,857] [INFO] [runner_train_mujoco] Environment 3
[2022-11-24 00:19:57,396] [INFO] [runner_train_mujoco] Environment 4
[2022-11-24 00:20:04,984] [INFO] [runner_train_mujoco] Environment 5
[2022-11-24 00:20:12,659] [INFO] [runner_train_mujoco] Environment 6
[2022-11-24 00:20:20,103] [INFO] [runner_train_mujoco] Environment 7
[2022-11-24 00:20:27,737] [INFO] [runner_train_mujoco] Environment 8
[2022-11-24 00:20:35,046] [INFO] [runner_train_mujoco] Environment 9
[2022-11-24 00:20:42,523] [INFO] [runner_train_mujoco] Average cumulative reward after 150 steps: 2.395776269294146
[2022-11-24 00:20:42,523] [INFO] [runner_train_mujoco] Average state value: 0.48567632183432574
[2022-11-24 00:20:42,523] [INFO] [controller] ITERATION NUM: 22
[2022-11-24 00:20:42,572] [INFO] [controller] EPOCH 1 loss ppo:  -0.01562, loss val: 0.04166
[2022-11-24 00:20:42,615] [INFO] [controller] EPOCH 2 loss ppo:  -0.04303, loss val: 0.04144
[2022-11-24 00:20:42,658] [INFO] [controller] EPOCH 3 loss ppo:  -0.06128, loss val: 0.04130
[2022-11-24 00:20:42,702] [INFO] [controller] EPOCH 4 loss ppo:  -0.07722, loss val: 0.04089
[2022-11-24 00:20:42,712] [INFO] [runner_train_mujoco] Finished batch.
[2022-11-24 00:20:42,802] [INFO] [runner_train_mujoco] Starting simulation batch with mujoco.
[2022-11-24 00:20:42,803] [INFO] [runner_train_mujoco] Environment 0
[2022-11-24 00:20:50,328] [INFO] [runner_train_mujoco] Environment 1
[2022-11-24 00:20:58,161] [INFO] [runner_train_mujoco] Environment 2
[2022-11-24 00:21:05,849] [INFO] [runner_train_mujoco] Environment 3
[2022-11-24 00:21:13,298] [INFO] [runner_train_mujoco] Environment 4
[2022-11-24 00:21:20,321] [INFO] [runner_train_mujoco] Environment 5
[2022-11-24 00:21:27,998] [INFO] [runner_train_mujoco] Environment 6
[2022-11-24 00:21:36,142] [INFO] [runner_train_mujoco] Environment 7
[2022-11-24 00:21:44,003] [INFO] [runner_train_mujoco] Environment 8
[2022-11-24 00:21:51,465] [INFO] [runner_train_mujoco] Environment 9
[2022-11-24 00:21:58,973] [INFO] [runner_train_mujoco] Average cumulative reward after 150 steps: 2.5918016361110015
[2022-11-24 00:21:58,973] [INFO] [runner_train_mujoco] Average state value: 0.5042972234735885
[2022-11-24 00:21:58,973] [INFO] [controller] ITERATION NUM: 23
[2022-11-24 00:21:59,021] [INFO] [controller] EPOCH 1 loss ppo:  -0.01390, loss val: 0.03614
[2022-11-24 00:21:59,058] [INFO] [controller] EPOCH 2 loss ppo:  -0.04038, loss val: 0.03599
[2022-11-24 00:21:59,098] [INFO] [controller] EPOCH 3 loss ppo:  -0.06045, loss val: 0.03732
[2022-11-24 00:21:59,139] [INFO] [controller] EPOCH 4 loss ppo:  -0.07356, loss val: 0.03568
[2022-11-24 00:21:59,146] [INFO] [runner_train_mujoco] Finished batch.
[2022-11-24 00:21:59,262] [INFO] [runner_train_mujoco] Starting simulation batch with mujoco.
[2022-11-24 00:21:59,263] [INFO] [runner_train_mujoco] Environment 0
[2022-11-24 00:22:07,090] [INFO] [runner_train_mujoco] Environment 1
[2022-11-24 00:22:14,606] [INFO] [runner_train_mujoco] Environment 2
[2022-11-24 00:22:22,225] [INFO] [runner_train_mujoco] Environment 3
[2022-11-24 00:22:29,747] [INFO] [runner_train_mujoco] Environment 4
[2022-11-24 00:22:37,218] [INFO] [runner_train_mujoco] Environment 5
[2022-11-24 00:22:44,044] [INFO] [runner_train_mujoco] Environment 6
[2022-11-24 00:22:51,298] [INFO] [runner_train_mujoco] Environment 7
[2022-11-24 00:22:58,509] [INFO] [runner_train_mujoco] Environment 8
[2022-11-24 00:23:06,090] [INFO] [runner_train_mujoco] Environment 9
[2022-11-24 00:23:13,180] [INFO] [runner_train_mujoco] Average cumulative reward after 150 steps: 2.8917618771339777
[2022-11-24 00:23:13,180] [INFO] [runner_train_mujoco] Average state value: 0.49258214199543
[2022-11-24 00:23:13,180] [INFO] [controller] ITERATION NUM: 24
[2022-11-24 00:23:13,228] [INFO] [controller] EPOCH 1 loss ppo:  -0.01609, loss val: 0.03764
[2022-11-24 00:23:13,269] [INFO] [controller] EPOCH 2 loss ppo:  -0.04455, loss val: 0.03747
[2022-11-24 00:23:13,321] [INFO] [controller] EPOCH 3 loss ppo:  -0.05913, loss val: 0.03644
[2022-11-24 00:23:13,377] [INFO] [controller] EPOCH 4 loss ppo:  -0.07448, loss val: 0.03530
[2022-11-24 00:23:13,387] [INFO] [runner_train_mujoco] Finished batch.
[2022-11-24 00:23:13,487] [INFO] [runner_train_mujoco] Starting simulation batch with mujoco.
[2022-11-24 00:23:13,488] [INFO] [runner_train_mujoco] Environment 0
[2022-11-24 00:23:21,053] [INFO] [runner_train_mujoco] Environment 1
[2022-11-24 00:23:28,669] [INFO] [runner_train_mujoco] Environment 2
[2022-11-24 00:23:36,329] [INFO] [runner_train_mujoco] Environment 3
[2022-11-24 00:23:43,675] [INFO] [runner_train_mujoco] Environment 4
[2022-11-24 00:23:51,216] [INFO] [runner_train_mujoco] Environment 5
[2022-11-24 00:23:58,183] [INFO] [runner_train_mujoco] Environment 6
[2022-11-24 00:24:05,738] [INFO] [runner_train_mujoco] Environment 7
[2022-11-24 00:24:13,325] [INFO] [runner_train_mujoco] Environment 8
[2022-11-24 00:24:20,856] [INFO] [runner_train_mujoco] Environment 9
[2022-11-24 00:24:28,394] [INFO] [runner_train_mujoco] Average cumulative reward after 150 steps: 3.286716362924145
[2022-11-24 00:24:28,394] [INFO] [runner_train_mujoco] Average state value: 0.5217184337377547
[2022-11-24 00:24:28,394] [INFO] [controller] ITERATION NUM: 25
[2022-11-24 00:24:28,440] [INFO] [controller] EPOCH 1 loss ppo:  -0.01620, loss val: 0.04358
[2022-11-24 00:24:28,478] [INFO] [controller] EPOCH 2 loss ppo:  -0.04541, loss val: 0.04258
[2022-11-24 00:24:28,517] [INFO] [controller] EPOCH 3 loss ppo:  -0.06428, loss val: 0.04203
[2022-11-24 00:24:28,555] [INFO] [controller] EPOCH 4 loss ppo:  -0.07700, loss val: 0.04206
[2022-11-24 00:24:28,561] [INFO] [runner_train_mujoco] Finished batch.
[2022-11-24 00:24:28,653] [INFO] [runner_train_mujoco] Starting simulation batch with mujoco.
[2022-11-24 00:24:28,653] [INFO] [runner_train_mujoco] Environment 0
[2022-11-24 00:24:36,818] [INFO] [runner_train_mujoco] Environment 1
[2022-11-24 00:24:44,642] [INFO] [runner_train_mujoco] Environment 2
[2022-11-24 00:24:52,861] [INFO] [runner_train_mujoco] Environment 3
[2022-11-24 00:25:00,535] [INFO] [runner_train_mujoco] Environment 4
[2022-11-24 00:25:08,052] [INFO] [runner_train_mujoco] Environment 5
[2022-11-24 00:25:15,505] [INFO] [runner_train_mujoco] Environment 6
[2022-11-24 00:25:22,900] [INFO] [runner_train_mujoco] Environment 7
[2022-11-24 00:25:30,235] [INFO] [runner_train_mujoco] Environment 8
[2022-11-24 00:25:37,701] [INFO] [runner_train_mujoco] Environment 9
[2022-11-24 00:25:44,933] [INFO] [runner_train_mujoco] Average cumulative reward after 150 steps: 3.2872604944843244
[2022-11-24 00:25:44,934] [INFO] [runner_train_mujoco] Average state value: 0.5672167165676752
[2022-11-24 00:25:44,934] [INFO] [controller] ITERATION NUM: 26
[2022-11-24 00:25:44,980] [INFO] [controller] EPOCH 1 loss ppo:  -0.01453, loss val: 0.06349
[2022-11-24 00:25:45,016] [INFO] [controller] EPOCH 2 loss ppo:  -0.03614, loss val: 0.06323
[2022-11-24 00:25:45,054] [INFO] [controller] EPOCH 3 loss ppo:  -0.04860, loss val: 0.06100
[2022-11-24 00:25:45,091] [INFO] [controller] EPOCH 4 loss ppo:  -0.06079, loss val: 0.05734
[2022-11-24 00:25:45,101] [INFO] [runner_train_mujoco] Finished batch.
[2022-11-24 00:25:45,194] [INFO] [runner_train_mujoco] Starting simulation batch with mujoco.
[2022-11-24 00:25:45,194] [INFO] [runner_train_mujoco] Environment 0
[2022-11-24 00:25:53,121] [INFO] [runner_train_mujoco] Environment 1
[2022-11-24 00:26:01,631] [INFO] [runner_train_mujoco] Environment 2
[2022-11-24 00:26:08,943] [INFO] [runner_train_mujoco] Environment 3
[2022-11-24 00:26:16,467] [INFO] [runner_train_mujoco] Environment 4
[2022-11-24 00:26:23,414] [INFO] [runner_train_mujoco] Environment 5
[2022-11-24 00:26:30,684] [INFO] [runner_train_mujoco] Environment 6
[2022-11-24 00:26:38,305] [INFO] [runner_train_mujoco] Environment 7
[2022-11-24 00:26:45,539] [INFO] [runner_train_mujoco] Environment 8
[2022-11-24 00:26:53,172] [INFO] [runner_train_mujoco] Environment 9
[2022-11-24 00:27:00,443] [INFO] [runner_train_mujoco] Average cumulative reward after 150 steps: 3.622938034192498
[2022-11-24 00:27:00,444] [INFO] [runner_train_mujoco] Average state value: 0.5327035019497076
[2022-11-24 00:27:00,444] [INFO] [controller] ITERATION NUM: 27
[2022-11-24 00:27:00,496] [INFO] [controller] EPOCH 1 loss ppo:  -0.01356, loss val: 0.05849
[2022-11-24 00:27:00,539] [INFO] [controller] EPOCH 2 loss ppo:  -0.03684, loss val: 0.05480
[2022-11-24 00:27:00,581] [INFO] [controller] EPOCH 3 loss ppo:  -0.05414, loss val: 0.05036
[2022-11-24 00:27:00,627] [INFO] [controller] EPOCH 4 loss ppo:  -0.07169, loss val: 0.04727
[2022-11-24 00:27:00,638] [INFO] [runner_train_mujoco] Finished batch.
[2022-11-24 00:27:00,731] [INFO] [runner_train_mujoco] Starting simulation batch with mujoco.
[2022-11-24 00:27:00,732] [INFO] [runner_train_mujoco] Environment 0
[2022-11-24 00:27:08,339] [INFO] [runner_train_mujoco] Environment 1
[2022-11-24 00:27:16,003] [INFO] [runner_train_mujoco] Environment 2
[2022-11-24 00:27:23,461] [INFO] [runner_train_mujoco] Environment 3
[2022-11-24 00:27:30,749] [INFO] [runner_train_mujoco] Environment 4
[2022-11-24 00:27:37,930] [INFO] [runner_train_mujoco] Environment 5
[2022-11-24 00:27:45,304] [INFO] [runner_train_mujoco] Environment 6
[2022-11-24 00:27:53,032] [INFO] [runner_train_mujoco] Environment 7
[2022-11-24 00:28:00,407] [INFO] [runner_train_mujoco] Environment 8
[2022-11-24 00:28:07,840] [INFO] [runner_train_mujoco] Environment 9
[2022-11-24 00:28:15,813] [INFO] [runner_train_mujoco] Average cumulative reward after 150 steps: 3.9330603279004883
[2022-11-24 00:28:15,813] [INFO] [runner_train_mujoco] Average state value: 0.44352145591378217
[2022-11-24 00:28:15,813] [INFO] [controller] ITERATION NUM: 28
[2022-11-24 00:28:15,867] [INFO] [controller] EPOCH 1 loss ppo:  -0.01541, loss val: 0.04895
[2022-11-24 00:28:15,919] [INFO] [controller] EPOCH 2 loss ppo:  -0.03570, loss val: 0.05211
[2022-11-24 00:28:15,959] [INFO] [controller] EPOCH 3 loss ppo:  -0.04999, loss val: 0.05205
[2022-11-24 00:28:16,001] [INFO] [controller] EPOCH 4 loss ppo:  -0.06694, loss val: 0.05209
[2022-11-24 00:28:16,007] [INFO] [runner_train_mujoco] Finished batch.
[2022-11-24 00:28:16,080] [INFO] [runner_train_mujoco] Starting simulation batch with mujoco.
[2022-11-24 00:28:16,080] [INFO] [runner_train_mujoco] Environment 0
[2022-11-24 00:28:23,316] [INFO] [runner_train_mujoco] Environment 1
[2022-11-24 00:28:31,184] [INFO] [runner_train_mujoco] Environment 2
[2022-11-24 00:28:38,671] [INFO] [runner_train_mujoco] Environment 3
[2022-11-24 00:28:46,266] [INFO] [runner_train_mujoco] Environment 4
[2022-11-24 00:28:53,704] [INFO] [runner_train_mujoco] Environment 5
[2022-11-24 00:29:01,040] [INFO] [runner_train_mujoco] Environment 6
[2022-11-24 00:29:08,715] [INFO] [runner_train_mujoco] Environment 7
[2022-11-24 00:29:16,214] [INFO] [runner_train_mujoco] Environment 8
[2022-11-24 00:29:23,593] [INFO] [runner_train_mujoco] Environment 9
[2022-11-24 00:29:33,024] [INFO] [runner_train_mujoco] Average cumulative reward after 150 steps: 3.510268008273237
[2022-11-24 00:29:33,025] [INFO] [runner_train_mujoco] Average state value: 0.42010536867504317
[2022-11-24 00:29:33,025] [INFO] [controller] ITERATION NUM: 29
[2022-11-24 00:29:33,090] [INFO] [controller] EPOCH 1 loss ppo:  -0.01505, loss val: 0.05116
[2022-11-24 00:29:33,136] [INFO] [controller] EPOCH 2 loss ppo:  -0.03694, loss val: 0.05026
[2022-11-24 00:29:33,183] [INFO] [controller] EPOCH 3 loss ppo:  -0.05372, loss val: 0.04906
[2022-11-24 00:29:33,251] [INFO] [controller] EPOCH 4 loss ppo:  -0.07149, loss val: 0.05118
[2022-11-24 00:29:33,264] [INFO] [runner_train_mujoco] Finished batch.
[2022-11-24 00:29:33,373] [INFO] [runner_train_mujoco] Starting simulation batch with mujoco.
[2022-11-24 00:29:33,374] [INFO] [runner_train_mujoco] Environment 0
[2022-11-24 00:29:41,879] [INFO] [runner_train_mujoco] Environment 1
[2022-11-24 00:29:50,280] [INFO] [runner_train_mujoco] Environment 2
[2022-11-24 00:29:58,665] [INFO] [runner_train_mujoco] Environment 3
[2022-11-24 00:30:07,429] [INFO] [runner_train_mujoco] Environment 4
[2022-11-24 00:30:15,737] [INFO] [runner_train_mujoco] Environment 5
[2022-11-24 00:30:24,564] [INFO] [runner_train_mujoco] Environment 6
[2022-11-24 00:30:33,716] [INFO] [runner_train_mujoco] Environment 7
[2022-11-24 00:30:42,642] [INFO] [runner_train_mujoco] Environment 8
[2022-11-24 00:30:51,255] [INFO] [runner_train_mujoco] Environment 9
[2022-11-24 00:30:59,694] [INFO] [runner_train_mujoco] Average cumulative reward after 150 steps: 4.210797720675547
[2022-11-24 00:30:59,694] [INFO] [runner_train_mujoco] Average state value: 0.45533218926191327
[2022-11-24 00:30:59,694] [INFO] [controller] ITERATION NUM: 30
[2022-11-24 00:30:59,746] [INFO] [controller] EPOCH 1 loss ppo:  -0.01160, loss val: 0.03745
[2022-11-24 00:30:59,784] [INFO] [controller] EPOCH 2 loss ppo:  -0.03389, loss val: 0.03881
[2022-11-24 00:30:59,828] [INFO] [controller] EPOCH 3 loss ppo:  -0.05096, loss val: 0.03811
[2022-11-24 00:30:59,870] [INFO] [controller] EPOCH 4 loss ppo:  -0.06338, loss val: 0.03714
[2022-11-24 00:30:59,880] [INFO] [runner_train_mujoco] Finished batch.
[2022-11-24 00:30:59,963] [INFO] [runner_train_mujoco] Starting simulation batch with mujoco.
[2022-11-24 00:30:59,963] [INFO] [runner_train_mujoco] Environment 0
[2022-11-24 00:31:09,131] [INFO] [runner_train_mujoco] Environment 1
[2022-11-24 00:31:17,829] [INFO] [runner_train_mujoco] Environment 2
[2022-11-24 00:31:26,066] [INFO] [runner_train_mujoco] Environment 3
[2022-11-24 00:31:34,607] [INFO] [runner_train_mujoco] Environment 4
[2022-11-24 00:31:43,284] [INFO] [runner_train_mujoco] Environment 5
[2022-11-24 00:31:51,992] [INFO] [runner_train_mujoco] Environment 6
[2022-11-24 00:32:00,669] [INFO] [runner_train_mujoco] Environment 7
[2022-11-24 00:32:09,215] [INFO] [runner_train_mujoco] Environment 8
[2022-11-24 00:32:17,708] [INFO] [runner_train_mujoco] Environment 9
[2022-11-24 00:32:25,702] [INFO] [runner_train_mujoco] Average cumulative reward after 150 steps: 4.472726891190437
[2022-11-24 00:32:25,702] [INFO] [runner_train_mujoco] Average state value: 0.4993675899356603
[2022-11-24 00:32:25,703] [INFO] [controller] ITERATION NUM: 31
[2022-11-24 00:32:25,761] [INFO] [controller] EPOCH 1 loss ppo:  -0.01477, loss val: 0.04422
[2022-11-24 00:32:25,803] [INFO] [controller] EPOCH 2 loss ppo:  -0.03536, loss val: 0.04470
[2022-11-24 00:32:25,908] [INFO] [controller] EPOCH 3 loss ppo:  -0.04941, loss val: 0.04411
[2022-11-24 00:32:25,954] [INFO] [controller] EPOCH 4 loss ppo:  -0.06416, loss val: 0.04259
[2022-11-24 00:32:25,965] [INFO] [runner_train_mujoco] Finished batch.
[2022-11-24 00:32:26,078] [INFO] [runner_train_mujoco] Starting simulation batch with mujoco.
[2022-11-24 00:32:26,078] [INFO] [runner_train_mujoco] Environment 0
[2022-11-24 00:32:35,159] [INFO] [runner_train_mujoco] Environment 1
[2022-11-24 00:32:43,910] [INFO] [runner_train_mujoco] Environment 2
[2022-11-24 00:32:52,308] [INFO] [runner_train_mujoco] Environment 3
[2022-11-24 00:33:00,871] [INFO] [runner_train_mujoco] Environment 4
[2022-11-24 00:33:08,563] [INFO] [runner_train_mujoco] Environment 5
[2022-11-24 00:33:17,117] [INFO] [runner_train_mujoco] Environment 6
[2022-11-24 00:33:25,526] [INFO] [runner_train_mujoco] Environment 7
[2022-11-24 00:33:34,194] [INFO] [runner_train_mujoco] Environment 8
[2022-11-24 00:33:42,622] [INFO] [runner_train_mujoco] Environment 9
[2022-11-24 00:33:51,398] [INFO] [runner_train_mujoco] Average cumulative reward after 150 steps: 4.41538251174032
[2022-11-24 00:33:51,399] [INFO] [runner_train_mujoco] Average state value: 0.48497457090020174
[2022-11-24 00:33:51,399] [INFO] [controller] ITERATION NUM: 32
[2022-11-24 00:33:51,452] [INFO] [controller] EPOCH 1 loss ppo:  -0.01431, loss val: 0.04084
[2022-11-24 00:33:51,502] [INFO] [controller] EPOCH 2 loss ppo:  -0.03462, loss val: 0.04166
[2022-11-24 00:33:51,548] [INFO] [controller] EPOCH 3 loss ppo:  -0.05532, loss val: 0.04109
[2022-11-24 00:33:51,599] [INFO] [controller] EPOCH 4 loss ppo:  -0.07162, loss val: 0.04113
[2022-11-24 00:33:51,609] [INFO] [runner_train_mujoco] Finished batch.
[2022-11-24 00:33:51,718] [INFO] [runner_train_mujoco] Starting simulation batch with mujoco.
[2022-11-24 00:33:51,719] [INFO] [runner_train_mujoco] Environment 0
[2022-11-24 00:34:00,572] [INFO] [runner_train_mujoco] Environment 1
[2022-11-24 00:34:08,989] [INFO] [runner_train_mujoco] Environment 2
[2022-11-24 00:34:16,886] [INFO] [runner_train_mujoco] Environment 3
[2022-11-24 00:34:25,102] [INFO] [runner_train_mujoco] Environment 4
[2022-11-24 00:34:33,633] [INFO] [runner_train_mujoco] Environment 5
[2022-11-24 00:34:42,491] [INFO] [runner_train_mujoco] Environment 6
[2022-11-24 00:34:51,594] [INFO] [runner_train_mujoco] Environment 7
[2022-11-24 00:35:00,141] [INFO] [runner_train_mujoco] Environment 8
[2022-11-24 00:35:08,309] [INFO] [runner_train_mujoco] Environment 9
[2022-11-24 00:35:16,768] [INFO] [runner_train_mujoco] Average cumulative reward after 150 steps: 4.673811082303045
[2022-11-24 00:35:16,768] [INFO] [runner_train_mujoco] Average state value: 0.46455976465344434
[2022-11-24 00:35:16,768] [INFO] [controller] ITERATION NUM: 33
[2022-11-24 00:35:16,838] [INFO] [controller] EPOCH 1 loss ppo:  -0.01528, loss val: 0.03394
[2022-11-24 00:35:16,882] [INFO] [controller] EPOCH 2 loss ppo:  -0.03712, loss val: 0.03479
[2022-11-24 00:35:16,924] [INFO] [controller] EPOCH 3 loss ppo:  -0.05206, loss val: 0.03366
[2022-11-24 00:35:16,963] [INFO] [controller] EPOCH 4 loss ppo:  -0.06522, loss val: 0.03393
[2022-11-24 00:35:16,972] [INFO] [runner_train_mujoco] Finished batch.
[2022-11-24 00:35:17,066] [INFO] [runner_train_mujoco] Starting simulation batch with mujoco.
[2022-11-24 00:35:17,066] [INFO] [runner_train_mujoco] Environment 0
[2022-11-24 00:35:26,020] [INFO] [runner_train_mujoco] Environment 1
[2022-11-24 00:35:34,176] [INFO] [runner_train_mujoco] Environment 2
[2022-11-24 00:35:42,254] [INFO] [runner_train_mujoco] Environment 3
[2022-11-24 00:35:50,525] [INFO] [runner_train_mujoco] Environment 4
[2022-11-24 00:35:59,026] [INFO] [runner_train_mujoco] Environment 5
[2022-11-24 00:36:08,019] [INFO] [runner_train_mujoco] Environment 6
[2022-11-24 00:36:16,130] [INFO] [runner_train_mujoco] Environment 7
[2022-11-24 00:36:24,217] [INFO] [runner_train_mujoco] Environment 8
[2022-11-24 00:36:32,549] [INFO] [runner_train_mujoco] Environment 9
[2022-11-24 00:36:40,923] [INFO] [runner_train_mujoco] Average cumulative reward after 150 steps: 4.448828107712279
[2022-11-24 00:36:40,924] [INFO] [runner_train_mujoco] Average state value: 0.44357789191044866
[2022-11-24 00:36:40,924] [INFO] [controller] ITERATION NUM: 34
[2022-11-24 00:36:40,975] [INFO] [controller] EPOCH 1 loss ppo:  -0.01547, loss val: 0.05654
[2022-11-24 00:36:41,026] [INFO] [controller] EPOCH 2 loss ppo:  -0.03823, loss val: 0.06132
[2022-11-24 00:36:41,078] [INFO] [controller] EPOCH 3 loss ppo:  -0.05153, loss val: 0.05349
[2022-11-24 00:36:41,121] [INFO] [controller] EPOCH 4 loss ppo:  -0.07128, loss val: 0.05330
[2022-11-24 00:36:41,130] [INFO] [runner_train_mujoco] Finished batch.
[2022-11-24 00:36:41,223] [INFO] [runner_train_mujoco] Starting simulation batch with mujoco.
[2022-11-24 00:36:41,224] [INFO] [runner_train_mujoco] Environment 0
[2022-11-24 00:36:50,194] [INFO] [runner_train_mujoco] Environment 1
[2022-11-24 00:36:58,397] [INFO] [runner_train_mujoco] Environment 2
[2022-11-24 00:37:07,097] [INFO] [runner_train_mujoco] Environment 3
[2022-11-24 00:37:15,505] [INFO] [runner_train_mujoco] Environment 4
[2022-11-24 00:37:23,641] [INFO] [runner_train_mujoco] Environment 5
[2022-11-24 00:37:32,219] [INFO] [runner_train_mujoco] Environment 6
[2022-11-24 00:37:41,041] [INFO] [runner_train_mujoco] Environment 7
[2022-11-24 00:37:49,999] [INFO] [runner_train_mujoco] Environment 8
[2022-11-24 00:37:58,775] [INFO] [runner_train_mujoco] Environment 9
[2022-11-24 00:38:07,783] [INFO] [runner_train_mujoco] Average cumulative reward after 150 steps: 4.803328155974457
[2022-11-24 00:38:07,783] [INFO] [runner_train_mujoco] Average state value: 0.4776937903637687
[2022-11-24 00:38:07,783] [INFO] [controller] ITERATION NUM: 35
[2022-11-24 00:38:07,843] [INFO] [controller] EPOCH 1 loss ppo:  -0.01329, loss val: 0.04935
[2022-11-24 00:38:07,883] [INFO] [controller] EPOCH 2 loss ppo:  -0.03214, loss val: 0.04980
[2022-11-24 00:38:07,930] [INFO] [controller] EPOCH 3 loss ppo:  -0.05357, loss val: 0.04950
[2022-11-24 00:38:07,975] [INFO] [controller] EPOCH 4 loss ppo:  -0.06721, loss val: 0.05001
[2022-11-24 00:38:07,984] [INFO] [runner_train_mujoco] Finished batch.
[2022-11-24 00:38:08,084] [INFO] [runner_train_mujoco] Starting simulation batch with mujoco.
[2022-11-24 00:38:08,090] [INFO] [runner_train_mujoco] Environment 0
[2022-11-24 00:38:16,661] [INFO] [runner_train_mujoco] Environment 1
[2022-11-24 00:38:24,967] [INFO] [runner_train_mujoco] Environment 2
[2022-11-24 00:38:33,949] [INFO] [runner_train_mujoco] Environment 3
[2022-11-24 00:38:42,230] [INFO] [runner_train_mujoco] Environment 4
[2022-11-24 00:38:50,894] [INFO] [runner_train_mujoco] Environment 5
[2022-11-24 00:38:59,953] [INFO] [runner_train_mujoco] Environment 6
[2022-11-24 00:39:08,674] [INFO] [runner_train_mujoco] Environment 7
[2022-11-24 00:39:17,657] [INFO] [runner_train_mujoco] Environment 8
[2022-11-24 00:39:26,173] [INFO] [runner_train_mujoco] Environment 9
[2022-11-24 00:39:34,786] [INFO] [runner_train_mujoco] Average cumulative reward after 150 steps: 4.935469887598062
[2022-11-24 00:39:34,786] [INFO] [runner_train_mujoco] Average state value: 0.48799991583824165
[2022-11-24 00:39:34,786] [INFO] [controller] ITERATION NUM: 36
[2022-11-24 00:39:34,842] [INFO] [controller] EPOCH 1 loss ppo:  -0.01454, loss val: 0.04881
[2022-11-24 00:39:34,891] [INFO] [controller] EPOCH 2 loss ppo:  -0.02930, loss val: 0.04901
[2022-11-24 00:39:35,238] [INFO] [controller] EPOCH 3 loss ppo:  -0.04748, loss val: 0.04891
[2022-11-24 00:39:35,301] [INFO] [controller] EPOCH 4 loss ppo:  -0.06066, loss val: 0.05071
[2022-11-24 00:39:35,312] [INFO] [runner_train_mujoco] Finished batch.
[2022-11-24 00:39:35,418] [INFO] [runner_train_mujoco] Starting simulation batch with mujoco.
[2022-11-24 00:39:35,418] [INFO] [runner_train_mujoco] Environment 0
[2022-11-24 00:39:43,486] [INFO] [runner_train_mujoco] Environment 1
[2022-11-24 00:39:52,027] [INFO] [runner_train_mujoco] Environment 2
[2022-11-24 00:40:00,316] [INFO] [runner_train_mujoco] Environment 3
[2022-11-24 00:40:09,580] [INFO] [runner_train_mujoco] Environment 4
[2022-11-24 00:40:18,275] [INFO] [runner_train_mujoco] Environment 5
[2022-11-24 00:40:26,286] [INFO] [runner_train_mujoco] Environment 6
[2022-11-24 00:40:34,543] [INFO] [runner_train_mujoco] Environment 7
[2022-11-24 00:40:42,599] [INFO] [runner_train_mujoco] Environment 8
[2022-11-24 00:40:51,211] [INFO] [runner_train_mujoco] Environment 9
[2022-11-24 00:40:59,502] [INFO] [runner_train_mujoco] Average cumulative reward after 150 steps: 4.898175760380292
[2022-11-24 00:40:59,502] [INFO] [runner_train_mujoco] Average state value: 0.4979263121287028
[2022-11-24 00:40:59,502] [INFO] [controller] ITERATION NUM: 37
[2022-11-24 00:40:59,560] [INFO] [controller] EPOCH 1 loss ppo:  -0.01293, loss val: 0.05490
[2022-11-24 00:40:59,607] [INFO] [controller] EPOCH 2 loss ppo:  -0.02789, loss val: 0.05451
[2022-11-24 00:40:59,655] [INFO] [controller] EPOCH 3 loss ppo:  -0.04385, loss val: 0.05303
[2022-11-24 00:40:59,708] [INFO] [controller] EPOCH 4 loss ppo:  -0.05940, loss val: 0.05204
[2022-11-24 00:40:59,718] [INFO] [runner_train_mujoco] Finished batch.
[2022-11-24 00:40:59,830] [INFO] [runner_train_mujoco] Starting simulation batch with mujoco.
[2022-11-24 00:40:59,831] [INFO] [runner_train_mujoco] Environment 0
[2022-11-24 00:41:08,711] [INFO] [runner_train_mujoco] Environment 1
[2022-11-24 00:41:17,571] [INFO] [runner_train_mujoco] Environment 2
[2022-11-24 00:41:25,845] [INFO] [runner_train_mujoco] Environment 3
[2022-11-24 00:41:36,614] [INFO] [runner_train_mujoco] Environment 4
[2022-11-24 00:41:47,305] [INFO] [runner_train_mujoco] Environment 5
[2022-11-24 00:41:57,700] [INFO] [runner_train_mujoco] Environment 6
[2022-11-24 00:42:07,588] [INFO] [runner_train_mujoco] Environment 7
[2022-11-24 00:42:17,269] [INFO] [runner_train_mujoco] Environment 8
[2022-11-24 00:42:26,644] [INFO] [runner_train_mujoco] Environment 9
[2022-11-24 00:42:36,051] [INFO] [runner_train_mujoco] Average cumulative reward after 150 steps: 4.766521704595528
[2022-11-24 00:42:36,052] [INFO] [runner_train_mujoco] Average state value: 0.4726414471020301
[2022-11-24 00:42:36,052] [INFO] [controller] ITERATION NUM: 38
[2022-11-24 00:42:36,108] [INFO] [controller] EPOCH 1 loss ppo:  -0.01405, loss val: 0.05647
[2022-11-24 00:42:36,174] [INFO] [controller] EPOCH 2 loss ppo:  -0.02834, loss val: 0.05775
[2022-11-24 00:42:36,232] [INFO] [controller] EPOCH 3 loss ppo:  -0.03911, loss val: 0.05552
[2022-11-24 00:42:36,278] [INFO] [controller] EPOCH 4 loss ppo:  -0.05218, loss val: 0.05242
[2022-11-24 00:42:36,289] [INFO] [runner_train_mujoco] Finished batch.
[2022-11-24 00:42:36,391] [INFO] [runner_train_mujoco] Starting simulation batch with mujoco.
[2022-11-24 00:42:36,396] [INFO] [runner_train_mujoco] Environment 0
[2022-11-24 00:42:46,090] [INFO] [runner_train_mujoco] Environment 1
[2022-11-24 00:42:55,896] [INFO] [runner_train_mujoco] Environment 2
[2022-11-24 00:43:05,590] [INFO] [runner_train_mujoco] Environment 3
[2022-11-24 00:43:14,831] [INFO] [runner_train_mujoco] Environment 4
[2022-11-24 00:43:23,887] [INFO] [runner_train_mujoco] Environment 5
[2022-11-24 00:43:33,336] [INFO] [runner_train_mujoco] Environment 6
[2022-11-24 00:43:42,950] [INFO] [runner_train_mujoco] Environment 7
[2022-11-24 00:43:52,595] [INFO] [runner_train_mujoco] Environment 8
[2022-11-24 00:44:03,791] [INFO] [runner_train_mujoco] Environment 9
[2022-11-24 00:44:13,167] [INFO] [runner_train_mujoco] Average cumulative reward after 150 steps: 4.836042204843144
[2022-11-24 00:44:13,168] [INFO] [runner_train_mujoco] Average state value: 0.48990617185831065
[2022-11-24 00:44:13,168] [INFO] [controller] ITERATION NUM: 39
[2022-11-24 00:44:13,246] [INFO] [controller] EPOCH 1 loss ppo:  -0.01420, loss val: 0.04583
[2022-11-24 00:44:13,294] [INFO] [controller] EPOCH 2 loss ppo:  -0.03104, loss val: 0.04478
[2022-11-24 00:44:13,342] [INFO] [controller] EPOCH 3 loss ppo:  -0.04687, loss val: 0.04547
[2022-11-24 00:44:13,388] [INFO] [controller] EPOCH 4 loss ppo:  -0.06392, loss val: 0.04510
[2022-11-24 00:44:13,398] [INFO] [runner_train_mujoco] Finished batch.
[2022-11-24 00:44:13,503] [INFO] [runner_train_mujoco] Starting simulation batch with mujoco.
[2022-11-24 00:44:13,505] [INFO] [runner_train_mujoco] Environment 0
[2022-11-24 00:44:22,833] [INFO] [runner_train_mujoco] Environment 1
[2022-11-24 00:44:39,227] [INFO] [runner_train_mujoco] Environment 2
[2022-11-24 00:44:49,109] [INFO] [runner_train_mujoco] Environment 3
[2022-11-24 00:44:58,594] [INFO] [runner_train_mujoco] Environment 4
[2022-11-24 00:45:08,396] [INFO] [runner_train_mujoco] Environment 5
[2022-11-24 00:45:17,582] [INFO] [runner_train_mujoco] Environment 6
[2022-11-24 00:45:26,841] [INFO] [runner_train_mujoco] Environment 7
[2022-11-24 00:45:36,683] [INFO] [runner_train_mujoco] Environment 8
[2022-11-24 00:45:51,367] [INFO] [runner_train_mujoco] Environment 9
[2022-11-24 00:46:00,836] [INFO] [runner_train_mujoco] Average cumulative reward after 150 steps: 4.698734320050988
[2022-11-24 00:46:00,836] [INFO] [runner_train_mujoco] Average state value: 0.5124838484426341
[2022-11-24 00:46:00,836] [INFO] [controller] ITERATION NUM: 40
[2022-11-24 00:46:00,898] [INFO] [controller] EPOCH 1 loss ppo:  -0.01365, loss val: 0.04262
[2022-11-24 00:46:00,946] [INFO] [controller] EPOCH 2 loss ppo:  -0.02438, loss val: 0.04348
[2022-11-24 00:46:00,993] [INFO] [controller] EPOCH 3 loss ppo:  -0.03922, loss val: 0.04268
[2022-11-24 00:46:01,038] [INFO] [controller] EPOCH 4 loss ppo:  -0.05556, loss val: 0.04261
[2022-11-24 00:46:01,053] [INFO] [runner_train_mujoco] Finished batch.
[2022-11-24 00:46:01,163] [INFO] [runner_train_mujoco] Starting simulation batch with mujoco.
[2022-11-24 00:46:01,168] [INFO] [runner_train_mujoco] Environment 0
[2022-11-24 00:46:10,865] [INFO] [runner_train_mujoco] Environment 1
[2022-11-24 00:46:20,627] [INFO] [runner_train_mujoco] Environment 2
[2022-11-24 00:46:30,210] [INFO] [runner_train_mujoco] Environment 3
[2022-11-24 00:46:40,230] [INFO] [runner_train_mujoco] Environment 4
[2022-11-24 00:46:49,082] [INFO] [runner_train_mujoco] Environment 5
[2022-11-24 00:46:58,013] [INFO] [runner_train_mujoco] Environment 6
[2022-11-24 00:47:07,643] [INFO] [runner_train_mujoco] Environment 7
[2022-11-24 00:47:17,688] [INFO] [runner_train_mujoco] Environment 8
[2022-11-24 00:47:27,051] [INFO] [runner_train_mujoco] Environment 9
[2022-11-24 00:47:36,543] [INFO] [runner_train_mujoco] Average cumulative reward after 150 steps: 5.778289573171671
[2022-11-24 00:47:36,544] [INFO] [runner_train_mujoco] Average state value: 0.5185366680026054
[2022-11-24 00:47:36,544] [INFO] [controller] ITERATION NUM: 41
[2022-11-24 00:47:36,621] [INFO] [controller] EPOCH 1 loss ppo:  -0.01457, loss val: 0.05004
[2022-11-24 00:47:36,671] [INFO] [controller] EPOCH 2 loss ppo:  -0.02770, loss val: 0.04994
[2022-11-24 00:47:36,723] [INFO] [controller] EPOCH 3 loss ppo:  -0.03954, loss val: 0.05000
[2022-11-24 00:47:36,784] [INFO] [controller] EPOCH 4 loss ppo:  -0.05494, loss val: 0.04901
[2022-11-24 00:47:36,796] [INFO] [runner_train_mujoco] Finished batch.
[2022-11-24 00:47:36,910] [INFO] [runner_train_mujoco] Starting simulation batch with mujoco.
[2022-11-24 00:47:36,913] [INFO] [runner_train_mujoco] Environment 0
[2022-11-24 00:47:46,977] [INFO] [runner_train_mujoco] Environment 1
[2022-11-24 00:47:56,045] [INFO] [runner_train_mujoco] Environment 2
[2022-11-24 00:48:05,216] [INFO] [runner_train_mujoco] Environment 3
[2022-11-24 00:48:15,158] [INFO] [runner_train_mujoco] Environment 4
[2022-11-24 00:48:24,622] [INFO] [runner_train_mujoco] Environment 5
[2022-11-24 00:48:34,158] [INFO] [runner_train_mujoco] Environment 6
[2022-11-24 00:48:43,914] [INFO] [runner_train_mujoco] Environment 7
[2022-11-24 00:48:53,607] [INFO] [runner_train_mujoco] Environment 8
[2022-11-24 00:49:03,421] [INFO] [runner_train_mujoco] Environment 9
[2022-11-24 00:49:13,760] [INFO] [runner_train_mujoco] Average cumulative reward after 150 steps: 5.022655755664955
[2022-11-24 00:49:13,760] [INFO] [runner_train_mujoco] Average state value: 0.4735868165989716
[2022-11-24 00:49:13,760] [INFO] [controller] ITERATION NUM: 42
[2022-11-24 00:49:13,818] [INFO] [controller] EPOCH 1 loss ppo:  -0.01360, loss val: 0.05423
[2022-11-24 00:49:13,862] [INFO] [controller] EPOCH 2 loss ppo:  -0.02890, loss val: 0.05376
[2022-11-24 00:49:13,913] [INFO] [controller] EPOCH 3 loss ppo:  -0.04691, loss val: 0.05372
[2022-11-24 00:49:13,960] [INFO] [controller] EPOCH 4 loss ppo:  -0.06226, loss val: 0.06104
[2022-11-24 00:49:13,969] [INFO] [runner_train_mujoco] Finished batch.
[2022-11-24 00:49:14,086] [INFO] [runner_train_mujoco] Starting simulation batch with mujoco.
[2022-11-24 00:49:14,087] [INFO] [runner_train_mujoco] Environment 0
[2022-11-24 00:49:23,915] [INFO] [runner_train_mujoco] Environment 1
[2022-11-24 00:49:34,058] [INFO] [runner_train_mujoco] Environment 2
[2022-11-24 00:49:44,068] [INFO] [runner_train_mujoco] Environment 3
[2022-11-24 00:49:53,921] [INFO] [runner_train_mujoco] Environment 4
[2022-11-24 00:50:03,922] [INFO] [runner_train_mujoco] Environment 5
[2022-11-24 00:50:14,176] [INFO] [runner_train_mujoco] Environment 6
[2022-11-24 00:50:23,054] [INFO] [runner_train_mujoco] Environment 7
[2022-11-24 00:50:32,910] [INFO] [runner_train_mujoco] Environment 8
[2022-11-24 00:50:42,810] [INFO] [runner_train_mujoco] Environment 9
[2022-11-24 00:50:52,278] [INFO] [runner_train_mujoco] Average cumulative reward after 150 steps: 5.044849741751023
[2022-11-24 00:50:52,278] [INFO] [runner_train_mujoco] Average state value: 0.4976190629899501
[2022-11-24 00:50:52,278] [INFO] [controller] ITERATION NUM: 43
[2022-11-24 00:50:52,333] [INFO] [controller] EPOCH 1 loss ppo:  -0.01355, loss val: 0.03769
[2022-11-24 00:50:52,378] [INFO] [controller] EPOCH 2 loss ppo:  -0.02950, loss val: 0.03581
[2022-11-24 00:50:52,422] [INFO] [controller] EPOCH 3 loss ppo:  -0.04088, loss val: 0.03560
[2022-11-24 00:50:52,469] [INFO] [controller] EPOCH 4 loss ppo:  -0.05588, loss val: 0.03547
[2022-11-24 00:50:52,479] [INFO] [runner_train_mujoco] Finished batch.
[2022-11-24 00:50:52,581] [INFO] [runner_train_mujoco] Starting simulation batch with mujoco.
[2022-11-24 00:50:52,581] [INFO] [runner_train_mujoco] Environment 0
[2022-11-24 00:51:02,571] [INFO] [runner_train_mujoco] Environment 1
[2022-11-24 00:51:12,514] [INFO] [runner_train_mujoco] Environment 2
[2022-11-24 00:51:21,553] [INFO] [runner_train_mujoco] Environment 3
[2022-11-24 00:51:30,798] [INFO] [runner_train_mujoco] Environment 4
[2022-11-24 00:51:41,061] [INFO] [runner_train_mujoco] Environment 5
[2022-11-24 00:51:51,050] [INFO] [runner_train_mujoco] Environment 6
[2022-11-24 00:52:01,165] [INFO] [runner_train_mujoco] Environment 7
[2022-11-24 00:52:11,069] [INFO] [runner_train_mujoco] Environment 8
[2022-11-24 00:52:20,336] [INFO] [runner_train_mujoco] Environment 9
[2022-11-24 00:52:30,256] [INFO] [runner_train_mujoco] Average cumulative reward after 150 steps: 5.113497344680533
[2022-11-24 00:52:30,257] [INFO] [runner_train_mujoco] Average state value: 0.48615555213888495
[2022-11-24 00:52:30,257] [INFO] [controller] ITERATION NUM: 44
[2022-11-24 00:52:30,312] [INFO] [controller] EPOCH 1 loss ppo:  -0.01358, loss val: 0.04966
[2022-11-24 00:52:30,360] [INFO] [controller] EPOCH 2 loss ppo:  -0.02439, loss val: 0.04910
[2022-11-24 00:52:30,407] [INFO] [controller] EPOCH 3 loss ppo:  -0.04066, loss val: 0.04869
[2022-11-24 00:52:30,451] [INFO] [controller] EPOCH 4 loss ppo:  -0.05246, loss val: 0.04774
[2022-11-24 00:52:30,462] [INFO] [runner_train_mujoco] Finished batch.
[2022-11-24 00:52:30,585] [INFO] [runner_train_mujoco] Starting simulation batch with mujoco.
[2022-11-24 00:52:30,585] [INFO] [runner_train_mujoco] Environment 0
[2022-11-24 00:52:40,356] [INFO] [runner_train_mujoco] Environment 1
[2022-11-24 00:52:52,673] [INFO] [runner_train_mujoco] Environment 2
[2022-11-24 00:53:02,460] [INFO] [runner_train_mujoco] Environment 3
[2022-11-24 00:53:11,414] [INFO] [runner_train_mujoco] Environment 4
[2022-11-24 00:53:20,518] [INFO] [runner_train_mujoco] Environment 5
[2022-11-24 00:53:29,735] [INFO] [runner_train_mujoco] Environment 6
[2022-11-24 00:53:39,788] [INFO] [runner_train_mujoco] Environment 7
[2022-11-24 00:53:49,226] [INFO] [runner_train_mujoco] Environment 8
[2022-11-24 00:54:03,564] [INFO] [runner_train_mujoco] Environment 9
[2022-11-24 00:54:13,120] [INFO] [runner_train_mujoco] Average cumulative reward after 150 steps: 5.023275684485758
[2022-11-24 00:54:13,120] [INFO] [runner_train_mujoco] Average state value: 0.46441787906487775
[2022-11-24 00:54:13,120] [INFO] [controller] ITERATION NUM: 45
[2022-11-24 00:54:13,175] [INFO] [controller] EPOCH 1 loss ppo:  -0.01394, loss val: 0.04209
[2022-11-24 00:54:13,297] [INFO] [controller] EPOCH 2 loss ppo:  -0.03070, loss val: 0.04093
[2022-11-24 00:54:13,362] [INFO] [controller] EPOCH 3 loss ppo:  -0.04308, loss val: 0.04186
[2022-11-24 00:54:13,424] [INFO] [controller] EPOCH 4 loss ppo:  -0.05977, loss val: 0.04155
[2022-11-24 00:54:13,434] [INFO] [runner_train_mujoco] Finished batch.
[2022-11-24 00:54:13,543] [INFO] [runner_train_mujoco] Starting simulation batch with mujoco.
[2022-11-24 00:54:13,544] [INFO] [runner_train_mujoco] Environment 0
[2022-11-24 00:54:23,099] [INFO] [runner_train_mujoco] Environment 1
[2022-11-24 00:54:32,872] [INFO] [runner_train_mujoco] Environment 2
[2022-11-24 00:54:42,539] [INFO] [runner_train_mujoco] Environment 3
[2022-11-24 00:54:53,204] [INFO] [runner_train_mujoco] Environment 4
[2022-11-24 00:55:03,045] [INFO] [runner_train_mujoco] Environment 5
[2022-11-24 00:55:12,523] [INFO] [runner_train_mujoco] Environment 6
[2022-11-24 00:55:22,272] [INFO] [runner_train_mujoco] Environment 7
[2022-11-24 00:55:31,787] [INFO] [runner_train_mujoco] Environment 8
[2022-11-24 00:55:41,536] [INFO] [runner_train_mujoco] Environment 9
[2022-11-24 00:55:51,478] [INFO] [runner_train_mujoco] Average cumulative reward after 150 steps: 6.105150388628249
[2022-11-24 00:55:51,479] [INFO] [runner_train_mujoco] Average state value: 0.4526091221868992
[2022-11-24 00:55:51,479] [INFO] [controller] ITERATION NUM: 46
[2022-11-24 00:55:51,538] [INFO] [controller] EPOCH 1 loss ppo:  -0.01401, loss val: 0.03969
[2022-11-24 00:55:51,587] [INFO] [controller] EPOCH 2 loss ppo:  -0.02418, loss val: 0.04081
[2022-11-24 00:55:51,637] [INFO] [controller] EPOCH 3 loss ppo:  -0.03392, loss val: 0.04106
[2022-11-24 00:55:51,688] [INFO] [controller] EPOCH 4 loss ppo:  -0.04348, loss val: 0.03953
[2022-11-24 00:55:51,701] [INFO] [runner_train_mujoco] Finished batch.
[2022-11-24 00:55:51,807] [INFO] [runner_train_mujoco] Starting simulation batch with mujoco.
[2022-11-24 00:55:51,807] [INFO] [runner_train_mujoco] Environment 0
[2022-11-24 00:56:01,469] [INFO] [runner_train_mujoco] Environment 1
[2022-11-24 00:56:11,424] [INFO] [runner_train_mujoco] Environment 2
[2022-11-24 00:56:20,916] [INFO] [runner_train_mujoco] Environment 3
[2022-11-24 00:56:31,082] [INFO] [runner_train_mujoco] Environment 4
[2022-11-24 00:56:43,318] [INFO] [runner_train_mujoco] Environment 5
[2022-11-24 00:56:52,743] [INFO] [runner_train_mujoco] Environment 6
[2022-11-24 00:57:02,269] [INFO] [runner_train_mujoco] Environment 7
[2022-11-24 00:57:11,576] [INFO] [runner_train_mujoco] Environment 8
[2022-11-24 00:57:21,085] [INFO] [runner_train_mujoco] Environment 9
[2022-11-24 00:57:30,436] [INFO] [runner_train_mujoco] Average cumulative reward after 150 steps: 5.359646050839055
[2022-11-24 00:57:30,437] [INFO] [runner_train_mujoco] Average state value: 0.45737206357717514
[2022-11-24 00:57:30,437] [INFO] [controller] ITERATION NUM: 47
[2022-11-24 00:57:30,517] [INFO] [controller] EPOCH 1 loss ppo:  -0.01301, loss val: 0.04806
[2022-11-24 00:57:30,569] [INFO] [controller] EPOCH 2 loss ppo:  -0.02257, loss val: 0.04729
[2022-11-24 00:57:30,612] [INFO] [controller] EPOCH 3 loss ppo:  -0.03242, loss val: 0.04784
[2022-11-24 00:57:30,657] [INFO] [controller] EPOCH 4 loss ppo:  -0.04466, loss val: 0.04495
[2022-11-24 00:57:30,667] [INFO] [runner_train_mujoco] Finished batch.
[2022-11-24 00:57:30,769] [INFO] [runner_train_mujoco] Starting simulation batch with mujoco.
[2022-11-24 00:57:30,770] [INFO] [runner_train_mujoco] Environment 0
[2022-11-24 00:57:40,797] [INFO] [runner_train_mujoco] Environment 1
[2022-11-24 00:57:51,120] [INFO] [runner_train_mujoco] Environment 2
[2022-11-24 00:58:01,340] [INFO] [runner_train_mujoco] Environment 3
[2022-11-24 00:58:11,325] [INFO] [runner_train_mujoco] Environment 4
[2022-11-24 00:58:21,498] [INFO] [runner_train_mujoco] Environment 5
[2022-11-24 00:58:30,484] [INFO] [runner_train_mujoco] Environment 6
[2022-11-24 00:58:39,874] [INFO] [runner_train_mujoco] Environment 7
[2022-11-24 00:58:49,394] [INFO] [runner_train_mujoco] Environment 8
[2022-11-24 00:58:59,473] [INFO] [runner_train_mujoco] Environment 9
[2022-11-24 00:59:09,025] [INFO] [runner_train_mujoco] Average cumulative reward after 150 steps: 5.380740041236711
[2022-11-24 00:59:09,026] [INFO] [runner_train_mujoco] Average state value: 0.47643763269980755
[2022-11-24 00:59:09,026] [INFO] [controller] ITERATION NUM: 48
[2022-11-24 00:59:09,079] [INFO] [controller] EPOCH 1 loss ppo:  -0.01418, loss val: 0.03775
[2022-11-24 00:59:09,122] [INFO] [controller] EPOCH 2 loss ppo:  -0.02563, loss val: 0.03551
[2022-11-24 00:59:09,308] [INFO] [controller] EPOCH 3 loss ppo:  -0.03521, loss val: 0.03569
[2022-11-24 00:59:09,521] [INFO] [controller] EPOCH 4 loss ppo:  -0.04655, loss val: 0.03592
[2022-11-24 00:59:09,532] [INFO] [runner_train_mujoco] Finished batch.
[2022-11-24 00:59:09,640] [INFO] [runner_train_mujoco] Starting simulation batch with mujoco.
[2022-11-24 00:59:09,641] [INFO] [runner_train_mujoco] Environment 0
[2022-11-24 00:59:19,349] [INFO] [runner_train_mujoco] Environment 1
[2022-11-24 00:59:28,488] [INFO] [runner_train_mujoco] Environment 2
[2022-11-24 00:59:37,842] [INFO] [runner_train_mujoco] Environment 3
[2022-11-24 00:59:47,406] [INFO] [runner_train_mujoco] Environment 4
[2022-11-24 00:59:56,990] [INFO] [runner_train_mujoco] Environment 5
[2022-11-24 01:00:08,895] [INFO] [runner_train_mujoco] Environment 6
[2022-11-24 01:00:21,134] [INFO] [runner_train_mujoco] Environment 7
[2022-11-24 01:00:30,457] [INFO] [runner_train_mujoco] Environment 8
[2022-11-24 01:00:40,299] [INFO] [runner_train_mujoco] Environment 9
[2022-11-24 01:00:49,824] [INFO] [runner_train_mujoco] Average cumulative reward after 150 steps: 5.600378841487748
[2022-11-24 01:00:49,824] [INFO] [runner_train_mujoco] Average state value: 0.49645736571153004
[2022-11-24 01:00:49,824] [INFO] [controller] ITERATION NUM: 49
[2022-11-24 01:00:49,887] [INFO] [controller] EPOCH 1 loss ppo:  -0.01279, loss val: 0.04237
[2022-11-24 01:00:49,940] [INFO] [controller] EPOCH 2 loss ppo:  -0.01672, loss val: 0.04044
[2022-11-24 01:00:50,010] [INFO] [controller] EPOCH 3 loss ppo:  -0.02754, loss val: 0.03921
[2022-11-24 01:00:50,077] [INFO] [controller] EPOCH 4 loss ppo:  -0.03878, loss val: 0.03655
[2022-11-24 01:00:50,092] [INFO] [runner_train_mujoco] Finished batch.
[2022-11-24 01:00:50,201] [INFO] [runner_train_mujoco] Starting simulation batch with mujoco.
[2022-11-24 01:00:50,203] [INFO] [runner_train_mujoco] Environment 0
[2022-11-24 01:00:59,801] [INFO] [runner_train_mujoco] Environment 1
[2022-11-24 01:01:09,585] [INFO] [runner_train_mujoco] Environment 2
[2022-11-24 01:01:19,128] [INFO] [runner_train_mujoco] Environment 3
[2022-11-24 01:01:30,330] [INFO] [runner_train_mujoco] Environment 4
[2022-11-24 01:01:40,592] [INFO] [runner_train_mujoco] Environment 5
[2022-11-24 01:01:51,509] [INFO] [runner_train_mujoco] Environment 6
[2022-11-24 01:02:00,801] [INFO] [runner_train_mujoco] Environment 7
[2022-11-24 01:02:10,164] [INFO] [runner_train_mujoco] Environment 8
[2022-11-24 01:02:19,327] [INFO] [runner_train_mujoco] Environment 9
[2022-11-24 01:02:28,572] [INFO] [runner_train_mujoco] Average cumulative reward after 150 steps: 5.995832663434671
[2022-11-24 01:02:28,573] [INFO] [runner_train_mujoco] Average state value: 0.5161111729641755
[2022-11-24 01:02:28,573] [INFO] [controller] ITERATION NUM: 50
[2022-11-24 01:02:28,628] [INFO] [controller] EPOCH 1 loss ppo:  -0.01523, loss val: 0.04800
[2022-11-24 01:02:28,676] [INFO] [controller] EPOCH 2 loss ppo:  -0.02695, loss val: 0.04877
[2022-11-24 01:02:28,719] [INFO] [controller] EPOCH 3 loss ppo:  -0.03351, loss val: 0.04796
[2022-11-24 01:02:28,764] [INFO] [controller] EPOCH 4 loss ppo:  -0.04332, loss val: 0.04820
[2022-11-24 01:02:28,774] [INFO] [runner_train_mujoco] Finished batch.
[2022-11-24 01:02:28,875] [INFO] [runner_train_mujoco] Starting simulation batch with mujoco.
[2022-11-24 01:02:28,876] [INFO] [runner_train_mujoco] Environment 0
[2022-11-24 01:02:38,785] [INFO] [runner_train_mujoco] Environment 1
[2022-11-24 01:02:48,376] [INFO] [runner_train_mujoco] Environment 2
[2022-11-24 01:02:57,601] [INFO] [runner_train_mujoco] Environment 3
[2022-11-24 01:03:06,369] [INFO] [runner_train_mujoco] Environment 4
[2022-11-24 01:03:15,569] [INFO] [runner_train_mujoco] Environment 5
[2022-11-24 01:03:25,198] [INFO] [runner_train_mujoco] Environment 6
[2022-11-24 01:03:34,773] [INFO] [runner_train_mujoco] Environment 7
[2022-11-24 01:03:44,157] [INFO] [runner_train_mujoco] Environment 8
[2022-11-24 01:03:53,743] [INFO] [runner_train_mujoco] Environment 9
[2022-11-24 01:04:02,978] [INFO] [runner_train_mujoco] Average cumulative reward after 150 steps: 6.144223010412707
[2022-11-24 01:04:02,978] [INFO] [runner_train_mujoco] Average state value: 0.5208966535329818
[2022-11-24 01:04:02,979] [INFO] [controller] ITERATION NUM: 51
[2022-11-24 01:04:03,034] [INFO] [controller] EPOCH 1 loss ppo:  -0.01402, loss val: 0.06072
[2022-11-24 01:04:03,087] [INFO] [controller] EPOCH 2 loss ppo:  -0.01949, loss val: 0.05805
[2022-11-24 01:04:03,138] [INFO] [controller] EPOCH 3 loss ppo:  -0.02639, loss val: 0.05759
[2022-11-24 01:04:03,189] [INFO] [controller] EPOCH 4 loss ppo:  -0.03721, loss val: 0.05624
[2022-11-24 01:04:03,201] [INFO] [runner_train_mujoco] Finished batch.
[2022-11-24 01:04:03,303] [INFO] [runner_train_mujoco] Starting simulation batch with mujoco.
[2022-11-24 01:04:03,303] [INFO] [runner_train_mujoco] Environment 0
[2022-11-24 01:04:13,150] [INFO] [runner_train_mujoco] Environment 1
[2022-11-24 01:04:22,610] [INFO] [runner_train_mujoco] Environment 2
[2022-11-24 01:04:31,854] [INFO] [runner_train_mujoco] Environment 3
[2022-11-24 01:04:41,753] [INFO] [runner_train_mujoco] Environment 4
[2022-11-24 01:04:51,476] [INFO] [runner_train_mujoco] Environment 5
[2022-11-24 01:05:01,029] [INFO] [runner_train_mujoco] Environment 6
[2022-11-24 01:05:10,554] [INFO] [runner_train_mujoco] Environment 7
[2022-11-24 01:05:20,278] [INFO] [runner_train_mujoco] Environment 8
[2022-11-24 01:05:30,160] [INFO] [runner_train_mujoco] Environment 9
[2022-11-24 01:05:39,663] [INFO] [runner_train_mujoco] Average cumulative reward after 150 steps: 5.631000866212299
[2022-11-24 01:05:39,663] [INFO] [runner_train_mujoco] Average state value: 0.5078680967887242
[2022-11-24 01:05:39,663] [INFO] [controller] ITERATION NUM: 52
[2022-11-24 01:05:39,728] [INFO] [controller] EPOCH 1 loss ppo:  -0.01333, loss val: 0.03477
[2022-11-24 01:05:39,773] [INFO] [controller] EPOCH 2 loss ppo:  -0.01932, loss val: 0.03454
[2022-11-24 01:05:39,819] [INFO] [controller] EPOCH 3 loss ppo:  -0.02575, loss val: 0.03494
[2022-11-24 01:05:39,865] [INFO] [controller] EPOCH 4 loss ppo:  -0.03656, loss val: 0.03569
[2022-11-24 01:05:39,875] [INFO] [runner_train_mujoco] Finished batch.
[2022-11-24 01:05:39,975] [INFO] [runner_train_mujoco] Starting simulation batch with mujoco.
[2022-11-24 01:05:39,986] [INFO] [runner_train_mujoco] Environment 0
[2022-11-24 01:05:49,730] [INFO] [runner_train_mujoco] Environment 1
[2022-11-24 01:05:59,480] [INFO] [runner_train_mujoco] Environment 2
[2022-11-24 01:06:08,573] [INFO] [runner_train_mujoco] Environment 3
[2022-11-24 01:06:18,281] [INFO] [runner_train_mujoco] Environment 4
[2022-11-24 01:06:27,355] [INFO] [runner_train_mujoco] Environment 5
[2022-11-24 01:06:36,645] [INFO] [runner_train_mujoco] Environment 6
[2022-11-24 01:06:45,821] [INFO] [runner_train_mujoco] Environment 7
[2022-11-24 01:06:55,477] [INFO] [runner_train_mujoco] Environment 8
[2022-11-24 01:07:04,616] [INFO] [runner_train_mujoco] Environment 9
[2022-11-24 01:07:13,543] [INFO] [runner_train_mujoco] Average cumulative reward after 150 steps: 5.937458624492773
[2022-11-24 01:07:13,543] [INFO] [runner_train_mujoco] Average state value: 0.5036631448070208
[2022-11-24 01:07:13,543] [INFO] [controller] ITERATION NUM: 53
[2022-11-24 01:07:13,601] [INFO] [controller] EPOCH 1 loss ppo:  -0.01307, loss val: 0.04812
[2022-11-24 01:07:13,656] [INFO] [controller] EPOCH 2 loss ppo:  -0.01656, loss val: 0.04910
[2022-11-24 01:07:13,710] [INFO] [controller] EPOCH 3 loss ppo:  -0.02569, loss val: 0.05101
[2022-11-24 01:07:13,773] [INFO] [controller] EPOCH 4 loss ppo:  -0.03399, loss val: 0.04693
[2022-11-24 01:07:13,784] [INFO] [runner_train_mujoco] Finished batch.
[2022-11-24 01:07:13,885] [INFO] [runner_train_mujoco] Starting simulation batch with mujoco.
[2022-11-24 01:07:13,886] [INFO] [runner_train_mujoco] Environment 0
[2022-11-24 01:07:23,078] [INFO] [runner_train_mujoco] Environment 1
[2022-11-24 01:07:36,782] [INFO] [runner_train_mujoco] Environment 2
[2022-11-24 01:07:46,068] [INFO] [runner_train_mujoco] Environment 3
[2022-11-24 01:07:55,867] [INFO] [runner_train_mujoco] Environment 4
[2022-11-24 01:08:05,294] [INFO] [runner_train_mujoco] Environment 5
[2022-11-24 01:08:14,229] [INFO] [runner_train_mujoco] Environment 6
[2022-11-24 01:08:23,913] [INFO] [runner_train_mujoco] Environment 7
[2022-11-24 01:08:33,853] [INFO] [runner_train_mujoco] Environment 8
[2022-11-24 01:08:45,433] [INFO] [runner_train_mujoco] Environment 9
[2022-11-24 01:08:55,272] [INFO] [runner_train_mujoco] Average cumulative reward after 150 steps: 6.061725931315468
[2022-11-24 01:08:55,272] [INFO] [runner_train_mujoco] Average state value: 0.49436825686693187
[2022-11-24 01:08:55,273] [INFO] [controller] ITERATION NUM: 54
[2022-11-24 01:08:55,360] [INFO] [controller] EPOCH 1 loss ppo:  -0.01357, loss val: 0.04940
[2022-11-24 01:08:55,414] [INFO] [controller] EPOCH 2 loss ppo:  -0.01918, loss val: 0.04898
[2022-11-24 01:08:55,473] [INFO] [controller] EPOCH 3 loss ppo:  -0.02536, loss val: 0.04842
[2022-11-24 01:08:55,518] [INFO] [controller] EPOCH 4 loss ppo:  -0.03214, loss val: 0.04790
[2022-11-24 01:08:55,529] [INFO] [runner_train_mujoco] Finished batch.
[2022-11-24 01:08:55,633] [INFO] [runner_train_mujoco] Starting simulation batch with mujoco.
[2022-11-24 01:08:55,637] [INFO] [runner_train_mujoco] Environment 0
[2022-11-24 01:09:05,977] [INFO] [runner_train_mujoco] Environment 1
[2022-11-24 01:09:16,375] [INFO] [runner_train_mujoco] Environment 2
[2022-11-24 01:09:27,991] [INFO] [runner_train_mujoco] Environment 3
[2022-11-24 01:09:37,959] [INFO] [runner_train_mujoco] Environment 4
[2022-11-24 01:09:47,181] [INFO] [runner_train_mujoco] Environment 5
[2022-11-24 01:09:56,676] [INFO] [runner_train_mujoco] Environment 6
[2022-11-24 01:10:06,658] [INFO] [runner_train_mujoco] Environment 7
[2022-11-24 01:10:16,838] [INFO] [runner_train_mujoco] Environment 8
[2022-11-24 01:10:26,439] [INFO] [runner_train_mujoco] Environment 9
[2022-11-24 01:10:35,406] [INFO] [runner_train_mujoco] Average cumulative reward after 150 steps: 6.272762633491304
[2022-11-24 01:10:35,406] [INFO] [runner_train_mujoco] Average state value: 0.4826691774229209
[2022-11-24 01:10:35,407] [INFO] [controller] ITERATION NUM: 55
[2022-11-24 01:10:35,467] [INFO] [controller] EPOCH 1 loss ppo:  -0.01337, loss val: 0.03387
[2022-11-24 01:10:35,511] [INFO] [controller] EPOCH 2 loss ppo:  -0.01779, loss val: 0.03322
[2022-11-24 01:10:35,559] [INFO] [controller] EPOCH 3 loss ppo:  -0.02472, loss val: 0.03431
[2022-11-24 01:10:35,605] [INFO] [controller] EPOCH 4 loss ppo:  -0.03262, loss val: 0.03305
[2022-11-24 01:10:35,615] [INFO] [runner_train_mujoco] Finished batch.
[2022-11-24 01:10:35,714] [INFO] [runner_train_mujoco] Starting simulation batch with mujoco.
[2022-11-24 01:10:35,714] [INFO] [runner_train_mujoco] Environment 0
[2022-11-24 01:10:45,394] [INFO] [runner_train_mujoco] Environment 1
[2022-11-24 01:10:55,338] [INFO] [runner_train_mujoco] Environment 2
[2022-11-24 01:11:07,190] [INFO] [runner_train_mujoco] Environment 3
[2022-11-24 01:11:17,571] [INFO] [runner_train_mujoco] Environment 4
[2022-11-24 01:11:27,322] [INFO] [runner_train_mujoco] Environment 5
[2022-11-24 01:11:36,646] [INFO] [runner_train_mujoco] Environment 6
[2022-11-24 01:11:46,330] [INFO] [runner_train_mujoco] Environment 7
[2022-11-24 01:11:55,735] [INFO] [runner_train_mujoco] Environment 8
[2022-11-24 01:12:05,367] [INFO] [runner_train_mujoco] Environment 9
[2022-11-24 01:12:14,973] [INFO] [runner_train_mujoco] Average cumulative reward after 150 steps: 6.142840062850257
[2022-11-24 01:12:14,973] [INFO] [runner_train_mujoco] Average state value: 0.4753174689610799
[2022-11-24 01:12:14,973] [INFO] [controller] ITERATION NUM: 56
[2022-11-24 01:12:15,028] [INFO] [controller] EPOCH 1 loss ppo:  -0.01363, loss val: 0.05632
[2022-11-24 01:12:15,073] [INFO] [controller] EPOCH 2 loss ppo:  -0.01757, loss val: 0.05619
[2022-11-24 01:12:15,118] [INFO] [controller] EPOCH 3 loss ppo:  -0.02323, loss val: 0.05584
[2022-11-24 01:12:15,163] [INFO] [controller] EPOCH 4 loss ppo:  -0.02854, loss val: 0.05549
[2022-11-24 01:12:15,173] [INFO] [runner_train_mujoco] Finished batch.
[2022-11-24 01:12:15,275] [INFO] [runner_train_mujoco] Starting simulation batch with mujoco.
[2022-11-24 01:12:15,275] [INFO] [runner_train_mujoco] Environment 0
[2022-11-24 01:12:24,403] [INFO] [runner_train_mujoco] Environment 1
[2022-11-24 01:12:34,135] [INFO] [runner_train_mujoco] Environment 2
[2022-11-24 01:12:44,094] [INFO] [runner_train_mujoco] Environment 3
[2022-11-24 01:12:53,610] [INFO] [runner_train_mujoco] Environment 4
[2022-11-24 01:13:03,217] [INFO] [runner_train_mujoco] Environment 5
[2022-11-24 01:13:12,805] [INFO] [runner_train_mujoco] Environment 6
[2022-11-24 01:13:22,042] [INFO] [runner_train_mujoco] Environment 7
[2022-11-24 01:13:31,665] [INFO] [runner_train_mujoco] Environment 8
[2022-11-24 01:13:41,562] [INFO] [runner_train_mujoco] Environment 9
[2022-11-24 01:13:50,810] [INFO] [runner_train_mujoco] Average cumulative reward after 150 steps: 5.870540610335921
[2022-11-24 01:13:50,811] [INFO] [runner_train_mujoco] Average state value: 0.4723556082248687
[2022-11-24 01:13:50,811] [INFO] [controller] ITERATION NUM: 57
[2022-11-24 01:13:50,878] [INFO] [controller] EPOCH 1 loss ppo:  -0.01372, loss val: 0.03517
[2022-11-24 01:13:50,933] [INFO] [controller] EPOCH 2 loss ppo:  -0.01668, loss val: 0.03538
[2022-11-24 01:13:50,989] [INFO] [controller] EPOCH 3 loss ppo:  -0.02189, loss val: 0.03515
[2022-11-24 01:13:51,033] [INFO] [controller] EPOCH 4 loss ppo:  -0.02788, loss val: 0.03514
[2022-11-24 01:13:51,043] [INFO] [runner_train_mujoco] Finished batch.
[2022-11-24 01:13:51,151] [INFO] [runner_train_mujoco] Starting simulation batch with mujoco.
[2022-11-24 01:13:51,152] [INFO] [runner_train_mujoco] Environment 0
[2022-11-24 01:14:01,245] [INFO] [runner_train_mujoco] Environment 1
[2022-11-24 01:14:11,786] [INFO] [runner_train_mujoco] Environment 2
[2022-11-24 01:14:21,401] [INFO] [runner_train_mujoco] Environment 3
[2022-11-24 01:14:29,958] [INFO] [runner_train_mujoco] Environment 4
[2022-11-24 01:14:38,645] [INFO] [runner_train_mujoco] Environment 5
[2022-11-24 01:14:47,199] [INFO] [runner_train_mujoco] Environment 6
[2022-11-24 01:14:55,299] [INFO] [runner_train_mujoco] Environment 7
[2022-11-24 01:15:04,285] [INFO] [runner_train_mujoco] Environment 8
[2022-11-24 01:15:12,754] [INFO] [runner_train_mujoco] Environment 9
[2022-11-24 01:15:21,471] [INFO] [runner_train_mujoco] Average cumulative reward after 150 steps: 5.627703411591254
[2022-11-24 01:15:21,471] [INFO] [runner_train_mujoco] Average state value: 0.4645199659764767
[2022-11-24 01:15:21,471] [INFO] [controller] ITERATION NUM: 58
[2022-11-24 01:15:21,523] [INFO] [controller] EPOCH 1 loss ppo:  -0.01365, loss val: 0.03934
[2022-11-24 01:15:21,570] [INFO] [controller] EPOCH 2 loss ppo:  -0.01550, loss val: 0.03923
[2022-11-24 01:15:21,617] [INFO] [controller] EPOCH 3 loss ppo:  -0.01780, loss val: 0.04037
[2022-11-24 01:15:21,666] [INFO] [controller] EPOCH 4 loss ppo:  -0.02142, loss val: 0.04072
[2022-11-24 01:15:21,677] [INFO] [runner_train_mujoco] Finished batch.
[2022-11-24 01:15:21,682] [INFO] [optimize] Finished learning.
