[2022-11-23 14:01:00,069] [INFO] [optimize] Starting learning
[2022-11-23 14:01:00,090] [INFO] [optimize] Starting learning process..
[2022-11-23 14:01:00,206] [INFO] [runner_train_mujoco] Starting simulation batch with mujoco.
[2022-11-23 14:01:00,207] [INFO] [runner_train_mujoco] Environment 0
[2022-11-23 14:01:11,637] [INFO] [runner_train_mujoco] Environment 1
[2022-11-23 14:01:21,890] [INFO] [runner_train_mujoco] Environment 2
[2022-11-23 14:01:32,444] [INFO] [runner_train_mujoco] Environment 3
[2022-11-23 14:01:42,246] [INFO] [runner_train_mujoco] Environment 4
[2022-11-23 14:01:52,164] [INFO] [runner_train_mujoco] Environment 5
[2022-11-23 14:02:01,850] [INFO] [runner_train_mujoco] Environment 6
[2022-11-23 14:02:11,434] [INFO] [runner_train_mujoco] Environment 7
[2022-11-23 14:02:20,962] [INFO] [runner_train_mujoco] Environment 8
[2022-11-23 14:02:30,833] [INFO] [runner_train_mujoco] Environment 9
[2022-11-23 14:02:40,903] [INFO] [runner_train_mujoco] Average cumulative reward after 150 steps: 0.5233270396318362
[2022-11-23 14:02:40,903] [INFO] [runner_train_mujoco] Average state value: 0.004352326884865762
[2022-11-23 14:02:40,903] [INFO] [controller] ITERATION NUM: 1
[2022-11-23 14:02:40,971] [INFO] [controller] EPOCH 1 loss ppo:  -0.01510, loss val: 0.39817
[2022-11-23 14:02:41,022] [INFO] [controller] EPOCH 2 loss ppo:  -0.05418, loss val: 0.36300
[2022-11-23 14:02:41,070] [INFO] [controller] EPOCH 3 loss ppo:  -0.06898, loss val: 0.31762
[2022-11-23 14:02:41,116] [INFO] [controller] EPOCH 4 loss ppo:  -0.07916, loss val: 0.27551
[2022-11-23 14:02:41,128] [INFO] [runner_train_mujoco] Finished batch.
[2022-11-23 14:02:41,241] [INFO] [runner_train_mujoco] Starting simulation batch with mujoco.
[2022-11-23 14:02:41,241] [INFO] [runner_train_mujoco] Environment 0
[2022-11-23 14:02:50,916] [INFO] [runner_train_mujoco] Environment 1
[2022-11-23 14:03:00,543] [INFO] [runner_train_mujoco] Environment 2
[2022-11-23 14:03:11,433] [INFO] [runner_train_mujoco] Environment 3
[2022-11-23 14:03:21,931] [INFO] [runner_train_mujoco] Environment 4
[2022-11-23 14:03:31,895] [INFO] [runner_train_mujoco] Environment 5
[2022-11-23 14:03:41,719] [INFO] [runner_train_mujoco] Environment 6
[2022-11-23 14:03:52,720] [INFO] [runner_train_mujoco] Environment 7
[2022-11-23 14:04:04,444] [INFO] [runner_train_mujoco] Environment 8
[2022-11-23 14:04:15,388] [INFO] [runner_train_mujoco] Environment 9
[2022-11-23 14:04:25,722] [INFO] [runner_train_mujoco] Average cumulative reward after 150 steps: 0.38302094204407655
[2022-11-23 14:04:25,722] [INFO] [runner_train_mujoco] Average state value: 0.17303622805854926
[2022-11-23 14:04:25,722] [INFO] [controller] ITERATION NUM: 2
[2022-11-23 14:04:25,883] [INFO] [controller] EPOCH 1 loss ppo:  -0.01284, loss val: 0.20785
[2022-11-23 14:04:25,941] [INFO] [controller] EPOCH 2 loss ppo:  -0.05345, loss val: 0.18425
[2022-11-23 14:04:26,005] [INFO] [controller] EPOCH 3 loss ppo:  -0.07204, loss val: 0.16575
[2022-11-23 14:04:26,055] [INFO] [controller] EPOCH 4 loss ppo:  -0.08264, loss val: 0.15119
[2022-11-23 14:04:26,065] [INFO] [runner_train_mujoco] Finished batch.
[2022-11-23 14:04:26,173] [INFO] [runner_train_mujoco] Starting simulation batch with mujoco.
[2022-11-23 14:04:26,173] [INFO] [runner_train_mujoco] Environment 0
[2022-11-23 14:04:36,416] [INFO] [runner_train_mujoco] Environment 1
[2022-11-23 14:04:46,456] [INFO] [runner_train_mujoco] Environment 2
[2022-11-23 14:04:56,323] [INFO] [runner_train_mujoco] Environment 3
[2022-11-23 14:05:06,852] [INFO] [runner_train_mujoco] Environment 4
[2022-11-23 14:05:17,770] [INFO] [runner_train_mujoco] Environment 5
[2022-11-23 14:05:28,006] [INFO] [runner_train_mujoco] Environment 6
[2022-11-23 14:05:38,100] [INFO] [runner_train_mujoco] Environment 7
[2022-11-23 14:05:47,521] [INFO] [runner_train_mujoco] Environment 8
[2022-11-23 14:05:57,276] [INFO] [runner_train_mujoco] Environment 9
[2022-11-23 14:06:07,696] [INFO] [runner_train_mujoco] Average cumulative reward after 150 steps: 0.631601059088488
[2022-11-23 14:06:07,696] [INFO] [runner_train_mujoco] Average state value: 0.31527409601273637
[2022-11-23 14:06:07,696] [INFO] [controller] ITERATION NUM: 3
[2022-11-23 14:06:07,770] [INFO] [controller] EPOCH 1 loss ppo:  -0.01315, loss val: 0.15704
[2022-11-23 14:06:07,832] [INFO] [controller] EPOCH 2 loss ppo:  -0.05169, loss val: 0.14168
[2022-11-23 14:06:07,886] [INFO] [controller] EPOCH 3 loss ppo:  -0.07065, loss val: 0.12999
[2022-11-23 14:06:07,946] [INFO] [controller] EPOCH 4 loss ppo:  -0.07937, loss val: 0.11504
[2022-11-23 14:06:07,956] [INFO] [runner_train_mujoco] Finished batch.
[2022-11-23 14:06:08,069] [INFO] [runner_train_mujoco] Starting simulation batch with mujoco.
[2022-11-23 14:06:08,069] [INFO] [runner_train_mujoco] Environment 0
[2022-11-23 14:06:19,776] [INFO] [runner_train_mujoco] Environment 1
[2022-11-23 14:06:35,751] [INFO] [runner_train_mujoco] Environment 2
[2022-11-23 14:06:47,970] [INFO] [runner_train_mujoco] Environment 3
[2022-11-23 14:06:59,312] [INFO] [runner_train_mujoco] Environment 4
[2022-11-23 14:07:09,801] [INFO] [runner_train_mujoco] Environment 5
[2022-11-23 14:07:21,588] [INFO] [runner_train_mujoco] Environment 6
[2022-11-23 14:07:32,450] [INFO] [runner_train_mujoco] Environment 7
[2022-11-23 14:07:43,295] [INFO] [runner_train_mujoco] Environment 8
[2022-11-23 14:07:54,404] [INFO] [runner_train_mujoco] Environment 9
[2022-11-23 14:08:05,631] [INFO] [runner_train_mujoco] Average cumulative reward after 150 steps: 0.4695888346210727
[2022-11-23 14:08:05,632] [INFO] [runner_train_mujoco] Average state value: 0.44791956937064725
[2022-11-23 14:08:05,632] [INFO] [controller] ITERATION NUM: 4
[2022-11-23 14:08:05,722] [INFO] [controller] EPOCH 1 loss ppo:  -0.01235, loss val: 0.11731
[2022-11-23 14:08:05,780] [INFO] [controller] EPOCH 2 loss ppo:  -0.04580, loss val: 0.10679
[2022-11-23 14:08:05,842] [INFO] [controller] EPOCH 3 loss ppo:  -0.06276, loss val: 0.09829
[2022-11-23 14:08:05,907] [INFO] [controller] EPOCH 4 loss ppo:  -0.07539, loss val: 0.09079
[2022-11-23 14:08:05,920] [INFO] [runner_train_mujoco] Finished batch.
[2022-11-23 14:08:06,034] [INFO] [runner_train_mujoco] Starting simulation batch with mujoco.
[2022-11-23 14:08:06,034] [INFO] [runner_train_mujoco] Environment 0
[2022-11-23 14:08:17,553] [INFO] [runner_train_mujoco] Environment 1
[2022-11-23 14:08:30,460] [INFO] [runner_train_mujoco] Environment 2
[2022-11-23 14:08:43,234] [INFO] [runner_train_mujoco] Environment 3
[2022-11-23 14:08:54,299] [INFO] [runner_train_mujoco] Environment 4
[2022-11-23 14:09:05,682] [INFO] [runner_train_mujoco] Environment 5
[2022-11-23 14:09:17,081] [INFO] [runner_train_mujoco] Environment 6
[2022-11-23 14:09:30,350] [INFO] [runner_train_mujoco] Environment 7
[2022-11-23 14:09:41,434] [INFO] [runner_train_mujoco] Environment 8
[2022-11-23 14:09:52,432] [INFO] [runner_train_mujoco] Environment 9
[2022-11-23 14:10:02,954] [INFO] [runner_train_mujoco] Average cumulative reward after 150 steps: 0.6755461500603119
[2022-11-23 14:10:02,954] [INFO] [runner_train_mujoco] Average state value: 0.5555857673101128
[2022-11-23 14:10:02,954] [INFO] [controller] ITERATION NUM: 5
[2022-11-23 14:10:03,023] [INFO] [controller] EPOCH 1 loss ppo:  -0.00912, loss val: 0.09200
[2022-11-23 14:10:03,085] [INFO] [controller] EPOCH 2 loss ppo:  -0.04118, loss val: 0.08831
[2022-11-23 14:10:03,136] [INFO] [controller] EPOCH 3 loss ppo:  -0.06004, loss val: 0.08361
[2022-11-23 14:10:03,195] [INFO] [controller] EPOCH 4 loss ppo:  -0.07121, loss val: 0.08060
[2022-11-23 14:10:03,206] [INFO] [runner_train_mujoco] Finished batch.
[2022-11-23 14:10:03,322] [INFO] [runner_train_mujoco] Starting simulation batch with mujoco.
[2022-11-23 14:10:03,322] [INFO] [runner_train_mujoco] Environment 0
[2022-11-23 14:10:14,563] [INFO] [runner_train_mujoco] Environment 1
[2022-11-23 14:10:24,922] [INFO] [runner_train_mujoco] Environment 2
[2022-11-23 14:10:36,584] [INFO] [runner_train_mujoco] Environment 3
[2022-11-23 14:10:48,317] [INFO] [runner_train_mujoco] Environment 4
[2022-11-23 14:10:59,490] [INFO] [runner_train_mujoco] Environment 5
[2022-11-23 14:11:10,765] [INFO] [runner_train_mujoco] Environment 6
[2022-11-23 14:11:21,424] [INFO] [runner_train_mujoco] Environment 7
[2022-11-23 14:11:32,018] [INFO] [runner_train_mujoco] Environment 8
[2022-11-23 14:11:42,514] [INFO] [runner_train_mujoco] Environment 9
[2022-11-23 14:11:53,717] [INFO] [runner_train_mujoco] Average cumulative reward after 150 steps: 0.42135738490668545
[2022-11-23 14:11:53,718] [INFO] [runner_train_mujoco] Average state value: 0.6410552845473092
[2022-11-23 14:11:53,718] [INFO] [controller] ITERATION NUM: 6
[2022-11-23 14:11:54,009] [INFO] [controller] EPOCH 1 loss ppo:  -0.00932, loss val: 0.09126
[2022-11-23 14:11:54,072] [INFO] [controller] EPOCH 2 loss ppo:  -0.03499, loss val: 0.08841
[2022-11-23 14:11:54,148] [INFO] [controller] EPOCH 3 loss ppo:  -0.05257, loss val: 0.08431
[2022-11-23 14:11:54,226] [INFO] [controller] EPOCH 4 loss ppo:  -0.06443, loss val: 0.07894
[2022-11-23 14:11:54,243] [INFO] [runner_train_mujoco] Finished batch.
[2022-11-23 14:11:54,362] [INFO] [runner_train_mujoco] Starting simulation batch with mujoco.
[2022-11-23 14:11:54,362] [INFO] [runner_train_mujoco] Environment 0
[2022-11-23 14:12:05,259] [INFO] [runner_train_mujoco] Environment 1
[2022-11-23 14:12:17,292] [INFO] [runner_train_mujoco] Environment 2
[2022-11-23 14:12:29,216] [INFO] [runner_train_mujoco] Environment 3
[2022-11-23 14:12:41,736] [INFO] [runner_train_mujoco] Environment 4
[2022-11-23 14:12:52,969] [INFO] [runner_train_mujoco] Environment 5
[2022-11-23 14:13:04,148] [INFO] [runner_train_mujoco] Environment 6
[2022-11-23 14:13:15,229] [INFO] [runner_train_mujoco] Environment 7
[2022-11-23 14:13:25,931] [INFO] [runner_train_mujoco] Environment 8
[2022-11-23 14:13:37,137] [INFO] [runner_train_mujoco] Environment 9
[2022-11-23 14:13:48,861] [INFO] [runner_train_mujoco] Average cumulative reward after 150 steps: 0.5887021754621944
[2022-11-23 14:13:48,862] [INFO] [runner_train_mujoco] Average state value: 0.6132306892002622
[2022-11-23 14:13:48,862] [INFO] [controller] ITERATION NUM: 7
[2022-11-23 14:13:48,939] [INFO] [controller] EPOCH 1 loss ppo:  -0.01212, loss val: 0.08204
[2022-11-23 14:13:49,002] [INFO] [controller] EPOCH 2 loss ppo:  -0.03830, loss val: 0.07534
[2022-11-23 14:13:49,063] [INFO] [controller] EPOCH 3 loss ppo:  -0.05778, loss val: 0.06864
[2022-11-23 14:13:49,136] [INFO] [controller] EPOCH 4 loss ppo:  -0.07257, loss val: 0.06344
[2022-11-23 14:13:49,146] [INFO] [runner_train_mujoco] Finished batch.
[2022-11-23 14:13:49,260] [INFO] [runner_train_mujoco] Starting simulation batch with mujoco.
[2022-11-23 14:13:49,268] [INFO] [runner_train_mujoco] Environment 0
[2022-11-23 14:14:01,538] [INFO] [runner_train_mujoco] Environment 1
[2022-11-23 14:14:12,963] [INFO] [runner_train_mujoco] Environment 2
[2022-11-23 14:14:24,529] [INFO] [runner_train_mujoco] Environment 3
[2022-11-23 14:14:35,835] [INFO] [runner_train_mujoco] Environment 4
[2022-11-23 14:14:47,310] [INFO] [runner_train_mujoco] Environment 5
[2022-11-23 14:14:59,955] [INFO] [runner_train_mujoco] Environment 6
[2022-11-23 14:15:12,784] [INFO] [runner_train_mujoco] Environment 7
[2022-11-23 14:15:23,984] [INFO] [runner_train_mujoco] Environment 8
[2022-11-23 14:15:35,363] [INFO] [runner_train_mujoco] Environment 9
[2022-11-23 14:15:47,461] [INFO] [runner_train_mujoco] Average cumulative reward after 150 steps: 0.4059707019935752
[2022-11-23 14:15:47,461] [INFO] [runner_train_mujoco] Average state value: 0.5130593968567749
[2022-11-23 14:15:47,461] [INFO] [controller] ITERATION NUM: 8
[2022-11-23 14:15:47,562] [INFO] [controller] EPOCH 1 loss ppo:  -0.00952, loss val: 0.06414
[2022-11-23 14:15:47,636] [INFO] [controller] EPOCH 2 loss ppo:  -0.04021, loss val: 0.06775
[2022-11-23 14:15:47,926] [INFO] [controller] EPOCH 3 loss ppo:  -0.05528, loss val: 0.06260
[2022-11-23 14:15:47,988] [INFO] [controller] EPOCH 4 loss ppo:  -0.06890, loss val: 0.06385
[2022-11-23 14:15:48,004] [INFO] [runner_train_mujoco] Finished batch.
[2022-11-23 14:15:48,122] [INFO] [runner_train_mujoco] Starting simulation batch with mujoco.
[2022-11-23 14:15:48,122] [INFO] [runner_train_mujoco] Environment 0
[2022-11-23 14:15:59,389] [INFO] [runner_train_mujoco] Environment 1
[2022-11-23 14:16:11,759] [INFO] [runner_train_mujoco] Environment 2
[2022-11-23 14:16:24,097] [INFO] [runner_train_mujoco] Environment 3
[2022-11-23 14:16:36,519] [INFO] [runner_train_mujoco] Environment 4
[2022-11-23 14:16:48,105] [INFO] [runner_train_mujoco] Environment 5
[2022-11-23 14:17:01,308] [INFO] [runner_train_mujoco] Environment 6
[2022-11-23 14:17:12,186] [INFO] [runner_train_mujoco] Environment 7
[2022-11-23 14:17:22,796] [INFO] [runner_train_mujoco] Environment 8
[2022-11-23 14:17:33,858] [INFO] [runner_train_mujoco] Environment 9
[2022-11-23 14:17:44,471] [INFO] [runner_train_mujoco] Average cumulative reward after 150 steps: 0.39698770258620475
[2022-11-23 14:17:44,471] [INFO] [runner_train_mujoco] Average state value: 0.4863052493929863
[2022-11-23 14:17:44,471] [INFO] [controller] ITERATION NUM: 9
[2022-11-23 14:17:44,536] [INFO] [controller] EPOCH 1 loss ppo:  -0.01198, loss val: 0.06294
[2022-11-23 14:17:44,587] [INFO] [controller] EPOCH 2 loss ppo:  -0.04306, loss val: 0.06157
[2022-11-23 14:17:44,644] [INFO] [controller] EPOCH 3 loss ppo:  -0.05681, loss val: 0.06017
[2022-11-23 14:17:44,698] [INFO] [controller] EPOCH 4 loss ppo:  -0.06580, loss val: 0.06008
[2022-11-23 14:17:44,709] [INFO] [runner_train_mujoco] Finished batch.
[2022-11-23 14:17:44,831] [INFO] [runner_train_mujoco] Starting simulation batch with mujoco.
[2022-11-23 14:17:44,832] [INFO] [runner_train_mujoco] Environment 0
[2022-11-23 14:17:54,824] [INFO] [runner_train_mujoco] Environment 1
[2022-11-23 14:18:04,693] [INFO] [runner_train_mujoco] Environment 2
[2022-11-23 14:18:16,281] [INFO] [runner_train_mujoco] Environment 3
[2022-11-23 14:18:26,266] [INFO] [runner_train_mujoco] Environment 4
[2022-11-23 14:18:36,190] [INFO] [runner_train_mujoco] Environment 5
[2022-11-23 14:18:46,184] [INFO] [runner_train_mujoco] Environment 6
[2022-11-23 14:18:56,920] [INFO] [runner_train_mujoco] Environment 7
[2022-11-23 14:19:06,676] [INFO] [runner_train_mujoco] Environment 8
[2022-11-23 14:19:15,769] [INFO] [runner_train_mujoco] Environment 9
[2022-11-23 14:19:25,657] [INFO] [runner_train_mujoco] Average cumulative reward after 150 steps: 0.6054736777082942
[2022-11-23 14:19:25,657] [INFO] [runner_train_mujoco] Average state value: 0.5058976253364235
[2022-11-23 14:19:25,657] [INFO] [controller] ITERATION NUM: 10
[2022-11-23 14:19:25,726] [INFO] [controller] EPOCH 1 loss ppo:  -0.01199, loss val: 0.05640
[2022-11-23 14:19:25,784] [INFO] [controller] EPOCH 2 loss ppo:  -0.04237, loss val: 0.05381
[2022-11-23 14:19:25,840] [INFO] [controller] EPOCH 3 loss ppo:  -0.06179, loss val: 0.05095
[2022-11-23 14:19:25,901] [INFO] [controller] EPOCH 4 loss ppo:  -0.07343, loss val: 0.05000
[2022-11-23 14:19:25,914] [INFO] [runner_train_mujoco] Finished batch.
[2022-11-23 14:19:26,074] [INFO] [runner_train_mujoco] Starting simulation batch with mujoco.
[2022-11-23 14:19:26,076] [INFO] [runner_train_mujoco] Environment 0
[2022-11-23 14:19:34,461] [INFO] [runner_train_mujoco] Environment 1
[2022-11-23 14:19:42,092] [INFO] [runner_train_mujoco] Environment 2
[2022-11-23 14:19:50,322] [INFO] [runner_train_mujoco] Environment 3
[2022-11-23 14:19:59,410] [INFO] [runner_train_mujoco] Environment 4
[2022-11-23 14:20:06,936] [INFO] [runner_train_mujoco] Environment 5
[2022-11-23 14:20:14,714] [INFO] [runner_train_mujoco] Environment 6
[2022-11-23 14:20:23,500] [INFO] [runner_train_mujoco] Environment 7
[2022-11-23 14:20:31,928] [INFO] [runner_train_mujoco] Environment 8
[2022-11-23 14:20:40,890] [INFO] [runner_train_mujoco] Environment 9
[2022-11-23 14:20:48,947] [INFO] [runner_train_mujoco] Average cumulative reward after 150 steps: 0.5675597794331518
[2022-11-23 14:20:48,948] [INFO] [runner_train_mujoco] Average state value: 0.5647649485419193
[2022-11-23 14:20:48,948] [INFO] [controller] ITERATION NUM: 11
[2022-11-23 14:20:49,035] [INFO] [controller] EPOCH 1 loss ppo:  -0.01050, loss val: 0.06271
[2022-11-23 14:20:49,098] [INFO] [controller] EPOCH 2 loss ppo:  -0.03240, loss val: 0.06373
[2022-11-23 14:20:49,158] [INFO] [controller] EPOCH 3 loss ppo:  -0.04907, loss val: 0.06277
[2022-11-23 14:20:49,215] [INFO] [controller] EPOCH 4 loss ppo:  -0.06130, loss val: 0.05921
[2022-11-23 14:20:49,226] [INFO] [runner_train_mujoco] Finished batch.
[2022-11-23 14:20:49,353] [INFO] [runner_train_mujoco] Starting simulation batch with mujoco.
[2022-11-23 14:20:49,354] [INFO] [runner_train_mujoco] Environment 0
[2022-11-23 14:20:57,629] [INFO] [runner_train_mujoco] Environment 1
[2022-11-23 14:21:06,278] [INFO] [runner_train_mujoco] Environment 2
[2022-11-23 14:21:14,584] [INFO] [runner_train_mujoco] Environment 3
[2022-11-23 14:21:22,042] [INFO] [runner_train_mujoco] Environment 4
[2022-11-23 14:21:29,488] [INFO] [runner_train_mujoco] Environment 5
[2022-11-23 14:21:37,143] [INFO] [runner_train_mujoco] Environment 6
[2022-11-23 14:21:44,947] [INFO] [runner_train_mujoco] Environment 7
[2022-11-23 14:21:54,430] [INFO] [runner_train_mujoco] Environment 8
[2022-11-23 14:22:04,395] [INFO] [runner_train_mujoco] Environment 9
[2022-11-23 14:22:12,821] [INFO] [runner_train_mujoco] Average cumulative reward after 150 steps: 0.6942822728822422
[2022-11-23 14:22:12,822] [INFO] [runner_train_mujoco] Average state value: 0.55276471443971
[2022-11-23 14:22:12,822] [INFO] [controller] ITERATION NUM: 12
[2022-11-23 14:22:12,922] [INFO] [controller] EPOCH 1 loss ppo:  -0.01122, loss val: 0.04856
[2022-11-23 14:22:12,983] [INFO] [controller] EPOCH 2 loss ppo:  -0.04357, loss val: 0.04718
[2022-11-23 14:22:13,048] [INFO] [controller] EPOCH 3 loss ppo:  -0.06062, loss val: 0.04816
[2022-11-23 14:22:13,099] [INFO] [controller] EPOCH 4 loss ppo:  -0.07203, loss val: 0.04581
[2022-11-23 14:22:13,116] [INFO] [runner_train_mujoco] Finished batch.
[2022-11-23 14:22:13,239] [INFO] [runner_train_mujoco] Starting simulation batch with mujoco.
[2022-11-23 14:22:13,240] [INFO] [runner_train_mujoco] Environment 0
[2022-11-23 14:22:22,203] [INFO] [runner_train_mujoco] Environment 1
[2022-11-23 14:22:30,600] [INFO] [runner_train_mujoco] Environment 2
[2022-11-23 14:22:40,321] [INFO] [runner_train_mujoco] Environment 3
[2022-11-23 14:22:48,478] [INFO] [runner_train_mujoco] Environment 4
[2022-11-23 14:22:56,037] [INFO] [runner_train_mujoco] Environment 5
[2022-11-23 14:23:03,986] [INFO] [runner_train_mujoco] Environment 6
[2022-11-23 14:23:11,462] [INFO] [runner_train_mujoco] Environment 7
[2022-11-23 14:23:19,590] [INFO] [runner_train_mujoco] Environment 8
[2022-11-23 14:23:27,458] [INFO] [runner_train_mujoco] Environment 9
[2022-11-23 14:23:35,225] [INFO] [runner_train_mujoco] Average cumulative reward after 150 steps: 0.6363939210705686
[2022-11-23 14:23:35,225] [INFO] [runner_train_mujoco] Average state value: 0.5434838914871215
[2022-11-23 14:23:35,225] [INFO] [controller] ITERATION NUM: 13
[2022-11-23 14:23:35,280] [INFO] [controller] EPOCH 1 loss ppo:  -0.01003, loss val: 0.05496
[2022-11-23 14:23:35,326] [INFO] [controller] EPOCH 2 loss ppo:  -0.04179, loss val: 0.05303
[2022-11-23 14:23:35,375] [INFO] [controller] EPOCH 3 loss ppo:  -0.05940, loss val: 0.05141
[2022-11-23 14:23:35,423] [INFO] [controller] EPOCH 4 loss ppo:  -0.06977, loss val: 0.05025
[2022-11-23 14:23:35,429] [INFO] [runner_train_mujoco] Finished batch.
[2022-11-23 14:23:35,519] [INFO] [runner_train_mujoco] Starting simulation batch with mujoco.
[2022-11-23 14:23:35,519] [INFO] [runner_train_mujoco] Environment 0
[2022-11-23 14:23:43,441] [INFO] [runner_train_mujoco] Environment 1
[2022-11-23 14:23:51,446] [INFO] [runner_train_mujoco] Environment 2
[2022-11-23 14:23:59,673] [INFO] [runner_train_mujoco] Environment 3
[2022-11-23 14:24:07,637] [INFO] [runner_train_mujoco] Environment 4
[2022-11-23 14:24:16,432] [INFO] [runner_train_mujoco] Environment 5
[2022-11-23 14:24:25,591] [INFO] [runner_train_mujoco] Environment 6
[2022-11-23 14:24:34,177] [INFO] [runner_train_mujoco] Environment 7
[2022-11-23 14:24:42,226] [INFO] [runner_train_mujoco] Environment 8
[2022-11-23 14:24:49,709] [INFO] [runner_train_mujoco] Environment 9
[2022-11-23 14:24:57,672] [INFO] [runner_train_mujoco] Average cumulative reward after 150 steps: 0.7788866174402744
[2022-11-23 14:24:57,672] [INFO] [runner_train_mujoco] Average state value: 0.5516335890789826
[2022-11-23 14:24:57,672] [INFO] [controller] ITERATION NUM: 14
[2022-11-23 14:24:57,726] [INFO] [controller] EPOCH 1 loss ppo:  -0.01395, loss val: 0.04065
[2022-11-23 14:24:57,760] [INFO] [controller] EPOCH 2 loss ppo:  -0.04436, loss val: 0.04060
[2022-11-23 14:24:57,884] [INFO] [controller] EPOCH 3 loss ppo:  -0.06055, loss val: 0.04046
[2022-11-23 14:24:57,931] [INFO] [controller] EPOCH 4 loss ppo:  -0.07000, loss val: 0.03971
[2022-11-23 14:24:57,940] [INFO] [runner_train_mujoco] Finished batch.
[2022-11-23 14:24:58,033] [INFO] [runner_train_mujoco] Starting simulation batch with mujoco.
[2022-11-23 14:24:58,033] [INFO] [runner_train_mujoco] Environment 0
[2022-11-23 14:25:05,799] [INFO] [runner_train_mujoco] Environment 1
[2022-11-23 14:25:13,279] [INFO] [runner_train_mujoco] Environment 2
[2022-11-23 14:25:21,995] [INFO] [runner_train_mujoco] Environment 3
[2022-11-23 14:25:29,390] [INFO] [runner_train_mujoco] Environment 4
[2022-11-23 14:25:36,906] [INFO] [runner_train_mujoco] Environment 5
[2022-11-23 14:25:44,807] [INFO] [runner_train_mujoco] Environment 6
[2022-11-23 14:25:52,235] [INFO] [runner_train_mujoco] Environment 7
[2022-11-23 14:25:59,741] [INFO] [runner_train_mujoco] Environment 8
[2022-11-23 14:26:06,973] [INFO] [runner_train_mujoco] Environment 9
[2022-11-23 14:26:13,516] [INFO] [runner_train_mujoco] Average cumulative reward after 150 steps: 0.7778950367114787
[2022-11-23 14:26:13,516] [INFO] [runner_train_mujoco] Average state value: 0.5261288038392862
[2022-11-23 14:26:13,516] [INFO] [controller] ITERATION NUM: 15
[2022-11-23 14:26:13,566] [INFO] [controller] EPOCH 1 loss ppo:  -0.00978, loss val: 0.04170
[2022-11-23 14:26:13,613] [INFO] [controller] EPOCH 2 loss ppo:  -0.04293, loss val: 0.04056
[2022-11-23 14:26:13,653] [INFO] [controller] EPOCH 3 loss ppo:  -0.06237, loss val: 0.04082
[2022-11-23 14:26:13,691] [INFO] [controller] EPOCH 4 loss ppo:  -0.07444, loss val: 0.03965
[2022-11-23 14:26:13,701] [INFO] [runner_train_mujoco] Finished batch.
[2022-11-23 14:26:13,788] [INFO] [runner_train_mujoco] Starting simulation batch with mujoco.
[2022-11-23 14:26:13,788] [INFO] [runner_train_mujoco] Environment 0
[2022-11-23 14:26:20,439] [INFO] [runner_train_mujoco] Environment 1
[2022-11-23 14:26:27,612] [INFO] [runner_train_mujoco] Environment 2
[2022-11-23 14:26:35,866] [INFO] [runner_train_mujoco] Environment 3
[2022-11-23 14:26:44,183] [INFO] [runner_train_mujoco] Environment 4
[2022-11-23 14:26:51,332] [INFO] [runner_train_mujoco] Environment 5
[2022-11-23 14:26:58,257] [INFO] [runner_train_mujoco] Environment 6
[2022-11-23 14:27:05,398] [INFO] [runner_train_mujoco] Environment 7
[2022-11-23 14:27:12,354] [INFO] [runner_train_mujoco] Environment 8
[2022-11-23 14:27:18,943] [INFO] [runner_train_mujoco] Environment 9
[2022-11-23 14:27:25,423] [INFO] [runner_train_mujoco] Average cumulative reward after 150 steps: 0.750538973973544
[2022-11-23 14:27:25,423] [INFO] [runner_train_mujoco] Average state value: 0.5082423941195011
[2022-11-23 14:27:25,423] [INFO] [controller] ITERATION NUM: 16
[2022-11-23 14:27:25,470] [INFO] [controller] EPOCH 1 loss ppo:  -0.01113, loss val: 0.03761
[2022-11-23 14:27:25,514] [INFO] [controller] EPOCH 2 loss ppo:  -0.04331, loss val: 0.03690
[2022-11-23 14:27:25,555] [INFO] [controller] EPOCH 3 loss ppo:  -0.06301, loss val: 0.03741
[2022-11-23 14:27:25,600] [INFO] [controller] EPOCH 4 loss ppo:  -0.07581, loss val: 0.03669
[2022-11-23 14:27:25,610] [INFO] [runner_train_mujoco] Finished batch.
[2022-11-23 14:27:25,684] [INFO] [runner_train_mujoco] Starting simulation batch with mujoco.
[2022-11-23 14:27:25,685] [INFO] [runner_train_mujoco] Environment 0
[2022-11-23 14:27:32,299] [INFO] [runner_train_mujoco] Environment 1
[2022-11-23 14:27:40,876] [INFO] [runner_train_mujoco] Environment 2
[2022-11-23 14:27:49,363] [INFO] [runner_train_mujoco] Environment 3
[2022-11-23 14:27:56,216] [INFO] [runner_train_mujoco] Environment 4
[2022-11-23 14:28:03,452] [INFO] [runner_train_mujoco] Environment 5
[2022-11-23 14:28:10,086] [INFO] [runner_train_mujoco] Environment 6
[2022-11-23 14:28:17,099] [INFO] [runner_train_mujoco] Environment 7
[2022-11-23 14:28:23,678] [INFO] [runner_train_mujoco] Environment 8
[2022-11-23 14:28:30,165] [INFO] [runner_train_mujoco] Environment 9
[2022-11-23 14:28:36,583] [INFO] [runner_train_mujoco] Average cumulative reward after 150 steps: 0.7378011865156793
[2022-11-23 14:28:36,583] [INFO] [runner_train_mujoco] Average state value: 0.49412223746379214
[2022-11-23 14:28:36,583] [INFO] [controller] ITERATION NUM: 17
[2022-11-23 14:28:36,636] [INFO] [controller] EPOCH 1 loss ppo:  -0.01248, loss val: 0.04075
[2022-11-23 14:28:36,678] [INFO] [controller] EPOCH 2 loss ppo:  -0.04285, loss val: 0.04030
[2022-11-23 14:28:36,720] [INFO] [controller] EPOCH 3 loss ppo:  -0.05953, loss val: 0.03895
[2022-11-23 14:28:36,762] [INFO] [controller] EPOCH 4 loss ppo:  -0.07364, loss val: 0.03795
[2022-11-23 14:28:36,771] [INFO] [runner_train_mujoco] Finished batch.
[2022-11-23 14:28:36,846] [INFO] [runner_train_mujoco] Starting simulation batch with mujoco.
[2022-11-23 14:28:36,846] [INFO] [runner_train_mujoco] Environment 0
[2022-11-23 14:28:43,556] [INFO] [runner_train_mujoco] Environment 1
[2022-11-23 14:28:50,379] [INFO] [runner_train_mujoco] Environment 2
[2022-11-23 14:28:57,380] [INFO] [runner_train_mujoco] Environment 3
[2022-11-23 14:29:04,113] [INFO] [runner_train_mujoco] Environment 4
[2022-11-23 14:29:10,567] [INFO] [runner_train_mujoco] Environment 5
[2022-11-23 14:29:17,253] [INFO] [runner_train_mujoco] Environment 6
[2022-11-23 14:29:24,591] [INFO] [runner_train_mujoco] Environment 7
[2022-11-23 14:29:31,894] [INFO] [runner_train_mujoco] Environment 8
[2022-11-23 14:29:38,569] [INFO] [runner_train_mujoco] Environment 9
[2022-11-23 14:29:45,229] [INFO] [runner_train_mujoco] Average cumulative reward after 150 steps: 1.055465078643238
[2022-11-23 14:29:45,229] [INFO] [runner_train_mujoco] Average state value: 0.45863269992669425
[2022-11-23 14:29:45,229] [INFO] [controller] ITERATION NUM: 18
[2022-11-23 14:29:45,277] [INFO] [controller] EPOCH 1 loss ppo:  -0.01202, loss val: 0.05576
[2022-11-23 14:29:45,319] [INFO] [controller] EPOCH 2 loss ppo:  -0.03748, loss val: 0.05642
[2022-11-23 14:29:45,360] [INFO] [controller] EPOCH 3 loss ppo:  -0.05480, loss val: 0.05463
[2022-11-23 14:29:45,403] [INFO] [controller] EPOCH 4 loss ppo:  -0.06619, loss val: 0.05132
[2022-11-23 14:29:45,409] [INFO] [runner_train_mujoco] Finished batch.
[2022-11-23 14:29:45,494] [INFO] [runner_train_mujoco] Starting simulation batch with mujoco.
[2022-11-23 14:29:45,494] [INFO] [runner_train_mujoco] Environment 0
[2022-11-23 14:29:52,235] [INFO] [runner_train_mujoco] Environment 1
[2022-11-23 14:29:59,408] [INFO] [runner_train_mujoco] Environment 2
[2022-11-23 14:30:06,877] [INFO] [runner_train_mujoco] Environment 3
[2022-11-23 14:30:13,770] [INFO] [runner_train_mujoco] Environment 4
[2022-11-23 14:30:20,534] [INFO] [runner_train_mujoco] Environment 5
[2022-11-23 14:30:27,128] [INFO] [runner_train_mujoco] Environment 6
[2022-11-23 14:30:34,163] [INFO] [runner_train_mujoco] Environment 7
[2022-11-23 14:30:41,153] [INFO] [runner_train_mujoco] Environment 8
[2022-11-23 14:30:50,786] [INFO] [runner_train_mujoco] Environment 9
[2022-11-23 14:30:58,872] [INFO] [runner_train_mujoco] Average cumulative reward after 150 steps: 0.9154420319289842
[2022-11-23 14:30:58,872] [INFO] [runner_train_mujoco] Average state value: 0.4820053348690271
[2022-11-23 14:30:58,872] [INFO] [controller] ITERATION NUM: 19
[2022-11-23 14:30:58,923] [INFO] [controller] EPOCH 1 loss ppo:  -0.01329, loss val: 0.04969
[2022-11-23 14:30:58,968] [INFO] [controller] EPOCH 2 loss ppo:  -0.04096, loss val: 0.04724
[2022-11-23 14:30:59,014] [INFO] [controller] EPOCH 3 loss ppo:  -0.06011, loss val: 0.04650
[2022-11-23 14:30:59,059] [INFO] [controller] EPOCH 4 loss ppo:  -0.07329, loss val: 0.04676
[2022-11-23 14:30:59,070] [INFO] [runner_train_mujoco] Finished batch.
[2022-11-23 14:30:59,160] [INFO] [runner_train_mujoco] Starting simulation batch with mujoco.
[2022-11-23 14:30:59,161] [INFO] [runner_train_mujoco] Environment 0
[2022-11-23 14:31:06,762] [INFO] [runner_train_mujoco] Environment 1
[2022-11-23 14:31:13,815] [INFO] [runner_train_mujoco] Environment 2
[2022-11-23 14:31:22,618] [INFO] [runner_train_mujoco] Environment 3
[2022-11-23 14:31:29,852] [INFO] [runner_train_mujoco] Environment 4
[2022-11-23 14:31:36,965] [INFO] [runner_train_mujoco] Environment 5
[2022-11-23 14:31:45,133] [INFO] [runner_train_mujoco] Environment 6
[2022-11-23 14:31:52,046] [INFO] [runner_train_mujoco] Environment 7
[2022-11-23 14:31:59,040] [INFO] [runner_train_mujoco] Environment 8
[2022-11-23 14:32:05,890] [INFO] [runner_train_mujoco] Environment 9
[2022-11-23 14:32:12,666] [INFO] [runner_train_mujoco] Average cumulative reward after 150 steps: 1.5037880002446926
[2022-11-23 14:32:12,666] [INFO] [runner_train_mujoco] Average state value: 0.5349750416775545
[2022-11-23 14:32:12,666] [INFO] [controller] ITERATION NUM: 20
[2022-11-23 14:32:12,720] [INFO] [controller] EPOCH 1 loss ppo:  -0.01450, loss val: 0.04181
[2022-11-23 14:32:12,765] [INFO] [controller] EPOCH 2 loss ppo:  -0.04277, loss val: 0.04145
[2022-11-23 14:32:12,808] [INFO] [controller] EPOCH 3 loss ppo:  -0.05806, loss val: 0.04061
[2022-11-23 14:32:12,853] [INFO] [controller] EPOCH 4 loss ppo:  -0.07282, loss val: 0.04097
[2022-11-23 14:32:12,863] [INFO] [runner_train_mujoco] Finished batch.
[2022-11-23 14:32:12,940] [INFO] [runner_train_mujoco] Starting simulation batch with mujoco.
[2022-11-23 14:32:12,941] [INFO] [runner_train_mujoco] Environment 0
[2022-11-23 14:32:20,017] [INFO] [runner_train_mujoco] Environment 1
[2022-11-23 14:32:27,659] [INFO] [runner_train_mujoco] Environment 2
[2022-11-23 14:32:35,336] [INFO] [runner_train_mujoco] Environment 3
[2022-11-23 14:32:42,589] [INFO] [runner_train_mujoco] Environment 4
[2022-11-23 14:32:49,812] [INFO] [runner_train_mujoco] Environment 5
[2022-11-23 14:32:58,180] [INFO] [runner_train_mujoco] Environment 6
[2022-11-23 14:33:05,116] [INFO] [runner_train_mujoco] Environment 7
[2022-11-23 14:33:11,965] [INFO] [runner_train_mujoco] Environment 8
[2022-11-23 14:33:18,817] [INFO] [runner_train_mujoco] Environment 9
[2022-11-23 14:33:25,631] [INFO] [runner_train_mujoco] Average cumulative reward after 150 steps: 1.5599020236358194
[2022-11-23 14:33:25,631] [INFO] [runner_train_mujoco] Average state value: 0.5263663419882455
[2022-11-23 14:33:25,631] [INFO] [controller] ITERATION NUM: 21
[2022-11-23 14:33:25,682] [INFO] [controller] EPOCH 1 loss ppo:  -0.01434, loss val: 0.04334
[2022-11-23 14:33:25,731] [INFO] [controller] EPOCH 2 loss ppo:  -0.04259, loss val: 0.04189
[2022-11-23 14:33:25,771] [INFO] [controller] EPOCH 3 loss ppo:  -0.06336, loss val: 0.04043
[2022-11-23 14:33:25,813] [INFO] [controller] EPOCH 4 loss ppo:  -0.07898, loss val: 0.03942
[2022-11-23 14:33:25,824] [INFO] [runner_train_mujoco] Finished batch.
[2022-11-23 14:33:25,918] [INFO] [runner_train_mujoco] Starting simulation batch with mujoco.
[2022-11-23 14:33:25,919] [INFO] [runner_train_mujoco] Environment 0
[2022-11-23 14:33:33,092] [INFO] [runner_train_mujoco] Environment 1
[2022-11-23 14:33:40,804] [INFO] [runner_train_mujoco] Environment 2
[2022-11-23 14:33:47,721] [INFO] [runner_train_mujoco] Environment 3
[2022-11-23 14:33:54,949] [INFO] [runner_train_mujoco] Environment 4
[2022-11-23 14:34:01,540] [INFO] [runner_train_mujoco] Environment 5
[2022-11-23 14:34:08,527] [INFO] [runner_train_mujoco] Environment 6
[2022-11-23 14:34:17,265] [INFO] [runner_train_mujoco] Environment 7
[2022-11-23 14:34:25,642] [INFO] [runner_train_mujoco] Environment 8
[2022-11-23 14:34:33,704] [INFO] [runner_train_mujoco] Environment 9
[2022-11-23 14:34:41,684] [INFO] [runner_train_mujoco] Average cumulative reward after 150 steps: 1.6308756007350453
[2022-11-23 14:34:41,684] [INFO] [runner_train_mujoco] Average state value: 0.47944706184665364
[2022-11-23 14:34:41,684] [INFO] [controller] ITERATION NUM: 22
[2022-11-23 14:34:41,775] [INFO] [controller] EPOCH 1 loss ppo:  -0.01453, loss val: 0.03298
[2022-11-23 14:34:41,839] [INFO] [controller] EPOCH 2 loss ppo:  -0.04649, loss val: 0.03480
[2022-11-23 14:34:41,908] [INFO] [controller] EPOCH 3 loss ppo:  -0.06577, loss val: 0.03796
[2022-11-23 14:34:42,007] [INFO] [controller] EPOCH 4 loss ppo:  -0.07778, loss val: 0.04007
[2022-11-23 14:34:42,021] [INFO] [runner_train_mujoco] Finished batch.
[2022-11-23 14:34:42,160] [INFO] [runner_train_mujoco] Starting simulation batch with mujoco.
[2022-11-23 14:34:42,160] [INFO] [runner_train_mujoco] Environment 0
[2022-11-23 14:34:50,719] [INFO] [runner_train_mujoco] Environment 1
[2022-11-23 14:34:59,396] [INFO] [runner_train_mujoco] Environment 2
[2022-11-23 14:35:08,209] [INFO] [runner_train_mujoco] Environment 3
[2022-11-23 14:35:16,453] [INFO] [runner_train_mujoco] Environment 4
[2022-11-23 14:35:24,189] [INFO] [runner_train_mujoco] Environment 5
[2022-11-23 14:35:31,784] [INFO] [runner_train_mujoco] Environment 6
[2022-11-23 14:35:38,830] [INFO] [runner_train_mujoco] Environment 7
[2022-11-23 14:35:46,257] [INFO] [runner_train_mujoco] Environment 8
[2022-11-23 14:35:54,224] [INFO] [runner_train_mujoco] Environment 9
[2022-11-23 14:36:02,498] [INFO] [runner_train_mujoco] Average cumulative reward after 150 steps: 1.6406353885718274
[2022-11-23 14:36:02,498] [INFO] [runner_train_mujoco] Average state value: 0.4582111662427585
[2022-11-23 14:36:02,498] [INFO] [controller] ITERATION NUM: 23
[2022-11-23 14:36:02,594] [INFO] [controller] EPOCH 1 loss ppo:  -0.01363, loss val: 0.03747
[2022-11-23 14:36:02,642] [INFO] [controller] EPOCH 2 loss ppo:  -0.04058, loss val: 0.03626
[2022-11-23 14:36:02,688] [INFO] [controller] EPOCH 3 loss ppo:  -0.05709, loss val: 0.03596
[2022-11-23 14:36:02,736] [INFO] [controller] EPOCH 4 loss ppo:  -0.07125, loss val: 0.03457
[2022-11-23 14:36:02,747] [INFO] [runner_train_mujoco] Finished batch.
[2022-11-23 14:36:02,848] [INFO] [runner_train_mujoco] Starting simulation batch with mujoco.
[2022-11-23 14:36:02,849] [INFO] [runner_train_mujoco] Environment 0
[2022-11-23 14:36:10,511] [INFO] [runner_train_mujoco] Environment 1
[2022-11-23 14:36:18,047] [INFO] [runner_train_mujoco] Environment 2
[2022-11-23 14:36:26,408] [INFO] [runner_train_mujoco] Environment 3
[2022-11-23 14:36:34,187] [INFO] [runner_train_mujoco] Environment 4
[2022-11-23 14:36:41,424] [INFO] [runner_train_mujoco] Environment 5
[2022-11-23 14:36:48,653] [INFO] [runner_train_mujoco] Environment 6
[2022-11-23 14:36:56,040] [INFO] [runner_train_mujoco] Environment 7
[2022-11-23 14:37:04,199] [INFO] [runner_train_mujoco] Environment 8
[2022-11-23 14:37:12,182] [INFO] [runner_train_mujoco] Environment 9
[2022-11-23 14:37:20,028] [INFO] [runner_train_mujoco] Average cumulative reward after 150 steps: 1.996393233348766
[2022-11-23 14:37:20,029] [INFO] [runner_train_mujoco] Average state value: 0.4821093112528324
[2022-11-23 14:37:20,029] [INFO] [controller] ITERATION NUM: 24
[2022-11-23 14:37:20,108] [INFO] [controller] EPOCH 1 loss ppo:  -0.01668, loss val: 0.05254
[2022-11-23 14:37:20,168] [INFO] [controller] EPOCH 2 loss ppo:  -0.03883, loss val: 0.04869
[2022-11-23 14:37:20,218] [INFO] [controller] EPOCH 3 loss ppo:  -0.05206, loss val: 0.04556
[2022-11-23 14:37:20,267] [INFO] [controller] EPOCH 4 loss ppo:  -0.06338, loss val: 0.04257
[2022-11-23 14:37:20,280] [INFO] [runner_train_mujoco] Finished batch.
[2022-11-23 14:37:20,365] [INFO] [runner_train_mujoco] Starting simulation batch with mujoco.
[2022-11-23 14:37:20,365] [INFO] [runner_train_mujoco] Environment 0
[2022-11-23 14:37:27,980] [INFO] [runner_train_mujoco] Environment 1
[2022-11-23 14:37:35,237] [INFO] [runner_train_mujoco] Environment 2
[2022-11-23 14:37:43,492] [INFO] [runner_train_mujoco] Environment 3
[2022-11-23 14:37:51,329] [INFO] [runner_train_mujoco] Environment 4
[2022-11-23 14:37:58,801] [INFO] [runner_train_mujoco] Environment 5
[2022-11-23 14:38:05,881] [INFO] [runner_train_mujoco] Environment 6
[2022-11-23 14:38:12,947] [INFO] [runner_train_mujoco] Environment 7
[2022-11-23 14:38:20,113] [INFO] [runner_train_mujoco] Environment 8
[2022-11-23 14:38:27,944] [INFO] [runner_train_mujoco] Environment 9
[2022-11-23 14:38:35,319] [INFO] [runner_train_mujoco] Average cumulative reward after 150 steps: 1.9881563606603982
[2022-11-23 14:38:35,319] [INFO] [runner_train_mujoco] Average state value: 0.5528267491062482
[2022-11-23 14:38:35,320] [INFO] [controller] ITERATION NUM: 25
[2022-11-23 14:38:35,367] [INFO] [controller] EPOCH 1 loss ppo:  -0.01392, loss val: 0.04104
[2022-11-23 14:38:35,411] [INFO] [controller] EPOCH 2 loss ppo:  -0.03983, loss val: 0.04583
[2022-11-23 14:38:35,455] [INFO] [controller] EPOCH 3 loss ppo:  -0.05422, loss val: 0.04601
[2022-11-23 14:38:35,503] [INFO] [controller] EPOCH 4 loss ppo:  -0.07018, loss val: 0.04293
[2022-11-23 14:38:35,513] [INFO] [runner_train_mujoco] Finished batch.
[2022-11-23 14:38:35,599] [INFO] [runner_train_mujoco] Starting simulation batch with mujoco.
[2022-11-23 14:38:35,599] [INFO] [runner_train_mujoco] Environment 0
[2022-11-23 14:38:44,013] [INFO] [runner_train_mujoco] Environment 1
[2022-11-23 14:38:51,300] [INFO] [runner_train_mujoco] Environment 2
[2022-11-23 14:38:59,222] [INFO] [runner_train_mujoco] Environment 3
[2022-11-23 14:39:06,710] [INFO] [runner_train_mujoco] Environment 4
[2022-11-23 14:39:13,551] [INFO] [runner_train_mujoco] Environment 5
[2022-11-23 14:39:20,450] [INFO] [runner_train_mujoco] Environment 6
[2022-11-23 14:39:27,754] [INFO] [runner_train_mujoco] Environment 7
[2022-11-23 14:39:35,555] [INFO] [runner_train_mujoco] Environment 8
[2022-11-23 14:39:44,626] [INFO] [runner_train_mujoco] Environment 9
[2022-11-23 14:39:51,980] [INFO] [runner_train_mujoco] Average cumulative reward after 150 steps: 2.323781485414021
[2022-11-23 14:39:51,981] [INFO] [runner_train_mujoco] Average state value: 0.5596649768253167
[2022-11-23 14:39:51,981] [INFO] [controller] ITERATION NUM: 26
[2022-11-23 14:39:52,027] [INFO] [controller] EPOCH 1 loss ppo:  -0.01507, loss val: 0.03955
[2022-11-23 14:39:52,069] [INFO] [controller] EPOCH 2 loss ppo:  -0.04186, loss val: 0.03942
[2022-11-23 14:39:52,111] [INFO] [controller] EPOCH 3 loss ppo:  -0.05955, loss val: 0.03911
[2022-11-23 14:39:52,157] [INFO] [controller] EPOCH 4 loss ppo:  -0.07198, loss val: 0.03890
[2022-11-23 14:39:52,164] [INFO] [runner_train_mujoco] Finished batch.
[2022-11-23 14:39:52,250] [INFO] [runner_train_mujoco] Starting simulation batch with mujoco.
[2022-11-23 14:39:52,250] [INFO] [runner_train_mujoco] Environment 0
[2022-11-23 14:39:59,217] [INFO] [runner_train_mujoco] Environment 1
[2022-11-23 14:40:06,223] [INFO] [runner_train_mujoco] Environment 2
[2022-11-23 14:40:13,478] [INFO] [runner_train_mujoco] Environment 3
[2022-11-23 14:40:20,906] [INFO] [runner_train_mujoco] Environment 4
[2022-11-23 14:40:28,528] [INFO] [runner_train_mujoco] Environment 5
[2022-11-23 14:40:35,025] [INFO] [runner_train_mujoco] Environment 6
[2022-11-23 14:40:41,679] [INFO] [runner_train_mujoco] Environment 7
[2022-11-23 14:40:48,556] [INFO] [runner_train_mujoco] Environment 8
[2022-11-23 14:40:55,399] [INFO] [runner_train_mujoco] Environment 9
[2022-11-23 14:41:01,753] [INFO] [runner_train_mujoco] Average cumulative reward after 150 steps: 2.957044631851228
[2022-11-23 14:41:01,753] [INFO] [runner_train_mujoco] Average state value: 0.5355627131958803
[2022-11-23 14:41:01,753] [INFO] [controller] ITERATION NUM: 27
[2022-11-23 14:41:01,799] [INFO] [controller] EPOCH 1 loss ppo:  -0.01373, loss val: 0.04631
[2022-11-23 14:41:01,836] [INFO] [controller] EPOCH 2 loss ppo:  -0.03687, loss val: 0.04707
[2022-11-23 14:41:01,873] [INFO] [controller] EPOCH 3 loss ppo:  -0.05405, loss val: 0.04506
[2022-11-23 14:41:01,908] [INFO] [controller] EPOCH 4 loss ppo:  -0.06527, loss val: 0.04475
[2022-11-23 14:41:01,917] [INFO] [runner_train_mujoco] Finished batch.
[2022-11-23 14:41:02,013] [INFO] [runner_train_mujoco] Starting simulation batch with mujoco.
[2022-11-23 14:41:02,013] [INFO] [runner_train_mujoco] Environment 0
[2022-11-23 14:41:08,701] [INFO] [runner_train_mujoco] Environment 1
[2022-11-23 14:41:15,649] [INFO] [runner_train_mujoco] Environment 2
[2022-11-23 14:41:23,590] [INFO] [runner_train_mujoco] Environment 3
[2022-11-23 14:41:30,139] [INFO] [runner_train_mujoco] Environment 4
[2022-11-23 14:41:36,719] [INFO] [runner_train_mujoco] Environment 5
[2022-11-23 14:41:43,297] [INFO] [runner_train_mujoco] Environment 6
[2022-11-23 14:41:49,721] [INFO] [runner_train_mujoco] Environment 7
[2022-11-23 14:41:57,526] [INFO] [runner_train_mujoco] Environment 8
[2022-11-23 14:42:05,202] [INFO] [runner_train_mujoco] Environment 9
[2022-11-23 14:42:11,476] [INFO] [runner_train_mujoco] Average cumulative reward after 150 steps: 2.9565599840717356
[2022-11-23 14:42:11,476] [INFO] [runner_train_mujoco] Average state value: 0.5425654386281967
[2022-11-23 14:42:11,476] [INFO] [controller] ITERATION NUM: 28
[2022-11-23 14:42:11,521] [INFO] [controller] EPOCH 1 loss ppo:  -0.01443, loss val: 0.04765
[2022-11-23 14:42:11,559] [INFO] [controller] EPOCH 2 loss ppo:  -0.04344, loss val: 0.04763
[2022-11-23 14:42:11,600] [INFO] [controller] EPOCH 3 loss ppo:  -0.05876, loss val: 0.04764
[2022-11-23 14:42:11,641] [INFO] [controller] EPOCH 4 loss ppo:  -0.07403, loss val: 0.04792
[2022-11-23 14:42:11,651] [INFO] [runner_train_mujoco] Finished batch.
[2022-11-23 14:42:11,741] [INFO] [runner_train_mujoco] Starting simulation batch with mujoco.
[2022-11-23 14:42:11,742] [INFO] [runner_train_mujoco] Environment 0
[2022-11-23 14:42:18,190] [INFO] [runner_train_mujoco] Environment 1
[2022-11-23 14:42:24,943] [INFO] [runner_train_mujoco] Environment 2
[2022-11-23 14:42:31,465] [INFO] [runner_train_mujoco] Environment 3
[2022-11-23 14:42:37,808] [INFO] [runner_train_mujoco] Environment 4
[2022-11-23 14:42:44,067] [INFO] [runner_train_mujoco] Environment 5
[2022-11-23 14:42:50,372] [INFO] [runner_train_mujoco] Environment 6
[2022-11-23 14:42:56,931] [INFO] [runner_train_mujoco] Environment 7
[2022-11-23 14:43:03,755] [INFO] [runner_train_mujoco] Environment 8
[2022-11-23 14:43:10,476] [INFO] [runner_train_mujoco] Environment 9
[2022-11-23 14:43:16,890] [INFO] [runner_train_mujoco] Average cumulative reward after 150 steps: 2.8178139045869854
[2022-11-23 14:43:16,890] [INFO] [runner_train_mujoco] Average state value: 0.5484159653186798
[2022-11-23 14:43:16,890] [INFO] [controller] ITERATION NUM: 29
[2022-11-23 14:43:16,934] [INFO] [controller] EPOCH 1 loss ppo:  -0.01396, loss val: 0.04847
[2022-11-23 14:43:16,968] [INFO] [controller] EPOCH 2 loss ppo:  -0.03526, loss val: 0.04760
[2022-11-23 14:43:17,010] [INFO] [controller] EPOCH 3 loss ppo:  -0.05203, loss val: 0.04652
[2022-11-23 14:43:17,047] [INFO] [controller] EPOCH 4 loss ppo:  -0.06447, loss val: 0.04558
[2022-11-23 14:43:17,060] [INFO] [runner_train_mujoco] Finished batch.
[2022-11-23 14:43:17,147] [INFO] [runner_train_mujoco] Starting simulation batch with mujoco.
[2022-11-23 14:43:17,147] [INFO] [runner_train_mujoco] Environment 0
[2022-11-23 14:43:23,523] [INFO] [runner_train_mujoco] Environment 1
[2022-11-23 14:43:30,949] [INFO] [runner_train_mujoco] Environment 2
[2022-11-23 14:43:37,372] [INFO] [runner_train_mujoco] Environment 3
[2022-11-23 14:43:43,924] [INFO] [runner_train_mujoco] Environment 4
[2022-11-23 14:43:50,178] [INFO] [runner_train_mujoco] Environment 5
[2022-11-23 14:43:56,358] [INFO] [runner_train_mujoco] Environment 6
[2022-11-23 14:44:03,008] [INFO] [runner_train_mujoco] Environment 7
[2022-11-23 14:44:10,907] [INFO] [runner_train_mujoco] Environment 8
[2022-11-23 14:44:17,245] [INFO] [runner_train_mujoco] Environment 9
[2022-11-23 14:44:23,593] [INFO] [runner_train_mujoco] Average cumulative reward after 150 steps: 3.1661861322980034
[2022-11-23 14:44:23,593] [INFO] [runner_train_mujoco] Average state value: 0.5180655546883742
[2022-11-23 14:44:23,593] [INFO] [controller] ITERATION NUM: 30
[2022-11-23 14:44:23,641] [INFO] [controller] EPOCH 1 loss ppo:  -0.01487, loss val: 0.04855
[2022-11-23 14:44:23,681] [INFO] [controller] EPOCH 2 loss ppo:  -0.03907, loss val: 0.04946
[2022-11-23 14:44:23,723] [INFO] [controller] EPOCH 3 loss ppo:  -0.05528, loss val: 0.04947
[2022-11-23 14:44:23,765] [INFO] [controller] EPOCH 4 loss ppo:  -0.06892, loss val: 0.05000
[2022-11-23 14:44:23,774] [INFO] [runner_train_mujoco] Finished batch.
[2022-11-23 14:44:23,867] [INFO] [runner_train_mujoco] Starting simulation batch with mujoco.
[2022-11-23 14:44:23,867] [INFO] [runner_train_mujoco] Environment 0
[2022-11-23 14:44:30,438] [INFO] [runner_train_mujoco] Environment 1
[2022-11-23 14:44:37,008] [INFO] [runner_train_mujoco] Environment 2
[2022-11-23 14:44:43,730] [INFO] [runner_train_mujoco] Environment 3
[2022-11-23 14:44:50,134] [INFO] [runner_train_mujoco] Environment 4
[2022-11-23 14:44:56,540] [INFO] [runner_train_mujoco] Environment 5
[2022-11-23 14:45:03,129] [INFO] [runner_train_mujoco] Environment 6
[2022-11-23 14:45:10,140] [INFO] [runner_train_mujoco] Environment 7
[2022-11-23 14:45:17,102] [INFO] [runner_train_mujoco] Environment 8
[2022-11-23 14:45:25,150] [INFO] [runner_train_mujoco] Environment 9
[2022-11-23 14:45:31,398] [INFO] [runner_train_mujoco] Average cumulative reward after 150 steps: 3.1172400691383593
[2022-11-23 14:45:31,399] [INFO] [runner_train_mujoco] Average state value: 0.5068973211248715
[2022-11-23 14:45:31,399] [INFO] [controller] ITERATION NUM: 31
[2022-11-23 14:45:31,443] [INFO] [controller] EPOCH 1 loss ppo:  -0.01411, loss val: 0.04309
[2022-11-23 14:45:31,482] [INFO] [controller] EPOCH 2 loss ppo:  -0.03812, loss val: 0.04285
[2022-11-23 14:45:31,570] [INFO] [controller] EPOCH 3 loss ppo:  -0.05596, loss val: 0.04221
[2022-11-23 14:45:31,603] [INFO] [controller] EPOCH 4 loss ppo:  -0.06951, loss val: 0.04223
[2022-11-23 14:45:31,608] [INFO] [runner_train_mujoco] Finished batch.
[2022-11-23 14:45:31,695] [INFO] [runner_train_mujoco] Starting simulation batch with mujoco.
[2022-11-23 14:45:31,696] [INFO] [runner_train_mujoco] Environment 0
[2022-11-23 14:45:38,093] [INFO] [runner_train_mujoco] Environment 1
[2022-11-23 14:45:46,190] [INFO] [runner_train_mujoco] Environment 2
[2022-11-23 14:45:52,796] [INFO] [runner_train_mujoco] Environment 3
[2022-11-23 14:45:59,270] [INFO] [runner_train_mujoco] Environment 4
[2022-11-23 14:46:05,644] [INFO] [runner_train_mujoco] Environment 5
[2022-11-23 14:46:12,315] [INFO] [runner_train_mujoco] Environment 6
[2022-11-23 14:46:19,088] [INFO] [runner_train_mujoco] Environment 7
[2022-11-23 14:46:25,428] [INFO] [runner_train_mujoco] Environment 8
[2022-11-23 14:46:31,878] [INFO] [runner_train_mujoco] Environment 9
[2022-11-23 14:46:39,019] [INFO] [runner_train_mujoco] Average cumulative reward after 150 steps: 3.514543986582872
[2022-11-23 14:46:39,019] [INFO] [runner_train_mujoco] Average state value: 0.5193180130695303
[2022-11-23 14:46:39,019] [INFO] [controller] ITERATION NUM: 32
[2022-11-23 14:46:39,071] [INFO] [controller] EPOCH 1 loss ppo:  -0.01379, loss val: 0.05005
[2022-11-23 14:46:39,114] [INFO] [controller] EPOCH 2 loss ppo:  -0.03378, loss val: 0.04980
[2022-11-23 14:46:39,153] [INFO] [controller] EPOCH 3 loss ppo:  -0.05087, loss val: 0.04854
[2022-11-23 14:46:39,196] [INFO] [controller] EPOCH 4 loss ppo:  -0.06535, loss val: 0.04638
[2022-11-23 14:46:39,205] [INFO] [runner_train_mujoco] Finished batch.
[2022-11-23 14:46:39,299] [INFO] [runner_train_mujoco] Starting simulation batch with mujoco.
[2022-11-23 14:46:39,299] [INFO] [runner_train_mujoco] Environment 0
[2022-11-23 14:46:46,118] [INFO] [runner_train_mujoco] Environment 1
[2022-11-23 14:46:53,398] [INFO] [runner_train_mujoco] Environment 2
[2022-11-23 14:47:00,320] [INFO] [runner_train_mujoco] Environment 3
[2022-11-23 14:47:06,736] [INFO] [runner_train_mujoco] Environment 4
[2022-11-23 14:47:13,842] [INFO] [runner_train_mujoco] Environment 5
[2022-11-23 14:47:20,861] [INFO] [runner_train_mujoco] Environment 6
[2022-11-23 14:47:27,485] [INFO] [runner_train_mujoco] Environment 7
[2022-11-23 14:47:34,857] [INFO] [runner_train_mujoco] Environment 8
[2022-11-23 14:47:41,351] [INFO] [runner_train_mujoco] Environment 9
[2022-11-23 14:47:47,523] [INFO] [runner_train_mujoco] Average cumulative reward after 150 steps: 3.4056232673580604
[2022-11-23 14:47:47,523] [INFO] [runner_train_mujoco] Average state value: 0.4960624074538549
[2022-11-23 14:47:47,523] [INFO] [controller] ITERATION NUM: 33
[2022-11-23 14:47:47,575] [INFO] [controller] EPOCH 1 loss ppo:  -0.01454, loss val: 0.04054
[2022-11-23 14:47:47,611] [INFO] [controller] EPOCH 2 loss ppo:  -0.04066, loss val: 0.04015
[2022-11-23 14:47:47,645] [INFO] [controller] EPOCH 3 loss ppo:  -0.05655, loss val: 0.04016
[2022-11-23 14:47:47,683] [INFO] [controller] EPOCH 4 loss ppo:  -0.07184, loss val: 0.04304
[2022-11-23 14:47:47,693] [INFO] [runner_train_mujoco] Finished batch.
[2022-11-23 14:47:47,759] [INFO] [runner_train_mujoco] Starting simulation batch with mujoco.
[2022-11-23 14:47:47,760] [INFO] [runner_train_mujoco] Environment 0
[2022-11-23 14:47:54,144] [INFO] [runner_train_mujoco] Environment 1
[2022-11-23 14:48:00,921] [INFO] [runner_train_mujoco] Environment 2
[2022-11-23 14:48:07,538] [INFO] [runner_train_mujoco] Environment 3
[2022-11-23 14:48:13,670] [INFO] [runner_train_mujoco] Environment 4
[2022-11-23 14:48:20,112] [INFO] [runner_train_mujoco] Environment 5
[2022-11-23 14:48:26,448] [INFO] [runner_train_mujoco] Environment 6
[2022-11-23 14:48:33,168] [INFO] [runner_train_mujoco] Environment 7
[2022-11-23 14:48:39,266] [INFO] [runner_train_mujoco] Environment 8
[2022-11-23 14:48:46,210] [INFO] [runner_train_mujoco] Environment 9
[2022-11-23 14:48:52,431] [INFO] [runner_train_mujoco] Average cumulative reward after 150 steps: 3.548247146180935
[2022-11-23 14:48:52,432] [INFO] [runner_train_mujoco] Average state value: 0.46815888719509047
[2022-11-23 14:48:52,432] [INFO] [controller] ITERATION NUM: 34
[2022-11-23 14:48:52,479] [INFO] [controller] EPOCH 1 loss ppo:  -0.01378, loss val: 0.06026
[2022-11-23 14:48:52,515] [INFO] [controller] EPOCH 2 loss ppo:  -0.03325, loss val: 0.05928
[2022-11-23 14:48:52,550] [INFO] [controller] EPOCH 3 loss ppo:  -0.05049, loss val: 0.05498
[2022-11-23 14:48:52,591] [INFO] [controller] EPOCH 4 loss ppo:  -0.06601, loss val: 0.05618
[2022-11-23 14:48:52,600] [INFO] [runner_train_mujoco] Finished batch.
[2022-11-23 14:48:52,696] [INFO] [runner_train_mujoco] Starting simulation batch with mujoco.
[2022-11-23 14:48:52,697] [INFO] [runner_train_mujoco] Environment 0
[2022-11-23 14:48:59,040] [INFO] [runner_train_mujoco] Environment 1
[2022-11-23 14:49:06,684] [INFO] [runner_train_mujoco] Environment 2
[2022-11-23 14:49:13,389] [INFO] [runner_train_mujoco] Environment 3
[2022-11-23 14:49:22,895] [INFO] [runner_train_mujoco] Environment 4
[2022-11-23 14:49:29,218] [INFO] [runner_train_mujoco] Environment 5
[2022-11-23 14:49:36,514] [INFO] [runner_train_mujoco] Environment 6
[2022-11-23 14:49:43,876] [INFO] [runner_train_mujoco] Environment 7
[2022-11-23 14:49:50,911] [INFO] [runner_train_mujoco] Environment 8
[2022-11-23 14:49:57,172] [INFO] [runner_train_mujoco] Environment 9
[2022-11-23 14:50:03,360] [INFO] [runner_train_mujoco] Average cumulative reward after 150 steps: 3.78911924946364
[2022-11-23 14:50:03,360] [INFO] [runner_train_mujoco] Average state value: 0.5206431975762049
[2022-11-23 14:50:03,360] [INFO] [controller] ITERATION NUM: 35
[2022-11-23 14:50:03,403] [INFO] [controller] EPOCH 1 loss ppo:  -0.01556, loss val: 0.05611
[2022-11-23 14:50:03,439] [INFO] [controller] EPOCH 2 loss ppo:  -0.03654, loss val: 0.05700
[2022-11-23 14:50:03,477] [INFO] [controller] EPOCH 3 loss ppo:  -0.05160, loss val: 0.05722
[2022-11-23 14:50:03,516] [INFO] [controller] EPOCH 4 loss ppo:  -0.06112, loss val: 0.05604
[2022-11-23 14:50:03,525] [INFO] [runner_train_mujoco] Finished batch.
[2022-11-23 14:50:03,587] [INFO] [runner_train_mujoco] Starting simulation batch with mujoco.
[2022-11-23 14:50:03,587] [INFO] [runner_train_mujoco] Environment 0
[2022-11-23 14:50:10,260] [INFO] [runner_train_mujoco] Environment 1
[2022-11-23 14:50:18,011] [INFO] [runner_train_mujoco] Environment 2
[2022-11-23 14:50:25,104] [INFO] [runner_train_mujoco] Environment 3
[2022-11-23 14:50:31,591] [INFO] [runner_train_mujoco] Environment 4
[2022-11-23 14:50:37,987] [INFO] [runner_train_mujoco] Environment 5
[2022-11-23 14:50:44,319] [INFO] [runner_train_mujoco] Environment 6
[2022-11-23 14:50:51,287] [INFO] [runner_train_mujoco] Environment 7
[2022-11-23 14:50:57,920] [INFO] [runner_train_mujoco] Environment 8
[2022-11-23 14:51:05,219] [INFO] [runner_train_mujoco] Environment 9
[2022-11-23 14:51:11,750] [INFO] [runner_train_mujoco] Average cumulative reward after 150 steps: 3.995183606451974
[2022-11-23 14:51:11,751] [INFO] [runner_train_mujoco] Average state value: 0.5199072634081046
[2022-11-23 14:51:11,751] [INFO] [controller] ITERATION NUM: 36
[2022-11-23 14:51:11,810] [INFO] [controller] EPOCH 1 loss ppo:  -0.01379, loss val: 0.04049
[2022-11-23 14:51:11,855] [INFO] [controller] EPOCH 2 loss ppo:  -0.03656, loss val: 0.04238
[2022-11-23 14:51:11,900] [INFO] [controller] EPOCH 3 loss ppo:  -0.05512, loss val: 0.03869
[2022-11-23 14:51:11,944] [INFO] [controller] EPOCH 4 loss ppo:  -0.06860, loss val: 0.03804
[2022-11-23 14:51:11,953] [INFO] [runner_train_mujoco] Finished batch.
[2022-11-23 14:51:12,034] [INFO] [runner_train_mujoco] Starting simulation batch with mujoco.
[2022-11-23 14:51:12,034] [INFO] [runner_train_mujoco] Environment 0
[2022-11-23 14:51:18,404] [INFO] [runner_train_mujoco] Environment 1
[2022-11-23 14:51:24,929] [INFO] [runner_train_mujoco] Environment 2
[2022-11-23 14:51:31,305] [INFO] [runner_train_mujoco] Environment 3
[2022-11-23 14:51:37,889] [INFO] [runner_train_mujoco] Environment 4
[2022-11-23 14:51:44,243] [INFO] [runner_train_mujoco] Environment 5
[2022-11-23 14:51:51,265] [INFO] [runner_train_mujoco] Environment 6
[2022-11-23 14:51:57,741] [INFO] [runner_train_mujoco] Environment 7
[2022-11-23 14:52:04,773] [INFO] [runner_train_mujoco] Environment 8
[2022-11-23 14:52:10,898] [INFO] [runner_train_mujoco] Environment 9
[2022-11-23 14:52:17,089] [INFO] [runner_train_mujoco] Average cumulative reward after 150 steps: 4.297115489354979
[2022-11-23 14:52:17,089] [INFO] [runner_train_mujoco] Average state value: 0.48226690800984706
[2022-11-23 14:52:17,089] [INFO] [controller] ITERATION NUM: 37
[2022-11-23 14:52:17,136] [INFO] [controller] EPOCH 1 loss ppo:  -0.01503, loss val: 0.03894
[2022-11-23 14:52:17,175] [INFO] [controller] EPOCH 2 loss ppo:  -0.03611, loss val: 0.03904
[2022-11-23 14:52:17,204] [INFO] [controller] EPOCH 3 loss ppo:  -0.04896, loss val: 0.03928
[2022-11-23 14:52:17,244] [INFO] [controller] EPOCH 4 loss ppo:  -0.06258, loss val: 0.03929
[2022-11-23 14:52:17,253] [INFO] [runner_train_mujoco] Finished batch.
[2022-11-23 14:52:17,329] [INFO] [runner_train_mujoco] Starting simulation batch with mujoco.
[2022-11-23 14:52:17,330] [INFO] [runner_train_mujoco] Environment 0
[2022-11-23 14:52:24,030] [INFO] [runner_train_mujoco] Environment 1
[2022-11-23 14:52:30,687] [INFO] [runner_train_mujoco] Environment 2
[2022-11-23 14:52:37,508] [INFO] [runner_train_mujoco] Environment 3
[2022-11-23 14:52:43,907] [INFO] [runner_train_mujoco] Environment 4
[2022-11-23 14:52:50,567] [INFO] [runner_train_mujoco] Environment 5
[2022-11-23 14:52:58,483] [INFO] [runner_train_mujoco] Environment 6
[2022-11-23 14:53:04,767] [INFO] [runner_train_mujoco] Environment 7
[2022-11-23 14:53:11,414] [INFO] [runner_train_mujoco] Environment 8
[2022-11-23 14:53:17,765] [INFO] [runner_train_mujoco] Environment 9
[2022-11-23 14:53:24,231] [INFO] [runner_train_mujoco] Average cumulative reward after 150 steps: 4.431723035877655
[2022-11-23 14:53:24,231] [INFO] [runner_train_mujoco] Average state value: 0.4684145601590474
[2022-11-23 14:53:24,231] [INFO] [controller] ITERATION NUM: 38
[2022-11-23 14:53:24,278] [INFO] [controller] EPOCH 1 loss ppo:  -0.01448, loss val: 0.04137
[2022-11-23 14:53:24,322] [INFO] [controller] EPOCH 2 loss ppo:  -0.03566, loss val: 0.04176
[2022-11-23 14:53:24,358] [INFO] [controller] EPOCH 3 loss ppo:  -0.04888, loss val: 0.04209
[2022-11-23 14:53:24,396] [INFO] [controller] EPOCH 4 loss ppo:  -0.06321, loss val: 0.04100
[2022-11-23 14:53:24,403] [INFO] [runner_train_mujoco] Finished batch.
[2022-11-23 14:53:24,471] [INFO] [runner_train_mujoco] Starting simulation batch with mujoco.
[2022-11-23 14:53:24,471] [INFO] [runner_train_mujoco] Environment 0
[2022-11-23 14:53:31,437] [INFO] [runner_train_mujoco] Environment 1
[2022-11-23 14:53:40,070] [INFO] [runner_train_mujoco] Environment 2
[2022-11-23 14:53:49,052] [INFO] [runner_train_mujoco] Environment 3
[2022-11-23 14:53:57,063] [INFO] [runner_train_mujoco] Environment 4
[2022-11-23 14:54:03,857] [INFO] [runner_train_mujoco] Environment 5
[2022-11-23 14:54:11,379] [INFO] [runner_train_mujoco] Environment 6
[2022-11-23 14:54:18,459] [INFO] [runner_train_mujoco] Environment 7
[2022-11-23 14:54:25,434] [INFO] [runner_train_mujoco] Environment 8
[2022-11-23 14:54:32,071] [INFO] [runner_train_mujoco] Environment 9
[2022-11-23 14:54:39,019] [INFO] [runner_train_mujoco] Average cumulative reward after 150 steps: 4.456437916273851
[2022-11-23 14:54:39,019] [INFO] [runner_train_mujoco] Average state value: 0.48041739707191783
[2022-11-23 14:54:39,019] [INFO] [controller] ITERATION NUM: 39
[2022-11-23 14:54:39,072] [INFO] [controller] EPOCH 1 loss ppo:  -0.01421, loss val: 0.04671
[2022-11-23 14:54:39,121] [INFO] [controller] EPOCH 2 loss ppo:  -0.03643, loss val: 0.04596
[2022-11-23 14:54:39,180] [INFO] [controller] EPOCH 3 loss ppo:  -0.05286, loss val: 0.04472
[2022-11-23 14:54:39,224] [INFO] [controller] EPOCH 4 loss ppo:  -0.06703, loss val: 0.04435
[2022-11-23 14:54:39,234] [INFO] [runner_train_mujoco] Finished batch.
[2022-11-23 14:54:39,313] [INFO] [runner_train_mujoco] Starting simulation batch with mujoco.
[2022-11-23 14:54:39,313] [INFO] [runner_train_mujoco] Environment 0
[2022-11-23 14:54:46,700] [INFO] [runner_train_mujoco] Environment 1
[2022-11-23 14:54:54,496] [INFO] [runner_train_mujoco] Environment 2
[2022-11-23 14:55:04,226] [INFO] [runner_train_mujoco] Environment 3
[2022-11-23 14:55:10,921] [INFO] [runner_train_mujoco] Environment 4
[2022-11-23 14:55:17,798] [INFO] [runner_train_mujoco] Environment 5
[2022-11-23 14:55:24,690] [INFO] [runner_train_mujoco] Environment 6
[2022-11-23 14:55:31,666] [INFO] [runner_train_mujoco] Environment 7
[2022-11-23 14:55:38,606] [INFO] [runner_train_mujoco] Environment 8
[2022-11-23 14:55:45,691] [INFO] [runner_train_mujoco] Environment 9
[2022-11-23 14:55:53,930] [INFO] [runner_train_mujoco] Average cumulative reward after 150 steps: 4.552173488915808
[2022-11-23 14:55:53,930] [INFO] [runner_train_mujoco] Average state value: 0.4918368607560793
[2022-11-23 14:55:53,930] [INFO] [controller] ITERATION NUM: 40
[2022-11-23 14:55:53,980] [INFO] [controller] EPOCH 1 loss ppo:  -0.01447, loss val: 0.05261
[2022-11-23 14:55:54,019] [INFO] [controller] EPOCH 2 loss ppo:  -0.03501, loss val: 0.05329
[2022-11-23 14:55:54,058] [INFO] [controller] EPOCH 3 loss ppo:  -0.05175, loss val: 0.05239
[2022-11-23 14:55:54,094] [INFO] [controller] EPOCH 4 loss ppo:  -0.06316, loss val: 0.05123
[2022-11-23 14:55:54,104] [INFO] [runner_train_mujoco] Finished batch.
[2022-11-23 14:55:54,199] [INFO] [runner_train_mujoco] Starting simulation batch with mujoco.
[2022-11-23 14:55:54,200] [INFO] [runner_train_mujoco] Environment 0
[2022-11-23 14:56:01,771] [INFO] [runner_train_mujoco] Environment 1
[2022-11-23 14:56:08,968] [INFO] [runner_train_mujoco] Environment 2
[2022-11-23 14:56:15,844] [INFO] [runner_train_mujoco] Environment 3
[2022-11-23 14:56:22,659] [INFO] [runner_train_mujoco] Environment 4
[2022-11-23 14:56:29,944] [INFO] [runner_train_mujoco] Environment 5
[2022-11-23 14:56:37,335] [INFO] [runner_train_mujoco] Environment 6
[2022-11-23 14:56:45,612] [INFO] [runner_train_mujoco] Environment 7
[2022-11-23 14:56:52,947] [INFO] [runner_train_mujoco] Environment 8
[2022-11-23 14:56:59,769] [INFO] [runner_train_mujoco] Environment 9
[2022-11-23 14:57:07,585] [INFO] [runner_train_mujoco] Average cumulative reward after 150 steps: 4.778959851188089
[2022-11-23 14:57:07,585] [INFO] [runner_train_mujoco] Average state value: 0.489918862303098
[2022-11-23 14:57:07,585] [INFO] [controller] ITERATION NUM: 41
[2022-11-23 14:57:07,646] [INFO] [controller] EPOCH 1 loss ppo:  -0.01612, loss val: 0.04443
[2022-11-23 14:57:07,689] [INFO] [controller] EPOCH 2 loss ppo:  -0.03554, loss val: 0.04433
[2022-11-23 14:57:07,734] [INFO] [controller] EPOCH 3 loss ppo:  -0.05229, loss val: 0.04277
[2022-11-23 14:57:07,773] [INFO] [controller] EPOCH 4 loss ppo:  -0.06516, loss val: 0.04411
[2022-11-23 14:57:07,782] [INFO] [runner_train_mujoco] Finished batch.
[2022-11-23 14:57:07,872] [INFO] [runner_train_mujoco] Starting simulation batch with mujoco.
[2022-11-23 14:57:07,872] [INFO] [runner_train_mujoco] Environment 0
[2022-11-23 14:57:15,131] [INFO] [runner_train_mujoco] Environment 1
[2022-11-23 14:57:22,247] [INFO] [runner_train_mujoco] Environment 2
[2022-11-23 14:57:29,414] [INFO] [runner_train_mujoco] Environment 3
[2022-11-23 14:57:36,771] [INFO] [runner_train_mujoco] Environment 4
[2022-11-23 14:57:43,768] [INFO] [runner_train_mujoco] Environment 5
[2022-11-23 14:57:52,707] [INFO] [runner_train_mujoco] Environment 6
[2022-11-23 14:58:01,212] [INFO] [runner_train_mujoco] Environment 7
[2022-11-23 14:58:09,520] [INFO] [runner_train_mujoco] Environment 8
[2022-11-23 14:58:17,488] [INFO] [runner_train_mujoco] Environment 9
[2022-11-23 14:58:25,662] [INFO] [runner_train_mujoco] Average cumulative reward after 150 steps: 4.877343640228527
[2022-11-23 14:58:25,662] [INFO] [runner_train_mujoco] Average state value: 0.47131390622258185
[2022-11-23 14:58:25,663] [INFO] [controller] ITERATION NUM: 42
[2022-11-23 14:58:25,713] [INFO] [controller] EPOCH 1 loss ppo:  -0.01422, loss val: 0.04096
[2022-11-23 14:58:25,755] [INFO] [controller] EPOCH 2 loss ppo:  -0.02965, loss val: 0.04272
[2022-11-23 14:58:25,800] [INFO] [controller] EPOCH 3 loss ppo:  -0.04703, loss val: 0.04147
[2022-11-23 14:58:25,844] [INFO] [controller] EPOCH 4 loss ppo:  -0.06006, loss val: 0.04220
[2022-11-23 14:58:25,853] [INFO] [runner_train_mujoco] Finished batch.
[2022-11-23 14:58:25,943] [INFO] [runner_train_mujoco] Starting simulation batch with mujoco.
[2022-11-23 14:58:25,943] [INFO] [runner_train_mujoco] Environment 0
[2022-11-23 14:58:33,651] [INFO] [runner_train_mujoco] Environment 1
[2022-11-23 14:58:40,838] [INFO] [runner_train_mujoco] Environment 2
[2022-11-23 14:58:48,116] [INFO] [runner_train_mujoco] Environment 3
[2022-11-23 14:58:55,570] [INFO] [runner_train_mujoco] Environment 4
[2022-11-23 14:59:02,666] [INFO] [runner_train_mujoco] Environment 5
[2022-11-23 14:59:11,739] [INFO] [runner_train_mujoco] Environment 6
[2022-11-23 14:59:18,977] [INFO] [runner_train_mujoco] Environment 7
[2022-11-23 14:59:25,977] [INFO] [runner_train_mujoco] Environment 8
[2022-11-23 14:59:34,450] [INFO] [runner_train_mujoco] Environment 9
[2022-11-23 14:59:42,771] [INFO] [runner_train_mujoco] Average cumulative reward after 150 steps: 5.0681978854811796
[2022-11-23 14:59:42,771] [INFO] [runner_train_mujoco] Average state value: 0.4834141646424929
[2022-11-23 14:59:42,771] [INFO] [controller] ITERATION NUM: 43
[2022-11-23 14:59:42,818] [INFO] [controller] EPOCH 1 loss ppo:  -0.01411, loss val: 0.04091
[2022-11-23 14:59:42,860] [INFO] [controller] EPOCH 2 loss ppo:  -0.03221, loss val: 0.04103
[2022-11-23 14:59:42,906] [INFO] [controller] EPOCH 3 loss ppo:  -0.04917, loss val: 0.04161
[2022-11-23 14:59:42,944] [INFO] [controller] EPOCH 4 loss ppo:  -0.06234, loss val: 0.04094
[2022-11-23 14:59:42,951] [INFO] [runner_train_mujoco] Finished batch.
[2022-11-23 14:59:43,048] [INFO] [runner_train_mujoco] Starting simulation batch with mujoco.
[2022-11-23 14:59:43,048] [INFO] [runner_train_mujoco] Environment 0
[2022-11-23 14:59:49,952] [INFO] [runner_train_mujoco] Environment 1
[2022-11-23 14:59:57,025] [INFO] [runner_train_mujoco] Environment 2
[2022-11-23 15:00:03,875] [INFO] [runner_train_mujoco] Environment 3
[2022-11-23 15:00:10,696] [INFO] [runner_train_mujoco] Environment 4
[2022-11-23 15:00:17,193] [INFO] [runner_train_mujoco] Environment 5
[2022-11-23 15:00:23,754] [INFO] [runner_train_mujoco] Environment 6
[2022-11-23 15:00:30,448] [INFO] [runner_train_mujoco] Environment 7
[2022-11-23 15:00:37,468] [INFO] [runner_train_mujoco] Environment 8
[2022-11-23 15:00:44,487] [INFO] [runner_train_mujoco] Environment 9
[2022-11-23 15:00:53,079] [INFO] [runner_train_mujoco] Average cumulative reward after 150 steps: 5.553601620054677
[2022-11-23 15:00:53,080] [INFO] [runner_train_mujoco] Average state value: 0.48064614213506385
[2022-11-23 15:00:53,080] [INFO] [controller] ITERATION NUM: 44
[2022-11-23 15:00:53,128] [INFO] [controller] EPOCH 1 loss ppo:  -0.01461, loss val: 0.04378
[2022-11-23 15:00:53,171] [INFO] [controller] EPOCH 2 loss ppo:  -0.02946, loss val: 0.04476
[2022-11-23 15:00:53,228] [INFO] [controller] EPOCH 3 loss ppo:  -0.04213, loss val: 0.04429
[2022-11-23 15:00:53,276] [INFO] [controller] EPOCH 4 loss ppo:  -0.05537, loss val: 0.04427
[2022-11-23 15:00:53,286] [INFO] [runner_train_mujoco] Finished batch.
[2022-11-23 15:00:53,403] [INFO] [runner_train_mujoco] Starting simulation batch with mujoco.
[2022-11-23 15:00:53,403] [INFO] [runner_train_mujoco] Environment 0
[2022-11-23 15:01:01,344] [INFO] [runner_train_mujoco] Environment 1
[2022-11-23 15:01:11,172] [INFO] [runner_train_mujoco] Environment 2
[2022-11-23 15:01:19,380] [INFO] [runner_train_mujoco] Environment 3
[2022-11-23 15:01:27,056] [INFO] [runner_train_mujoco] Environment 4
[2022-11-23 15:01:34,899] [INFO] [runner_train_mujoco] Environment 5
[2022-11-23 15:01:43,032] [INFO] [runner_train_mujoco] Environment 6
[2022-11-23 15:01:51,393] [INFO] [runner_train_mujoco] Environment 7
[2022-11-23 15:01:59,489] [INFO] [runner_train_mujoco] Environment 8
[2022-11-23 15:02:08,637] [INFO] [runner_train_mujoco] Environment 9
[2022-11-23 15:02:16,977] [INFO] [runner_train_mujoco] Average cumulative reward after 150 steps: 5.47868306627532
[2022-11-23 15:02:16,977] [INFO] [runner_train_mujoco] Average state value: 0.4909596370458603
[2022-11-23 15:02:16,980] [INFO] [controller] ITERATION NUM: 45
[2022-11-23 15:02:17,035] [INFO] [controller] EPOCH 1 loss ppo:  -0.01417, loss val: 0.04651
[2022-11-23 15:02:17,090] [INFO] [controller] EPOCH 2 loss ppo:  -0.03105, loss val: 0.04684
[2022-11-23 15:02:17,128] [INFO] [controller] EPOCH 3 loss ppo:  -0.04769, loss val: 0.04743
[2022-11-23 15:02:17,171] [INFO] [controller] EPOCH 4 loss ppo:  -0.05901, loss val: 0.04761
[2022-11-23 15:02:17,187] [INFO] [runner_train_mujoco] Finished batch.
[2022-11-23 15:02:17,302] [INFO] [runner_train_mujoco] Starting simulation batch with mujoco.
[2022-11-23 15:02:17,302] [INFO] [runner_train_mujoco] Environment 0
[2022-11-23 15:02:25,439] [INFO] [runner_train_mujoco] Environment 1
[2022-11-23 15:02:33,858] [INFO] [runner_train_mujoco] Environment 2
[2022-11-23 15:02:41,549] [INFO] [runner_train_mujoco] Environment 3
[2022-11-23 15:02:49,069] [INFO] [runner_train_mujoco] Environment 4
[2022-11-23 15:02:56,869] [INFO] [runner_train_mujoco] Environment 5
[2022-11-23 15:03:09,935] [INFO] [runner_train_mujoco] Environment 6
[2022-11-23 15:03:18,952] [INFO] [runner_train_mujoco] Environment 7
[2022-11-23 15:03:27,308] [INFO] [runner_train_mujoco] Environment 8
[2022-11-23 15:03:35,435] [INFO] [runner_train_mujoco] Environment 9
[2022-11-23 15:03:43,957] [INFO] [runner_train_mujoco] Average cumulative reward after 150 steps: 5.409122675106703
[2022-11-23 15:03:43,957] [INFO] [runner_train_mujoco] Average state value: 0.498886093189319
[2022-11-23 15:03:43,957] [INFO] [controller] ITERATION NUM: 46
[2022-11-23 15:03:44,009] [INFO] [controller] EPOCH 1 loss ppo:  -0.01352, loss val: 0.05597
[2022-11-23 15:03:44,057] [INFO] [controller] EPOCH 2 loss ppo:  -0.02694, loss val: 0.05626
[2022-11-23 15:03:44,103] [INFO] [controller] EPOCH 3 loss ppo:  -0.04382, loss val: 0.05389
[2022-11-23 15:03:44,151] [INFO] [controller] EPOCH 4 loss ppo:  -0.05761, loss val: 0.05385
[2022-11-23 15:03:44,162] [INFO] [runner_train_mujoco] Finished batch.
[2022-11-23 15:03:44,261] [INFO] [runner_train_mujoco] Starting simulation batch with mujoco.
[2022-11-23 15:03:44,261] [INFO] [runner_train_mujoco] Environment 0
[2022-11-23 15:03:53,254] [INFO] [runner_train_mujoco] Environment 1
[2022-11-23 15:04:04,310] [INFO] [runner_train_mujoco] Environment 2
[2022-11-23 15:04:11,886] [INFO] [runner_train_mujoco] Environment 3
[2022-11-23 15:04:20,858] [INFO] [runner_train_mujoco] Environment 4
[2022-11-23 15:04:28,731] [INFO] [runner_train_mujoco] Environment 5
[2022-11-23 15:04:37,465] [INFO] [runner_train_mujoco] Environment 6
[2022-11-23 15:04:44,953] [INFO] [runner_train_mujoco] Environment 7
[2022-11-23 15:04:52,710] [INFO] [runner_train_mujoco] Environment 8
[2022-11-23 15:05:01,250] [INFO] [runner_train_mujoco] Environment 9
[2022-11-23 15:05:10,926] [INFO] [runner_train_mujoco] Average cumulative reward after 150 steps: 5.409766059065695
[2022-11-23 15:05:10,927] [INFO] [runner_train_mujoco] Average state value: 0.47285464558874574
[2022-11-23 15:05:10,927] [INFO] [controller] ITERATION NUM: 47
[2022-11-23 15:05:10,997] [INFO] [controller] EPOCH 1 loss ppo:  -0.01419, loss val: 0.04105
[2022-11-23 15:05:11,058] [INFO] [controller] EPOCH 2 loss ppo:  -0.03150, loss val: 0.04659
[2022-11-23 15:05:11,114] [INFO] [controller] EPOCH 3 loss ppo:  -0.04939, loss val: 0.04035
[2022-11-23 15:05:11,182] [INFO] [controller] EPOCH 4 loss ppo:  -0.06179, loss val: 0.04155
[2022-11-23 15:05:11,195] [INFO] [runner_train_mujoco] Finished batch.
[2022-11-23 15:05:11,318] [INFO] [runner_train_mujoco] Starting simulation batch with mujoco.
[2022-11-23 15:05:11,322] [INFO] [runner_train_mujoco] Environment 0
[2022-11-23 15:05:21,322] [INFO] [runner_train_mujoco] Environment 1
[2022-11-23 15:05:31,027] [INFO] [runner_train_mujoco] Environment 2
[2022-11-23 15:05:41,491] [INFO] [runner_train_mujoco] Environment 3
[2022-11-23 15:05:50,759] [INFO] [runner_train_mujoco] Environment 4
[2022-11-23 15:06:00,088] [INFO] [runner_train_mujoco] Environment 5
[2022-11-23 15:06:09,520] [INFO] [runner_train_mujoco] Environment 6
[2022-11-23 15:06:16,722] [INFO] [runner_train_mujoco] Environment 7
[2022-11-23 15:06:25,409] [INFO] [runner_train_mujoco] Environment 8
[2022-11-23 15:06:35,656] [INFO] [runner_train_mujoco] Environment 9
[2022-11-23 15:06:44,736] [INFO] [runner_train_mujoco] Average cumulative reward after 150 steps: 6.094622902577392
[2022-11-23 15:06:44,736] [INFO] [runner_train_mujoco] Average state value: 0.47194434763987864
[2022-11-23 15:06:44,737] [INFO] [controller] ITERATION NUM: 48
[2022-11-23 15:06:44,797] [INFO] [controller] EPOCH 1 loss ppo:  -0.01430, loss val: 0.04470
[2022-11-23 15:06:44,844] [INFO] [controller] EPOCH 2 loss ppo:  -0.02707, loss val: 0.04450
[2022-11-23 15:06:44,977] [INFO] [controller] EPOCH 3 loss ppo:  -0.04218, loss val: 0.04471
[2022-11-23 15:06:45,045] [INFO] [controller] EPOCH 4 loss ppo:  -0.05490, loss val: 0.04446
[2022-11-23 15:06:45,058] [INFO] [runner_train_mujoco] Finished batch.
[2022-11-23 15:06:45,199] [INFO] [runner_train_mujoco] Starting simulation batch with mujoco.
[2022-11-23 15:06:45,199] [INFO] [runner_train_mujoco] Environment 0
[2022-11-23 15:06:53,604] [INFO] [runner_train_mujoco] Environment 1
[2022-11-23 15:07:01,925] [INFO] [runner_train_mujoco] Environment 2
[2022-11-23 15:07:12,404] [INFO] [runner_train_mujoco] Environment 3
[2022-11-23 15:07:23,021] [INFO] [runner_train_mujoco] Environment 4
[2022-11-23 15:07:33,354] [INFO] [runner_train_mujoco] Environment 5
[2022-11-23 15:07:42,683] [INFO] [runner_train_mujoco] Environment 6
[2022-11-23 15:07:51,746] [INFO] [runner_train_mujoco] Environment 7
[2022-11-23 15:08:02,868] [INFO] [runner_train_mujoco] Environment 8
[2022-11-23 15:08:15,717] [INFO] [runner_train_mujoco] Environment 9
[2022-11-23 15:08:25,673] [INFO] [runner_train_mujoco] Average cumulative reward after 150 steps: 5.100919220583785
[2022-11-23 15:08:25,673] [INFO] [runner_train_mujoco] Average state value: 0.4828997416496277
[2022-11-23 15:08:25,673] [INFO] [controller] ITERATION NUM: 49
[2022-11-23 15:08:25,755] [INFO] [controller] EPOCH 1 loss ppo:  -0.01515, loss val: 0.04218
[2022-11-23 15:08:25,815] [INFO] [controller] EPOCH 2 loss ppo:  -0.03007, loss val: 0.04379
[2022-11-23 15:08:25,888] [INFO] [controller] EPOCH 3 loss ppo:  -0.04739, loss val: 0.04189
[2022-11-23 15:08:25,945] [INFO] [controller] EPOCH 4 loss ppo:  -0.05736, loss val: 0.04223
[2022-11-23 15:08:25,956] [INFO] [runner_train_mujoco] Finished batch.
[2022-11-23 15:08:26,073] [INFO] [runner_train_mujoco] Starting simulation batch with mujoco.
[2022-11-23 15:08:26,074] [INFO] [runner_train_mujoco] Environment 0
[2022-11-23 15:08:36,321] [INFO] [runner_train_mujoco] Environment 1
[2022-11-23 15:08:45,150] [INFO] [runner_train_mujoco] Environment 2
[2022-11-23 15:08:54,013] [INFO] [runner_train_mujoco] Environment 3
[2022-11-23 15:09:03,030] [INFO] [runner_train_mujoco] Environment 4
[2022-11-23 15:09:11,893] [INFO] [runner_train_mujoco] Environment 5
[2022-11-23 15:09:20,285] [INFO] [runner_train_mujoco] Environment 6
[2022-11-23 15:09:27,401] [INFO] [runner_train_mujoco] Environment 7
[2022-11-23 15:09:34,165] [INFO] [runner_train_mujoco] Environment 8
[2022-11-23 15:09:43,333] [INFO] [runner_train_mujoco] Environment 9
[2022-11-23 15:09:52,421] [INFO] [runner_train_mujoco] Average cumulative reward after 150 steps: 5.722297846675643
[2022-11-23 15:09:52,422] [INFO] [runner_train_mujoco] Average state value: 0.4930226386686165
[2022-11-23 15:09:52,422] [INFO] [controller] ITERATION NUM: 50
[2022-11-23 15:09:52,482] [INFO] [controller] EPOCH 1 loss ppo:  -0.01379, loss val: 0.04274
[2022-11-23 15:09:52,534] [INFO] [controller] EPOCH 2 loss ppo:  -0.02416, loss val: 0.04280
[2022-11-23 15:09:52,584] [INFO] [controller] EPOCH 3 loss ppo:  -0.03696, loss val: 0.04516
[2022-11-23 15:09:52,636] [INFO] [controller] EPOCH 4 loss ppo:  -0.04802, loss val: 0.04456
[2022-11-23 15:09:52,647] [INFO] [runner_train_mujoco] Finished batch.
[2022-11-23 15:09:52,748] [INFO] [runner_train_mujoco] Starting simulation batch with mujoco.
[2022-11-23 15:09:52,749] [INFO] [runner_train_mujoco] Environment 0
[2022-11-23 15:10:01,280] [INFO] [runner_train_mujoco] Environment 1
[2022-11-23 15:10:08,620] [INFO] [runner_train_mujoco] Environment 2
[2022-11-23 15:10:15,447] [INFO] [runner_train_mujoco] Environment 3
[2022-11-23 15:10:22,113] [INFO] [runner_train_mujoco] Environment 4
[2022-11-23 15:10:30,261] [INFO] [runner_train_mujoco] Environment 5
[2022-11-23 15:10:37,464] [INFO] [runner_train_mujoco] Environment 6
[2022-11-23 15:10:45,205] [INFO] [runner_train_mujoco] Environment 7
[2022-11-23 15:10:51,952] [INFO] [runner_train_mujoco] Environment 8
[2022-11-23 15:10:59,804] [INFO] [runner_train_mujoco] Environment 9
[2022-11-23 15:11:08,337] [INFO] [runner_train_mujoco] Average cumulative reward after 150 steps: 5.407070377493034
[2022-11-23 15:11:08,337] [INFO] [runner_train_mujoco] Average state value: 0.4984302384754022
[2022-11-23 15:11:08,338] [INFO] [controller] ITERATION NUM: 51
[2022-11-23 15:11:08,393] [INFO] [controller] EPOCH 1 loss ppo:  -0.01363, loss val: 0.04376
[2022-11-23 15:11:08,442] [INFO] [controller] EPOCH 2 loss ppo:  -0.02195, loss val: 0.03882
[2022-11-23 15:11:08,492] [INFO] [controller] EPOCH 3 loss ppo:  -0.03530, loss val: 0.03954
[2022-11-23 15:11:08,541] [INFO] [controller] EPOCH 4 loss ppo:  -0.04652, loss val: 0.04196
[2022-11-23 15:11:08,551] [INFO] [runner_train_mujoco] Finished batch.
[2022-11-23 15:11:08,641] [INFO] [runner_train_mujoco] Starting simulation batch with mujoco.
[2022-11-23 15:11:08,641] [INFO] [runner_train_mujoco] Environment 0
[2022-11-23 15:11:15,358] [INFO] [runner_train_mujoco] Environment 1
[2022-11-23 15:11:22,241] [INFO] [runner_train_mujoco] Environment 2
[2022-11-23 15:11:29,917] [INFO] [runner_train_mujoco] Environment 3
[2022-11-23 15:11:36,555] [INFO] [runner_train_mujoco] Environment 4
[2022-11-23 15:11:45,405] [INFO] [runner_train_mujoco] Environment 5
[2022-11-23 15:11:52,343] [INFO] [runner_train_mujoco] Environment 6
[2022-11-23 15:11:59,773] [INFO] [runner_train_mujoco] Environment 7
[2022-11-23 15:12:07,051] [INFO] [runner_train_mujoco] Environment 8
[2022-11-23 15:12:15,056] [INFO] [runner_train_mujoco] Environment 9
[2022-11-23 15:12:21,915] [INFO] [runner_train_mujoco] Average cumulative reward after 150 steps: 6.259402588772389
[2022-11-23 15:12:21,916] [INFO] [runner_train_mujoco] Average state value: 0.4928524018029371
[2022-11-23 15:12:21,916] [INFO] [controller] ITERATION NUM: 52
[2022-11-23 15:12:21,974] [INFO] [controller] EPOCH 1 loss ppo:  -0.01421, loss val: 0.05494
[2022-11-23 15:12:22,019] [INFO] [controller] EPOCH 2 loss ppo:  -0.02486, loss val: 0.05349
[2022-11-23 15:12:22,063] [INFO] [controller] EPOCH 3 loss ppo:  -0.03774, loss val: 0.05404
[2022-11-23 15:12:22,104] [INFO] [controller] EPOCH 4 loss ppo:  -0.04774, loss val: 0.05289
[2022-11-23 15:12:22,110] [INFO] [runner_train_mujoco] Finished batch.
[2022-11-23 15:12:22,184] [INFO] [runner_train_mujoco] Starting simulation batch with mujoco.
[2022-11-23 15:12:22,185] [INFO] [runner_train_mujoco] Environment 0
[2022-11-23 15:12:28,827] [INFO] [runner_train_mujoco] Environment 1
[2022-11-23 15:12:35,531] [INFO] [runner_train_mujoco] Environment 2
[2022-11-23 15:12:42,511] [INFO] [runner_train_mujoco] Environment 3
[2022-11-23 15:12:50,254] [INFO] [runner_train_mujoco] Environment 4
[2022-11-23 15:12:57,721] [INFO] [runner_train_mujoco] Environment 5
[2022-11-23 15:13:04,814] [INFO] [runner_train_mujoco] Environment 6
[2022-11-23 15:13:11,259] [INFO] [runner_train_mujoco] Environment 7
[2022-11-23 15:13:18,191] [INFO] [runner_train_mujoco] Environment 8
[2022-11-23 15:13:27,145] [INFO] [runner_train_mujoco] Environment 9
[2022-11-23 15:13:34,395] [INFO] [runner_train_mujoco] Average cumulative reward after 150 steps: 5.711158177297657
[2022-11-23 15:13:34,395] [INFO] [runner_train_mujoco] Average state value: 0.4858659575184186
[2022-11-23 15:13:34,395] [INFO] [controller] ITERATION NUM: 53
[2022-11-23 15:13:34,442] [INFO] [controller] EPOCH 1 loss ppo:  -0.01417, loss val: 0.05829
[2022-11-23 15:13:34,477] [INFO] [controller] EPOCH 2 loss ppo:  -0.02165, loss val: 0.05306
[2022-11-23 15:13:34,519] [INFO] [controller] EPOCH 3 loss ppo:  -0.03402, loss val: 0.05377
[2022-11-23 15:13:34,561] [INFO] [controller] EPOCH 4 loss ppo:  -0.04487, loss val: 0.05422
[2022-11-23 15:13:34,570] [INFO] [runner_train_mujoco] Finished batch.
[2022-11-23 15:13:34,658] [INFO] [runner_train_mujoco] Starting simulation batch with mujoco.
[2022-11-23 15:13:34,659] [INFO] [runner_train_mujoco] Environment 0
[2022-11-23 15:13:41,496] [INFO] [runner_train_mujoco] Environment 1
[2022-11-23 15:13:48,191] [INFO] [runner_train_mujoco] Environment 2
[2022-11-23 15:13:54,727] [INFO] [runner_train_mujoco] Environment 3
[2022-11-23 15:14:02,663] [INFO] [runner_train_mujoco] Environment 4
[2022-11-23 15:14:09,555] [INFO] [runner_train_mujoco] Environment 5
[2022-11-23 15:14:15,791] [INFO] [runner_train_mujoco] Environment 6
[2022-11-23 15:14:21,945] [INFO] [runner_train_mujoco] Environment 7
[2022-11-23 15:14:28,081] [INFO] [runner_train_mujoco] Environment 8
[2022-11-23 15:14:34,562] [INFO] [runner_train_mujoco] Environment 9
[2022-11-23 15:14:42,210] [INFO] [runner_train_mujoco] Average cumulative reward after 150 steps: 5.837884588139508
[2022-11-23 15:14:42,211] [INFO] [runner_train_mujoco] Average state value: 0.458381870135665
[2022-11-23 15:14:42,211] [INFO] [controller] ITERATION NUM: 54
[2022-11-23 15:14:42,256] [INFO] [controller] EPOCH 1 loss ppo:  -0.01429, loss val: 0.05770
[2022-11-23 15:14:42,299] [INFO] [controller] EPOCH 2 loss ppo:  -0.02221, loss val: 0.05613
[2022-11-23 15:14:42,339] [INFO] [controller] EPOCH 3 loss ppo:  -0.03321, loss val: 0.05620
[2022-11-23 15:14:42,382] [INFO] [controller] EPOCH 4 loss ppo:  -0.04268, loss val: 0.05621
[2022-11-23 15:14:42,392] [INFO] [runner_train_mujoco] Finished batch.
[2022-11-23 15:14:42,483] [INFO] [runner_train_mujoco] Starting simulation batch with mujoco.
[2022-11-23 15:14:42,483] [INFO] [runner_train_mujoco] Environment 0
[2022-11-23 15:14:50,500] [INFO] [runner_train_mujoco] Environment 1
[2022-11-23 15:14:57,265] [INFO] [runner_train_mujoco] Environment 2
[2022-11-23 15:15:04,921] [INFO] [runner_train_mujoco] Environment 3
[2022-11-23 15:15:13,343] [INFO] [runner_train_mujoco] Environment 4
[2022-11-23 15:15:20,935] [INFO] [runner_train_mujoco] Environment 5
[2022-11-23 15:15:28,390] [INFO] [runner_train_mujoco] Environment 6
[2022-11-23 15:15:35,587] [INFO] [runner_train_mujoco] Environment 7
[2022-11-23 15:15:42,370] [INFO] [runner_train_mujoco] Environment 8
[2022-11-23 15:15:49,765] [INFO] [runner_train_mujoco] Environment 9
[2022-11-23 15:15:57,197] [INFO] [runner_train_mujoco] Average cumulative reward after 150 steps: 6.26924938008648
[2022-11-23 15:15:57,197] [INFO] [runner_train_mujoco] Average state value: 0.4789311857521533
[2022-11-23 15:15:57,198] [INFO] [controller] ITERATION NUM: 55
[2022-11-23 15:15:57,251] [INFO] [controller] EPOCH 1 loss ppo:  -0.01373, loss val: 0.03895
[2022-11-23 15:15:57,294] [INFO] [controller] EPOCH 2 loss ppo:  -0.02010, loss val: 0.03892
[2022-11-23 15:15:57,337] [INFO] [controller] EPOCH 3 loss ppo:  -0.03016, loss val: 0.03900
[2022-11-23 15:15:57,381] [INFO] [controller] EPOCH 4 loss ppo:  -0.04022, loss val: 0.03880
[2022-11-23 15:15:57,390] [INFO] [runner_train_mujoco] Finished batch.
[2022-11-23 15:15:57,489] [INFO] [runner_train_mujoco] Starting simulation batch with mujoco.
[2022-11-23 15:15:57,489] [INFO] [runner_train_mujoco] Environment 0
[2022-11-23 15:16:05,044] [INFO] [runner_train_mujoco] Environment 1
[2022-11-23 15:16:12,057] [INFO] [runner_train_mujoco] Environment 2
[2022-11-23 15:16:20,592] [INFO] [runner_train_mujoco] Environment 3
[2022-11-23 15:16:29,114] [INFO] [runner_train_mujoco] Environment 4
[2022-11-23 15:16:36,781] [INFO] [runner_train_mujoco] Environment 5
[2022-11-23 15:16:43,835] [INFO] [runner_train_mujoco] Environment 6
[2022-11-23 15:16:51,143] [INFO] [runner_train_mujoco] Environment 7
[2022-11-23 15:16:58,950] [INFO] [runner_train_mujoco] Environment 8
[2022-11-23 15:17:07,472] [INFO] [runner_train_mujoco] Environment 9
[2022-11-23 15:17:14,571] [INFO] [runner_train_mujoco] Average cumulative reward after 150 steps: 5.979356661983816
[2022-11-23 15:17:14,571] [INFO] [runner_train_mujoco] Average state value: 0.4722007173796494
[2022-11-23 15:17:14,572] [INFO] [controller] ITERATION NUM: 56
[2022-11-23 15:17:14,620] [INFO] [controller] EPOCH 1 loss ppo:  -0.01378, loss val: 0.05349
[2022-11-23 15:17:14,660] [INFO] [controller] EPOCH 2 loss ppo:  -0.01810, loss val: 0.05340
[2022-11-23 15:17:14,702] [INFO] [controller] EPOCH 3 loss ppo:  -0.02584, loss val: 0.05626
[2022-11-23 15:17:14,743] [INFO] [controller] EPOCH 4 loss ppo:  -0.03434, loss val: 0.05524
[2022-11-23 15:17:14,753] [INFO] [runner_train_mujoco] Finished batch.
[2022-11-23 15:17:14,846] [INFO] [runner_train_mujoco] Starting simulation batch with mujoco.
[2022-11-23 15:17:14,847] [INFO] [runner_train_mujoco] Environment 0
[2022-11-23 15:17:22,580] [INFO] [runner_train_mujoco] Environment 1
[2022-11-23 15:17:30,711] [INFO] [runner_train_mujoco] Environment 2
[2022-11-23 15:17:38,589] [INFO] [runner_train_mujoco] Environment 3
[2022-11-23 15:17:46,120] [INFO] [runner_train_mujoco] Environment 4
[2022-11-23 15:17:55,151] [INFO] [runner_train_mujoco] Environment 5
[2022-11-23 15:18:02,746] [INFO] [runner_train_mujoco] Environment 6
[2022-11-23 15:18:11,099] [INFO] [runner_train_mujoco] Environment 7
[2022-11-23 15:18:21,023] [INFO] [runner_train_mujoco] Environment 8
[2022-11-23 15:18:29,536] [INFO] [runner_train_mujoco] Environment 9
[2022-11-23 15:18:37,265] [INFO] [runner_train_mujoco] Average cumulative reward after 150 steps: 5.7301498207116355
[2022-11-23 15:18:37,266] [INFO] [runner_train_mujoco] Average state value: 0.47545255412658055
[2022-11-23 15:18:37,266] [INFO] [controller] ITERATION NUM: 57
[2022-11-23 15:18:37,319] [INFO] [controller] EPOCH 1 loss ppo:  -0.01329, loss val: 0.04882
[2022-11-23 15:18:37,370] [INFO] [controller] EPOCH 2 loss ppo:  -0.01572, loss val: 0.04740
[2022-11-23 15:18:37,423] [INFO] [controller] EPOCH 3 loss ppo:  -0.01953, loss val: 0.04745
[2022-11-23 15:18:37,466] [INFO] [controller] EPOCH 4 loss ppo:  -0.02491, loss val: 0.04743
[2022-11-23 15:18:37,477] [INFO] [runner_train_mujoco] Finished batch.
[2022-11-23 15:18:37,565] [INFO] [runner_train_mujoco] Starting simulation batch with mujoco.
[2022-11-23 15:18:37,566] [INFO] [runner_train_mujoco] Environment 0
[2022-11-23 15:18:45,702] [INFO] [runner_train_mujoco] Environment 1
[2022-11-23 15:18:53,604] [INFO] [runner_train_mujoco] Environment 2
[2022-11-23 15:19:01,798] [INFO] [runner_train_mujoco] Environment 3
[2022-11-23 15:19:09,368] [INFO] [runner_train_mujoco] Environment 4
[2022-11-23 15:19:17,395] [INFO] [runner_train_mujoco] Environment 5
[2022-11-23 15:19:25,283] [INFO] [runner_train_mujoco] Environment 6
[2022-11-23 15:19:33,232] [INFO] [runner_train_mujoco] Environment 7
[2022-11-23 15:19:40,850] [INFO] [runner_train_mujoco] Environment 8
[2022-11-23 15:19:48,895] [INFO] [runner_train_mujoco] Environment 9
[2022-11-23 15:19:56,687] [INFO] [runner_train_mujoco] Average cumulative reward after 150 steps: 6.110844626570825
[2022-11-23 15:19:56,687] [INFO] [runner_train_mujoco] Average state value: 0.48020654270052904
[2022-11-23 15:19:56,687] [INFO] [controller] ITERATION NUM: 58
[2022-11-23 15:19:56,735] [INFO] [controller] EPOCH 1 loss ppo:  -0.01330, loss val: 0.04277
[2022-11-23 15:19:56,781] [INFO] [controller] EPOCH 2 loss ppo:  -0.01432, loss val: 0.04240
[2022-11-23 15:19:56,831] [INFO] [controller] EPOCH 3 loss ppo:  -0.01639, loss val: 0.04245
[2022-11-23 15:19:56,888] [INFO] [controller] EPOCH 4 loss ppo:  -0.01937, loss val: 0.04252
[2022-11-23 15:19:56,899] [INFO] [runner_train_mujoco] Finished batch.
[2022-11-23 15:19:56,905] [INFO] [optimize] Finished learning.
