[2022-11-24 06:13:09,882] [INFO] [optimize] Starting learning
[2022-11-24 06:13:09,897] [INFO] [optimize] Starting learning process..
[2022-11-24 06:13:10,000] [INFO] [runner_train_mujoco] Starting simulation batch with mujoco.
[2022-11-24 06:13:10,000] [INFO] [runner_train_mujoco] Environment 0
[2022-11-24 06:13:16,418] [INFO] [runner_train_mujoco] Environment 1
[2022-11-24 06:13:22,323] [INFO] [runner_train_mujoco] Environment 2
[2022-11-24 06:13:28,322] [INFO] [runner_train_mujoco] Environment 3
[2022-11-24 06:13:34,316] [INFO] [runner_train_mujoco] Environment 4
[2022-11-24 06:13:39,840] [INFO] [runner_train_mujoco] Environment 5
[2022-11-24 06:13:46,248] [INFO] [runner_train_mujoco] Environment 6
[2022-11-24 06:13:52,196] [INFO] [runner_train_mujoco] Environment 7
[2022-11-24 06:13:58,581] [INFO] [runner_train_mujoco] Environment 8
[2022-11-24 06:14:04,769] [INFO] [runner_train_mujoco] Environment 9
[2022-11-24 06:14:10,617] [INFO] [runner_train_mujoco] Average cumulative reward after 150 steps: 0.946166033954726
[2022-11-24 06:14:10,617] [INFO] [runner_train_mujoco] Average state value: 0.25593589982638754
[2022-11-24 06:14:10,617] [INFO] [controller] ITERATION NUM: 1
[2022-11-24 06:14:10,674] [INFO] [controller] EPOCH 1 loss ppo:  -0.01210, loss val: 0.34892
[2022-11-24 06:14:10,713] [INFO] [controller] EPOCH 2 loss ppo:  -0.04209, loss val: 0.31755
[2022-11-24 06:14:10,756] [INFO] [controller] EPOCH 3 loss ppo:  -0.05355, loss val: 0.28774
[2022-11-24 06:14:10,800] [INFO] [controller] EPOCH 4 loss ppo:  -0.05942, loss val: 0.26043
[2022-11-24 06:14:10,811] [INFO] [runner_train_mujoco] Finished batch.
[2022-11-24 06:14:10,878] [INFO] [runner_train_mujoco] Starting simulation batch with mujoco.
[2022-11-24 06:14:10,878] [INFO] [runner_train_mujoco] Environment 0
[2022-11-24 06:14:17,223] [INFO] [runner_train_mujoco] Environment 1
[2022-11-24 06:14:23,271] [INFO] [runner_train_mujoco] Environment 2
[2022-11-24 06:14:28,878] [INFO] [runner_train_mujoco] Environment 3
[2022-11-24 06:14:34,615] [INFO] [runner_train_mujoco] Environment 4
[2022-11-24 06:14:40,406] [INFO] [runner_train_mujoco] Environment 5
[2022-11-24 06:14:46,679] [INFO] [runner_train_mujoco] Environment 6
[2022-11-24 06:14:52,182] [INFO] [runner_train_mujoco] Environment 7
[2022-11-24 06:14:58,445] [INFO] [runner_train_mujoco] Environment 8
[2022-11-24 06:15:04,405] [INFO] [runner_train_mujoco] Environment 9
[2022-11-24 06:15:10,717] [INFO] [runner_train_mujoco] Average cumulative reward after 150 steps: 0.9606852841925839
[2022-11-24 06:15:10,717] [INFO] [runner_train_mujoco] Average state value: 0.4163910825680941
[2022-11-24 06:15:10,717] [INFO] [controller] ITERATION NUM: 2
[2022-11-24 06:15:10,779] [INFO] [controller] EPOCH 1 loss ppo:  -0.01241, loss val: 0.24332
[2022-11-24 06:15:10,823] [INFO] [controller] EPOCH 2 loss ppo:  -0.03644, loss val: 0.22408
[2022-11-24 06:15:10,872] [INFO] [controller] EPOCH 3 loss ppo:  -0.05188, loss val: 0.20762
[2022-11-24 06:15:10,922] [INFO] [controller] EPOCH 4 loss ppo:  -0.05853, loss val: 0.19393
[2022-11-24 06:15:10,935] [INFO] [runner_train_mujoco] Finished batch.
[2022-11-24 06:15:11,012] [INFO] [runner_train_mujoco] Starting simulation batch with mujoco.
[2022-11-24 06:15:11,012] [INFO] [runner_train_mujoco] Environment 0
[2022-11-24 06:15:16,943] [INFO] [runner_train_mujoco] Environment 1
[2022-11-24 06:15:23,582] [INFO] [runner_train_mujoco] Environment 2
[2022-11-24 06:15:29,855] [INFO] [runner_train_mujoco] Environment 3
[2022-11-24 06:15:35,385] [INFO] [runner_train_mujoco] Environment 4
[2022-11-24 06:15:41,319] [INFO] [runner_train_mujoco] Environment 5
[2022-11-24 06:15:47,636] [INFO] [runner_train_mujoco] Environment 6
[2022-11-24 06:15:53,106] [INFO] [runner_train_mujoco] Environment 7
[2022-11-24 06:15:58,850] [INFO] [runner_train_mujoco] Environment 8
[2022-11-24 06:16:04,797] [INFO] [runner_train_mujoco] Environment 9
[2022-11-24 06:16:10,465] [INFO] [runner_train_mujoco] Average cumulative reward after 150 steps: 0.9886241886799325
[2022-11-24 06:16:10,466] [INFO] [runner_train_mujoco] Average state value: 0.5067394788265229
[2022-11-24 06:16:10,466] [INFO] [controller] ITERATION NUM: 3
[2022-11-24 06:16:10,528] [INFO] [controller] EPOCH 1 loss ppo:  -0.01341, loss val: 0.17631
[2022-11-24 06:16:10,569] [INFO] [controller] EPOCH 2 loss ppo:  -0.03832, loss val: 0.16536
[2022-11-24 06:16:10,611] [INFO] [controller] EPOCH 3 loss ppo:  -0.05048, loss val: 0.15652
[2022-11-24 06:16:10,666] [INFO] [controller] EPOCH 4 loss ppo:  -0.05762, loss val: 0.14527
[2022-11-24 06:16:10,676] [INFO] [runner_train_mujoco] Finished batch.
[2022-11-24 06:16:10,773] [INFO] [runner_train_mujoco] Starting simulation batch with mujoco.
[2022-11-24 06:16:10,774] [INFO] [runner_train_mujoco] Environment 0
[2022-11-24 06:16:16,853] [INFO] [runner_train_mujoco] Environment 1
[2022-11-24 06:16:22,568] [INFO] [runner_train_mujoco] Environment 2
[2022-11-24 06:16:28,949] [INFO] [runner_train_mujoco] Environment 3
[2022-11-24 06:16:35,418] [INFO] [runner_train_mujoco] Environment 4
[2022-11-24 06:16:41,586] [INFO] [runner_train_mujoco] Environment 5
[2022-11-24 06:16:47,478] [INFO] [runner_train_mujoco] Environment 6
[2022-11-24 06:16:53,118] [INFO] [runner_train_mujoco] Environment 7
[2022-11-24 06:16:58,714] [INFO] [runner_train_mujoco] Environment 8
[2022-11-24 06:17:04,686] [INFO] [runner_train_mujoco] Environment 9
[2022-11-24 06:17:09,985] [INFO] [runner_train_mujoco] Average cumulative reward after 150 steps: 1.0501482269435
[2022-11-24 06:17:09,985] [INFO] [runner_train_mujoco] Average state value: 0.569139469259729
[2022-11-24 06:17:09,985] [INFO] [controller] ITERATION NUM: 4
[2022-11-24 06:17:10,036] [INFO] [controller] EPOCH 1 loss ppo:  -0.01289, loss val: 0.13052
[2022-11-24 06:17:10,077] [INFO] [controller] EPOCH 2 loss ppo:  -0.03687, loss val: 0.12212
[2022-11-24 06:17:10,122] [INFO] [controller] EPOCH 3 loss ppo:  -0.04885, loss val: 0.11538
[2022-11-24 06:17:10,164] [INFO] [controller] EPOCH 4 loss ppo:  -0.05649, loss val: 0.10982
[2022-11-24 06:17:10,176] [INFO] [runner_train_mujoco] Finished batch.
[2022-11-24 06:17:10,243] [INFO] [runner_train_mujoco] Starting simulation batch with mujoco.
[2022-11-24 06:17:10,243] [INFO] [runner_train_mujoco] Environment 0
[2022-11-24 06:17:16,575] [INFO] [runner_train_mujoco] Environment 1
[2022-11-24 06:17:22,805] [INFO] [runner_train_mujoco] Environment 2
[2022-11-24 06:17:28,829] [INFO] [runner_train_mujoco] Environment 3
[2022-11-24 06:17:35,170] [INFO] [runner_train_mujoco] Environment 4
[2022-11-24 06:17:41,001] [INFO] [runner_train_mujoco] Environment 5
[2022-11-24 06:17:46,797] [INFO] [runner_train_mujoco] Environment 6
[2022-11-24 06:17:53,045] [INFO] [runner_train_mujoco] Environment 7
[2022-11-24 06:17:58,842] [INFO] [runner_train_mujoco] Environment 8
[2022-11-24 06:18:04,546] [INFO] [runner_train_mujoco] Environment 9
[2022-11-24 06:18:10,302] [INFO] [runner_train_mujoco] Average cumulative reward after 150 steps: 0.8605969103941998
[2022-11-24 06:18:10,302] [INFO] [runner_train_mujoco] Average state value: 0.528936616063118
[2022-11-24 06:18:10,302] [INFO] [controller] ITERATION NUM: 5
[2022-11-24 06:18:10,353] [INFO] [controller] EPOCH 1 loss ppo:  -0.01289, loss val: 0.11223
[2022-11-24 06:18:10,395] [INFO] [controller] EPOCH 2 loss ppo:  -0.03496, loss val: 0.10773
[2022-11-24 06:18:10,435] [INFO] [controller] EPOCH 3 loss ppo:  -0.04771, loss val: 0.09930
[2022-11-24 06:18:10,482] [INFO] [controller] EPOCH 4 loss ppo:  -0.05520, loss val: 0.09875
[2022-11-24 06:18:10,491] [INFO] [runner_train_mujoco] Finished batch.
[2022-11-24 06:18:10,562] [INFO] [runner_train_mujoco] Starting simulation batch with mujoco.
[2022-11-24 06:18:10,563] [INFO] [runner_train_mujoco] Environment 0
[2022-11-24 06:18:16,549] [INFO] [runner_train_mujoco] Environment 1
[2022-11-24 06:18:22,749] [INFO] [runner_train_mujoco] Environment 2
[2022-11-24 06:18:28,950] [INFO] [runner_train_mujoco] Environment 3
[2022-11-24 06:18:35,277] [INFO] [runner_train_mujoco] Environment 4
[2022-11-24 06:18:41,194] [INFO] [runner_train_mujoco] Environment 5
[2022-11-24 06:18:47,240] [INFO] [runner_train_mujoco] Environment 6
[2022-11-24 06:18:53,130] [INFO] [runner_train_mujoco] Environment 7
[2022-11-24 06:18:59,357] [INFO] [runner_train_mujoco] Environment 8
[2022-11-24 06:19:05,388] [INFO] [runner_train_mujoco] Environment 9
[2022-11-24 06:19:11,146] [INFO] [runner_train_mujoco] Average cumulative reward after 150 steps: 0.9800521446627946
[2022-11-24 06:19:11,146] [INFO] [runner_train_mujoco] Average state value: 0.49941416263828664
[2022-11-24 06:19:11,146] [INFO] [controller] ITERATION NUM: 6
[2022-11-24 06:19:11,204] [INFO] [controller] EPOCH 1 loss ppo:  -0.01214, loss val: 0.09312
[2022-11-24 06:19:11,249] [INFO] [controller] EPOCH 2 loss ppo:  -0.03399, loss val: 0.08857
[2022-11-24 06:19:11,292] [INFO] [controller] EPOCH 3 loss ppo:  -0.04811, loss val: 0.08515
[2022-11-24 06:19:11,340] [INFO] [controller] EPOCH 4 loss ppo:  -0.05778, loss val: 0.08470
[2022-11-24 06:19:11,353] [INFO] [runner_train_mujoco] Finished batch.
[2022-11-24 06:19:11,424] [INFO] [runner_train_mujoco] Starting simulation batch with mujoco.
[2022-11-24 06:19:11,424] [INFO] [runner_train_mujoco] Environment 0
[2022-11-24 06:19:17,722] [INFO] [runner_train_mujoco] Environment 1
[2022-11-24 06:19:25,046] [INFO] [runner_train_mujoco] Environment 2
[2022-11-24 06:19:31,197] [INFO] [runner_train_mujoco] Environment 3
[2022-11-24 06:19:37,138] [INFO] [runner_train_mujoco] Environment 4
[2022-11-24 06:19:43,294] [INFO] [runner_train_mujoco] Environment 5
[2022-11-24 06:19:49,132] [INFO] [runner_train_mujoco] Environment 6
[2022-11-24 06:19:54,793] [INFO] [runner_train_mujoco] Environment 7
[2022-11-24 06:20:00,536] [INFO] [runner_train_mujoco] Environment 8
[2022-11-24 06:20:05,858] [INFO] [runner_train_mujoco] Environment 9
[2022-11-24 06:20:11,617] [INFO] [runner_train_mujoco] Average cumulative reward after 150 steps: 1.0521563296652656
[2022-11-24 06:20:11,617] [INFO] [runner_train_mujoco] Average state value: 0.5295018067968388
[2022-11-24 06:20:11,617] [INFO] [controller] ITERATION NUM: 7
[2022-11-24 06:20:11,671] [INFO] [controller] EPOCH 1 loss ppo:  -0.01289, loss val: 0.07466
[2022-11-24 06:20:11,714] [INFO] [controller] EPOCH 2 loss ppo:  -0.03639, loss val: 0.07281
[2022-11-24 06:20:11,758] [INFO] [controller] EPOCH 3 loss ppo:  -0.04843, loss val: 0.07141
[2022-11-24 06:20:11,798] [INFO] [controller] EPOCH 4 loss ppo:  -0.05527, loss val: 0.06795
[2022-11-24 06:20:11,807] [INFO] [runner_train_mujoco] Finished batch.
[2022-11-24 06:20:11,876] [INFO] [runner_train_mujoco] Starting simulation batch with mujoco.
[2022-11-24 06:20:11,876] [INFO] [runner_train_mujoco] Environment 0
[2022-11-24 06:20:18,116] [INFO] [runner_train_mujoco] Environment 1
[2022-11-24 06:20:24,179] [INFO] [runner_train_mujoco] Environment 2
[2022-11-24 06:20:30,100] [INFO] [runner_train_mujoco] Environment 3
[2022-11-24 06:20:36,433] [INFO] [runner_train_mujoco] Environment 4
[2022-11-24 06:20:42,616] [INFO] [runner_train_mujoco] Environment 5
[2022-11-24 06:20:48,507] [INFO] [runner_train_mujoco] Environment 6
[2022-11-24 06:20:54,649] [INFO] [runner_train_mujoco] Environment 7
[2022-11-24 06:21:00,394] [INFO] [runner_train_mujoco] Environment 8
[2022-11-24 06:21:06,333] [INFO] [runner_train_mujoco] Environment 9
[2022-11-24 06:21:11,963] [INFO] [runner_train_mujoco] Average cumulative reward after 150 steps: 1.0781640759940532
[2022-11-24 06:21:11,963] [INFO] [runner_train_mujoco] Average state value: 0.5305049158564459
[2022-11-24 06:21:11,963] [INFO] [controller] ITERATION NUM: 8
[2022-11-24 06:21:12,017] [INFO] [controller] EPOCH 1 loss ppo:  -0.01351, loss val: 0.07616
[2022-11-24 06:21:12,058] [INFO] [controller] EPOCH 2 loss ppo:  -0.03343, loss val: 0.07367
[2022-11-24 06:21:12,142] [INFO] [controller] EPOCH 3 loss ppo:  -0.04558, loss val: 0.07058
[2022-11-24 06:21:12,192] [INFO] [controller] EPOCH 4 loss ppo:  -0.05482, loss val: 0.06644
[2022-11-24 06:21:12,204] [INFO] [runner_train_mujoco] Finished batch.
[2022-11-24 06:21:12,280] [INFO] [runner_train_mujoco] Starting simulation batch with mujoco.
[2022-11-24 06:21:12,281] [INFO] [runner_train_mujoco] Environment 0
[2022-11-24 06:21:18,586] [INFO] [runner_train_mujoco] Environment 1
[2022-11-24 06:21:24,400] [INFO] [runner_train_mujoco] Environment 2
[2022-11-24 06:21:30,142] [INFO] [runner_train_mujoco] Environment 3
[2022-11-24 06:21:35,698] [INFO] [runner_train_mujoco] Environment 4
[2022-11-24 06:21:41,529] [INFO] [runner_train_mujoco] Environment 5
[2022-11-24 06:21:47,335] [INFO] [runner_train_mujoco] Environment 6
[2022-11-24 06:21:53,242] [INFO] [runner_train_mujoco] Environment 7
[2022-11-24 06:21:59,650] [INFO] [runner_train_mujoco] Environment 8
[2022-11-24 06:22:05,711] [INFO] [runner_train_mujoco] Environment 9
[2022-11-24 06:22:11,758] [INFO] [runner_train_mujoco] Average cumulative reward after 150 steps: 1.2103813419054887
[2022-11-24 06:22:11,759] [INFO] [runner_train_mujoco] Average state value: 0.5840821344951789
[2022-11-24 06:22:11,759] [INFO] [controller] ITERATION NUM: 9
[2022-11-24 06:22:11,809] [INFO] [controller] EPOCH 1 loss ppo:  -0.01387, loss val: 0.06787
[2022-11-24 06:22:11,849] [INFO] [controller] EPOCH 2 loss ppo:  -0.03793, loss val: 0.06316
[2022-11-24 06:22:11,894] [INFO] [controller] EPOCH 3 loss ppo:  -0.05018, loss val: 0.06090
[2022-11-24 06:22:11,940] [INFO] [controller] EPOCH 4 loss ppo:  -0.06046, loss val: 0.06061
[2022-11-24 06:22:11,950] [INFO] [runner_train_mujoco] Finished batch.
[2022-11-24 06:22:12,018] [INFO] [runner_train_mujoco] Starting simulation batch with mujoco.
[2022-11-24 06:22:12,018] [INFO] [runner_train_mujoco] Environment 0
[2022-11-24 06:22:17,937] [INFO] [runner_train_mujoco] Environment 1
[2022-11-24 06:22:24,207] [INFO] [runner_train_mujoco] Environment 2
[2022-11-24 06:22:29,968] [INFO] [runner_train_mujoco] Environment 3
[2022-11-24 06:22:35,987] [INFO] [runner_train_mujoco] Environment 4
[2022-11-24 06:22:41,552] [INFO] [runner_train_mujoco] Environment 5
[2022-11-24 06:22:47,525] [INFO] [runner_train_mujoco] Environment 6
[2022-11-24 06:22:53,439] [INFO] [runner_train_mujoco] Environment 7
[2022-11-24 06:22:58,755] [INFO] [runner_train_mujoco] Environment 8
[2022-11-24 06:23:04,581] [INFO] [runner_train_mujoco] Environment 9
[2022-11-24 06:23:10,258] [INFO] [runner_train_mujoco] Average cumulative reward after 150 steps: 1.0476332604116207
[2022-11-24 06:23:10,258] [INFO] [runner_train_mujoco] Average state value: 0.5577147400186708
[2022-11-24 06:23:10,258] [INFO] [controller] ITERATION NUM: 10
[2022-11-24 06:23:10,308] [INFO] [controller] EPOCH 1 loss ppo:  -0.01196, loss val: 0.05670
[2022-11-24 06:23:10,350] [INFO] [controller] EPOCH 2 loss ppo:  -0.03378, loss val: 0.05447
[2022-11-24 06:23:10,392] [INFO] [controller] EPOCH 3 loss ppo:  -0.04943, loss val: 0.05560
[2022-11-24 06:23:10,434] [INFO] [controller] EPOCH 4 loss ppo:  -0.05735, loss val: 0.05463
[2022-11-24 06:23:10,444] [INFO] [runner_train_mujoco] Finished batch.
[2022-11-24 06:23:10,510] [INFO] [runner_train_mujoco] Starting simulation batch with mujoco.
[2022-11-24 06:23:10,511] [INFO] [runner_train_mujoco] Environment 0
[2022-11-24 06:23:16,568] [INFO] [runner_train_mujoco] Environment 1
[2022-11-24 06:23:22,851] [INFO] [runner_train_mujoco] Environment 2
[2022-11-24 06:23:29,027] [INFO] [runner_train_mujoco] Environment 3
[2022-11-24 06:23:34,812] [INFO] [runner_train_mujoco] Environment 4
[2022-11-24 06:23:40,589] [INFO] [runner_train_mujoco] Environment 5
[2022-11-24 06:23:47,168] [INFO] [runner_train_mujoco] Environment 6
[2022-11-24 06:23:52,983] [INFO] [runner_train_mujoco] Environment 7
[2022-11-24 06:23:59,097] [INFO] [runner_train_mujoco] Environment 8
[2022-11-24 06:24:04,868] [INFO] [runner_train_mujoco] Environment 9
[2022-11-24 06:24:10,748] [INFO] [runner_train_mujoco] Average cumulative reward after 150 steps: 1.1719811451826119
[2022-11-24 06:24:10,748] [INFO] [runner_train_mujoco] Average state value: 0.5385686727811893
[2022-11-24 06:24:10,748] [INFO] [controller] ITERATION NUM: 11
[2022-11-24 06:24:10,800] [INFO] [controller] EPOCH 1 loss ppo:  -0.01303, loss val: 0.05734
[2022-11-24 06:24:10,841] [INFO] [controller] EPOCH 2 loss ppo:  -0.03880, loss val: 0.05643
[2022-11-24 06:24:10,884] [INFO] [controller] EPOCH 3 loss ppo:  -0.05004, loss val: 0.05511
[2022-11-24 06:24:10,927] [INFO] [controller] EPOCH 4 loss ppo:  -0.05494, loss val: 0.05425
[2022-11-24 06:24:10,936] [INFO] [runner_train_mujoco] Finished batch.
[2022-11-24 06:24:11,004] [INFO] [runner_train_mujoco] Starting simulation batch with mujoco.
[2022-11-24 06:24:11,004] [INFO] [runner_train_mujoco] Environment 0
[2022-11-24 06:24:16,485] [INFO] [runner_train_mujoco] Environment 1
[2022-11-24 06:24:22,368] [INFO] [runner_train_mujoco] Environment 2
[2022-11-24 06:24:27,637] [INFO] [runner_train_mujoco] Environment 3
[2022-11-24 06:24:33,426] [INFO] [runner_train_mujoco] Environment 4
[2022-11-24 06:24:39,670] [INFO] [runner_train_mujoco] Environment 5
[2022-11-24 06:24:45,470] [INFO] [runner_train_mujoco] Environment 6
[2022-11-24 06:24:51,557] [INFO] [runner_train_mujoco] Environment 7
[2022-11-24 06:24:58,611] [INFO] [runner_train_mujoco] Environment 8
[2022-11-24 06:25:04,594] [INFO] [runner_train_mujoco] Environment 9
[2022-11-24 06:25:10,399] [INFO] [runner_train_mujoco] Average cumulative reward after 150 steps: 1.304374397866806
[2022-11-24 06:25:10,399] [INFO] [runner_train_mujoco] Average state value: 0.5280032919881245
[2022-11-24 06:25:10,400] [INFO] [controller] ITERATION NUM: 12
[2022-11-24 06:25:10,451] [INFO] [controller] EPOCH 1 loss ppo:  -0.01346, loss val: 0.08349
[2022-11-24 06:25:10,501] [INFO] [controller] EPOCH 2 loss ppo:  -0.03663, loss val: 0.08088
[2022-11-24 06:25:10,612] [INFO] [controller] EPOCH 3 loss ppo:  -0.04906, loss val: 0.08009
[2022-11-24 06:25:10,657] [INFO] [controller] EPOCH 4 loss ppo:  -0.05741, loss val: 0.08108
[2022-11-24 06:25:10,666] [INFO] [runner_train_mujoco] Finished batch.
[2022-11-24 06:25:10,733] [INFO] [runner_train_mujoco] Starting simulation batch with mujoco.
[2022-11-24 06:25:10,733] [INFO] [runner_train_mujoco] Environment 0
[2022-11-24 06:25:16,552] [INFO] [runner_train_mujoco] Environment 1
[2022-11-24 06:25:22,751] [INFO] [runner_train_mujoco] Environment 2
[2022-11-24 06:25:28,512] [INFO] [runner_train_mujoco] Environment 3
[2022-11-24 06:25:34,569] [INFO] [runner_train_mujoco] Environment 4
[2022-11-24 06:25:40,630] [INFO] [runner_train_mujoco] Environment 5
[2022-11-24 06:25:46,238] [INFO] [runner_train_mujoco] Environment 6
[2022-11-24 06:25:52,405] [INFO] [runner_train_mujoco] Environment 7
[2022-11-24 06:25:58,286] [INFO] [runner_train_mujoco] Environment 8
[2022-11-24 06:26:04,495] [INFO] [runner_train_mujoco] Environment 9
[2022-11-24 06:26:10,379] [INFO] [runner_train_mujoco] Average cumulative reward after 150 steps: 1.307194451284679
[2022-11-24 06:26:10,380] [INFO] [runner_train_mujoco] Average state value: 0.587114825129509
[2022-11-24 06:26:10,380] [INFO] [controller] ITERATION NUM: 13
[2022-11-24 06:26:10,445] [INFO] [controller] EPOCH 1 loss ppo:  -0.01514, loss val: 0.05780
[2022-11-24 06:26:10,490] [INFO] [controller] EPOCH 2 loss ppo:  -0.03982, loss val: 0.05670
[2022-11-24 06:26:10,530] [INFO] [controller] EPOCH 3 loss ppo:  -0.05455, loss val: 0.05433
[2022-11-24 06:26:10,574] [INFO] [controller] EPOCH 4 loss ppo:  -0.06287, loss val: 0.05261
[2022-11-24 06:26:10,585] [INFO] [runner_train_mujoco] Finished batch.
[2022-11-24 06:26:10,654] [INFO] [runner_train_mujoco] Starting simulation batch with mujoco.
[2022-11-24 06:26:10,655] [INFO] [runner_train_mujoco] Environment 0
[2022-11-24 06:26:16,902] [INFO] [runner_train_mujoco] Environment 1
[2022-11-24 06:26:23,094] [INFO] [runner_train_mujoco] Environment 2
[2022-11-24 06:26:29,187] [INFO] [runner_train_mujoco] Environment 3
[2022-11-24 06:26:35,604] [INFO] [runner_train_mujoco] Environment 4
[2022-11-24 06:26:41,580] [INFO] [runner_train_mujoco] Environment 5
[2022-11-24 06:26:47,621] [INFO] [runner_train_mujoco] Environment 6
[2022-11-24 06:26:53,445] [INFO] [runner_train_mujoco] Environment 7
[2022-11-24 06:26:59,490] [INFO] [runner_train_mujoco] Environment 8
[2022-11-24 06:27:04,719] [INFO] [runner_train_mujoco] Environment 9
[2022-11-24 06:27:09,941] [INFO] [runner_train_mujoco] Average cumulative reward after 150 steps: 1.3730037842591258
[2022-11-24 06:27:09,941] [INFO] [runner_train_mujoco] Average state value: 0.5425432515740395
[2022-11-24 06:27:09,942] [INFO] [controller] ITERATION NUM: 14
[2022-11-24 06:27:10,011] [INFO] [controller] EPOCH 1 loss ppo:  -0.01394, loss val: 0.05592
[2022-11-24 06:27:10,056] [INFO] [controller] EPOCH 2 loss ppo:  -0.03358, loss val: 0.05154
[2022-11-24 06:27:10,111] [INFO] [controller] EPOCH 3 loss ppo:  -0.04678, loss val: 0.04761
[2022-11-24 06:27:10,156] [INFO] [controller] EPOCH 4 loss ppo:  -0.05728, loss val: 0.04072
[2022-11-24 06:27:10,168] [INFO] [runner_train_mujoco] Finished batch.
[2022-11-24 06:27:10,250] [INFO] [runner_train_mujoco] Starting simulation batch with mujoco.
[2022-11-24 06:27:10,250] [INFO] [runner_train_mujoco] Environment 0
[2022-11-24 06:27:15,872] [INFO] [runner_train_mujoco] Environment 1
[2022-11-24 06:27:21,916] [INFO] [runner_train_mujoco] Environment 2
[2022-11-24 06:27:28,153] [INFO] [runner_train_mujoco] Environment 3
[2022-11-24 06:27:34,007] [INFO] [runner_train_mujoco] Environment 4
[2022-11-24 06:27:39,893] [INFO] [runner_train_mujoco] Environment 5
[2022-11-24 06:27:45,808] [INFO] [runner_train_mujoco] Environment 6
[2022-11-24 06:27:51,305] [INFO] [runner_train_mujoco] Environment 7
[2022-11-24 06:27:57,234] [INFO] [runner_train_mujoco] Environment 8
[2022-11-24 06:28:03,059] [INFO] [runner_train_mujoco] Environment 9
[2022-11-24 06:28:08,972] [INFO] [runner_train_mujoco] Average cumulative reward after 150 steps: 1.5180631935664521
[2022-11-24 06:28:08,972] [INFO] [runner_train_mujoco] Average state value: 0.425336224804322
[2022-11-24 06:28:08,972] [INFO] [controller] ITERATION NUM: 15
[2022-11-24 06:28:09,022] [INFO] [controller] EPOCH 1 loss ppo:  -0.01300, loss val: 0.03703
[2022-11-24 06:28:09,066] [INFO] [controller] EPOCH 2 loss ppo:  -0.03498, loss val: 0.03527
[2022-11-24 06:28:09,112] [INFO] [controller] EPOCH 3 loss ppo:  -0.04827, loss val: 0.03389
[2022-11-24 06:28:09,153] [INFO] [controller] EPOCH 4 loss ppo:  -0.05906, loss val: 0.03396
[2022-11-24 06:28:09,163] [INFO] [runner_train_mujoco] Finished batch.
[2022-11-24 06:28:09,232] [INFO] [runner_train_mujoco] Starting simulation batch with mujoco.
[2022-11-24 06:28:09,232] [INFO] [runner_train_mujoco] Environment 0
[2022-11-24 06:28:15,462] [INFO] [runner_train_mujoco] Environment 1
[2022-11-24 06:28:21,577] [INFO] [runner_train_mujoco] Environment 2
[2022-11-24 06:28:27,387] [INFO] [runner_train_mujoco] Environment 3
[2022-11-24 06:28:32,773] [INFO] [runner_train_mujoco] Environment 4
[2022-11-24 06:28:38,439] [INFO] [runner_train_mujoco] Environment 5
[2022-11-24 06:28:43,779] [INFO] [runner_train_mujoco] Environment 6
[2022-11-24 06:28:49,778] [INFO] [runner_train_mujoco] Environment 7
[2022-11-24 06:28:55,034] [INFO] [runner_train_mujoco] Environment 8
[2022-11-24 06:29:00,877] [INFO] [runner_train_mujoco] Environment 9
[2022-11-24 06:29:07,199] [INFO] [runner_train_mujoco] Average cumulative reward after 150 steps: 1.7667966390116203
[2022-11-24 06:29:07,199] [INFO] [runner_train_mujoco] Average state value: 0.34881989936158064
[2022-11-24 06:29:07,199] [INFO] [controller] ITERATION NUM: 16
[2022-11-24 06:29:07,249] [INFO] [controller] EPOCH 1 loss ppo:  -0.01228, loss val: 0.04150
[2022-11-24 06:29:07,296] [INFO] [controller] EPOCH 2 loss ppo:  -0.03237, loss val: 0.04161
[2022-11-24 06:29:07,343] [INFO] [controller] EPOCH 3 loss ppo:  -0.04461, loss val: 0.04665
[2022-11-24 06:29:07,389] [INFO] [controller] EPOCH 4 loss ppo:  -0.05326, loss val: 0.04149
[2022-11-24 06:29:07,400] [INFO] [runner_train_mujoco] Finished batch.
[2022-11-24 06:29:07,469] [INFO] [runner_train_mujoco] Starting simulation batch with mujoco.
[2022-11-24 06:29:07,470] [INFO] [runner_train_mujoco] Environment 0
[2022-11-24 06:29:13,439] [INFO] [runner_train_mujoco] Environment 1
[2022-11-24 06:29:19,706] [INFO] [runner_train_mujoco] Environment 2
[2022-11-24 06:29:25,116] [INFO] [runner_train_mujoco] Environment 3
[2022-11-24 06:29:31,140] [INFO] [runner_train_mujoco] Environment 4
[2022-11-24 06:29:36,869] [INFO] [runner_train_mujoco] Environment 5
[2022-11-24 06:29:42,427] [INFO] [runner_train_mujoco] Environment 6
[2022-11-24 06:29:48,037] [INFO] [runner_train_mujoco] Environment 7
[2022-11-24 06:29:53,495] [INFO] [runner_train_mujoco] Environment 8
[2022-11-24 06:29:59,606] [INFO] [runner_train_mujoco] Environment 9
[2022-11-24 06:30:05,210] [INFO] [runner_train_mujoco] Average cumulative reward after 150 steps: 1.5305958397871524
[2022-11-24 06:30:05,211] [INFO] [runner_train_mujoco] Average state value: 0.36880489797890187
[2022-11-24 06:30:05,211] [INFO] [controller] ITERATION NUM: 17
[2022-11-24 06:30:05,260] [INFO] [controller] EPOCH 1 loss ppo:  -0.01420, loss val: 0.08261
[2022-11-24 06:30:05,303] [INFO] [controller] EPOCH 2 loss ppo:  -0.02637, loss val: 0.07251
[2022-11-24 06:30:05,346] [INFO] [controller] EPOCH 3 loss ppo:  -0.03672, loss val: 0.06398
[2022-11-24 06:30:05,388] [INFO] [controller] EPOCH 4 loss ppo:  -0.04900, loss val: 0.05738
[2022-11-24 06:30:05,397] [INFO] [runner_train_mujoco] Finished batch.
[2022-11-24 06:30:05,466] [INFO] [runner_train_mujoco] Starting simulation batch with mujoco.
[2022-11-24 06:30:05,466] [INFO] [runner_train_mujoco] Environment 0
[2022-11-24 06:30:11,586] [INFO] [runner_train_mujoco] Environment 1
[2022-11-24 06:30:17,663] [INFO] [runner_train_mujoco] Environment 2
[2022-11-24 06:30:23,913] [INFO] [runner_train_mujoco] Environment 3
[2022-11-24 06:30:29,812] [INFO] [runner_train_mujoco] Environment 4
[2022-11-24 06:30:35,422] [INFO] [runner_train_mujoco] Environment 5
[2022-11-24 06:30:41,544] [INFO] [runner_train_mujoco] Environment 6
[2022-11-24 06:30:47,945] [INFO] [runner_train_mujoco] Environment 7
[2022-11-24 06:30:54,232] [INFO] [runner_train_mujoco] Environment 8
[2022-11-24 06:31:01,316] [INFO] [runner_train_mujoco] Environment 9
[2022-11-24 06:31:07,588] [INFO] [runner_train_mujoco] Average cumulative reward after 150 steps: 1.7751910125801544
[2022-11-24 06:31:07,588] [INFO] [runner_train_mujoco] Average state value: 0.4723684273660183
[2022-11-24 06:31:07,588] [INFO] [controller] ITERATION NUM: 18
[2022-11-24 06:31:07,643] [INFO] [controller] EPOCH 1 loss ppo:  -0.01325, loss val: 0.04127
[2022-11-24 06:31:07,688] [INFO] [controller] EPOCH 2 loss ppo:  -0.03850, loss val: 0.04647
[2022-11-24 06:31:07,732] [INFO] [controller] EPOCH 3 loss ppo:  -0.04956, loss val: 0.04888
[2022-11-24 06:31:07,781] [INFO] [controller] EPOCH 4 loss ppo:  -0.05774, loss val: 0.04523
[2022-11-24 06:31:07,791] [INFO] [runner_train_mujoco] Finished batch.
[2022-11-24 06:31:07,871] [INFO] [runner_train_mujoco] Starting simulation batch with mujoco.
[2022-11-24 06:31:07,871] [INFO] [runner_train_mujoco] Environment 0
[2022-11-24 06:31:13,895] [INFO] [runner_train_mujoco] Environment 1
[2022-11-24 06:31:20,008] [INFO] [runner_train_mujoco] Environment 2
[2022-11-24 06:31:25,936] [INFO] [runner_train_mujoco] Environment 3
[2022-11-24 06:31:32,054] [INFO] [runner_train_mujoco] Environment 4
[2022-11-24 06:31:37,874] [INFO] [runner_train_mujoco] Environment 5
[2022-11-24 06:31:44,660] [INFO] [runner_train_mujoco] Environment 6
[2022-11-24 06:31:51,180] [INFO] [runner_train_mujoco] Environment 7
[2022-11-24 06:31:57,829] [INFO] [runner_train_mujoco] Environment 8
[2022-11-24 06:32:04,456] [INFO] [runner_train_mujoco] Environment 9
[2022-11-24 06:32:10,570] [INFO] [runner_train_mujoco] Average cumulative reward after 150 steps: 1.9199077299433198
[2022-11-24 06:32:10,570] [INFO] [runner_train_mujoco] Average state value: 0.47767833845814067
[2022-11-24 06:32:10,571] [INFO] [controller] ITERATION NUM: 19
[2022-11-24 06:32:10,623] [INFO] [controller] EPOCH 1 loss ppo:  -0.01243, loss val: 0.06058
[2022-11-24 06:32:10,666] [INFO] [controller] EPOCH 2 loss ppo:  -0.03605, loss val: 0.05991
[2022-11-24 06:32:10,712] [INFO] [controller] EPOCH 3 loss ppo:  -0.05230, loss val: 0.06771
[2022-11-24 06:32:10,757] [INFO] [controller] EPOCH 4 loss ppo:  -0.05943, loss val: 0.05922
[2022-11-24 06:32:10,766] [INFO] [runner_train_mujoco] Finished batch.
[2022-11-24 06:32:10,834] [INFO] [runner_train_mujoco] Starting simulation batch with mujoco.
[2022-11-24 06:32:10,834] [INFO] [runner_train_mujoco] Environment 0
[2022-11-24 06:32:17,420] [INFO] [runner_train_mujoco] Environment 1
[2022-11-24 06:32:23,534] [INFO] [runner_train_mujoco] Environment 2
[2022-11-24 06:32:29,819] [INFO] [runner_train_mujoco] Environment 3
[2022-11-24 06:32:35,556] [INFO] [runner_train_mujoco] Environment 4
[2022-11-24 06:32:41,476] [INFO] [runner_train_mujoco] Environment 5
[2022-11-24 06:32:47,079] [INFO] [runner_train_mujoco] Environment 6
[2022-11-24 06:32:53,159] [INFO] [runner_train_mujoco] Environment 7
[2022-11-24 06:32:59,275] [INFO] [runner_train_mujoco] Environment 8
[2022-11-24 06:33:05,615] [INFO] [runner_train_mujoco] Environment 9
[2022-11-24 06:33:11,760] [INFO] [runner_train_mujoco] Average cumulative reward after 150 steps: 2.074766478880286
[2022-11-24 06:33:11,761] [INFO] [runner_train_mujoco] Average state value: 0.4672694470385711
[2022-11-24 06:33:11,761] [INFO] [controller] ITERATION NUM: 20
[2022-11-24 06:33:11,821] [INFO] [controller] EPOCH 1 loss ppo:  -0.01368, loss val: 0.04250
[2022-11-24 06:33:11,864] [INFO] [controller] EPOCH 2 loss ppo:  -0.03803, loss val: 0.04590
[2022-11-24 06:33:11,912] [INFO] [controller] EPOCH 3 loss ppo:  -0.05228, loss val: 0.04288
[2022-11-24 06:33:11,960] [INFO] [controller] EPOCH 4 loss ppo:  -0.06105, loss val: 0.04229
[2022-11-24 06:33:11,971] [INFO] [runner_train_mujoco] Finished batch.
[2022-11-24 06:33:12,046] [INFO] [runner_train_mujoco] Starting simulation batch with mujoco.
[2022-11-24 06:33:12,058] [INFO] [runner_train_mujoco] Environment 0
[2022-11-24 06:33:18,179] [INFO] [runner_train_mujoco] Environment 1
[2022-11-24 06:33:23,445] [INFO] [runner_train_mujoco] Environment 2
[2022-11-24 06:33:29,251] [INFO] [runner_train_mujoco] Environment 3
[2022-11-24 06:33:35,124] [INFO] [runner_train_mujoco] Environment 4
[2022-11-24 06:33:40,912] [INFO] [runner_train_mujoco] Environment 5
[2022-11-24 06:33:47,181] [INFO] [runner_train_mujoco] Environment 6
[2022-11-24 06:33:53,158] [INFO] [runner_train_mujoco] Environment 7
[2022-11-24 06:33:59,319] [INFO] [runner_train_mujoco] Environment 8
[2022-11-24 06:34:05,589] [INFO] [runner_train_mujoco] Environment 9
[2022-11-24 06:34:11,283] [INFO] [runner_train_mujoco] Average cumulative reward after 150 steps: 2.032362722463715
[2022-11-24 06:34:11,283] [INFO] [runner_train_mujoco] Average state value: 0.4500124538242818
[2022-11-24 06:34:11,283] [INFO] [controller] ITERATION NUM: 21
[2022-11-24 06:34:11,338] [INFO] [controller] EPOCH 1 loss ppo:  -0.01305, loss val: 0.04466
[2022-11-24 06:34:11,380] [INFO] [controller] EPOCH 2 loss ppo:  -0.03528, loss val: 0.04406
[2022-11-24 06:34:11,435] [INFO] [controller] EPOCH 3 loss ppo:  -0.04502, loss val: 0.04395
[2022-11-24 06:34:11,487] [INFO] [controller] EPOCH 4 loss ppo:  -0.05606, loss val: 0.04205
[2022-11-24 06:34:11,497] [INFO] [runner_train_mujoco] Finished batch.
[2022-11-24 06:34:11,565] [INFO] [runner_train_mujoco] Starting simulation batch with mujoco.
[2022-11-24 06:34:11,566] [INFO] [runner_train_mujoco] Environment 0
[2022-11-24 06:34:17,794] [INFO] [runner_train_mujoco] Environment 1
[2022-11-24 06:34:23,867] [INFO] [runner_train_mujoco] Environment 2
[2022-11-24 06:34:29,610] [INFO] [runner_train_mujoco] Environment 3
[2022-11-24 06:34:35,465] [INFO] [runner_train_mujoco] Environment 4
[2022-11-24 06:34:40,910] [INFO] [runner_train_mujoco] Environment 5
[2022-11-24 06:34:50,091] [INFO] [runner_train_mujoco] Environment 6
[2022-11-24 06:34:57,925] [INFO] [runner_train_mujoco] Environment 7
[2022-11-24 06:35:10,926] [INFO] [runner_train_mujoco] Environment 8
[2022-11-24 06:35:19,725] [INFO] [runner_train_mujoco] Environment 9
[2022-11-24 12:38:06,910] [INFO] [runner_train_mujoco] Average cumulative reward after 150 steps: 2.133547835847136
[2022-11-24 12:38:06,911] [INFO] [runner_train_mujoco] Average state value: 0.49180002736051887
[2022-11-24 12:38:06,911] [INFO] [controller] ITERATION NUM: 22
[2022-11-24 12:38:09,198] [INFO] [controller] EPOCH 1 loss ppo:  -0.01369, loss val: 0.04425
[2022-11-24 12:38:09,726] [INFO] [controller] EPOCH 2 loss ppo:  -0.03448, loss val: 0.04137
[2022-11-24 12:38:10,184] [INFO] [controller] EPOCH 3 loss ppo:  -0.04719, loss val: 0.03946
[2022-11-24 12:38:10,890] [INFO] [controller] EPOCH 4 loss ppo:  -0.05931, loss val: 0.04125
[2022-11-24 12:38:10,932] [INFO] [runner_train_mujoco] Finished batch.
[2022-11-24 12:38:11,052] [INFO] [runner_train_mujoco] Starting simulation batch with mujoco.
[2022-11-24 12:38:11,056] [INFO] [runner_train_mujoco] Environment 0
[2022-11-24 12:38:21,461] [INFO] [runner_train_mujoco] Environment 1
[2022-11-24 12:38:29,407] [INFO] [runner_train_mujoco] Environment 2
[2022-11-24 12:38:37,007] [INFO] [runner_train_mujoco] Environment 3
[2022-11-24 12:38:43,589] [INFO] [runner_train_mujoco] Environment 4
[2022-11-24 12:38:50,112] [INFO] [runner_train_mujoco] Environment 5
[2022-11-24 12:38:56,444] [INFO] [runner_train_mujoco] Environment 6
[2022-11-24 12:39:03,055] [INFO] [runner_train_mujoco] Environment 7
[2022-11-24 12:39:09,728] [INFO] [runner_train_mujoco] Environment 8
[2022-11-24 12:39:15,895] [INFO] [runner_train_mujoco] Environment 9
[2022-11-24 12:39:22,921] [INFO] [runner_train_mujoco] Average cumulative reward after 150 steps: 2.0992662729503504
[2022-11-24 12:39:22,922] [INFO] [runner_train_mujoco] Average state value: 0.548498466660579
[2022-11-24 12:39:22,922] [INFO] [controller] ITERATION NUM: 23
[2022-11-24 12:39:23,003] [INFO] [controller] EPOCH 1 loss ppo:  -0.01301, loss val: 0.04664
[2022-11-24 12:39:23,058] [INFO] [controller] EPOCH 2 loss ppo:  -0.03067, loss val: 0.04521
[2022-11-24 12:39:23,116] [INFO] [controller] EPOCH 3 loss ppo:  -0.04589, loss val: 0.04793
[2022-11-24 12:39:23,183] [INFO] [controller] EPOCH 4 loss ppo:  -0.05800, loss val: 0.04382
[2022-11-24 12:39:23,198] [INFO] [runner_train_mujoco] Finished batch.
[2022-11-24 12:39:23,277] [INFO] [runner_train_mujoco] Starting simulation batch with mujoco.
[2022-11-24 12:39:23,277] [INFO] [runner_train_mujoco] Environment 0
[2022-11-24 12:39:29,355] [INFO] [runner_train_mujoco] Environment 1
[2022-11-24 12:39:35,673] [INFO] [runner_train_mujoco] Environment 2
[2022-11-24 12:39:41,490] [INFO] [runner_train_mujoco] Environment 3
[2022-11-24 12:39:47,538] [INFO] [runner_train_mujoco] Environment 4
[2022-11-24 12:39:53,278] [INFO] [runner_train_mujoco] Environment 5
[2022-11-24 12:39:59,530] [INFO] [runner_train_mujoco] Environment 6
[2022-11-24 12:40:05,712] [INFO] [runner_train_mujoco] Environment 7
[2022-11-24 12:40:11,641] [INFO] [runner_train_mujoco] Environment 8
[2022-11-24 12:40:18,204] [INFO] [runner_train_mujoco] Environment 9
[2022-11-24 12:40:24,296] [INFO] [runner_train_mujoco] Average cumulative reward after 150 steps: 2.313807061273582
[2022-11-24 12:40:24,296] [INFO] [runner_train_mujoco] Average state value: 0.5475306527229646
[2022-11-24 12:40:24,297] [INFO] [controller] ITERATION NUM: 24
[2022-11-24 12:40:24,356] [INFO] [controller] EPOCH 1 loss ppo:  -0.01316, loss val: 0.05041
[2022-11-24 12:40:24,406] [INFO] [controller] EPOCH 2 loss ppo:  -0.03702, loss val: 0.05035
[2022-11-24 12:40:24,457] [INFO] [controller] EPOCH 3 loss ppo:  -0.05002, loss val: 0.04919
[2022-11-24 12:40:24,500] [INFO] [controller] EPOCH 4 loss ppo:  -0.06202, loss val: 0.04805
[2022-11-24 12:40:24,509] [INFO] [runner_train_mujoco] Finished batch.
[2022-11-24 12:40:24,582] [INFO] [runner_train_mujoco] Starting simulation batch with mujoco.
[2022-11-24 12:40:24,583] [INFO] [runner_train_mujoco] Environment 0
[2022-11-24 12:40:30,436] [INFO] [runner_train_mujoco] Environment 1
[2022-11-24 12:40:36,386] [INFO] [runner_train_mujoco] Environment 2
[2022-11-24 12:40:42,483] [INFO] [runner_train_mujoco] Environment 3
[2022-11-24 12:40:48,371] [INFO] [runner_train_mujoco] Environment 4
[2022-11-24 12:40:54,254] [INFO] [runner_train_mujoco] Environment 5
[2022-11-24 12:41:00,362] [INFO] [runner_train_mujoco] Environment 6
[2022-11-24 12:41:06,150] [INFO] [runner_train_mujoco] Environment 7
[2022-11-24 12:41:12,226] [INFO] [runner_train_mujoco] Environment 8
[2022-11-24 12:41:18,093] [INFO] [runner_train_mujoco] Environment 9
[2022-11-24 12:41:23,826] [INFO] [runner_train_mujoco] Average cumulative reward after 150 steps: 2.038674878844236
[2022-11-24 12:41:23,826] [INFO] [runner_train_mujoco] Average state value: 0.5197314692835013
[2022-11-24 12:41:23,827] [INFO] [controller] ITERATION NUM: 25
[2022-11-24 12:41:23,881] [INFO] [controller] EPOCH 1 loss ppo:  -0.01398, loss val: 0.03296
[2022-11-24 12:41:23,928] [INFO] [controller] EPOCH 2 loss ppo:  -0.03594, loss val: 0.03165
[2022-11-24 12:41:23,979] [INFO] [controller] EPOCH 3 loss ppo:  -0.04582, loss val: 0.03277
[2022-11-24 12:41:24,098] [INFO] [controller] EPOCH 4 loss ppo:  -0.05581, loss val: 0.03093
[2022-11-24 12:41:24,107] [INFO] [runner_train_mujoco] Finished batch.
[2022-11-24 12:41:24,181] [INFO] [runner_train_mujoco] Starting simulation batch with mujoco.
[2022-11-24 12:41:24,181] [INFO] [runner_train_mujoco] Environment 0
[2022-11-24 12:41:30,349] [INFO] [runner_train_mujoco] Environment 1
[2022-11-24 12:41:36,528] [INFO] [runner_train_mujoco] Environment 2
[2022-11-24 12:41:42,236] [INFO] [runner_train_mujoco] Environment 3
[2022-11-24 12:41:47,256] [INFO] [runner_train_mujoco] Environment 4
[2022-11-24 12:41:52,673] [INFO] [runner_train_mujoco] Environment 5
[2022-11-24 12:41:57,944] [INFO] [runner_train_mujoco] Environment 6
[2022-11-24 12:42:03,353] [INFO] [runner_train_mujoco] Environment 7
[2022-11-24 12:42:08,580] [INFO] [runner_train_mujoco] Environment 8
[2022-11-24 12:42:13,692] [INFO] [runner_train_mujoco] Environment 9
[2022-11-24 12:42:18,726] [INFO] [runner_train_mujoco] Average cumulative reward after 150 steps: 1.9765471016936786
[2022-11-24 12:42:18,726] [INFO] [runner_train_mujoco] Average state value: 0.4783342809925476
[2022-11-24 12:42:18,727] [INFO] [controller] ITERATION NUM: 26
[2022-11-24 12:42:18,782] [INFO] [controller] EPOCH 1 loss ppo:  -0.01435, loss val: 0.03674
[2022-11-24 12:42:18,823] [INFO] [controller] EPOCH 2 loss ppo:  -0.03577, loss val: 0.03774
[2022-11-24 12:42:18,865] [INFO] [controller] EPOCH 3 loss ppo:  -0.05078, loss val: 0.03644
[2022-11-24 12:42:18,901] [INFO] [controller] EPOCH 4 loss ppo:  -0.06252, loss val: 0.03639
[2022-11-24 12:42:18,910] [INFO] [runner_train_mujoco] Finished batch.
[2022-11-24 12:42:18,975] [INFO] [runner_train_mujoco] Starting simulation batch with mujoco.
[2022-11-24 12:42:18,975] [INFO] [runner_train_mujoco] Environment 0
[2022-11-24 12:42:24,236] [INFO] [runner_train_mujoco] Environment 1
[2022-11-24 12:42:29,346] [INFO] [runner_train_mujoco] Environment 2
[2022-11-24 12:42:34,273] [INFO] [runner_train_mujoco] Environment 3
[2022-11-24 12:42:38,994] [INFO] [runner_train_mujoco] Environment 4
[2022-11-24 12:42:43,994] [INFO] [runner_train_mujoco] Environment 5
[2022-11-24 12:42:48,687] [INFO] [runner_train_mujoco] Environment 6
[2022-11-24 12:42:53,801] [INFO] [runner_train_mujoco] Environment 7
[2022-11-24 12:42:58,643] [INFO] [runner_train_mujoco] Environment 8
[2022-11-24 12:43:03,574] [INFO] [runner_train_mujoco] Environment 9
[2022-11-24 12:43:09,487] [INFO] [runner_train_mujoco] Average cumulative reward after 150 steps: 2.193766374036554
[2022-11-24 12:43:09,487] [INFO] [runner_train_mujoco] Average state value: 0.4517491062879563
[2022-11-24 12:43:09,488] [INFO] [controller] ITERATION NUM: 27
[2022-11-24 12:43:09,543] [INFO] [controller] EPOCH 1 loss ppo:  -0.01347, loss val: 0.04211
[2022-11-24 12:43:09,588] [INFO] [controller] EPOCH 2 loss ppo:  -0.03032, loss val: 0.04119
[2022-11-24 12:43:09,633] [INFO] [controller] EPOCH 3 loss ppo:  -0.04238, loss val: 0.03971
[2022-11-24 12:43:09,686] [INFO] [controller] EPOCH 4 loss ppo:  -0.05125, loss val: 0.03920
[2022-11-24 12:43:09,695] [INFO] [runner_train_mujoco] Finished batch.
[2022-11-24 12:43:09,766] [INFO] [runner_train_mujoco] Starting simulation batch with mujoco.
[2022-11-24 12:43:09,766] [INFO] [runner_train_mujoco] Environment 0
[2022-11-24 12:43:15,278] [INFO] [runner_train_mujoco] Environment 1
[2022-11-24 12:43:20,813] [INFO] [runner_train_mujoco] Environment 2
[2022-11-24 12:43:25,544] [INFO] [runner_train_mujoco] Environment 3
[2022-11-24 12:43:30,379] [INFO] [runner_train_mujoco] Environment 4
[2022-11-24 12:43:35,102] [INFO] [runner_train_mujoco] Environment 5
[2022-11-24 12:43:39,720] [INFO] [runner_train_mujoco] Environment 6
[2022-11-24 12:43:44,321] [INFO] [runner_train_mujoco] Environment 7
[2022-11-24 12:43:49,263] [INFO] [runner_train_mujoco] Environment 8
[2022-11-24 12:43:54,304] [INFO] [runner_train_mujoco] Environment 9
[2022-11-24 12:43:59,434] [INFO] [runner_train_mujoco] Average cumulative reward after 150 steps: 2.181990518902551
[2022-11-24 12:43:59,434] [INFO] [runner_train_mujoco] Average state value: 0.4218852341870467
[2022-11-24 12:43:59,434] [INFO] [controller] ITERATION NUM: 28
[2022-11-24 12:43:59,484] [INFO] [controller] EPOCH 1 loss ppo:  -0.01717, loss val: 0.03309
[2022-11-24 12:43:59,525] [INFO] [controller] EPOCH 2 loss ppo:  -0.03699, loss val: 0.03325
[2022-11-24 12:43:59,569] [INFO] [controller] EPOCH 3 loss ppo:  -0.04297, loss val: 0.03351
[2022-11-24 12:43:59,609] [INFO] [controller] EPOCH 4 loss ppo:  -0.05375, loss val: 0.03672
[2022-11-24 12:43:59,615] [INFO] [runner_train_mujoco] Finished batch.
[2022-11-24 12:43:59,672] [INFO] [runner_train_mujoco] Starting simulation batch with mujoco.
[2022-11-24 12:43:59,673] [INFO] [runner_train_mujoco] Environment 0
[2022-11-24 12:44:04,679] [INFO] [runner_train_mujoco] Environment 1
[2022-11-24 12:44:09,375] [INFO] [runner_train_mujoco] Environment 2
[2022-11-24 12:44:13,934] [INFO] [runner_train_mujoco] Environment 3
[2022-11-24 12:44:18,700] [INFO] [runner_train_mujoco] Environment 4
[2022-11-24 12:44:23,434] [INFO] [runner_train_mujoco] Environment 5
[2022-11-24 12:44:28,093] [INFO] [runner_train_mujoco] Environment 6
[2022-11-24 12:44:32,616] [INFO] [runner_train_mujoco] Environment 7
[2022-11-24 12:44:37,648] [INFO] [runner_train_mujoco] Environment 8
[2022-11-24 12:44:42,439] [INFO] [runner_train_mujoco] Environment 9
[2022-11-24 12:44:47,827] [INFO] [runner_train_mujoco] Average cumulative reward after 150 steps: 2.4192175551578883
[2022-11-24 12:44:47,827] [INFO] [runner_train_mujoco] Average state value: 0.4103196703766783
[2022-11-24 12:44:47,827] [INFO] [controller] ITERATION NUM: 29
[2022-11-24 12:44:47,876] [INFO] [controller] EPOCH 1 loss ppo:  -0.01347, loss val: 0.04666
[2022-11-24 12:44:47,916] [INFO] [controller] EPOCH 2 loss ppo:  -0.02780, loss val: 0.04503
[2022-11-24 12:44:47,957] [INFO] [controller] EPOCH 3 loss ppo:  -0.04422, loss val: 0.04455
[2022-11-24 12:44:48,000] [INFO] [controller] EPOCH 4 loss ppo:  -0.05691, loss val: 0.04261
[2022-11-24 12:44:48,009] [INFO] [runner_train_mujoco] Finished batch.
[2022-11-24 12:44:48,073] [INFO] [runner_train_mujoco] Starting simulation batch with mujoco.
[2022-11-24 12:44:48,073] [INFO] [runner_train_mujoco] Environment 0
[2022-11-24 12:44:53,070] [INFO] [runner_train_mujoco] Environment 1
[2022-11-24 12:44:57,932] [INFO] [runner_train_mujoco] Environment 2
[2022-11-24 12:45:02,826] [INFO] [runner_train_mujoco] Environment 3
[2022-11-24 12:45:07,851] [INFO] [runner_train_mujoco] Environment 4
[2022-11-24 12:45:12,729] [INFO] [runner_train_mujoco] Environment 5
[2022-11-24 12:45:17,552] [INFO] [runner_train_mujoco] Environment 6
[2022-11-24 12:45:22,359] [INFO] [runner_train_mujoco] Environment 7
[2022-11-24 12:45:27,138] [INFO] [runner_train_mujoco] Environment 8
[2022-11-24 12:45:32,084] [INFO] [runner_train_mujoco] Environment 9
[2022-11-24 12:45:36,715] [INFO] [runner_train_mujoco] Average cumulative reward after 150 steps: 2.670196398105574
[2022-11-24 12:45:36,715] [INFO] [runner_train_mujoco] Average state value: 0.4506282317737738
[2022-11-24 12:45:36,715] [INFO] [controller] ITERATION NUM: 30
[2022-11-24 12:45:36,762] [INFO] [controller] EPOCH 1 loss ppo:  -0.01446, loss val: 0.03637
[2022-11-24 12:45:36,802] [INFO] [controller] EPOCH 2 loss ppo:  -0.02855, loss val: 0.03671
[2022-11-24 12:45:36,844] [INFO] [controller] EPOCH 3 loss ppo:  -0.03831, loss val: 0.03692
[2022-11-24 12:45:36,884] [INFO] [controller] EPOCH 4 loss ppo:  -0.05216, loss val: 0.03750
[2022-11-24 12:45:36,893] [INFO] [runner_train_mujoco] Finished batch.
[2022-11-24 12:45:36,961] [INFO] [runner_train_mujoco] Starting simulation batch with mujoco.
[2022-11-24 12:45:36,961] [INFO] [runner_train_mujoco] Environment 0
[2022-11-24 12:45:41,644] [INFO] [runner_train_mujoco] Environment 1
[2022-11-24 12:45:46,278] [INFO] [runner_train_mujoco] Environment 2
[2022-11-24 12:45:50,827] [INFO] [runner_train_mujoco] Environment 3
[2022-11-24 12:45:55,484] [INFO] [runner_train_mujoco] Environment 4
[2022-11-24 12:46:00,197] [INFO] [runner_train_mujoco] Environment 5
[2022-11-24 12:46:05,004] [INFO] [runner_train_mujoco] Environment 6
[2022-11-24 12:46:09,737] [INFO] [runner_train_mujoco] Environment 7
[2022-11-24 12:46:14,622] [INFO] [runner_train_mujoco] Environment 8
[2022-11-24 12:46:19,494] [INFO] [runner_train_mujoco] Environment 9
[2022-11-24 12:46:24,126] [INFO] [runner_train_mujoco] Average cumulative reward after 150 steps: 2.480753949378367
[2022-11-24 12:46:24,126] [INFO] [runner_train_mujoco] Average state value: 0.46601644303401313
[2022-11-24 12:46:24,126] [INFO] [controller] ITERATION NUM: 31
[2022-11-24 12:46:24,178] [INFO] [controller] EPOCH 1 loss ppo:  -0.01315, loss val: 0.03671
[2022-11-24 12:46:24,224] [INFO] [controller] EPOCH 2 loss ppo:  -0.03022, loss val: 0.03978
[2022-11-24 12:46:24,267] [INFO] [controller] EPOCH 3 loss ppo:  -0.04687, loss val: 0.03598
[2022-11-24 12:46:24,308] [INFO] [controller] EPOCH 4 loss ppo:  -0.05997, loss val: 0.03980
[2022-11-24 12:46:24,318] [INFO] [runner_train_mujoco] Finished batch.
[2022-11-24 12:46:24,367] [INFO] [runner_train_mujoco] Starting simulation batch with mujoco.
[2022-11-24 12:46:24,367] [INFO] [runner_train_mujoco] Environment 0
[2022-11-24 12:46:29,224] [INFO] [runner_train_mujoco] Environment 1
[2022-11-24 12:46:34,533] [INFO] [runner_train_mujoco] Environment 2
[2022-11-24 12:46:39,197] [INFO] [runner_train_mujoco] Environment 3
[2022-11-24 12:46:43,720] [INFO] [runner_train_mujoco] Environment 4
[2022-11-24 12:46:48,462] [INFO] [runner_train_mujoco] Environment 5
[2022-11-24 12:46:53,079] [INFO] [runner_train_mujoco] Environment 6
[2022-11-24 12:46:57,950] [INFO] [runner_train_mujoco] Environment 7
[2022-11-24 12:47:02,600] [INFO] [runner_train_mujoco] Environment 8
[2022-11-24 12:47:07,153] [INFO] [runner_train_mujoco] Environment 9
[2022-11-24 12:47:11,730] [INFO] [runner_train_mujoco] Average cumulative reward after 150 steps: 2.8301404075109127
[2022-11-24 12:47:11,731] [INFO] [runner_train_mujoco] Average state value: 0.43491466727356115
[2022-11-24 12:47:11,731] [INFO] [controller] ITERATION NUM: 32
[2022-11-24 12:47:11,780] [INFO] [controller] EPOCH 1 loss ppo:  -0.01311, loss val: 0.04912
[2022-11-24 12:47:11,822] [INFO] [controller] EPOCH 2 loss ppo:  -0.02892, loss val: 0.04190
[2022-11-24 12:47:11,864] [INFO] [controller] EPOCH 3 loss ppo:  -0.04239, loss val: 0.04354
[2022-11-24 12:47:11,904] [INFO] [controller] EPOCH 4 loss ppo:  -0.05490, loss val: 0.04157
[2022-11-24 12:47:11,914] [INFO] [runner_train_mujoco] Finished batch.
[2022-11-24 12:47:11,979] [INFO] [runner_train_mujoco] Starting simulation batch with mujoco.
[2022-11-24 12:47:11,980] [INFO] [runner_train_mujoco] Environment 0
[2022-11-24 12:47:16,809] [INFO] [runner_train_mujoco] Environment 1
[2022-11-24 12:47:21,827] [INFO] [runner_train_mujoco] Environment 2
[2022-11-24 12:47:26,431] [INFO] [runner_train_mujoco] Environment 3
[2022-11-24 12:47:31,200] [INFO] [runner_train_mujoco] Environment 4
[2022-11-24 12:47:35,991] [INFO] [runner_train_mujoco] Environment 5
[2022-11-24 12:47:40,665] [INFO] [runner_train_mujoco] Environment 6
[2022-11-24 12:47:45,198] [INFO] [runner_train_mujoco] Environment 7
[2022-11-24 12:47:49,905] [INFO] [runner_train_mujoco] Environment 8
[2022-11-24 12:47:54,515] [INFO] [runner_train_mujoco] Environment 9
[2022-11-24 12:47:59,456] [INFO] [runner_train_mujoco] Average cumulative reward after 150 steps: 3.0422490346883344
[2022-11-24 12:47:59,456] [INFO] [runner_train_mujoco] Average state value: 0.4578652694722017
[2022-11-24 12:47:59,456] [INFO] [controller] ITERATION NUM: 33
[2022-11-24 12:47:59,559] [INFO] [controller] EPOCH 1 loss ppo:  -0.01432, loss val: 0.04161
[2022-11-24 12:47:59,600] [INFO] [controller] EPOCH 2 loss ppo:  -0.03416, loss val: 0.04079
[2022-11-24 12:47:59,642] [INFO] [controller] EPOCH 3 loss ppo:  -0.04712, loss val: 0.04072
[2022-11-24 12:47:59,687] [INFO] [controller] EPOCH 4 loss ppo:  -0.05990, loss val: 0.04236
[2022-11-24 12:47:59,698] [INFO] [runner_train_mujoco] Finished batch.
[2022-11-24 12:47:59,773] [INFO] [runner_train_mujoco] Starting simulation batch with mujoco.
[2022-11-24 12:47:59,773] [INFO] [runner_train_mujoco] Environment 0
[2022-11-24 12:48:04,957] [INFO] [runner_train_mujoco] Environment 1
[2022-11-24 12:48:09,670] [INFO] [runner_train_mujoco] Environment 2
[2022-11-24 12:48:14,307] [INFO] [runner_train_mujoco] Environment 3
[2022-11-24 12:48:18,731] [INFO] [runner_train_mujoco] Environment 4
[2022-11-24 12:48:23,310] [INFO] [runner_train_mujoco] Environment 5
[2022-11-24 12:48:28,255] [INFO] [runner_train_mujoco] Environment 6
[2022-11-24 12:48:33,004] [INFO] [runner_train_mujoco] Environment 7
[2022-11-24 12:48:37,688] [INFO] [runner_train_mujoco] Environment 8
[2022-11-24 12:48:42,226] [INFO] [runner_train_mujoco] Environment 9
[2022-11-24 12:48:46,769] [INFO] [runner_train_mujoco] Average cumulative reward after 150 steps: 2.9848169898492922
[2022-11-24 12:48:46,769] [INFO] [runner_train_mujoco] Average state value: 0.48905306960766504
[2022-11-24 12:48:46,769] [INFO] [controller] ITERATION NUM: 34
[2022-11-24 12:48:46,817] [INFO] [controller] EPOCH 1 loss ppo:  -0.01337, loss val: 0.04913
[2022-11-24 12:48:46,858] [INFO] [controller] EPOCH 2 loss ppo:  -0.02806, loss val: 0.04812
[2022-11-24 12:48:46,901] [INFO] [controller] EPOCH 3 loss ppo:  -0.03770, loss val: 0.04752
[2022-11-24 12:48:46,943] [INFO] [controller] EPOCH 4 loss ppo:  -0.05010, loss val: 0.04607
[2022-11-24 12:48:46,952] [INFO] [runner_train_mujoco] Finished batch.
[2022-11-24 12:48:47,005] [INFO] [runner_train_mujoco] Starting simulation batch with mujoco.
[2022-11-24 12:48:47,005] [INFO] [runner_train_mujoco] Environment 0
[2022-11-24 12:48:51,614] [INFO] [runner_train_mujoco] Environment 1
[2022-11-24 12:48:56,182] [INFO] [runner_train_mujoco] Environment 2
[2022-11-24 12:49:00,780] [INFO] [runner_train_mujoco] Environment 3
[2022-11-24 12:49:05,439] [INFO] [runner_train_mujoco] Environment 4
[2022-11-24 12:49:10,162] [INFO] [runner_train_mujoco] Environment 5
[2022-11-24 12:49:14,760] [INFO] [runner_train_mujoco] Environment 6
[2022-11-24 12:49:19,387] [INFO] [runner_train_mujoco] Environment 7
[2022-11-24 12:49:24,143] [INFO] [runner_train_mujoco] Environment 8
[2022-11-24 12:49:28,671] [INFO] [runner_train_mujoco] Environment 9
[2022-11-24 12:49:33,583] [INFO] [runner_train_mujoco] Average cumulative reward after 150 steps: 2.8274900643015846
[2022-11-24 12:49:33,584] [INFO] [runner_train_mujoco] Average state value: 0.4439742174223065
[2022-11-24 12:49:33,584] [INFO] [controller] ITERATION NUM: 35
[2022-11-24 12:49:33,627] [INFO] [controller] EPOCH 1 loss ppo:  -0.01473, loss val: 0.05564
[2022-11-24 12:49:33,665] [INFO] [controller] EPOCH 2 loss ppo:  -0.02978, loss val: 0.05299
[2022-11-24 12:49:33,706] [INFO] [controller] EPOCH 3 loss ppo:  -0.04070, loss val: 0.05268
[2022-11-24 12:49:33,747] [INFO] [controller] EPOCH 4 loss ppo:  -0.05103, loss val: 0.05440
[2022-11-24 12:49:33,756] [INFO] [runner_train_mujoco] Finished batch.
[2022-11-24 12:49:33,819] [INFO] [runner_train_mujoco] Starting simulation batch with mujoco.
[2022-11-24 12:49:33,820] [INFO] [runner_train_mujoco] Environment 0
[2022-11-24 12:49:38,943] [INFO] [runner_train_mujoco] Environment 1
[2022-11-24 12:49:43,822] [INFO] [runner_train_mujoco] Environment 2
[2022-11-24 12:49:48,416] [INFO] [runner_train_mujoco] Environment 3
[2022-11-24 12:49:52,924] [INFO] [runner_train_mujoco] Environment 4
[2022-11-24 12:49:57,367] [INFO] [runner_train_mujoco] Environment 5
[2022-11-24 12:50:02,180] [INFO] [runner_train_mujoco] Environment 6
[2022-11-24 12:50:06,882] [INFO] [runner_train_mujoco] Environment 7
[2022-11-24 12:50:11,365] [INFO] [runner_train_mujoco] Environment 8
[2022-11-24 12:50:15,945] [INFO] [runner_train_mujoco] Environment 9
[2022-11-24 12:50:20,721] [INFO] [runner_train_mujoco] Average cumulative reward after 150 steps: 3.18217571022795
[2022-11-24 12:50:20,721] [INFO] [runner_train_mujoco] Average state value: 0.4318747240205606
[2022-11-24 12:50:20,721] [INFO] [controller] ITERATION NUM: 36
[2022-11-24 12:50:20,769] [INFO] [controller] EPOCH 1 loss ppo:  -0.01276, loss val: 0.05127
[2022-11-24 12:50:20,806] [INFO] [controller] EPOCH 2 loss ppo:  -0.02093, loss val: 0.05076
[2022-11-24 12:50:20,838] [INFO] [controller] EPOCH 3 loss ppo:  -0.03075, loss val: 0.05075
[2022-11-24 12:50:20,876] [INFO] [controller] EPOCH 4 loss ppo:  -0.04070, loss val: 0.04616
[2022-11-24 12:50:20,885] [INFO] [runner_train_mujoco] Finished batch.
[2022-11-24 12:50:20,943] [INFO] [runner_train_mujoco] Starting simulation batch with mujoco.
[2022-11-24 12:50:20,943] [INFO] [runner_train_mujoco] Environment 0
[2022-11-24 12:50:25,661] [INFO] [runner_train_mujoco] Environment 1
[2022-11-24 12:50:30,257] [INFO] [runner_train_mujoco] Environment 2
[2022-11-24 12:50:34,832] [INFO] [runner_train_mujoco] Environment 3
[2022-11-24 12:50:39,670] [INFO] [runner_train_mujoco] Environment 4
[2022-11-24 12:50:45,029] [INFO] [runner_train_mujoco] Environment 5
[2022-11-24 12:50:52,143] [INFO] [runner_train_mujoco] Environment 6
[2022-11-24 12:50:57,611] [INFO] [runner_train_mujoco] Environment 7
[2022-11-24 12:51:02,879] [INFO] [runner_train_mujoco] Environment 8
[2022-11-24 12:51:08,064] [INFO] [runner_train_mujoco] Environment 9
[2022-11-24 12:51:13,260] [INFO] [runner_train_mujoco] Average cumulative reward after 150 steps: 3.085481316645766
[2022-11-24 12:51:13,260] [INFO] [runner_train_mujoco] Average state value: 0.45250494332611557
[2022-11-24 12:51:13,260] [INFO] [controller] ITERATION NUM: 37
[2022-11-24 12:51:13,332] [INFO] [controller] EPOCH 1 loss ppo:  -0.01493, loss val: 0.04118
[2022-11-24 12:51:13,378] [INFO] [controller] EPOCH 2 loss ppo:  -0.03024, loss val: 0.04156
[2022-11-24 12:51:13,419] [INFO] [controller] EPOCH 3 loss ppo:  -0.04281, loss val: 0.04182
[2022-11-24 12:51:13,463] [INFO] [controller] EPOCH 4 loss ppo:  -0.05493, loss val: 0.04114
[2022-11-24 12:51:13,474] [INFO] [runner_train_mujoco] Finished batch.
[2022-11-24 12:51:13,540] [INFO] [runner_train_mujoco] Starting simulation batch with mujoco.
[2022-11-24 12:51:13,540] [INFO] [runner_train_mujoco] Environment 0
[2022-11-24 12:51:18,550] [INFO] [runner_train_mujoco] Environment 1
[2022-11-24 12:51:23,579] [INFO] [runner_train_mujoco] Environment 2
[2022-11-24 12:51:28,519] [INFO] [runner_train_mujoco] Environment 3
[2022-11-24 12:51:33,701] [INFO] [runner_train_mujoco] Environment 4
[2022-11-24 12:51:38,831] [INFO] [runner_train_mujoco] Environment 5
[2022-11-24 12:51:43,916] [INFO] [runner_train_mujoco] Environment 6
[2022-11-24 12:51:49,344] [INFO] [runner_train_mujoco] Environment 7
[2022-11-24 12:51:54,652] [INFO] [runner_train_mujoco] Environment 8
[2022-11-24 12:51:59,635] [INFO] [runner_train_mujoco] Environment 9
[2022-11-24 12:52:04,874] [INFO] [runner_train_mujoco] Average cumulative reward after 150 steps: 2.932349949518421
[2022-11-24 12:52:04,874] [INFO] [runner_train_mujoco] Average state value: 0.4699730069513122
[2022-11-24 12:52:04,875] [INFO] [controller] ITERATION NUM: 38
[2022-11-24 12:52:04,935] [INFO] [controller] EPOCH 1 loss ppo:  -0.01368, loss val: 0.05687
[2022-11-24 12:52:04,977] [INFO] [controller] EPOCH 2 loss ppo:  -0.02708, loss val: 0.05606
[2022-11-24 12:52:05,020] [INFO] [controller] EPOCH 3 loss ppo:  -0.04042, loss val: 0.05511
[2022-11-24 12:52:05,064] [INFO] [controller] EPOCH 4 loss ppo:  -0.05423, loss val: 0.05463
[2022-11-24 12:52:05,073] [INFO] [runner_train_mujoco] Finished batch.
[2022-11-24 12:52:05,144] [INFO] [runner_train_mujoco] Starting simulation batch with mujoco.
[2022-11-24 12:52:05,145] [INFO] [runner_train_mujoco] Environment 0
[2022-11-24 12:52:10,224] [INFO] [runner_train_mujoco] Environment 1
[2022-11-24 12:52:15,391] [INFO] [runner_train_mujoco] Environment 2
[2022-11-24 12:52:20,683] [INFO] [runner_train_mujoco] Environment 3
[2022-11-24 12:52:26,012] [INFO] [runner_train_mujoco] Environment 4
[2022-11-24 12:52:31,043] [INFO] [runner_train_mujoco] Environment 5
[2022-11-24 12:52:36,233] [INFO] [runner_train_mujoco] Environment 6
[2022-11-24 12:52:41,458] [INFO] [runner_train_mujoco] Environment 7
[2022-11-24 12:52:46,536] [INFO] [runner_train_mujoco] Environment 8
[2022-11-24 12:52:51,528] [INFO] [runner_train_mujoco] Environment 9
[2022-11-24 12:52:56,741] [INFO] [runner_train_mujoco] Average cumulative reward after 150 steps: 2.774515824534274
[2022-11-24 12:52:56,741] [INFO] [runner_train_mujoco] Average state value: 0.4762485051279266
[2022-11-24 12:52:56,741] [INFO] [controller] ITERATION NUM: 39
[2022-11-24 12:52:56,800] [INFO] [controller] EPOCH 1 loss ppo:  -0.01491, loss val: 0.06022
[2022-11-24 12:52:56,863] [INFO] [controller] EPOCH 2 loss ppo:  -0.03161, loss val: 0.06013
[2022-11-24 12:52:56,911] [INFO] [controller] EPOCH 3 loss ppo:  -0.03820, loss val: 0.05913
[2022-11-24 12:52:56,953] [INFO] [controller] EPOCH 4 loss ppo:  -0.04951, loss val: 0.05914
[2022-11-24 12:52:56,963] [INFO] [runner_train_mujoco] Finished batch.
[2022-11-24 12:52:57,035] [INFO] [runner_train_mujoco] Starting simulation batch with mujoco.
[2022-11-24 12:52:57,035] [INFO] [runner_train_mujoco] Environment 0
[2022-11-24 12:53:02,433] [INFO] [runner_train_mujoco] Environment 1
[2022-11-24 12:53:07,977] [INFO] [runner_train_mujoco] Environment 2
[2022-11-24 12:53:13,327] [INFO] [runner_train_mujoco] Environment 3
[2022-11-24 12:53:18,279] [INFO] [runner_train_mujoco] Environment 4
[2022-11-24 12:53:23,686] [INFO] [runner_train_mujoco] Environment 5
[2022-11-24 12:53:28,903] [INFO] [runner_train_mujoco] Environment 6
[2022-11-24 12:53:34,417] [INFO] [runner_train_mujoco] Environment 7
[2022-11-24 12:53:40,753] [INFO] [runner_train_mujoco] Environment 8
[2022-11-24 12:53:45,803] [INFO] [runner_train_mujoco] Environment 9
[2022-11-24 12:53:51,095] [INFO] [runner_train_mujoco] Average cumulative reward after 150 steps: 2.877696660135155
[2022-11-24 12:53:51,096] [INFO] [runner_train_mujoco] Average state value: 0.46212083222344524
[2022-11-24 12:53:51,096] [INFO] [controller] ITERATION NUM: 40
[2022-11-24 12:53:51,150] [INFO] [controller] EPOCH 1 loss ppo:  -0.01438, loss val: 0.07839
[2022-11-24 12:53:51,191] [INFO] [controller] EPOCH 2 loss ppo:  -0.02550, loss val: 0.07896
[2022-11-24 12:53:51,231] [INFO] [controller] EPOCH 3 loss ppo:  -0.03853, loss val: 0.07755
[2022-11-24 12:53:51,278] [INFO] [controller] EPOCH 4 loss ppo:  -0.05159, loss val: 0.07786
[2022-11-24 12:53:51,288] [INFO] [runner_train_mujoco] Finished batch.
[2022-11-24 12:53:51,354] [INFO] [runner_train_mujoco] Starting simulation batch with mujoco.
[2022-11-24 12:53:51,355] [INFO] [runner_train_mujoco] Environment 0
[2022-11-24 12:53:56,638] [INFO] [runner_train_mujoco] Environment 1
[2022-11-24 12:54:01,711] [INFO] [runner_train_mujoco] Environment 2
[2022-11-24 12:54:06,852] [INFO] [runner_train_mujoco] Environment 3
[2022-11-24 12:54:12,285] [INFO] [runner_train_mujoco] Environment 4
[2022-11-24 12:54:17,148] [INFO] [runner_train_mujoco] Environment 5
[2022-11-24 12:54:22,392] [INFO] [runner_train_mujoco] Environment 6
[2022-11-24 12:54:27,593] [INFO] [runner_train_mujoco] Environment 7
[2022-11-24 12:54:32,523] [INFO] [runner_train_mujoco] Environment 8
[2022-11-24 12:54:37,651] [INFO] [runner_train_mujoco] Environment 9
[2022-11-24 12:54:42,865] [INFO] [runner_train_mujoco] Average cumulative reward after 150 steps: 3.0968748561352166
[2022-11-24 12:54:42,865] [INFO] [runner_train_mujoco] Average state value: 0.5009691609541576
[2022-11-24 12:54:42,865] [INFO] [controller] ITERATION NUM: 41
[2022-11-24 12:54:42,920] [INFO] [controller] EPOCH 1 loss ppo:  -0.01222, loss val: 0.04455
[2022-11-24 12:54:42,962] [INFO] [controller] EPOCH 2 loss ppo:  -0.01969, loss val: 0.04320
[2022-11-24 12:54:43,002] [INFO] [controller] EPOCH 3 loss ppo:  -0.03120, loss val: 0.04259
[2022-11-24 12:54:43,044] [INFO] [controller] EPOCH 4 loss ppo:  -0.04438, loss val: 0.04236
[2022-11-24 12:54:43,053] [INFO] [runner_train_mujoco] Finished batch.
[2022-11-24 12:54:43,106] [INFO] [runner_train_mujoco] Starting simulation batch with mujoco.
[2022-11-24 12:54:43,106] [INFO] [runner_train_mujoco] Environment 0
[2022-11-24 12:54:48,208] [INFO] [runner_train_mujoco] Environment 1
[2022-11-24 12:54:53,317] [INFO] [runner_train_mujoco] Environment 2
[2022-11-24 12:54:58,521] [INFO] [runner_train_mujoco] Environment 3
[2022-11-24 12:55:03,568] [INFO] [runner_train_mujoco] Environment 4
[2022-11-24 12:55:08,727] [INFO] [runner_train_mujoco] Environment 5
[2022-11-24 12:55:13,713] [INFO] [runner_train_mujoco] Environment 6
[2022-11-24 12:55:18,791] [INFO] [runner_train_mujoco] Environment 7
[2022-11-24 12:55:23,918] [INFO] [runner_train_mujoco] Environment 8
[2022-11-24 12:55:28,950] [INFO] [runner_train_mujoco] Environment 9
[2022-11-24 12:55:34,300] [INFO] [runner_train_mujoco] Average cumulative reward after 150 steps: 3.6690316077041194
[2022-11-24 12:55:34,300] [INFO] [runner_train_mujoco] Average state value: 0.49892484138409293
[2022-11-24 12:55:34,300] [INFO] [controller] ITERATION NUM: 42
[2022-11-24 12:55:34,351] [INFO] [controller] EPOCH 1 loss ppo:  -0.01317, loss val: 0.05322
[2022-11-24 12:55:34,392] [INFO] [controller] EPOCH 2 loss ppo:  -0.02233, loss val: 0.05254
[2022-11-24 12:55:34,434] [INFO] [controller] EPOCH 3 loss ppo:  -0.03248, loss val: 0.05160
[2022-11-24 12:55:34,478] [INFO] [controller] EPOCH 4 loss ppo:  -0.04334, loss val: 0.04947
[2022-11-24 12:55:34,487] [INFO] [runner_train_mujoco] Finished batch.
[2022-11-24 12:55:34,553] [INFO] [runner_train_mujoco] Starting simulation batch with mujoco.
[2022-11-24 12:55:34,554] [INFO] [runner_train_mujoco] Environment 0
[2022-11-24 12:55:40,008] [INFO] [runner_train_mujoco] Environment 1
[2022-11-24 12:55:45,088] [INFO] [runner_train_mujoco] Environment 2
[2022-11-24 12:55:50,026] [INFO] [runner_train_mujoco] Environment 3
[2022-11-24 12:55:55,355] [INFO] [runner_train_mujoco] Environment 4
[2022-11-24 12:56:00,429] [INFO] [runner_train_mujoco] Environment 5
[2022-11-24 12:56:05,530] [INFO] [runner_train_mujoco] Environment 6
[2022-11-24 12:56:10,674] [INFO] [runner_train_mujoco] Environment 7
[2022-11-24 12:56:15,564] [INFO] [runner_train_mujoco] Environment 8
[2022-11-24 12:56:20,651] [INFO] [runner_train_mujoco] Environment 9
[2022-11-24 12:56:25,683] [INFO] [runner_train_mujoco] Average cumulative reward after 150 steps: 3.0416511903588
[2022-11-24 12:56:25,683] [INFO] [runner_train_mujoco] Average state value: 0.530215129206578
[2022-11-24 12:56:25,683] [INFO] [controller] ITERATION NUM: 43
[2022-11-24 12:56:25,729] [INFO] [controller] EPOCH 1 loss ppo:  -0.01349, loss val: 0.03476
[2022-11-24 12:56:25,769] [INFO] [controller] EPOCH 2 loss ppo:  -0.02702, loss val: 0.03540
[2022-11-24 12:56:25,810] [INFO] [controller] EPOCH 3 loss ppo:  -0.04020, loss val: 0.03797
[2022-11-24 12:56:25,851] [INFO] [controller] EPOCH 4 loss ppo:  -0.04951, loss val: 0.03524
[2022-11-24 12:56:25,861] [INFO] [runner_train_mujoco] Finished batch.
[2022-11-24 12:56:25,928] [INFO] [runner_train_mujoco] Starting simulation batch with mujoco.
[2022-11-24 12:56:25,929] [INFO] [runner_train_mujoco] Environment 0
[2022-11-24 12:56:31,250] [INFO] [runner_train_mujoco] Environment 1
[2022-11-24 12:56:36,473] [INFO] [runner_train_mujoco] Environment 2
[2022-11-24 12:56:41,572] [INFO] [runner_train_mujoco] Environment 3
[2022-11-24 12:56:46,502] [INFO] [runner_train_mujoco] Environment 4
[2022-11-24 12:56:51,837] [INFO] [runner_train_mujoco] Environment 5
[2022-11-24 12:56:56,956] [INFO] [runner_train_mujoco] Environment 6
[2022-11-24 12:57:02,087] [INFO] [runner_train_mujoco] Environment 7
[2022-11-24 12:57:07,376] [INFO] [runner_train_mujoco] Environment 8
[2022-11-24 12:57:12,485] [INFO] [runner_train_mujoco] Environment 9
[2022-11-24 12:57:17,543] [INFO] [runner_train_mujoco] Average cumulative reward after 150 steps: 3.337397725507394
[2022-11-24 12:57:17,543] [INFO] [runner_train_mujoco] Average state value: 0.5213476680852472
[2022-11-24 12:57:17,544] [INFO] [controller] ITERATION NUM: 44
[2022-11-24 12:57:17,612] [INFO] [controller] EPOCH 1 loss ppo:  -0.01307, loss val: 0.06552
[2022-11-24 12:57:17,671] [INFO] [controller] EPOCH 2 loss ppo:  -0.02008, loss val: 0.06437
[2022-11-24 12:57:17,717] [INFO] [controller] EPOCH 3 loss ppo:  -0.03143, loss val: 0.06158
[2022-11-24 12:57:17,762] [INFO] [controller] EPOCH 4 loss ppo:  -0.04128, loss val: 0.05974
[2022-11-24 12:57:17,772] [INFO] [runner_train_mujoco] Finished batch.
[2022-11-24 12:57:17,842] [INFO] [runner_train_mujoco] Starting simulation batch with mujoco.
[2022-11-24 12:57:17,843] [INFO] [runner_train_mujoco] Environment 0
[2022-11-24 12:57:22,770] [INFO] [runner_train_mujoco] Environment 1
[2022-11-24 12:57:28,146] [INFO] [runner_train_mujoco] Environment 2
[2022-11-24 12:57:33,090] [INFO] [runner_train_mujoco] Environment 3
[2022-11-24 12:57:38,001] [INFO] [runner_train_mujoco] Environment 4
[2022-11-24 12:57:43,017] [INFO] [runner_train_mujoco] Environment 5
[2022-11-24 12:57:47,997] [INFO] [runner_train_mujoco] Environment 6
[2022-11-24 12:57:52,883] [INFO] [runner_train_mujoco] Environment 7
[2022-11-24 12:57:57,909] [INFO] [runner_train_mujoco] Environment 8
[2022-11-24 12:58:03,342] [INFO] [runner_train_mujoco] Environment 9
[2022-11-24 12:58:08,431] [INFO] [runner_train_mujoco] Average cumulative reward after 150 steps: 3.7315250926429746
[2022-11-24 12:58:08,431] [INFO] [runner_train_mujoco] Average state value: 0.5161200943887232
[2022-11-24 12:58:08,431] [INFO] [controller] ITERATION NUM: 45
[2022-11-24 12:58:08,485] [INFO] [controller] EPOCH 1 loss ppo:  -0.01333, loss val: 0.04452
[2022-11-24 12:58:08,526] [INFO] [controller] EPOCH 2 loss ppo:  -0.02585, loss val: 0.04435
[2022-11-24 12:58:08,569] [INFO] [controller] EPOCH 3 loss ppo:  -0.04011, loss val: 0.04361
[2022-11-24 12:58:08,604] [INFO] [controller] EPOCH 4 loss ppo:  -0.04917, loss val: 0.04264
[2022-11-24 12:58:08,613] [INFO] [runner_train_mujoco] Finished batch.
[2022-11-24 12:58:08,671] [INFO] [runner_train_mujoco] Starting simulation batch with mujoco.
[2022-11-24 12:58:08,672] [INFO] [runner_train_mujoco] Environment 0
[2022-11-24 12:58:13,679] [INFO] [runner_train_mujoco] Environment 1
[2022-11-24 12:58:18,716] [INFO] [runner_train_mujoco] Environment 2
[2022-11-24 12:58:24,207] [INFO] [runner_train_mujoco] Environment 3
[2022-11-24 12:58:29,252] [INFO] [runner_train_mujoco] Environment 4
[2022-11-24 12:58:34,406] [INFO] [runner_train_mujoco] Environment 5
[2022-11-24 12:58:39,356] [INFO] [runner_train_mujoco] Environment 6
[2022-11-24 12:58:44,793] [INFO] [runner_train_mujoco] Environment 7
[2022-11-24 12:58:49,812] [INFO] [runner_train_mujoco] Environment 8
[2022-11-24 12:58:54,888] [INFO] [runner_train_mujoco] Environment 9
[2022-11-24 12:58:59,964] [INFO] [runner_train_mujoco] Average cumulative reward after 150 steps: 3.5513976712974604
[2022-11-24 12:58:59,964] [INFO] [runner_train_mujoco] Average state value: 0.477268417785565
[2022-11-24 12:58:59,964] [INFO] [controller] ITERATION NUM: 46
[2022-11-24 12:59:00,035] [INFO] [controller] EPOCH 1 loss ppo:  -0.01403, loss val: 0.04847
[2022-11-24 12:59:00,087] [INFO] [controller] EPOCH 2 loss ppo:  -0.02555, loss val: 0.04760
[2022-11-24 12:59:00,189] [INFO] [controller] EPOCH 3 loss ppo:  -0.03703, loss val: 0.04870
[2022-11-24 12:59:00,233] [INFO] [controller] EPOCH 4 loss ppo:  -0.04390, loss val: 0.04859
[2022-11-24 12:59:00,241] [INFO] [runner_train_mujoco] Finished batch.
[2022-11-24 12:59:00,306] [INFO] [runner_train_mujoco] Starting simulation batch with mujoco.
[2022-11-24 12:59:00,306] [INFO] [runner_train_mujoco] Environment 0
[2022-11-24 12:59:05,474] [INFO] [runner_train_mujoco] Environment 1
[2022-11-24 12:59:10,559] [INFO] [runner_train_mujoco] Environment 2
[2022-11-24 12:59:17,226] [INFO] [runner_train_mujoco] Environment 3
[2022-11-24 12:59:23,056] [INFO] [runner_train_mujoco] Environment 4
[2022-11-24 12:59:28,788] [INFO] [runner_train_mujoco] Environment 5
[2022-11-24 12:59:34,331] [INFO] [runner_train_mujoco] Environment 6
[2022-11-24 12:59:40,061] [INFO] [runner_train_mujoco] Environment 7
[2022-11-24 12:59:45,732] [INFO] [runner_train_mujoco] Environment 8
[2022-11-24 12:59:51,416] [INFO] [runner_train_mujoco] Environment 9
[2022-11-24 12:59:57,447] [INFO] [runner_train_mujoco] Average cumulative reward after 150 steps: 3.4805133214122206
[2022-11-24 12:59:57,447] [INFO] [runner_train_mujoco] Average state value: 0.46043259235719836
[2022-11-24 12:59:57,447] [INFO] [controller] ITERATION NUM: 47
[2022-11-24 12:59:57,500] [INFO] [controller] EPOCH 1 loss ppo:  -0.01477, loss val: 0.03548
[2022-11-24 12:59:57,549] [INFO] [controller] EPOCH 2 loss ppo:  -0.02683, loss val: 0.03535
[2022-11-24 12:59:57,595] [INFO] [controller] EPOCH 3 loss ppo:  -0.03416, loss val: 0.03539
[2022-11-24 12:59:57,643] [INFO] [controller] EPOCH 4 loss ppo:  -0.04306, loss val: 0.03592
[2022-11-24 12:59:57,653] [INFO] [runner_train_mujoco] Finished batch.
[2022-11-24 12:59:57,725] [INFO] [runner_train_mujoco] Starting simulation batch with mujoco.
[2022-11-24 12:59:57,725] [INFO] [runner_train_mujoco] Environment 0
[2022-11-24 13:00:03,963] [INFO] [runner_train_mujoco] Environment 1
[2022-11-24 13:00:09,728] [INFO] [runner_train_mujoco] Environment 2
[2022-11-24 13:00:15,627] [INFO] [runner_train_mujoco] Environment 3
[2022-11-24 13:00:21,377] [INFO] [runner_train_mujoco] Environment 4
[2022-11-24 13:00:27,482] [INFO] [runner_train_mujoco] Environment 5
[2022-11-24 13:00:33,227] [INFO] [runner_train_mujoco] Environment 6
[2022-11-24 13:00:39,005] [INFO] [runner_train_mujoco] Environment 7
[2022-11-24 13:00:45,081] [INFO] [runner_train_mujoco] Environment 8
[2022-11-24 13:00:50,947] [INFO] [runner_train_mujoco] Environment 9
[2022-11-24 13:00:56,960] [INFO] [runner_train_mujoco] Average cumulative reward after 150 steps: 3.2510806566503954
[2022-11-24 13:00:56,961] [INFO] [runner_train_mujoco] Average state value: 0.4042920285935203
[2022-11-24 13:00:56,961] [INFO] [controller] ITERATION NUM: 48
[2022-11-24 13:00:57,027] [INFO] [controller] EPOCH 1 loss ppo:  -0.01367, loss val: 0.07614
[2022-11-24 13:00:57,073] [INFO] [controller] EPOCH 2 loss ppo:  -0.02205, loss val: 0.07605
[2022-11-24 13:00:57,120] [INFO] [controller] EPOCH 3 loss ppo:  -0.02901, loss val: 0.07580
[2022-11-24 13:00:57,166] [INFO] [controller] EPOCH 4 loss ppo:  -0.03789, loss val: 0.07511
[2022-11-24 13:00:57,175] [INFO] [runner_train_mujoco] Finished batch.
[2022-11-24 13:00:57,246] [INFO] [runner_train_mujoco] Starting simulation batch with mujoco.
[2022-11-24 13:00:57,247] [INFO] [runner_train_mujoco] Environment 0
[2022-11-24 13:01:03,145] [INFO] [runner_train_mujoco] Environment 1
[2022-11-24 13:01:09,262] [INFO] [runner_train_mujoco] Environment 2
[2022-11-24 13:01:14,685] [INFO] [runner_train_mujoco] Environment 3
[2022-11-24 13:01:20,728] [INFO] [runner_train_mujoco] Environment 4
[2022-11-24 13:01:26,896] [INFO] [runner_train_mujoco] Environment 5
[2022-11-24 13:01:32,692] [INFO] [runner_train_mujoco] Environment 6
[2022-11-24 13:01:38,634] [INFO] [runner_train_mujoco] Environment 7
[2022-11-24 13:01:44,221] [INFO] [runner_train_mujoco] Environment 8
[2022-11-24 13:01:49,694] [INFO] [runner_train_mujoco] Environment 9
[2022-11-24 13:01:55,397] [INFO] [runner_train_mujoco] Average cumulative reward after 150 steps: 3.523866894548872
[2022-11-24 13:01:55,397] [INFO] [runner_train_mujoco] Average state value: 0.4418984270418684
[2022-11-24 13:01:55,397] [INFO] [controller] ITERATION NUM: 49
[2022-11-24 13:01:55,458] [INFO] [controller] EPOCH 1 loss ppo:  -0.01446, loss val: 0.08115
[2022-11-24 13:01:55,527] [INFO] [controller] EPOCH 2 loss ppo:  -0.02074, loss val: 0.08114
[2022-11-24 13:01:55,600] [INFO] [controller] EPOCH 3 loss ppo:  -0.02546, loss val: 0.07979
[2022-11-24 13:01:55,653] [INFO] [controller] EPOCH 4 loss ppo:  -0.03187, loss val: 0.07802
[2022-11-24 13:01:55,664] [INFO] [runner_train_mujoco] Finished batch.
[2022-11-24 13:01:55,735] [INFO] [runner_train_mujoco] Starting simulation batch with mujoco.
[2022-11-24 13:01:55,736] [INFO] [runner_train_mujoco] Environment 0
[2022-11-24 13:02:01,815] [INFO] [runner_train_mujoco] Environment 1
[2022-11-24 13:02:07,478] [INFO] [runner_train_mujoco] Environment 2
[2022-11-24 13:02:13,770] [INFO] [runner_train_mujoco] Environment 3
[2022-11-24 13:02:19,315] [INFO] [runner_train_mujoco] Environment 4
[2022-11-24 13:02:24,998] [INFO] [runner_train_mujoco] Environment 5
[2022-11-24 13:02:31,140] [INFO] [runner_train_mujoco] Environment 6
[2022-11-24 13:02:36,917] [INFO] [runner_train_mujoco] Environment 7
[2022-11-24 13:02:42,778] [INFO] [runner_train_mujoco] Environment 8
[2022-11-24 13:02:48,854] [INFO] [runner_train_mujoco] Environment 9
[2022-11-24 13:02:54,913] [INFO] [runner_train_mujoco] Average cumulative reward after 150 steps: 3.411552832956809
[2022-11-24 13:02:54,913] [INFO] [runner_train_mujoco] Average state value: 0.45008779532834886
[2022-11-24 13:02:54,913] [INFO] [controller] ITERATION NUM: 50
[2022-11-24 13:02:54,964] [INFO] [controller] EPOCH 1 loss ppo:  -0.01337, loss val: 0.05845
[2022-11-24 13:02:55,008] [INFO] [controller] EPOCH 2 loss ppo:  -0.02123, loss val: 0.05644
[2022-11-24 13:02:55,053] [INFO] [controller] EPOCH 3 loss ppo:  -0.03343, loss val: 0.05641
[2022-11-24 13:02:55,096] [INFO] [controller] EPOCH 4 loss ppo:  -0.04246, loss val: 0.05705
[2022-11-24 13:02:55,105] [INFO] [runner_train_mujoco] Finished batch.
[2022-11-24 13:02:55,170] [INFO] [runner_train_mujoco] Starting simulation batch with mujoco.
[2022-11-24 13:02:55,170] [INFO] [runner_train_mujoco] Environment 0
[2022-11-24 13:03:01,226] [INFO] [runner_train_mujoco] Environment 1
[2022-11-24 13:03:06,994] [INFO] [runner_train_mujoco] Environment 2
[2022-11-24 13:03:12,713] [INFO] [runner_train_mujoco] Environment 3
[2022-11-24 13:03:18,513] [INFO] [runner_train_mujoco] Environment 4
[2022-11-24 13:03:23,982] [INFO] [runner_train_mujoco] Environment 5
[2022-11-24 13:03:29,480] [INFO] [runner_train_mujoco] Environment 6
[2022-11-24 13:03:35,464] [INFO] [runner_train_mujoco] Environment 7
[2022-11-24 13:03:41,236] [INFO] [runner_train_mujoco] Environment 8
[2022-11-24 13:03:47,113] [INFO] [runner_train_mujoco] Environment 9
[2022-11-24 13:03:52,993] [INFO] [runner_train_mujoco] Average cumulative reward after 150 steps: 3.4028251422226816
[2022-11-24 13:03:52,993] [INFO] [runner_train_mujoco] Average state value: 0.4781751661449671
[2022-11-24 13:03:52,993] [INFO] [controller] ITERATION NUM: 51
[2022-11-24 13:03:53,043] [INFO] [controller] EPOCH 1 loss ppo:  -0.01310, loss val: 0.04525
[2022-11-24 13:03:53,084] [INFO] [controller] EPOCH 2 loss ppo:  -0.02065, loss val: 0.04468
[2022-11-24 13:03:53,130] [INFO] [controller] EPOCH 3 loss ppo:  -0.03042, loss val: 0.04575
[2022-11-24 13:03:53,174] [INFO] [controller] EPOCH 4 loss ppo:  -0.03744, loss val: 0.04466
[2022-11-24 13:03:53,184] [INFO] [runner_train_mujoco] Finished batch.
[2022-11-24 13:03:53,251] [INFO] [runner_train_mujoco] Starting simulation batch with mujoco.
[2022-11-24 13:03:53,252] [INFO] [runner_train_mujoco] Environment 0
[2022-11-24 13:03:59,167] [INFO] [runner_train_mujoco] Environment 1
[2022-11-24 13:04:04,962] [INFO] [runner_train_mujoco] Environment 2
[2022-11-24 13:04:10,619] [INFO] [runner_train_mujoco] Environment 3
[2022-11-24 13:04:15,978] [INFO] [runner_train_mujoco] Environment 4
[2022-11-24 13:04:21,651] [INFO] [runner_train_mujoco] Environment 5
[2022-11-24 13:04:27,779] [INFO] [runner_train_mujoco] Environment 6
[2022-11-24 13:04:33,734] [INFO] [runner_train_mujoco] Environment 7
[2022-11-24 13:04:39,576] [INFO] [runner_train_mujoco] Environment 8
[2022-11-24 13:04:45,319] [INFO] [runner_train_mujoco] Environment 9
[2022-11-24 13:04:50,957] [INFO] [runner_train_mujoco] Average cumulative reward after 150 steps: 3.2691980092215784
[2022-11-24 13:04:50,957] [INFO] [runner_train_mujoco] Average state value: 0.4998367456731697
[2022-11-24 13:04:50,957] [INFO] [controller] ITERATION NUM: 52
[2022-11-24 13:04:51,009] [INFO] [controller] EPOCH 1 loss ppo:  -0.01357, loss val: 0.04494
[2022-11-24 13:04:51,058] [INFO] [controller] EPOCH 2 loss ppo:  -0.02167, loss val: 0.04044
[2022-11-24 13:04:51,102] [INFO] [controller] EPOCH 3 loss ppo:  -0.02975, loss val: 0.04503
[2022-11-24 13:04:51,144] [INFO] [controller] EPOCH 4 loss ppo:  -0.03569, loss val: 0.04055
[2022-11-24 13:04:51,153] [INFO] [runner_train_mujoco] Finished batch.
[2022-11-24 13:04:51,222] [INFO] [runner_train_mujoco] Starting simulation batch with mujoco.
[2022-11-24 13:04:51,223] [INFO] [runner_train_mujoco] Environment 0
[2022-11-24 13:04:57,002] [INFO] [runner_train_mujoco] Environment 1
[2022-11-24 13:05:02,523] [INFO] [runner_train_mujoco] Environment 2
[2022-11-24 13:05:08,012] [INFO] [runner_train_mujoco] Environment 3
[2022-11-24 13:05:14,004] [INFO] [runner_train_mujoco] Environment 4
[2022-11-24 13:05:19,865] [INFO] [runner_train_mujoco] Environment 5
[2022-11-24 13:05:25,775] [INFO] [runner_train_mujoco] Environment 6
[2022-11-24 13:05:31,226] [INFO] [runner_train_mujoco] Environment 7
[2022-11-24 13:05:36,985] [INFO] [runner_train_mujoco] Environment 8
[2022-11-24 13:05:43,092] [INFO] [runner_train_mujoco] Environment 9
[2022-11-24 13:05:49,934] [INFO] [runner_train_mujoco] Average cumulative reward after 150 steps: 3.4868521362325025
[2022-11-24 13:05:49,935] [INFO] [runner_train_mujoco] Average state value: 0.5162628522018592
[2022-11-24 13:05:49,935] [INFO] [controller] ITERATION NUM: 53
[2022-11-24 13:05:50,147] [INFO] [controller] EPOCH 1 loss ppo:  -0.01211, loss val: 0.03768
[2022-11-24 13:05:50,202] [INFO] [controller] EPOCH 2 loss ppo:  -0.01637, loss val: 0.03763
[2022-11-24 13:05:50,254] [INFO] [controller] EPOCH 3 loss ppo:  -0.02266, loss val: 0.03938
[2022-11-24 13:05:50,323] [INFO] [controller] EPOCH 4 loss ppo:  -0.03188, loss val: 0.03778
[2022-11-24 13:05:50,332] [INFO] [runner_train_mujoco] Finished batch.
[2022-11-24 13:05:50,409] [INFO] [runner_train_mujoco] Starting simulation batch with mujoco.
[2022-11-24 13:05:50,409] [INFO] [runner_train_mujoco] Environment 0
[2022-11-24 13:05:57,242] [INFO] [runner_train_mujoco] Environment 1
[2022-11-24 13:06:03,955] [INFO] [runner_train_mujoco] Environment 2
[2022-11-24 13:06:09,499] [INFO] [runner_train_mujoco] Environment 3
[2022-11-24 13:06:15,083] [INFO] [runner_train_mujoco] Environment 4
[2022-11-24 13:06:20,612] [INFO] [runner_train_mujoco] Environment 5
[2022-11-24 13:06:26,115] [INFO] [runner_train_mujoco] Environment 6
[2022-11-24 13:06:31,901] [INFO] [runner_train_mujoco] Environment 7
[2022-11-24 13:06:37,241] [INFO] [runner_train_mujoco] Environment 8
[2022-11-24 13:06:42,543] [INFO] [runner_train_mujoco] Environment 9
[2022-11-24 13:06:48,530] [INFO] [runner_train_mujoco] Average cumulative reward after 150 steps: 3.6408049525558313
[2022-11-24 13:06:48,530] [INFO] [runner_train_mujoco] Average state value: 0.5115428003681204
[2022-11-24 13:06:48,530] [INFO] [controller] ITERATION NUM: 54
[2022-11-24 13:06:48,613] [INFO] [controller] EPOCH 1 loss ppo:  -0.01349, loss val: 0.04132
[2022-11-24 13:06:48,674] [INFO] [controller] EPOCH 2 loss ppo:  -0.01837, loss val: 0.04090
[2022-11-24 13:06:48,745] [INFO] [controller] EPOCH 3 loss ppo:  -0.02488, loss val: 0.04065
[2022-11-24 13:06:48,803] [INFO] [controller] EPOCH 4 loss ppo:  -0.03186, loss val: 0.04081
[2022-11-24 13:06:48,812] [INFO] [runner_train_mujoco] Finished batch.
[2022-11-24 13:06:48,896] [INFO] [runner_train_mujoco] Starting simulation batch with mujoco.
[2022-11-24 13:06:48,897] [INFO] [runner_train_mujoco] Environment 0
[2022-11-24 13:06:54,840] [INFO] [runner_train_mujoco] Environment 1
[2022-11-24 13:07:00,259] [INFO] [runner_train_mujoco] Environment 2
[2022-11-24 13:07:05,962] [INFO] [runner_train_mujoco] Environment 3
[2022-11-24 13:07:11,592] [INFO] [runner_train_mujoco] Environment 4
[2022-11-24 13:07:17,148] [INFO] [runner_train_mujoco] Environment 5
[2022-11-24 13:07:23,134] [INFO] [runner_train_mujoco] Environment 6
[2022-11-24 13:07:29,720] [INFO] [runner_train_mujoco] Environment 7
[2022-11-24 13:07:35,445] [INFO] [runner_train_mujoco] Environment 8
[2022-11-24 13:07:41,476] [INFO] [runner_train_mujoco] Environment 9
[2022-11-24 13:07:47,724] [INFO] [runner_train_mujoco] Average cumulative reward after 150 steps: 3.621505872785442
[2022-11-24 13:07:47,724] [INFO] [runner_train_mujoco] Average state value: 0.48643557868401216
[2022-11-24 13:07:47,724] [INFO] [controller] ITERATION NUM: 55
[2022-11-24 13:07:47,782] [INFO] [controller] EPOCH 1 loss ppo:  -0.01341, loss val: 0.05800
[2022-11-24 13:07:47,830] [INFO] [controller] EPOCH 2 loss ppo:  -0.01757, loss val: 0.05602
[2022-11-24 13:07:47,875] [INFO] [controller] EPOCH 3 loss ppo:  -0.02378, loss val: 0.05744
[2022-11-24 13:07:47,923] [INFO] [controller] EPOCH 4 loss ppo:  -0.03034, loss val: 0.05685
[2022-11-24 13:07:47,932] [INFO] [runner_train_mujoco] Finished batch.
[2022-11-24 13:07:48,000] [INFO] [runner_train_mujoco] Starting simulation batch with mujoco.
[2022-11-24 13:07:48,001] [INFO] [runner_train_mujoco] Environment 0
[2022-11-24 13:07:53,848] [INFO] [runner_train_mujoco] Environment 1
[2022-11-24 13:08:00,205] [INFO] [runner_train_mujoco] Environment 2
[2022-11-24 13:08:07,219] [INFO] [runner_train_mujoco] Environment 3
[2022-11-24 13:08:14,057] [INFO] [runner_train_mujoco] Environment 4
[2022-11-24 13:08:20,650] [INFO] [runner_train_mujoco] Environment 5
[2022-11-24 13:08:26,188] [INFO] [runner_train_mujoco] Environment 6
[2022-11-24 13:08:31,869] [INFO] [runner_train_mujoco] Environment 7
[2022-11-24 13:08:37,640] [INFO] [runner_train_mujoco] Environment 8
[2022-11-24 13:08:43,419] [INFO] [runner_train_mujoco] Environment 9
[2022-11-24 13:08:49,415] [INFO] [runner_train_mujoco] Average cumulative reward after 150 steps: 3.2161744927616405
[2022-11-24 13:08:49,415] [INFO] [runner_train_mujoco] Average state value: 0.44405425812179844
[2022-11-24 13:08:49,415] [INFO] [controller] ITERATION NUM: 56
[2022-11-24 13:08:49,495] [INFO] [controller] EPOCH 1 loss ppo:  -0.01328, loss val: 0.08008
[2022-11-24 13:08:49,602] [INFO] [controller] EPOCH 2 loss ppo:  -0.01641, loss val: 0.07866
[2022-11-24 13:08:49,655] [INFO] [controller] EPOCH 3 loss ppo:  -0.02096, loss val: 0.07863
[2022-11-24 13:08:49,709] [INFO] [controller] EPOCH 4 loss ppo:  -0.02660, loss val: 0.07934
[2022-11-24 13:08:49,720] [INFO] [runner_train_mujoco] Finished batch.
[2022-11-24 13:08:49,794] [INFO] [runner_train_mujoco] Starting simulation batch with mujoco.
[2022-11-24 13:08:49,794] [INFO] [runner_train_mujoco] Environment 0
[2022-11-24 13:08:56,013] [INFO] [runner_train_mujoco] Environment 1
[2022-11-24 13:09:02,292] [INFO] [runner_train_mujoco] Environment 2
[2022-11-24 13:09:08,238] [INFO] [runner_train_mujoco] Environment 3
[2022-11-24 13:09:13,984] [INFO] [runner_train_mujoco] Environment 4
[2022-11-24 13:09:19,722] [INFO] [runner_train_mujoco] Environment 5
[2022-11-24 13:09:25,571] [INFO] [runner_train_mujoco] Environment 6
[2022-11-24 13:09:31,234] [INFO] [runner_train_mujoco] Environment 7
[2022-11-24 13:09:37,290] [INFO] [runner_train_mujoco] Environment 8
[2022-11-24 13:09:43,246] [INFO] [runner_train_mujoco] Environment 9
[2022-11-24 13:09:49,277] [INFO] [runner_train_mujoco] Average cumulative reward after 150 steps: 3.159391879131589
[2022-11-24 13:09:49,277] [INFO] [runner_train_mujoco] Average state value: 0.4486371478078266
[2022-11-24 13:09:49,277] [INFO] [controller] ITERATION NUM: 57
[2022-11-24 13:09:49,334] [INFO] [controller] EPOCH 1 loss ppo:  -0.01299, loss val: 0.08268
[2022-11-24 13:09:49,386] [INFO] [controller] EPOCH 2 loss ppo:  -0.01474, loss val: 0.08133
[2022-11-24 13:09:49,439] [INFO] [controller] EPOCH 3 loss ppo:  -0.01767, loss val: 0.08225
[2022-11-24 13:09:49,488] [INFO] [controller] EPOCH 4 loss ppo:  -0.02178, loss val: 0.08111
[2022-11-24 13:09:49,498] [INFO] [runner_train_mujoco] Finished batch.
[2022-11-24 13:09:49,566] [INFO] [runner_train_mujoco] Starting simulation batch with mujoco.
[2022-11-24 13:09:49,567] [INFO] [runner_train_mujoco] Environment 0
[2022-11-24 13:09:55,421] [INFO] [runner_train_mujoco] Environment 1
[2022-11-24 13:10:01,330] [INFO] [runner_train_mujoco] Environment 2
[2022-11-24 13:10:07,326] [INFO] [runner_train_mujoco] Environment 3
[2022-11-24 13:10:13,452] [INFO] [runner_train_mujoco] Environment 4
[2022-11-24 13:10:19,618] [INFO] [runner_train_mujoco] Environment 5
[2022-11-24 13:10:25,754] [INFO] [runner_train_mujoco] Environment 6
[2022-11-24 13:10:31,283] [INFO] [runner_train_mujoco] Environment 7
[2022-11-24 13:10:36,860] [INFO] [runner_train_mujoco] Environment 8
[2022-11-24 13:10:42,483] [INFO] [runner_train_mujoco] Environment 9
[2022-11-24 13:10:48,583] [INFO] [runner_train_mujoco] Average cumulative reward after 150 steps: 4.087964847041984
[2022-11-24 13:10:48,583] [INFO] [runner_train_mujoco] Average state value: 0.4704574976352355
[2022-11-24 13:10:48,584] [INFO] [controller] ITERATION NUM: 58
[2022-11-24 13:10:48,643] [INFO] [controller] EPOCH 1 loss ppo:  -0.01339, loss val: 0.05149
[2022-11-24 13:10:48,688] [INFO] [controller] EPOCH 2 loss ppo:  -0.01468, loss val: 0.05073
[2022-11-24 13:10:48,739] [INFO] [controller] EPOCH 3 loss ppo:  -0.01683, loss val: 0.05056
[2022-11-24 13:10:48,785] [INFO] [controller] EPOCH 4 loss ppo:  -0.01946, loss val: 0.05139
[2022-11-24 13:10:48,801] [INFO] [runner_train_mujoco] Finished batch.
[2022-11-24 13:10:48,810] [INFO] [optimize] Finished learning.
