[2022-11-23 19:18:02,898] [INFO] [optimize] Starting learning
[2022-11-23 19:18:02,921] [INFO] [optimize] Starting learning process..
[2022-11-23 19:18:03,084] [INFO] [runner_train_mujoco] Starting simulation batch with mujoco.
[2022-11-23 19:18:03,085] [INFO] [runner_train_mujoco] Environment 0
[2022-11-23 19:18:15,523] [INFO] [runner_train_mujoco] Environment 1
[2022-11-23 19:18:26,880] [INFO] [runner_train_mujoco] Environment 2
[2022-11-23 19:18:37,790] [INFO] [runner_train_mujoco] Environment 3
[2022-11-23 19:18:48,468] [INFO] [runner_train_mujoco] Environment 4
[2022-11-23 19:18:59,508] [INFO] [runner_train_mujoco] Environment 5
[2022-11-23 19:19:10,414] [INFO] [runner_train_mujoco] Environment 6
[2022-11-23 19:19:20,836] [INFO] [runner_train_mujoco] Environment 7
[2022-11-23 19:19:31,975] [INFO] [runner_train_mujoco] Environment 8
[2022-11-23 19:19:43,164] [INFO] [runner_train_mujoco] Environment 9
[2022-11-23 19:19:53,680] [INFO] [runner_train_mujoco] Average cumulative reward after 150 steps: 0.4309536521996432
[2022-11-23 19:19:53,680] [INFO] [runner_train_mujoco] Average state value: -0.12743493381639323
[2022-11-23 19:19:53,681] [INFO] [controller] ITERATION NUM: 1
[2022-11-23 19:19:53,761] [INFO] [controller] EPOCH 1 loss ppo:  -0.01534, loss val: 0.61582
[2022-11-23 19:19:53,821] [INFO] [controller] EPOCH 2 loss ppo:  -0.05539, loss val: 0.54673
[2022-11-23 19:19:53,884] [INFO] [controller] EPOCH 3 loss ppo:  -0.06932, loss val: 0.48772
[2022-11-23 19:19:54,029] [INFO] [controller] EPOCH 4 loss ppo:  -0.08196, loss val: 0.43451
[2022-11-23 19:19:54,056] [INFO] [runner_train_mujoco] Finished batch.
[2022-11-23 19:19:54,184] [INFO] [runner_train_mujoco] Starting simulation batch with mujoco.
[2022-11-23 19:19:54,185] [INFO] [runner_train_mujoco] Environment 0
[2022-11-23 19:20:05,229] [INFO] [runner_train_mujoco] Environment 1
[2022-11-23 19:20:15,725] [INFO] [runner_train_mujoco] Environment 2
[2022-11-23 19:20:26,616] [INFO] [runner_train_mujoco] Environment 3
[2022-11-23 19:20:37,690] [INFO] [runner_train_mujoco] Environment 4
[2022-11-23 19:20:48,829] [INFO] [runner_train_mujoco] Environment 5
[2022-11-23 19:20:59,616] [INFO] [runner_train_mujoco] Environment 6
[2022-11-23 19:21:11,063] [INFO] [runner_train_mujoco] Environment 7
[2022-11-23 19:21:22,225] [INFO] [runner_train_mujoco] Environment 8
[2022-11-23 19:21:33,003] [INFO] [runner_train_mujoco] Environment 9
[2022-11-23 19:21:44,080] [INFO] [runner_train_mujoco] Average cumulative reward after 150 steps: 0.6481205432109519
[2022-11-23 19:21:44,080] [INFO] [runner_train_mujoco] Average state value: 0.055884270035972204
[2022-11-23 19:21:44,080] [INFO] [controller] ITERATION NUM: 2
[2022-11-23 19:21:44,151] [INFO] [controller] EPOCH 1 loss ppo:  -0.01439, loss val: 0.35621
[2022-11-23 19:21:44,213] [INFO] [controller] EPOCH 2 loss ppo:  -0.04862, loss val: 0.31409
[2022-11-23 19:21:44,274] [INFO] [controller] EPOCH 3 loss ppo:  -0.06872, loss val: 0.27961
[2022-11-23 19:21:44,347] [INFO] [controller] EPOCH 4 loss ppo:  -0.08026, loss val: 0.24791
[2022-11-23 19:21:44,362] [INFO] [runner_train_mujoco] Finished batch.
[2022-11-23 19:21:44,504] [INFO] [runner_train_mujoco] Starting simulation batch with mujoco.
[2022-11-23 19:21:44,505] [INFO] [runner_train_mujoco] Environment 0
[2022-11-23 19:21:55,643] [INFO] [runner_train_mujoco] Environment 1
[2022-11-23 19:22:06,673] [INFO] [runner_train_mujoco] Environment 2
[2022-11-23 19:22:17,741] [INFO] [runner_train_mujoco] Environment 3
[2022-11-23 19:22:29,072] [INFO] [runner_train_mujoco] Environment 4
[2022-11-23 19:22:40,159] [INFO] [runner_train_mujoco] Environment 5
[2022-11-23 19:22:50,920] [INFO] [runner_train_mujoco] Environment 6
[2022-11-23 19:23:01,811] [INFO] [runner_train_mujoco] Environment 7
[2022-11-23 19:23:13,039] [INFO] [runner_train_mujoco] Environment 8
[2022-11-23 19:23:23,589] [INFO] [runner_train_mujoco] Environment 9
[2022-11-23 19:23:35,125] [INFO] [runner_train_mujoco] Average cumulative reward after 150 steps: 0.4618245775096426
[2022-11-23 19:23:35,125] [INFO] [runner_train_mujoco] Average state value: 0.23133767530818777
[2022-11-23 19:23:35,126] [INFO] [controller] ITERATION NUM: 3
[2022-11-23 19:23:35,213] [INFO] [controller] EPOCH 1 loss ppo:  -0.01350, loss val: 0.19553
[2022-11-23 19:23:35,282] [INFO] [controller] EPOCH 2 loss ppo:  -0.05185, loss val: 0.17422
[2022-11-23 19:23:35,341] [INFO] [controller] EPOCH 3 loss ppo:  -0.07041, loss val: 0.14943
[2022-11-23 19:23:35,407] [INFO] [controller] EPOCH 4 loss ppo:  -0.08036, loss val: 0.13293
[2022-11-23 19:23:35,421] [INFO] [runner_train_mujoco] Finished batch.
[2022-11-23 19:23:35,578] [INFO] [runner_train_mujoco] Starting simulation batch with mujoco.
[2022-11-23 19:23:35,578] [INFO] [runner_train_mujoco] Environment 0
[2022-11-23 19:23:47,439] [INFO] [runner_train_mujoco] Environment 1
[2022-11-23 19:23:58,134] [INFO] [runner_train_mujoco] Environment 2
[2022-11-23 19:24:09,663] [INFO] [runner_train_mujoco] Environment 3
[2022-11-23 19:24:20,957] [INFO] [runner_train_mujoco] Environment 4
[2022-11-23 19:24:31,988] [INFO] [runner_train_mujoco] Environment 5
[2022-11-23 19:24:43,516] [INFO] [runner_train_mujoco] Environment 6
[2022-11-23 19:24:53,816] [INFO] [runner_train_mujoco] Environment 7
[2022-11-23 19:25:03,785] [INFO] [runner_train_mujoco] Environment 8
[2022-11-23 19:25:13,673] [INFO] [runner_train_mujoco] Environment 9
[2022-11-23 19:25:22,924] [INFO] [runner_train_mujoco] Average cumulative reward after 150 steps: 0.6766683060603216
[2022-11-23 19:25:22,924] [INFO] [runner_train_mujoco] Average state value: 0.37337338365924855
[2022-11-23 19:25:22,924] [INFO] [controller] ITERATION NUM: 4
[2022-11-23 19:25:22,989] [INFO] [controller] EPOCH 1 loss ppo:  -0.01203, loss val: 0.12262
[2022-11-23 19:25:23,044] [INFO] [controller] EPOCH 2 loss ppo:  -0.04904, loss val: 0.11134
[2022-11-23 19:25:23,106] [INFO] [controller] EPOCH 3 loss ppo:  -0.06685, loss val: 0.10106
[2022-11-23 19:25:23,165] [INFO] [controller] EPOCH 4 loss ppo:  -0.08084, loss val: 0.09687
[2022-11-23 19:25:23,174] [INFO] [runner_train_mujoco] Finished batch.
[2022-11-23 19:25:23,295] [INFO] [runner_train_mujoco] Starting simulation batch with mujoco.
[2022-11-23 19:25:23,296] [INFO] [runner_train_mujoco] Environment 0
[2022-11-23 19:25:33,020] [INFO] [runner_train_mujoco] Environment 1
[2022-11-23 19:25:42,089] [INFO] [runner_train_mujoco] Environment 2
[2022-11-23 19:25:52,069] [INFO] [runner_train_mujoco] Environment 3
[2022-11-23 19:26:01,684] [INFO] [runner_train_mujoco] Environment 4
[2022-11-23 19:26:11,618] [INFO] [runner_train_mujoco] Environment 5
[2022-11-23 19:26:21,448] [INFO] [runner_train_mujoco] Environment 6
[2022-11-23 19:26:31,274] [INFO] [runner_train_mujoco] Environment 7
[2022-11-23 19:26:41,341] [INFO] [runner_train_mujoco] Environment 8
[2022-11-23 19:26:50,776] [INFO] [runner_train_mujoco] Environment 9
[2022-11-23 19:27:00,085] [INFO] [runner_train_mujoco] Average cumulative reward after 150 steps: 0.6144698111352602
[2022-11-23 19:27:00,085] [INFO] [runner_train_mujoco] Average state value: 0.5118159003903469
[2022-11-23 19:27:00,085] [INFO] [controller] ITERATION NUM: 5
[2022-11-23 19:27:00,153] [INFO] [controller] EPOCH 1 loss ppo:  -0.01282, loss val: 0.08731
[2022-11-23 19:27:00,213] [INFO] [controller] EPOCH 2 loss ppo:  -0.04766, loss val: 0.08175
[2022-11-23 19:27:00,272] [INFO] [controller] EPOCH 3 loss ppo:  -0.06474, loss val: 0.07999
[2022-11-23 19:27:00,350] [INFO] [controller] EPOCH 4 loss ppo:  -0.07693, loss val: 0.07350
[2022-11-23 19:27:00,363] [INFO] [runner_train_mujoco] Finished batch.
[2022-11-23 19:27:00,508] [INFO] [runner_train_mujoco] Starting simulation batch with mujoco.
[2022-11-23 19:27:00,508] [INFO] [runner_train_mujoco] Environment 0
[2022-11-23 19:27:10,637] [INFO] [runner_train_mujoco] Environment 1
[2022-11-23 19:27:20,052] [INFO] [runner_train_mujoco] Environment 2
[2022-11-23 19:27:29,879] [INFO] [runner_train_mujoco] Environment 3
[2022-11-23 19:27:39,690] [INFO] [runner_train_mujoco] Environment 4
[2022-11-23 19:27:48,967] [INFO] [runner_train_mujoco] Environment 5
[2022-11-23 19:27:58,301] [INFO] [runner_train_mujoco] Environment 6
[2022-11-23 19:28:08,203] [INFO] [runner_train_mujoco] Environment 7
[2022-11-23 19:28:17,453] [INFO] [runner_train_mujoco] Environment 8
[2022-11-23 19:28:26,481] [INFO] [runner_train_mujoco] Environment 9
[2022-11-23 19:28:35,210] [INFO] [runner_train_mujoco] Average cumulative reward after 150 steps: 0.7096274281779665
[2022-11-23 19:28:35,211] [INFO] [runner_train_mujoco] Average state value: 0.5401842988952994
[2022-11-23 19:28:35,211] [INFO] [controller] ITERATION NUM: 6
[2022-11-23 19:28:35,275] [INFO] [controller] EPOCH 1 loss ppo:  -0.01084, loss val: 0.07110
[2022-11-23 19:28:35,329] [INFO] [controller] EPOCH 2 loss ppo:  -0.04400, loss val: 0.06667
[2022-11-23 19:28:35,386] [INFO] [controller] EPOCH 3 loss ppo:  -0.06183, loss val: 0.06412
[2022-11-23 19:28:35,443] [INFO] [controller] EPOCH 4 loss ppo:  -0.07383, loss val: 0.06255
[2022-11-23 19:28:35,453] [INFO] [runner_train_mujoco] Finished batch.
[2022-11-23 19:28:35,554] [INFO] [runner_train_mujoco] Starting simulation batch with mujoco.
[2022-11-23 19:28:35,555] [INFO] [runner_train_mujoco] Environment 0
[2022-11-23 19:28:44,291] [INFO] [runner_train_mujoco] Environment 1
[2022-11-23 19:28:52,940] [INFO] [runner_train_mujoco] Environment 2
[2022-11-23 19:29:02,950] [INFO] [runner_train_mujoco] Environment 3
[2022-11-23 19:29:11,677] [INFO] [runner_train_mujoco] Environment 4
[2022-11-23 19:29:20,123] [INFO] [runner_train_mujoco] Environment 5
[2022-11-23 19:29:28,733] [INFO] [runner_train_mujoco] Environment 6
[2022-11-23 19:29:37,764] [INFO] [runner_train_mujoco] Environment 7
[2022-11-23 19:29:46,867] [INFO] [runner_train_mujoco] Environment 8
[2022-11-23 19:29:55,176] [INFO] [runner_train_mujoco] Environment 9
[2022-11-23 19:30:03,810] [INFO] [runner_train_mujoco] Average cumulative reward after 150 steps: 0.623395295861722
[2022-11-23 19:30:03,810] [INFO] [runner_train_mujoco] Average state value: 0.5622733627334238
[2022-11-23 19:30:03,810] [INFO] [controller] ITERATION NUM: 7
[2022-11-23 19:30:03,877] [INFO] [controller] EPOCH 1 loss ppo:  -0.00984, loss val: 0.05777
[2022-11-23 19:30:03,921] [INFO] [controller] EPOCH 2 loss ppo:  -0.04331, loss val: 0.05297
[2022-11-23 19:30:03,970] [INFO] [controller] EPOCH 3 loss ppo:  -0.06098, loss val: 0.05513
[2022-11-23 19:30:04,018] [INFO] [controller] EPOCH 4 loss ppo:  -0.07257, loss val: 0.05197
[2022-11-23 19:30:04,030] [INFO] [runner_train_mujoco] Finished batch.
[2022-11-23 19:30:04,129] [INFO] [runner_train_mujoco] Starting simulation batch with mujoco.
[2022-11-23 19:30:04,129] [INFO] [runner_train_mujoco] Environment 0
[2022-11-23 19:30:13,042] [INFO] [runner_train_mujoco] Environment 1
[2022-11-23 19:30:21,802] [INFO] [runner_train_mujoco] Environment 2
[2022-11-23 19:30:31,246] [INFO] [runner_train_mujoco] Environment 3
[2022-11-23 19:30:39,971] [INFO] [runner_train_mujoco] Environment 4
[2022-11-23 19:30:48,419] [INFO] [runner_train_mujoco] Environment 5
[2022-11-23 19:30:56,977] [INFO] [runner_train_mujoco] Environment 6
[2022-11-23 19:31:06,078] [INFO] [runner_train_mujoco] Environment 7
[2022-11-23 19:31:14,231] [INFO] [runner_train_mujoco] Environment 8
[2022-11-23 19:31:22,490] [INFO] [runner_train_mujoco] Environment 9
[2022-11-23 19:31:30,885] [INFO] [runner_train_mujoco] Average cumulative reward after 150 steps: 0.5887059987865253
[2022-11-23 19:31:30,886] [INFO] [runner_train_mujoco] Average state value: 0.5553667291949193
[2022-11-23 19:31:30,886] [INFO] [controller] ITERATION NUM: 8
[2022-11-23 19:31:30,941] [INFO] [controller] EPOCH 1 loss ppo:  -0.01149, loss val: 0.05335
[2022-11-23 19:31:30,978] [INFO] [controller] EPOCH 2 loss ppo:  -0.04528, loss val: 0.05253
[2022-11-23 19:31:31,021] [INFO] [controller] EPOCH 3 loss ppo:  -0.06041, loss val: 0.04951
[2022-11-23 19:31:31,067] [INFO] [controller] EPOCH 4 loss ppo:  -0.07150, loss val: 0.04516
[2022-11-23 19:31:31,075] [INFO] [runner_train_mujoco] Finished batch.
[2022-11-23 19:31:31,171] [INFO] [runner_train_mujoco] Starting simulation batch with mujoco.
[2022-11-23 19:31:31,172] [INFO] [runner_train_mujoco] Environment 0
[2022-11-23 19:31:40,174] [INFO] [runner_train_mujoco] Environment 1
[2022-11-23 19:31:48,598] [INFO] [runner_train_mujoco] Environment 2
[2022-11-23 19:31:57,723] [INFO] [runner_train_mujoco] Environment 3
[2022-11-23 19:32:06,833] [INFO] [runner_train_mujoco] Environment 4
[2022-11-23 19:32:15,399] [INFO] [runner_train_mujoco] Environment 5
[2022-11-23 19:32:24,152] [INFO] [runner_train_mujoco] Environment 6
[2022-11-23 19:32:35,203] [INFO] [runner_train_mujoco] Environment 7
[2022-11-23 21:19:17,909] [INFO] [runner_train_mujoco] Environment 8
[2022-11-23 21:19:32,985] [INFO] [runner_train_mujoco] Environment 9
[2022-11-23 21:19:44,083] [INFO] [runner_train_mujoco] Average cumulative reward after 150 steps: 0.6431897992568151
[2022-11-23 21:19:44,083] [INFO] [runner_train_mujoco] Average state value: 0.5003440460885564
[2022-11-23 21:19:44,083] [INFO] [controller] ITERATION NUM: 9
[2022-11-23 21:19:44,157] [INFO] [controller] EPOCH 1 loss ppo:  -0.01054, loss val: 0.05115
[2022-11-23 21:19:44,225] [INFO] [controller] EPOCH 2 loss ppo:  -0.04528, loss val: 0.05357
[2022-11-23 21:19:44,288] [INFO] [controller] EPOCH 3 loss ppo:  -0.06325, loss val: 0.05058
[2022-11-23 21:19:44,350] [INFO] [controller] EPOCH 4 loss ppo:  -0.07407, loss val: 0.04990
[2022-11-23 21:19:44,362] [INFO] [runner_train_mujoco] Finished batch.
[2022-11-23 21:19:44,485] [INFO] [runner_train_mujoco] Starting simulation batch with mujoco.
[2022-11-23 21:19:44,485] [INFO] [runner_train_mujoco] Environment 0
[2022-11-23 21:19:56,585] [INFO] [runner_train_mujoco] Environment 1
[2022-11-23 21:20:07,492] [INFO] [runner_train_mujoco] Environment 2
[2022-11-23 21:20:18,166] [INFO] [runner_train_mujoco] Environment 3
[2022-11-23 21:20:28,300] [INFO] [runner_train_mujoco] Environment 4
[2022-11-23 21:20:38,409] [INFO] [runner_train_mujoco] Environment 5
[2022-11-23 21:20:49,094] [INFO] [runner_train_mujoco] Environment 6
[2022-11-23 21:20:58,978] [INFO] [runner_train_mujoco] Environment 7
[2022-11-23 21:21:09,488] [INFO] [runner_train_mujoco] Environment 8
[2022-11-23 21:21:21,375] [INFO] [runner_train_mujoco] Environment 9
[2022-11-23 21:21:31,712] [INFO] [runner_train_mujoco] Average cumulative reward after 150 steps: 0.7212252931215497
[2022-11-23 21:21:31,712] [INFO] [runner_train_mujoco] Average state value: 0.4722645769069593
[2022-11-23 21:21:31,712] [INFO] [controller] ITERATION NUM: 10
[2022-11-23 21:21:31,776] [INFO] [controller] EPOCH 1 loss ppo:  -0.01526, loss val: 0.04906
[2022-11-23 21:21:31,836] [INFO] [controller] EPOCH 2 loss ppo:  -0.04619, loss val: 0.04744
[2022-11-23 21:21:31,888] [INFO] [controller] EPOCH 3 loss ppo:  -0.06483, loss val: 0.04601
[2022-11-23 21:21:31,938] [INFO] [controller] EPOCH 4 loss ppo:  -0.07683, loss val: 0.04481
[2022-11-23 21:21:31,950] [INFO] [runner_train_mujoco] Finished batch.
[2022-11-23 21:21:32,070] [INFO] [runner_train_mujoco] Starting simulation batch with mujoco.
[2022-11-23 21:21:32,070] [INFO] [runner_train_mujoco] Environment 0
[2022-11-23 21:21:42,775] [INFO] [runner_train_mujoco] Environment 1
[2022-11-23 21:21:53,789] [INFO] [runner_train_mujoco] Environment 2
[2022-11-23 21:22:04,265] [INFO] [runner_train_mujoco] Environment 3
[2022-11-23 21:22:13,648] [INFO] [runner_train_mujoco] Environment 4
[2022-11-23 21:22:22,780] [INFO] [runner_train_mujoco] Environment 5
[2022-11-23 21:22:31,469] [INFO] [runner_train_mujoco] Environment 6
[2022-11-23 21:22:39,938] [INFO] [runner_train_mujoco] Environment 7
[2022-11-23 21:22:48,442] [INFO] [runner_train_mujoco] Environment 8
[2022-11-23 21:22:56,838] [INFO] [runner_train_mujoco] Environment 9
[2022-11-23 21:23:05,614] [INFO] [runner_train_mujoco] Average cumulative reward after 150 steps: 1.0453146648110896
[2022-11-23 21:23:05,615] [INFO] [runner_train_mujoco] Average state value: 0.5040532492945591
[2022-11-23 21:23:05,615] [INFO] [controller] ITERATION NUM: 11
[2022-11-23 21:23:05,678] [INFO] [controller] EPOCH 1 loss ppo:  -0.01380, loss val: 0.05066
[2022-11-23 21:23:05,726] [INFO] [controller] EPOCH 2 loss ppo:  -0.04886, loss val: 0.04960
[2022-11-23 21:23:05,777] [INFO] [controller] EPOCH 3 loss ppo:  -0.06699, loss val: 0.04878
[2022-11-23 21:23:05,829] [INFO] [controller] EPOCH 4 loss ppo:  -0.07800, loss val: 0.04800
[2022-11-23 21:23:05,837] [INFO] [runner_train_mujoco] Finished batch.
[2022-11-23 21:23:05,956] [INFO] [runner_train_mujoco] Starting simulation batch with mujoco.
[2022-11-23 21:23:05,956] [INFO] [runner_train_mujoco] Environment 0
[2022-11-23 21:23:15,026] [INFO] [runner_train_mujoco] Environment 1
[2022-11-23 21:23:23,513] [INFO] [runner_train_mujoco] Environment 2
[2022-11-23 21:23:33,446] [INFO] [runner_train_mujoco] Environment 3
[2022-11-23 21:23:44,456] [INFO] [runner_train_mujoco] Environment 4
[2022-11-23 21:23:54,196] [INFO] [runner_train_mujoco] Environment 5
[2022-11-23 21:24:04,035] [INFO] [runner_train_mujoco] Environment 6
[2022-11-23 21:24:12,525] [INFO] [runner_train_mujoco] Environment 7
[2022-11-23 21:24:21,457] [INFO] [runner_train_mujoco] Environment 8
[2022-11-23 21:24:31,037] [INFO] [runner_train_mujoco] Environment 9
[2022-11-23 21:24:43,244] [INFO] [runner_train_mujoco] Average cumulative reward after 150 steps: 0.9418414069243433
[2022-11-23 21:24:43,244] [INFO] [runner_train_mujoco] Average state value: 0.5568982724547386
[2022-11-23 21:24:43,244] [INFO] [controller] ITERATION NUM: 12
[2022-11-23 21:24:43,341] [INFO] [controller] EPOCH 1 loss ppo:  -0.01229, loss val: 0.04629
[2022-11-23 21:24:43,405] [INFO] [controller] EPOCH 2 loss ppo:  -0.04533, loss val: 0.04511
[2022-11-23 21:24:43,461] [INFO] [controller] EPOCH 3 loss ppo:  -0.06146, loss val: 0.04541
[2022-11-23 21:24:43,524] [INFO] [controller] EPOCH 4 loss ppo:  -0.07674, loss val: 0.04474
[2022-11-23 21:24:43,541] [INFO] [runner_train_mujoco] Finished batch.
[2022-11-23 21:24:43,666] [INFO] [runner_train_mujoco] Starting simulation batch with mujoco.
[2022-11-23 21:24:43,666] [INFO] [runner_train_mujoco] Environment 0
[2022-11-23 21:24:54,071] [INFO] [runner_train_mujoco] Environment 1
[2022-11-23 21:25:04,243] [INFO] [runner_train_mujoco] Environment 2
[2022-11-23 21:25:13,937] [INFO] [runner_train_mujoco] Environment 3
[2022-11-23 21:25:22,985] [INFO] [runner_train_mujoco] Environment 4
[2022-11-23 21:25:31,782] [INFO] [runner_train_mujoco] Environment 5
[2022-11-23 21:25:40,603] [INFO] [runner_train_mujoco] Environment 6
[2022-11-23 21:25:49,112] [INFO] [runner_train_mujoco] Environment 7
[2022-11-23 21:25:59,289] [INFO] [runner_train_mujoco] Environment 8
[2022-11-23 21:26:08,560] [INFO] [runner_train_mujoco] Environment 9
[2022-11-23 21:26:17,553] [INFO] [runner_train_mujoco] Average cumulative reward after 150 steps: 0.7176626694243774
[2022-11-23 21:26:17,554] [INFO] [runner_train_mujoco] Average state value: 0.5457339417934418
[2022-11-23 21:26:17,554] [INFO] [controller] ITERATION NUM: 13
[2022-11-23 21:26:17,612] [INFO] [controller] EPOCH 1 loss ppo:  -0.00971, loss val: 0.04455
[2022-11-23 21:26:17,662] [INFO] [controller] EPOCH 2 loss ppo:  -0.03664, loss val: 0.04060
[2022-11-23 21:26:17,714] [INFO] [controller] EPOCH 3 loss ppo:  -0.05526, loss val: 0.03968
[2022-11-23 21:26:17,767] [INFO] [controller] EPOCH 4 loss ppo:  -0.07007, loss val: 0.03942
[2022-11-23 21:26:17,779] [INFO] [runner_train_mujoco] Finished batch.
[2022-11-23 21:26:17,898] [INFO] [runner_train_mujoco] Starting simulation batch with mujoco.
[2022-11-23 21:26:17,898] [INFO] [runner_train_mujoco] Environment 0
[2022-11-23 21:26:27,321] [INFO] [runner_train_mujoco] Environment 1
[2022-11-23 21:26:35,770] [INFO] [runner_train_mujoco] Environment 2
[2022-11-23 21:26:44,532] [INFO] [runner_train_mujoco] Environment 3
[2022-11-23 21:26:53,302] [INFO] [runner_train_mujoco] Environment 4
[2022-11-23 21:27:02,430] [INFO] [runner_train_mujoco] Environment 5
[2022-11-23 21:27:12,002] [INFO] [runner_train_mujoco] Environment 6
[2022-11-23 21:27:20,473] [INFO] [runner_train_mujoco] Environment 7
[2022-11-23 21:27:30,708] [INFO] [runner_train_mujoco] Environment 8
[2022-11-23 21:27:39,879] [INFO] [runner_train_mujoco] Environment 9
[2022-11-23 21:27:49,653] [INFO] [runner_train_mujoco] Average cumulative reward after 150 steps: 0.8531107606769466
[2022-11-23 21:27:49,653] [INFO] [runner_train_mujoco] Average state value: 0.5001513107617697
[2022-11-23 21:27:49,654] [INFO] [controller] ITERATION NUM: 14
[2022-11-23 21:27:49,721] [INFO] [controller] EPOCH 1 loss ppo:  -0.01170, loss val: 0.04870
[2022-11-23 21:27:49,773] [INFO] [controller] EPOCH 2 loss ppo:  -0.04080, loss val: 0.04510
[2022-11-23 21:27:49,913] [INFO] [controller] EPOCH 3 loss ppo:  -0.05987, loss val: 0.04665
[2022-11-23 21:27:49,969] [INFO] [controller] EPOCH 4 loss ppo:  -0.07308, loss val: 0.04612
[2022-11-23 21:27:49,980] [INFO] [runner_train_mujoco] Finished batch.
[2022-11-23 21:27:50,080] [INFO] [runner_train_mujoco] Starting simulation batch with mujoco.
[2022-11-23 21:27:50,081] [INFO] [runner_train_mujoco] Environment 0
[2022-11-23 21:28:00,295] [INFO] [runner_train_mujoco] Environment 1
[2022-11-23 21:28:09,559] [INFO] [runner_train_mujoco] Environment 2
[2022-11-23 21:28:18,546] [INFO] [runner_train_mujoco] Environment 3
[2022-11-23 21:28:28,185] [INFO] [runner_train_mujoco] Environment 4
[2022-11-23 21:28:37,127] [INFO] [runner_train_mujoco] Environment 5
[2022-11-23 21:28:46,064] [INFO] [runner_train_mujoco] Environment 6
[2022-11-23 21:28:54,761] [INFO] [runner_train_mujoco] Environment 7
[2022-11-23 21:29:03,651] [INFO] [runner_train_mujoco] Environment 8
[2022-11-23 21:29:12,531] [INFO] [runner_train_mujoco] Environment 9
[2022-11-23 21:29:21,256] [INFO] [runner_train_mujoco] Average cumulative reward after 150 steps: 0.9083278772026379
[2022-11-23 21:29:21,256] [INFO] [runner_train_mujoco] Average state value: 0.46608476823568346
[2022-11-23 21:29:21,256] [INFO] [controller] ITERATION NUM: 15
[2022-11-23 21:29:21,314] [INFO] [controller] EPOCH 1 loss ppo:  -0.01166, loss val: 0.04640
[2022-11-23 21:29:21,367] [INFO] [controller] EPOCH 2 loss ppo:  -0.04438, loss val: 0.04149
[2022-11-23 21:29:21,411] [INFO] [controller] EPOCH 3 loss ppo:  -0.06412, loss val: 0.04089
[2022-11-23 21:29:21,459] [INFO] [controller] EPOCH 4 loss ppo:  -0.07527, loss val: 0.04166
[2022-11-23 21:29:21,471] [INFO] [runner_train_mujoco] Finished batch.
[2022-11-23 21:29:21,583] [INFO] [runner_train_mujoco] Starting simulation batch with mujoco.
[2022-11-23 21:29:21,583] [INFO] [runner_train_mujoco] Environment 0
[2022-11-23 21:29:31,007] [INFO] [runner_train_mujoco] Environment 1
[2022-11-23 21:29:41,886] [INFO] [runner_train_mujoco] Environment 2
[2022-11-23 21:29:52,966] [INFO] [runner_train_mujoco] Environment 3
[2022-11-23 21:30:05,310] [INFO] [runner_train_mujoco] Environment 4
[2022-11-23 21:30:21,312] [INFO] [runner_train_mujoco] Environment 5
[2022-11-23 21:30:33,694] [INFO] [runner_train_mujoco] Environment 6
[2022-11-23 21:30:44,519] [INFO] [runner_train_mujoco] Environment 7
[2022-11-23 21:30:55,520] [INFO] [runner_train_mujoco] Environment 8
[2022-11-23 21:31:08,028] [INFO] [runner_train_mujoco] Environment 9
[2022-11-23 21:31:21,278] [INFO] [runner_train_mujoco] Average cumulative reward after 150 steps: 1.1680324854426958
[2022-11-23 21:31:21,278] [INFO] [runner_train_mujoco] Average state value: 0.5025451027353605
[2022-11-23 21:31:21,278] [INFO] [controller] ITERATION NUM: 16
[2022-11-23 21:31:21,381] [INFO] [controller] EPOCH 1 loss ppo:  -0.01231, loss val: 0.04442
[2022-11-23 21:31:21,452] [INFO] [controller] EPOCH 2 loss ppo:  -0.04430, loss val: 0.04369
[2022-11-23 21:31:21,523] [INFO] [controller] EPOCH 3 loss ppo:  -0.06578, loss val: 0.04365
[2022-11-23 21:31:21,587] [INFO] [controller] EPOCH 4 loss ppo:  -0.07688, loss val: 0.04446
[2022-11-23 21:31:21,598] [INFO] [runner_train_mujoco] Finished batch.
[2022-11-23 21:31:21,754] [INFO] [runner_train_mujoco] Starting simulation batch with mujoco.
[2022-11-23 21:31:21,755] [INFO] [runner_train_mujoco] Environment 0
[2022-11-23 21:31:34,374] [INFO] [runner_train_mujoco] Environment 1
[2022-11-23 21:31:48,735] [INFO] [runner_train_mujoco] Environment 2
[2022-11-23 21:32:02,083] [INFO] [runner_train_mujoco] Environment 3
[2022-11-23 21:32:14,814] [INFO] [runner_train_mujoco] Environment 4
[2022-11-23 21:32:26,255] [INFO] [runner_train_mujoco] Environment 5
[2022-11-23 21:32:37,049] [INFO] [runner_train_mujoco] Environment 6
[2022-11-23 21:32:47,922] [INFO] [runner_train_mujoco] Environment 7
[2022-11-23 21:32:59,322] [INFO] [runner_train_mujoco] Environment 8
[2022-11-23 21:33:10,156] [INFO] [runner_train_mujoco] Environment 9
[2022-11-23 21:33:18,899] [INFO] [runner_train_mujoco] Average cumulative reward after 150 steps: 1.1051571066594903
[2022-11-23 21:33:18,899] [INFO] [runner_train_mujoco] Average state value: 0.5285653270085653
[2022-11-23 21:33:18,899] [INFO] [controller] ITERATION NUM: 17
[2022-11-23 21:33:18,961] [INFO] [controller] EPOCH 1 loss ppo:  -0.01156, loss val: 0.03632
[2022-11-23 21:33:19,026] [INFO] [controller] EPOCH 2 loss ppo:  -0.03961, loss val: 0.03660
[2022-11-23 21:33:19,086] [INFO] [controller] EPOCH 3 loss ppo:  -0.05655, loss val: 0.03595
[2022-11-23 21:33:19,143] [INFO] [controller] EPOCH 4 loss ppo:  -0.06949, loss val: 0.03691
[2022-11-23 21:33:19,157] [INFO] [runner_train_mujoco] Finished batch.
[2022-11-23 21:33:19,301] [INFO] [runner_train_mujoco] Starting simulation batch with mujoco.
[2022-11-23 21:33:19,302] [INFO] [runner_train_mujoco] Environment 0
[2022-11-23 21:33:33,401] [INFO] [runner_train_mujoco] Environment 1
[2022-11-23 21:33:45,598] [INFO] [runner_train_mujoco] Environment 2
[2022-11-23 21:33:57,465] [INFO] [runner_train_mujoco] Environment 3
[2022-11-23 21:34:09,285] [INFO] [runner_train_mujoco] Environment 4
[2022-11-23 21:34:19,586] [INFO] [runner_train_mujoco] Environment 5
[2022-11-23 21:34:31,775] [INFO] [runner_train_mujoco] Environment 6
[2022-11-23 21:34:41,841] [INFO] [runner_train_mujoco] Environment 7
[2022-11-23 21:34:51,553] [INFO] [runner_train_mujoco] Environment 8
[2022-11-23 21:35:02,407] [INFO] [runner_train_mujoco] Environment 9
[2022-11-23 21:35:11,855] [INFO] [runner_train_mujoco] Average cumulative reward after 150 steps: 1.2102449684534358
[2022-11-23 21:35:11,856] [INFO] [runner_train_mujoco] Average state value: 0.5412420555949211
[2022-11-23 21:35:11,856] [INFO] [controller] ITERATION NUM: 18
[2022-11-23 21:35:11,926] [INFO] [controller] EPOCH 1 loss ppo:  -0.01211, loss val: 0.04489
[2022-11-23 21:35:11,983] [INFO] [controller] EPOCH 2 loss ppo:  -0.04343, loss val: 0.04519
[2022-11-23 21:35:12,041] [INFO] [controller] EPOCH 3 loss ppo:  -0.06434, loss val: 0.04471
[2022-11-23 21:35:12,094] [INFO] [controller] EPOCH 4 loss ppo:  -0.07527, loss val: 0.04472
[2022-11-23 21:35:12,106] [INFO] [runner_train_mujoco] Finished batch.
[2022-11-23 21:35:12,222] [INFO] [runner_train_mujoco] Starting simulation batch with mujoco.
[2022-11-23 21:35:12,223] [INFO] [runner_train_mujoco] Environment 0
[2022-11-23 21:35:22,207] [INFO] [runner_train_mujoco] Environment 1
[2022-11-23 21:35:32,051] [INFO] [runner_train_mujoco] Environment 2
[2022-11-23 21:35:40,985] [INFO] [runner_train_mujoco] Environment 3
[2022-11-23 21:35:50,290] [INFO] [runner_train_mujoco] Environment 4
[2022-11-23 21:36:00,053] [INFO] [runner_train_mujoco] Environment 5
[2022-11-23 21:36:10,808] [INFO] [runner_train_mujoco] Environment 6
[2022-11-23 21:36:24,785] [INFO] [runner_train_mujoco] Environment 7
[2022-11-23 21:36:40,727] [INFO] [runner_train_mujoco] Environment 8
[2022-11-23 21:36:52,090] [INFO] [runner_train_mujoco] Environment 9
[2022-11-23 21:37:03,207] [INFO] [runner_train_mujoco] Average cumulative reward after 150 steps: 1.3108606637215026
[2022-11-23 21:37:03,207] [INFO] [runner_train_mujoco] Average state value: 0.5391610543727875
[2022-11-23 21:37:03,207] [INFO] [controller] ITERATION NUM: 19
[2022-11-23 21:37:03,287] [INFO] [controller] EPOCH 1 loss ppo:  -0.01245, loss val: 0.04158
[2022-11-23 21:37:03,363] [INFO] [controller] EPOCH 2 loss ppo:  -0.04138, loss val: 0.04084
[2022-11-23 21:37:03,425] [INFO] [controller] EPOCH 3 loss ppo:  -0.05753, loss val: 0.04027
[2022-11-23 21:37:03,483] [INFO] [controller] EPOCH 4 loss ppo:  -0.07223, loss val: 0.04064
[2022-11-23 21:37:03,495] [INFO] [runner_train_mujoco] Finished batch.
[2022-11-23 21:37:03,623] [INFO] [runner_train_mujoco] Starting simulation batch with mujoco.
[2022-11-23 21:37:03,624] [INFO] [runner_train_mujoco] Environment 0
[2022-11-23 21:37:14,771] [INFO] [runner_train_mujoco] Environment 1
[2022-11-23 21:37:25,387] [INFO] [runner_train_mujoco] Environment 2
[2022-11-23 21:37:36,533] [INFO] [runner_train_mujoco] Environment 3
[2022-11-23 21:37:48,469] [INFO] [runner_train_mujoco] Environment 4
[2022-11-23 21:37:59,251] [INFO] [runner_train_mujoco] Environment 5
[2022-11-23 21:38:11,454] [INFO] [runner_train_mujoco] Environment 6
[2022-11-23 21:38:24,526] [INFO] [runner_train_mujoco] Environment 7
[2022-11-23 21:38:34,027] [INFO] [runner_train_mujoco] Environment 8
[2022-11-23 21:38:44,372] [INFO] [runner_train_mujoco] Environment 9
[2022-11-23 21:38:54,450] [INFO] [runner_train_mujoco] Average cumulative reward after 150 steps: 1.6177039371815103
[2022-11-23 21:38:54,450] [INFO] [runner_train_mujoco] Average state value: 0.5148639608422915
[2022-11-23 21:38:54,450] [INFO] [controller] ITERATION NUM: 20
[2022-11-23 21:38:54,594] [INFO] [controller] EPOCH 1 loss ppo:  -0.01535, loss val: 0.04362
[2022-11-23 21:38:54,672] [INFO] [controller] EPOCH 2 loss ppo:  -0.03633, loss val: 0.04381
[2022-11-23 21:38:54,827] [INFO] [controller] EPOCH 3 loss ppo:  -0.05723, loss val: 0.04206
[2022-11-23 21:38:55,173] [INFO] [controller] EPOCH 4 loss ppo:  -0.07404, loss val: 0.04185
[2022-11-23 21:38:55,195] [INFO] [runner_train_mujoco] Finished batch.
[2022-11-23 21:38:55,368] [INFO] [runner_train_mujoco] Starting simulation batch with mujoco.
[2022-11-23 21:38:55,369] [INFO] [runner_train_mujoco] Environment 0
[2022-11-23 21:39:06,583] [INFO] [runner_train_mujoco] Environment 1
[2022-11-23 21:39:16,165] [INFO] [runner_train_mujoco] Environment 2
[2022-11-23 21:39:25,383] [INFO] [runner_train_mujoco] Environment 3
[2022-11-23 21:39:32,383] [INFO] [runner_train_mujoco] Environment 4
[2022-11-23 21:39:39,024] [INFO] [runner_train_mujoco] Environment 5
[2022-11-23 21:39:45,821] [INFO] [runner_train_mujoco] Environment 6
[2022-11-23 21:39:52,912] [INFO] [runner_train_mujoco] Environment 7
[2022-11-23 21:39:59,438] [INFO] [runner_train_mujoco] Environment 8
[2022-11-23 21:40:06,125] [INFO] [runner_train_mujoco] Environment 9
[2022-11-23 21:40:12,668] [INFO] [runner_train_mujoco] Average cumulative reward after 150 steps: 1.5301090589482647
[2022-11-23 21:40:12,669] [INFO] [runner_train_mujoco] Average state value: 0.47698966935276993
[2022-11-23 21:40:12,669] [INFO] [controller] ITERATION NUM: 21
[2022-11-23 21:40:12,717] [INFO] [controller] EPOCH 1 loss ppo:  -0.01302, loss val: 0.03671
[2022-11-23 21:40:12,758] [INFO] [controller] EPOCH 2 loss ppo:  -0.03393, loss val: 0.03714
[2022-11-23 21:40:12,800] [INFO] [controller] EPOCH 3 loss ppo:  -0.05675, loss val: 0.03624
[2022-11-23 21:40:12,843] [INFO] [controller] EPOCH 4 loss ppo:  -0.07071, loss val: 0.03707
[2022-11-23 21:40:12,852] [INFO] [runner_train_mujoco] Finished batch.
[2022-11-23 21:40:12,943] [INFO] [runner_train_mujoco] Starting simulation batch with mujoco.
[2022-11-23 21:40:12,944] [INFO] [runner_train_mujoco] Environment 0
[2022-11-23 21:40:19,556] [INFO] [runner_train_mujoco] Environment 1
[2022-11-23 21:40:27,095] [INFO] [runner_train_mujoco] Environment 2
[2022-11-23 21:40:34,033] [INFO] [runner_train_mujoco] Environment 3
[2022-11-23 21:40:41,433] [INFO] [runner_train_mujoco] Environment 4
[2022-11-23 21:40:48,520] [INFO] [runner_train_mujoco] Environment 5
[2022-11-23 21:40:56,057] [INFO] [runner_train_mujoco] Environment 6
[2022-11-23 21:41:03,301] [INFO] [runner_train_mujoco] Environment 7
[2022-11-23 21:41:10,019] [INFO] [runner_train_mujoco] Environment 8
[2022-11-23 21:41:16,673] [INFO] [runner_train_mujoco] Environment 9
[2022-11-23 21:41:23,365] [INFO] [runner_train_mujoco] Average cumulative reward after 150 steps: 1.8129038679697047
[2022-11-23 21:41:23,365] [INFO] [runner_train_mujoco] Average state value: 0.47641454692681623
[2022-11-23 21:41:23,366] [INFO] [controller] ITERATION NUM: 22
[2022-11-23 21:41:23,418] [INFO] [controller] EPOCH 1 loss ppo:  -0.01588, loss val: 0.03530
[2022-11-23 21:41:23,458] [INFO] [controller] EPOCH 2 loss ppo:  -0.03955, loss val: 0.03511
[2022-11-23 21:41:23,500] [INFO] [controller] EPOCH 3 loss ppo:  -0.05737, loss val: 0.03307
[2022-11-23 21:41:23,539] [INFO] [controller] EPOCH 4 loss ppo:  -0.07398, loss val: 0.03453
[2022-11-23 21:41:23,550] [INFO] [runner_train_mujoco] Finished batch.
[2022-11-23 21:41:23,634] [INFO] [runner_train_mujoco] Starting simulation batch with mujoco.
[2022-11-23 21:41:23,635] [INFO] [runner_train_mujoco] Environment 0
[2022-11-23 21:41:30,966] [INFO] [runner_train_mujoco] Environment 1
[2022-11-23 21:41:38,515] [INFO] [runner_train_mujoco] Environment 2
[2022-11-23 21:41:45,700] [INFO] [runner_train_mujoco] Environment 3
[2022-11-23 21:41:52,803] [INFO] [runner_train_mujoco] Environment 4
[2022-11-23 21:42:00,122] [INFO] [runner_train_mujoco] Environment 5
[2022-11-23 21:42:07,182] [INFO] [runner_train_mujoco] Environment 6
[2022-11-23 21:42:16,647] [INFO] [runner_train_mujoco] Environment 7
[2022-11-23 21:42:23,530] [INFO] [runner_train_mujoco] Environment 8
[2022-11-23 21:42:30,529] [INFO] [runner_train_mujoco] Environment 9
[2022-11-23 21:42:37,941] [INFO] [runner_train_mujoco] Average cumulative reward after 150 steps: 1.8076990594478288
[2022-11-23 21:42:37,941] [INFO] [runner_train_mujoco] Average state value: 0.5021174857815106
[2022-11-23 21:42:37,941] [INFO] [controller] ITERATION NUM: 23
[2022-11-23 21:42:37,991] [INFO] [controller] EPOCH 1 loss ppo:  -0.01259, loss val: 0.03929
[2022-11-23 21:42:38,033] [INFO] [controller] EPOCH 2 loss ppo:  -0.04158, loss val: 0.03953
[2022-11-23 21:42:38,080] [INFO] [controller] EPOCH 3 loss ppo:  -0.06027, loss val: 0.03854
[2022-11-23 21:42:38,126] [INFO] [controller] EPOCH 4 loss ppo:  -0.07453, loss val: 0.04056
[2022-11-23 21:42:38,134] [INFO] [runner_train_mujoco] Finished batch.
[2022-11-23 21:42:38,228] [INFO] [runner_train_mujoco] Starting simulation batch with mujoco.
[2022-11-23 21:42:38,228] [INFO] [runner_train_mujoco] Environment 0
[2022-11-23 21:42:45,323] [INFO] [runner_train_mujoco] Environment 1
[2022-11-23 21:42:52,730] [INFO] [runner_train_mujoco] Environment 2
[2022-11-23 21:43:01,452] [INFO] [runner_train_mujoco] Environment 3
[2022-11-23 21:43:11,024] [INFO] [runner_train_mujoco] Environment 4
[2022-11-23 21:43:20,197] [INFO] [runner_train_mujoco] Environment 5
[2022-11-23 21:43:28,166] [INFO] [runner_train_mujoco] Environment 6
[2022-11-23 21:43:36,721] [INFO] [runner_train_mujoco] Environment 7
[2022-11-23 21:43:45,532] [INFO] [runner_train_mujoco] Environment 8
[2022-11-23 21:43:53,472] [INFO] [runner_train_mujoco] Environment 9
[2022-11-23 21:44:01,716] [INFO] [runner_train_mujoco] Average cumulative reward after 150 steps: 1.6306607862933173
[2022-11-23 21:44:01,716] [INFO] [runner_train_mujoco] Average state value: 0.5273850246866544
[2022-11-23 21:44:01,716] [INFO] [controller] ITERATION NUM: 24
[2022-11-23 21:44:01,771] [INFO] [controller] EPOCH 1 loss ppo:  -0.01276, loss val: 0.03829
[2022-11-23 21:44:01,820] [INFO] [controller] EPOCH 2 loss ppo:  -0.03972, loss val: 0.03980
[2022-11-23 21:44:01,861] [INFO] [controller] EPOCH 3 loss ppo:  -0.06007, loss val: 0.03652
[2022-11-23 21:44:01,912] [INFO] [controller] EPOCH 4 loss ppo:  -0.07557, loss val: 0.03678
[2022-11-23 21:44:01,920] [INFO] [runner_train_mujoco] Finished batch.
[2022-11-23 21:44:02,015] [INFO] [runner_train_mujoco] Starting simulation batch with mujoco.
[2022-11-23 21:44:02,015] [INFO] [runner_train_mujoco] Environment 0
[2022-11-23 21:44:10,855] [INFO] [runner_train_mujoco] Environment 1
[2022-11-23 21:44:22,782] [INFO] [runner_train_mujoco] Environment 2
[2022-11-23 21:44:31,498] [INFO] [runner_train_mujoco] Environment 3
[2022-11-23 21:44:38,828] [INFO] [runner_train_mujoco] Environment 4
[2022-11-23 21:44:45,903] [INFO] [runner_train_mujoco] Environment 5
[2022-11-23 21:44:52,990] [INFO] [runner_train_mujoco] Environment 6
[2022-11-23 21:45:01,184] [INFO] [runner_train_mujoco] Environment 7
[2022-11-23 21:45:09,139] [INFO] [runner_train_mujoco] Environment 8
[2022-11-23 21:45:17,205] [INFO] [runner_train_mujoco] Environment 9
[2022-11-23 21:45:25,365] [INFO] [runner_train_mujoco] Average cumulative reward after 150 steps: 1.6766161539935236
[2022-11-23 21:45:25,365] [INFO] [runner_train_mujoco] Average state value: 0.5652782326837381
[2022-11-23 21:45:25,365] [INFO] [controller] ITERATION NUM: 25
[2022-11-23 21:45:25,431] [INFO] [controller] EPOCH 1 loss ppo:  -0.01280, loss val: 0.04709
[2022-11-23 21:45:25,479] [INFO] [controller] EPOCH 2 loss ppo:  -0.03871, loss val: 0.04734
[2022-11-23 21:45:25,527] [INFO] [controller] EPOCH 3 loss ppo:  -0.05651, loss val: 0.04495
[2022-11-23 21:45:25,589] [INFO] [controller] EPOCH 4 loss ppo:  -0.06694, loss val: 0.04259
[2022-11-23 21:45:25,596] [INFO] [runner_train_mujoco] Finished batch.
[2022-11-23 21:45:25,698] [INFO] [runner_train_mujoco] Starting simulation batch with mujoco.
[2022-11-23 21:45:25,699] [INFO] [runner_train_mujoco] Environment 0
[2022-11-23 21:45:34,303] [INFO] [runner_train_mujoco] Environment 1
[2022-11-23 21:45:42,828] [INFO] [runner_train_mujoco] Environment 2
[2022-11-23 21:45:51,045] [INFO] [runner_train_mujoco] Environment 3
[2022-11-23 21:45:59,682] [INFO] [runner_train_mujoco] Environment 4
[2022-11-23 21:46:08,378] [INFO] [runner_train_mujoco] Environment 5
[2022-11-23 21:46:16,780] [INFO] [runner_train_mujoco] Environment 6
[2022-11-23 21:46:25,093] [INFO] [runner_train_mujoco] Environment 7
[2022-11-23 21:46:34,291] [INFO] [runner_train_mujoco] Environment 8
[2022-11-23 21:46:44,194] [INFO] [runner_train_mujoco] Environment 9
[2022-11-23 21:46:53,064] [INFO] [runner_train_mujoco] Average cumulative reward after 150 steps: 1.939352522408273
[2022-11-23 21:46:53,065] [INFO] [runner_train_mujoco] Average state value: 0.5288600582977135
[2022-11-23 21:46:53,065] [INFO] [controller] ITERATION NUM: 26
[2022-11-23 21:46:53,158] [INFO] [controller] EPOCH 1 loss ppo:  -0.01384, loss val: 0.04429
[2022-11-23 21:46:53,269] [INFO] [controller] EPOCH 2 loss ppo:  -0.04197, loss val: 0.04026
[2022-11-23 21:46:53,396] [INFO] [controller] EPOCH 3 loss ppo:  -0.06515, loss val: 0.04191
[2022-11-23 21:46:53,485] [INFO] [controller] EPOCH 4 loss ppo:  -0.07802, loss val: 0.04083
[2022-11-23 21:46:53,497] [INFO] [runner_train_mujoco] Finished batch.
[2022-11-23 21:46:53,669] [INFO] [runner_train_mujoco] Starting simulation batch with mujoco.
[2022-11-23 21:46:53,669] [INFO] [runner_train_mujoco] Environment 0
[2022-11-23 21:47:03,709] [INFO] [runner_train_mujoco] Environment 1
[2022-11-23 21:47:12,003] [INFO] [runner_train_mujoco] Environment 2
[2022-11-23 21:47:20,738] [INFO] [runner_train_mujoco] Environment 3
[2022-11-23 21:47:29,307] [INFO] [runner_train_mujoco] Environment 4
[2022-11-23 21:47:38,221] [INFO] [runner_train_mujoco] Environment 5
[2022-11-23 21:47:46,514] [INFO] [runner_train_mujoco] Environment 6
[2022-11-23 21:47:54,356] [INFO] [runner_train_mujoco] Environment 7
[2022-11-23 21:48:01,656] [INFO] [runner_train_mujoco] Environment 8
[2022-11-23 21:48:08,973] [INFO] [runner_train_mujoco] Environment 9
[2022-11-23 21:48:16,382] [INFO] [runner_train_mujoco] Average cumulative reward after 150 steps: 2.1042757897385287
[2022-11-23 21:48:16,382] [INFO] [runner_train_mujoco] Average state value: 0.4253565246425569
[2022-11-23 21:48:16,382] [INFO] [controller] ITERATION NUM: 27
[2022-11-23 21:48:16,435] [INFO] [controller] EPOCH 1 loss ppo:  -0.01477, loss val: 0.07917
[2022-11-23 21:48:16,475] [INFO] [controller] EPOCH 2 loss ppo:  -0.04042, loss val: 0.08730
[2022-11-23 21:48:16,520] [INFO] [controller] EPOCH 3 loss ppo:  -0.05475, loss val: 0.08061
[2022-11-23 21:48:16,559] [INFO] [controller] EPOCH 4 loss ppo:  -0.06772, loss val: 0.07688
[2022-11-23 21:48:16,569] [INFO] [runner_train_mujoco] Finished batch.
[2022-11-23 21:48:16,661] [INFO] [runner_train_mujoco] Starting simulation batch with mujoco.
[2022-11-23 21:48:16,662] [INFO] [runner_train_mujoco] Environment 0
[2022-11-23 21:48:24,725] [INFO] [runner_train_mujoco] Environment 1
[2022-11-23 21:48:32,321] [INFO] [runner_train_mujoco] Environment 2
[2022-11-23 21:48:42,019] [INFO] [runner_train_mujoco] Environment 3
[2022-11-23 21:48:51,242] [INFO] [runner_train_mujoco] Environment 4
[2022-11-23 21:49:00,580] [INFO] [runner_train_mujoco] Environment 5
[2022-11-23 21:49:11,635] [INFO] [runner_train_mujoco] Environment 6
[2022-11-23 21:49:21,565] [INFO] [runner_train_mujoco] Environment 7
[2022-11-23 21:49:31,140] [INFO] [runner_train_mujoco] Environment 8
[2022-11-23 21:49:40,832] [INFO] [runner_train_mujoco] Environment 9
[2022-11-23 21:49:51,280] [INFO] [runner_train_mujoco] Average cumulative reward after 150 steps: 2.3297825011139834
[2022-11-23 21:49:51,280] [INFO] [runner_train_mujoco] Average state value: 0.4699530931611856
[2022-11-23 21:49:51,280] [INFO] [controller] ITERATION NUM: 28
[2022-11-23 21:49:51,377] [INFO] [controller] EPOCH 1 loss ppo:  -0.01268, loss val: 0.03599
[2022-11-23 21:49:51,451] [INFO] [controller] EPOCH 2 loss ppo:  -0.04155, loss val: 0.03500
[2022-11-23 21:49:51,548] [INFO] [controller] EPOCH 3 loss ppo:  -0.06092, loss val: 0.03424
[2022-11-23 21:49:51,617] [INFO] [controller] EPOCH 4 loss ppo:  -0.07506, loss val: 0.03268
[2022-11-23 21:49:51,630] [INFO] [runner_train_mujoco] Finished batch.
[2022-11-23 21:49:51,760] [INFO] [runner_train_mujoco] Starting simulation batch with mujoco.
[2022-11-23 21:49:51,760] [INFO] [runner_train_mujoco] Environment 0
[2022-11-23 21:50:02,881] [INFO] [runner_train_mujoco] Environment 1
[2022-11-23 21:50:12,859] [INFO] [runner_train_mujoco] Environment 2
[2022-11-23 21:50:25,358] [INFO] [runner_train_mujoco] Environment 3
[2022-11-23 21:50:34,858] [INFO] [runner_train_mujoco] Environment 4
[2022-11-23 21:50:48,655] [INFO] [runner_train_mujoco] Environment 5
[2022-11-23 21:51:00,125] [INFO] [runner_train_mujoco] Environment 6
[2022-11-23 21:51:11,415] [INFO] [runner_train_mujoco] Environment 7
[2022-11-23 21:51:25,365] [INFO] [runner_train_mujoco] Environment 8
[2022-11-23 21:51:37,249] [INFO] [runner_train_mujoco] Environment 9
[2022-11-23 21:51:50,259] [INFO] [runner_train_mujoco] Average cumulative reward after 150 steps: 2.5796082612498763
[2022-11-23 21:51:50,260] [INFO] [runner_train_mujoco] Average state value: 0.49677014012138054
[2022-11-23 21:51:50,260] [INFO] [controller] ITERATION NUM: 29
[2022-11-23 21:51:50,341] [INFO] [controller] EPOCH 1 loss ppo:  -0.01367, loss val: 0.04652
[2022-11-23 21:51:50,406] [INFO] [controller] EPOCH 2 loss ppo:  -0.03522, loss val: 0.04288
[2022-11-23 21:51:50,468] [INFO] [controller] EPOCH 3 loss ppo:  -0.05434, loss val: 0.04121
[2022-11-23 21:51:50,546] [INFO] [controller] EPOCH 4 loss ppo:  -0.07229, loss val: 0.04063
[2022-11-23 21:51:50,563] [INFO] [runner_train_mujoco] Finished batch.
[2022-11-23 21:51:50,723] [INFO] [runner_train_mujoco] Starting simulation batch with mujoco.
[2022-11-23 21:51:50,723] [INFO] [runner_train_mujoco] Environment 0
[2022-11-23 21:52:04,457] [INFO] [runner_train_mujoco] Environment 1
[2022-11-23 21:52:19,087] [INFO] [runner_train_mujoco] Environment 2
[2022-11-23 21:52:31,161] [INFO] [runner_train_mujoco] Environment 3
[2022-11-23 21:52:44,671] [INFO] [runner_train_mujoco] Environment 4
[2022-11-23 21:52:57,379] [INFO] [runner_train_mujoco] Environment 5
[2022-11-23 21:53:09,221] [INFO] [runner_train_mujoco] Environment 6
[2022-11-23 21:53:20,787] [INFO] [runner_train_mujoco] Environment 7
[2022-11-23 21:53:32,003] [INFO] [runner_train_mujoco] Environment 8
[2022-11-23 21:53:43,440] [INFO] [runner_train_mujoco] Environment 9
[2022-11-23 21:53:55,282] [INFO] [runner_train_mujoco] Average cumulative reward after 150 steps: 2.7296846620653663
[2022-11-23 21:53:55,283] [INFO] [runner_train_mujoco] Average state value: 0.5575268120765686
[2022-11-23 21:53:55,283] [INFO] [controller] ITERATION NUM: 30
[2022-11-23 21:53:55,366] [INFO] [controller] EPOCH 1 loss ppo:  -0.01392, loss val: 0.05447
[2022-11-23 21:53:55,436] [INFO] [controller] EPOCH 2 loss ppo:  -0.03350, loss val: 0.05253
[2022-11-23 21:53:55,491] [INFO] [controller] EPOCH 3 loss ppo:  -0.04690, loss val: 0.05378
[2022-11-23 21:53:55,565] [INFO] [controller] EPOCH 4 loss ppo:  -0.05869, loss val: 0.05138
[2022-11-23 21:53:55,581] [INFO] [runner_train_mujoco] Finished batch.
[2022-11-23 21:53:55,714] [INFO] [runner_train_mujoco] Starting simulation batch with mujoco.
[2022-11-23 21:53:55,715] [INFO] [runner_train_mujoco] Environment 0
[2022-11-23 21:54:07,618] [INFO] [runner_train_mujoco] Environment 1
[2022-11-23 21:54:19,276] [INFO] [runner_train_mujoco] Environment 2
[2022-11-23 21:54:33,361] [INFO] [runner_train_mujoco] Environment 3
[2022-11-23 21:54:44,190] [INFO] [runner_train_mujoco] Environment 4
[2022-11-23 21:54:54,998] [INFO] [runner_train_mujoco] Environment 5
[2022-11-23 21:55:06,144] [INFO] [runner_train_mujoco] Environment 6
[2022-11-23 21:55:16,715] [INFO] [runner_train_mujoco] Environment 7
[2022-11-23 21:55:29,423] [INFO] [runner_train_mujoco] Environment 8
[2022-11-23 21:55:40,114] [INFO] [runner_train_mujoco] Environment 9
[2022-11-23 21:55:50,597] [INFO] [runner_train_mujoco] Average cumulative reward after 150 steps: 3.060289841892121
[2022-11-23 21:55:50,597] [INFO] [runner_train_mujoco] Average state value: 0.5496929796834786
[2022-11-23 21:55:50,597] [INFO] [controller] ITERATION NUM: 31
[2022-11-23 21:55:50,702] [INFO] [controller] EPOCH 1 loss ppo:  -0.01395, loss val: 0.04934
[2022-11-23 21:55:50,778] [INFO] [controller] EPOCH 2 loss ppo:  -0.03972, loss val: 0.04610
[2022-11-23 21:55:50,955] [INFO] [controller] EPOCH 3 loss ppo:  -0.05878, loss val: 0.04355
[2022-11-23 21:55:51,026] [INFO] [controller] EPOCH 4 loss ppo:  -0.07206, loss val: 0.04124
[2022-11-23 21:55:51,039] [INFO] [runner_train_mujoco] Finished batch.
[2022-11-23 21:55:51,180] [INFO] [runner_train_mujoco] Starting simulation batch with mujoco.
[2022-11-23 21:55:51,181] [INFO] [runner_train_mujoco] Environment 0
[2022-11-23 21:56:02,931] [INFO] [runner_train_mujoco] Environment 1
[2022-11-23 21:56:13,110] [INFO] [runner_train_mujoco] Environment 2
[2022-11-23 21:56:22,951] [INFO] [runner_train_mujoco] Environment 3
[2022-11-23 21:56:33,064] [INFO] [runner_train_mujoco] Environment 4
[2022-11-23 21:56:43,229] [INFO] [runner_train_mujoco] Environment 5
[2022-11-23 21:56:53,892] [INFO] [runner_train_mujoco] Environment 6
[2022-11-23 21:57:02,123] [INFO] [runner_train_mujoco] Environment 7
[2022-11-23 21:57:10,472] [INFO] [runner_train_mujoco] Environment 8
[2022-11-23 21:57:18,644] [INFO] [runner_train_mujoco] Environment 9
[2022-11-23 21:57:27,975] [INFO] [runner_train_mujoco] Average cumulative reward after 150 steps: 3.444603414278113
[2022-11-23 21:57:27,975] [INFO] [runner_train_mujoco] Average state value: 0.4904356357455254
[2022-11-23 21:57:27,975] [INFO] [controller] ITERATION NUM: 32
[2022-11-23 21:57:28,032] [INFO] [controller] EPOCH 1 loss ppo:  -0.01438, loss val: 0.04647
[2022-11-23 21:57:28,076] [INFO] [controller] EPOCH 2 loss ppo:  -0.03777, loss val: 0.04694
[2022-11-23 21:57:28,123] [INFO] [controller] EPOCH 3 loss ppo:  -0.05560, loss val: 0.04872
[2022-11-23 21:57:28,168] [INFO] [controller] EPOCH 4 loss ppo:  -0.07363, loss val: 0.04843
[2022-11-23 21:57:28,178] [INFO] [runner_train_mujoco] Finished batch.
[2022-11-23 21:57:28,266] [INFO] [runner_train_mujoco] Starting simulation batch with mujoco.
[2022-11-23 21:57:28,266] [INFO] [runner_train_mujoco] Environment 0
[2022-11-23 21:57:38,777] [INFO] [runner_train_mujoco] Environment 1
[2022-11-23 21:57:48,687] [INFO] [runner_train_mujoco] Environment 2
[2022-11-23 21:57:58,141] [INFO] [runner_train_mujoco] Environment 3
[2022-11-23 21:58:07,685] [INFO] [runner_train_mujoco] Environment 4
[2022-11-23 21:58:17,336] [INFO] [runner_train_mujoco] Environment 5
[2022-11-23 21:58:27,217] [INFO] [runner_train_mujoco] Environment 6
[2022-11-23 21:58:37,119] [INFO] [runner_train_mujoco] Environment 7
[2022-11-23 21:58:47,488] [INFO] [runner_train_mujoco] Environment 8
[2022-11-23 21:58:57,484] [INFO] [runner_train_mujoco] Environment 9
[2022-11-23 21:59:08,520] [INFO] [runner_train_mujoco] Average cumulative reward after 150 steps: 3.428424859873265
[2022-11-23 21:59:08,520] [INFO] [runner_train_mujoco] Average state value: 0.44259418553610647
[2022-11-23 21:59:08,520] [INFO] [controller] ITERATION NUM: 33
[2022-11-23 21:59:08,587] [INFO] [controller] EPOCH 1 loss ppo:  -0.01370, loss val: 0.05202
[2022-11-23 21:59:08,654] [INFO] [controller] EPOCH 2 loss ppo:  -0.03455, loss val: 0.05239
[2022-11-23 21:59:08,719] [INFO] [controller] EPOCH 3 loss ppo:  -0.05025, loss val: 0.05288
[2022-11-23 21:59:08,779] [INFO] [controller] EPOCH 4 loss ppo:  -0.06450, loss val: 0.04988
[2022-11-23 21:59:08,795] [INFO] [runner_train_mujoco] Finished batch.
[2022-11-23 21:59:08,927] [INFO] [runner_train_mujoco] Starting simulation batch with mujoco.
[2022-11-23 21:59:08,928] [INFO] [runner_train_mujoco] Environment 0
[2022-11-23 21:59:19,917] [INFO] [runner_train_mujoco] Environment 1
[2022-11-23 21:59:29,902] [INFO] [runner_train_mujoco] Environment 2
[2022-11-23 21:59:40,479] [INFO] [runner_train_mujoco] Environment 3
[2022-11-23 21:59:51,066] [INFO] [runner_train_mujoco] Environment 4
[2022-11-23 22:00:04,480] [INFO] [runner_train_mujoco] Environment 5
[2022-11-23 22:00:15,704] [INFO] [runner_train_mujoco] Environment 6
[2022-11-23 22:00:26,797] [INFO] [runner_train_mujoco] Environment 7
[2022-11-23 22:00:37,529] [INFO] [runner_train_mujoco] Environment 8
[2022-11-23 22:00:49,118] [INFO] [runner_train_mujoco] Environment 9
[2022-11-23 22:01:01,200] [INFO] [runner_train_mujoco] Average cumulative reward after 150 steps: 3.584900269358471
[2022-11-23 22:01:01,201] [INFO] [runner_train_mujoco] Average state value: 0.4774214848180612
[2022-11-23 22:01:01,201] [INFO] [controller] ITERATION NUM: 34
[2022-11-23 22:01:01,294] [INFO] [controller] EPOCH 1 loss ppo:  -0.01565, loss val: 0.03303
[2022-11-23 22:01:01,356] [INFO] [controller] EPOCH 2 loss ppo:  -0.03415, loss val: 0.03377
[2022-11-23 22:01:01,436] [INFO] [controller] EPOCH 3 loss ppo:  -0.04860, loss val: 0.03310
[2022-11-23 22:01:01,495] [INFO] [controller] EPOCH 4 loss ppo:  -0.06347, loss val: 0.03374
[2022-11-23 22:01:01,508] [INFO] [runner_train_mujoco] Finished batch.
[2022-11-23 22:01:01,654] [INFO] [runner_train_mujoco] Starting simulation batch with mujoco.
[2022-11-23 22:01:01,656] [INFO] [runner_train_mujoco] Environment 0
[2022-11-23 22:01:14,307] [INFO] [runner_train_mujoco] Environment 1
[2022-11-23 22:01:25,639] [INFO] [runner_train_mujoco] Environment 2
[2022-11-23 22:01:37,531] [INFO] [runner_train_mujoco] Environment 3
[2022-11-23 22:01:49,819] [INFO] [runner_train_mujoco] Environment 4
[2022-11-23 22:02:03,546] [INFO] [runner_train_mujoco] Environment 5
[2022-11-23 22:02:16,110] [INFO] [runner_train_mujoco] Environment 6
[2022-11-23 22:02:28,246] [INFO] [runner_train_mujoco] Environment 7
[2022-11-23 22:02:39,956] [INFO] [runner_train_mujoco] Environment 8
[2022-11-23 22:02:52,326] [INFO] [runner_train_mujoco] Environment 9
[2022-11-23 22:03:04,314] [INFO] [runner_train_mujoco] Average cumulative reward after 150 steps: 4.143118753347347
[2022-11-23 22:03:04,315] [INFO] [runner_train_mujoco] Average state value: 0.48243632469574604
[2022-11-23 22:03:04,315] [INFO] [controller] ITERATION NUM: 35
[2022-11-23 22:03:04,413] [INFO] [controller] EPOCH 1 loss ppo:  -0.01186, loss val: 0.03866
[2022-11-23 22:03:04,475] [INFO] [controller] EPOCH 2 loss ppo:  -0.03431, loss val: 0.03767
[2022-11-23 22:03:04,552] [INFO] [controller] EPOCH 3 loss ppo:  -0.05496, loss val: 0.03832
[2022-11-23 22:03:04,616] [INFO] [controller] EPOCH 4 loss ppo:  -0.06906, loss val: 0.03798
[2022-11-23 22:03:04,628] [INFO] [runner_train_mujoco] Finished batch.
[2022-11-23 22:03:04,840] [INFO] [runner_train_mujoco] Starting simulation batch with mujoco.
[2022-11-23 22:03:04,840] [INFO] [runner_train_mujoco] Environment 0
[2022-11-23 22:03:16,443] [INFO] [runner_train_mujoco] Environment 1
[2022-11-23 22:03:27,994] [INFO] [runner_train_mujoco] Environment 2
[2022-11-23 22:03:38,398] [INFO] [runner_train_mujoco] Environment 3
[2022-11-23 22:03:49,491] [INFO] [runner_train_mujoco] Environment 4
[2022-11-23 22:04:01,931] [INFO] [runner_train_mujoco] Environment 5
[2022-11-23 22:04:13,443] [INFO] [runner_train_mujoco] Environment 6
[2022-11-23 22:04:24,149] [INFO] [runner_train_mujoco] Environment 7
[2022-11-23 22:04:35,268] [INFO] [runner_train_mujoco] Environment 8
[2022-11-23 22:04:45,773] [INFO] [runner_train_mujoco] Environment 9
[2022-11-23 22:04:56,601] [INFO] [runner_train_mujoco] Average cumulative reward after 150 steps: 4.48933298076435
[2022-11-23 22:04:56,601] [INFO] [runner_train_mujoco] Average state value: 0.469491795539856
[2022-11-23 22:04:56,601] [INFO] [controller] ITERATION NUM: 36
[2022-11-23 22:04:56,689] [INFO] [controller] EPOCH 1 loss ppo:  -0.01432, loss val: 0.03519
[2022-11-23 22:04:56,755] [INFO] [controller] EPOCH 2 loss ppo:  -0.03540, loss val: 0.03571
[2022-11-23 22:04:56,816] [INFO] [controller] EPOCH 3 loss ppo:  -0.04831, loss val: 0.03715
[2022-11-23 22:04:56,875] [INFO] [controller] EPOCH 4 loss ppo:  -0.05842, loss val: 0.03435
[2022-11-23 22:04:56,887] [INFO] [runner_train_mujoco] Finished batch.
[2022-11-23 22:04:57,005] [INFO] [runner_train_mujoco] Starting simulation batch with mujoco.
[2022-11-23 22:04:57,006] [INFO] [runner_train_mujoco] Environment 0
[2022-11-23 22:05:08,012] [INFO] [runner_train_mujoco] Environment 1
[2022-11-23 22:05:18,065] [INFO] [runner_train_mujoco] Environment 2
[2022-11-23 22:05:28,481] [INFO] [runner_train_mujoco] Environment 3
[2022-11-23 22:05:38,415] [INFO] [runner_train_mujoco] Environment 4
[2022-11-23 22:05:48,337] [INFO] [runner_train_mujoco] Environment 5
[2022-11-23 22:05:58,794] [INFO] [runner_train_mujoco] Environment 6
[2022-11-23 22:06:08,937] [INFO] [runner_train_mujoco] Environment 7
[2022-11-23 22:06:19,229] [INFO] [runner_train_mujoco] Environment 8
[2022-11-23 22:06:31,427] [INFO] [runner_train_mujoco] Environment 9
[2022-11-23 22:06:42,818] [INFO] [runner_train_mujoco] Average cumulative reward after 150 steps: 4.723958114685585
[2022-11-23 22:06:42,818] [INFO] [runner_train_mujoco] Average state value: 0.4675619530578454
[2022-11-23 22:06:42,819] [INFO] [controller] ITERATION NUM: 37
[2022-11-23 22:06:42,888] [INFO] [controller] EPOCH 1 loss ppo:  -0.01391, loss val: 0.03478
[2022-11-23 22:06:42,947] [INFO] [controller] EPOCH 2 loss ppo:  -0.03149, loss val: 0.03440
[2022-11-23 22:06:43,012] [INFO] [controller] EPOCH 3 loss ppo:  -0.04769, loss val: 0.03379
[2022-11-23 22:06:43,071] [INFO] [controller] EPOCH 4 loss ppo:  -0.06457, loss val: 0.03297
[2022-11-23 22:06:43,082] [INFO] [runner_train_mujoco] Finished batch.
[2022-11-23 22:06:43,206] [INFO] [runner_train_mujoco] Starting simulation batch with mujoco.
[2022-11-23 22:06:43,207] [INFO] [runner_train_mujoco] Environment 0
[2022-11-23 22:06:54,997] [INFO] [runner_train_mujoco] Environment 1
[2022-11-23 22:07:05,811] [INFO] [runner_train_mujoco] Environment 2
[2022-11-23 22:07:18,760] [INFO] [runner_train_mujoco] Environment 3
[2022-11-23 22:07:30,878] [INFO] [runner_train_mujoco] Environment 4
[2022-11-23 22:07:42,823] [INFO] [runner_train_mujoco] Environment 5
[2022-11-23 22:07:54,346] [INFO] [runner_train_mujoco] Environment 6
[2022-11-23 22:08:06,658] [INFO] [runner_train_mujoco] Environment 7
[2022-11-23 22:08:18,285] [INFO] [runner_train_mujoco] Environment 8
[2022-11-23 22:08:29,706] [INFO] [runner_train_mujoco] Environment 9
[2022-11-23 22:08:41,622] [INFO] [runner_train_mujoco] Average cumulative reward after 150 steps: 4.495602742942832
[2022-11-23 22:08:41,623] [INFO] [runner_train_mujoco] Average state value: 0.48387663574020073
[2022-11-23 22:08:41,623] [INFO] [controller] ITERATION NUM: 38
[2022-11-23 22:08:41,745] [INFO] [controller] EPOCH 1 loss ppo:  -0.01512, loss val: 0.03441
[2022-11-23 22:08:41,813] [INFO] [controller] EPOCH 2 loss ppo:  -0.03190, loss val: 0.03444
[2022-11-23 22:08:41,883] [INFO] [controller] EPOCH 3 loss ppo:  -0.04691, loss val: 0.03423
[2022-11-23 22:08:41,948] [INFO] [controller] EPOCH 4 loss ppo:  -0.05857, loss val: 0.03508
[2022-11-23 22:08:41,960] [INFO] [runner_train_mujoco] Finished batch.
[2022-11-23 22:08:42,097] [INFO] [runner_train_mujoco] Starting simulation batch with mujoco.
[2022-11-23 22:08:42,098] [INFO] [runner_train_mujoco] Environment 0
[2022-11-23 22:08:54,623] [INFO] [runner_train_mujoco] Environment 1
[2022-11-23 22:09:06,838] [INFO] [runner_train_mujoco] Environment 2
[2022-11-23 22:09:19,114] [INFO] [runner_train_mujoco] Environment 3
[2022-11-23 22:09:31,472] [INFO] [runner_train_mujoco] Environment 4
[2022-11-23 22:09:42,667] [INFO] [runner_train_mujoco] Environment 5
[2022-11-23 22:09:54,008] [INFO] [runner_train_mujoco] Environment 6
[2022-11-23 22:10:05,677] [INFO] [runner_train_mujoco] Environment 7
[2022-11-23 22:10:17,917] [INFO] [runner_train_mujoco] Environment 8
[2022-11-23 22:10:30,749] [INFO] [runner_train_mujoco] Environment 9
[2022-11-23 22:10:44,020] [INFO] [runner_train_mujoco] Average cumulative reward after 150 steps: 4.828133420842002
[2022-11-23 22:10:44,021] [INFO] [runner_train_mujoco] Average state value: 0.4916757748027643
[2022-11-23 22:10:44,025] [INFO] [controller] ITERATION NUM: 39
[2022-11-23 22:10:44,104] [INFO] [controller] EPOCH 1 loss ppo:  -0.01478, loss val: 0.03827
[2022-11-23 22:10:44,168] [INFO] [controller] EPOCH 2 loss ppo:  -0.03192, loss val: 0.03672
[2022-11-23 22:10:44,258] [INFO] [controller] EPOCH 3 loss ppo:  -0.04510, loss val: 0.03720
[2022-11-23 22:10:44,329] [INFO] [controller] EPOCH 4 loss ppo:  -0.05907, loss val: 0.03761
[2022-11-23 22:10:44,347] [INFO] [runner_train_mujoco] Finished batch.
[2022-11-23 22:10:44,499] [INFO] [runner_train_mujoco] Starting simulation batch with mujoco.
[2022-11-23 22:10:44,499] [INFO] [runner_train_mujoco] Environment 0
[2022-11-23 22:10:58,813] [INFO] [runner_train_mujoco] Environment 1
[2022-11-23 22:11:13,195] [INFO] [runner_train_mujoco] Environment 2
[2022-11-23 22:11:26,984] [INFO] [runner_train_mujoco] Environment 3
[2022-11-23 22:11:41,374] [INFO] [runner_train_mujoco] Environment 4
[2022-11-23 22:11:56,049] [INFO] [runner_train_mujoco] Environment 5
[2022-11-23 22:12:09,519] [INFO] [runner_train_mujoco] Environment 6
[2022-11-23 22:12:22,461] [INFO] [runner_train_mujoco] Environment 7
[2022-11-23 22:12:37,089] [INFO] [runner_train_mujoco] Environment 8
[2022-11-23 22:12:51,995] [INFO] [runner_train_mujoco] Environment 9
[2022-11-23 22:13:06,457] [INFO] [runner_train_mujoco] Average cumulative reward after 150 steps: 4.796416351188471
[2022-11-23 22:13:06,457] [INFO] [runner_train_mujoco] Average state value: 0.4624642816496392
[2022-11-23 22:13:06,457] [INFO] [controller] ITERATION NUM: 40
[2022-11-23 22:13:06,555] [INFO] [controller] EPOCH 1 loss ppo:  -0.01506, loss val: 0.05981
[2022-11-23 22:13:06,633] [INFO] [controller] EPOCH 2 loss ppo:  -0.03209, loss val: 0.05762
[2022-11-23 22:13:06,708] [INFO] [controller] EPOCH 3 loss ppo:  -0.04834, loss val: 0.05757
[2022-11-23 22:13:06,786] [INFO] [controller] EPOCH 4 loss ppo:  -0.06054, loss val: 0.05759
[2022-11-23 22:13:06,801] [INFO] [runner_train_mujoco] Finished batch.
[2022-11-23 22:13:06,969] [INFO] [runner_train_mujoco] Starting simulation batch with mujoco.
[2022-11-23 22:13:06,969] [INFO] [runner_train_mujoco] Environment 0
[2022-11-23 22:13:24,949] [INFO] [runner_train_mujoco] Environment 1
[2022-11-23 22:13:37,662] [INFO] [runner_train_mujoco] Environment 2
[2022-11-23 22:13:49,566] [INFO] [runner_train_mujoco] Environment 3
[2022-11-23 22:14:02,719] [INFO] [runner_train_mujoco] Environment 4
[2022-11-23 22:14:15,382] [INFO] [runner_train_mujoco] Environment 5
[2022-11-23 22:14:27,270] [INFO] [runner_train_mujoco] Environment 6
[2022-11-23 22:14:39,586] [INFO] [runner_train_mujoco] Environment 7
[2022-11-23 22:14:50,655] [INFO] [runner_train_mujoco] Environment 8
[2022-11-23 22:15:02,485] [INFO] [runner_train_mujoco] Environment 9
[2022-11-23 22:15:14,035] [INFO] [runner_train_mujoco] Average cumulative reward after 150 steps: 4.7889379374157865
[2022-11-23 22:15:14,036] [INFO] [runner_train_mujoco] Average state value: 0.4817487488860885
[2022-11-23 22:15:14,036] [INFO] [controller] ITERATION NUM: 41
[2022-11-23 22:15:14,120] [INFO] [controller] EPOCH 1 loss ppo:  -0.01385, loss val: 0.04164
[2022-11-23 22:15:14,181] [INFO] [controller] EPOCH 2 loss ppo:  -0.02815, loss val: 0.03988
[2022-11-23 22:15:14,259] [INFO] [controller] EPOCH 3 loss ppo:  -0.03738, loss val: 0.03835
[2022-11-23 22:15:14,340] [INFO] [controller] EPOCH 4 loss ppo:  -0.05248, loss val: 0.03807
[2022-11-23 22:15:14,358] [INFO] [runner_train_mujoco] Finished batch.
[2022-11-23 22:15:14,494] [INFO] [runner_train_mujoco] Starting simulation batch with mujoco.
[2022-11-23 22:15:14,494] [INFO] [runner_train_mujoco] Environment 0
[2022-11-23 22:15:25,804] [INFO] [runner_train_mujoco] Environment 1
[2022-11-23 22:15:37,175] [INFO] [runner_train_mujoco] Environment 2
[2022-11-23 22:15:48,253] [INFO] [runner_train_mujoco] Environment 3
[2022-11-23 22:15:59,229] [INFO] [runner_train_mujoco] Environment 4
[2022-11-23 22:16:10,021] [INFO] [runner_train_mujoco] Environment 5
[2022-11-23 22:16:20,436] [INFO] [runner_train_mujoco] Environment 6
[2022-11-23 22:16:30,137] [INFO] [runner_train_mujoco] Environment 7
[2022-11-23 22:16:40,805] [INFO] [runner_train_mujoco] Environment 8
[2022-11-23 22:16:51,843] [INFO] [runner_train_mujoco] Environment 9
[2022-11-23 22:17:03,041] [INFO] [runner_train_mujoco] Average cumulative reward after 150 steps: 4.441549006962552
[2022-11-23 22:17:03,041] [INFO] [runner_train_mujoco] Average state value: 0.48765187398592624
[2022-11-23 22:17:03,041] [INFO] [controller] ITERATION NUM: 42
[2022-11-23 22:17:03,125] [INFO] [controller] EPOCH 1 loss ppo:  -0.01273, loss val: 0.04390
[2022-11-23 22:17:03,180] [INFO] [controller] EPOCH 2 loss ppo:  -0.02562, loss val: 0.04209
[2022-11-23 22:17:03,238] [INFO] [controller] EPOCH 3 loss ppo:  -0.03816, loss val: 0.04172
[2022-11-23 22:17:03,296] [INFO] [controller] EPOCH 4 loss ppo:  -0.05253, loss val: 0.04268
[2022-11-23 22:17:03,308] [INFO] [runner_train_mujoco] Finished batch.
[2022-11-23 22:17:03,432] [INFO] [runner_train_mujoco] Starting simulation batch with mujoco.
[2022-11-23 22:17:03,432] [INFO] [runner_train_mujoco] Environment 0
[2022-11-23 22:17:14,313] [INFO] [runner_train_mujoco] Environment 1
[2022-11-23 22:17:25,422] [INFO] [runner_train_mujoco] Environment 2
[2022-11-23 22:17:35,929] [INFO] [runner_train_mujoco] Environment 3
[2022-11-23 22:17:46,437] [INFO] [runner_train_mujoco] Environment 4
[2022-11-23 22:17:57,059] [INFO] [runner_train_mujoco] Environment 5
[2022-11-23 22:18:07,763] [INFO] [runner_train_mujoco] Environment 6
[2022-11-23 22:18:18,364] [INFO] [runner_train_mujoco] Environment 7
[2022-11-23 22:18:29,157] [INFO] [runner_train_mujoco] Environment 8
[2022-11-23 22:18:39,644] [INFO] [runner_train_mujoco] Environment 9
[2022-11-23 22:18:49,806] [INFO] [runner_train_mujoco] Average cumulative reward after 150 steps: 5.310604189725131
[2022-11-23 22:18:49,806] [INFO] [runner_train_mujoco] Average state value: 0.5091979811986288
[2022-11-23 22:18:49,806] [INFO] [controller] ITERATION NUM: 43
[2022-11-23 22:18:49,875] [INFO] [controller] EPOCH 1 loss ppo:  -0.01355, loss val: 0.03806
[2022-11-23 22:18:49,929] [INFO] [controller] EPOCH 2 loss ppo:  -0.02851, loss val: 0.04332
[2022-11-23 22:18:49,986] [INFO] [controller] EPOCH 3 loss ppo:  -0.04278, loss val: 0.03820
[2022-11-23 22:18:50,057] [INFO] [controller] EPOCH 4 loss ppo:  -0.05602, loss val: 0.03810
[2022-11-23 22:18:50,069] [INFO] [runner_train_mujoco] Finished batch.
[2022-11-23 22:18:50,184] [INFO] [runner_train_mujoco] Starting simulation batch with mujoco.
[2022-11-23 22:18:50,184] [INFO] [runner_train_mujoco] Environment 0
[2022-11-23 22:19:01,995] [INFO] [runner_train_mujoco] Environment 1
[2022-11-23 22:19:13,093] [INFO] [runner_train_mujoco] Environment 2
[2022-11-23 22:19:23,970] [INFO] [runner_train_mujoco] Environment 3
[2022-11-23 22:19:34,589] [INFO] [runner_train_mujoco] Environment 4
[2022-11-23 22:19:44,684] [INFO] [runner_train_mujoco] Environment 5
[2022-11-23 22:19:54,765] [INFO] [runner_train_mujoco] Environment 6
[2022-11-23 22:20:06,485] [INFO] [runner_train_mujoco] Environment 7
[2022-11-23 22:20:16,360] [INFO] [runner_train_mujoco] Environment 8
[2022-11-23 22:20:26,406] [INFO] [runner_train_mujoco] Environment 9
[2022-11-23 22:20:35,981] [INFO] [runner_train_mujoco] Average cumulative reward after 150 steps: 4.647489005057241
[2022-11-23 22:20:35,982] [INFO] [runner_train_mujoco] Average state value: 0.46534895163650314
[2022-11-23 22:20:35,982] [INFO] [controller] ITERATION NUM: 44
[2022-11-23 22:20:36,061] [INFO] [controller] EPOCH 1 loss ppo:  -0.01467, loss val: 0.05103
[2022-11-23 22:20:36,125] [INFO] [controller] EPOCH 2 loss ppo:  -0.02732, loss val: 0.04984
[2022-11-23 22:20:36,186] [INFO] [controller] EPOCH 3 loss ppo:  -0.03803, loss val: 0.04911
[2022-11-23 22:20:36,243] [INFO] [controller] EPOCH 4 loss ppo:  -0.05193, loss val: 0.04901
[2022-11-23 22:20:36,252] [INFO] [runner_train_mujoco] Finished batch.
[2022-11-23 22:20:36,363] [INFO] [runner_train_mujoco] Starting simulation batch with mujoco.
[2022-11-23 22:20:36,363] [INFO] [runner_train_mujoco] Environment 0
[2022-11-23 22:20:46,312] [INFO] [runner_train_mujoco] Environment 1
[2022-11-23 22:20:56,356] [INFO] [runner_train_mujoco] Environment 2
[2022-11-23 22:21:08,960] [INFO] [runner_train_mujoco] Environment 3
[2022-11-23 22:21:20,772] [INFO] [runner_train_mujoco] Environment 4
[2022-11-23 22:21:31,409] [INFO] [runner_train_mujoco] Environment 5
[2022-11-23 22:21:41,816] [INFO] [runner_train_mujoco] Environment 6
[2022-11-23 22:21:52,084] [INFO] [runner_train_mujoco] Environment 7
[2022-11-23 22:22:02,046] [INFO] [runner_train_mujoco] Environment 8
[2022-11-23 22:22:13,422] [INFO] [runner_train_mujoco] Environment 9
[2022-11-23 22:22:23,660] [INFO] [runner_train_mujoco] Average cumulative reward after 150 steps: 5.4796861924557305
[2022-11-23 22:22:23,661] [INFO] [runner_train_mujoco] Average state value: 0.47393764047200476
[2022-11-23 22:22:23,661] [INFO] [controller] ITERATION NUM: 45
[2022-11-23 22:22:23,741] [INFO] [controller] EPOCH 1 loss ppo:  -0.01290, loss val: 0.05708
[2022-11-23 22:22:23,796] [INFO] [controller] EPOCH 2 loss ppo:  -0.02405, loss val: 0.05625
[2022-11-23 22:22:23,850] [INFO] [controller] EPOCH 3 loss ppo:  -0.03390, loss val: 0.05667
[2022-11-23 22:22:23,903] [INFO] [controller] EPOCH 4 loss ppo:  -0.04782, loss val: 0.05454
[2022-11-23 22:22:23,916] [INFO] [runner_train_mujoco] Finished batch.
[2022-11-23 22:22:24,024] [INFO] [runner_train_mujoco] Starting simulation batch with mujoco.
[2022-11-23 22:22:24,025] [INFO] [runner_train_mujoco] Environment 0
[2022-11-23 22:22:34,071] [INFO] [runner_train_mujoco] Environment 1
[2022-11-23 22:22:43,953] [INFO] [runner_train_mujoco] Environment 2
[2022-11-23 22:22:53,443] [INFO] [runner_train_mujoco] Environment 3
[2022-11-23 22:23:03,187] [INFO] [runner_train_mujoco] Environment 4
[2022-11-23 22:23:13,023] [INFO] [runner_train_mujoco] Environment 5
[2022-11-23 22:23:22,925] [INFO] [runner_train_mujoco] Environment 6
[2022-11-23 22:23:32,597] [INFO] [runner_train_mujoco] Environment 7
[2022-11-23 22:23:42,379] [INFO] [runner_train_mujoco] Environment 8
[2022-11-23 22:23:53,701] [INFO] [runner_train_mujoco] Environment 9
[2022-11-23 22:24:03,515] [INFO] [runner_train_mujoco] Average cumulative reward after 150 steps: 4.92059698144775
[2022-11-23 22:24:03,515] [INFO] [runner_train_mujoco] Average state value: 0.4727157031868895
[2022-11-23 22:24:03,516] [INFO] [controller] ITERATION NUM: 46
[2022-11-23 22:24:03,589] [INFO] [controller] EPOCH 1 loss ppo:  -0.01278, loss val: 0.03827
[2022-11-23 22:24:03,640] [INFO] [controller] EPOCH 2 loss ppo:  -0.02260, loss val: 0.03694
[2022-11-23 22:24:03,741] [INFO] [controller] EPOCH 3 loss ppo:  -0.03142, loss val: 0.03700
[2022-11-23 22:24:03,806] [INFO] [controller] EPOCH 4 loss ppo:  -0.04492, loss val: 0.03689
[2022-11-23 22:24:03,817] [INFO] [runner_train_mujoco] Finished batch.
[2022-11-23 22:24:03,929] [INFO] [runner_train_mujoco] Starting simulation batch with mujoco.
[2022-11-23 22:24:03,930] [INFO] [runner_train_mujoco] Environment 0
[2022-11-23 22:24:14,584] [INFO] [runner_train_mujoco] Environment 1
[2022-11-23 22:24:23,806] [INFO] [runner_train_mujoco] Environment 2
[2022-11-23 22:24:33,283] [INFO] [runner_train_mujoco] Environment 3
[2022-11-23 22:24:43,563] [INFO] [runner_train_mujoco] Environment 4
[2022-11-23 22:24:53,320] [INFO] [runner_train_mujoco] Environment 5
[2022-11-23 22:25:02,997] [INFO] [runner_train_mujoco] Environment 6
[2022-11-23 22:25:12,573] [INFO] [runner_train_mujoco] Environment 7
[2022-11-23 22:25:22,294] [INFO] [runner_train_mujoco] Environment 8
[2022-11-23 22:25:31,758] [INFO] [runner_train_mujoco] Environment 9
[2022-11-23 22:25:41,048] [INFO] [runner_train_mujoco] Average cumulative reward after 150 steps: 5.261300864826064
[2022-11-23 22:25:41,048] [INFO] [runner_train_mujoco] Average state value: 0.44242348361884554
[2022-11-23 22:25:41,048] [INFO] [controller] ITERATION NUM: 47
[2022-11-23 22:25:41,112] [INFO] [controller] EPOCH 1 loss ppo:  -0.01429, loss val: 0.04173
[2022-11-23 22:25:41,158] [INFO] [controller] EPOCH 2 loss ppo:  -0.02548, loss val: 0.04303
[2022-11-23 22:25:41,221] [INFO] [controller] EPOCH 3 loss ppo:  -0.03721, loss val: 0.04208
[2022-11-23 22:25:41,275] [INFO] [controller] EPOCH 4 loss ppo:  -0.04890, loss val: 0.04190
[2022-11-23 22:25:41,287] [INFO] [runner_train_mujoco] Finished batch.
[2022-11-23 22:25:41,393] [INFO] [runner_train_mujoco] Starting simulation batch with mujoco.
[2022-11-23 22:25:41,394] [INFO] [runner_train_mujoco] Environment 0
[2022-11-23 22:25:53,278] [INFO] [runner_train_mujoco] Environment 1
[2022-11-23 22:26:03,668] [INFO] [runner_train_mujoco] Environment 2
[2022-11-23 22:26:13,880] [INFO] [runner_train_mujoco] Environment 3
[2022-11-23 22:26:23,849] [INFO] [runner_train_mujoco] Environment 4
[2022-11-23 22:26:33,950] [INFO] [runner_train_mujoco] Environment 5
[2022-11-23 22:26:43,841] [INFO] [runner_train_mujoco] Environment 6
[2022-11-23 22:26:54,004] [INFO] [runner_train_mujoco] Environment 7
[2022-11-23 22:27:03,776] [INFO] [runner_train_mujoco] Environment 8
[2022-11-23 22:27:13,697] [INFO] [runner_train_mujoco] Environment 9
[2022-11-23 22:27:23,572] [INFO] [runner_train_mujoco] Average cumulative reward after 150 steps: 5.590475431455873
[2022-11-23 22:27:23,572] [INFO] [runner_train_mujoco] Average state value: 0.41135819860175254
[2022-11-23 22:27:23,572] [INFO] [controller] ITERATION NUM: 48
[2022-11-23 22:27:23,637] [INFO] [controller] EPOCH 1 loss ppo:  -0.01353, loss val: 0.06672
[2022-11-23 22:27:23,695] [INFO] [controller] EPOCH 2 loss ppo:  -0.02441, loss val: 0.06523
[2022-11-23 22:27:23,811] [INFO] [controller] EPOCH 3 loss ppo:  -0.03743, loss val: 0.06491
[2022-11-23 22:27:23,868] [INFO] [controller] EPOCH 4 loss ppo:  -0.04729, loss val: 0.06438
[2022-11-23 22:27:23,878] [INFO] [runner_train_mujoco] Finished batch.
[2022-11-23 22:27:23,997] [INFO] [runner_train_mujoco] Starting simulation batch with mujoco.
[2022-11-23 22:27:23,998] [INFO] [runner_train_mujoco] Environment 0
[2022-11-23 22:27:33,894] [INFO] [runner_train_mujoco] Environment 1
[2022-11-23 22:27:44,143] [INFO] [runner_train_mujoco] Environment 2
[2022-11-23 22:27:53,657] [INFO] [runner_train_mujoco] Environment 3
[2022-11-23 22:28:03,257] [INFO] [runner_train_mujoco] Environment 4
[2022-11-23 22:28:12,638] [INFO] [runner_train_mujoco] Environment 5
[2022-11-23 22:28:25,721] [INFO] [runner_train_mujoco] Environment 6
[2022-11-23 22:28:35,251] [INFO] [runner_train_mujoco] Environment 7
[2022-11-23 22:28:45,337] [INFO] [runner_train_mujoco] Environment 8
[2022-11-23 22:28:56,301] [INFO] [runner_train_mujoco] Environment 9
[2022-11-23 22:29:06,547] [INFO] [runner_train_mujoco] Average cumulative reward after 150 steps: 5.580980983222216
[2022-11-23 22:29:06,548] [INFO] [runner_train_mujoco] Average state value: 0.46247039605180423
[2022-11-23 22:29:06,548] [INFO] [controller] ITERATION NUM: 49
[2022-11-23 22:29:06,617] [INFO] [controller] EPOCH 1 loss ppo:  -0.01332, loss val: 0.04213
[2022-11-23 22:29:06,671] [INFO] [controller] EPOCH 2 loss ppo:  -0.02408, loss val: 0.04568
[2022-11-23 22:29:06,726] [INFO] [controller] EPOCH 3 loss ppo:  -0.03370, loss val: 0.04251
[2022-11-23 22:29:06,777] [INFO] [controller] EPOCH 4 loss ppo:  -0.04264, loss val: 0.04200
[2022-11-23 22:29:06,787] [INFO] [runner_train_mujoco] Finished batch.
[2022-11-23 22:29:06,911] [INFO] [runner_train_mujoco] Starting simulation batch with mujoco.
[2022-11-23 22:29:06,912] [INFO] [runner_train_mujoco] Environment 0
[2022-11-23 22:29:17,085] [INFO] [runner_train_mujoco] Environment 1
[2022-11-23 22:29:26,685] [INFO] [runner_train_mujoco] Environment 2
[2022-11-23 22:29:36,885] [INFO] [runner_train_mujoco] Environment 3
[2022-11-23 22:29:49,467] [INFO] [runner_train_mujoco] Environment 4
[2022-11-23 22:29:59,508] [INFO] [runner_train_mujoco] Environment 5
[2022-11-23 22:30:09,880] [INFO] [runner_train_mujoco] Environment 6
[2022-11-23 22:30:20,764] [INFO] [runner_train_mujoco] Environment 7
[2022-11-23 22:30:30,674] [INFO] [runner_train_mujoco] Environment 8
[2022-11-23 22:30:40,872] [INFO] [runner_train_mujoco] Environment 9
[2022-11-23 22:30:51,280] [INFO] [runner_train_mujoco] Average cumulative reward after 150 steps: 5.259212323269241
[2022-11-23 22:30:51,281] [INFO] [runner_train_mujoco] Average state value: 0.42172475815316046
[2022-11-23 22:30:51,281] [INFO] [controller] ITERATION NUM: 50
[2022-11-23 22:30:51,373] [INFO] [controller] EPOCH 1 loss ppo:  -0.01378, loss val: 0.05951
[2022-11-23 22:30:51,433] [INFO] [controller] EPOCH 2 loss ppo:  -0.02289, loss val: 0.05860
[2022-11-23 22:30:51,495] [INFO] [controller] EPOCH 3 loss ppo:  -0.03089, loss val: 0.05874
[2022-11-23 22:30:51,574] [INFO] [controller] EPOCH 4 loss ppo:  -0.04054, loss val: 0.05716
[2022-11-23 22:30:51,584] [INFO] [runner_train_mujoco] Finished batch.
[2022-11-23 22:30:51,703] [INFO] [runner_train_mujoco] Starting simulation batch with mujoco.
[2022-11-23 22:30:51,704] [INFO] [runner_train_mujoco] Environment 0
[2022-11-23 22:31:02,067] [INFO] [runner_train_mujoco] Environment 1
[2022-11-23 22:31:12,536] [INFO] [runner_train_mujoco] Environment 2
[2022-11-23 22:31:22,384] [INFO] [runner_train_mujoco] Environment 3
[2022-11-23 22:31:32,504] [INFO] [runner_train_mujoco] Environment 4
[2022-11-23 22:31:42,597] [INFO] [runner_train_mujoco] Environment 5
[2022-11-23 22:31:51,664] [INFO] [runner_train_mujoco] Environment 6
[2022-11-23 22:32:01,814] [INFO] [runner_train_mujoco] Environment 7
[2022-11-23 22:32:12,179] [INFO] [runner_train_mujoco] Environment 8
[2022-11-23 22:32:22,022] [INFO] [runner_train_mujoco] Environment 9
[2022-11-23 22:32:32,127] [INFO] [runner_train_mujoco] Average cumulative reward after 150 steps: 5.249332075606699
[2022-11-23 22:32:32,127] [INFO] [runner_train_mujoco] Average state value: 0.4629551942000786
[2022-11-23 22:32:32,127] [INFO] [controller] ITERATION NUM: 51
[2022-11-23 22:32:32,186] [INFO] [controller] EPOCH 1 loss ppo:  -0.01286, loss val: 0.03885
[2022-11-23 22:32:32,234] [INFO] [controller] EPOCH 2 loss ppo:  -0.01980, loss val: 0.03885
[2022-11-23 22:32:32,286] [INFO] [controller] EPOCH 3 loss ppo:  -0.02939, loss val: 0.03845
[2022-11-23 22:32:32,334] [INFO] [controller] EPOCH 4 loss ppo:  -0.03812, loss val: 0.03815
[2022-11-23 22:32:32,345] [INFO] [runner_train_mujoco] Finished batch.
[2022-11-23 22:32:32,448] [INFO] [runner_train_mujoco] Starting simulation batch with mujoco.
[2022-11-23 22:32:32,448] [INFO] [runner_train_mujoco] Environment 0
[2022-11-23 22:32:41,911] [INFO] [runner_train_mujoco] Environment 1
[2022-11-23 22:32:51,711] [INFO] [runner_train_mujoco] Environment 2
[2022-11-23 22:33:01,689] [INFO] [runner_train_mujoco] Environment 3
[2022-11-23 22:33:11,687] [INFO] [runner_train_mujoco] Environment 4
[2022-11-23 22:33:21,765] [INFO] [runner_train_mujoco] Environment 5
[2022-11-23 22:33:31,530] [INFO] [runner_train_mujoco] Environment 6
[2022-11-23 22:33:41,071] [INFO] [runner_train_mujoco] Environment 7
[2022-11-23 22:33:50,393] [INFO] [runner_train_mujoco] Environment 8
[2022-11-23 22:33:59,971] [INFO] [runner_train_mujoco] Environment 9
[2022-11-23 22:34:09,883] [INFO] [runner_train_mujoco] Average cumulative reward after 150 steps: 6.038918664049118
[2022-11-23 22:34:09,883] [INFO] [runner_train_mujoco] Average state value: 0.45748685444767273
[2022-11-23 22:34:09,883] [INFO] [controller] ITERATION NUM: 52
[2022-11-23 22:34:09,961] [INFO] [controller] EPOCH 1 loss ppo:  -0.01375, loss val: 0.06273
[2022-11-23 22:34:10,053] [INFO] [controller] EPOCH 2 loss ppo:  -0.02328, loss val: 0.06217
[2022-11-23 22:34:10,106] [INFO] [controller] EPOCH 3 loss ppo:  -0.03188, loss val: 0.06134
[2022-11-23 22:34:10,168] [INFO] [controller] EPOCH 4 loss ppo:  -0.03831, loss val: 0.06235
[2022-11-23 22:34:10,178] [INFO] [runner_train_mujoco] Finished batch.
[2022-11-23 22:34:10,284] [INFO] [runner_train_mujoco] Starting simulation batch with mujoco.
[2022-11-23 22:34:10,285] [INFO] [runner_train_mujoco] Environment 0
[2022-11-23 22:34:20,600] [INFO] [runner_train_mujoco] Environment 1
[2022-11-23 22:34:30,809] [INFO] [runner_train_mujoco] Environment 2
[2022-11-23 22:34:41,805] [INFO] [runner_train_mujoco] Environment 3
[2022-11-23 22:34:51,387] [INFO] [runner_train_mujoco] Environment 4
[2022-11-23 22:35:01,542] [INFO] [runner_train_mujoco] Environment 5
[2022-11-23 22:35:11,964] [INFO] [runner_train_mujoco] Environment 6
[2022-11-23 22:35:21,783] [INFO] [runner_train_mujoco] Environment 7
[2022-11-23 22:35:31,718] [INFO] [runner_train_mujoco] Environment 8
[2022-11-23 22:35:42,013] [INFO] [runner_train_mujoco] Environment 9
[2022-11-23 22:35:51,730] [INFO] [runner_train_mujoco] Average cumulative reward after 150 steps: 5.6892025323718025
[2022-11-23 22:35:51,730] [INFO] [runner_train_mujoco] Average state value: 0.4980997113188107
[2022-11-23 22:35:51,730] [INFO] [controller] ITERATION NUM: 53
[2022-11-23 22:35:51,787] [INFO] [controller] EPOCH 1 loss ppo:  -0.01365, loss val: 0.03499
[2022-11-23 22:35:51,841] [INFO] [controller] EPOCH 2 loss ppo:  -0.02052, loss val: 0.03496
[2022-11-23 22:35:51,905] [INFO] [controller] EPOCH 3 loss ppo:  -0.03024, loss val: 0.03472
[2022-11-23 22:35:51,955] [INFO] [controller] EPOCH 4 loss ppo:  -0.03754, loss val: 0.03511
[2022-11-23 22:35:51,965] [INFO] [runner_train_mujoco] Finished batch.
[2022-11-23 22:35:52,068] [INFO] [runner_train_mujoco] Starting simulation batch with mujoco.
[2022-11-23 22:35:52,068] [INFO] [runner_train_mujoco] Environment 0
[2022-11-23 22:36:02,037] [INFO] [runner_train_mujoco] Environment 1
[2022-11-23 22:36:11,935] [INFO] [runner_train_mujoco] Environment 2
[2022-11-23 22:36:21,733] [INFO] [runner_train_mujoco] Environment 3
[2022-11-23 22:36:33,866] [INFO] [runner_train_mujoco] Environment 4
[2022-11-23 22:36:45,409] [INFO] [runner_train_mujoco] Environment 5
[2022-11-23 22:36:55,643] [INFO] [runner_train_mujoco] Environment 6
[2022-11-23 22:37:05,310] [INFO] [runner_train_mujoco] Environment 7
[2022-11-23 22:37:15,693] [INFO] [runner_train_mujoco] Environment 8
[2022-11-23 22:37:24,920] [INFO] [runner_train_mujoco] Environment 9
[2022-11-23 22:37:34,500] [INFO] [runner_train_mujoco] Average cumulative reward after 150 steps: 5.443014435593929
[2022-11-23 22:37:34,500] [INFO] [runner_train_mujoco] Average state value: 0.5005675422946612
[2022-11-23 22:37:34,500] [INFO] [controller] ITERATION NUM: 54
[2022-11-23 22:37:34,563] [INFO] [controller] EPOCH 1 loss ppo:  -0.01438, loss val: 0.03929
[2022-11-23 22:37:34,611] [INFO] [controller] EPOCH 2 loss ppo:  -0.02290, loss val: 0.03932
[2022-11-23 22:37:34,657] [INFO] [controller] EPOCH 3 loss ppo:  -0.03112, loss val: 0.03982
[2022-11-23 22:37:34,702] [INFO] [controller] EPOCH 4 loss ppo:  -0.03407, loss val: 0.04030
[2022-11-23 22:37:34,712] [INFO] [runner_train_mujoco] Finished batch.
[2022-11-23 22:37:34,813] [INFO] [runner_train_mujoco] Starting simulation batch with mujoco.
[2022-11-23 22:37:34,813] [INFO] [runner_train_mujoco] Environment 0
[2022-11-23 22:37:46,377] [INFO] [runner_train_mujoco] Environment 1
[2022-11-23 22:37:56,329] [INFO] [runner_train_mujoco] Environment 2
[2022-11-23 22:38:06,530] [INFO] [runner_train_mujoco] Environment 3
[2022-11-23 22:38:16,571] [INFO] [runner_train_mujoco] Environment 4
[2022-11-23 22:38:33,082] [INFO] [runner_train_mujoco] Environment 5
[2022-11-23 22:38:45,031] [INFO] [runner_train_mujoco] Environment 6
[2022-11-23 22:38:56,769] [INFO] [runner_train_mujoco] Environment 7
[2022-11-23 22:39:08,957] [INFO] [runner_train_mujoco] Environment 8
[2022-11-23 22:39:23,869] [INFO] [runner_train_mujoco] Environment 9
[2022-11-23 22:39:37,480] [INFO] [runner_train_mujoco] Average cumulative reward after 150 steps: 5.91868027836364
[2022-11-23 22:39:37,480] [INFO] [runner_train_mujoco] Average state value: 0.502825538635254
[2022-11-23 22:39:37,481] [INFO] [controller] ITERATION NUM: 55
[2022-11-23 22:39:37,596] [INFO] [controller] EPOCH 1 loss ppo:  -0.01336, loss val: 0.03487
[2022-11-23 22:39:37,679] [INFO] [controller] EPOCH 2 loss ppo:  -0.01835, loss val: 0.03492
[2022-11-23 22:39:37,762] [INFO] [controller] EPOCH 3 loss ppo:  -0.02682, loss val: 0.03528
[2022-11-23 22:39:37,903] [INFO] [controller] EPOCH 4 loss ppo:  -0.03489, loss val: 0.03508
[2022-11-23 22:39:37,917] [INFO] [runner_train_mujoco] Finished batch.
[2022-11-23 22:39:38,079] [INFO] [runner_train_mujoco] Starting simulation batch with mujoco.
[2022-11-23 22:39:38,080] [INFO] [runner_train_mujoco] Environment 0
[2022-11-23 22:39:52,892] [INFO] [runner_train_mujoco] Environment 1
[2022-11-23 22:40:09,539] [INFO] [runner_train_mujoco] Environment 2
[2022-11-23 22:40:23,441] [INFO] [runner_train_mujoco] Environment 3
[2022-11-23 22:40:37,038] [INFO] [runner_train_mujoco] Environment 4
[2022-11-23 22:40:52,796] [INFO] [runner_train_mujoco] Environment 5
[2022-11-23 22:41:07,589] [INFO] [runner_train_mujoco] Environment 6
[2022-11-23 22:41:21,492] [INFO] [runner_train_mujoco] Environment 7
[2022-11-23 22:41:34,842] [INFO] [runner_train_mujoco] Environment 8
[2022-11-23 22:41:48,501] [INFO] [runner_train_mujoco] Environment 9
[2022-11-23 22:42:01,835] [INFO] [runner_train_mujoco] Average cumulative reward after 150 steps: 5.485541444734109
[2022-11-23 22:42:01,836] [INFO] [runner_train_mujoco] Average state value: 0.49571609546740847
[2022-11-23 22:42:01,836] [INFO] [controller] ITERATION NUM: 56
[2022-11-23 22:42:01,945] [INFO] [controller] EPOCH 1 loss ppo:  -0.01314, loss val: 0.03969
[2022-11-23 22:42:02,010] [INFO] [controller] EPOCH 2 loss ppo:  -0.01648, loss val: 0.04027
[2022-11-23 22:42:02,079] [INFO] [controller] EPOCH 3 loss ppo:  -0.02303, loss val: 0.04018
[2022-11-23 22:42:02,151] [INFO] [controller] EPOCH 4 loss ppo:  -0.02844, loss val: 0.03914
[2022-11-23 22:42:02,165] [INFO] [runner_train_mujoco] Finished batch.
[2022-11-23 22:42:02,303] [INFO] [runner_train_mujoco] Starting simulation batch with mujoco.
[2022-11-23 22:42:02,303] [INFO] [runner_train_mujoco] Environment 0
[2022-11-23 22:42:15,817] [INFO] [runner_train_mujoco] Environment 1
[2022-11-23 22:42:29,864] [INFO] [runner_train_mujoco] Environment 2
[2022-11-23 22:42:43,514] [INFO] [runner_train_mujoco] Environment 3
[2022-11-23 22:42:56,909] [INFO] [runner_train_mujoco] Environment 4
[2022-11-23 22:43:10,454] [INFO] [runner_train_mujoco] Environment 5
[2022-11-23 22:43:23,727] [INFO] [runner_train_mujoco] Environment 6
[2022-11-23 22:43:36,776] [INFO] [runner_train_mujoco] Environment 7
[2022-11-23 22:43:50,080] [INFO] [runner_train_mujoco] Environment 8
[2022-11-23 22:44:03,760] [INFO] [runner_train_mujoco] Environment 9
[2022-11-23 22:44:16,681] [INFO] [runner_train_mujoco] Average cumulative reward after 150 steps: 5.494811925944854
[2022-11-23 22:44:16,682] [INFO] [runner_train_mujoco] Average state value: 0.4735730066597462
[2022-11-23 22:44:16,682] [INFO] [controller] ITERATION NUM: 57
[2022-11-23 22:44:16,821] [INFO] [controller] EPOCH 1 loss ppo:  -0.01326, loss val: 0.04832
[2022-11-23 22:44:16,980] [INFO] [controller] EPOCH 2 loss ppo:  -0.01563, loss val: 0.04849
[2022-11-23 22:44:17,147] [INFO] [controller] EPOCH 3 loss ppo:  -0.01971, loss val: 0.04848
[2022-11-23 22:44:17,267] [INFO] [controller] EPOCH 4 loss ppo:  -0.02563, loss val: 0.05108
[2022-11-23 22:44:17,282] [INFO] [runner_train_mujoco] Finished batch.
[2022-11-23 22:44:17,426] [INFO] [runner_train_mujoco] Starting simulation batch with mujoco.
[2022-11-23 22:44:17,427] [INFO] [runner_train_mujoco] Environment 0
[2022-11-23 22:44:30,735] [INFO] [runner_train_mujoco] Environment 1
[2022-11-23 22:44:44,286] [INFO] [runner_train_mujoco] Environment 2
[2022-11-23 22:44:56,918] [INFO] [runner_train_mujoco] Environment 3
[2022-11-23 22:45:10,128] [INFO] [runner_train_mujoco] Environment 4
[2022-11-23 22:45:24,286] [INFO] [runner_train_mujoco] Environment 5
[2022-11-23 22:45:37,649] [INFO] [runner_train_mujoco] Environment 6
[2022-11-23 22:45:51,266] [INFO] [runner_train_mujoco] Environment 7
[2022-11-23 22:46:04,961] [INFO] [runner_train_mujoco] Environment 8
[2022-11-23 22:46:18,337] [INFO] [runner_train_mujoco] Environment 9
[2022-11-23 22:46:33,896] [INFO] [runner_train_mujoco] Average cumulative reward after 150 steps: 5.809500112455657
[2022-11-23 22:46:33,898] [INFO] [runner_train_mujoco] Average state value: 0.5020330212116242
[2022-11-23 22:46:33,898] [INFO] [controller] ITERATION NUM: 58
[2022-11-23 22:46:34,046] [INFO] [controller] EPOCH 1 loss ppo:  -0.01331, loss val: 0.03760
[2022-11-23 22:46:34,174] [INFO] [controller] EPOCH 2 loss ppo:  -0.01411, loss val: 0.03783
[2022-11-23 22:46:34,265] [INFO] [controller] EPOCH 3 loss ppo:  -0.01597, loss val: 0.03741
[2022-11-23 22:46:34,345] [INFO] [controller] EPOCH 4 loss ppo:  -0.01840, loss val: 0.03724
[2022-11-23 22:46:34,361] [INFO] [runner_train_mujoco] Finished batch.
[2022-11-23 22:46:34,369] [INFO] [optimize] Finished learning.
